1 10 20
100 200 125
201 210 89
900 1000 174
488297 330896 449
585427 108370 470
320487 935240 525
325370 181701 443
504510 982110 525
856689 149308 525
929644 330332 525
144936 337423 443
710270 914333 525
71329 84279 351
130955 651416 470
909172 233400 525
483834 495103 426
108046 831892 470
397223 759780 470
63782 85597 351
495832 564739 470
168375 902686 525
122455 937929 525
300439 988267 525
272826 814172 470
994924 534463 525
335162 817368 470
980913 567014 525
761322 326799 470
309032 172300 443
29171 93612 351
1656 3720 238
50620 19248 324
235227 860828 525
687143 923840 525
107613 256935 443
51876 88580 351
37140 99316 351
120483 930429 525
710779 810020 468
400591 64607 443
879 614 179
417992 707082 470
212190 984659 525
429376 672160 470
873759 838754 432
961210 888442 476
334945 294838 384
496137 876535 525
809867 542308 468
332605 772087 470
955712 646528 525
981090 714028 525
224414 284898 443
58003 20961 340
276111 431456 449
768188 344763 470
758187 319015 470
523692 940249 525
227318 415384 449
604544 135124 470
16163 20070 279
582098 902814 525
830503 141752 470
926761 487655 525
425664 418143 418
218866 290331 443
319614 296166 384
877278 271632 525
21615 24674 282
82505 27548 351
217840 968805 525
312745 634931 470
131665 772579 470
694842 610971 447
511706 609136 470
842110 418498 525
557036 929490 525
132305 171008 383
938085 117276 525
848993 778822 525
41316 77283 351
363205 148336 443
514778 109034 470
221066 121619 386
818941 668224 468
907219 231309 525
27606 59433 340
282695 649731 470
849349 915555 476
843382 627973 525
338301 767660 470
6465 8913 257
681982 583394 447
8501 1702 262
572477 164103 470
5282 3761 215
121360 284525 443
928062 776976 525
829371 130767 470
752930 696874 424
209254 249105 443
269352 901404 525
763717 306295 470
894611 610112 525
774214 650237 468
510681 851590 525
855931 309061 525
204245 241400 443
148506 619955 470
276671 529234 470
145619 390925 443
847109 283455 525
989876 670184 525
211053 242972 443
636057 973834 525
156636 269012 443
990121 495560 525
701047 776626 468
1845 3123 217
183177 624033 470
514654 324374 470
974503 913209 476
127449 518587 470
306047 943754 525
157343 662578 470
991390 479421 525
54090 99217 351
606797 927369 525
246303 693651 470
964950 652959 525
171383 755928 470
312940 463947 449
871522 206154 525
405711 203845 443
22950 47133 324
234849 554727 470
115531 746167 470
807151 462578 470
857227 992553 476
176628 601830 470
147915 197366 383
542550 809922 468
258552 126304 443
631911 796772 468
215255 124921 383
804546 938047 525
682788 385235 470
662159 783136 468
569450 945897 525
435830 475843 444
62180 36091 340
128797 820199 470
493345 751064 470
700848 248492 470
498587 450938 444
24630 71035 340
560872 116042 470
963580 516413 525
54008 28113 340
394694 729757 470
907809 345338 525
562345 167938 470
8066 5543 262
124564 182218 383
721014 315291 470
950014 134040 525
529978 887931 525
520813 209637 470
117277 640239 470
619618 619465 204
123823 712915 470
902300 918598 476
410407 84100 449
643535 421902 470
207529 380057 443
968574 229489 525
248916 999592 525
448244 924129 525
431818 918793 525
876046 327128 525
952306 508022 525
434842 291155 449
960737 577409 525
300683 379831 441
229468 639569 470
913705 466730 525
213008 64481 383
456073 790560 470
891233 578337 525
990892 122542 525
986205 573679 525
357571 167997 443
258274 273952 407
820047 417686 470
996658 934063 458
437513 168052 449
605144 243605 470
605255 869530 525
7034 1497 262
256074 57650 443
741973 418125 470
148808 916769 525
879023 175484 525
99890 80464 333
868102 115378 525
98413 73428 351
888323 352720 525
890816 466436 525
888413 144328 525
7619 72647 340
580045 228060 470
217995 319160 443
975688 942408 458
723213 37685 470
585268 674602 447
274266 1192 443
65517 220785 386
758868 79949 470
278663 692997 470
43291 946710 525
148885 69911 375
70645 682615 470
105322 482689 449
486688 124455 449
878935 569585 525
92991 435843 449
108432 789098 470
412081 479715 444
112322 711444 470
708887 555031 447
472482 133554 449
514092 119268 470
375702 72106 443
746494 436928 470
543597 239080 470
44663 263994 443
218180 547056 470
326535 144932 443
17957 135400 354
704010 335250 470
965349 748623 525
541503 431074 470
884231 766905 525
497399 376838 449
299305 88668 443
802993 470174 470
216239 61947 383
454972 704665 470
661989 580561 447
970420 689964 525
476823 105476 449
529410 904678 525
485436 881863 525
501787 319821 449
827505 903276 525
547825 342878 470
684282 719646 442
885100 389414 525
207349 731512 470
42296 666272 470
48705 92423 351
13918 646785 470
773506 305969 470
133186 582024 470
990497 268097 525
298207 42958 443
541871 689418 452
527146 710298 452
694110 102663 470
534478 43799 470
268416 224721 443
729421 258873 470
555580 711783 447
51864 998622 525
348110 198599 443
394125 643992 470
71479 478956 449
407018 838264 525
309281 211565 443
227978 191815 386
416014 186250 449
478787 712789 470
689196 487870 470
520774 19428 470
700250 749619 424
392233 108345 443
884448 753383 525
556226 240003 470
10842 529029 470
476672 417767 444
656648 754519 442
229380 419752 449
890551 812055 525
137704 660399 470
433141 846747 525
454033 930936 525
533573 933749 525
788804 175118 470
172879 57984 383
530525 210337 470
925844 750649 525
262842 133235 443
875756 500333 525
469861 526002 470
551767 214917 470
392247 175135 443
494866 389668 449
11712 417698 449
942221 877407 476
370113 186496 443
77618 765785 470
617948 757029 442
745847 753937 424
931900 79049 525
933204 535169 525
456265 438991 387
853200 888181 432
111703 484572 449
425638 202826 449
456106 842311 525
672929 215936 470
623630 230910 470
139580 508012 449
789506 955336 525
543528 275122 470
679820 843413 525
669323 993088 525
296735 596938 470
206570 209052 373
375700 73934 443
638430 850946 525
594219 273959 470
5794 414773 449
536268 786667 468
265290 489254 449
948493 431669 525
534847 904827 525
268829 111063 443
565365 178763 470
975977 402097 525
674528 412331 470
33004 743786 470
36600 512618 470
301610 504102 449
137136 348546 443
575362 972076 525
959904 244179 525
385885 201863 443
178615 562820 470
985637 702980 525
564464 793311 468
190585 811765 470
430769 736899 470
919051 905932 476
233410 337453 407
869869 681631 525
882434 501047 525
625211 194261 470
554227 672037 447
557086 967876 525
640477 831580 468
183286 2159 383
803498 186598 470
693229 924925 525
14601 753610 470
358813 556383 470
657729 744765 442
548878 89583 470
297407 57561 443
433273 862967 525
927533 200564 525
962673 176504 525
297602 585640 470
370686 574650 470
130652 822480 470
304211 674089 470
922111 380302 525
24809 837550 470
145905 216789 386
507092 701355 470
547351 270039 470
545009 616797 452
401590 452561 449
139788 255711 443
780967 673603 468
625954 849231 525
192290 16649 383
602140 813798 468
174395 337577 443
113470 554584 470
445412 162729 449
420756 799527 470
830072 291984 470
822980 228493 470
830432 101241 470
773897 494283 470
22468 939263 525
26417 374195 443
737940 18228 470
836234 730348 468
209637 333486 443
52089 299368 443
55699 265014 443
339017 75291 443
96383 127079 354
666984 542970 452
851384 997473 476
478002 117139 449
125493 910382 525
906593 458469 525
626382 533360 452
512031 717775 452
287304 283526 376
904301 268254 525
718694 207605 470
397768 278758 441
302727 341096 384
465358 951619 525
559067 981383 525
341189 289270 384
513280 833805 468
188241 796337 470
65755 539146 470
238278 309319 407
985142 240286 525
37894 171643 383
72974 795617 470
366351 322932 441
305823 336646 384
730739 607091 447
405830 97927 443
809142 602591 468
910750 494591 525
975142 806750 525
158103 522607 470
463475 789136 470
855392 222681 525
216266 478285 449
241607 543526 470
207020 726781 470
813734 55275 470
3687 331510 443
750165 647528 442
853420 540976 525
192978 298881 443
123077 313766 443
774849 920595 525
970926 188380 525
959459 500285 525
896317 185876 525
659224 411071 470
481805 77644 449
626008 542255 452
463500 471860 413
86499 119164 354
547567 109042 470
85824 762451 470
962611 669791 525
452252 922356 525
874694 25678 525
891719 62639 525
148249 369169 443
346886 381259 423
389444 363732 436
67541 279135 443
957875 663407 525
929578 958478 445
93621 483364 449
977529 911274 476
608623 327431 470
244138 855297 525
660631 117745 470
794164 370633 470
691582 327438 470
122780 896058 525
211614 646982 470
490954 445662 444
584163 734225 447
321703 829351 470
219651 522761 470
443739 860772 525
901034 868275 432
525944 27728 470
851483 781467 525
687734 884699 525
691961 193602 470
651410 456648 470
749519 471194 470
662341 4044 470
123812 138151 344
96400 908046 525
394545 247243 441
690900 667716 398
995120 586762 525
613676 282256 470
503799 339086 449
245512 97494 443
970817 630506 525
546804 663486 447
565475 166796 470
337135 557716 470
161846 542041 470
868444 682348 525
73078 508093 449
967007 903867 476
978400 880057 476
879512 819307 525
344377 433283 449
168421 892697 525
784511 409207 470
281924 590025 470
703390 831233 468
241914 797868 470
519348 537293 408
156593 931278 525
527871 575762 452
658784 873178 525
663087 295999 470
715517 930991 525
972511 981833 427
603922 95388 470
694767 546407 452
774445 433555 470
213003 408068 443
712636 132743 470
705725 69466 470
613502 818983 468
895339 990656 476
816169 685154 468
771799 31784 470
318529 444674 449
340449 313251 384
764060 923726 525
548583 637631 447
829461 137054 470
396605 25475 443
720803 282369 470
13482 491356 449
20208 160791 383
143322 226808 386
898243 691922 525
791730 152509 470
379681 370836 423
803464 327782 470
500054 627598 470
435 282727 443
120926 861278 525
812871 956394 525
204534 385782 443
872099 311688 525
123683 554212 470
302763 647259 470
298857 758138 470
617126 824604 468
514409 81053 470
948830 252312 525
462792 297261 449
607894 180409 470
822463 107005 470
594568 332862 470
291581 133986 443
195830 408045 443
649050 116271 470
630132 111534 470
833631 651597 468
625732 438928 470
140700 843451 525
158161 998144 525
923816 954950 476
720816 291977 470
697914 994097 525
909025 666004 525
35653 434337 449
364047 727938 470
77728 890372 525
282419 540909 470
989315 93844 525
651840 605166 447
710227 893778 525
93332 851866 525
866364 513414 525
138605 314057 443
849994 309726 525
807763 299697 470
491607 124143 449
299908 962844 525
126483 8471 354
496805 174109 449
929717 394984 525
390979 245876 441
636460 703041 442
368977 58588 443
726729 224827 470
376035 455768 449
255575 241839 363
356842 70842 443
441348 843052 525
559057 371660 470
94098 585590 470
792709 448951 470
798042 777085 468
58402 818530 470
182360 209665 373
856904 391306 525
16014 833045 470
435408 166657 449
411307 121042 449
139267 461343 449
618057 175999 470
551205 415392 470
209710 677998 470
662783 76695 470
407538 623175 470
329498 960179 525
946223 614841 525
320250 499022 449
661448 129890 470
498978 537270 470
493398 620185 470
686619 525343 452
164450 421031 449
26975 348909 443
110971 143749 375
760066 207399 470
431820 347041 449
503530 601375 470
125251 931604 525
386358 827444 470
762995 456557 470
404062 622675 470
305621 603329 470
963816 60571 525
938988 420529 525
616709 568766 447
75377 753240 470
511682 314781 449
10331 644614 470
794543 510274 470
750651 82611 470
613765 754179 447
935758 766076 525
343776 874489 525
311697 105117 443
561188 420589 470
62277 696560 470
675691 898946 525
949250 905466 476
406321 73284 443
472788 193380 449
623723 432299 470
436751 383678 449
520389 59465 470
751037 593350 447
357311 595372 470
356855 155664 443
657156 344313 470
919476 499890 525
777418 713429 468
236086 918780 525
85055 319951 443
365222 797807 470
658382 975953 525
159542 817093 470
637284 967062 525
261886 580633 470
553353 188855 470
71534 238937 443
45417 397915 443
401728 198216 443
706132 207302 470
678743 607323 447
547157 32894 470
556250 934759 525
824760 265869 470
879152 957388 476
689748 157829 470
565352 888410 525
230048 75123 386
554118 701305 447
574237 92809 470
268131 683774 470
21900 772632 470
473987 231581 449
298572 38430 443
922358 194933 525
381140 269899 441
645084 839741 525
184805 935303 525
827286 5305 470
980294 420503 525
691093 254092 470
867365 612396 525
354894 223113 443
533815 294450 470
695824 827326 468
551257 146492 470
211776 692299 470
682033 681583 323
819829 479740 470
896519 743539 525
494776 147291 449
24725 110838 354
218409 798879 470
383056 861716 525
841969 871272 419
753543 895662 525
675106 222872 470
196427 394200 443
154463 250106 443
742279 449906 470
463181 134249 449
542931 818116 468
412574 113559 449
84996 837721 470
933777 491342 525
519198 535774 408
56540 500548 449
136382 276303 443
951223 457939 525
473246 265592 449
780353 524870 468
24058 469752 449
244964 730302 470
588907 391424 470
92202 239221 443
819963 804268 450
598779 270849 470
217257 85354 386
547582 81516 470
7931 122575 354
247523 675235 470
732816 985068 525
578015 850101 525
533869 425817 470
117260 269889 443
265753 120551 443
769448 951843 525
174711 220661 386
48818 756322 470
563042 518673 452
14030 73502 340
561875 780616 468
510885 462819 426
341727 427638 449
49708 784168 470
336501 365129 441
300457 59853 443
772875 794680 437
400505 839745 525
340018 252879 407
436218 225101 449
22927 367222 443
750755 614791 447
607034 158050 470
322531 361197 441
521380 385017 470
189408 832839 470
622258 647953 416
75645 494022 449
542754 323944 470
232773 196355 443
588112 666308 447
370137 979072 525
300047 248578 407
194857 670226 470
920889 740116 525
69198 306737 443
715228 758931 424
667941 609650 447
551165 750063 447
783673 965217 525
404736 356973 436
730079 445843 470
889343 41909 525
8108 220275 386
334246 257363 407
159327 982209 525
752829 156561 470
430529 161607 449
672298 76457 470
596206 310503 470
196428 717254 470
77645 987984 525
263876 851709 525
809928 797288 406
90290 494987 449
881698 191996 525
860688 902086 432
860023 445239 525
451758 539078 470
438432 481845 444
871485 769103 525
2100 57844 340
437471 240049 449
670040 277802 470
188972 748976 470
542763 442127 470
921523 529553 525
699557 644935 442
114317 107484 323
825656 925850 525
607078 152107 470
564600 86752 470
205738 583218 470
40272 105610 351
690727 84202 470
990277 984470 427
352198 718094 470
249962 150345 443
82015 244041 443
388909 639048 470
473326 219019 449
467353 619897 470
201834 663391 470
776250 998983 525
373961 729012 470
81476 402152 443
569953 48533 470
137636 301271 443
888681 469209 525
694303 425114 470
373780 95497 443
200468 69571 383
394665 446596 449
177875 36566 383
983594 960901 458
518331 481819 470
736295 728300 424
11241 588788 470
789385 402063 470
80827 547023 470
180148 110429 383
459246 213589 449
582697 893151 525
113452 337625 443
197715 345195 443
869495 484797 525
886005 863935 432
32409 393736 443
944604 90637 525
734400 513214 452
441223 886970 525
374159 162636 443
616687 358188 470
115886 149239 375
134601 717936 470
433701 223712 449
35051 366303 443
974378 91551 525
976695 577600 525
552885 550067 377
239988 738675 470
906804 828963 525
540899 374568 470
70566 37961 340
582989 293941 470
81963 886718 525
950025 602340 525
48387 165657 383
3325 860264 525
305993 851729 525
818929 765292 468
373359 790059 470
368075 138882 443
490840 173599 449
208767 960452 525
396418 69137 443
18397 379304 443
123931 693766 470
518692 476858 470
13221 315474 443
600394 551489 434
638431 514413 452
366660 181539 443
512019 475061 470
880791 111581 525
797443 735050 468
554930 321257 470
195633 234699 443
162344 899781 525
297047 495244 449
118488 5779 354
833228 721985 468
320827 537335 470
702885 194997 470
118605 717865 470
174882 656066 470
707186 263482 470
531158 976796 525
276248 568330 470
838465 485643 525
994269 923366 476
541184 749968 452
309566 965915 525
284572 126827 443
131383 287823 443
549017 565560 421
223789 73471 386
293243 23194 443
904782 210724 525
484979 612574 470
608301 173721 470
866061 614035 525
942146 329060 525
979449 938702 458
524021 678252 452
585151 786342 468
969754 867041 476
591472 972729 525
669874 182938 470
165695 204346 365
87620 704037 470
202401 533165 470
377931 110594 443
454838 707458 470
815755 924731 525
108365 891809 525
713884 626860 442
905388 770869 525
477920 990119 525
604803 85453 470
484043 390655 449
876734 97676 525
327350 812165 470
907237 58744 525
624190 5664 470
341758 349256 441
135742 553837 470
921188 669227 525
445071 774164 470
744865 399298 470
674513 239659 470
612189 819679 468
368265 770479 470
505895 782853 470
905566 844132 432
363268 925405 525
809565 63954 470
204605 15466 383
528410 938042 525
847782 369194 525
842277 196780 525
457320 107601 449
675615 808685 468
734795 590751 447
957391 936154 445
591782 134874 470
319118 294953 384
319445 623450 470
342989 520798 470
852622 184674 525
503423 936440 525
611980 175459 470
825359 582032 468
294331 627898 470
393563 898783 525
129805 820858 470
271802 124740 443
446417 649683 470
907964 346526 525
709687 699425 411
917720 49283 525
214997 622065 470
676865 303563 470
250058 383277 441
832023 915516 525
501071 548894 470
274475 997132 525
698427 360176 470
244895 762965 470
704469 621485 442
340801 404881 441
969380 558163 525
278041 932882 525
946304 419093 525
391635 171846 443
984463 986693 427
536030 151391 470
158394 351824 443
886016 219574 525
517448 275304 470
111945 81003 354
23898 530949 470
737756 983724 525
562764 834033 468
395081 17900 443
728706 546269 452
756623 816275 468
447618 950766 525
463304 596440 470
388324 126711 443
340630 267872 389
141793 849418 525
81723 213862 383
965015 135008 525
907888 855235 432
399530 904165 525
289653 782185 470
379531 679216 470
716478 978930 525
536523 281349 470
978586 659801 525
946021 483124 525
