778238 752175 468
529522 765052 452
63154 754990 470
312147 396390 441
662329 281215 470
330445 612438 470
39812 498037 449
367162 952798 525
638650 654343 416
849380 688323 525
166298 904303 525
690854 757990 442
379647 978169 525
604175 130241 470
168992 225076 386
1446 774423 470
361085 947556 525
856345 977759 476
494414 234010 449
802280 856978 525
877936 375712 525
24787 608378 470
491773 765141 470
563670 655790 447
69228 185316 383
47305 900350 525
549513 740914 447
995135 849430 476
874978 978888 476
70823 594612 470
693538 947271 525
41020 909747 525
558310 468848 470
340804 359306 441
300784 334404 384
548156 633840 447
520580 515031 439
509130 319454 449
697320 764107 424
352620 795286 470
745532 723828 424
106757 762527 470
994039 114374 525
445304 548106 470
483263 652559 470
582476 786968 468
18321 257967 443
278044 886886 525
528986 905831 525
396541 866492 525
776933 515555 468
206403 931183 525
626134 354268 470
954583 815481 525
68174 960865 525
950672 710615 525
838182 375082 525
352675 576476 470
874505 283418 525
772926 973112 525
819643 31320 470
856567 836648 525
542001 865071 525
763618 782932 468
118547 201223 383
664274 293654 470
389566 515393 470
62429 239320 443
583116 174602 470
548147 961821 525
919000 373826 525
23340 310629 443
766634 335547 470
28414 169904 383
442896 704620 470
8653 956442 525
280215 832190 470
54081 352067 443
221865 330941 443
180013 988749 525
470611 790940 470
213721 931938 525
619429 829793 468
456256 425587 400
679137 127867 470
204555 731823 470
375854 228758 443
123863 403638 443
147887 387476 443
829368 147291 470
134121 274697 443
397074 713632 470
821196 725050 468
411335 75071 449
582916 598660 434
131691 982111 525
237414 618019 470
374164 696132 470
724129 911829 525
393447 820395 470
669783 773503 468
835952 46545 470
709139 938945 525
393853 983554 525
969993 493375 525
460892 781850 470
12833 204381 383
448422 795040 470
348712 808977 470
299793 359170 441
807200 420575 470
45787 161018 383
378443 693379 470
557902 691326 447
569426 582200 390
664267 394585 470
560681 720957 447
996776 324084 525
254627 450830 449
398208 979238 525
448548 570228 470
455936 440393 387
5019 763021 470
804428 228543 470
291060 710508 470
266991 775361 470
11020 389330 443
97130 800486 470
499916 302065 449
559096 470178 470
530897 772362 468
415174 472643 444
489876 544409 470
920577 385616 525
936846 987337 458
326153 659105 470
272181 413892 449
347095 923482 525
847721 916907 476
796378 820901 450
674771 956394 525
301669 389688 441
432441 987935 525
709164 732592 411
28562 366168 443
381424 637548 470
859952 300308 525
284312 398862 441
7492 914566 525
462513 994948 525
798280 396263 470
950683 708927 525
663437 712335 442
581714 210675 470
572372 925933 525
342708 604492 470
914702 968341 476
937854 615785 525
885602 245732 525
593781 3686 470
99694 865776 525
85844 718549 470
125886 303062 443
918872 20655 525
710546 988429 525
990738 995870 365
793693 703801 468
841078 632453 525
485601 585126 470
4434 555571 470
523692 583030 452
307882 544816 470
900854 943235 476
938324 707330 525
166003 805748 470
966246 378330 525
967216 83089 525
509732 745962 470
603919 151515 470
879441 181242 525
966247 355163 525
686458 939793 525
30478 894646 525
628444 377020 470
216185 455272 449
107485 572319 470
441952 796306 470
693999 874006 525
83389 963765 525
292169 559544 470
944139 976571 458
448215 912204 525
698281 410139 470
23276 159314 383
646513 470043 470
147933 287710 443
30092 965069 525
794 9707 262
562857 974090 525
807941 543278 468
111090 329204 443
403534 668689 470
573545 460807 470
624987 902215 525
476361 920708 525
42146 561127 470
725439 585583 447
924822 718864 525
687258 112350 470
609296 615670 447
197692 602237 470
21136 403261 443
471952 503803 426
997980 990937 365
580267 834810 468
350500 519782 470
132049 140463 344
339542 354007 441
372415 998088 525
533682 880373 525
939711 453973 525
38606 664792 470
299599 876921 525
465118 735314 470
883927 305665 525
583327 347727 470
136465 591965 470
165137 218527 386
171121 388992 443
391474 611974 470
512927 553113 452
70726 374103 443
243100 924572 525
687272 917408 525
884114 282555 525
309674 856386 525
222109 650899 470
340467 955037 525
820197 296424 470
856801 938452 476
105461 348126 443
837569 264107 470
844501 787116 525
530957 820061 468
633 877879 525
657950 475469 470
497324 457694 444
406374 771514 470
613405 669594 447
11020 404466 443
155843 446988 449
339095 529259 470
654963 666787 429
941349 145710 525
826480 512582 468
38382 178078 383
660089 534285 452
257841 553823 470
11494 473112 449
627926 965962 525
458707 876605 525
975939 929400 458
642386 807164 468
433985 830271 470
54129 746392 470
371225 339716 441
271327 370365 441
200809 273218 443
172632 446134 449
8871 472447 449
279157 581771 470
562235 330170 470
308951 963611 525
625110 224038 470
451736 857519 525
815600 10972 470
191605 788443 470
67190 496019 449
293474 543535 470
580647 611075 434
820078 931661 525
14691 683560 470
762023 271993 470
719108 851271 525
421222 512744 470
586826 591135 359
749779 573121 447
259625 727552 470
594885 44980 470
45369 358449 443
238346 674979 470
172642 956380 525
363466 538197 470
449005 927652 525
880289 683074 525
10050 547446 470
242634 501112 449
58461 799701 470
860371 180680 525
604956 31842 470
216479 279098 443
167007 364863 443
578744 636532 447
459274 494392 444
113596 762816 470
360536 489878 449
249330 513341 470
231832 994787 525
986876 800037 525
338313 45769 443
440540 479460 444
106757 159940 383
158742 207027 373
627604 446147 470
537575 922520 525
673503 801337 468
168692 812052 470
612329 839378 525
477868 727497 470
357752 193329 443
209081 923780 525
540799 272229 470
786664 69142 470
369720 963632 525
808590 208019 470
597034 895955 525
214871 400665 443
166038 984913 525
605452 541546 452
670043 540705 452
47231 547132 470
406572 862504 525
150235 598277 470
23941 670119 470
231900 520275 470
177101 651197 470
310256 497301 449
676296 112138 470
806592 144253 470
928942 61130 525
814381 888286 525
388992 728589 470
868683 312273 525
101411 722603 470
806837 427270 470
213798 305841 443
995768 536007 525
931589 939441 445
252622 539787 470
883454 479428 525
41496 148306 375
946573 344078 525
551387 909136 525
374601 983048 525
91502 432559 449
771168 674974 468
405033 100470 443
481611 499103 426
470121 239244 449
647860 82065 470
50487 304589 443
206381 592248 470
453712 427812 400
158163 813225 470
900154 265727 525
504479 602369 470
607208 724389 447
978486 527643 525
518580 631543 452
780334 696693 468
861922 773772 525
197669 873740 525
228982 913540 525
98706 499355 449
769543 998466 525
562689 631168 447
451896 815090 470
602325 580009 434
46012 140751 354
37954 877394 525
272736 254843 407
118246 201122 383
841954 945189 476
618845 825079 468
43013 735159 470
594444 679424 447
911592 31740 525
597702 22603 470
813581 966223 525
404037 267981 441
87628 729032 470
759579 255194 470
712436 873321 525
397425 449777 449
640981 666151 429
897798 44962 525
569998 817944 468
336642 545511 470
152948 360680 443
479487 849143 525
639037 966625 525
267228 668588 470
565152 193343 470
80630 479983 449
259234 795294 470
243251 289491 407
296281 793675 470
955007 183961 525
137231 427230 449
389006 745993 470
832477 383785 470
979821 336813 525
246860 533768 470
620936 701135 442
424495 737191 470
511316 799509 470
834761 710885 468
108110 606757 470
757045 726 470
535864 482275 470
917243 927316 476
613847 343291 470
4235 931467 525
77932 937743 525
626147 68310 470
155507 651395 470
162688 582139 470
520274 766422 452
836831 175673 470
218242 756396 470
674177 901107 525
76713 579792 470
973475 949955 458
334427 587364 470
7056 294529 443
684506 319973 470
714694 949471 525
196310 852226 525
759978 526250 452
597755 988953 525
767040 453211 470
806244 880700 525
793079 132971 470
486492 894148 525
150183 943981 525
951400 530448 525
260165 601160 470
514702 265573 470
835248 870399 525
401346 505718 449
675221 541756 452
973699 827806 525
928088 624646 525
675270 401224 470
642171 888910 525
66423 238259 443
824443 999978 525
654228 898062 525
370494 865600 525
205939 340025 443
547780 370282 470
773918 377094 470
392092 594624 470
48515 328402 443
52776 479581 449
757603 991569 525
251660 746684 470
775096 565675 468
92527 702372 470
6078 241344 443
650872 909679 525
219094 266016 443
393224 965855 525
206267 225701 386
37539 606960 470
445861 648189 470
8863 533681 470
476171 351306 449
845691 880217 432
525955 544363 408
472206 262455 449
748449 761383 424
465917 655273 470
607110 898751 525
130121 961467 525
608592 736575 447
513683 567551 452
99159 162829 383
680125 897304 525
943722 346821 525
124809 164443 383
160047 807096 470
333150 729380 470
941036 967213 414
464697 861692 525
990170 385794 525
99554 274077 443
508720 891259 525
181449 206560 360
743665 760928 424
26178 462626 449
374158 492349 449
802908 504140 470
211109 766689 470
334699 588356 470
129338 464785 449
849167 724546 525
225603 637459 470
255999 649488 470
176585 540832 470
17151 793169 470
346674 715320 470
129781 573621 470
859113 527825 525
678007 214676 470
57325 903755 525
101365 640263 470
716099 973931 525
810041 221599 470
81173 485040 449
108303 875349 525
598678 573669 434
253588 818957 470
832162 117962 470
274545 872755 525
694335 406557 470
682521 760760 442
829215 201568 470
767093 401004 470
299011 558698 470
377282 166012 443
880736 933786 476
114116 293568 443
514949 52294 470
327665 287744 389
37168 162264 383
432713 707310 470
162615 969053 525
870054 927731 476
990156 692435 525
67325 726762 470
543600 521858 408
689168 823491 468
882905 330503 525
686356 775654 468
627208 709822 442
425038 994343 525
704970 327532 470
401496 253893 441
2758 276097 443
637421 437806 470
975429 866973 476
658065 905390 525
570396 829676 468
645942 930585 525
683603 380402 470
22806 591610 470
90842 668700 470
860369 616500 525
200891 846013 525
27722 954650 525
11249 922830 525
792392 912356 525
402913 768276 470
777266 215995 470
804927 929119 525
94679 359269 443
460097 230621 449
214023 470929 449
392325 132211 443
144011 402812 443
457378 98676 449
861127 960763 476
134114 413768 449
632959 810519 468
755804 855572 525
638128 191810 470
280656 993770 525
475261 635649 470
798088 747439 468
831334 55886 470
138369 385473 443
610301 675983 447
443396 785478 470
218881 797160 470
288782 149405 443
989149 615458 525
705637 273954 470
112914 974797 525
313688 443654 449
56220 403992 443
939090 290661 525
109326 151884 375
371569 935285 525
723612 754053 424
659482 874952 525
644419 668006 429
525931 543183 408
572991 704042 447
935836 54617 525
498499 17406 449
440619 904817 525
186345 999173 525
752192 451024 470
292962 874306 525
442898 977714 525
318185 902278 525
360637 829564 470
137722 653988 470
994097 177604 525
855940 370338 525
97242 302746 443
38620 185379 383
793254 171264 470
327232 406503 441
154922 820569 470
759052 653181 442
431170 980701 525
437215 768214 470
301711 670911 470
838680 288097 525
764538 850153 525
838859 991414 476
416251 854100 525
184874 843199 525
661245 176822 470
545187 65123 470
970461 258039 525
557605 316894 470
85277 679003 470
14712 184336 383
920842 999791 476
668879 980177 525
896811 811992 525
382761 589361 470
253112 702247 470
410126 724262 470
168353 918446 525
272819 805355 470
253741 525146 470
968638 447001 525
634066 998929 525
119351 381033 443
597642 765281 447
764812 642751 442
158541 971925 525
553728 264565 470
634495 836488 468
871709 223333 525
464443 977453 525
617187 365464 470
198178 405768 443
139893 683327 470
780741 995487 525
462603 4300 449
381145 734862 470
331182 611579 470
521880 548591 452
286074 611034 470
183363 843202 525
28480 767205 470
165819 293105 443
899962 631249 525
256702 311122 407
378033 755859 470
655878 841489 525
131245 297235 443
868037 193314 525
571729 937824 525
802465 890186 525
60532 362782 443
425294 934437 525
931367 727252 525
840151 582469 525
924961 287908 525
265239 382082 441
590397 865395 525
413157 603565 470
622891 605917 447
420202 872968 525
531566 910812 525
141982 840212 525
590920 628021 447
408484 531386 470
963179 329099 525
160745 623544 470
797730 708097 468
754518 856237 525
60547 572016 470
575475 112870 470
501096 555199 470
175979 610821 470
425003 687822 470
422520 920744 525
460760 248959 449
718394 680035 442
719394 973267 525
909304 789617 525
571834 368141 470
176555 703160 470
681656 729262 442
330693 683513 470
809354 274355 470
43928 680122 470
145931 616031 470
16275 240607 443
951943 821778 525
375615 996265 525
423657 759506 470
315810 471547 449
405706 78975 443
471029 569708 470
606064 380238 470
555644 324999 470
275346 981751 525
513934 919930 525
702741 139765 470
731156 635840 442
667767 697279 442
588482 636168 447
900881 518898 525
313813 803070 470
257891 897697 525
121198 578421 470
719858 154321 470
258256 933350 525
680407 938658 525
576303 631847 447
500967 813621 470
561028 897074 525
712557 808886 468
583920 22796 470
822030 868174 525
462671 544190 470
907549 859505 432
872332 169040 525
958128 388534 525
207614 494141 449
253183 546530 470
720507 976884 525
794417 46081 470
528430 828799 468
266337 739413 470
82210 867864 525
487651 826552 470
373432 693098 470
228446 252917 443
127596 288069 443
549465 339739 470
663325 749573 442
487726 493486 426
646280 835925 468
480224 685818 470
138230 560895 470
994797 716080 525
177473 880920 525
236003 578534 470
324913 460761 449
595072 427566 470
31714 988028 525
928892 800461 525
355777 692314 470
144668 171364 383
380908 585096 470
974348 356867 525
299389 145948 443
390499 566241 470
882755 548787 525
889140 694518 525
15832 866267 525
462156 685191 470
652814 605330 447
826214 989309 525
943771 321046 525
916019 893247 476
324508 578052 470
851483 233574 525
702587 208700 470
475912 934908 525
468389 770593 470
600760 690220 447
732316 192472 470
939693 392501 525
342585 600508 470
269645 305331 389
506337 729000 470
704825 495265 470
241042 541583 470
625795 995505 525
929221 424030 525
107043 329812 443
904015 614303 525
310867 396160 441
33469 182010 383
200402 277938 443
384518 804182 470
957331 355699 525
346959 208603 443
350207 653054 470
611633 60419 470
331190 561334 470
724276 208104 470
263248 569921 470
575011 688452 447
189584 648281 470
247010 768643 470
571956 762435 447
47450 315790 443
891653 667698 525
731020 612560 447
177897 775371 470
586451 116883 470
462602 532309 470
737121 630425 442
292573 599384 470
970765 509205 525
220452 661208 470
643165 796166 468
519281 61616 470
41384 169205 383
676893 971729 525
157722 695253 470
768736 869171 525
35341 743732 470
55901 401442 443
867448 948088 476
884319 298878 525
772883 268610 470
325490 684261 470
625623 903644 525
919348 669564 525
789385 391576 470
18011 191736 383
138538 348919 443
722738 719990 411
211057 572642 470
273244 923416 525
651132 600182 447
323330 924954 525
972169 592118 525
395066 474351 449
51013 89792 351
492645 611326 470
617969 905303 525
460333 953746 525
820975 997428 525
485300 206697 449
515144 568072 452
396966 424486 449
604665 643266 447
202156 924411 525
122252 934622 525
39908 147022 375
923216 791672 525
145735 905771 525
913678 832931 525
787391 486632 470
356583 736696 470
781565 706993 468
815924 850188 525
235705 823721 470
35792 963086 525
737667 117963 470
322742 880032 525
176015 652186 470
731560 389063 470
72584 754977 470
698830 788358 468
567028 918085 525
893891 354863 525
261422 500220 449
842768 203671 525
448289 510480 444
325987 653219 470
234686 487933 449
377485 509602 449
728392 768419 468
323340 815766 470
618010 938805 525
388955 647600 470
850612 228226 525
834368 989765 525
486157 795041 470
338183 108199 443
208278 703407 470
411169 526085 470
584187 886047 525
164437 645289 470
874052 886936 432
111613 960429 525
405998 714693 470
926742 328487 525
147917 797647 470
998666 913895 476
678065 26980 470
614901 163281 470
40717 608565 470
40045 886076 525
476761 106847 449
207017 792483 470
899235 640728 525
254020 360951 441
364601 601785 470
237343 432146 449
89156 601122 470
334205 756006 470
829309 593362 468
955231 318709 525
83857 96831 333
390747 759910 470
56350 937463 525
86975 615912 470
503028 131539 449
17631 657558 470
998894 791060 525
477249 786382 470
885353 282575 525
167380 840203 525
67393 171385 383
318401 316694 322
446862 525085 470
308660 739199 470
562292 531173 452
655063 905156 525
967436 593182 525
173010 266144 443
701791 955642 525
641869 821827 468
690073 529827 452
252931 175848 443
894982 297870 525
913034 792839 525
923970 947840 476
223348 704400 470
960590 864287 476
165635 721979 470
11469 774494 470
745997 909623 525
844944 582594 525
55000 560069 470
490705 227061 449
42137 192498 383
80438 225873 386
760871 927949 525
227227 467898 449
19776 589090 470
806337 353080 470
543199 911181 525
501919 855403 525
383294 819835 470
164304 278226 443
584186 596098 403
45896 522151 470
160009 708865 470
215320 838958 525
183078 256384 443
726982 755900 424
317712 977154 525
15883 565983 470
8069 285846 443
719736 927194 525
614426 58463 470
249985 464249 449
538608 805731 468
43353 145882 375
140093 281911 443
186983 330564 443
251112 482516 449
898541 785108 525
955834 368861 525
766968 853268 525
843508 641576 525
475567 910561 525
99799 623219 470
474799 745795 470
222934 725093 470
653904 573854 447
229314 373010 443
933557 936982 414
191490 621863 470
469456 605747 470
553471 649741 447
227039 179755 386
256760 673779 470
321865 30617 443
647217 412761 470
124696 744415 470
810222 238083 470
753322 519793 452
493091 874834 525
910062 208171 525
565814 862117 525
154359 531018 470
735799 751669 424
132204 348896 443
382604 972932 525
853836 185044 525
536611 164398 470
686791 393790 470
513808 870013 525
