413450 395016 449
628050 340919 509
375209 606748 470
891170 653384 525
724100 71693 509
836114 346516 509
4710 839046 525
30642 102743 351
875820 393101 525
272467 63379 443
725956 379571 509
671973 124458 509
447290 561804 470
924305 381699 525
160139 51498 383
102959 427667 449
910496 849704 476
491646 71498 449
326285 466794 449
807886 491395 509
648601 647794 341
65548 457299 449
397941 869349 525
709320 484287 509
801829 170415 509
499659 604434 470
352464 526622 470
322961 919825 525
676033 736819 504
537116 401493 470
547230 797260 509
774324 729972 468
483853 461122 444
554102 323250 470
288746 472144 449
284489 98438 443
88723 605480 470
656959 945911 525
155735 613146 470
98589 938589 525
129126 523789 470
376241 799538 509
994730 816840 525
403134 769269 509
822832 138735 509
44741 898131 525
214230 538356 470
34232 185405 383
726477 898753 525
840782 880890 432
449563 930417 525
93516 737680 509
706308 590111 509
379066 329385 441
554093 736438 509
848371 564005 525
425643 979508 525
296680 245776 407
711256 583414 509
725228 1790 509
110950 609618 470
881969 768597 525
34941 49330 324
652076 281875 509
351133 235821 441
149830 994286 525
190638 20564 383
924234 49366 525
886338 452333 525
187234 301384 443
633733 199562 509
209271 117594 383
647563 452278 509
179953 984782 525
429791 444663 400
90086 832083 509
974903 150316 525
207295 425266 449
42405 922966 525
33000 873369 525
306093 492627 449
276843 355741 441
851953 207565 525
220197 990226 525
360607 195808 443
964668 784733 525
303527 620804 470
497011 172057 449
922805 182938 525
812282 392298 509
979362 468746 525
611666 660074 509
864000 265832 525
366617 601783 470
311195 327648 384
455342 633285 509
401979 721708 509
599920 392915 470
140581 982290 525
186957 115410 383
567289 638960 509
215516 246064 443
546474 213591 470
205930 454911 449
94676 691095 509
578648 98119 470
135665 662323 509
558479 62249 470
170058 962778 525
169381 562894 470
860180 253095 525
319707 221959 443
861064 11977 525
620904 408493 470
226583 976559 525
600090 918556 525
955408 699184 525
31893 134099 354
941473 93434 525
669260 888347 525
648115 489486 509
362354 69752 443
933630 467324 525
777939 391890 509
27682 685206 509
519618 753255 509
925137 689824 525
97590 755169 509
253534 868118 525
352346 945889 525
21790 821954 509
435963 153013 449
479169 855405 525
293964 703713 509
343877 64385 443
339208 84893 443
941542 745980 525
577097 280820 470
793971 157117 509
872374 399039 525
286849 10467 443
302174 772703 509
78534 175537 383
441896 554600 470
717682 763560 424
547781 454855 470
533549 130847 470
697998 37680 509
785064 726408 468
512677 559161 452
31452 43894 324
839008 830369 525
173298 706734 509
165151 181217 365
490382 952845 525
31047 657006 509
54556 873622 525
703981 905303 525
348735 194552 443
831568 379596 509
467047 628955 509
74109 469988 449
358241 975123 525
836146 500513 509
183747 215613 373
718665 370421 509
793538 948979 525
992035 846205 507
862476 325947 525
658597 536488 509
434648 588335 470
9687 434883 449
748776 650736 504
430699 213193 449
816092 220127 509
284266 369950 441
709134 872212 525
7053 394163 443
695740 887983 525
175957 399242 443
810934 423443 509
95732 892046 525
242218 507917 449
427621 238708 449
32704 661658 509
923063 423818 525
261476 494713 449
841604 669245 525
254411 557864 470
424854 278002 449
95739 74081 351
648190 627349 416
159586 834898 509
629150 226853 509
304173 853410 525
718712 536885 509
692701 867643 525
579299 814794 509
520837 929086 525
653912 981355 525
807538 561186 509
314120 532636 470
461272 856315 525
236690 527801 470
425831 422040 418
821345 120524 509
905337 270670 525
834120 399130 509
946670 889026 507
371578 755750 509
904123 222725 525
954066 707069 525
567310 900019 525
334045 659034 509
418555 730116 509
854755 622134 525
992284 129962 525
376940 60528 443
761908 842431 525
636911 330923 509
709189 747736 424
904186 413599 525
338074 213665 443
718229 681431 504
968446 906142 507
956086 903687 507
77547 333839 443
30191 804887 509
869261 790215 525
265650 223866 443
205320 782942 509
857363 146364 525
886868 354081 525
982052 793687 525
6200 389401 443
829543 619176 509
665088 128344 509
807061 766715 468
805294 457385 509
553321 622023 447
7482 465475 449
90863 781153 509
214117 990211 525
444271 291810 449
664754 990567 525
998148 809231 525
705420 754531 424
291154 982129 525
483617 639087 509
877991 549610 525
520699 112960 470
963666 280716 525
380294 486979 449
225803 45442 386
859023 190935 525
167273 840676 525
840214 510764 525
291035 253565 407
471038 137512 449
372037 141164 443
655663 364245 509
516405 676492 509
149758 475372 449
787184 174304 509
899828 164899 525
467552 531611 470
894972 60681 525
434976 116382 449
673370 474890 509
763816 607267 509
589496 587740 328
155752 293575 443
689327 85780 509
339538 937431 525
839085 732736 525
204103 718224 509
889321 893930 370
706021 631473 504
535322 813706 509
858637 982371 507
552302 721113 509
718282 692624 504
576639 818062 509
606962 464482 470
655041 10934 509
42179 46877 314
739460 782954 468
74479 344423 443
363288 967307 525
733412 841195 525
834390 244628 509
974254 490207 525
384700 630500 509
366941 528345 470
259669 571788 470
329784 596860 470
959741 336309 525
705246 801408 468
736701 448739 509
650015 342578 509
413044 303604 449
83077 209306 383
245856 357123 441
292228 218770 443
287643 358680 441
180179 358270 443
891462 55031 525
361980 231523 441
146216 880996 525
925986 107020 525
792739 448711 509
583126 94032 470
26768 836295 509
88592 231603 443
138983 624633 470
160826 807548 509
310328 66056 443
932 8787 262
596821 175602 470
182586 751375 509
682305 412056 509
341374 638424 509
570981 593763 434
318212 164414 443
224235 147041 386
550388 107181 470
710165 432949 509
325664 836931 509
577619 886208 525
73165 970810 525
344429 516540 470
122783 628235 509
12032 306617 443
253624 397930 441
671417 57916 509
143698 910413 525
164928 741070 509
322493 504625 449
5182 997828 525
114715 727798 509
48310 924488 525
143557 577491 470
875939 72779 525
350845 11052 443
855937 248313 525
866807 721028 525
151094 946587 525
309633 883073 525
476038 461065 444
852993 719595 525
539109 356433 470
519442 805623 509
862901 564630 525
496375 602187 470
739502 837686 468
708286 962647 525
938427 385109 525
635186 505004 509
423684 778624 509
294307 616053 470
975174 33766 525
531678 749374 509
771082 527941 509
377825 697261 509
843207 964415 507
201061 142036 383
690453 346218 509
906471 626526 525
603138 909069 525
391325 389202 361
698826 979820 525
309396 591826 470
81013 451061 449
801661 594108 509
694065 285675 509
270403 859488 525
710262 194753 509
121086 760849 509
253672 325280 407
987354 72743 525
595420 573718 434
293216 147952 443
149137 226501 386
805613 931314 525
554824 659800 509
560774 57256 470
448350 864150 525
983037 400723 525
284460 267424 407
464573 527594 470
808864 474388 509
834434 798781 450
625281 355771 470
707968 328412 509
420684 99836 449
687616 93330 509
695662 799059 504
870888 786902 525
579171 297008 470
518760 105513 470
287868 244530 407
945534 55590 525
53529 510157 449
429231 677494 509
541789 12920 470
933508 760247 525
627247 440722 509
549004 896236 525
6022 612218 470
936497 664761 525
178127 885079 525
329532 73199 443
543829 265313 470
805836 241125 509
75754 24208 340
494626 743237 509
578928 204409 470
720258 914312 525
317807 527759 470
736468 412375 509
83040 878458 525
265465 45935 443
342394 131868 443
313958 922183 525
97273 569112 470
348427 377546 423
993610 563307 525
960967 222772 525
173876 231630 443
865658 791407 525
529588 633130 509
280120 992944 525
530942 754013 509
777494 851482 525
241871 226710 443
330538 146924 443
264915 786812 509
513988 205152 470
274076 902557 525
234453 681514 509
253978 38881 443
235755 292346 407
644396 762872 504
562690 907830 525
466748 860355 525
162693 671413 509
12573 857596 525
863227 778102 525
422627 611839 470
948206 699645 525
959381 897230 507
41512 593024 470
971689 11426 525
727082 706780 411
447386 568822 470
353093 888634 525
382386 782372 509
931884 9743 525
759999 732767 424
301139 504844 449
70344 179016 383
891077 170492 525
227891 265004 443
879656 470028 525
151841 656479 509
674269 231029 509
628190 861204 525
127317 451043 449
365792 733379 509
373482 799049 509
265225 226006 443
776083 872823 525
742496 507764 509
776098 922011 525
291470 303385 371
287338 351832 441
833195 800221 450
343448 758957 509
159005 821051 509
972595 215921 525
9316 504024 449
564652 239176 470
74746 295745 443
188659 825186 509
837260 297083 509
206236 34552 383
568266 272576 470
164480 419602 449
733922 711080 411
451937 803130 509
985169 637100 525
659600 12885 509
953566 876702 507
704471 926264 525
363721 268754 441
410916 152152 449
647611 3635 509
276706 968122 525
87129 830922 509
533074 746559 509
42065 787801 509
81182 803545 509
9838 735638 509
956070 754004 525
49597 831128 509
952754 106744 525
713989 657472 504
294115 803303 509
638918 845296 525
939221 167062 525
214724 904373 525
995948 427834 525
875057 391858 525
664004 829057 504
536670 527146 377
488292 737964 509
12522 602411 470
602076 536746 452
50245 865465 525
654037 426762 509
465807 282511 449
435859 811993 509
181421 968817 525
721287 896930 525
963107 416886 525
618533 541174 452
502546 632619 509
291206 92249 443
228579 634568 509
730600 271684 509
487134 721582 509
549076 892515 525
906329 556119 525
267258 993551 525
543484 670826 509
502547 159926 449
797852 662429 504
177425 492896 449
456496 311589 449
533596 280554 470
227308 647300 509
792595 507934 509
498522 228180 449
203466 613645 470
964556 245633 525
873154 690652 525
648390 19780 509
81275 791273 509
375698 847162 525
338525 369834 441
285275 515318 470
855764 345330 525
436460 496335 444
759664 876938 525
710139 527409 509
639803 257968 509
893197 946628 507
596387 547664 434
773227 772615 393
955895 269902 525
414583 250614 449
794637 634282 504
376086 727717 509
606715 927112 525
242393 498558 449
903028 418133 525
677903 414863 509
588809 810599 509
777553 728253 468
54343 502309 449
850889 420916 525
479045 76705 449
433387 140055 449
980062 790254 525
826478 915157 525
141029 593117 470
696859 535971 509
908572 766720 525
931718 986708 507
929683 871247 476
579815 432996 470
543528 19914 470
187477 322920 443
687450 679951 398
642360 227727 509
521192 668576 509
253476 864120 525
530268 25570 470
625237 917870 525
561772 915708 525
843789 869049 419
88413 546438 470
793163 857112 525
376278 321213 441
666069 988482 525
100510 874838 525
205769 50820 383
627283 493447 509
681718 40891 509
460884 706046 509
702292 568561 509
833789 925058 525
628454 483567 509
241255 963469 525
600193 526454 452
57251 457946 449
293620 941034 525
422142 618280 470
9962 722752 509
982560 629340 525
783499 204705 509
637868 675339 442
445142 532459 470
253024 593434 470
507320 755082 509
794745 955667 525
971094 32754 525
224124 417771 449
991698 856317 507
882101 276072 525
26410 575263 470
100104 611231 470
938268 176261 525
687309 971517 525
605944 593894 403
48797 931186 525
497669 568368 470
135027 423792 449
896753 952965 507
936748 795366 525
138160 551002 470
225288 977580 525
894910 359880 525
234521 102248 443
103298 873440 525
430791 684900 509
175058 581388 470
189112 383101 443
924502 946327 507
489131 700662 509
960616 956746 352
906518 694628 525
573590 549007 421
637801 671056 442
316569 122537 443
844268 998621 507
26344 272825 443
179495 37729 383
401176 465847 449
829470 254003 509
247062 230271 443
965162 899125 507
443158 407723 449
788323 686293 504
961201 244747 525
794673 609571 509
945057 923307 507
610274 78039 470
271349 975837 525
161865 277079 443
982633 600919 525
228160 574101 470
834860 681788 504
24410 256613 443
20379 421417 449
401394 696248 509
377592 186070 443
77709 898630 525
692125 583059 509
973369 969648 458
175276 546718 470
671382 498747 509
91283 888995 525
480385 62470 449
474685 180966 449
785251 788968 406
642546 493858 509
954282 564818 525
387867 9855 443
576159 835445 509
627241 486545 509
320057 374559 441
711540 937200 525
728614 588049 509
28428 853209 525
154026 574583 470
850648 531026 525
975173 644214 525
851995 362802 525
674370 838441 525
751678 201421 509
474078 23814 449
242988 397512 441
622482 938944 525
842055 421037 525
479406 612081 470
374631 381467 423
933446 681912 525
607144 408799 470
528410 84473 470
678166 452703 509
693437 779009 504
739421 450396 509
531898 358169 470
517791 590286 452
512498 495857 470
654739 882835 525
223359 37068 386
69238 921814 525
723583 961933 525
929925 940707 507
623040 277812 470
547995 150879 470
880629 152939 525
201373 334541 443
375440 912594 525
444162 891331 525
681978 767227 504
845381 780206 525
102845 540156 470
987729 998183 440
897504 665663 525
916434 175459 525
567316 428475 470
842800 464907 525
512817 857503 525
90727 860950 525
998065 759669 525
72719 939770 525
663683 776574 504
80510 117079 354
93788 851370 525
779088 115934 509
745575 592467 509
638641 563758 509
409238 995647 525
904335 647609 525
761618 577895 509
21955 47449 324
611728 249367 470
431705 132703 449
631923 256142 509
133870 958377 525
336677 554757 470
572108 369663 470
772916 219173 509
503994 322599 449
852339 90506 525
972010 906143 507
512192 675180 509
461534 343764 449
688536 160307 509
354460 857048 525
656201 430767 509
189942 568539 470
91498 130451 354
12945 779670 509
628600 560041 509
170661 766942 509
185648 520251 470
337384 372151 441
424602 362661 449
401156 697179 509
474915 861350 525
698441 452294 509
934145 685349 525
155271 568145 470
638428 505123 509
144016 507932 449
217629 283492 443
45910 161508 383
772431 398760 509
948486 918526 507
829575 619041 509
514168 957242 525
682985 530959 509
535643 142600 470
560953 393144 470
584245 203448 470
506500 280286 449
412355 61306 449
373893 171274 443
878216 469294 525
334220 810231 509
38886 937419 525
199341 6763 383
456912 922817 525
206142 541222 470
469189 791642 509
774968 930062 525
251809 442746 449
726906 43299 509
711645 916696 525
54017 431730 449
580051 125971 470
56817 552141 470
382269 509873 449
170320 123003 383
711739 180218 509
519611 101351 470
622392 670383 509
643281 517864 509
899028 550768 525
83583 536833 470
750175 529736 509
448754 675659 509
322775 260132 407
313076 176741 443
350718 731377 509
414152 548979 470
100888 913340 525
156353 262051 443
250367 213612 443
750994 835096 468
475752 131150 449
805559 351693 509
158448 753077 509
239254 520487 470
526867 952889 525
858172 769738 525
624843 48679 470
207983 288968 443
620826 659323 509
712789 544317 509
771591 962251 525
805332 440892 509
150055 140204 375
471302 92994 449
935810 37604 525
389659 3240 443
328249 568758 470
76515 945357 525
846304 647368 525
298518 142468 443
264271 692814 509
306439 587306 470
539406 682181 509
821978 875696 525
990792 384827 525
786720 986211 525
539991 4512 470
735915 403843 509
370494 660777 509
733405 423694 509
105229 197540 383
735492 61216 509
391780 986792 525
909340 642073 525
279860 516670 470
571950 365337 470
559020 713342 509
831378 638811 504
367648 959571 525
117149 58852 354
647619 515879 509
61557 459275 449
677563 460222 509
646669 124429 509
517851 524802 439
614504 620798 447
154163 546757 470
413450 395016 449
628050 340919 509
375209 606748 470
891170 653384 525
724100 71693 509
836114 346516 509
4710 839046 525
30642 102743 351
875820 393101 525
272467 63379 443
725956 379571 509
671973 124458 509
447290 561804 470
924305 381699 525
160139 51498 383
102959 427667 449
910496 849704 476
491646 71498 449
326285 466794 449
807886 491395 509
648601 647794 341
65548 457299 449
397941 869349 525
709320 484287 509
801829 170415 509
499659 604434 470
352464 526622 470
322961 919825 525
676033 736819 504
537116 401493 470
547230 797260 509
774324 729972 468
483853 461122 444
554102 323250 470
288746 472144 449
284489 98438 443
88723 605480 470
656959 945911 525
155735 613146 470
98589 938589 525
129126 523789 470
376241 799538 509
994730 816840 525
403134 769269 509
822832 138735 509
44741 898131 525
214230 538356 470
34232 185405 383
726477 898753 525
840782 880890 432
449563 930417 525
93516 737680 509
706308 590111 509
379066 329385 441
554093 736438 509
848371 564005 525
425643 979508 525
296680 245776 407
711256 583414 509
725228 1790 509
110950 609618 470
881969 768597 525
34941 49330 324
652076 281875 509
351133 235821 441
149830 994286 525
190638 20564 383
924234 49366 525
886338 452333 525
187234 301384 443
633733 199562 509
209271 117594 383
647563 452278 509
179953 984782 525
429791 444663 400
90086 832083 509
974903 150316 525
207295 425266 449
42405 922966 525
33000 873369 525
306093 492627 449
276843 355741 441
851953 207565 525
220197 990226 525
360607 195808 443
964668 784733 525
303527 620804 470
497011 172057 449
922805 182938 525
812282 392298 509
979362 468746 525
611666 660074 509
864000 265832 525
366617 601783 470
311195 327648 384
455342 633285 509
401979 721708 509
599920 392915 470
140581 982290 525
186957 115410 383
567289 638960 509
215516 246064 443
546474 213591 470
205930 454911 449
94676 691095 509
578648 98119 470
135665 662323 509
558479 62249 470
170058 962778 525
169381 562894 470
860180 253095 525
319707 221959 443
861064 11977 525
620904 408493 470
226583 976559 525
600090 918556 525
955408 699184 525
31893 134099 354
941473 93434 525
669260 888347 525
648115 489486 509
362354 69752 443
933630 467324 525
777939 391890 509
27682 685206 509
519618 753255 509
925137 689824 525
97590 755169 509
253534 868118 525
352346 945889 525
21790 821954 509
435963 153013 449
479169 855405 525
293964 703713 509
343877 64385 443
339208 84893 443
941542 745980 525
577097 280820 470
793971 157117 509
