598200 598213 235
477821 478079 351
865766 865899 388
287634 287638 190
663117 663388 261
251038 251324 319
985746 985772 215
142820 142860 220
36218 36242 81
956148 956205 352
569924 570127 253
736026 736299 287
144776 144820 207
764478 764774 362
492994 493252 320
458086 458265 263
658528 658801 292
899246 899544 251
461818 462025 307
536754 536917 271
953157 953196 215
600366 600504 235
713413 713625 380
92055 92165 284
998754 998856 259
476137 476144 232
461736 461833 307
553438 553734 346
433375 433652 343
691061 691165 199
597904 598109 266
900885 901109 277
384630 384782 330
146577 146579 202
146977 147086 189
482574 482770 276
924480 924642 308
144641 144874 264
35763 35930 249
674344 674524 248
916869 917026 264
843135 843271 269
522453 522675 333
49288 49450 265
885270 885457 370
197693 197717 148
120335 120449 318
637119 637276 310
980422 980433 184
178730 178834 241
883557 883831 295
187151 187247 223
389870 389967 361
519025 519222 258
518901 519101 439
249159 249443 257
80656 80888 276
735049 735314 256
947053 947064 215
499974 500171 320
608572 608796 266
659334 659628 217
987181 987247 290
577850 578127 235
379312 379350 242
350481 350567 242
426307 426427 281
23854 24026 251
774754 774866 207
619545 619773 204
54541 54665 247
999230 999265 228
232433 232687 262
677726 677771 199
809652 809678 207
437565 437664 263
925261 925507 215
774816 774886 207
34545 34812 280
702585 702715 380
112385 112592 305
499370 499529 333
180495 180514 316
371570 371827 286
267230 267341 301
864614 864689 251
292690 292695 190
424160 424337 281
25335 25626 246
338692 338978 291
633538 633768 323
141194 141211 176
572616 572653 222
700464 700599 274
253559 253760 288
543988 544162 284
613826 613856 266
643623 643832 261
878913 879084 313
280117 280174 345
915133 915245 264
727304 727457 318
445255 445369 294
682073 682255 305
34430 34729 280
353128 353383 304
138366 138664 251
206116 206139 236
328678 328969 291
826908 827033 238
480297 480553 413
678437 678711 380
356473 356600 317
355309 355477 242
210222 210293 249
909656 909658 109
756400 756525 362
31147 31429 285
713208 713339 305
612085 612211 279
47921 48214 252
592656 592903 328
413013 413306 268
418368 418603 343
868515 868673 295
653013 653131 336
620894 621191 310
551090 551162 209
402123 402298 268
821812 822060 313
40879 40987 288
256925 257129 345
369992 370140 255
609700 609716 204
714593 714883 274
177049 177110 241
646036 646206 323
397568 397679 224
315477 315516 247
128711 128910 331
977768 977841 246
387764 388029 299
139113 139388 282
487681 487812 338
291891 291962 221
380122 380221 242
235204 235227 200
799748 799909 269
321391 321615 247
592028 592150 284
976059 976258 383
206917 206934 187
881087 881127 202
511891 512086 470
480480 480606 413
913759 913960 352
34875 35044 218
629635 629861 279
433095 433315 268
552881 552950 253
777895 777931 269
315977 316190 322
904471 904749 339
795559 795635 225
398353 398517 374
330400 330491 278
221638 221755 231
834754 835050 344
198581 198748 298
694426 694526 274
979943 980094 246
511125 511175 196
969741 969870 321
189628 189666 192
388342 388522 299
239762 239764 76
966937 967210 290
383709 383961 299
979045 979243 321
238966 239151 350
849403 849448 269
302412 302459 190
53122 53300 309
466455 466480 276
541583 541701 346
997777 998008 440
877991 878120 357
312058 312192 278
387919 388083 330
478293 478399 351
677112 677302 292
624940 625069 341
101747 101795 173
296406 296423 159
956924 957047 246
329804 329840 291
305299 305442 265
748139 748371 287
141548 141697 220
380980 381087 255
841207 841392 251
818402 818531 344
569266 569420 240
48356 48522 252
139214 139410 282
550913 551114 284
240480 240602 244
51903 52140 278
176219 176250 210
988098 988156 197
806751 806827 344
539663 539724 209
408243 408269 237
590752 591045 359
270780 271076 345
616453 616483 310
683202 683372 336
941913 942067 246
803562 803583 145
519428 519637 302
859727 859778 220
870114 870304 251
702430 702641 336
574772 574906 297
28826 29053 228
33682 33958 267
411692 411903 281
891562 891855 326
926292 926370 277
430397 430572 281
261235 261498 332
856022 856058 282
16463 16738 235
775459 775752 300
827457 827715 419
702360 702450 274
379316 379410 242
160650 160901 277
126055 126304 318
778645 778807 225
343602 343753 304
85726 85895 258
972372 972547 246
391105 391260 237
636504 636569 261
1452 1590 172
34344 34493 205
56727 56997 291
805377 805592 269
60597 60624 273
75773 75942 294
339575 339648 291
235190 235439 306
52490 52707 340
140473 140734 326
662149 662395 261
787773 788006 362
670823 670973 323
600261 600463 235
687649 687902 380
109971 110208 292
855122 855398 264
402591 402763 268
237139 237287 244
106354 106644 310
736416 736710 318
297578 297876 327
651386 651562 248
258743 258811 195
862586 862740 326
171642 171918 334
82076 82253 214
112698 112751 230
980743 980832 321
262323 262395 270
303715 304010 340
206768 207000 373
26216 26435 246
117490 117734 305
619982 620213 248
713439 713455 150
797718 797918 331
665589 665873 248
159235 159277 171
23402 23424 176
948892 948976 277
14580 14656 196
54279 54344 203
631894 632161 385
141432 141469 220
520294 520514 302
897405 897639 339
713671 713701 274
194173 194347 298
45004 45048 200
199047 199131 205
197758 198036 285
513419 513715 258
805755 805911 313
583439 583607 266
54940 54979 216
950858 950885 246
491506 491521 289
609579 609863 279
534324 534553 284
709245 709259 274
430306 430471 281
508629 508706 258
36882 37091 262
379249 379470 286
243796 243846 226
147497 147667 295
82712 82851 227
931185 931224 202
690710 690740 274
66792 67023 268
597535 597743 372
794459 794571 300
64916 65019 224
844680 844903 313
742278 742497 212
66488 66676 268
617148 617172 204
410535 410547 162
516309 516333 258
206217 206306 205
310127 310251 265
937512 937774 339
354098 354343 348
516940 516964 196
458427 458571 232
611137 611398 266
112628 112793 292
365789 365898 335
705794 705797 106
529885 530091 271
898616 898890 370
329398 329404 185
289084 289256 340
906470 906485 308
33601 33792 236
525078 525183 271
296064 296151 265
349525 349640 304
452320 452343 263
762944 763234 269
246897 247006 288
815013 815203 238
9638 9816 198
104571 104634 310
233353 233564 275
623267 623438 248
902755 902827 295
100359 100499 235
508023 508066 152
379731 380001 304
938287 938401 308
642707 642893 279
199764 199765 68
795103 795123 225
935436 935665 414
148053 148159 264
667830 667989 292
310306 310541 247
213541 213702 298
899394 899530 251
818989 819066 207
992904 992963 246
677262 677327 274
71714 71952 232
244397 244416 244
3744 3993 189
508670 508915 258
215863 216116 280
483524 483633 289
537425 537654 258
446135 446303 294
207007 207273 311
329089 329350 353
97071 97246 266
730820 730858 243
888191 888385 264
290694 290985 327
647182 647200 204
174395 174415 166
466804 466833 276
459584 459695 307
325423 325644 260
638741 639014 323
549363 549637 253
50 170 122
315821 316052 239
7176 7249 164
597791 597970 253
251502 251615 257
321493 321729 278
717643 717750 318
279032 279072 314
558154 558392 284
605908 605971 235
505982 506016 245
242494 242670 275
642602 642656 230
765141 765221 287
441844 441893 294
740669 740776 287
737381 737552 318
494015 494103 289
653046 653178 292
103087 103157 186
940943 941008 277
117212 117249 181
987540 987763 352
738373 738645 256
400677 400742 281
332929 333083 335
807949 807953 238
609413 609419 111
759297 759430 362
761099 761328 287
672162 672260 261
930590 930599 171
802740 802850 282
570436 570638 328
482573 482704 276
596082 596133 279
581102 581222 204
64545 64557 193
141591 141747 251
74853 74910 232
813367 813422 238
514546 514665 271
257933 258172 195
467209 467315 245
477115 477204 276
218465 218699 262
268211 268226 164
988394 988450 290
646646 646933 292
190738 191036 254
646718 646875 292
585851 585923 204
951668 951685 277
927328 927508 339
189108 189305 254
822247 822450 313
609228 609491 341
214688 214917 249
777267 777525 393
506519 506637 271
791642 791892 331
212063 212131 280
320318 320432 291
664589 664672 323
783284 783345 225
580821 580948 253
270137 270313 407
572940 573087 284
809564 809864 300
566746 566820 315
716070 716260 380
744201 744371 256
165617 165857 290
529278 529304 271
833679 833728 282
805202 805326 269
183643 183876 241
241885 241887 125
906610 906610 65
923548 923754 308
157082 157177 202
437533 437823 263
263662 263890 270
419902 420180 281
305256 305291 203
464666 464930 263
806796 807074 300
743002 743165 287
640042 640294 354
673226 673439 305
461606 461731 263
637000 637182 310
767085 767229 318
439526 439814 356
866229 866361 269
860621 860808 326
943640 943696 171
77843 77885 170
176422 176547 303
274908 274991 239
226578 226638 368
349192 349390 229
159792 159792 171
632034 632292 385
628350 628625 235
547621 547768 377
365210 365425 317
746948 747101 349
275965 276076 283
715005 715132 274
437872 438100 250
911839 912048 383
471472 471711 232
958844 958922 308
421012 421050 219
658953 659181 323
319583 319653 278
187996 188088 316
902595 902885 295
458463 458670 232
653760 654012 310
299362 299386 226
659411 659703 354
500855 501027 289
698482 698664 305
421616 421846 281
913930 914032 264
321250 321352 229
282519 282609 252
239472 239640 306
16899 17106 217
947651 947686 233
844929 845062 326
942303 942516 277
728356 728463 243
330174 330235 216
155934 156155 277
785072 785350 300
978975 979201 290
123358 123599 331
483227 483488 245
966653 966780 308
867024 867062 233
822757 822770 194
145045 145110 220
720447 720573 230
211497 211760 311
18785 19082 261
526094 526157 302
594364 594631 328
702804 703012 336
623226 623331 310
309740 310023 265
742722 742767 225
147824 147930 233
574254 574487 284
463710 463850 276
310519 310794 309
991637 991786 290
148839 149101 295
936498 936524 277
473565 473659 214
213522 213672 298
365960 366248 242
532276 532392 302
273768 273968 358
379226 379291 286
740137 740357 393
496601 496772 227
202812 203105 311
564619 564693 191
442803 443016 263
456066 456295 338
661871 662170 248
813887 813895 238
375679 375900 286
931765 931875 246
241183 241388 275
432860 433074 387
511798 511854 227
362263 362380 361
65572 65573 56
779043 779298 331
470582 470841 307
386860 387090 224
725379 725602 287
484927 485018 289
883413 883686 282
629111 629173 173
180290 180456 241
311400 311530 265
769256 769468 393
721155 721308 256
909630 909700 308
15810 15902 222
765005 765192 287
317771 317987 247
95394 95567 253
169338 169531 290
909017 909141 308
401304 401530 268
236396 236576 306
693010 693020 186
134606 134786 300
172867 172993 272
139011 139049 176
203430 203506 236
842456 842564 243
134447 134504 238
645977 646190 323
427029 427278 356
695070 695273 230
974742 974907 334
382227 382255 255
555189 555251 390
524952 525183 302
844085 844361 357
640385 640645 416
220744 220838 231
161230 161423 277
382869 382870 162
323251 323432 322
710551 710577 243
960251 960464 264
520446 520636 209
648601 648868 323
458362 458517 232
818703 818952 450
837973 838103 220
438426 438694 294
158887 159118 277
295517 295597 234
570482 570500 328
964827 964898 228
561451 561457 222
938799 938973 308
45562 45689 208
417951 417986 188
978839 978968 290
796782 796804 238
507275 507542 289
120900 121031 243
633275 633464 248
687165 687175 217
749273 749541 393
2220 2365 183
109539 109568 217
353819 354100 273
505875 506172 245
165966 166217 352
28467 28500 153
87539 87774 271
589331 589414 297
453795 453898 294
598472 598743 297
707113 707312 212
330530 330752 322
347077 347183 211
872576 872648 251
696315 696368 181
413986 414202 281
366631 366745 242
366617 366766 317
276682 276855 314
414044 414319 281
811347 811402 251
643471 643473 235
786575 786858 300
574188 574233 178
193615 193855 285
37819 37891 231
74636 74901 325
220755 220757 156
783660 783890 331
177905 177918 166
984509 984723 290
147030 147136 220
483274 483494 214
59514 59729 273
82674 82715 183
486663 486851 382
978634 978929 352
141241 141292 251
189852 190038 360
628078 628378 279
320731 320996 371
56224 56349 304
628935 629097 235
967594 967625 215
199355 199645 329
828801 828856 313
348999 349051 242
324202 324341 322
103391 103645 235
826131 826400 313
722682 722840 367
443848 444141 338
35495 35786 324
572910 573203 284
22558 22725 269
481814 481956 289
513893 513924 351
298657 298824 265
757788 757812 287
726546 726572 212
190497 190540 254
979121 979251 321
471956 472136 276
815057 815140 238
566064 566077 85
425126 425188 312
414181 414394 312
9812 10104 242
70929 70970 250
393091 393294 268
373912 373940 211
248789 248828 213
551378 551603 377
485097 485126 214
868430 868480 339
52933 53097 278
63415 63687 255
476609 476699 245
574368 574647 297
823014 823074 282
20851 20952 256
670473 670572 230
49550 49706 296
212090 212246 280
530490 530784 333
250294 250539 332
280220 280286 252
999402 999478 290
253239 253273 226
618797 618917 204
483959 484253 276
155605 155642 171
388363 388407 268
650177 650457 341
79168 79342 276
716139 716282 243
95464 95706 253
348875 348886 167
537465 537762 258
837150 837241 251
299209 299496 296
334451 334575 291
215129 215302 280
760942 761205 287
429637 429826 281
609468 609608 266
759725 759792 269
101645 101792 235
453526 453680 294
945269 945457 352
574385 574599 253
949612 949676 308
909593 909834 308
119272 119487 274
877076 877315 357
681688 681986 323
390070 390357 299
31043 31060 148
600109 600306 315
673780 673890 230
157871 158119 246
829287 829535 282
291994 292045 221
414532 414691 374
419241 419486 237
93487 93738 253
951117 951277 308
348810 348990 229
537477 537596 258
852689 852897 313
917359 917618 264
391905 392100 268
614861 615128 447
313463 313583 278
638649 638903 248
427811 427823 113
968408 968419 277
323956 324184 278
890237 890292 264
586495 586787 235
448181 448460 369
119510 119605 305
553912 554122 253
309491 309584 234
209412 209680 236
34708 34996 280
451007 451298 307
830910 831098 251
965887 965953 246
69126 69198 237
1404 1505 172
28696 28817 197
484270 484347 232
308727 308728 234
52728 52919 247
384992 385150 273
340115 340274 247
75481 75624 263
247524 247688 319
46217 46267 208
930240 930382 233
465071 465335 263
835173 835422 295
94992 95258 328
974987 975123 321
138795 138892 282
548034 548275 315
637859 637876 124
778125 778270 269
432978 433068 325
465835 466112 276
523218 523481 271
65708 66004 268
724442 724689 362
570290 570554 377
9280 9565 198
874729 874956 357
88057 88286 333
661587 661830 292
931415 931516 277
681324 681484 305
75843 76142 263
432939 432995 325
458991 459288 276
103033 103145 235
731538 731611 287
99218 99406 266
430273 430341 250
219856 219988 355
273359 273566 270
404859 404989 343
497454 497607 258
66288 66473 237
722188 722193 212
206770 206773 81
811819 812119 362
55930 56205 322
666101 666103 186
749852 749885 256
340331 340434 242
157715 157990 246
300857 300862 159
121395 121564 274
666303 666314 261
441617 441674 232
655095 655312 292
999471 999540 290
395796 395832 175
938038 938159 445
900598 900832 401
245011 245133 244
812750 812960 269
109229 109473 261
553964 554258 421
927134 927156 233
426571 426721 356
816259 816450 220
2290 2487 209
611969 611983 173
167795 167989 215
473873 474036 276
844114 844250 357
632324 632465 328
634321 634387 292
107235 107239 279
929683 929871 339
268589 268887 257
569322 569375 209
163379 163549 259
905059 905139 233
777323 777600 393
19044 19063 199
59876 60166 304
793559 793808 269
423138 423367 312
629683 629813 279
989848 990037 215
841965 842048 220
803508 803542 145
636933 637049 310
374055 374263 242
48960 49011 190
183377 183499 210
531840 532113 333
598714 598936 297
540647 540807 284
455097 455182 263
3074 3276 199
472289 472419 263
28159 28448 259
93622 93855 253
241558 241733 213
905813 906093 264
876127 876344 251
231762 231871 231
327607 327719 291
879354 879392 202
439555 439593 219
468328 468369 232
587266 587429 222
644393 644534 248
968544 968628 246
273844 274045 358
734034 734115 349
133365 133463 238
793888 794051 269
513571 513689 240
942477 942522 233
897736 897871 295
531653 531738 271
284671 284753 221
461832 462081 307
380368 380567 286
582313 582390 191
92328 92426 253
757520 757657 287
926956 927143 476
972582 972745 277
242850 243104 275
784748 784899 238
625950 626131 292
250710 250897 319
843229 843464 282
267443 267591 270
357402 357583 242
787176 787413 269
897298 897587 339
89729 89806 240
46665 46950 252
655445 655535 323
990162 990233 290
680117 680256 292
575740 575918 346
490052 490142 245
218771 219012 262
863858 864026 251
601442 601654 310
691251 691359 274
658572 658605 292
851482 851778 344
839604 839751 207
828181 828427 282
877717 877733 295
520891 520990 320
326784 326948 185
645194 645423 230
356933 357069 304
974652 974818 334
181172 181244 210
631872 632063 279
16119 16164 191
904402 904566 264
422489 422618 325
149258 149509 264
920675 920816 339
908214 908274 295
561559 561839 271
450850 450864 232
50244 50463 265
663061 663268 292
413927 414142 312
651737 651799 323
860700 860877 326
544364 544541 302
579794 580042 253
735664 735776 424
548667 548703 222
226067 226095 200
484333 484581 214
701458 701589 266
324709 324752 322
214417 214699 280
137164 137195 331
171536 171764 334
386375 386527 255
90582 90757 240
460276 460297 276
538278 538577 240
915550 915840 264
197352 197368 192
866850 866892 189
662340 662617 261
883585 883759 282
526793 526878 271
369497 369499 255
215965 215989 249
10589 10766 255
201210 201315 236
738736 738919 424
639832 639907 279
962366 962539 370
655592 655701 284
615667 615900 310
198780 198901 267
409962 410135 449
660877 660971 217
669983 670245 323
449462 449672 369
394665 394924 299
386413 386415 100
396059 396096 299
132124 132368 300
283818 283844 252
452981 453114 263
845603 845699 251
