1 999999 525
1 1 1
999999 999999 259
999999 1 525
901859 967493 476
858547 393278 525
5842 407511 443
207939 414877 449
103778 427607 449
424861 670612 470
49903 246088 443
362170 261503 441
372257 248118 441
325940 86488 443
325940 385730 441
247053 386802 441
455670 567640 470
739762 688085 442
518652 286974 470
200394 532127 470
459292 542784 470
415978 216852 449
745324 295406 470
694936 686829 442
741076 393086 470
842469 566768 525
144862 637884 470
645110 954111 525
461652 284749 449
487478 992715 525
497716 73580 449
116098 86779 354
446213 767299 470
401416 211322 443
872746 40097 525
313169 471593 449
365859 983890 525
364134 657155 470
946068 125929 525
384591 879269 525
810527 637171 468
508948 337604 449
724206 546419 452
374623 302475 441
783495 643632 468
835992 980009 525
725825 891342 525
39758 162239 383
102794 753684 470
168901 862841 525
384918 515143 470
84384 294113 443
710468 142688 470
589882 90475 470
535583 776245 468
965532 452728 525
586825 103885 470
851846 819257 525
333321 947704 525
714488 818668 468
114899 605071 470
309331 605088 470
141195 262636 443
384734 238049 441
408997 189495 443
118809 506628 449
835567 648888 468
33036 72993 340
694699 782065 468
520747 323769 470
154721 565660 470
754324 301881 470
772937 260238 470
427272 392176 449
468478 423413 444
486546 107027 449
108281 669715 470
623048 321768 470
784917 578703 468
913013 133397 525
987962 707164 525
615624 5037 470
260725 474653 449
248590 228777 443
847542 99031 525
287526 230569 443
841330 501745 525
117720 292511 443
771650 981724 525
100701 630878 470
800729 221277 470
582091 898012 525
760479 130227 470
45907 605044 470
291583 128538 443
902263 764624 525
742477 647344 442
298054 873613 525
81623 469474 449
190301 541128 470
256208 343517 407
8975 249261 443
546784 514442 452
13778 881385 525
184665 154223 383
563014 902594 525
955067 903578 476
284683 580435 470
96493 360364 443
743918 620625 442
940307 196075 525
78293 640350 470
125694 248994 443
61291 341698 443
115018 205199 383
144570 370611 443
101267 188876 383
278529 644568 470
408630 52911 443
892135 647838 525
589391 945198 525
574509 728760 447
964661 770974 525
941420 757063 525
265084 235656 407
669307 633306 429
754183 476596 470
691023 627135 429
12462 327576 443
945233 120168 525
497670 421358 444
494499 79362 449
592300 257939 470
694420 596965 447
322960 682984 470
601661 136315 470
242437 240923 288
639577 849001 525
797427 992435 525
441990 564026 470
90532 444741 449
76973 832222 470
253476 117459 443
876064 705382 525
545252 190501 470
855679 483849 525
292949 788151 470
191656 782992 470
269250 145663 443
839992 146133 525
32340 365285 443
407504 372217 436
411383 510771 444
749409 634381 442
629245 291846 470
719698 214323 470
953077 695005 525
118344 449865 449
832222 449591 470
516868 151237 470
120346 46684 354
751121 760171 424
919845 930330 476
402878 950039 525
919314 441782 525
480538 475072 382
625590 160789 470
29315 277785 443
969897 357792 525
77383 891304 525
227832 629491 470
882753 485804 525
835185 536165 468
343232 872194 525
378094 358146 423
202176 283179 443
138846 802197 470
151459 593847 470
838842 678536 525
644947 736097 442
415954 122629 449
240863 188068 443
491981 301541 449
892680 9731 525
645532 880207 525
961994 550190 525
704279 745806 424
101585 248130 443
79179 740795 470
166604 257165 443
698286 186146 470
68569 64113 312
825151 245716 470
474120 959608 525
732766 488907 470
279880 77939 443
988530 570960 525
533096 686100 452
425060 9947 449
506251 506720 364
641013 991508 525
995789 326687 525
611800 706817 447
11409 242030 443
289488 663589 470
656873 750997 442
151879 995925 525
899123 69768 525
422146 310153 449
698766 181485 470
837160 336007 470
425990 254003 449
213150 90876 383
705983 317179 470
927795 546200 525
65191 540302 470
21812 264779 443
312637 2664 443
613250 124910 470
654255 816833 468
216002 19611 383
898451 683541 525
296877 376767 441
477988 911369 525
141867 202182 383
637273 665291 429
161650 514332 470
549857 473055 470
137854 41953 354
601616 86503 470
686738 740897 442
826198 574447 468
660676 904958 525
212963 953135 525
34483 850236 525
631807 611350 447
713263 891126 525
613533 232050 470
505659 38149 449
262403 251122 363
946163 140956 525
193371 159505 370
136038 402538 443
91038 70474 351
508937 634051 470
797951 271232 470
406156 850743 525
278313 475640 449
426022 177675 449
875201 170104 525
489860 721636 470
729042 707004 411
310731 434484 449
642874 474521 470
780044 355818 470
491613 823020 470
705554 418834 470
160326 691968 470
660915 620178 429
328443 89016 443
634410 771566 468
637218 300068 470
637699 21662 470
431508 917812 525
610951 487418 470
562508 307075 470
178419 926114 525
470735 661936 470
398837 544665 470
579663 223363 470
556445 15172 470
343772 675391 470
143596 745230 470
814912 692750 468
648579 493337 470
233345 93529 443
361956 456135 449
315128 831061 470
964749 290636 525
687411 268658 470
990719 224733 525
119027 241134 443
866516 335926 525
657360 134896 470
96176 917867 525
184121 835768 470
627394 166255 470
450972 961987 525
913930 909796 476
647939 550646 447
779555 497455 470
556938 887209 525
405508 181637 443
780631 852091 525
397163 36158 443
496115 172233 449
580919 900298 525
523171 67279 470
527399 903764 525
502553 368664 449
793779 710685 468
359728 130326 443
51251 999428 525
931551 398202 525
430356 307092 449
819143 124380 470
358525 723844 470
705809 309077 470
306208 994138 525
40828 45007 288
910876 368936 525
818555 222933 470
434760 803008 470
713732 951962 525
711646 3811 470
487318 73356 449
310454 648426 470
613488 27129 470
369144 709610 470
784833 844172 525
142270 637812 470
145730 258033 443
988293 491304 525
490792 505311 426
825516 673842 468
675200 550077 447
444963 65414 449
765353 28038 470
514574 841494 525
958592 372481 525
770845 653484 468
276671 910133 525
790115 584840 468
152853 213608 383
694088 938898 525
462147 79365 449
209942 972266 525
901273 342215 525
810538 642392 468
146009 300481 443
795452 541493 468
283217 822418 470
774814 70459 470
847508 593522 525
516867 276175 470
890385 145239 525
443839 305457 449
71831 889837 525
944248 328466 525
675712 828950 468
795880 759271 468
816446 127123 470
938161 913381 476
934186 997590 458
835793 691698 468
619551 155942 470
505075 59516 449
752007 694795 424
175352 961488 525
224370 883977 525
34000 729648 470
517063 646305 452
158420 311883 443
658159 633452 429
681559 1907 470
115381 527054 470
248565 621346 470
857649 523980 525
965502 473934 525
696420 22815 470
823452 689298 468
62634 911146 525
217606 100285 386
973975 339270 525
138821 397334 443
180035 393602 443
812266 99776 470
89531 343833 443
268554 589530 470
817579 950980 525
656815 280757 470
246004 555961 470
429438 883211 525
986494 657232 525
406951 116129 443
660378 345825 470
988219 850619 476
352817 55976 443
836961 441274 470
74817 101801 351
153825 479324 449
342006 452613 449
679485 626151 429
458206 859752 525
726792 524209 452
829946 715314 468
714540 865988 525
286757 524117 470
47915 916124 525
444376 556250 470
584746 785065 468
954078 49726 525
669114 12576 470
221657 199458 386
534059 455287 470
179379 579940 470
376896 107104 443
995744 200103 525
902276 48950 525
185573 508830 449
678801 401331 470
929687 998023 458
545866 462600 470
141038 388492 443
281508 78346 443
482082 321703 449
712892 581586 447
310586 747888 470
103745 26992 351
747069 88427 470
373266 850680 525
621719 779484 468
257895 961905 525
427838 240703 449
455021 416019 418
443828 18162 449
544137 719524 452
281531 925089 525
60134 786381 470
803389 961019 525
896417 334348 525
469010 857262 525
961015 659470 525
652409 915463 525
734122 96045 470
438668 300136 449
511496 917404 525
2455 196818 383
531644 873783 525
619009 66666 470
650475 976884 525
878638 84194 525
48150 733419 470
668438 953113 525
828194 920848 525
236260 683262 470
857020 631315 525
721529 895836 525
241620 899048 525
76829 408293 443
435791 596553 470
397829 581706 470
204565 475476 449
13916 690932 470
91422 520931 470
685895 503445 470
201240 328432 443
242179 837842 525
625180 909632 525
206036 475389 449
334517 548853 470
657448 798208 468
496570 893538 525
203528 432037 449
722 374705 443
545663 659740 452
2858 215464 383
405699 16085 443
519160 726067 452
269690 441189 449
857718 269344 525
818468 692127 468
118620 232385 443
284214 180166 443
517532 786908 468
778848 674350 468
453117 273731 449
490903 329867 449
528269 592961 452
833696 768557 468
226733 442308 449
247731 531556 470
472025 383949 449
165413 515155 470
124963 466340 449
783061 577301 468
24209 246799 443
269598 257017 407
715599 905747 525
967772 952793 414
663345 976521 525
677606 307252 470
591984 416301 470
167030 187698 365
83700 421076 449
34181 414662 449
489772 982695 525
813412 452811 470
368765 323421 441
593763 945893 525
727703 345258 470
713578 137260 470
164267 606327 470
249307 669104 470
861380 902061 432
444463 589951 470
634316 566246 447
414227 495095 444
288529 625915 470
301669 900714 525
912672 353854 525
502002 317467 449
957080 123254 525
560292 712057 447
514432 598567 452
659115 466773 470
568604 544233 452
338948 517938 470
927630 702664 525
157983 62632 383
998960 340206 525
841038 747461 525
712646 200752 470
871587 979698 476
522299 106777 470
670180 459667 470
122283 50853 354
236449 202176 443
679483 208838 470
782613 785305 331
929189 710265 525
165809 370778 443
215393 554369 470
322314 402371 441
699295 323817 470
212601 607827 470
294303 905912 525
404100 929767 525
388534 599395 470
142524 528020 470
621579 764850 442
681299 3725 470
3172 9421 262
1859 202072 383
309258 502985 449
179921 651286 470
371505 785011 470
840930 854545 419
33457 998619 525
61058 409916 443
931482 271555 525
275924 160210 443
644152 206952 470
418405 918587 525
198639 272058 443
639817 707941 442
383481 69152 443
261828 832376 470
788869 770789 437
994963 42541 525
717532 241628 470
240334 836897 470
38006 674177 470
496784 465327 426
340594 185676 443
833817 632734 468
291014 272652 389
147214 949759 525
958368 225448 525
91340 647345 470
824871 716873 468
436989 425046 387
182691 797878 470
863380 155257 525
532720 484875 470
784148 710134 468
446458 792747 470
952782 663128 525
157818 688210 470
74048 257891 443
191923 893540 525
409472 880238 525
877512 834307 525
101406 585500 470
152795 894773 525
158537 951653 525
212172 544481 470
306774 930718 525
126371 576306 470
560205 203225 470
808544 44535 470
737029 198513 470
418820 338379 449
986887 546186 525
101951 95703 341
894867 325484 525
329968 20064 443
728364 158863 470
3780 474069 449
133964 71668 354
345664 787798 470
434330 427369 387
524807 470873 470
910286 156942 525
38830 810027 470
262653 935453 525
910427 464838 525
521391 966922 525
163193 512457 470
740350 237092 470
460181 834136 470
548561 356938 470
995226 960864 458
196754 361147 443
480275 829102 470
886554 968385 476
712021 429609 470
958202 123423 525
171689 962513 525
638884 516814 452
878775 88261 525
319291 288155 389
955531 191381 525
392969 620445 470
574073 78444 470
512256 9943 470
415286 472066 444
556427 457410 470
883314 124925 525
721381 730476 411
847829 526479 525
812418 691179 468
779553 282806 470
251325 902717 525
693446 238146 470
842591 870148 419
898049 347789 525
563116 166861 470
438630 588776 470
34763 287518 443
526126 31961 470
708332 669553 442
880238 905432 401
429152 418657 418
688753 680400 398
75077 658629 470
331097 850155 525
223548 972217 525
898363 490009 525
754329 108736 470
776813 9355 470
701215 975470 525
219575 731635 470
96497 523295 470
421370 232808 449
66451 534714 470
610177 614153 354
653816 776639 468
504878 718088 470
633364 650829 416
309553 208361 443
318948 108654 443
912147 718781 525
419321 582698 470
295394 145541 443
316662 135516 443
727723 87884 470
970326 178273 525
404394 360966 436
390069 640619 470
63591 199064 383
173339 204995 365
955023 281746 525
380657 336140 441
2813 14052 276
25934 148270 375
735338 637417 442
198524 858903 525
315214 649619 470
4468 101440 351
535750 197650 470
623561 341284 470
319948 909511 525
748397 685882 442
589558 869129 525
79917 353337 443
320796 397106 441
982007 456785 525
795380 468181 470
271969 345081 389
163599 388765 443
320976 282298 389
723554 928807 525
213511 177411 373
950899 66901 525
801960 52550 470
568768 249176 470
967277 804387 525
80567 195952 383
220596 61535 386
501619 565856 470
693840 754188 424
789104 881054 525
680306 901173 525
561909 462172 470
723275 189120 470
450166 669939 470
306982 655364 470
239323 296888 407
787479 99153 470
126821 37098 354
889240 443680 525
618749 928169 525
539763 447023 470
559876 775498 468
882225 43334 525
18053 63550 340
708145 68682 470
607013 617762 447
221471 617616 470
556901 429318 470
560849 102027 470
322098 457359 449
532378 150868 470
22052 29373 308
284266 313782 389
453226 847404 525
127501 360876 443
132747 611438 470
570722 19128 470
171667 766889 470
576141 156113 470
664558 883549 525
770519 417840 470
486949 530094 470
16733 329500 443
990506 615473 525
705999 171365 470
125170 277570 443
904507 775158 525
697153 229990 470
483877 856390 525
188072 660859 470
507388 894890 525
422321 170008 449
156978 75090 383
845251 188591 525
862432 290997 525
834210 464003 470
954947 999599 458
13956 632913 470
28968 327421 443
962295 285333 525
717331 812383 468
847295 750559 525
375185 449604 449
248223 308400 407
611756 46834 470
448682 438165 400
602906 421532 470
754215 541649 452
178194 470095 449
36023 316446 443
764994 574708 447
374790 296560 441
810792 760372 468
627991 471912 470
298668 366965 441
310532 616667 470
631825 565037 447
510747 769571 470
327850 371726 441
481070 157904 449
356236 121026 443
270468 879204 525
320265 15236 443
341693 609587 470
956426 323842 525
328391 520654 470
324089 204465 443
342171 466859 449
207829 188717 373
405813 948942 525
103153 48756 351
710464 981312 525
764061 21046 470
587592 444156 470
323979 312130 384
864352 863329 344
275710 242568 407
231131 136240 443
89833 793471 470
778989 747613 468
722796 729361 380
262778 324299 407
518296 531470 439
314072 45016 443
269852 848451 525
93627 450024 449
391721 112094 443
591800 265222 470
621110 866809 525
183320 144682 383
761565 400877 470
927087 887874 476
16828 286909 443
709782 767812 424
676470 109121 470
286272 797080 470
422178 348109 449
494182 62188 449
94249 514474 470
993308 529770 525
262477 778314 470
731783 288241 470
931974 737179 525
978563 55297 525
764254 968924 525
863773 478231 525
266641 365829 441
379259 478651 449
675400 951963 525
893698 831460 525
310684 258675 407
436581 860673 525
869446 529693 525
62575 946319 525
139933 28989 354
688588 913720 525
970017 546106 525
252018 750549 470
294474 903458 525
303802 808920 470
40119 925881 525
16909 573642 470
228573 169653 386
832174 124698 470
244894 243568 337
790733 409140 470
685796 527202 452
230905 406616 441
941413 462941 525
908786 758207 525
63624 908804 525
233407 953277 525
129861 852315 525
467886 476992 382
171136 144867 383
877491 649108 525
961605 392374 525
656067 477796 470
344890 374868 441
220045 485454 449
266800 441793 449
27346 145580 375
431703 200873 449
611461 219480 470
988840 711130 525
492307 94376 449
282101 917103 525
701893 985764 525
496125 404139 449
304286 651727 470
978538 934148 458
405979 453234 449
165793 749304 470
474061 609339 470
670856 429090 470
276092 156854 443
216443 169828 386
378990 122874 443
731454 658717 442
728494 115424 470
90328 934588 525
206761 21958 383
272890 230483 443
941162 891287 476
357931 822442 470
23729 12023 282
720412 213986 470
947305 239708 525
251657 244780 350
71919 429316 449
71347 384752 443
278831 572507 470
581503 676930 447
324403 493264 449
958845 633181 525
537025 601148 452
285331 96343 443
205466 245753 443
46418 20030 324
826355 265954 470
129157 289852 443
588300 785137 468
648255 459875 470
407408 546785 470
881562 707609 525
631915 652569 416
730689 983924 525
786131 851789 525
467608 147134 449
359326 188330 443
863429 197319 525
272867 855071 525
945686 325486 525
799290 758993 468
558093 379488 470
89486 201855 383
558115 370685 470
364351 309780 441
984136 316507 525
575451 529282 452
581295 382478 470
779456 415616 470
870986 965237 476
739726 125759 470
683041 301640 470
500536 214332 449
858828 67567 525
145302 137924 375
960661 653303 525
815570 401377 470
637647 867060 525
673079 602453 447
388080 265976 441
417608 463971 444
971044 749991 525
487930 299261 449
566183 416032 470
607166 665150 447
256952 608714 470
259686 165201 443
984760 921342 476
513453 902940 525
60433 217532 386
808906 166826 470
898650 711128 525
484153 312101 449
33428 957623 525
891636 196340 525
449310 193406 449
44119 307756 443
662608 511049 470
753789 585939 447
295001 355562 441
115065 306632 443
881414 643986 525
938943 926726 476
899974 576881 525
971917 607297 525
206420 179408 365
380305 958640 525
427662 861748 525
128508 659603 470
301109 987556 525
139848 677678 470
210244 770759 470
919290 856970 476
179723 733505 470
72633 428023 449
595682 180499 470
689318 27351 470
767736 192042 470
85856 967976 525
904782 168485 525
456269 752216 470
302385 922997 525
158854 131853 383
329751 534886 470
765187 885600 525
312081 121043 443
252886 362565 441
475639 543421 470
835724 722563 468
969816 798054 525
803094 544000 468
587486 970180 525
684710 475725 470
766999 870494 525
570208 801439 468
428955 588778 470
661379 301852 470
349627 375279 392
703681 687679 442
558689 421683 470
655050 192552 470
148650 462121 449
622462 801052 468
75766 328545 443
135490 429810 449
158716 404010 443
491384 772441 470
712027 466316 470
949114 130926 525
381702 426578 449
723598 287627 470
449424 212571 449
992638 47105 525
589023 346812 470
301379 705854 470
551250 431195 470
451863 741183 470
530692 423243 470
