999999 1 525
1 10 20
100 200 125
201 210 89
900 1000 174
1 1 1
999999 999999 259
1 999999 525
10 1 20
552454 353100 470
811650 630660 504
750802 753983 424
125075 497646 449
383020 235011 441
326369 628145 509
215893 639706 509
542264 70461 470
482723 66863 449
985275 291757 525
285965 262289 407
723747 52417 509
33831 915651 525
427995 711608 509
479490 897267 525
467921 816362 509
937046 291092 525
808517 570470 509
38990 269734 443
875084 49427 525
472836 535820 470
348731 497761 449
42452 868873 525
186302 745216 509
289331 948359 525
41045 107421 354
730659 791263 468
683574 358692 509
96990 857034 525
682374 802391 504
304211 775006 509
286794 529301 470
471933 213134 449
799383 775144 468
480762 141613 449
548544 944628 525
766132 169951 509
157198 860276 525
664207 89798 509
690278 975829 525
27178 95646 351
732490 903502 525
505621 595130 470
675614 707919 504
221661 130369 386
900152 632169 525
741579 436794 509
129962 460532 449
508068 280385 449
190597 78980 383
30281 752323 509
502252 640906 509
253513 156779 443
45065 764761 509
238927 854602 525
109591 498544 449
317724 384157 441
756978 766381 380
332767 847534 525
272180 753121 509
563356 911374 525
164657 418883 449
477882 979430 525
889517 81221 525
98002 862183 525
687412 243494 509
650440 299617 509
349799 858588 525
257274 739559 509
690342 410809 509
770923 172335 509
314126 792026 509
574614 259749 470
508860 816615 509
939905 377109 525
701306 498032 509
705713 273754 509
376466 620993 470
591384 100462 470
253057 84792 443
321135 983985 525
802655 316225 509
356047 637900 509
652765 985498 525
152052 100378 375
275661 185896 443
158276 848288 525
455763 777438 509
500232 7944 449
181180 158631 370
170119 615778 470
442273 228153 449
553730 595192 434
938865 539995 525
441045 565725 470
650658 640265 416
557901 546976 421
58196 543683 470
186566 606098 470
312258 71048 443
345294 933748 525
31396 261422 443
370743 438277 449
92054 189363 383
226726 957112 525
926031 522207 525
428101 798894 509
528530 118275 470
211484 519005 470
236527 457947 449
461225 852658 525
233093 605248 470
12046 16893 276
373317 142846 443
732835 60698 509
389728 991811 525
93628 579077 470
230739 156346 443
413509 776566 509
638136 650374 416
337451 459632 449
524314 900057 525
253577 905168 525
410630 970794 525
485608 641416 509
670311 222875 509
508879 462954 426
920847 289196 525
946866 907547 507
415350 507405 444
907312 396305 525
509028 250138 449
691278 85302 509
718940 312393 509
843503 372786 525
373964 79252 443
30283 639568 509
692404 712198 504
746876 172744 509
76858 417624 449
572778 726097 509
386247 181695 443
691388 257999 509
184762 969162 525
377106 523110 470
657104 398788 509
595883 743093 509
240609 438227 449
297758 584318 470
775798 177020 509
674170 237087 509
649397 535870 509
424495 438418 387
119926 714667 509
396515 185295 443
639575 129204 509
106815 725735 509
920838 261313 525
814417 975112 525
643208 906287 525
730344 481948 509
682099 125653 509
356707 89474 443
932042 301131 525
752889 727209 424
256218 116083 443
780142 755031 468
296259 846307 525
314330 956869 525
879896 179142 525
548825 354207 470
315905 521287 470
570083 79542 470
436218 69921 449
509373 997942 525
119040 669017 509
773493 619710 509
721005 666447 504
94095 57354 351
640562 566470 509
458168 129392 449
61098 910478 525
837743 867463 525
737820 977852 525
639863 569470 509
696033 69234 509
779458 478639 509
788029 651909 504
790270 520875 509
48508 417085 449
838442 956229 507
292410 381323 441
347067 560593 470
668901 173324 509
175539 628948 509
91965 790999 509
736758 43806 509
973509 449831 525
53581 624322 470
774920 721226 468
707807 106689 509
837441 112119 509
137388 839154 525
213348 52457 383
907415 189455 525
324881 792354 509
642776 453460 509
350546 755051 509
388458 66532 443
357353 279259 441
502432 28867 449
214381 620519 470
556546 84275 470
620415 227679 470
421279 75566 449
331196 927272 525
877008 254804 525
155418 351712 443
620686 552050 447
217099 476517 449
618728 178582 470
748035 321748 509
267829 850613 525
556482 108075 470
507167 430596 444
663497 222731 509
936630 459432 525
704265 72412 509
163393 901923 525
68374 767307 509
275718 989944 525
881020 154712 525
984092 524149 525
980793 823894 525
730464 484629 509
405303 698845 509
39759 816175 509
446578 258493 449
598979 307527 470
550259 466586 470
315807 423587 449
963457 256618 525
508823 938861 525
921491 983317 507
17141 59576 340
474634 10543 449
231851 338597 407
783409 217513 509
851492 158269 525
798230 158231 509
718938 279299 509
385382 487379 449
396146 832285 509
193743 260619 443
769104 728358 468
511437 974146 525
93410 452937 449
630375 191118 509
576850 719747 509
304363 670816 509
32590 50181 324
640465 87541 509
9207 303897 443
724543 826125 468
325233 492843 449
124667 509945 449
441590 10207 449
23431 440876 449
515273 379625 470
582699 170240 470
392676 322634 441
8399 610923 470
989927 558555 525
477787 944838 525
869069 715770 525
120516 746455 509
567056 609832 434
669761 875744 525
295716 443553 449
543815 451621 470
998725 536773 525
456194 816459 509
262956 438119 449
963078 229722 525
683769 326908 509
648247 80647 509
198378 518994 470
21903 533112 470
938802 583550 525
647815 992601 525
281358 240626 407
179554 809102 509
345332 101400 443
773376 678134 504
511674 160136 449
431047 108306 449
364022 473601 449
613914 882680 525
478662 916937 525
885102 584618 525
56682 704930 509
90721 48870 351
158156 849511 525
646084 692482 442
60154 332933 443
481755 300170 449
463579 96031 449
373159 54327 443
868603 620339 525
393876 85807 443
328534 106845 443
910826 744903 525
26373 439491 449
577336 751724 509
671910 520760 509
689934 59604 509
19734 197588 383
702228 703677 380
860994 459015 525
658613 91174 509
345762 571059 470
327380 706833 509
527364 191718 470
684092 946 509
856034 221725 525
823086 406950 509
241463 864489 525
822695 406783 509
652114 468000 509
883663 602937 525
993262 797456 525
596432 856245 525
819027 125859 509
831402 907767 525
531604 796001 509
385427 376920 379
539957 548705 452
826924 278401 509
827202 962712 525
758190 518882 509
426952 785210 509
750496 101948 509
268585 23948 443
217856 944087 525
314978 102524 443
85287 306421 443
314324 505051 449
729144 503605 509
98686 357475 443
729911 759380 424
391534 183488 443
738984 314154 509
990721 686576 525
665307 79498 509
517243 732917 509
137366 454968 449
69449 202339 383
481137 153241 449
168326 895611 525
932607 650525 525
270143 707037 509
71404 742075 509
433797 841817 525
136369 299910 443
179855 365565 443
134164 523815 470
368793 497709 449
632401 669197 442
709954 960532 525
653635 140697 509
44001 809535 509
267802 633529 509
466366 924159 525
358019 546054 470
82978 430920 449
515309 338187 470
775703 583378 509
134292 376369 443
300397 699193 509
404798 850042 525
290890 90043 443
297819 865555 525
713832 127452 509
661010 600869 509
1265 914920 525
262050 410546 449
626250 29776 470
354050 991420 525
699495 921601 525
257836 957558 525
409030 707569 509
816813 266637 509
167235 440612 449
419487 831880 509
411595 60612 449
567769 45836 470
623489 263757 470
607849 501032 470
5729 259867 443
647466 228404 509
35178 27928 311
297880 642246 509
423588 107852 449
425865 296940 449
568507 23907 470
560583 577379 421
663528 204719 509
130132 237348 443
896530 576371 525
917347 926328 445
59418 708346 509
947226 152594 525
600604 482618 470
854260 11167 525
866662 9576 525
747380 86717 509
386230 566739 470
578300 549726 421
544597 191149 470
244910 42095 443
896573 425776 525
593460 344936 470
539714 74273 470
94262 37627 351
102902 678813 509
544474 198710 470
784619 220414 509
603005 587390 403
830895 750725 468
363228 195237 443
594822 653206 509
74589 497788 449
851771 944544 507
17753 359049 443
766329 503713 509
182057 24186 383
861122 179585 525
566617 686572 509
752034 782174 468
278286 152170 443
27895 683840 509
659677 209160 509
132097 678285 509
818925 829228 450
421421 257837 449
267203 358798 441
334384 663773 509
643395 509501 509
851843 740302 525
249863 204535 443
789075 68681 509
372143 43895 443
144615 726044 509
323936 878151 525
228574 363334 443
54830 61232 335
363233 382766 423
662736 471143 509
91729 601498 470
386185 876856 525
24432 81863 351
608600 125655 470
125979 695592 509
702757 240481 509
98367 829404 509
762665 83359 509
819564 593152 509
851393 852460 344
981763 190249 525
72662 242043 443
489373 747871 509
383889 438829 449
322101 264621 407
596802 184343 470
399527 678852 509
652882 740409 504
105621 590393 470
26341 39138 324
536514 893545 525
750959 987358 525
379136 841760 525
655047 99315 509
216386 625931 470
744446 205979 509
454138 708274 509
68934 869880 525
155118 291170 443
83553 415607 449
878908 990314 507
603964 602549 297
52848 410672 449
103751 150064 375
993071 501022 525
894475 683540 525
935826 499149 525
55863 345975 443
140860 15039 354
857782 636106 525
107659 461735 449
425467 970253 525
381269 602247 470
240507 831021 509
324322 996086 525
595229 364112 470
448399 401539 449
921090 220691 525
789635 813472 468
68135 509700 449
645813 693363 442
139060 808010 509
511770 682006 509
536229 62543 470
782525 796840 468
305437 813216 509
680945 744940 504
333671 581308 470
40599 504846 449
369762 189860 443
203745 801950 509
763335 933123 525
272612 994869 525
967589 700245 525
5564 600179 470
921994 994921 507
701166 271316 509
108755 839530 525
93634 423141 449
788424 152253 509
604081 373709 470
62813 377354 443
165703 9696 383
358923 286835 441
104244 186049 383
286800 439610 449
220013 137783 386
953010 721841 525
606194 877446 525
197411 599620 470
953723 257387 525
691786 497721 509
471063 993014 525
745700 364339 509
798516 906863 525
519573 682578 509
417527 612619 470
687924 948962 525
392087 645324 509
161974 60361 383
446206 428319 400
308349 983392 525
801129 463045 509
484729 483170 320
807268 790972 468
804921 176156 509
799444 756064 468
571063 640453 509
631166 197255 509
355257 235754 441
393083 575873 470
329351 930890 525
634023 308302 509
312872 848242 525
67380 542672 470
240622 265836 407
1446 196424 383
278543 456263 449
915087 164367 525
171017 20446 383
678580 897114 525
347576 916878 525
173267 856662 525
300335 963313 525
371837 271544 441
209251 175602 373
701516 401867 509
550667 235822 470
457597 745568 509
429075 620440 470
363290 913156 525
428679 309922 449
119934 815524 509
965107 255302 525
610414 697209 509
447434 390720 449
430571 698005 509
23646 446692 449
499952 100600 449
580831 164341 470
329857 67369 443
778345 74697 509
599623 535754 452
618010 410727 470
856140 466846 525
952072 168406 525
992604 800174 525
440060 159406 449
297970 851632 525
636060 395846 509
192252 396650 443
562711 225989 470
685665 100662 509
574812 205121 470
52189 953527 525
588720 727596 509
481093 46624 449
174425 903351 525
936151 497435 525
575846 373319 470
512798 633260 509
493863 838140 525
273514 842168 525
667025 92137 509
427090 597671 470
981091 892652 507
479010 220379 449
74767 305960 443
536984 662445 509
220503 105213 386
291287 633703 509
976046 110966 525
5217 667790 509
249097 80856 443
732418 568600 509
660794 177575 509
839148 760019 525
934369 511686 525
261766 17390 443
778992 283084 509
735518 697037 504
395523 491726 449
67624 287371 443
101112 884018 525
534748 23447 470
712551 897955 525
590435 461085 470
392818 304580 441
847049 200609 525
598148 680924 509
251266 829791 509
459456 902544 525
126317 702145 509
543087 338996 470
923079 670985 525
363413 920050 525
246433 936117 525
365569 95741 443
481950 426658 444
686221 218314 509
178709 978699 525
610921 660801 509
84454 974025 525
727112 199962 509
804526 804693 313
511531 107704 449
408980 136735 443
643083 937196 525
781758 157687 509
844541 991396 507
630008 312582 509
173688 255303 443
218869 371798 443
976456 822897 525
921287 307544 525
41470 878754 525
855613 232118 525
150971 489749 449
531422 354740 470
287132 661653 509
699958 655851 442
872056 823270 525
363723 897780 525
59208 829715 509
593780 662656 509
35405 177291 383
797446 567501 509
854691 499500 525
642563 47450 509
92945 619772 470
555333 218112 470
884166 863740 432
27343 405466 443
421228 378479 449
641804 571933 509
696637 830939 504
737714 1328 509
423044 498470 444
626329 119358 470
153842 55710 375
311839 383734 441
1712 898591 525
241303 359997 441
116175 878225 525
162838 693999 509
346654 257711 441
321174 702215 509
426801 421602 418
658105 11424 509
762520 834955 468
661686 834134 504
105844 316228 443
489512 119855 449
382289 689629 509
411595 568599 470
284735 536392 470
54184 445678 449
264527 496389 449
859815 765980 525
496941 397129 449
595965 196841 470
796084 762643 468
675871 458222 509
639888 91602 509
705116 363741 509
509196 743502 509
655587 568762 509
22114 132883 354
946206 550988 525
156896 657056 509
291810 745429 509
804697 463911 509
348904 223742 443
41031 666504 509
528863 678077 509
900125 603282 525
785088 229666 509
209795 614570 470
642023 837953 525
478908 504079 426
757107 248368 509
888340 665017 525
793205 578955 509
737922 540710 509
443044 840027 525
753323 719809 424
867575 912756 476
800822 848397 525
167145 274202 443
155194 701066 509
979944 881017 507
768435 166910 509
847193 992130 507
263121 364417 441
800735 345078 509
115061 454807 449
472171 731035 509
825218 863933 525
386319 592151 470
483184 24938 449
405216 225889 443
406319 449438 449
984011 996716 427
510703 807825 509
564388 80675 470
903752 358682 525
417818 887657 525
108738 850572 525
639952 556285 509
917198 188126 525
657205 88163 509
207979 336328 443
846784 83190 525
369283 590840 470
272898 504786 449
20771 49106 324
858576 371137 525
328239 625433 470
652716 613482 509
144232 970462 525
959943 147372 525
404799 668180 509
258327 156363 443
632 892745 525
198925 94179 383
763757 400973 509
832249 283769 509
533728 351468 470
506461 470964 426
24394 960749 525
6736 902973 525
405576 105310 443
852628 213334 525
386854 963502 525
673075 724849 504
46989 878488 525
578587 29195 470
367914 309437 441
515695 211415 470
688189 285178 509
266807 413157 449
526500 885244 525
566484 713005 509
792349 581552 509
267011 865119 525
313100 498439 449
492277 31142 449
994225 580428 525
499131 592193 470
826596 899662 525
982529 467762 525
312026 49171 443
817133 308879 509
923912 976965 507
490613 672430 509
517001 51087 470
96246 492365 449
794274 481818 509
678435 85070 509
381669 742999 509
96486 358516 443
991654 59046 525
151230 311938 443
200736 138695 383
726960 674870 504
610990 159071 470
494608 238476 449
463890 459283 444
60624 455810 449
875389 40031 525
273729 153204 443
892794 66393 525
799697 449215 509
479924 638768 509
7303 322181 443
222800 50023 386
924134 757835 525
256613 139097 443
600272 810775 509
912064 851619 476
395497 17744 443
612916 962908 525
406321 923494 525
458767 640855 509
733488 407663 509
845908 246542 525
208488 176572 373
31911 677929 509
433353 51704 449
350989 504028 449
133315 362932 443
188360 500819 449
769216 632539 504
19878 567540 470
652067 825249 504
307555 777116 509
447907 848848 525
78306 142357 354
120693 484742 449
13249 117177 354
840573 928024 476
264283 648076 509
442342 439071 356
850058 898292 445
601114 590460 403
574355 683739 509
84855 839665 525
937447 729720 525
256849 266852 407
2777 948311 525
674099 944214 525
823057 774741 468
393216 467337 449
709288 397419 509
371732 64021 443
798565 198513 509
529703 947677 525
283182 352751 441
755054 786242 468
491248 327961 449
660545 660632 292
106108 235271 443
127371 885657 525
556838 976747 525
767462 102194 509
523861 135050 470
722099 911393 525
158556 226794 386
205287 554856 470
276224 739183 509
308048 654288 509
838726 502462 525
830093 689631 504
561657 149143 470
349616 840982 525
161443 708687 509
345730 99191 443
760674 788212 468
703874 361221 509
130359 800917 509
513323 312512 470
399508 3929 443
410652 456072 418
480673 453542 444
446035 13377 449
786055 439300 509
153014 392905 443
20492 272005 443
312562 720817 509
947050 513348 525
349254 635077 509
626380 729784 504
431210 630981 509
931158 552055 525
661696 60408 509
18788 517136 470
897408 893437 370
84790 974025 525
914939 108139 525
982128 293145 525
75442 519671 470
931085 436337 525
96126 993184 525
485601 751076 509
862999 639523 525
429208 374806 449
655714 255250 509
977695 749170 525
30751 484762 449
639406 560433 509
499508 227953 449
138738 168701 383
424911 277508 449
557123 243931 470
590673 487007 470
115186 599556 470
75310 801319 509
628666 652823 416
367567 478597 449
536439 862737 525
617165 461237 470
641887 459320 509
119354 297189 443
301231 354705 441
988239 19021 525
881777 472225 525
890968 719427 525
156178 704349 509
908779 64620 525
750386 316621 509
184848 598322 470
399756 235813 441
195821 913616 525
675134 423 509
653415 337231 509
864854 731681 525
523776 147474 470
595247 684321 509
666531 930051 525
477352 260090 449
272707 593849 470
928508 37392 525
131366 659227 509
774413 926450 525
855744 923551 476
64743 411222 449
478219 740799 509
35168 121273 354
21433 418231 449
705350 919950 525
19059 83405 351
845656 362573 525
929357 164005 525
681674 235307 509
631196 229110 509
295598 2791 443
735254 577752 509
983494 701366 525
801286 607078 509
734324 294004 509
150904 248323 443
651611 897923 525
492698 998481 525
884932 310730 525
995803 532103 525
804224 617274 509
385411 270505 441
457760 523250 470
555368 166472 470
963079 824018 525
343863 805065 509
488581 941210 525
732845 37708 509
825552 132557 509
707508 714345 411
653389 448097 509
947344 433766 525
818556 703570 504
398849 832288 509
491549 945611 525
630575 872405 525
983603 842512 507
452790 869508 525
10395 921322 525
778546 872846 525
115438 606593 470
1167 788354 509
254956 990204 525
45282 818804 509
910756 166916 525
877895 938056 476
