7270 7632 239
339641 339691 229
293435 293483 203
21038 21213 225
111387 111960 323
488299 488625 258
367517 367567 242
27890 28562 259
134497 134668 238
470379 470828 307
208307 208336 280
39927 40047 306
178524 178661 303
98643 99192 328
246124 246233 257
426891 426980 237
324718 325072 322
346035 346349 304
83274 83886 289
282783 283048 283
5094 5124 179
401102 401243 387
360730 361359 366
150360 150441 233
109003 109391 292
483722 483815 227
423257 423389 250
418921 418994 237
258380 258544 301
60111 60335 317
249580 249750 332
391402 391424 299
67214 67338 237
195056 195722 360
382339 382365 149
384329 384824 330
372441 372662 224
182285 183225 334
222514 223122 324
239494 239710 306
358823 359270 242
233378 233473 275
141556 142138 326
213893 214404 324
367026 367098 242
45377 45709 239
342726 342726 53
337731 337949 247
61953 62021 317
285313 286027 296
308101 308220 353
482899 483228 258
423607 423624 219
252003 252163 257
278573 278717 283
417130 417242 299
324224 324340 322
27698 27738 153
155190 155271 202
321630 321640 123
477472 477944 307
209489 209986 280
456531 456573 232
274581 275041 314
422178 422259 250
188985 189211 254
356433 357085 317
53121 53669 322
433411 433593 232
81704 81872 258
287570 288301 327
132849 133127 331
298401 298568 234
418206 418423 281
26156 26651 308
189034 189659 316
51883 52173 278
52105 52207 203
490474 490535 276
365341 365463 317
119022 119089 181
485161 485181 214
294278 295177 358
300185 300399 234
164577 164588 290
66038 66335 268
253769 254379 301
53736 53838 247
83510 83764 289
463686 463862 276
440552 440740 294
321984 322035 247
158374 158585 321
184787 185451 329
148227 148789 326
328983 329137 335
154367 154463 277
188706 188711 161
423396 423468 250
329441 329475 185
495605 495742 320
244198 244624 257
425273 425377 325
479678 480221 351
338923 339081 291
310412 310603 278
449399 449492 369
349779 349972 366
362532 362607 211
353784 354070 273
197076 197882 267
110979 111186 261
76530 76575 201
15349 15597 240
459081 459110 214
32158 32255 192
420162 420536 343
292979 293011 159
248458 249247 350
232703 233165 306
426314 426861 356
395473 395569 268
82826 83049 289
220219 220219 200
254201 254440 288
99299 99329 160
484502 484504 170
339004 339301 260
330081 330413 291
316629 316629 128
358165 358261 304
165238 165502 321
112427 112580 305
477173 477192 258
149027 149063 158
428473 428590 281
469248 469253 157
84440 84456 227
152944 153545 308
382572 382587 237
350423 350452 167
132699 133330 331
439488 439781 312
5122 5149 148
63688 63726 255
101810 101955 235
82024 82052 183
195597 195697 223
270901 271180 283
427079 427106 219
315627 315662 247
254841 254913 363
346648 347095 304
217313 217944 249
186424 187079 347
167772 167807 215
476916 477149 307
292876 292898 203
101098 101148 235
189521 189678 254
358051 358252 379
271295 272136 270
288962 289046 234
292363 292393 177
291394 291824 296
383137 383280 299
418411 418880 343
341997 342437 335
70205 70308 250
485005 485083 276
380435 381006 299
30336 30350 210
257954 257958 195
215710 215761 187
209130 209541 311
156486 156957 308
321390 322071 278
204108 204467 311
297986 298172 265
164947 165299 290
239894 239980 275
150109 150599 339
458282 458359 232
319875 319981 278
278011 278048 164
254016 254384 288
411919 412565 312
292462 292748 340
428053 428099 281
476282 476349 245
402841 403352 255
92096 92337 284
141923 141964 251
49452 50163 296
494759 495393 351
339277 339385 260
434196 434601 338
135732 136418 313
241167 241545 275
143880 143944 220
307357 307833 278
215929 216026 280
219357 219425 337
90972 91131 240
271744 271939 208
406667 407249 343
330158 330885 322
114619 114642 199
319326 319482 322
155791 156573 383
296272 296396 327
8284 8508 234
248705 249098 350
112161 112625 323
333121 333189 291
271722 272328 270
409488 409670 281
123130 123455 331
132587 132990 331
245854 246446 257
391927 392016 268
25338 25356 202
314944 315325 340
173974 174153 228
324666 324881 322
261991 262368 301
54142 54241 247
45479 46187 252
389343 390115 361
375452 375708 330
412297 412588 312
399765 399838 255
271453 271938 270
229190 229264 231
5993 6054 187
172779 172808 197
289517 290060 327
195824 196642 329
495751 496082 320
173422 173494 210
414260 414298 131
494983 495216 320
369360 369467 255
402931 403160 255
298578 298958 371
248639 248658 288
213518 213582 218
436344 436854 325
427666 428316 374
355357 355441 211
390694 391165 361
169336 169390 259
386006 386146 255
330199 330604 291
390843 391482 361
416959 417031 188
376198 376339 255
318270 318855 353
358470 358479 167
315494 315590 278
342846 343073 273
237924 238053 306
478039 478348 351
71072 71249 219
451769 451961 294
237793 238435 306
12051 12219 250
373786 373790 136
285798 285861 252
457240 457396 276
126515 126521 181
104585 104683 310
160461 160471 215
357855 358235 379
102174 102252 204
166884 167361 321
135142 135332 282
440676 440928 325
329707 329707 185
499675 499836 289
89726 90292 315
57171 57427 229
91582 91586 253
196839 196926 236
193903 193913 205
359837 359847 242
181926 181961 210
442728 443157 325
158467 158670 277
318747 319351 322
58168 58209 198
452341 452760 276
321485 321647 247
116344 116690 305
206131 206216 311
470613 470641 170
375373 375400 255
128854 129258 287
227096 227477 293
218004 218005 94
207557 207650 249
88591 88662 271
234316 234976 337
497369 497620 258
63173 63370 224
62340 62340 87
25493 25564 215
17052 17078 173
138423 138964 282
424315 424361 219
435573 435906 250
314589 314725 278
156944 157077 246
413449 413555 237
291823 292229 265
376279 376279 61
237276 237541 350
36376 36538 249
110973 111027 217
115323 116034 349
480909 481000 245
201547 202120 311
487794 488217 382
328673 328747 216
50472 50887 278
7429 7892 221
107994 108046 279
276352 276529 283
95636 96462 297
100496 100514 266
20755 20794 225
450182 450352 263
337864 337981 247
204386 204536 311
435279 435297 188
348427 348461 229
599 670 145
222018 222428 262
377201 377488 255
410599 410843 374
245411 245786 319
124880 124913 181
187241 187501 329
25932 26087 202
273828 274222 358
248651 248732 288
12596 12787 201
431414 431665 312
28475 28511 166
69909 69965 250
42075 42209 226
137253 137965 313
486207 486534 320
64634 64657 193
262608 262687 239
57525 57962 273
390987 391036 224
9750 10037 242
91112 91654 333
345133 345790 304
330315 330935 322
198972 198991 205
368033 368200 286
218299 218300 143
287594 287597 221
140764 140937 251
222937 223003 262
388777 388928 268
170689 170809 259
99300 99526 204
196846 197119 236
498640 498822 258
418053 418071 157
43888 43897 164
428129 428255 281
412018 412344 250
224021 224098 231
329893 330610 291
114441 114603 261
236749 236752 76
298567 298648 203
54111 54389 260
452382 452727 276
250195 250264 257
91830 91953 209
438131 438504 294
17421 17708 279
264254 264369 270
132115 132185 194
52759 53533 322
424953 425099 356
100904 101208 297
497933 498134 351
30534 30976 254
388989 389093 268
336576 337406 291
455142 455221 263
160873 160897 246
423236 423253 157
242593 242791 213
108316 108331 204
488792 489475 351
158858 158867 153
261156 261700 332
372729 373327 286
136550 136668 269
89594 89706 240
495133 495309 320
468320 468477 320
424802 424825 175
328043 328147 260
387594 387606 193
206108 206639 342
391522 391771 224
267617 267703 270
174575 174669 197
294574 294783 296
470628 470761 307
366021 366931 317
276327 276412 314
411707 411877 281
163733 164086 321
222633 222680 293
157501 157677 339
321975 321976 154
471642 471820 232
451523 451526 113
295969 296104 265
65146 65447 224
341013 341189 304
475117 475520 320
110557 110781 292
292679 292694 190
274536 274881 252
271774 272047 270
303310 303409 265
224347 225083 368
307230 307273 278
96143 96253 191
130135 130165 194
239328 239497 244
339632 340261 366
362741 362747 211
48569 48992 296
433878 433938 250
159499 159585 215
103199 104037 279
457543 458076 338
30882 31053 210
278199 278625 345
388405 388868 299
299837 299842 221
409886 410305 449
481754 481996 382
252468 252480 257
64984 65318 224
398789 398791 237
4868 5407 210
170288 170683 290
142601 143299 326
207906 207976 280
157357 158117 339
376592 376670 423
366794 367364 348
325084 325119 229
17441 17476 173
218024 218067 262
218523 218615 187
342856 343268 273
313732 313942 309
418942 418983 237
116782 116823 243
320114 320118 97
408377 408447 237
40260 40386 244
77125 77186 232
137425 137425 176
175013 175427 241
414422 414583 374
92517 92744 302
302063 302812 340
125656 126269 318
387640 388391 330
324556 324826 322
285946 286339 283
440437 440589 294
314326 314354 203
274182 274183 208
349651 349677 304
53135 53301 309
485056 485626 320
54628 54938 216
490520 490606 320
433308 433365 250
456392 456507 232
343893 344023 229
82488 82570 214
396463 396603 299
92419 92435 178
145654 145666 189
287898 287898 190
305893 305931 203
486722 486889 382
404621 404671 268
346802 346935 242
429450 429569 250
38867 38981 244
131195 131531 238
379690 380381 379
124 436 144
68576 68602 175
161591 161667 277
404337 404385 299
221461 221463 231
174538 174623 197
237727 238167 306
273418 273558 239
485103 485299 320
331402 331449 185
192081 192632 329
289372 289999 327
357897 358069 379
4397 4683 184
434207 434241 338
90618 90671 209
274862 274968 314
327475 328245 322
286217 286291 252
137654 138093 282
418333 418652 343
281196 281412 358
441996 442173 294
341423 341743 335
305708 305763 203
457558 457564 201
288895 289631 345
425980 426217 312
4302 4568 215
260862 260875 195
215366 215844 280
401083 401161 387
277116 277126 252
48154 48164 190
85992 86485 302
21891 22198 269
426617 426727 356
121960 122177 256
199106 199585 329
67595 67712 312
40469 41186 288
170318 170688 290
53542 53920 247
140701 141228 282
2812 3219 217
477878 477888 201
181542 181627 272
3554 3557 150
432016 432268 281
18924 18952 230
89425 89442 240
475187 475929 320
111865 112197 323
207070 207276 311
17672 17687 279
85730 86166 258
370821 371159 348
200888 201537 267
166322 166508 334
194283 194517 267
323603 323876 291
196034 196412 236
260243 260402 208
342946 343738 335
438898 439129 294
386688 386798 224
62915 62945 180
293954 294096 265
44527 45376 314
197869 197895 161
371907 372683 317
371223 371273 211
159956 160650 370
78524 78703 201
203985 204071 280
19985 20024 212
465012 465355 263
148020 148788 326
369572 369607 211
175854 176106 272
229933 230377 306
2286 2827 209
339099 339335 260
105003 105181 341
88909 89096 302
362005 362109 242
253143 253449 306
210287 210331 249
19677 19967 274
74978 75048 307
412689 412776 237
127387 127885 256
339011 339027 260
39258 39402 200
9518 9563 198
437274 437480 263
69193 69521 281
72142 72189 180
12310 12424 263
326633 326738 247
57540 57961 273
382486 382726 317
267819 267853 146
249004 249105 350
212920 213060 311
251922 251959 195
394622 394725 405
50389 50528 234
148351 148726 326
67269 67484 237
149798 150418 370
364825 364886 317
377105 377518 286
347255 347339 322
357585 357644 242
357209 357237 273
377318 377364 255
9774 10150 242
176228 176326 303
265874 265876 195
3550 4316 238
159922 160193 246
124104 124216 225
421994 422193 356
78731 79309 338
107843 108006 248
5633 6191 262
469951 470457 307
448685 449302 338
101184 101199 160
193675 193755 223
113366 113433 248
362691 363550 273
482430 482452 214
62408 62671 255
140260 140261 70
351627 351672 180
248714 248731 120
455962 456306 338
311781 311811 234
91399 91853 333
425540 425734 250
205911 206197 311
302655 302692 172
228808 228991 262
108257 108803 261
311585 311664 247
172538 172997 303
267727 267927 301
225285 225773 337
75068 75574 263
131143 131332 269
323895 323904 260
73506 73514 170
159938 160049 215
78162 78165 170
21622 21626 194
192888 193041 267
415867 416019 281
341069 341081 229
38379 38413 200
295346 295710 265
349168 349342 229
400130 400237 317
19546 19861 274
263554 263743 270
459174 459675 307
82301 82663 307
65211 66023 268
386305 386549 255
287631 287784 221
152764 152902 233
141081 141353 282
179246 179461 303
160579 160579 215
70333 70681 312
107423 107433 217
52969 53141 278
229846 229848 156
25130 25237 264
383286 383300 224
234516 234567 182
485067 485592 320
8267 8453 234
482097 482106 214
340719 340784 198
484013 484471 276
472880 473205 307
311314 311587 265
161334 162047 290
391590 391762 206
300641 300782 309
214318 214461 249
22783 22833 207
98480 99208 328
90092 90353 315
448179 448584 369
160637 161200 277
442224 443049 356
239122 239543 306
333491 334335 335
451731 451800 232
471754 471840 232
155735 155763 171
350113 350600 304
436190 436883 325
242616 242760 213
455917 456128 338
12641 12877 201
23628 23846 251
467132 467343 245
324516 325130 384
279557 280143 283
476761 476762 152
111772 111968 217
65592 65668 237
138074 138388 313
231669 232165 306
176660 176681 166
232095 232493 337
143337 144010 282
393911 394258 361
317006 317053 278
379509 380237 379
455874 455999 219
116517 116813 305
294615 294669 190
429486 429545 250
286427 286798 314
125899 126187 256
241139 241172 244
91744 91879 209
96703 96753 209
42300 42963 257
104536 104607 204
415026 415684 312
111147 111199 155
445713 445779 263
423647 423921 418
359117 359262 242
290426 290811 327
91204 91729 333
339934 340193 291
48069 48205 252
251017 251325 319
434768 435369 356
62331 62413 224
174796 174842 303
419517 419800 281
283952 284025 314
490307 490323 183
143036 143600 282
181576 181682 223
170010 170442 290
25664 26068 233
462951 463272 325
203635 203789 236
492607 492896 258
82384 82420 307
298341 298706 265
451998 452286 263
168841 169328 334
168090 168297 321
352129 352493 335
226988 227190 306
39896 39921 244
169635 170246 290
82536 82975 320
243650 243778 226
344706 344904 304
135303 135390 313
180216 180421 285
388086 388476 330
391438 391793 299
446826 446826 95
189129 189272 254
200430 200850 311
252596 252709 288
78293 78729 307
213282 213666 298
41862 41931 182
342492 342552 216
477830 478024 214
185123 185749 303
343963 344719 304
192216 192304 329
488200 488283 245
445010 445068 232
334382 334727 291
284936 285392 376
499561 499969 395
298796 298797 40
60072 60072 30
51250 51273 234
3634 3874 238
153203 153367 264
217668 218451 324
362659 363438 273
325977 326403 247
111990 112319 323
399252 399438 299
123341 123565 331
21305 21571 256
369770 369979 286
388226 388271 180
384549 384659 211
242315 242407 275
66411 66852 268
182111 182127 210
170433 170514 228
462518 462964 307
10134 10363 242
242433 242474 319
22196 22289 238
468201 468638 382
264687 264995 332
166542 166545 184
139535 140318 344
451505 451574 276
287154 287271 283
93086 93094 147
32765 32799 161
248045 248098 257
448257 448663 369
480356 480367 183
460962 461020 276
369222 369406 255
380688 381158 286
21462 21654 194
317624 317927 278
41124 41522 226
303384 303472 265
11019 11319 237
281263 281384 314
449956 450454 369
315487 315660 278
177865 178318 347
18823 19216 261
475213 475395 320
432744 433029 396
8074 8160 190
116308 116911 305
154601 154719 308
291908 291960 221
25307 25315 83
466070 466260 307
425592 426036 312
453821 453935 294
455020 455050 263
392987 393130 268
467368 467416 294
379683 379820 361
321871 322001 260
244635 244942 275
7688 7737 177
121085 121302 274
249632 249909 332
151478 152252 295
230147 230406 275
297398 297441 203
41067 41245 213
148981 149033 158
204498 205186 311
127817 127874 225
486355 486386 245
236195 236279 275
332594 332668 229
4339 4986 215
478200 478993 351
46799 47294 283
102524 103244 310
396028 396188 299
11705 11793 175
229224 229737 293
411 982 179
451849 451929 294
7775 8098 252
395325 395393 268
8607 8626 172
31145 31185 148
416578 417219 343
257175 257848 332
3352 3391 181
405569 405830 250
47885 47913 221
220700 220844 231
452838 452903 232
160543 160954 290
123750 124280 318
364106 364974 317
221685 222445 337
440160 440783 294
285041 285095 221
285396 285461 283
200621 200689 236
188998 189102 254
263962 264289 332
373958 374095 317
284207 285185 376
5506 6098 236
411417 411451 219
179929 180366 285
149604 149807 264
123170 123927 331
456089 456365 338
424730 424926 219
457559 457754 338
122719 122929 318
322809 322827 229
405892 405897 206
463914 464507 338
10350 10352 149
275388 275793 252
321535 321697 229
328685 328760 291
137865 138387 313
400837 400975 299
300477 300542 340
180723 180731 210
157505 157556 277
436067 436292 325
248664 248689 257
187431 187584 316
498506 498703 289
143347 143455 282
201203 201230 161
216931 217330 324
161355 161984 290
49002 49070 172
301843 301874 296
139080 139327 220
195849 196185 329
460858 461351 444
363136 363512 273
242065 242280 275
470711 471157 307
34453 34458 81
71781 72025 250
207561 207596 236
89412 89469 240
25014 25622 264
187752 187928 285
285413 285518 296
339849 340305 366
286630 286693 252
366608 366701 317
15093 15185 222
43318 43455 226
389442 389657 299
65242 65755 268
71483 71521 219
497536 497641 258
242498 243202 288
83070 83255 227
40837 41061 288
342097 342419 335
360893 361052 366
74764 74838 325
273247 273562 283
184947 185097 329
108561 108700 248
455974 456370 338
194120 194689 298
289859 290109 252
935 993 174
387842 388227 330
338671 338852 260
316663 316738 247
449851 449858 201
15813 16104 253
187583 188232 316
168691 168723 215
487169 487180 214
441606 441729 250
224156 224342 262
302774 303383 327
136108 136265 269
426341 426406 281
294393 294580 252
401315 401553 268
491185 491207 245
155151 155499 308
363818 364083 286
25687 25704 140
109488 109767 292
442424 442760 356
338940 339358 260
251919 252635 319
114396 114521 217
495292 495488 289
354988 355008 154
