102467 412288 449
207693 76413 383
516650 604109 452
445970 183052 449
618003 166933 470
591387 766966 509
286224 398479 441
489948 766956 509
898530 860298 445
730830 281619 509
881440 666438 525
861139 989964 507
307984 164629 443
642963 232125 509
925856 112143 525
228524 500781 449
134657 248976 443
637399 372824 509
696155 450031 509
186550 596480 470
912117 37250 525
983866 9804 525
769689 9245 509
386731 710836 509
92443 822907 509
539636 827336 509
82285 377080 443
33027 884778 525
157648 206851 373
116419 75955 354
629137 818051 504
202565 265369 443
275623 60474 443
19478 778462 509
140243 456157 449
309722 532264 470
33731 232392 443
501303 853293 525
66705 240153 443
44308 34404 324
616153 15244 470
838015 829110 525
125373 525111 470
283489 334715 389
30380 968057 525
358715 130152 443
466680 698277 509
802332 806902 375
633724 550009 509
36352 748751 509
254142 653208 509
89255 905937 525
262492 163040 443
183201 489658 449
73904 73413 294
210408 742651 509
724484 623605 509
384925 870146 525
128811 425166 449
460901 632863 509
279712 787953 509
54207 190616 383
613904 278925 470
491049 362788 449
4757 40699 324
888298 252253 525
18842 79742 351
702198 14979 509
612947 623018 447
74380 691530 509
357656 769280 509
969424 332871 525
385530 324675 441
302468 925706 525
487352 725535 509
167332 767012 509
358282 893189 525
517641 259156 470
744287 331081 509
550369 542389 452
803503 623782 509
871720 787295 525
100866 106645 354
770531 313747 509
349099 985371 525
519074 352992 470
924965 754025 525
203019 234634 443
784469 810710 468
742055 959820 525
210676 640862 509
294347 555920 470
717166 532887 509
388647 727115 509
841284 229482 525
847618 190828 525
764812 185738 509
758214 683763 504
44070 703030 509
516108 36064 470
893495 402345 525
880813 440777 525
701408 574310 509
289003 222416 443
846909 443615 525
601359 57153 470
593716 376246 470
422081 883227 525
349725 368076 410
2006 219147 386
967272 627599 525
91321 475440 449
914207 814333 525
474402 190045 449
43485 143549 375
28872 165466 383
630843 509276 509
188079 855632 525
216101 417973 449
538501 300880 470
281765 537938 470
792046 590025 509
718999 242753 509
581599 529027 452
479991 615034 470
933702 597156 525
489544 949122 525
75005 694890 509
308034 83556 443
582555 845128 525
801172 657096 504
148360 253104 443
106168 132383 354
205753 703829 509
993700 701215 525
871401 562819 525
643668 772761 504
558283 920595 525
291036 964327 525
880540 99103 525
895587 442537 525
222752 624389 470
263314 195849 443
409284 310935 441
43132 717471 509
61999 635861 509
964129 516933 525
458479 583299 470
117488 500472 449
432333 478839 444
153427 222194 386
230074 519750 470
914905 232506 525
346036 138191 443
302728 676115 509
492034 551807 470
425169 123007 449
768824 789684 437
271763 571986 470
242228 702856 509
36041 132973 354
891295 439363 525
644211 72211 509
895571 186759 525
203032 460536 449
522940 653158 509
715132 381029 509
231389 405174 441
106889 576641 470
723140 331805 509
33814 114192 354
506910 822606 509
60411 437576 449
405628 791877 509
223122 424854 449
468012 144534 449
71735 361446 443
931206 250597 525
520093 220903 470
469761 201447 449
22981 197276 383
638104 180290 509
112386 966205 525
556997 950476 525
381161 838297 525
850160 897738 445
881341 496698 525
149179 46280 375
222508 835053 509
150093 184364 383
604772 1994 470
923847 504190 525
621893 849332 525
608442 695092 509
21262 824137 509
599574 81109 470
135744 956513 525
218330 406888 443
412605 7388 449
581906 133498 470
189925 351785 443
2021 382407 443
522175 596377 452
854798 876775 432
673225 844794 525
127325 679817 509
694386 524688 509
75187 166779 383
932697 637607 525
900190 326828 525
94034 561945 470
559849 151457 470
668769 272517 509
684447 895051 525
744201 194646 509
741330 399757 509
936111 309025 525
640434 360300 509
907536 504522 525
713720 404716 509
570461 243478 470
671343 615060 509
28102 77883 351
689224 679040 398
882162 420159 525
119418 211272 383
49611 730409 509
542923 14009 470
383875 199241 443
563734 654772 509
430770 364070 449
135821 856328 525
652972 444882 509
537090 847101 525
589565 586329 359
775221 172573 509
168360 475800 449
101605 76100 351
825717 816514 450
996665 617199 525
106999 981072 525
972 293576 443
994163 480218 525
833101 297581 509
637125 45453 509
541836 286553 470
332312 549815 470
874687 938370 476
203212 351400 443
447640 747954 509
879929 127659 525
716511 787485 468
661943 829054 504
675300 183309 509
872928 988248 507
841779 177338 525
899005 510825 525
588441 51924 470
340946 996629 525
594406 257442 470
733227 113786 509
940450 534166 525
893473 102530 525
657685 48325 509
497641 920951 525
836463 840897 525
340445 173196 443
374621 631740 509
676274 861633 525
215439 36776 383
360591 272619 441
320742 988408 525
370990 301386 441
421813 936040 525
904445 120838 525
771610 722120 468
174462 943682 525
120799 747574 509
398828 374211 436
94998 667761 509
233369 418287 449
152204 795446 509
105749 56028 351
641580 170910 509
900159 585434 525
914711 821797 525
181018 936581 525
408247 647906 509
392231 320218 441
525909 90854 470
76555 912753 525
604549 887867 525
304153 558257 470
312891 756010 509
935195 469444 525
265495 441876 449
651524 681499 442
154099 726334 509
537985 118615 470
222865 359644 443
364370 902167 525
815135 574537 509
181302 306459 443
72408 480207 449
793458 163191 509
699596 865318 525
584790 655173 509
255713 460778 449
844655 215057 525
370547 651210 509
560971 563069 359
13265 736655 509
814505 951878 525
789083 782414 406
713533 125181 509
759137 645116 504
864414 793569 525
463480 107837 449
873674 56310 525
377938 17550 443
341373 886399 525
605785 606385 328
332520 799380 509
51124 646572 509
829883 160730 509
952224 980801 458
182507 284243 443
482446 168691 449
902767 832689 525
119674 270709 443
241763 865500 525
811258 68133 509
27815 765531 509
242475 597187 470
102897 812691 509
77608 703686 509
982698 216884 525
162208 238136 443
821250 352128 509
834494 488017 509
432365 889601 525
627609 851853 525
637517 666905 442
390320 607652 470
31133 876848 525
802646 815623 406
915822 450094 525
208583 961888 525
525943 46122 470
877798 326846 525
170680 575835 470
191994 320171 443
857757 642269 525
732975 126077 509
654914 204043 509
934660 50027 525
184837 406154 443
410000 444572 449
485506 166658 449
538696 151411 470
84642 303502 443
618471 53306 470
695456 796834 504
260547 748385 509
930364 37524 525
620845 96124 470
917131 457221 525
77496 635327 509
583586 879288 525
620920 726575 509
626216 899433 525
246301 952403 525
96354 991420 525
214465 436169 449
5245 244048 443
63580 573831 470
73925 343524 443
551557 361182 470
521855 808952 509
331517 332512 353
713726 521876 509
607279 785819 509
259244 233571 381
482646 775856 509
306576 221236 443
360716 521462 470
884992 347495 525
923945 750234 525
162950 973270 525
741785 834867 468
899265 14253 525
923116 745205 525
510114 713904 509
921256 122620 525
464539 744455 509
278935 593764 470
895177 121021 525
891367 584811 525
686406 217234 509
92694 821104 509
24647 264310 443
312778 737795 509
688610 974937 525
189244 661960 509
772810 618 509
288176 724075 509
205385 463182 449
123812 525353 470
299281 721050 509
63659 26776 340
700266 276944 509
254742 475637 449
830309 510156 509
656089 376810 509
212948 942988 525
62473 119990 354
678954 512873 509
57952 352763 443
234393 820000 509
751540 145079 509
505992 321523 449
980796 416716 525
915278 729970 525
185052 629374 509
656412 493004 509
64168 903582 525
823979 747847 468
370080 172665 443
645640 885397 525
99036 787259 509
287718 171240 443
37552 830585 509
515124 363607 470
92976 883764 525
74084 67892 325
341709 819523 509
828664 565209 509
939024 519711 525
800057 955888 525
341882 966058 525
538903 840546 525
40855 593893 470
991778 110047 525
723277 915120 525
817624 185239 509
494083 390403 449
160690 707643 509
163660 182351 365
214022 968588 525
326726 463625 449
610330 527622 452
859284 238683 525
181885 527977 470
861532 408616 525
942904 199661 525
986083 948950 458
99601 247224 443
478597 354791 449
395928 62928 443
291111 851369 525
396188 565934 470
928848 576498 525
206603 539108 470
584402 961032 525
292052 477253 449
877246 700986 525
175211 550245 470
632864 8089 509
964911 463035 525
539134 612422 452
478720 919180 525
845520 280072 525
659362 488276 509
113992 300047 443
571897 878817 525
183361 527881 470
372811 630767 509
217932 579193 470
705630 786227 468
927252 716211 525
270987 157284 443
669555 825838 504
190787 888514 525
293800 751754 509
913029 374228 525
793409 608504 509
40814 519634 470
401778 706300 509
699151 378463 509
871066 375735 525
37422 420840 449
760631 466897 509
693122 913240 525
491936 163056 449
581082 972108 525
277821 191507 443
117327 894397 525
334238 620221 470
911685 997928 507
763167 426166 509
369931 813676 509
341117 527733 470
414617 468042 444
46074 248403 443
371669 148812 443
347743 371007 410
763612 852179 525
115464 341752 443
414038 114164 449
962264 471261 525
594137 107601 470
142418 477444 449
451199 571026 470
906816 634069 525
249714 279206 407
852008 481940 525
954615 683319 525
84388 269736 443
898434 474189 525
473454 402728 449
32509 952256 525
353118 464021 449
978075 536738 525
416727 249856 449
505431 592658 470
361703 533434 470
495606 92950 449
898883 386967 525
24774 823933 509
827901 186221 509
180512 762143 509
974872 373127 525
122811 540366 470
326696 528322 470
871221 237973 525
815268 815549 357
290847 998195 525
995491 803024 525
800085 631215 504
617290 583330 447
796320 611050 509
560789 933650 525
634730 935834 525
235705 553619 470
970226 680703 525
744128 650582 504
232224 730896 509
476625 914177 525
122952 906654 525
414614 227059 449
67394 263155 443
9932 930072 525
79665 815943 509
821197 622599 509
207772 868579 525
24975 997297 525
565610 833686 509
859951 138588 525
525003 285823 470
79421 752371 509
317219 575162 470
609871 527447 452
556209 790655 509
72541 984561 525
846661 81907 525
305344 865003 525
58677 237520 443
911962 106093 525
245499 147102 443
504210 395056 449
837349 32953 509
236792 975830 525
277340 579650 470
457436 985843 525
867030 785241 525
510295 943110 525
279922 241691 407
589737 799971 509
79785 875737 525
901682 81045 525
73784 960911 525
560043 272594 470
442968 479434 444
639299 712313 504
157727 966829 525
586529 516992 452
114368 625908 470
936453 495559 525
960485 329384 525
593018 832396 509
528418 736431 509
166282 536781 470
813560 988453 525
261848 75804 443
240997 699077 509
693548 217625 509
611939 354583 470
262912 277697 407
240251 950822 525
658907 691310 442
837380 134012 509
769350 30996 509
217005 224156 355
55172 286932 443
733269 985215 525
867485 863237 388
980697 585428 525
635267 384191 509
940496 849521 507
621896 13880 470
805420 143128 509
548024 673115 509
830610 314958 509
366080 781807 509
995525 336536 525
110661 97168 354
105491 170353 383
255008 882519 525
371382 28653 443
795742 193129 509
972028 385795 525
237910 60145 443
693267 722038 504
335589 987460 525
345837 115914 443
387984 536360 470
264996 92165 443
828588 86395 509
89766 964073 525
960264 746410 525
88776 690145 509
869505 105763 525
250967 668363 509
639717 211895 509
978913 105111 525
19895 126638 354
624587 574433 447
188700 330624 443
984385 96324 525
384850 434140 449
742585 745540 318
106248 325735 443
318897 206000 443
668822 399306 509
563007 326765 470
971209 589491 525
751970 146118 509
845904 997700 507
718006 828248 468
857075 181523 525
75690 815909 509
498941 123485 449
168182 321354 443
578431 296998 470
829175 151500 509
956994 553977 525
506302 152047 449
557260 107080 470
936423 135101 525
592184 147217 470
955251 667367 525
781911 492212 509
293091 198423 443
24566 613912 470
313028 623722 470
672360 838196 525
623890 943419 525
527692 995120 525
711903 399841 509
662460 245661 509
124677 573224 470
627683 798342 504
79323 872576 525
963211 215468 525
501929 677111 509
745080 597231 509
614946 830320 509
280624 115735 443
27192 45526 324
741452 783913 468
431152 96706 449
227604 510598 449
135223 4731 354
401668 77956 443
743677 116305 509
791320 736479 468
911922 355310 525
207938 342307 443
644488 614421 509
495875 948544 525
541784 374786 470
243198 234060 381
540812 84679 470
834642 228210 509
414494 501799 444
699066 226707 509
802195 280949 509
137449 241951 443
126405 257785 443
257573 580573 470
21775 594243 470
284895 372354 441
55039 681829 509
566073 909388 525
568411 180601 470
585359 204245 470
533364 55328 470
131142 93550 354
783117 972540 525
689867 741909 504
905506 975333 507
220022 424356 449
256205 254543 363
635784 757816 504
906663 898917 445
777073 28567 509
110854 312115 443
982380 228943 525
877394 125634 525
937908 818934 525
114281 774329 509
529626 903684 525
296072 811128 509
455334 443866 387
739489 661360 504
296157 660528 509
993182 12160 525
238902 968198 525
8530 821357 509
273162 469057 449
197275 951802 525
253831 307065 407
62530 395120 443
968017 444529 525
254760 663279 509
225255 756179 509
924189 182397 525
904806 699190 525
464388 921919 525
950202 314326 525
845247 300191 525
58455 436635 449
972104 906877 507
532384 877727 525
964408 321363 525
665002 9953 509
83135 347805 443
523843 800892 509
740482 160885 509
972615 470056 525
665520 6351 509
782697 764949 468
770991 337458 509
276288 467501 449
542959 218329 470
837651 371903 509
158274 879815 525
13700 239281 443
904701 879678 445
687657 392128 509
543100 69880 470
790565 811474 468
796358 697746 504
259048 132392 443
290086 419049 449
950852 479311 525
697899 749201 504
192643 963024 525
79703 759220 509
710588 88114 509
43712 386845 443
239809 645371 509
338419 96793 443
933518 631764 525
294495 319798 384
309119 734469 509
521544 925719 525
342723 209712 443
831905 255057 509
124213 996909 525
252583 24767 443
334357 439271 449
514227 833092 509
528660 480157 470
718420 374546 509
588002 6796 470
204998 716178 509
705065 597116 509
521424 721413 509
352694 159552 443
966384 595351 525
963350 348543 525
397546 488235 449
628496 589460 509
895251 570362 525
297110 595925 470
823772 186111 509
460573 340599 449
772233 826741 468
607095 118747 470
558778 216460 470
216044 84241 383
792773 785044 437
347375 42599 443
587394 969544 525
23428 348356 443
653951 929584 525
362375 108377 443
772502 423284 509
520378 62957 470
182074 337448 443
851968 167848 525
757246 25378 509
677404 88304 509
503374 523279 470
726971 237174 509
305935 502054 449
743655 229897 509
483808 591337 470
98862 417478 449
323785 378404 441
295369 612369 470
793806 843538 525
285198 387 443
253650 418088 449
958446 183788 525
489984 930654 525
506207 116465 449
412145 894310 525
623637 552546 447
448195 353606 449
398168 355783 436
98089 589311 470
876204 320934 525
330927 622723 470
575686 892380 525
982933 686227 525
921434 572652 525
26957 665104 509
737627 778196 468
375852 265007 441
503242 195933 449
662275 133657 509
230456 237044 443
445452 943213 525
185151 279611 443
348709 116162 443
557884 985530 525
375533 312825 441
891262 906384 445
810280 368630 509
57204 835342 509
734110 215834 509
789401 285683 509
907219 604500 525
850373 90107 525
42909 574215 470
439446 317982 449
863715 559673 525
221846 540094 470
648814 443986 509
626910 363031 509
697828 523101 509
775375 179283 509
519229 198432 470
455165 196422 449
950645 773648 525
78406 121890 354
510113 262125 449
79293 882055 525
316648 896146 525
15433 579226 470
988411 615282 525
930321 562497 525
188365 263056 443
740594 172787 509
429894 367059 449
400723 974866 525
445805 62864 449
944985 305773 525
758921 56748 509
740351 836816 468
44765 132335 354
135635 792793 509
748382 983456 525
346537 115341 443
88007 506943 449
760758 456254 509
756107 787668 468
722946 590537 509
99426 42308 351
309857 938025 525
438259 712228 509
128806 57139 354
163724 679172 509
967444 546214 525
850779 455610 525
343482 968526 525
442709 925430 525
5587 559459 470
526652 296940 470
30905 321102 443
334264 910964 525
863194 44919 525
699818 220112 509
904229 101340 525
201124 934497 525
778877 911175 525
835795 93409 509
263107 673433 509
164010 766413 509
919458 613565 525
24575 571425 470
504346 72459 449
927272 97470 525
177592 656998 509
593132 277645 470
891237 286066 525
985123 430550 525
199710 800083 509
502877 998939 525
207699 257150 443
842619 401074 525
749400 654454 504
711652 77288 509
920420 520635 525
77974 981442 525
211575 194461 373
700383 919426 525
125542 99386 354
171404 275816 443
899178 544931 525
791224 561701 509
865945 527446 525
30586 643808 509
836908 298485 509
717099 525269 509
371078 643217 509
53949 705103 509
865383 528967 525
141729 775879 509
393285 100847 443
390391 371785 436
234335 613790 470
474819 462832 413
92945 385009 443
777664 431084 509
334911 955562 525
378761 253313 441
859299 482432 525
971542 358523 525
858811 702157 525
821281 501126 509
44643 262941 443
314008 979898 525
465974 604413 470
392677 192994 443
836656 53444 509
431107 320250 449
992699 221931 525
876811 600918 525
396952 850188 525
399717 478978 449
338527 790006 509
741786 835681 468
953494 107826 525
977391 652468 525
432932 194489 449
299241 44464 443
750356 68175 509
650549 489057 509
101783 666432 509
770445 824616 468
630367 147291 509
323680 805942 509
228759 4650 386
392891 535986 470
554510 986323 525
445851 323543 449
338334 361872 441
2858 585824 470
546497 389840 470
250699 480125 449
614630 888947 525
237376 433091 449
391786 524687 470
572220 577915 390
414424 821622 509
613349 13170 470
917364 433122 525
391044 481690 449
532734 915649 525
262035 519247 470
831923 125891 509
864532 841802 419
835898 488599 509
23891 993311 525
915675 264049 525
98886 345812 443
389738 710458 509
