1 10 20
100 200 125
201 210 89
900 1000 174
89383 30886 351
92777 36915 351
204347 565101 470
634995 602727 447
56553 204917 383
893530 325579 470
532291 528947 346
756971 302648 470
819081 799052 450
218594 799632 470
418628 830858 470
561887 541313 452
788356 439215 470
720091 193513 470
59480 14413 340
858970 909611 432
152275 966190 476
47642 806356 470
925434 356621 476
77889 198988 383
524567 498339 470
27285 487771 449
790418 56857 470
372261 300607 441
100238 125850 354
473060 107206 449
648519 35218 470
990784 34946 476
228459 436874 449
967638 710874 476
620484 804290 468
770479 826608 468
149315 772758 470
645730 334472 470
533460 591101 452
89439 723619 470
211389 58026 383
631234 633075 385
933682 518158 476
160359 3494 383
110700 550271 470
101840 633418 470
668364 275570 470
228795 92623 386
319848 413174 449
217463 196432 386
539391 456683 470
745792 504293 470
355116 205058 443
796158 391522 470
631492 888575 468
462952 401948 449
35022 359232 443
393741 610538 470
614031 485055 470
35326 554099 470
187517 241082 443
33003 653517 470
746140 372232 470
785405 261797 470
974581 582339 476
39022 519219 470
539863 513971 439
235380 784813 470
692686 894978 468
299905 31537 443
433484 324177 449
10190 45332 324
18493 32351 308
20909 36848 324
48136 34687 324
46910 25302 324
28859 16770 308
14341 3531 276
42825 46148 314
15782 677 276
25094 48153 324
6736 33481 308
37977 42679 306
5717 12596 268
2363 40422 324
43181 46079 314
38588 3370 324
7762 7080 239
35720 45023 306
10280 207 262
29709 23541 308
25508 24920 264
40310 6200 324
28450 49486 324
2347 10584 262
16514 43793 324
25088 23250 282
27273 13064 308
32280 49341 324
42012 34643 324
39762 35192 324
30721 44701 324
4913 4834 179
1781 6984 262
49856 28412 324
7190 45917 324
1952 49049 324
20836 8613 279
21600 15637 279
8099 40298 324
42572 24612 324
34090 17659 308
14213 27715 308
30723 46493 324
27055 39086 324
47487 16817 324
24277 44559 324
11517 45541 324
49392 29649 324
18876 15600 279
24412 26065 264
11516 42715 324
41465 48703 314
1328 13064 268
14339 25778 282
3361 23263 279
16741 3803 276
40921 30954 324
31517 37995 324
43798 24923 324
27080 41284 324
41739 17708 324
2194 19608 279
13248 1585 268
15608 32123 308
17184 40020 324
24539 45051 324
32734 16003 308
43753 413 324
45418 24444 324
26190 48779 324
47706 9283 324
18933 4978 279
6588 16801 276
42973 385 324
41723 20052 324
8020 33462 308
37760 10213 324
19421 17359 279
28149 35028 311
49482 11685 324
25047 40372 324
6735 24133 282
6375 16840 276
24545 1792 282
41283 17087 324
16922 5340 276
42721 2206 324
10317 49308 324
19006 19641 274
16044 10729 276
39693 40415 306
10542 43804 324
627 29962 308
11162 45127 324
31341 26995 272
6811 6388 244
17367 29898 308
46872 23741 324
46737 37768 314
41884 4371 324
4854 25158 282
9710 47574 324
27363 36378 324
13233 46369 324
6019 29276 308
7097 12063 268
19690 33990 308
5866 36668 324
30303 33379 285
31795 11643 308
10374 4957 262
18030 27740 308
34854 31253 311
17832 47942 324
19021 26067 282
2312 40226 324
1224 28373 308
37800 28587 324
31103 17384 308
41307 3473 324
46660 14755 324
31887 32701 267
48744 37752 314
35721 29046 324
37482 17515 324
40688 47855 314
38823 25070 324
41946 40029 288
6322 9777 260
37970 41694 306
2196 6634 262
31920 3419 308
35006 36071 324
48357 32460 324
3454 39663 324
35932 16465 324
4417 17818 279
49166 3160 324
21921 34886 311
48557 9403 324
18752 39245 324
23609 7574 282
30666 15555 308
13954 3339 276
41683 1924 324
45033 43878 270
24909 26952 308
13649 26266 282
13022 12005 263
8726 16475 276
1668 11009 268
32940 6084 308
28827 48457 324
25596 17099 282
49694 24152 324
42853 18445 324
29748 16462 308
42370 10413 324
48368 6324 324
13752 6402 276
24599 25136 264
16632 49507 324
2087 30280 308
25772 31460 308
8636 849 262
14286 10303 276
11858 13577 276
32739 40684 324
12033 24686 282
24134 11726 282
48837 16987 324
46522 44937 314
49800 38892 314
5349 48167 324
11567 35452 311
4568 36165 324
26939 21199 308
2023 29025 308
17830 44146 324
26836 26466 308
44995 41122 288
3120 6852 262
4698 35858 324
13887 33083 308
26895 38020 324
44808 25732 324
5006 41330 324
37020 4805 324
46573 42368 314
19323 8139 279
44172 40243 288
10655 21110 279
27793 29029 259
16487 45623 324
23174 43322 324
38440 18168 324
34443 41559 324
41371 5493 324
43769 5257 324
38575 20663 324
43277 49734 314
12746 14634 276
41063 49765 314
35791 3987 324
8485 5113 262
28477 19008 308
45355 39131 314
40117 39500 306
34511 22955 311
35122 7685 311
16277 23561 282
42204 17071 324
15119 33575 308
22563 25239 282
38831 27489 324
45902 32107 324
27223 24999 308
13093 34637 311
24764 48883 324
38624 33248 324
20347 17100 279
2255 32054 308
22583 8723 279
21553 7093 279
31678 6674 308
14777 14306 271
46586 23333 324
47728 28056 324
6907 36643 324
3295 45737 324
14131 15548 271
44196 41353 288
40546 7288 324
42342 15309 324
22522 30965 308
14908 42868 324
14416 33514 308
24921 36998 324
8589 46473 324
10443 6618 260
19498 25219 282
20923 16083 279
14903 18650 279
44139 21809 324
21644 13785 279
33898 35775 324
29332 28093 272
43479 19877 324
1732 35820 324
1538 24253 282
33136 16445 308
8295 4511 262
3175 1124 217
4905 2201 238
9501 9966 242
3655 3555 194
5908 2498 238
7486 3693 262
4212 3229 238
2440 4775 238
6436 9283 260
4312 4589 215
1444 1831 180
8060 649 262
4799 9578 262
2023 8221 262
5361 5459 161
8514 3424 262
1145 1187 182
3438 9322 262
2571 6851 262
174 3739 238
3390 4356 238
7191 2428 262
8286 4189 262
4579 192 238
1453 4722 238
2035 5543 238
2272 2068 183
9673 1606 262
2632 6351 262
3511 7071 262
5415 7201 262
9451 6249 260
5186 7249 262
3171 6514 262
222 7458 262
8435 4769 262
9705 2230 262
3054 1959 217
1069 5408 238
9947 6102 262
329 527 142
607 9845 262
2531 9967 262
9606 8105 260
385 8018 262
1754 5028 238
6605 2301 262
8009 7181 252
9524 6463 260
2296 1658 183
2143 4618 238
9035 3650 262
1914 4627 238
351 7854 262
2326 2966 217
2712 2121 209
7570 8674 252
5019 9709 262
8493 7691 252
4104 8619 262
1383 1713 180
8969 2616 262
1143 7672 262
2154 8745 262
6929 4880 262
5152 437 238
1432 6970 262
4933 3598 238
4616 4842 197
322 5504 238
8995 5030 262
234 2739 209
6248 5103 262
570 4979 238
4394 4060 215
2971 5947 238
572 988 179
6561 1570 262
7031 9723 260
3305 8019 262
6882 702 262
8677 9113 247
1835 3778 238
1970 3388 217
6244 7339 257
4747 6028 236
546 9801 262
1715 9798 262
2424 9217 262
5576 2158 238
5921 5611 218
6338 2802 262
7073 8437 252
5958 6997 262
9674 8553 260
1229 5348 238
6252 36 262
1366 9814 262
7478 2245 262
1883 9200 262
7865 6625 257
3030 4688 238
6843 5947 262
9334 7455 260
2069 5887 238
6575 5946 262
6198 166 262
3930 9915 262
9224 825 262
1934 2037 175
5987 4639 236
1428 5572 238
2469 5142 238
4724 8318 262
5106 7327 262
7827 8964 252
4480 8629 262
1777 1789 149
8508 5550 262
1893 9661 262
491 9951 262
6028 3268 238
4276 2892 238
6832 6627 182
2137 6714 262
8446 5018 262
1009 8022 262
5041 1741 238
9200 5187 262
7221 4332 262
8819 4045 262
2386 9205 262
8821 4577 262
6877 6096 262
9776 9536 198
961 123 179
4258 3219 238
2528 9810 262
6113 4871 236
1761 3985 238
7740 6589 257
6961 9112 252
7016 2 262
1228 1340 177
4519 9498 262
750 4279 238
7307 2305 262
8098 4391 262
7651 7370 239
8082 733 262
3862 5624 236
9513 4781 262
5619 3972 236
3505 9052 262
8065 4159 262
7828 337 262
7331 5486 262
7286 4502 262
5128 7325 262
2065 5008 238
1584 3312 217
9579 6580 260
3588 4207 238
467 8774 262
562 463 142
6086 1598 238
822 8757 262
3077 6778 262
9434 8966 260
429 3801 238
2872 9354 262
5809 9430 262
6621 8122 257
898 3029 217
9423 8869 260
9940 7757 260
1810 6028 238
1805 9436 262
7243 3862 262
3483 744 217
1276 9237 262
2108 8270 262
7910 4049 262
3373 3927 238
2592 7932 262
6516 224 262
8140 5660 262
9913 1002 262
3290 6513 262
6775 5358 262
3549 4839 238
7441 2695 262
541 1962 182
3315 1112 217
9154 9708 260
7640 9664 260
1439 4881 238
9967 7415 260
2443 2218 183
4454 8686 262
5937 583 238
6934 4382 262
7334 3449 262
2047 3883 238
7029 113 262
9725 633 262
9834 8455 260
9750 7246 260
5228 3595 238
4235 2724 238
8739 9319 260
451 5225 238
6926 765 262
667 8695 262
7164 7531 239
1357 626 182
8692 6106 262
1506 1261 177
3259 9330 262
8587 1585 262
2093 8431 262
1218 8638 262
898 138 179
9539 1872 262
6098 7326 262
7886 3514 262
3687 6726 262
9469 9288 198
6635 1322 262
9476 3177 262
8097 8239 190
1234 1403 177
5383 5177 192
9918 6309 260
4049 9709 262
9641 401 262
2350 6163 238
2713 4451 238
3761 4204 189
4357 1290 238
9330 1728 262
2243 8640 262
2197 2229 183
7803 227 262
3789 3417 238
5503 4241 215
4915 9518 262
7004 2227 262
5262 4450 210
9421 9466 154
1653 6855 262
822 1 171
8826 817 262
1490 5606 238
6463 8051 257
6525 8196 257
2731 8292 262
3887 9459 262
7715 4708 262
2133 9780 262
9732 232 262
3782 988 238
3796 8909 262
3491 3835 238
4231 3569 238
5038 1697 238
2820 7466 262
7511 6526 257
9759 2842 262
8982 1747 262
7163 3848 262
5531 9487 262
3905 4686 215
4459 6304 262
6165 6442 262
3233 2390 217
231 7640 262
9851 4148 262
2789 4259 238
6067 8961 262
9267 4665 262
2269 4028 238
2586 3730 238
1626 8185 262
3143 8252 262
1601 6791 262
5763 2726 238
2919 4976 238
931 505 179
9617 3775 262
5692 423 238
8985 7056 252
4270 3079 238
6829 4489 262
9672 4156 262
1797 7306 262
5344 4358 215
2295 9078 262
262 6895 262
891 3349 217
1780 3756 238
4071 3585 238
8008 1468 262
9682 8618 260
5535 5522 130
493 8518 262
8894 167 262
9897 1671 262
5355 6934 262
5000 3724 215
2315 872 183
3078 3008 155
4859 8261 262
9684 5089 262
7917 3327 262
603 1148 179
827 4382 238
5255 1061 238
2107 1696 180
6158 2229 238
8765 439 262
7642 9507 260
7559 2033 262
7119 9876 260
5310 6409 262
3893 7920 262
1540 5802 238
3784 4615 215
9554 7979 260
2595 2465 178
1369 3078 217
7898 4569 262
7848 3606 262
6490 3896 262
7838 1561 262
4417 1706 238
9162 141 262
7504 832 262
9903 33 262
2964 401 217
572 1908 182
6859 3406 262
6483 7403 257
7907 7555 221
455 3102 217
784 2531 209
2254 6789 262
2653 8892 262
6477 837 262
2161 4187 238
1564 6774 262
39354 29797 324
3541 17098 276
63240 95337 351
94782 33550 351
66244 54568 335
75142 25394 340
86342 13921 351
61093 60889 335
25840 70959 340
73097 1117 340
86299 61075 351
8467 46303 324
28974 95779 351
94015 13898 351
81057 68455 351
43907 87632 351
87801 30906 351
79486 18262 351
18506 24591 282
77307 1353 351
70402 84110 351
99214 5190 351
78594 17366 351
24025 72803 340
32547 6717 308
44219 76089 340
19985 68537 340
13024 57130 340
67619 54779 335
27362 52083 324
24767 79451 351
10357 56382 340
40734 5366 324
13470 56494 340
19722 32082 308
92746 23112 351
98053 84640 333
26327 33416 308
77694 14544 351
31042 65897 340
67317 89334 351
4782 90276 351
27547 65208 340
68308 57149 335
90614 8299 351
5257 77253 351
26236 54575 340
2316 68630 340
55392 75731 335
72913 41471 340
71521 49032 340
7199 85039 351
14740 12748 276
28740 18841 308
58817 25647 340
54037 71079 335
12940 38935 324
44831 51442 314
10708 32131 308
15148 92383 351
57326 60511 317
5119 43342 324
32645 11119 308
61832 15694 340
2446 66750 340
73833 92741 351
73331 32894 340
90352 38694 351
37550 91307 351
18937 63325 340
93319 5716 351
35901 24867 324
93424 20075 351
62824 82735 351
70333 57879 335
59340 43782 340
9580 52230 324
57529 81023 351
94829 10646 351
16450 42202 324
27819 46090 324
6721 7000 257
34314 86197 351
44485 96395 351
3183 6442 262
81752 85361 320
69938 19738 340
25774 21041 282
48311 94961 351
4008 2475 238
33868 69902 340
13150 35133 311
52216 70385 340
90857 33741 351
971 46591 324
26970 10256 308
39500 90057 351
87425 50385 351
13309 399 276
58478 51627 340
61014 29505 340
31499 68603 340
40977 42744 288
39301 87311 351
31991 1680 308
23800 28933 308
7783 90873 351
61819 65974 330
58662 82495 351
894 18745 279
35295 56855 340
60195 88587 351
19362 74320 340
33024 75751 340
83775 24726 351
86808 24455 351
91163 64050 351
94105 35409 351
93501 84905 333
43884 86974 351
38024 57414 340
76163 10122 340
55008 20038 340
55065 69499 335
1496 96140 351
45480 13131 324
61753 61405 286
86690 66722 351
59978 89632 351
62711 64964 330
23728 60030 340
53558 31931 340
47560 17800 324
14229 45367 324
45524 41632 314
68940 45572 340
48451 86669 351
26987 78581 351
97382 39562 351
23588 95471 351
8015 43432 324
64133 64869 299
32721 24870 308
3534 94136 351
26436 82558 351
23669 96180 351
30687 77629 351
81422 83507 320
26011 99624 351
87403 18839 351
67205 68673 312
41148 2556 324
8112 74495 340
92469 31156 351
43089 45880 314
20573 18130 274
40804 90489 351
22676 28843 308
22688 44140 324
82075 44419 351
43159 21187 324
41952 36134 306
61613 63156 317
45705 1440 324
57267 41510 340
17151 85491 351
27036 82210 351
44710 87944 351
23964 44707 324
2490 33790 308
39102 6038 324
88195 69108 351
3293 71910 340
82869 27884 351
86948 60964 351
40680 4432 324
5717 85868 351
98362 57424 351
97851 85411 333
53327 66211 335
25085 45533 324
97125 57828 351
63035 83956 351
6602 23981 282
89396 63112 351
88992 51307 351
48625 39048 314
49125 95332 351
70336 50242 340
97034 38808 351
45289 99546 351
42494 88470 351
17646 84920 351
29329 80793 351
35072 90204 351
46831 86925 351
9302 55833 340
18227 29732 308
78937 11256 351
6824 51801 324
33545 65728 340
99363 2195 351
53530 22230 340
23027 41941 324
43767 460 324
27689 3445 308
90690 29142 351
18192 77419 351
52265 95364 351
52790 42422 340
98213 19202 351
33384 96729 351
53893 55585 260
745 99996 351
65384 12179 340
13662 83084 351
95615 12006 351
34809 38393 324
81803 22563 351
68070 60192 335
32971 19433 308
92174 64683 351
23007 51662 324
13730 82920 351
39489 28642 324
19067 86207 351
81418 53783 351
38781 73219 340
60046 88971 351
51477 20857 324
46120 45623 252
43935 76719 340
24189 63059 340
13739 50078 324
59984 53032 322
47426 40371 314
60450 60400 211
32277 27494 285
7667 14264 276
63105 36525 340
77650 21339 351
86749 81047 320
12983 83875 351
86447 83848 320
4219 8156 262
45862 71534 340
49178 6405 324
48252 40465 314
1549 84876 351
60138 95445 351
90608 53974 351
20778 69704 340
92392 92442 209
8870 44978 324
59358 46950 340
86102 3861 351
70310 50905 340
23564 63132 340
45294 1812 324
1448 56342 340
81216 45257 351
35109 56762 340
3074 75364 340
21266 57605 340
92993 76550 351
16950 55496 340
54647 99429 351
60821 15267 340
94230 84955 333
21530 29390 308
50724 25170 324
11054 23788 282
88079 76382 351
32267 3224 308
218987 655923 470
868618 262354 470
237025 551817 470
320978 471961 449
403209 463383 449
361884 955092 476
112959 886906 470
495702 467113 426
140278 492857 449
735042 665376 442
514171 88994 470
534661 261265 470
788692 776066 437
135070 93870 354
586 792 171
249 944 179
508 841 171
145 647 144
27 375 144
370 781 171
65 387 144
740 840 153
746 895 179
553 879 179
129 207 125
258 650 145
337 587 142
43 469 144
434 946 179
449 832 171
6 727 171
91 957 179
596 691 145
230 396 144
532 767 171
78 149 122
355 505 142
234 264 128
103 454 144
22 894 179
182 568 144
484 875 179
350 804 171
774 926 179
514 673 145
102 757 171
784 954 179
755 819 153
67 930 179
371 842 171
414 878 179
60 729 171
322 647 144
115 444 144
510 946 179
378 241 144
