valgrind RunCollatz < RunCollatz.in
551031 336767 470
57661 199916 383
262473 49883 443
747791 729704 424
632895 599004 447
836558 181802 470
171540 954934 525
400588 655904 470
457202 559175 470
988163 238002 525
653609 940576 525
2770 280095 443
84475 321908 443
478885 473013 382
938132 893596 476
431220 269996 449
410006 331716 441
594082 326304 470
786579 15414 470
430981 395370 449
22292 334593 443
934469 85658 525
680086 189253 470
317533 448082 449
341396 624094 470
970047 333506 525
332287 665707 470
678356 188923 470
273355 723962 470
982689 158898 525
85667 174481 383
822981 539860 468
348221 110043 443
596575 983936 525
182023 956462 525
310668 431526 449
175553 570997 470
195598 57722 383
657316 426623 470
878280 785108 525
262016 637475 470
501605 305895 449
777507 689485 468
153689 962396 525
868725 820330 525
999679 280842 525
909409 946732 476
682338 692116 442
942254 510010 525
412695 393888 449
620972 210935 470
882311 718255 525
239753 596014 470
766603 567134 447
65987 682071 470
324976 753912 470
786680 938184 525
579802 698933 447
244569 504891 449
556612 330324 470
51389 48120 309
557797 395792 470
12817 561951 470
97582 400578 443
96878 569364 470
322032 147091 443
508803 279751 449
386331 645339 470
15217 202014 383
953186 553883 525
220278 480066 449
626874 917267 525
371008 259 443
177984 722049 470
800163 43433 470
130874 280632 443
505446 153112 449
435765 191961 449
649592 814815 468
354190 288176 441
426944 955613 525
709581 390253 470
347026 321680 441
641772 441981 470
252221 75515 443
177141 142980 383
100737 48115 351
8393 895738 525
97246 295111 443
64509 229855 386
103559 920778 525
696542 725276 420
289461 939839 525
306709 823608 470
690969 266975 470
532838 384691 470
500777 372041 449
481426 194498 449
188316 228935 386
470813 970664 525
146545 437880 449
258346 685934 470
376680 464608 449
405378 492927 449
243412 484041 449
381747 140834 443
683528 552275 447
441365 82964 449
359151 398431 436
495848 189313 449
138680 199892 383
841113 580447 525
941614 746700 525
726179 234087 470
719845 639775 442
874194 177905 525
357456 450058 449
730787 642412 442
812464 110267 470
271240 622199 470
65063 101115 351
80136 455262 449
649067 527352 452
948418 742516 525
450709 695342 470
224913 790537 470
859993 873010 432
198731 817800 470
521360 168219 470
971556 935280 458
618610 270221 470
797488 361965 470
675487 352099 470
869062 789202 525
962972 459384 525
729536 842101 525
342171 664466 470
178014 326760 443
543026 853804 525
587402 410319 470
550254 57183 470
470646 951907 525
580993 959916 525
523746 598722 452
46998 251752 443
752121 517040 452
208005 150085 383
680987 162862 470
696290 464825 470
748918 981941 525
154864 272780 443
76429 725967 470
883891 310659 525
360155 216723 443
466019 264740 449
174928 854779 525
691196 2086 470
113786 170851 383
3827 257143 443
723199 426400 470
722947 768105 468
288519 501883 449
131684 407034 443
502326 918409 525
209693 246398 443
534615 498856 470
306097 548779 470
145940 807512 470
987765 210305 525
402081 487923 449
441345 107988 449
416697 600267 470
821381 594999 468
832961 312606 470
51379 54599 340
97352 464824 449
953242 55825 525
896112 602214 525
779603 275105 470
184486 677138 470
496724 792808 470
382092 519040 470
547554 457673 470
57784 426020 449
503971 55808 449
351318 211805 443
148305 749103 470
651369 436306 470
96267 788871 470
387182 483624 449
981189 745935 525
670369 99677 470
423456 827284 470
701337 76804 470
665941 233006 470
45582 93597 351
989002 975018 427
987195 280848 525
166599 936089 525
795294 500358 470
984834 10228 525
148893 865892 525
151254 524138 470
892675 392613 525
143762 18696 375
963367 586835 525
430574 198660 449
32685 848034 525
236889 241382 368
309478 44521 443
657325 785108 468
966867 980542 458
705284 987320 525
716999 694956 411
320036 362960 441
100522 267987 443
145046 466641 449
524121 761245 452
627860 206009 470
140523 45721 354
304160 848752 525
461519 849653 525
429105 847834 525
757009 522204 452
330504 788476 470
976379 104682 525
505762 921288 525
184280 259848 443
534022 852487 525
660 284713 443
134398 411745 449
879295 632672 525
701474 366732 470
166128 778267 470
723919 987919 525
88454 775104 470
325367 741874 470
426698 739490 470
276882 451396 449
646128 356832 470
879731 56392 525
215228 45466 383
395381 801213 470
347266 570321 470
489300 567049 470
205254 548442 470
26584 271681 443
243585 699199 470
843819 460696 525
783109 996083 525
145740 143905 326
936568 932655 414
540 12738 268
336892 950125 525
971926 150839 525
103407 742976 470
532060 759616 452
809166 826254 450
212140 986665 525
135732 692460 470
551153 170676 470
771137 550932 468
895478 274212 525
96534 47621 351
568501 897448 525
503740 15799 449
58958 461155 449
247972 830842 470
875475 321428 525
537673 939114 525
987008 709863 525
302385 670737 470
629512 551447 447
873427 131673 525
827338 414654 470
627923 277292 470
642787 324858 470
930409 100394 525
148380 437502 449
485599 194502 449
806916 919666 525
551865 46526 470
675865 29320 470
296238 676917 470
251232 965469 525
114517 725358 470
981140 960263 458
642587 33575 470
259899 779201 470
741552 715920 424
71379 16688 340
259138 326758 416
224876 397457 443
103138 56497 351
885839 89090 525
302146 826390 470
769756 340073 470
714271 561369 447
181874 285253 443
70844 874868 525
354630 581327 470
797444 15692 470
991319 40268 525
291857 706582 470
780600 407922 470
417482 769734 470
368524 497076 449
596774 847343 525
346896 540204 470
327632 191164 443
150226 184613 383
429027 154889 449
151104 638914 470
310676 872799 525
252379 251213 319
708207 338826 470
738571 193440 470
901434 977177 476
42571 291050 443
563958 649970 447
654788 403486 470
884419 241167 525
349304 273726 441
542691 537 470
995413 919232 476
531991 278559 470
234602 704666 470
652837 11251 470
515893 326319 470
727867 343393 470
523226 806486 468
482605 10701 449
431985 672707 470
266459 273000 416
656502 396628 470
127982 524878 470
825572 284218 470
12289 401024 443
771099 28930 470
515420 746681 452
317629 611519 470
708891 639727 442
440857 100566 449
409709 226087 443
547135 344102 470
37816 163125 383
135219 439889 449
666 389263 443
319612 575212 470
651531 423949 470
359900 796415 470
595166 14272 470
853529 164601 525
642086 591020 447
932730 69811 525
961589 501987 525
592846 465055 470
898944 981823 476
159781 883661 525
557406 552379 421
58274 412313 449
245359 114862 443
68712 2997 340
177753 8742 383
591538 357711 470
775534 204573 470
124543 210334 383
846314 172507 525
43114 483854 449
465048 216615 449
717335 684294 442
879891 936107 476
242698 494098 449
208106 208355 280
655122 296242 470
301085 488065 449
701794 800766 468
489028 488161 320
846591 689524 525
483343 667236 470
618773 489696 470
197608 561131 470
127205 18343 354
573109 283762 470
946905 546735 525
78713 209990 383
841849 208622 525
223322 553956 470
942133 205454 525
84605 942256 525
751330 93306 470
596301 158287 470
122818 561672 470
485915 432225 444
765692 819203 468
99104 670046 470
898602 393171 525
942429 982476 458
604369 817931 468
10979 429018 449
309676 10832 443
641583 450269 470
669345 868385 525
150445 581604 470
769173 557958 468
80861 569017 470
356123 405913 436
385555 482743 449
227207 121835 386
380632 973507 525
111073 782421 470
731502 920936 525
262453 795357 470
350577 392723 436
59848 607105 470
16665 627304 470
324901 87971 443
417244 653886 470
646228 585808 447
416561 603710 470
553516 787566 468
874926 541715 525
108736 780802 470
213971 566222 470
796533 983132 525
289247 439770 449
931444 501920 525
304416 897494 525
349754 39921 443
222857 980500 525
887244 374267 525
206523 391150 443
429192 528605 470
302630 25984 443
851351 625970 525
319561 955973 525
714879 349307 470
391381 75281 443
124629 105386 354
547695 694376 447
381072 684429 470
861781 130554 525
666616 989845 525
437080 121596 449
697148 582211 447
287815 582692 470
25187 764526 470
21292 117953 354
860123 581939 525
762096 512756 452
235374 274681 416
498265 999951 525
718418 757535 424
18228 749832 470
767775 970629 525
282126 167129 443
539675 322740 470
506972 394104 449
499633 291051 449
671226 317742 470
93697 639239 470
217936 37463 386
896592 22094 525
818897 862837 525
751968 91864 470
778333 429296 470
841243 838938 388
285447 407598 441
699753 608464 447
537712 405131 470
970337 304838 525
240274 286389 416
710491 532036 452
21145 303527 443
913764 103508 525
548971 262720 470
231307 892849 525
296073 960959 525
929752 205326 525
959117 816606 525
27548 568639 470
692755 459464 470
394788 548232 470
684404 106167 470
543559 853825 525
185838 976814 525
645343 830882 468
730143 985168 525
944916 759665 525
493808 837532 470
104980 399429 443
988943 675974 525
875871 445749 525
852564 140466 525
945214 514339 525
785477 296015 470
278931 396382 441
62709 678414 470
196556 941944 525
227271 69310 386
680817 838566 525
745936 107398 470
163101 441485 449
935642 839934 476
501322 713007 470
100997 274858 443
984837 43633 525
316937 383059 441
529856 798024 468
967062 834884 525
477318 440320 444
213468 341022 443
411529 114409 449
342759 398104 441
932823 124894 525
678882 735831 442
405035 655091 470
418108 248102 449
306144 430650 449
202983 44498 383
524033 972914 525
691709 380709 470
587899 994381 525
405501 68861 443
33844 462045 449
490100 44488 449
543284 125530 470
666935 922462 525
924225 768978 525
746316 2746 470
402314 410861 449
269545 503574 449
292665 614364 470
271764 19107 443
418731 479646 444
997097 381602 525
712892 842799 525
196666 421346 449
651323 17805 470
173713 107670 383
45053 826792 470
682192 335186 470
863309 381477 525
620794 724002 442
403841 691727 470
735114 287111 470
998567 932379 458
773377 491215 470
273311 131670 443
310525 897104 525
518530 113581 470
466117 639680 470
594432 913560 525
346529 487028 449
886408 468452 525
326694 179251 443
716448 980701 525
852560 632055 525
462804 532244 470
40967 920063 525
459403 126482 449
819844 490452 470
206133 605785 470
533773 218582 470
673312 278291 470
185628 488321 449
988394 879834 476
708574 863810 525
169169 700643 470
794199 610416 468
651238 34376 470
4386 445417 449
605664 816624 468
517270 985610 525
791053 915996 525
365253 207882 443
99683 635601 470
504990 545843 470
852405 95262 525
916210 391358 525
974529 551625 525
136148 899915 525
328422 513434 470
452441 378874 449
873075 127747 525
415742 160617 449
700826 97386 470
571945 832714 468
653699 128021 470
458888 823711 470
705661 564465 447
897750 253781 525
34191 805631 470
897660 25147 525
340589 583068 470
126420 571613 470
62854 56491 335
381512 147777 443
37178 856993 525
985945 385277 525
718953 82668 470
146236 65395 375
338343 155969 443
352094 555499 470
655051 19969 470
18121 208907 383
391654 285895 441
293278 393589 441
253905 281552 416
624130 652221 425
89248 22407 351
37654 534470 470
675571 257709 470
355294 826232 470
906026 636770 525
180099 294175 443
686584 238034 470
928819 407139 525
676561 601727 447
499110 810528 470
601405 245990 470
705212 646817 442
309903 213393 443
357250 681854 470
731694 682105 442
279572 675279 470
567442 745557 447
350620 477900 449
305739 594819 470
456696 814147 470
540731 640466 452
632186 413236 470
168868 42282 383
133257 101708 354
751324 336472 470
396516 868541 525
131229 794298 470
879815 220086 525
465721 371203 449
517286 776964 468
788010 712876 468
832662 225733 470
536456 587320 452
795211 467716 470
370835 315233 441
479804 46710 449
296176 169380 443
253795 110288 443
757937 942822 525
734880 663619 442
326989 579330 470
516541 729813 452
303855 628784 470
528588 920541 525
674089 673683 336
159341 273179 443
543561 258591 470
399852 954418 525
690884 298340 470
17735 604866 470
256655 169532 443
109581 487142 449
405645 957709 525
757793 876551 525
734435 132284 470
864926 86811 525
4839 514479 470
417749 980478 525
414070 966844 525
398705 274219 441
726820 360435 470
439356 123287 449
651727 91396 470
556282 399594 470
218892 924687 525
222515 75098 386
207235 612615 470
775502 745830 468
555927 784449 468
975385 514925 525
60285 821279 470
604902 66472 470
474414 743379 470
786191 696458 468
294711 228306 443
843545 615539 525
556334 609432 434
671990 671691 323
52543 591057 470
114468 887041 525
794532 673515 468
884532 339168 525
540979 579574 452
277605 121419 443
591569 552436 434
424943 64341 449
263940 321667 416
734107 532671 452
649575 512228 452
271 613583 470
979894 652007 525
958888 752457 525
752329 775605 468
613120 778125 468
490078 179257 449
661647 710989 442
678543 483372 470
216429 721768 470
196450 218365 386
450037 763071 470
190809 972549 525
849173 58044 525
623644 655779 425
557748 431124 470
162132 641018 470
312607 19767 443
518061 914946 525
182658 591419 470
970943 254013 525
453679 116784 449
569585 408285 470
10655 61904 340
793160 706563 468
657350 669781 398
615440 146082 470
236689 6117 443
893797 613506 525
911871 300521 525
463198 825441 470
862937 805115 525
968983 754995 525
735824 25086 470
972378 709706 525
249777 936007 525
335466 574674 470
750983 279480 470
411499 82675 449
698701 968814 525
950321 927769 445
851022 249040 525
641699 580816 447
90779 379208 443
699275 763784 424
956200 171726 525
752574 292472 470
927684 116768 525
238754 480863 449
620468 412366 470
5921 987302 525
785259 646129 468
486185 357922 449
3175 941372 525
135517 38581 354
765162 271594 470
719579 449876 470
965523 91159 525
78826 642403 470
980506 368811 525
952704 770556 525
190053 145969 383
533806 743886 452
83721 196421 383
596265 814114 468
296416 960620 525
101622 794041 470
853763 311486 525
271409 413586 449
349732 285694 441
741433 285063 470
986123 330442 525
110780 473879 449
419499 661229 470
62170 11967 340
144224 82 375
561784 998081 525
195208 760852 470
262564 824838 470
211835 79344 383
209248 382623 443
400680 856092 525
421581 464871 444
304333 529137 470
186677 732613 470
192850 406339 443
787765 369614 470
655043 294161 470
143749 53511 375
130088 530712 470
673190 735751 442
61955 815106 470
201895 518203 470
631270 697340 442
262227 732420 470
456110 126629 449
173178 778619 470
537952 777505 468
727323 833044 468
974174 566798 525
514283 312928 470
940677 827279 525
324228 248876 416
653415 509379 470
30381 103879 351
752352 923546 525
848450 89505 525
358935 525886 470
730496 827151 468
581011 977772 525
730287 667948 442
959095 805350 525
831404 901465 525
276187 887553 525
873042 282788 525
312649 539097 470
222533 751686 470
33937 396389 443
541786 725255 452
962313 943589 423
261030 448444 449
59237 784696 470
118050 542320 470
490863 600266 470
585016 846817 525
729891 703530 420
692972 693345 367
327017 255353 416
157930 922270 525
22831 250430 443
384744 347195 423
428962 289559 449
137655 960220 525
357514 622538 470
234924 642177 470
127744 494650 449
624485 169418 470
687564 433077 470
431674 300121 449
880351 104362 525
455106 854228 525
990761 845240 476
414079 766153 470
854296 31649 525
657255 226605 470
334191 384541 441
324944 312637 384
338046 47179 443
613815 325254 470
33540 936130 525
694060 161599 470
650525 601542 447
66846 29204 340
57257 835031 470
395839 14014 443
769660 412515 470
840275 146445 525
675323 409115 470
588506 211335 470
92569 731554 470
424984 429994 374
203566 45026 383
112446 466510 449
950257 690617 525
319158 312935 353
952274 778449 525
828432 963686 525
780919 257934 470
131140 31742 354
172944 527584 470
631459 715460 442
655449 75640 470
849183 248111 525
78060 368406 443
833395 953471 525
244416 764737 470
529264 887867 525
520898 690513 452
45926 57170 340
677518 721574 442
291051 100899 443
684490 712571 442
71947 914264 525
754143 392404 470
6924 381933 443
82453 900629 525
91676 720079 470
374410 236973 441
596889 207263 470
476111 454639 444
636925 185749 470
287135 844481 525
618405 860034 525
158333 212397 373
11516 675182 470
44905 976597 525
623688 685855 429
197054 781315 470
232081 589051 470
979691 167839 525
422249 774277 470
734028 455929 470
303773 372739 441
221860 140806 386
647542 48256 470
672441 517736 452
768236 668525 468
19341 334438 443
980136 620579 525
358132 897403 525
247028 215940 443
787863 368202 470
588418 470143 470
15427 468527 449
507286 429169 444
122478 582064 470
949392 112297 525
425033 261522 449
800282 728580 468
237563 574152 470
55018 862007 525
471295 909446 525
628660 111852 470
255835 316597 416
663536 640515 429
484859 38207 449
741123 263609 470
824043 527945 468
641165 323814 470
509486 358337 449
480142 106272 449
588733 471308 470
702005 818813 468
263839 768482 470
376071 558966 470
204385 564918 470
579816 406184 470
49779 952013 525
64074 89460 351
945311 769456 525
568943 781253 468
210726 777341 470
303580 638193 470
874297 413399 525
91484 92985 302
273425 332349 398
795373 649771 468
518187 945720 525
60492 282663 443
641444 568366 447
403800 809726 470
487148 463956 422
856741 859062 370
876202 848385 432
536800 585770 452
534444 729053 452
764058 208014 470
163337 762680 470
786867 749456 468
990998 849783 476
11556 747227 470
596289 628329 447
231848 136501 443
148301 515128 470
592584 994376 525
716266 865850 525
753346 900670 525
845936 669159 525
386005 181445 443
8184 743077 470
340396 74354 443
673047 978432 525
539108 536066 377
294008 356341 441
782588 179387 470
121045 970093 525
839512 711601 525
412114 371399 449
524850 240612 470
103030 424846 449
649310 400071 470
974086 441098 525
540663 444699 470
573248 929650 525
377003 181306 443
970225 610111 525
788449 196720 470
198323 621851 470
819010 827716 450
839303 720568 525
698155 136916 470
510795 589886 470
804461 66654 470
536920 803228 468
164095 378587 443
635386 903744 525
90753 346181 443
219405 745569 470
611437 324538 470
376688 161209 443
899164 957561 476
396585 422417 449
