82 49 116
9 68 113
1 29 112
79 9 116
61 32 113
22 44 112
52 98 119
69 30 113
94 41 116
23 95 116
70 97 119
20 9 21
27 26 112
38 64 113
65 50 113
14 46 112
13 1 20
49 93 116
8 11 20
26 31 112
55 76 116
28 23 112
8 23 21
65 31 113
17 34 112
28 38 107
43 55 113
62 80 116
20 28 112
31 33 107
72 31 113
53 86 116
30 3 112
80 38 116
14 5 20
67 68 28
79 95 111
91 87 93
18 55 113
18 35 112
90 46 116
73 32 116
2 35 112
11 23 21
61 42 113
54 35 113
71 8 113
11 98 119
39 23 112
4 5 6
91 83 111
2 82 116
70 20 113
36 88 116
53 27 112
33 26 112
58 35 113
61 67 108
56 23 113
11 11 15
56 80 116
19 76 116
81 28 116
75 19 116
52 79 116
24 42 112
62 24 113
25 33 112
42 62 113
20 96 116
87 53 116
23 44 112
86 84 31
13 44 112
6 22 21
53 63 113
3 71 113
40 82 116
94 23 116
93 55 116
45 19 112
86 88 31
79 7 116
85 68 116
58 9 113
13 46 112
91 24 116
88 97 119
46 42 30
61 48 113
14 1 20
29 13 112
18 30 112
63 11 113
51 57 113
67 96 116
75 54 116
85 55 116
60 69 108
22 19 21
76 34 116
65 68 28
58 54 113
65 4 113
95 25 116
52 10 112
26 81 116
23 42 112
10 87 116
54 61 113
43 20 112
57 19 113
74 43 116
73 35 116
12 95 116
53 88 116
28 19 112
58 87 116
72 22 113
91 68 116
47 42 105
76 72 116
24 1 21
13 33 112
86 65 116
92 28 116
85 50 116
46 59 113
92 20 116
94 5 116
14 46 112
93 43 116
66 50 113
29 37 107
72 19 113
4 19 21
61 80 116
89 83 111
79 3 116
15 64 113
69 9 113
93 53 116
57 40 113
13 50 112
58 7 113
55 70 113
53 48 25
12 18 21
96 39 116
55 68 113
58 59 33
87 18 116
39 75 116
3 17 20
78 18 116
82 46 116
25 74 116
1 83 116
15 14 18
32 71 113
19 86 116
40 73 116
35 53 110
91 32 116
92 48 116
98 50 119
6 86 116
68 43 113
60 69 108
61 38 113
86 44 116
84 12 116
19 83 116
93 32 116
96 27 116
2 16 20
14 42 112
89 49 116
95 80 111
79 87 111
29 79 116
38 33 27
64 5 113
77 24 116
75 39 116
62 62 108
81 45 116
72 1 113
30 67 113
31 25 112
94 33 116
39 7 112
75 30 116
56 70 108
9 34 112
58 38 113
12 94 116
69 75 116
84 62 116
36 66 113
8 10 20
65 36 113
75 96 111
59 68 108
75 5 116
28 30 19
73 37 116
64 32 113
73 75 116
25 43 112
51 25 112
89 51 116
14 36 112
38 20 112
44 4 112
55 20 113
2 15 20
88 30 116
13 64 113
33 41 110
94 7 116
78 58 116
37 52 110
34 62 113
94 85 106
86 84 31
35 84 116
55 47 113
21 93 116
67 64 28
98 21 119
82 98 119
37 70 113
27 50 112
35 61 113
90 29 116
66 69 28
85 5 116
21 18 21
65 16 113
2 50 112
98 37 119
35 54 113
84 55 116
47 50 105
20 46 112
72 3 113
43 8 112
73 68 116
56 8 113
30 47 110
35 95 116
18 19 21
98 37 119
37 62 113
53 39 110
14 50 112
74 49 116
3 59 113
5 50 112
10 23 21
94 80 111
27 36 112
88 98 119
6 44 112
5 34 112
91 40 116
30 8 112
59 27 113
45 94 116
90 96 106
34 5 112
45 9 112
52 49 25
66 56 108
97 75 119
79 91 111
54 5 113
28 44 110
5 32 112
88 8 116
67 78 116
49 95 116
87 7 116
24 31 112
1 13 20
29 33 107
18 74 116
41 68 113
22 8 21
25 21 24
81 6 116
11 37 112
11 37 112
79 14 116
70 66 28
23 38 112
45 70 113
32 33 27
75 54 116
65 76 116
247 938 179
801 65 171
238 518 144
575 907 179
56 931 179
8 390 144
604 217 144
409 731 171
677 182 145
446 522 142
671 485 145
558 210 144
285 346 144
989 782 179
436 449 116
442 684 145
388 244 144
468 345 134
762 762 109
253 819 171
695 261 145
928 19 179
197 338 144
750 594 171
239 916 179
835 629 171
402 395 121
558 407 142
460 548 142
190 896 179
997 351 179
300 386 144
596 769 171
732 78 171
251 704 171
616 946 179
685 545 145
966 601 179
602 436 142
196 841 171
353 33 144
190 475 144
147 749 171
882 607 179
298 791 171
504 16 144
143 524 144
402 458 134
13 853 171
537 264 144
278 154 128
212 963 179
419 897 179
565 22 144
334 481 134
864 407 171
514 773 171
601 661 145
242 203 128
269 260 123
994 492 179
276 856 171
17 397 144
35 748 171
252 572 144
14 249 128
445 944 179
213 864 171
842 497 171
887 895 148
978 471 179
22 212 125
963 623 179
873 207 179
826 861 148
467 540 142
355 462 134
117 91 119
859 152 171
840 830 135
443 854 171
80 888 179
799 12 171
473 361 134
229 80 125
257 208 128
270 280 92
140 234 128
622 14 144
160 450 144
876 627 179
709 950 179
808 826 135
42 669 145
978 882 174
500 141 144
456 581 142
31 974 179
593 223 144
336 822 171
303 313 131
750 573 171
312 890 179
526 934 179
623 687 145
385 219 144
315 814 171
170 125 122
641 213 144
513 340 142
814 14 171
481 272 144
314 231 131
247 627 144
454 303 144
450 476 129
616 919 179
50 928 179
529 577 137
582 154 144
265 968 179
373 299 144
502 544 137
143 144 104
476 375 134
203 291 128
390 685 145
282 704 171
916 249 179
51 91 116
552 502 137
567 887 179
141 337 144
535 671 145
633 118 144
544 617 137
805 917 179
635 308 144
181 498 144
172 657 145
873 375 179
668 264 145
61 950 179
688 697 127
200 739 171
507 471 142
960 793 179
359 821 171
131 613 144
493 483 142
732 38 171
101 538 144
674 456 145
566 856 171
954 738 179
233 828 171
832 901 179
812 613 171
853 220 171
311 772 171
959 537 179
245 640 144
331 323 144
462 463 129
937 674 179
665 389 145
712 767 153
927 106 179
224 213 115
962 897 174
951 915 174
726 504 171
817 539 171
118 390 144
759 148 171
882 439 179
685 846 171
798 17 171
170 261 128
199 826 171
654 865 171
216 86 125
352 863 171
192 295 128
77 874 179
193 748 171
790 919 179
253 327 144
179 371 144
437 657 145
519 320 144
815 205 171
167 614 144
940 337 179
594 141 144
883 249 179
725 100 171
335 78 144
963 247 179
373 42 144
122 285 128
790 631 171
923 762 179
958 103 179
134 396 144
480 372 134
716 296 171
296 602 144
630 237 144
659 225 145
97 543 144
194 822 171
643 248 144
900 608 179
495 992 179
369 336 126
278 878 179
967 203 179
641 927 179
25 494 144
43 505 144
866 479 171
802 163 171
82 433 144
119 460 144
377 217 144
4 290 128
40 367 144
539 660 145
694 753 171
653 64 145
91 932 179
661 777 171
136 303 128
705 161 171
516 468 142
386 383 121
947 189 179
265 748 171
341 384 126
210 437 144
320 932 179
728 361 171
300 986 179
22 994 179
740 675 171
777 550 171
327 439 144
329 182 144
461 753 171
63 977 179
222 449 144
80 888 179
357 64 144
638 698 145
168 848 171
854 488 171
781 302 171
849 801 135
289 590 144
796 749 153
985 294 179
19 313 131
452 348 134
215 914 179
103 278 128
611 44 144
727 411 171
933 85 179
475 572 142
502 643 137
140 357 144
133 640 144
379 701 145
161 668 145
12 958 179
137 997 179
971 157 179
30 424 144
505 245 144
339 327 144
242 670 145
91 969 179
82 25 116
55 557 144
316 557 144
920 175 179
634 772 171
534 14 144
193 696 145
401 205 144
374 539 142
921 346 179
415 671 145
770 920 179
916 829 179
967 878 174
219 777 171
848 301 171
521 904 179
2206 8154 262
8542 5626 262
1316 6060 238
557 3200 217
3804 3775 176
69 8535 262
5922 4610 236
1062 8221 262
2668 1774 209
2259 9152 262
1738 4055 238
4590 1535 238
5554 6544 262
2427 5186 238
9410 9176 260
4218 3199 238
7331 4343 262
8826 230 262
1987 9383 262
5013 5791 236
4741 5082 210
4327 665 238
1276 6971 262
469 3944 238
8745 4310 262
3097 485 217
8365 9269 260
3602 5503 238
5814 6030 218
690 5225 238
5207 6490 262
8425 4122 262
2416 8834 262
4352 4403 215
8218 948 262
196 4543 238
6031 6105 187
5208 7307 262
3078 5677 238
1252 1824 180
1570 4350 238
3891 9935 262
5202 7494 262
7021 1018 262
5107 7711 262
6243 315 262
5784 6251 262
4437 8201 262
5086 373 238
4187 4888 215
1321 5965 238
9431 8934 260
2072 6222 262
7824 5150 262
3482 9077 262
8556 5052 262
5010 2449 238
6570 213 262
1526 3593 217
2813 6633 262
2887 640 209
8530 255 262
6891 4551 262
39 3561 217
6506 4226 262
32 7827 262
193 9463 262
8345 3847 262
7268 6170 262
8997 751 262
6830 9136 257
7385 3423 262
3168 3956 238
5219 4694 210
9131 8032 247
2910 2020 209
8672 1442 262
2275 7147 262
7575 3896 262
709 4082 238
8122 2323 262
3492 9897 262
3369 1838 217
3745 638 238
9591 4325 262
2971 6422 262
3463 357 217
9846 8213 260
4313 6648 262
2909 5028 238
4681 7401 262
7048 3355 262
426 906 179
503 8001 262
6384 2794 262
3666 4507 238
5117 7159 262
5988 8486 262
580 9733 262
707 172 171
4060 3678 238
8177 9105 247
4035 9606 262
7319 9930 260
6255 1811 262
4959 937 238
796 3590 217
5874 1222 238
6078 7959 262
807 2463 209
754 6055 238
8553 7453 252
3215 4542 238
5940 5378 236
5858 6647 262
7132 9918 260
326 5310 238
607 5943 238
6499 7927 257
7457 2755 262
1321 3999 238
5275 2117 238
9172 1150 262
4922 5251 210
9110 7311 252
9297 1447 262
3367 9433 262
8901 8165 234
3976 4842 215
3544 1417 217
3073 677 217
1337 4981 238
7570 3526 262
2508 4070 238
3036 9965 262
8408 4358 262
5547 3684 238
8057 4720 262
6416 4562 262
1555 7109 262
1874 2435 183
8557 5242 262
1869 7459 262
3408 7427 262
3884 8534 262
8844 8539 216
9211 1764 262
3522 8364 262
6873 7612 257
4018 9909 262
9160 2427 262
5850 4708 236
7693 5491 262
9429 4110 262
54 2567 209
2803 1929 209
5002 1361 238
8753 8453 203
403 3744 238
5881 5869 143
2279 6308 262
4410 3073 238
8073 9514 260
1439 4947 238
7127 7039 164
6439 6288 200
9466 2291 262
997 8742 262
7782 2009 262
4435 9418 262
4576 7238 262
1348 1161 182
8599 1684 262
9614 585 262
5428 7078 262
6455 7707 257
3388 866 217
782 3044 217
381 3803 238
9573 9090 260
843 6013 238
5379 1892 238
9886 7958 260
635 7669 262
9968 5070 262
7089 6127 262
2310 20 183
8871 2492 262
1705 8486 262
3078 7133 262
5566 9533 262
6424 537 262
1982 8788 262
3581 2363 217
2592 3155 217
3036 3435 199
751 8415 262
5327 639 238
7956 7544 221
9890 7925 260
2615 8562 262
5636 4925 236
166 4508 238
7418 1871 262
4577 2079 238
587 1726 182
1613 8593 262
2263 5177 238
7382 7426 239
7540 9974 260
2164 2159 139
4992 4498 210
575 1902 182
5137 8531 262
9446 6610 260
8040 2063 262
5174 5259 179
8570 5340 262
1350 7571 262
8793 7509 252
9650 963 262
9236 2846 262
9557 3082 262
8023 6940 257
2092 7146 262
8498 4256 262
9305 3491 262
8754 1463 262
6976 5474 262
1578 6423 262
2086 1201 180
69 8842 262
6460 223 262
5765 9392 262
7794 4559 262
6902 9028 257
7104 7721 239
3457 6662 262
805 3064 217
5186 4479 210
1793 3685 217
318 2682 209
8758 9073 247
4145 5735 236
6130 7305 262
3742 9798 262
8506 3811 262
8641 6549 257
4034 5989 236
7524 3412 262
549 4428 238
2441 9236 262
3732 7480 262
5899 6119 187
545 1086 179
599 2339 183
6353 918 262
5021 5113 179
1574 749 182
849 7704 262
8055 4591 262
9086 8144 247
9985 9310 242
6277 4020 262
5301 3802 215
9014 7432 252
9812 1456 262
6669 3546 262
8937 4152 262
9665 1065 262
5238 1848 238
3404 3175 199
2766 8 209
8288 4340 262
758 720 140
3627 396 217
6894 4296 262
8540 8462 203
3608 6400 262
4065 8909 262
1786 3081 217
7924 1599 262
4537 4595 184
6727 5057 262
8747 6394 257
6123 5568 218
8242 1110 262
8743 2591 262
1119 8614 262
8513 1877 262
9335 2141 262
3855 7812 262
8020 3978 262
6275 1629 262
380 341 126
2121 2166 170
3422 46 217
5347 9542 262
4641 2076 238
6182 4971 262
10475 15770 276
85600 54051 351
63679 67109 299
90759 69163 351
92041 84296 333
77968 82294 338
92033 14971 351
30715 95211 351
8365 5227 262
14292 66037 340
22704 46194 324
75376 62712 330
27260 2755 308
24723 2838 282
74644 86741 351
33091 85119 351
97389 18692 351
34048 61069 340
80678 24808 351
25110 67597 340
3982 3079 238
44769 96015 351
12927 75484 340
91228 16169 351
75588 398 340
82207 98293 333
46593 52461 314
55883 68730 335
55216 80606 351
71568 29861 340
67348 99536 351
14981 64738 340
18229 43906 324
20685 93785 351
63591 45795 340
61383 67573 330
43751 1031 324
63590 56678 335
71392 49696 340
72848 46982 340
50094 55056 340
45276 91564 351
7518 1160 262
60295 62735 335
81766 26742 351
87473 43992 351
26279 97332 351
3609 39386 324
41239 24294 324
33172 99708 351
70090 89432 351
67282 13842 340
90463 25750 351
65398 61857 330
75446 33124 340
3717 25542 282
83057 48993 351
11984 85452 351
45030 72280 340
43065 26797 324
93899 30540 351
65666 15056 340
22750 69275 340
54442 63989 335
93570 82491 333
58575 58538 167
66802 25859 340
67257 52143 340
51609 32656 324
8878 27057 308
60657 12595 340
47476 43715 314
61588 59460 335
29169 6619 308
26618 72234 340
28293 15395 308
97651 88837 333
30452 20402 308
58113 79771 351
79269 46561 351
62264 37845 340
5100 23944 282
63704 72358 325
76087 10192 340
99891 84966 333
32126 60550 340
97561 79602 333
99142 54028 351
33940 28312 285
55524 55436 260
95424 78695 338
70831 93076 351
67533 96160 351
8357 20524 279
75933 87626 351
67086 33075 340
25472 72186 340
57019 84054 351
39422 27984 324
89123 39315 351
12951 21250 279
94742 5391 351
95729 88762 333
59419 29670 340
17076 14944 271
79983 7378 351
88516 50816 351
95331 56050 351
46977 3689 324
76575 17788 340
91315 43662 351
50863 11666 324
10726 2760 262
90597 50149 351
30745 79721 351
84341 38573 351
972 73961 340
43964 91578 351
62724 3384 340
16126 74677 340
13206 96110 351
82055 1723 351
41804 77388 351
52651 88781 351
75954 24104 340
1448 67271 340
67766 47188 340
73814 73369 294
49949 64412 340
23519 75571 340
39011 2738 324
14145 34860 311
76699 58110 335
26439 39425 324
56371 42565 340
14103 69577 340
33553 91036 351
66178 75357 325
68425 13707 340
59017 39257 340
37811 60465 340
6529 455 262
7654 75220 340
73824 52480 340
34510 92221 351
28052 73521 340
94959 42198 351
8382 71660 340
95185 29698 351
5963 51557 324
67141 14943 340
16013 695 276
5980 82191 351
76053 69282 325
90775 29948 351
8541 28587 308
85290 9947 351
29042 87821 351
85168 2867 351
40303 14556 324
89965 68355 351
88078 84926 333
5431 91337 351
51464 617 324
21037 57427 340
52175 88178 351
72370 68188 325
88873 73228 351
45257 59804 340
42511 36033 306
84629 45929 351
59497 69920 335
55877 88539 351
57743 35923 340
86283 98046 333
45356 76250 340
61279 33435 340
56054 61588 335
24774 7519 282
62205 45811 340
59823 9258 340
33990 27071 285
72323 17741 340
300 12458 268
72423 37689 340
48491 57053 340
83618 7989 351
26975 34373 311
91405 84718 333
65173 77690 351
77642 10531 351
48818 33799 324
43966 4873 324
95387 63617 351
7269 57594 340
4306 67092 340
61729 33173 340
94163 34054 351
50915 89341 351
46512 23339 324
27031 89881 351
75269 5527 340
92747 2245 351
39901 84154 351
81840 99951 333
56722 59483 304
10483 418 262
88160 49327 351
168 83548 351
7822 7437 221
36020 12129 324
69406 97750 351
45302 63570 340
26682 91094 351
47789 68071 340
9311 74820 340
52830 84581 351
75225 45579 340
86826 10004 351
24611 63545 340
9956 76210 340
17906 15317 279
76628 6067 340
59521 71673 335
89616 67343 351
79110 25637 351
74349 48517 340
18265 19653 274
6965 39824 324
5625 54755 340
7897 14937 276
24453 55604 340
99518 99678 266
1184 81222 351
9683 20672 279
44768 14517 324
91759 57552 351
29834 68388 340
63619 89355 351
34939 48113 324
51576 14050 324
73751 25927 340
57444 86893 351
45580 59287 340
26719 51205 324
14043 29493 308
61019 33373 340
85097 60538 351
27930 81159 351
36639 37613 306
96708 81407 333
52130 88469 351
38960 76841 340
51735 97457 351
66197 86675 351
45571 17775 324
95602 14200 351
38579 53048 340
1095 79036 351
12336 22691 279
25119 21256 282
47061 86139 351
49506 32159 324
46678 77436 351
8196 83317 351
15051 4906 276
59603 62058 335
88252 93440 333
38901 39988 306
85775 99975 333
21541 31348 308
12628 17145 276
45548 51207 314
65070 41520 340
30244 72283 340
64211 55364 335
88416 11273 351
36381 37923 306
38310 83059 351
15361 41383 324
61255 25289 340
46289 15736 324
82224 29419 351
4054 16003 276
64285 89830 351
10857 85826 351
21179 23485 269
97848 61604 351
69570 62919 330
3126 94691 351
30080 62214 340
44933 18497 324
68365 81314 351
56421 6676 340
59252 66659 335
48059 15385 324
86825 89226 333
25998 63927 340
13523 30052 308
79931 77808 338
306038 972644 525
44754 229286 386
691486 951475 525
186194 659804 509
300668 792444 509
855141 843305 419
648117 901908 525
155717 914203 525
568287 710340 509
22119 327369 443
164225 270040 443
245183 255728 363
845266 167186 525
317900 656694 509
88338 199631 383
241940 908581 525
686480 800898 504
137868 377968 443
752374 838266 525
551977 567247 421
630711 921323 525
410554 793034 509
823233 566271 509
707238 391521 509
790816 243563 509
233095 955041 525
513603 478278 470
724974 358870 509
159669 42875 383
529769 248007 470
242507 771709 509
670793 928987 525
86813 322867 443
821160 839188 525
161134 887343 525
406436 306051 441
808667 331195 509
99086 631901 509
411671 320529 449
537627 202488 470
564092 770722 509
671734 77696 509
763205 396709 509
950770 922874 507
439585 994745 525
685087 196297 509
280660 870085 525
639489 367474 509
192953 974855 525
206663 868292 525
862199 127304 525
688548 670867 398
972704 787634 525
816974 384376 509
622368 354602 470
586865 186462 470
639530 258600 509
778362 916940 525
169515 729134 509
839816 609100 525
238085 39109 443
319602 518745 470
909194 473296 525
886219 616353 525
448152 607087 470
484646 310352 449
734392 173195 509
495425 221302 449
475034 312400 449
605678 97403 470
181207 706748 509
798069 820737 450
965349 90638 525
251884 134865 443
819772 605905 509
258170 572062 470
645014 91977 509
90808 68414 351
565273 977028 525
684767 13427 509
584116 683618 509
837983 832713 525
371018 333409 441
54016 360257 443
645809 173900 509
457661 341222 449
880648 769935 525
161960 360203 443
860573 413844 525
9273 194551 383
19750 267443 443
766613 178969 509
873624 857422 432
761588 438899 509
348656 446356 449
966530 446977 525
644180 804514 504
279692 15199 443
137925 847912 525
375457 297939 441
536017 347323 470
639161 416667 509
631463 315327 509
776870 492038 509
243376 300349 407
200794 777331 509
567792 967408 525
470505 955622 525
339036 232094 407
908726 687692 525
192656 875257 525
134670 836836 509
193977 928566 525
366240 846106 525
290685 255902 407
658251 826702 504
117430 811617 509
757574 748894 424
126945 48651 354
755137 884526 525
349000 955931 525
176063 430997 449
437545 646568 509
386620 776581 509
878663 295347 525
978478 71320 525
684809 113150 509
422361 878787 525
555921 788601 509
724894 360811 509
44505 897350 525
187515 676139 509
708969 459294 509
425034 350119 449
507945 694376 509
234646 856945 525
164514 410709 449
802148 602059 509
571483 188769 470
892846 450147 525
998321 871325 507
35672 683131 509
498680 458033 444
76124 54603 335
246635 315224 407
415414 805344 509
212575 117134 383
481485 921544 525
576429 420724 470
271665 598579 470
629306 20516 509
969730 793820 525
431226 771879 509
395880 2710 443
474853 288727 449
967061 473175 525
160054 2734 383
670512 172939 509
974971 746636 525
741746 221607 509
576065 157162 470
541157 788641 509
788500 536847 509
224391 879134 525
471776 496056 426
991919 101083 525
516573 961650 525
894903 462004 525
733530 290785 509
978918 722588 525
93717 945980 525
195765 767975 509
462919 866277 525
940915 437891 525
127119 682662 509
173703 217390 386
354029 229065 443
6032 656735 509
765912 230423 509
50075 237690 443
240685 41995 443
338773 757258 509
3646 747882 509
733467 251381 509
552872 712386 509
973970 646589 525
172572 683940 509
928770 149696 525
64423 383891 443
587587 705746 509
580758 275495 470
923136 448993 525
504561 929168 525
105729 270474 443
673797 155804 509
22369 914482 525
712004 875347 525
185946 229855 386
623230 919413 525
995441 176103 525
631800 969412 525
336897 804372 509
167558 265668 443
954068 231981 525
649559 55861 509
937727 230319 525
845560 375070 525
679312 350122 509
818443 299246 509
134802 492241 449
969254 157171 525
406724 681259 509
546723 106875 470
425320 169954 449
26289 420762 449
860261 172294 525
904379 197160 525
490871 71938 449
977032 959144 458
818123 626593 504
15006 270056 443
371117 860567 525
645126 564634 509
724894 463571 509
378085 859696 525
955812 347340 525
531073 876742 525
542805 592001 452
497822 482330 426
761956 524112 509
903092 136423 525
696406 807472 504
333583 187279 443
393615 310617 441
146424 211739 383
451415 675635 509
995999 336737 525
50408 641127 509
901371 289507 525
618903 279457 470
663409 88921 509
141002 708687 509
479868 198012 449
300689 977691 525
680342 576850 509
501804 583435 470
713274 712415 411
905112 46858 525
413899 812932 509
871679 74529 525
538876 323095 470
750164 534877 509
659832 314777 509
176005 75409 383
604284 309113 470
869070 267694 525
398034 10074 443
976381 877903 507
722290 791276 468
855595 402634 525
368127 871604 525
500274 81402 449
98225 919592 525
642465 512125 509
732525 514145 509
586654 271403 470
351446 851023 525
806280 11279 509
680005 496490 509
86689 798494 509
805603 955759 525
580394 717842 509
480038 70981 449
595746 202330 470
862257 965546 507
604964 230386 470
837151 619443 509
825992 449582 509
539036 468458 470
961707 271563 525
496809 62567 449
57171 848255 525
427795 377656 449
373739 622005 470
874146 460428 525
420500 193955 449
930393 895 525
911797 410432 525
71877 21750 340
126967 448339 449
987296 246136 525
678725 338654 509
865580 18924 525
788236 404617 509
1587 264149 443
190385 498396 449
840920 761760 525
346652 782920 509
139417 720392 509
