1 10 20
100 200 125
201 210 89
900 1000 174
795 598 171
123 837 171
101 735 171
312 607 144
172 122 125
487 423 142
897 934 130
635 114 144
778 643 171
973 355 179
791 257 171
519 146 144
768 944 179
269 626 144
480 822 171
417 394 134
973 156 179
457 675 145
450 254 144
296 525 144
652 267 145
87 829 171
772 356 171
1000 615 179
435 186 144
691 140 145
235 851 171
944 709 179
116 666 145
456 235 144
997 972 143
679 853 171
792 285 171
969 799 179
924 967 174
554 162 144
27 470 144
57 146 122
390 162 144
987 610 179
786 238 171
703 64 171
294 317 131
366 964 179
356 88 144
397 627 142
870 683 171
140 922 179
810 368 171
600 86 144
910 838 179
778 684 171
196 283 128
551 734 171
818 676 171
529 340 142
342 81 144
882 827 179
304 618 144
997 780 179
271 867 171
851 392 171
782 734 153
391 13 144
274 31 128
576 979 179
169 321 131
187 944 179
502 420 142
283 341 144
782 306 171
962 416 179
976 172 179
996 738 179
625 268 144
771 289 171
59 825 171
687 620 145
120 938 179
51 848 171
349 531 142
623 951 179
881 683 179
258 234 128
4 532 144
884 358 179
432 455 116
883 692 179
604 848 171
987 708 179
451 606 142
261 75 128
687 809 171
514 6 144
624 550 137
721 868 153
673 172 145
496 459 142
884 502 179
431 662 145
81 571 144
206 509 144
425 301 144
89 532 144
676 56 145
73 543 144
138 814 171
874 78 179
794 336 171
344 752 171
357 520 142
950 180 179
342 864 171
486 462 129
852 173 171
264 205 128
283 280 61
898 73 179
358 238 144
929 575 179
219 316 131
487 10 144
741 311 171
630 986 179
411 637 142
270 434 144
937 915 174
320 263 131
304 830 171
309 972 179
195 449 144
422 843 171
60 113 119
217 730 171
135 878 179
125 488 144
336 689 145
937 583 179
250 192 128
86 793 171
444 466 129
442 723 171
870 826 148
899 684 179
855 344 171
338 651 145
414 757 171
699 779 171
108 683 145
184 992 179
589 237 144
199 799 171
828 868 148
711 295 171
83 607 144
113 347 144
199 330 144
752 657 171
473 895 179
421 60 144
110 740 171
645 61 144
64 696 145
455 166 144
301 925 179
631 928 179
823 734 153
365 416 134
926 1000 174
511 485 142
171 367 144
279 35 128
107 359 144
320 621 144
829 655 171
583 371 142
77 888 179
759 934 179
683 78 145
106 834 171
107 227 125
651 543 145
236 245 97
279 869 171
879 194 179
675 946 179
494 781 171
622 178 144
516 81 144
408 260 144
294 860 171
54 500 144
181 922 179
302 155 128
11 845 171
862 587 171
488 86 144
217 938 179
404 869 171
846 275 171
758 297 171
736 89 171
593 627 132
811 952 179
623 771 171
704 156 171
869 844 148
102 38 119
89 77 111
311 633 144
308 777 171
10 592 144
445 13 144
738 282 171
24 992 179
51 21 112
432 619 142
950 892 174
374 61 144
504 729 171
799 381 171
417 69 144
602 597 119
201 247 128
36 309 128
791 869 148
874 14 179
876 256 179
493 428 142
27 787 171
391 580 142
499 969 179
52 970 179
211 886 179
534 947 179
202 260 128
746 848 153
680 33 145
852 965 179
32 302 128
474 155 144
199 641 144
906 68 179
455 993 179
341 272 144
424 682 145
535 65 144
317 553 144
622 114 144
183 620 144
900 60 179
434 500 142
413 575 142
276 936 179
438 655 145
562 69 144
159 680 145
595 928 179
980 15 179
682 556 145
945 911 174
690 441 145
24 416 144
956 241 179
876 696 179
484 938 179
661 449 145
560 757 171
773 202 171
768 814 153
192 233 128
700 514 145
761 724 140
859 790 148
309 857 171
396 894 179
752 79 171
909 179 179
257 563 144
20 203 125
563 238 144
644 703 171
691 660 145
22 186 125
40 405 144
814 896 179
180 617 144
514 902 179
168 489 144
477 109 144
325 775 171
277 367 144
193 562 144
726 278 171
471 529 142
751 952 179
471 744 171
181 792 171
615 760 171
84 476 144
392 416 134
316 393 144
235 188 128
519 604 137
14 428 144
341 969 179
228 573 144
523 235 144
804 58 171
533 518 124
763 826 153
631 208 144
935 882 148
844 655 171
197 658 145
443 198 144
468 113 144
315 201 131
269 355 144
65 902 179
516 674 145
803 665 171
171 142 125
10 571 144
945 712 179
241 551 144
657 363 145
910 387 179
917 299 179
50 882 179
731 249 171
207 449 144
243 820 171
597 114 144
140 976 179
364 586 142
834 711 153
843 799 135
704 448 171
854 715 153
560 191 144
599 303 144
871 1 179
511 292 144
955 92 179
801 173 171
122 445 144
888 120 179
735 811 153
939 200 179
35 21 112
42 900 179
55 94 116
497 759 171
651 844 171
402 68 144
68 539 144
167 307 128
948 582 179
590 539 137
333 434 134
33 413 144
56 301 128
826 36 171
770 152 171
154 34 122
631 666 145
554 917 179
100 295 128
751 369 171
281 48 128
138 934 179
291 707 171
274 503 144
367 504 142
942 878 174
386 944 179
572 626 132
911 78 179
372 660 145
982 899 174
761 191 171
483 680 145
939 836 179
46 808 171
657 277 145
643 90 144
311 599 144
801 983 179
448 916 179
401 964 179
623 398 142
926 573 179
7 272 128
324 758 171
727 151 171
363 606 142
761 367 171
455 860 171
246 981 179
266 344 144
674 308 145
371 110 144
418 888 179
514 608 137
313 50 131
249 173 128
28 967 179
80 351 144
280 936 179
114 387 144
98 948 179
189 900 179
637 320 144
947 888 174
793 568 171
765 673 171
435 537 142
753 413 171
431 389 134
741 56 171
647 941 179
488 276 144
505 523 124
259 263 123
429 862 171
991 523 179
877 862 179
711 532 171
817 450 171
902 640 179
511 856 171
909 921 130
176 396 144
19 815 171
519 9 144
337 652 145
533 337 142
250 775 171
149 325 131
170 819 171
631 300 144
104 372 144
197 292 128
48 391 144
604 944 179
236 747 171
774 188 171
557 290 144
207 419 144
720 171 171
182 273 128
857 965 179
222 274 128
829 309 171
307 515 144
15 367 144
765 575 171
982 791 179
950 137 179
442 927 179
897 215 179
303 877 179
172 199 120
619 159 144
303 993 179
370 327 144
930 740 179
370 630 142
315 978 179
403 26 144
537 753 171
169 965 179
688 80 145
179 677 145
77 530 144
131 824 171
745 530 171
508 287 144
503 171 144
358 80 144
141 492 144
329 521 142
647 595 132
749 27 171
65 473 144
185 126 125
842 562 171
367 175 144
796 544 171
978 564 179
837 693 171
378 667 145
644 323 144
417 73 144
364 358 95
471 210 144
795 947 179
831 990 179
746 755 140
478 62 144
345 173 144
209 985 179
428 296 144
537 986 179
468 297 144
240 239 53
491 689 145
770 9 171
314 582 144
521 217 144
602 2 144
561 335 142
731 965 179
331 193 144
717 969 179
323 739 171
273 886 179
202 625 144
41 432 144
792 342 171
522 89 144
388 826 171
683 938 179
151 55 122
427 116 144
719 658 171
192 963 179
553 526 137
29 370 144
840 995 179
14 992 179
770 192 171
536 370 142
16 605 144
983 634 179
930 393 179
640 754 171
362 360 46
312 51 128
238 408 144
886 923 148
164 602 144
806 164 171
519 466 142
294 725 171
758 820 153
413 884 179
123 649 145
481 359 134
514 880 179
268 286 105
27 27 112
864 211 171
366 352 126
920 331 179
570 796 171
471 125 144
235 634 144
230 491 144
31 93 116
137 194 125
699 460 145
266 571 144
778 75 171
267 32 128
683 939 179
316 756 171
581 756 171
646 122 144
276 969 179
146 732 171
938 283 179
644 165 144
292 908 179
636 81 144
779 913 179
852 556 171
411 647 142
146 702 145
363 967 179
892 720 179
546 995 179
356 933 179
653 572 145
355 953 179
931 397 179
245 791 171
429 741 171
326 667 145
115 112 34
573 330 142
217 712 171
135 823 171
797 908 179
311 808 171
491 949 179
969 702 179
174 134 125
517 514 124
64 985 179
344 495 142
290 712 171
180 364 144
444 599 142
240 953 179
388 265 144
701 945 179
468 399 134
687 854 171
248 328 144
744 738 96
377 899 179
166 457 144
197 893 179
53 459 144
72 921 179
19 106 119
553 393 142
395 861 171
562 933 179
351 304 144
951 851 179
723 105 171
970 455 179
903 35 179
390 932 179
535 852 171
449 267 144
667 384 145
963 512 179
217 458 144
487 327 144
86 320 131
465 293 144
854 554 171
73 971 179
463 333 134
140 144 104
896 360 179
565 869 171
799 802 73
802 39 171
251 671 145
937 927 174
959 845 179
255 803 171
782 417 171
286 584 144
991 912 174
139 585 144
866 175 171
113 322 131
469 155 144
462 618 142
620 503 137
851 323 171
388 429 134
329 468 134
570 488 142
638 673 145
115 844 171
269 791 171
835 680 171
143 946 179
998 995 50
754 640 171
131 734 171
224 781 171
943 252 179
928 88 179
304 636 144
486 35 144
522 448 142
775 169 171
959 292 179
447 528 142
448 582 142
942 49 179
634 251 144
425 155 144
936 628 179
953 347 179
528 805 171
529 980 179
463 492 142
380 410 121
215 871 179
470 781 171
164 582 144
764 370 171
194 794 171
246 551 144
650 235 145
377 405 121
402 726 171
344 230 144
859 532 171
743 712 140
855 732 153
587 83 144
327 486 144
700 161 145
448 235 144
292 992 179
609 364 142
781 182 171
274 428 144
49 640 144
330 352 126
447 67 144
944 286 179
778 462 171
795 463 171
38 682 145
651 735 171
539 64 144
91 372 144
986 479 179
374 616 142
109 608 144
846 17 171
202 180 120
910 78 179
355 438 134
144 259 128
563 318 144
215 18 125
533 304 144
707 176 171
657 597 145
889 635 179
772 53 171
291 552 144
784 475 171
741 658 171
73 242 128
131 813 171
174 504 144
898 812 179
902 96 179
933 202 179
652 492 145
943 757 179
452 497 142
692 276 145
323 30 131
15 641 144
174 142 125
769 456 171
109 531 144
897 258 179
871 210 179
178 858 171
734 660 171
672 518 145
9 685 145
107 407 144
82 620 144
737 798 153
656 530 145
259 735 171
223 288 128
511 549 137
768 894 179
707 363 171
480 711 171
855 576 171
72 730 171
14 669 145
890 669 179
302 860 171
289 659 145
68 926 179
13 76 116
831 937 179
512 991 179
512 806 171
896 616 179
648 798 171
280 389 144
340 251 144
332 592 142
440 319 144
42 173 125
653 688 145
225 674 145
637 92 144
870 448 171
443 144 144
913 700 179
156 119 122
110 510 144
577 743 171
3 539 144
291 718 171
230 432 144
506 527 124
747 438 171
591 311 144
206 652 145
921 181 179
919 76 179
945 840 179
29 27 112
731 333 171
787 869 148
520 174 144
396 329 126
392 293 144
388 88 144
81 580 144
743 789 153
536 975 179
258 522 144
817 812 135
315 63 131
790 410 171
844 987 179
711 768 153
962 920 174
924 108 179
3 949 179
908 593 179
850 927 179
636 29 144
941 577 179
177 954 179
989 48 179
872 719 179
599 721 171
105 432 144
565 239 144
655 519 145
541 202 144
326 154 131
511 977 179
577 419 142
220 500 144
141 227 125
638 575 132
179 547 144
235 547 144
696 700 127
664 215 145
254 85 128
255 15 128
698 90 145
749 790 153
129 911 179
625 886 179
909 23 179
86 756 171
807 773 153
354 864 171
548 313 144
1 201 125
290 180 128
890 540 179
974 951 143
876 439 179
843 252 171
621 238 144
61 574 144
385 92 144
487 13 144
342 462 134
668 154 145
572 116 144
400 651 145
438 872 179
265 432 144
621 673 145
259 919 179
620 509 137
303 175 128
626 373 142
278 967 179
745 23 171
806 711 153
463 508 142
328 649 145
664 522 145
374 655 145
184 383 144
241 386 144
680 900 179
4 360 144
523 313 144
139 450 144
474 136 144
732 671 171
663 767 171
211 483 144
133 345 144
65 545 144
4 113 119
980 125 179
638 976 179
607 279 144
877 234 179
367 672 145
292 791 171
168 114 122
477 900 179
961 288 179
164 649 145
70 255 128
614 796 171
298 854 171
739 160 171
984 275 179
400 700 145
875 748 179
627 120 144
304 301 43
974 431 179
647 285 144
742 817 153
535 408 142
165 727 171
779 941 179
445 801 171
6 196 125
385 642 142
377 383 108
65 861 171
754 920 179
593 174 144
78 446 144
630 440 142
391 171 144
199 155 125
397 236 144
856 588 171
597 604 119
890 78 179
97 313 131
774 2 171
954 573 179
840 993 179
700 821 171
677 733 171
802 114 171
206 849 171
825 330 171
501 51 144
639 484 142
57 30 113
173 357 144
645 906 179
803 180 171
861 802 148
111 736 171
339 572 142
330 261 144
930 263 179
504 690 145
296 599 144
583 184 144
509 379 142
586 46 144
82 118 119
758 798 153
560 737 171
121 96 119
470 784 171
844 411 171
286 926 179
480 175 144
482 937 179
108 709 171
495 513 111
283 513 144
800 250 171
715 982 179
169 888 179
86 508 144
988 52 179
729 256 171
385 306 144
480 376 134
781 601 171
690 304 145
462 432 129
675 637 145
285 137 128
67 738 171
867 977 179
841 635 171
502 119 144
846 993 179
287 934 179
995 406 179
853 968 179
304 290 118
828 986 179
186 649 145
137 104 122
562 709 171
1 1 1