1 10 20
100 200 125
201 210 89
900 1000 174
4296 92734 351
62152 82249 351
30656 85754 351
42421 49065 314
39473 78207 351
55743 6894 340
82782 79489 320
7669 47656 324
92195 14402 351
93461 87337 333
93862 6500 351
13515 5540 276
17004 37775 324
91864 20896 351
80489 347 351
48110 91385 351
66255 64315 268
20599 84468 351
23367 10374 279
1013 14013 276
34398 97123 351
80549 7935 351
96598 35312 351
62525 45951 340
31006 7599 308
33204 69973 340
34876 40718 324
34721 21831 311
97318 95473 297
54011 41892 340
31824 126 308
82751 87610 333
99519 39237 351
37648 44565 306
96316 94602 328
22777 3477 279
44805 90833 351
18830 39882 324
67261 66692 268
88945 38095 351
51492 90116 351
57424 7488 340
64481 46921 340
91339 52633 351
18651 75064 340
14259 24588 282
66055 80352 351
11342 89535 351
76380 99473 351
42839 26720 324
4930 88058 351
42627 2757 324
29769 51101 324
44830 20772 324
58998 25617 340
54900 9708 340
13944 86707 351
3147 88543 351
54169 20299 340
10925 59308 340
10864 60534 340
95588 77869 338
59475 67829 335
34814 33306 311
15081 31441 308
86641 73639 351
8733 96393 351
56343 42945 340
72239 26363 340
14842 86497 351
27845 619 308
10763 21482 279
99135 91346 333
74347 28741 340
76616 61477 330
39757 50422 314
50376 69889 340
74323 98714 351
17783 90480 351
49684 84383 351
21451 75739 340
9408 19041 279
60882 39917 340
87610 41629 351
34971 41087 324
24676 23955 251
17423 35429 311
79481 23453 351
52829 24276 340
20531 72230 340
54611 46862 340
72076 1321 340
73193 50668 340
75970 12039 340
10615 72774 340
74452 52036 340
59174 56226 304
48713 73887 340
29924 61975 340
16816 76748 340
66097 61085 330
30273 528 308
63895 94804 351
40195 83481 351
88342 10413 351
97575 87031 333
20029 90712 351
48497 45082 314
43061 55851 340
6998 19913 279
18871 30987 308
46017 60028 340
99966 34074 351
21840 91735 351
69815 16350 340
98972 90148 333
36405 86218 351
7862 53708 340
6657 82859 351
54668 4465 340
16014 33489 308
19914 63211 340
13994 536 276
61598 98653 351
73201 1714 340
44244 41587 288
75036 10130 340
27936 20347 308
87927 37400 351
83130 91485 333
32848 26420 308
59746 78999 351
42602 72697 340
59013 62586 335
61041 10463 340
25529 70235 340
47080 73172 340
44034 2903 324
17215 28001 308
45143 76710 340
83041 75253 351
92958 93722 315
36425 22608 324
33972 12180 308
30964 68686 340
69065 93827 351
87441 32142 351
80616 76667 351
5813 66429 340
22548 77614 351
25676 64196 340
75309 65705 325
57162 38059 340
43314 80462 351
70559 47752 340
70497 6121 340
6632 60040 340
71674 14257 340
65890 77593 351
50913 67709 340
26522 55090 340
54690 31456 340
42368 28927 324
92943 76162 351
74426 47724 340
51461 52349 278
88341 89773 315
8237 40177 324
91446 14345 351
97822 29060 351
91214 27969 351
12191 30010 308
7148 56928 340
45578 75532 340
78156 61184 351
74797 10312 340
10605 7350 260
30474 54725 340
41249 47164 314
81309 93985 333
85693 56218 351
74686 62394 330
1072 62576 340
43772 12197 324
64081 8481 340
93706 28238 351
62736 63423 330
4342 26892 308
55631 74128 335
90484 24704 351
62794 90938 351
93561 34186 351
44881 72528 340
23203 96616 351
16310 68921 340
12118 3596 268
97089 8921 351
42113 79161 351
82690 88990 333
83839 35802 351
95486 58345 351
1050 3423 217
71626 2167 340
27850 37653 324
1366 64972 340
68826 13408 340
20000 23067 269
72427 85431 351
90601 29939 351
2739 65853 340
45125 19881 324
84029 84119 258
47500 63902 340
23636 63535 340
43405 92974 351
33562 39140 324
80354 52853 351
79570 59116 351
1439 51069 324
26814 74887 340
39204 67752 340
54498 52833 322
91250 99414 333
14631 899 276
87898 13620 351
3868 81079 351
97425 51297 351
76631 49366 340
17088 97214 351
56857 14351 340
87799 2610 351
4752 26359 282
44514 71031 340
64662 89448 351
71539 87556 351
23030 38200 324
84863 54872 351
69711 61814 330
70053 61568 330
8529 1346 262
74728 76101 325
28356 2378 308
86782 60693 351
66215 26685 340
86178 72620 351
63286 53134 335
19748 19998 274
9381 68231 340
96000 62244 351
93866 24295 351
84331 55873 351
37687 11866 324
49065 57040 340
19748 36563 324
5692 92172 351
86539 22216 351
91063 47899 351
65869 34666 340
65201 53528 335
23442 52608 340
9173 8220 247
15086 96351 351
13142 23848 282
66623 5096 340
64992 64113 299
84754 1822 351
51722 33064 324
98565 37634 351
50471 78533 351
57991 15309 340
21659 54192 340
32092 49673 324
57323 38315 340
78749 30316 351
16909 43615 324
81884 79955 320
69247 37762 340
21252 49463 324
31731 10114 308
18111 5838 279
41736 59697 340
33106 27520 285
60884 95820 351
54435 84356 351
43805 34665 324
95995 82807 333
10727 57373 340
36774 79801 351
70759 11816 340
18230 96356 351
31542 94494 351
33736 56457 340
898 16018 276
46110 70249 340
82046 8737 351
20299 90124 351
1434 56024 340
13454 6850 276
55725 58946 322
40374 76404 340
74190 49522 340
82211 47750 351
26467 73610 340
36301 30219 324
77968 76806 351
59230 17253 340
27473 85096 351
14650 62008 340
73155 4385 340
30879 70281 340
66396 42200 340
99751 21144 351
74299 36474 340
18154 68151 340
21178 80094 351
33921 2566 308
59264 75891 335
20101 301 279
69651 28553 340
94806 9461 351
14410 99033 351
64696 33219 340
68993 10706 340
19511 82834 351
60774 16897 340
31211 85676 351
83408 27484 351
32694 79844 351
71759 50859 340
80586 73619 351
66846 19763 340
27561 16430 308
81141 57216 351
73124 20512 340
54747 27663 340
22660 87817 351
50873 56310 340
33927 83155 351
938 97520 351
67074 66316 268
90542 11880 351
57798 87877 351
81470 17953 351
36573 76966 340
27001 93823 351
87827 36907 351
68189 83926 351
12177 35488 311
26290 80942 351
63844 52404 340
34816 3791 311
22492 95133 351
94369 90831 333
82353 52168 351
11760 99669 351
17568 58010 340
8288 94953 351
14708 94537 351
25130 72282 340
22335 11984 279
53311 57419 322
8263 30675 308
50460 21915 324
40350 64431 340
80539 88335 333
86953 12572 351
77573 21215 351
3330 67235 340
77733 49978 351
21625 69270 340
95800 93494 328
4565 52016 324
24769 2264 282
44568 5963 324
63449 46972 340
22241 2551 279
53219 37410 340
12459 98877 351
99357 41525 351
84275 31633 351
24819 8409 282
18295 13517 279
79726 32016 351
4697 70256 340
85418 90121 333
52931 60594 322
27653 54279 340
17924 61922 340
43890 42249 288
67704 23423 340
62254 83195 351
31238 11791 308
78154 44568 351
90724 93599 333
18214 44793 324
91765 2648 351
20639 84799 351
39698 88794 351
1664 54329 340
74374 40888 340
86228 36210 351
62514 47120 340
53979 46587 340
21138 17668 279
89946 52208 351
46359 25722 324
72941 82634 351
20083 64332 340
4312 59009 340
62036 65677 330
71643 79099 351
18631 39609 324
25219 57557 340
25214 98296 351
38525 90348 351
88812 20879 351
2246 40840 324
14060 87234 351
60927 31655 340
48674 32042 324
66236 48002 340
42873 80463 351
77754 95902 338
16748 74658 340
79152 209 351
16160 63514 340
97727 98254 297
44686 3049 324
67427 88847 351
26815 4538 308
60684 76894 335
25328 40169 324
68358 95328 351
6804 45566 324
95475 37438 351
41497 31464 324
12699 21266 279
52002 95346 351
9978 98058 351
23092 96901 351
45751 25596 324
94285 20282 351
88437 65959 351
62350 85146 351
67843 76257 325
35961 76244 340
28974 14114 308
97077 61562 351
42422 5676 324
83342 70168 351
44157 45718 314
11642 1681 268
11292 44211 324
12726 18616 279
65072 11300 340
32527 56137 340
8850 12119 268
39325 96482 351
87652 71129 351
69002 32577 340
35974 93663 351
48400 81179 351
57321 43085 340
86975 41333 351
58875 44450 340
37758 34339 324
32993 7264 308
94026 15995 351
90371 42075 351
8666 34261 311
1184 14750 276
86722 50177 351
60514 50036 340
64630 96421 351
75629 38425 340
80998 86322 320
46193 3358 324
19304 40866 324
84703 97779 333
28052 98544 351
98393 76340 351
18728 15731 279
33857 94195 351
43660 45688 314
11411 20318 279
98928 51644 351
85327 17772 351
78577 14627 351
29262 68745 340
94234 58296 351
85558 46875 351
16839 43777 324
90824 79377 333
54341 87133 351
96407 42407 351
17334 87709 351
50035 12472 324
36720 76573 340
59363 27553 340
5637 2046 238
69202 61358 330
70269 42721 340
57856 53091 322
65311 76673 325
74328 56585 335
56111 96174 351
75746 61939 330
3889 54178 340
44655 204 324
76619 67969 325
20018 83134 351
8873 78290 351
74990 91233 351
82522 46580 351
31466 9375 308
28632 11519 308
76258 92416 351
70629 40985 340
77207 68023 351
24048 90385 351
19750 65512 340
59543 37595 340
50229 92020 351
3303 19976 279
21066 21859 256
27678 20609 308
3414 63276 340
23954 84705 351
60911 33124 340
31626 5101 308
20347 62688 340
234 71536 340
9768 21001 279
13036 567 268
19416 35516 311
19402 6021 279
66298 9754 340
47512 27540 324
82196 60307 351
91213 15177 351
12540 85770 351
44355 59346 340
18438 85700 351
38548 8831 324
45143 7667 324
78180 86075 338
42553 77882 351
13214 39461 324
42759 94332 351
79126 71791 351
19528 77765 351
31790 8274 308
43224 63796 340
62132 9772 340
22306 48227 324
25417 58679 340
82538 88789 333
87932 32455 351
13862 31291 308
40788 29248 324
44909 8931 324
69261 31282 340
92936 48766 351
49849 53138 340
72389 40877 340
7496 67702 340
20618 78823 351
26690 88524 351
70566 70696 281
36049 61975 340
42531 37881 306
19260 71880 340
94584 8121 351
14574 75605 340
24859 24741 264
14742 19320 279
23668 8521 282
5191 80871 351
39628 15011 324
97183 68235 351
14212 21360 279
99908 14335 351
99298 9781 351
22986 65895 340
63142 20812 340
33362 71786 340
79355 11625 351
66445 74926 325
29194 53800 340
65342 85327 351
936 63701 340
59613 97563 351
15375 15288 240
5591 14061 276
83626 28859 351
49523 90692 351
9929 41753 324
28687 24671 308
95061 90116 333
14825 62455 340
77821 86131 338
29083 82969 351
99919 83335 333
73021 16286 340
97763 6904 351
13838 21673 279
74033 24192 340
86189 4957 351
32099 16292 308
4993 43480 324
97764 9979 351
39993 97040 351
86648 79516 320
60078 23625 340
68933 81736 351
10820 92624 351
33295 75953 340
72719 727 340
96450 17638 351
23955 75564 340
49960 3548 324
31555 32824 285
41306 16794 324
48715 16434 324
64115 55297 335
36201 10621 324
48545 59190 340
26614 96997 351
44084 69934 340
33507 14961 308
98681 50005 351
79582 39429 351
44192 33722 324
24980 67160 340
89176 50011 351
40528 65036 340
43485 41096 288
81922 21455 351
59144 84502 351
21307 93773 351
97957 76163 351
23092 16688 279
97346 42081 351
74734 67573 325
95171 38402 351
85748 28172 351
86962 8414 351
39644 79564 351
23923 36963 324
11309 12208 250
75766 11193 340
88667 39026 351
56390 42736 340
62861 87779 351
66334 84073 351
58848 90916 351
43291 54719 340
95748 3620 351
33549 67984 340
41156 13110 324
65415 11051 340
30979 11053 308
55094 32120 340
94082 11639 351
36462 38366 306
97598 7444 351
52767 85173 351
61750 16466 340
61766 44265 340
92522 61511 351
51169 9031 324
35134 84329 351
43163 77287 351
64094 90637 351
52453 67766 340
42045 15066 324
98501 20383 351
22230 85897 351
33416 84054 351
25875 82300 351
18739 59041 340
33675 11704 308
50871 38787 314
47045 80480 351
44995 8421 324
47291 10511 324
51475 14403 324
83739 2962 351
9414 25937 282
46567 26368 324
1582 70760 340
69692 54902 335
86049 23826 351
17775 14899 279
71852 13677 340
68787 31885 340
48198 92095 351
35320 54159 340
11362 33942 308
66637 91152 351
1599 10490 262
57446 40240 340
9274 99474 351
32472 70673 340
43363 10384 324
12001 60016 340
4493 78618 351
44005 94014 351
1726 97174 351
8788 82016 351
94246 50065 351
57223 90783 351
17453 56492 340
17704 76525 340
7205 62403 340
20209 6133 279
43071 67803 340
89677 84349 333
62137 72136 330
56924 95419 351
14357 4728 276
36306 48241 314
16484 71008 340
12862 63238 340
46945 28384 324
55719 98499 351
9371 85877 351
84306 9798 351
3146 61244 340
65 10822 262
88963 95902 333
49494 32677 324
16006 56860 340
3606 87979 351
74709 42328 340
60296 21860 340
39935 49085 314
59772 48376 340
59706 12013 340
3528 54690 340
80782 18949 351
36878 10416 324
82062 35534 351
40826 73911 340
74626 54467 335
29094 32623 285
9952 26106 282
6464 54802 340
96506 58001 351
25988 96653 351
33968 46135 324
55971 47072 340
72934 56052 335
93765 43576 351
42992 66357 340
22954 76006 340
79721 49144 351
51020 62556 340
40900 71696 340
76864 995 340
80473 31830 351
57212 19036 340
57985 52620 322
28722 73649 340
65181 4047 340
37274 23415 324
23024 62488 340
43662 16035 324
8430 14767 276
73327 90790 351
57324 69166 335
76422 74214 325
30678 3693 308
68612 62426 330
15199 50414 324
44298 58529 340
42131 95271 351
4965 96640 351
68233 44488 340
29329 24854 308
73780 74728 294
88446 54270 351
75001 82545 351
55600 14817 340
13978 67108 340
62944 66069 330
23313 23786 282
18720 36470 324
4792 94008 351
4412 86174 351
94085 96350 328
96572 79716 333
9044 91244 351
61958 45103 340
89852 82433 333
15840 58166 340
25123 93202 351
13843 31861 308
18029 49652 324
94411 8941 351
28752 81478 351
75514 99993 351
65251 317 340
19901 11369 279
31797 24493 308
20471 17309 279
78393 65969 351
36633 81248 351
68063 30040 340
6499 90750 351
70206 60140 335
38244 43139 306
44654 19296 324
76156 8273 340
6002 72117 340
57379 64989 335
4210 64137 340
24355 10439 282
53542 45853 340
3808 7125 262
2319 55425 340
50456 27339 324
3712 95966 351
2022 33320 308
34489 66399 340
12832 55808 340
74612 29789 340
33408 20721 308
83544 93894 333
7423 63493 340
53003 71977 335
56189 79012 351
11781 19073 279
55710 23570 340
57343 97308 351
95534 61260 351
7242 57062 340
38053 38266 244
76380 51671 340
1894 60210 340
46438 99573 351
26145 46665 324
72737 24871 340
14776 82806 351
27878 14648 308
96639 92997 328
88092 6564 351
19261 10197 279
26668 80002 351
85359 28655 351
81937 20430 351
25291 52579 340
19468 15058 279
14913 12545 276
46036 11632 324
7550 29584 308
38953 79951 351
61642 65102 330
46057 61855 340
7634 30373 308
90332 62826 351
57024 88038 351
81066 93370 333
89574 70405 351
78669 54433 351
93721 35569 351
16321 36936 324
12282 84654 351
63671 25208 340
23504 55697 340
5577 97471 351
91121 21431 351
90632 69727 351
33024 60418 340
27377 82649 351
15151 6770 276
75230 59601 335
27334 8956 308
53976 56766 322
57916 31529 340
44522 43632 270
94242 33421 351
47281 26878 324
99327 78881 333
46704 86668 351
46806 97344 351
64160 9077 340
88836 2075 351
82693 95675 333
10693 17114 276
94107 96040 328
95414 62416 351
93391 59007 351
79861 65657 351
98218 12612 351
57028 94387 351
43752 5477 324
60269 68214 335
20167 49956 324
38559 55408 340
72219 39234 340
17495 70433 340
13022 23337 279
59610 45105 340
94085 19478 351
21950 70889 340
95502 58049 351
18281 10997 279
30228 19402 308
49905 5587 324
26437 5538 282
21986 55320 340
21323 25907 282
23326 88928 351
82503 29485 351
93278 90927 333
52412 62606 340
66679 81449 351
29735 12653 308
37400 57387 340
81996 34756 351
64560 91012 351
48107 49367 296
67820 84371 351
32818 27941 285
71934 78046 351
80940 71530 351
98905 50668 351
37559 2446 324
953 12640 268
86867 4366 351
38047 13394 324
53046 36069 340
84826 97067 333
77181 61590 351
9697 17405 276
76381 16249 340
66077 74654 325
83416 97376 333
42820 26143 324
35754 38148 306
18976 20461 274
42339 16721 324
17998 68130 340
93935 85386 333
6625 23465 279
13105 74523 340
62375 57261 335
68302 80282 351
89540 58268 351
40966 50488 314
40730 20573 324
59901 61097 335
34538 25835 311
80087 89582 333
64500 2189 340
34915 42267 324
15995 57492 340
45646 70538 340
96708 17776 351
47896 12796 324
60316 41487 340
51684 99879 351
38041 71987 340
63496 55712 335
89177 7119 351
59653 8262 340
71751 2270 340
51184 14985 324
75036 44448 340
81071 49877 351
4321 19025 279
18239 73055 340
21907 20200 256
12946 42474 324
76384 86281 351
83670 88726 333
81133 60103 351
86256 25511 351
71770 9306 340
96680 61421 351
67773 57368 335
44382 30293 324
96843 84212 333
82298 41323 351
81301 67184 351
13537 75402 340
49807 55359 340
62660 93186 351
5708 76156 340
60818 389 340
38085 50816 314
33741 4302 308
25880 51460 324
53722 43982 340
23437 61876 340
8114 57780 340
69588 97836 351
76854 96313 351
3242 434 217
