571843 691242 447
490761 970665 476
16624 412472 449
188459 795150 470
653424 747014 442
19200 742471 470
614887 736416 447
372955 676957 470
198821 811747 470
172787 793458 470
207246 786116 470
803375 956930 476
191070 633652 470
602605 776229 468
91041 411801 449
275569 535792 470
202936 309428 443
465724 581220 470
76372 445518 449
147982 840639 470
375293 386466 423
427604 992021 476
485237 831970 470
759843 883302 468
198415 660813 470
378440 920531 476
685503 978703 476
15294 201592 383
222041 789160 470
106451 572822 470
684715 767811 442
411833 649669 470
11534 978252 476
562640 672899 447
364008 776607 470
19524 151189 375
459950 923182 476
447041 598503 470
671647 950646 476
637015 848307 468
836992 851114 419
927481 963657 445
538344 793625 468
58443 478614 449
13863 900971 470
334960 991062 476
27961 677797 470
85814 802882 470
455292 630931 470
133858 722435 470
233858 589803 470
71093 948226 476
322776 725551 470
307887 492333 449
323881 833523 470
560756 910878 476
592529 780731 468
619370 912779 476
164380 826724 470
69374 198538 383
30988 647632 470
15689 875323 470
271697 849424 470
805679 865461 450
663650 943744 476
173151 707470 470
82254 602400 470
247392 707741 470
652046 759207 442
67737 430146 449
168754 274320 443
334623 340122 366
472068 572819 470
322526 495915 449
134385 195765 383
685525 978671 476
650 382444 443
45077 184742 383
278747 546612 470
203235 686264 470
752973 900512 468
139068 613767 470
7301 332250 443
565818 968396 476
183844 964637 476
12448 381150 443
99183 731632 470
218663 342576 443
117131 754458 470
165465 758077 470
100602 210704 383
117824 834542 470
864295 931090 476
191718 954011 476
48496 874066 470
370738 626372 470
496487 522399 470
761794 999677 476
109430 707428 470
53307 978604 476
335983 516178 470
457654 813672 470
452416 978637 476
134976 804036 470
378771 564283 470
378769 870055 470
149881 553994 470
57212 437089 449
212710 584022 470
730114 817134 468
95330 256367 443
766837 970327 476
507777 662788 470
299379 962695 476
491776 769847 470
496262 943092 476
497666 976396 476
865924 966734 476
225720 476586 449
413279 745595 470
133729 568394 470
730954 773048 468
530999 844339 468
96669 583564 470
287053 586956 470
7468 58868 340
524110 975940 476
319834 874460 470
300600 929611 476
599741 948558 476
354892 751298 470
388505 934909 476
245170 461070 449
231573 409373 441
33868 413034 449
364598 780599 470
113242 263927 443
130636 825155 470
368067 717267 470
103385 716050 470
197595 222922 386
414441 624829 470
395189 988076 476
70743 542515 470
318040 700607 470
503494 620036 470
469049 885822 470
346125 785798 470
799068 950226 476
626391 739712 442
158072 662700 470
430109 668923 470
459867 602111 470
216037 406609 443
118125 886452 470
286199 800962 470
460258 738649 470
146458 932612 476
588070 803884 468
162191 822546 470
764772 953720 476
134607 427711 449
132039 530369 470
152451 177222 383
305019 679542 470
121192 561711 470
449232 849584 470
777042 900384 468
457809 789069 470
820860 947603 476
350444 837173 470
58000 855389 470
444456 907273 470
119351 407526 443
149414 259290 443
663980 701544 442
233915 267051 407
560863 622803 447
642857 654579 385
748378 780342 468
128622 487027 449
383026 603290 470
304747 931384 476
219227 331640 443
642905 805403 468
751282 976641 476
97488 254814 443
113648 804717 470
567216 686769 447
407351 473094 449
139336 417720 449
195061 385221 443
315978 389573 441
191784 416676 449
490197 827765 470
399123 468589 449
635001 644316 416
391179 721985 470
270098 434838 449
815775 948213 476
126527 228535 386
119382 911394 476
137972 926061 476
587735 956941 476
167057 229904 386
479927 654366 470
70497 152267 375
128865 947082 476
409946 802772 470
752095 991125 476
68201 308928 443
57122 328400 443
551430 812640 468
111674 383608 443
5324 536471 470
553889 822379 468
223802 914560 476
279757 708843 470
368487 923628 476
285687 368672 441
318576 828185 470
289260 938513 476
421926 899575 470
272420 787163 470
120605 954559 476
614455 739210 447
810760 832137 450
521179 835298 468
294120 331012 384
373843 977856 476
847519 986575 476
170195 474176 449
275811 355638 441
400570 500048 449
847437 876300 432
221958 960329 476
871521 982737 476
475779 732810 470
453024 869448 470
724147 744604 424
620202 983560 476
261989 998824 476
633303 681989 429
543166 749691 452
357418 953492 476
481848 732368 470
82893 657811 470
491542 901738 470
537024 685034 452
252676 534722 470
284455 394534 441
858286 954807 476
495673 507579 426
154884 931098 476
25754 910990 476
527232 665393 452
151688 396797 443
7965 53523 340
789702 918810 476
433169 639342 470
83853 985640 476
375813 599844 470
612715 819047 468
571291 645203 447
439659 756507 470
83912 274172 443
539636 949523 476
158322 850366 470
122235 136875 344
957327 991095 458
766712 892859 468
114303 429569 449
284124 998995 476
230802 789614 470
211733 300641 443
447183 450070 369
144041 935168 476
47884 870787 470
181744 958893 476
68377 731225 470
669323 961785 476
904940 920689 476
308797 945251 476
721401 756175 424
436470 955627 476
186560 584415 470
34704 393682 443
201768 714089 470
222718 927627 476
6046 480697 449
70890 129484 354
486208 530436 470
204376 427802 449
95329 590128 470
414204 430235 418
399438 804312 470
461129 540469 470
535815 968801 476
386627 610538 470
505887 521574 470
270461 412480 449
584167 804889 468
240920 377525 441
70252 365649 443
31565 66460 340
380550 938054 476
529845 858306 468
2370 541811 470
694696 927103 476
138993 474582 449
11834 339230 443
628364 644117 416
289980 783502 470
11778 892475 470
413834 524477 470
411743 833440 470
357995 361446 379
699749 945756 476
23418 228817 386
39006 568638 470
201701 633921 470
186699 907052 470
687932 814166 468
288895 717264 470
216028 979780 476
276904 997410 476
679979 818446 468
168873 280529 443
103884 922869 476
647377 825763 468
292568 329329 384
667464 990599 476
286441 290765 389
190729 291314 443
914100 919872 432
225748 789107 470
541954 896474 468
536400 661024 452
653280 843198 468
308895 641356 470
664193 707574 442
36791 529657 470
211448 967002 476
18344 53732 340
111603 499975 449
79998 144743 375
783535 953944 476
501890 769738 470
21002 599354 470
343848 984092 476
479032 664107 470
440564 541088 470
14514 555501 470
610389 987770 476
60108 460841 449
330913 406782 441
686864 876530 468
15385 709753 470
7767 79971 351
200765 235696 443
191748 629259 470
505776 803193 470
241748 299591 407
89588 302938 443
624142 833285 468
276647 836303 470
304088 767252 470
173528 604294 470
254820 544870 470
547628 600385 434
138729 824900 470
466041 896460 470
795500 921006 476
478076 924494 476
37485 520221 470
66240 460660 449
319951 793094 470
767644 918843 476
709451 711762 380
775148 830657 468
273154 662328 470
733311 974953 476
508777 745920 470
190603 269807 443
88514 769777 470
202891 335126 443
305947 720388 470
8097 224146 386
620116 826882 468
283030 733527 470
203708 751070 470
23306 107825 354
668502 997265 476
606624 789670 468
565912 947085 476
299189 960205 476
859014 888268 432
36115 177631 383
214079 313459 443
605273 877160 468
142475 977320 476
264826 996872 476
260708 407742 441
304361 344474 384
785671 976969 476
170330 549626 470
673044 774446 468
14999 605825 470
437930 841969 470
662772 812317 468
18046 507980 449
455996 843175 470
120740 949007 476
429156 923913 476
518192 940846 476
122058 979330 476
31044 310366 443
89740 660446 470
388872 733703 470
19400 878660 470
98900 262858 443
24509 227995 386
88696 738593 470
12954 38796 324
820499 912183 476
173863 616165 470
213315 308898 443
246840 266290 407
597489 963267 476
215342 467074 449
327754 481532 449
730422 791739 468
640240 701799 442
716635 766038 424
634609 915277 476
637592 885135 468
80759 212962 383
173298 560285 470
382957 895051 470
441031 651955 470
196370 484729 449
247717 857326 470
193449 841125 470
446099 745435 470
62702 840896 470
260966 646124 470
714406 804828 468
925778 979385 458
401171 439960 449
178836 507866 449
394705 774453 470
313367 342163 384
289745 873863 470
20389 996910 476
11071 187959 383
67134 496048 449
703659 959885 476
76050 82601 351
701863 855988 468
193988 936771 476
194789 351444 443
517014 527383 439
706897 978584 476
727390 766993 424
335044 384498 441
389451 402349 405
65734 721403 470
278391 387960 441
203165 299287 443
870181 954774 476
200858 743571 470
112807 781169 470
396230 803680 470
168845 708369 470
425662 952874 476
155878 929959 476
322165 411319 449
501494 545762 470
304051 634082 470
38416 121318 354
147087 777343 470
261835 949470 476
481730 575555 470
85346 653098 470
341755 601546 470
57301 447946 449
43481 506906 449
120918 243068 443
467575 809977 470
264647 302348 389
384269 392700 436
721784 877600 468
508675 996445 476
70079 334829 443
686154 829905 468
303303 821425 470
200222 694065 470
69906 807622 470
269628 484717 449
17766 323061 443
661210 770824 468
804933 897746 450
634938 939879 476
275744 657171 470
593337 989492 476
60696 828123 470
176610 941302 476
276245 806763 470
647972 986057 476
866523 984995 476
400690 664676 470
62695 882216 470
62233 467637 449
410149 956601 476
320892 423693 449
437406 577685 470
85905 576339 470
145227 214129 383
321807 407231 441
424067 552976 470
102745 466715 449
678189 904422 468
206829 524608 470
276469 907433 470
3563 428608 449
744465 882265 468
22813 79744 351
563323 820884 468
280854 920780 476
569384 848425 468
637910 948388 476
486 188742 383
337643 403448 441
79307 840026 470
5421 648934 470
132503 753972 470
549938 853356 468
284216 370200 441
202286 643506 470
270657 289865 389
619820 876804 468
815539 904659 450
463366 482816 413
525109 820702 468
87695 829848 470
624001 710858 442
200439 847581 470
407501 832979 470
60813 371241 443
75394 660135 470
445256 692608 470
6885 99021 351
645744 869202 468
167277 178704 347
12884 552436 470
633947 760447 442
705724 781211 468
332772 335302 335
456851 627417 470
354280 993867 476
220070 561996 470
433937 735313 470
86311 497738 449
474295 659948 470
296983 848032 470
239110 891037 470
136595 140337 344
31436 947220 476
111209 983056 476
397507 554866 470
746630 768185 468
264328 857375 470
240200 438831 449
56422 851913 470
272781 737432 470
199381 757872 470
99987 260872 443
296370 874751 470
214177 382662 443
782376 980584 476
754403 846937 468
611594 627806 447
747021 950355 476
10321 115100 354
240319 246684 368
109539 698156 470
213336 995459 476
6345 731137 470
743056 840087 468
28677 797094 470
268726 905620 470
271767 525195 470
627872 676060 429
811104 954284 476
406031 538111 470
45926 782425 470
524631 623558 452
156055 872058 470
854348 865960 388
940489 947432 383
696396 830004 468
34013 411847 449
78359 714526 470
222604 966157 476
236726 552522 470
362747 437117 449
126823 179019 383
200493 413110 449
471620 690278 470
284624 832959 470
171497 453974 449
79816 925566 476
503189 728286 470
445413 545106 470
977558 990658 427
536893 901191 468
273858 852861 470
438081 844233 470
15800 592427 470
84896 451662 449
174428 316542 443
739604 915288 476
565494 670337 447
23967 665601 470
777584 879375 468
72502 216986 386
289199 711523 470
344971 722868 470
433368 601022 470
21714 580959 470
728618 936377 476
164597 813322 470
96445 715251 470
162229 563301 470
114005 693868 470
239285 516588 470
78176 609772 470
234994 623215 470
201334 536697 470
503530 971396 476
258834 920834 476
179937 771973 470
38321 51694 314
485004 974132 476
492219 494947 426
178422 282657 443
307764 322170 384
330866 666503 470
501683 774330 470
637513 982629 476
686574 815285 468
343880 600896 470
201770 446661 449
287741 826098 470
506809 912826 476
751975 848642 468
245023 397279 441
404601 799027 470
319767 733095 470
301806 810357 470
573818 992488 476
287037 820485 470
934232 998712 458
770544 819609 468
157132 371712 443
482044 703198 470
55627 62168 335
622517 941448 476
842383 946316 476
519276 544703 408
552855 847939 468
510524 599146 470
526573 933356 476
77637 320753 443
111726 702232 470
790676 956395 476
338329 855650 470
697686 907826 468
95578 991561 476
369679 843451 470
4168 197086 383
149722 258528 443
521304 899649 468
491342 495944 426
135365 873570 470
512765 938484 476
227099 497122 449
68137 740246 470
332013 784971 470
801142 956842 476
422201 700822 470
105548 541473 470
257822 718115 470
71666 214929 383
35026 573291 470
11483 426742 449
181074 927553 476
410977 751874 470
179195 727266 470
507520 895341 470
481461 611639 470
264910 698761 470
12039 90413 351
173527 472692 449
508819 770981 470
123916 640500 470
185598 353653 443
235331 414912 449
565362 778009 468
534457 681105 452
673121 856917 468
364996 495476 449
98059 591455 470
9238 420441 449
302211 843139 470
741081 996673 476
7587 779678 470
686486 762719 442
314317 884681 470
570088 645562 447
1176 846293 470
591839 844430 468
169246 484331 449
92613 109206 354
742608 954210 476
455931 918650 476
219952 425399 449
55915 295530 443
324731 538313 470
683870 746519 442
337912 583029 470
85630 167732 383
390073 584583 470
362490 934185 476
418198 959782 476
198156 788241 470
198090 997735 476
270893 695060 470
115139 636772 470
109979 511792 449
55643 349299 443
424490 625394 470
952076 974044 458
80129 454082 449
250084 505748 449
75440 468892 449
533781 719893 452
79039 314258 443
478833 730190 470
326363 467422 449
255260 699682 470
27012 377870 443
79389 862144 470
248963 763216 470
113244 766475 470
673721 857268 468
315278 490088 449
622491 733116 442
741416 960297 476
80344 490622 449
180699 255429 443
200666 421621 449
800231 932397 476
383236 657096 470
359157 403809 436
524331 650469 452
65523 916033 476
82807 128932 354
275978 394364 441
70204 93823 351
644167 990810 476
303813 542484 470
82302 929029 476
474917 648793 470
221279 859419 470
273750 833044 470
288115 836895 470
300173 782599 470
206318 659990 470
179540 558889 470
212316 691459 470
814452 954763 476
887751 996591 476
221212 370610 443
77890 238404 443
554087 760875 447
230523 295474 443
310047 656006 470
564670 704783 447
24209 325081 443
549749 614853 434
278750 861815 470
26880 936998 476
859335 997035 476
495266 630383 470
109009 149418 375
479526 917259 476
20910 368240 443
71331 245815 443
677788 766377 442
742044 795737 468
633772 640067 416
147627 746488 470
219805 468622 449
497417 691299 470
82636 304871 443
865005 959804 476
607707 993299 476
86423 917855 476
50044 128007 354
152046 756135 470
137215 344416 443
372481 700257 470
288952 306765 371
795237 876182 468
14535 600721 470
421511 741285 470
99204 284773 443
637722 992448 476
239637 753517 470
942007 964096 414
56561 361917 443
232749 718644 470
263476 841179 470
161228 233036 443
821362 857068 419
56375 334255 443
238341 617658 470
261491 910234 476
3991 840373 470
105896 890567 470
353685 898569 470
5879 174216 383
72096 594555 470
791710 951565 476
34586 815720 470
313705 777053 470
679354 853629 468
116961 213527 383
284022 363865 441
134131 463665 449
120107 686575 470
404008 833270 470
446706 625410 470
102655 746569 470
270658 467466 449
572063 940016 476
253763 767659 470
279846 519717 470
11921 222345 386
591526 680904 447
141243 234952 443
445632 668083 470
161856 407907 443
415040 702470 470
267798 663984 470
662744 984412 476
353466 780695 470
52940 111110 354
84921 710494 470
366057 412803 449
150874 361793 443
483636 851327 470
437997 557557 470
224962 284450 443
499020 565427 470
769999 894891 468
587714 683291 447
524786 753379 452
444696 710708 470
465469 898601 470
492102 514502 470
509309 886369 470
507841 932762 476
398776 959588 476
585201 967566 476
218742 312987 443
763721 963658 476
513596 578230 452
168831 270481 443
320066 947939 476
583759 878292 468
411651 954917 476
331250 984887 476
110026 268792 443
146169 767888 470
126668 366880 443
131516 613822 470
222760 744275 470
821975 859064 419
144256 610452 470
588389 799519 468
700965 867817 468
609997 676349 447
524987 704938 452
411789 819078 470
725577 901531 468
777599 947869 476
110800 866496 470
142847 592190 470
376826 428635 449
465407 545139 470
715518 984052 476
646571 728636 442
128797 461574 449
11538 174707 383
787929 959800 476
40563 885388 470
236982 707398 470
337283 517400 470
930205 957063 445
491932 689508 470
17471 554043 470
269509 806207 470
205688 732562 470
347866 389785 436
101302 808879 470
408903 774552 470
47147 409508 443
19079 146212 375
659102 940175 476
24465 301188 443
413683 667513 470
477226 860316 470
258849 396753 441
551901 830846 468
413277 857641 470
377599 613554 470
544797 712609 452
100670 401716 443
493373 552496 470
118952 234554 443
135874 946439 476
545296 697113 452
420834 918459 476
445124 465369 444
401777 996609 476
160150 243650 443
495431 875254 470
21491 821440 470
422159 731514 470
718095 823956 468
50594 544386 470
38201 97284 351
302130 550488 470
522306 997245 476
206628 676845 470
275410 460433 449
377847 865826 470
175500 330778 443
211649 872368 470
391063 696897 470
168304 941849 476
617829 885055 468
827079 942357 476
321269 918312 476
42006 73603 340
377103 597630 470
276956 439034 449
661047 661572 323
455102 500405 444
188790 806348 470
23873 859279 470
22198 150423 375
17371 459284 449
10347 629829 470
142355 686739 470
270706 768063 470
249905 808538 470
114466 313584 443
669466 918598 476
518294 713030 452
356145 923721 476
286030 881247 470
621802 713097 442
676392 754078 442
252870 830159 470
436380 650102 470
273640 391448 441
276220 586683 470
493296 834033 470
589799 654263 447
302670 425348 449
656695 903755 468
376121 687000 470
106312 172339 383
209306 528009 470
176522 768062 470
709734 865182 468
152963 599323 470
71539 818018 470
3683 978192 476
727095 846796 468
278436 618085 470
294957 515981 470
494983 578100 470
305061 903650 470
624855 724721 442
786343 790759 406
125581 497301 449
