39205 407021 443
274699 424796 449
353149 616693 470
453993 218823 449
438749 379278 449
863469 918493 476
484688 455550 444
152315 482925 449
989273 573438 525
43132 430675 449
761238 5858 470
195173 14737 383
703666 816210 468
207513 19369 383
157765 496636 449
55322 196970 383
420009 846372 525
138117 289509 443
463064 592109 470
508331 418164 444
487738 371800 449
336656 972425 525
343701 5322 443
455350 849326 525
578759 14833 470
280000 856348 525
537042 991524 525
871085 240707 525
807733 594949 468
776427 965497 525
91584 348100 443
678818 27944 470
710824 333286 470
317453 173887 443
925394 342135 525
592051 413131 470
713934 445058 470
385556 573987 470
966732 357257 525
423312 61842 449
888441 703311 525
918190 425482 525
211186 789274 470
182540 18918 383
900574 475318 525
500766 508509 426
339769 695936 470
536453 50592 470
29221 853905 525
740831 470967 470
196039 849233 525
884097 426325 525
810642 786004 468
516663 777373 468
659612 939974 525
839215 64404 525
159636 757404 470
489885 370821 449
63029 188776 383
906090 963602 476
664093 406855 470
472110 520214 470
619142 524914 452
570805 648363 447
895170 311635 525
119329 607561 470
677219 519777 452
33885 487861 449
822133 550547 468
265233 998096 525
6872 104447 351
62500 682859 470
378202 68736 443
53679 441230 449
257512 959768 525
921183 437956 525
882974 909645 417
474521 18468 449
434558 45326 449
666830 329728 470
873312 302510 525
937288 550531 525
338638 487524 449
38391 160770 383
554422 819975 468
675218 561293 447
924422 737717 525
244151 818975 470
322804 814181 470
776557 96667 470
290300 697739 470
534623 689625 452
123735 525495 470
708092 558293 447
570820 891273 525
404372 444132 449
193782 341659 443
511014 48772 449
829182 549404 468
209541 899955 525
369378 401110 436
461247 810151 470
655178 221749 470
145478 977982 525
552281 922034 525
74648 842580 525
136124 125622 344
532204 259859 470
651117 756648 442
334503 221936 443
647920 738874 442
182419 358054 443
596884 209784 470
406825 942417 525
275539 132717 443
842371 161269 525
533827 819969 468
971419 189004 525
558069 116896 470
166985 110349 383
555281 757985 447
469280 691405 470
883606 517835 525
467615 534722 470
274482 318469 398
273010 922402 525
57342 971780 525
796807 170577 470
181564 203631 360
112993 457102 449
852699 471715 525
618370 386525 470
291683 106141 443
91881 849751 525
739388 775217 468
476451 294669 449
533201 945730 525
502425 416807 444
463564 486391 422
467880 738046 470
804859 740889 468
176799 862200 525
712669 489957 470
549128 894232 525
693587 662120 442
351333 546285 470
133834 486055 449
449162 941868 525
592195 57394 470
307970 331582 384
832610 784420 468
626250 365811 470
246501 645026 470
298969 710064 470
131416 766848 470
964461 936274 445
24089 657611 470
314825 736757 470
147567 863952 525
147340 357505 443
526071 15024 470
420142 176256 449
501078 385655 449
118123 609624 470
443048 426092 400
941206 275657 525
726863 83807 470
641467 973363 525
728833 456787 470
683427 376600 470
223635 164239 386
312874 247723 416
821850 627698 468
500831 969416 525
8002 164522 383
843273 534072 525
179545 263414 443
226680 196975 386
649068 344802 470
806598 92115 470
287246 747803 470
884123 14108 525
347962 41942 443
987471 76794 525
498728 187249 449
453393 722362 470
351487 282618 441
486436 689688 470
910316 503618 525
175456 434669 449
668139 18728 470
968740 847684 476
798493 711771 468
561010 447560 470
572925 367607 470
56026 860170 525
631762 940148 525
390629 979723 525
982089 894451 476
572868 480817 470
598051 26260 470
719530 465890 470
825230 722318 468
155577 251897 443
225935 331032 443
686565 410426 470
866111 171656 525
774461 664603 468
883427 335470 525
628514 456351 470
703076 200891 470
832872 334837 470
141039 223500 386
314559 639479 470
634303 887426 525
636647 232353 470
430038 872529 525
698242 255267 470
111198 853819 525
507163 853484 525
701202 193727 470
263909 567313 470
881734 38369 525
748267 765160 424
373838 376781 423
221510 593266 470
577671 570733 399
444454 235061 449
310585 275365 398
390892 944887 525
162790 543890 470
177239 109179 383
932770 391833 525
880797 43967 525
245651 904311 525
897451 463204 525
614389 677711 447
30516 496123 449
716080 295135 470
261282 606269 470
188267 999144 525
715886 282289 470
86228 160340 383
517350 396812 470
435704 424593 396
341698 114845 443
968482 35289 525
740376 901252 525
427121 621172 470
461570 672771 470
41835 359020 443
652326 656223 385
553083 199194 470
152345 785514 470
494328 929979 525
391782 682594 470
445474 107668 449
964882 531701 525
784359 998583 525
928513 220062 525
423175 270210 449
851258 908009 432
305498 591633 470
325612 732618 470
729157 303533 470
921740 770991 525
178905 574066 470
427213 731987 470
773259 95910 470
517500 783938 468
25888 425633 449
466531 471361 413
49652 947764 525
519413 834010 468
946347 447925 525
570423 885873 525
234487 421681 449
310233 56336 443
13313 152196 375
788954 742469 468
455729 227045 449
513459 634633 452
317462 457024 449
882971 607072 525
552933 400470 470
391009 578820 470
826102 373891 470
566532 875754 525
321655 602296 470
226115 784353 470
50221 796538 470
670225 284707 470
218218 496810 449
341042 747882 470
649005 646347 341
490351 104733 449
389744 520161 470
255717 223557 443
977184 138687 525
830629 530116 468
55508 737989 470
625287 881610 525
628232 708170 442
273715 466238 449
310466 499829 449
250590 877038 525
812718 437166 470
678096 30935 470
933975 19137 525
778817 582980 468
181836 785519 470
204064 87931 383
305679 976133 525
311487 799215 470
631171 658467 429
329330 686679 470
912808 470969 525
84640 57391 351
695490 874706 525
523628 5955 470
374534 774217 470
399344 187252 443
727734 77439 470
734538 661709 442
612928 29706 470
761040 794763 468
815224 481455 470
399045 637255 470
457587 226883 449
436469 88758 449
401702 765798 470
291788 314509 384
753118 376427 470
371899 448608 449
251132 411878 449
970914 142017 525
702446 370258 470
845620 430179 525
447696 580158 470
608239 60623 470
609863 369278 470
371737 941439 525
367085 770781 470
578693 824671 468
514016 15161 470
429780 915717 525
297310 721567 470
746577 50428 470
614345 634827 447
15387 865476 525
46704 986300 525
523845 749149 452
356557 369464 419
695679 320605 470
465973 303918 449
381227 592188 470
189547 752964 470
533626 556631 452
40096 628670 470
897654 70463 525
643830 327433 470
986179 457491 525
565352 732755 447
24270 179696 383
367581 39656 443
45172 930636 525
25956 569016 470
196136 898864 525
454831 891815 525
219468 920804 525
712084 117047 470
512991 901630 525
386362 562968 470
458261 426457 400
191637 355914 443
496920 351818 449
199698 999450 525
809308 765049 468
732205 833578 468
944745 616137 525
389585 506268 449
546773 415540 470
591635 742908 447
830756 562817 468
151074 50223 375
483620 863157 525
167269 512962 470
764787 553630 447
592281 739399 447
496439 783917 470
611664 509710 470
652086 811361 468
509159 461394 426
92762 757715 470
811323 553858 468
890204 200907 525
576477 436976 470
132799 684463 470
696235 479906 470
247279 847309 525
530128 247251 470
226817 213749 386
760212 991603 525
283730 352493 441
247353 296520 416
652761 859016 525
322581 304847 384
186729 348092 443
282592 795842 470
105806 610266 470
349699 512361 470
327524 442527 449
465688 976674 525
126989 161923 383
456579 374267 449
525583 503059 470
137869 752399 470
716807 898081 525
260354 516888 470
766925 507706 470
329760 936037 525
366722 652340 470
240883 69802 443
431 39826 324
865643 622589 525
166443 215341 373
134949 493967 449
657867 600637 447
470640 301207 449
278911 927219 525
191825 804493 470
430277 329694 449
73243 663435 470
744126 333596 470
696674 511050 470
841302 26433 525
447086 724375 470
195125 204321 360
794176 195555 470
760498 659818 442
334495 926941 525
391510 985796 525
937259 565728 525
586432 407898 470
866934 381694 525
851468 575110 525
186186 798096 470
904803 775780 525
977882 648928 525
109376 674556 470
676329 467029 470
217340 639767 470
707755 412464 470
360439 18282 443
124371 120936 336
678099 458865 470
564228 585960 434
444660 501486 444
668039 547443 447
425736 51324 449
929136 793555 525
626433 631673 341
591651 531236 452
923805 569532 525
696515 549532 447
760439 372844 470
16560 977779 525
12610 240666 443
390242 373048 436
258947 30964 443
10335 453397 449
489829 90915 449
39356 450840 449
592400 223746 470
514635 534487 439
275069 960122 525
328042 901501 525
591795 436044 470
949088 31951 525
5575 645603 470
581482 766014 447
534798 114393 470
260144 547407 470
355058 650385 470
436806 614004 470
197701 447140 449
67400 687529 470
54406 623107 470
654720 646806 394
846852 169354 525
697644 121920 470
645828 542037 452
539772 237622 470
978080 5212 525
269572 983655 525
167166 367405 443
266020 701963 470
481797 526163 470
765721 836854 468
692899 202526 470
450857 890599 525
166017 34608 383
94479 220423 386
657714 265551 470
383580 504565 449
951256 597575 525
142836 597083 470
139612 198959 383
351056 117691 443
204170 136979 383
617697 371335 470
504383 400068 449
589649 986179 525
442582 355369 449
339384 135481 443
74246 790240 470
542431 756615 452
341199 153262 443
493389 998912 525
935164 393320 525
19828 886419 525
507246 162663 449
999854 646857 525
361622 350909 419
764548 82143 470
4240 898596 525
969830 508622 525
298664 559478 470
11153 741245 470
431199 350536 449
393077 21796 443
657128 451860 470
294762 998326 525
121473 304502 443
513590 56636 470
214173 533417 470
459406 721419 470
212432 459259 449
368275 90405 443
326520 649174 470
688899 330759 470
547770 658728 447
355732 846433 525
734558 883236 525
104029 165756 383
233772 497106 449
703903 407251 470
948965 998665 458
921928 70437 525
819518 951869 525
643424 33691 470
485286 102829 449
755109 214069 470
78440 639735 470
820825 404959 470
805261 509723 470
735717 353030 470
168451 607800 470
715814 903008 525
491036 336194 449
585115 241159 470
833299 289017 470
648409 298615 470
804033 86688 470
885403 139903 525
38557 45178 314
173593 40194 383
148007 445053 449
770614 226446 470
601139 591438 403
147756 406399 443
101160 399824 443
275780 785962 470
7623 507945 449
205321 498658 449
844139 790435 525
256168 193789 443
595804 420928 470
8756 916188 525
507616 894158 525
56090 62524 335
939336 746034 525
102717 603694 470
707438 873330 525
346491 308577 441
981119 494246 525
231327 598630 470
894069 23459 525
384592 418043 449
531403 106264 470
916701 891893 476
896699 689220 525
85682 8854 351
110148 94437 354
925041 617763 525
504946 497483 426
196638 960633 525
243516 299354 416
564326 467306 470
689035 910816 525
775882 186505 470
921413 523560 525
785134 815481 468
547018 686077 447
233524 78421 443
792341 666576 468
486665 205391 449
355795 572346 470
214244 982294 525
183134 655636 470
116408 688080 470
669470 313045 470
648712 912986 525
612398 729390 447
380291 817784 470
156557 672524 470
4288 77970 351
712435 789422 468
893450 259453 525
991850 643325 525
854225 784190 525
826252 340889 470
989580 182047 525
913235 720175 525
680692 612720 447
375811 797100 470
300799 561632 470
110144 465863 449
474617 722542 470
195252 371259 443
56677 868160 525
560134 577317 421
946129 272569 525
883090 355931 525
48373 874939 525
999255 902597 476
659129 825507 468
243485 165060 443
523905 673071 452
885235 204596 525
285791 777397 470
1695 102941 351
339028 111839 443
85155 329997 443
350732 796758 470
217607 923760 525
664918 294093 470
501076 611046 470
83013 384165 443
966976 131385 525
259104 966231 525
33981 434584 449
308089 793817 470
599643 348345 470
466888 1229 449
552940 269030 470
294977 70987 443
371970 150357 443
182825 457125 449
996705 49908 525
253882 214311 443
973667 918799 476
24755 474743 449
46197 107767 354
375259 13172 443
239151 634362 470
495754 273131 449
585297 320194 470
66948 701292 470
668538 50187 470
218872 221478 355
319216 513849 470
292464 207537 443
664205 991640 525
664661 660909 367
41547 434895 449
391571 531565 470
870045 416326 525
522659 916241 525
524092 897918 525
445765 763243 470
48631 457870 449
552725 633928 447
778064 136024 470
851571 446601 525
186210 70442 383
184430 21777 383
100642 993245 525
229314 764846 470
501236 410326 444
942106 59134 525
361572 850029 525
590699 231617 470
782706 113357 470
664209 306797 470
527626 626325 452
586391 576257 434
84195 655468 470
726536 862258 525
791491 578106 468
825210 494053 470
648547 525992 452
515829 749189 452
519236 261494 470
30386 20472 308
671820 488844 470
79605 33391 351
855224 670303 525
781359 637929 468
300012 961920 525
461077 827637 470
588244 563820 434
920245 672438 525
219287 646780 470
51047 527129 470
741237 392609 470
537533 906136 525
918600 569714 525
171676 437835 449
831207 718413 468
974658 19378 525
723608 54263 470
569121 578831 399
240917 350479 441
216759 57280 386
828750 194188 470
401269 416994 449
758007 321513 470
605783 493645 470
484645 656830 470
20773 225881 386
565790 558306 421
132016 484389 449
128019 303691 443
922223 475577 525
538456 413233 470
494955 262063 449
467495 64075 449
840894 224763 525
930905 574004 525
282043 759655 470
768191 683311 468
693000 42549 470
521175 298782 470
536193 5819 470
471963 73318 449
748052 37752 470
631623 880067 525
38492 275993 443
700110 477067 470
751569 238565 470
890299 246523 525
500627 357793 449
826949 857872 525
98907 274206 443
431876 380949 449
550212 716418 447
580611 243211 470
275319 618138 470
58344 811511 470
140308 46659 354
884828 888359 401
600762 32802 470
284778 639254 470
825146 984887 525
116320 576715 470
739803 6618 470
339589 756781 470
880762 682890 525
614653 979668 525
957095 562880 525
876969 507306 525
795649 973931 525
266868 70967 443
592068 841563 525
398830 732376 470
404573 800009 470
137086 5335 354
832811 421863 470
160940 657956 470
406749 793611 470
751022 662903 442
316580 90611 443
419684 197341 449
289852 550688 470
693360 246946 470
629919 86680 470
270603 941919 525
576963 53822 470
529238 685382 452
895384 928067 476
934109 299957 525
728075 71195 470
821643 77237 470
493057 498934 395
251545 416158 449
292544 2566 443
79060 609123 470
609528 15095 470
322815 899379 525
82134 532526 470
662676 228404 470
619206 449630 470
170323 196168 365
503451 699560 470
397901 915187 525
143978 332010 443
731495 872052 525
403204 69489 443
465641 896260 525
568422 717185 447
828769 860965 525
719750 907829 525
986439 845630 476
439275 309253 449
745008 521409 452
841778 924036 476
749812 977335 525
373665 436486 449
689854 393468 470
136045 87755 354
825006 796374 450
419764 556500 470
668426 339319 470
142340 134066 344
751930 710761 424
367602 580699 470
88077 603703 470
488527 74515 449
449332 444153 369
383767 710692 470
965561 741896 525
634727 231725 470
235583 524743 470
184562 925436 525
918210 836959 525
529542 743215 452
633332 465657 470
816066 301757 470
804975 958405 525
952174 556905 525
185517 836127 470
653955 273593 470
439830 142481 449
348107 889161 525
102985 248225 443
599852 68546 470
990121 750930 525
816622 225703 470
792025 1183 470
667490 226586 470
838141 197032 525
486153 471473 422
179040 302218 443
289581 500367 449
776975 758107 468
57271 962491 525
594233 711225 447
236084 34062 443
370057 100542 443
439575 473041 444
348767 555778 470
57938 338887 443
823060 390911 470
80941 615084 470
908446 264782 525
841669 746586 525
461813 327821 449
734410 157205 470
146391 540343 470
657571 923365 525
814801 231193 470
402207 925385 525
458769 154642 449
959447 828825 525
255184 915373 525
818217 603950 468
471150 392507 449
459188 294209 449
783417 56480 470
425644 691862 470
321261 267313 416
954800 299426 525
111485 205561 383
456630 257875 449
262255 114200 443
697591 77055 470
345392 616150 470
2440 804160 470
770791 478238 470
149336 542326 470
393610 483904 449
662627 381111 470
876410 121814 525
191672 176179 365
178293 617315 470
384392 499554 449
400979 339191 441
798979 512464 468
61104 771960 470
286690 323358 398
886159 984281 476
400413 747902 470
600430 919204 525
68413 887572 525
397441 734100 470
946250 307402 525
218003 608876 470
688512 610765 447
730690 396535 470
303295 425334 449
13850 687686 470
441239 414828 418
543229 756569 452
443643 604332 470
528528 730333 452
927689 931038 383
230965 844453 525
195291 347746 443
280008 780055 470
235317 677448 470
514154 697918 452
501201 248509 449
306794 189713 443
375625 37483 443
586247 678919 447
979168 116448 525
882956 420407 525
47628 426184 449
176975 491270 449
30515 221855 386
737954 474556 470
669244 968918 525
835360 864535 525
316663 115368 443
644589 68332 470
309167 675095 470
766249 810368 468
439955 73042 449
516432 815579 468
626876 619030 385
10849 122396 354
735478 893804 525
542802 299457 470
836340 236128 470
790726 866854 525
974334 45032 525
857761 643578 525
13949 209473 383
24464 846964 525
841192 185404 525
431647 150358 449
860498 714247 525
477077 300452 449
303641 993508 525
632382 930516 525
612538 643230 447
569263 864367 525
53386 112064 354
163823 889725 525
864544 470900 525
272930 355229 441
515931 647043 452
998806 529880 525
856515 539621 525
893195 697706 525
725025 324841 470
364415 101874 443
39087 841492 525
918678 342727 525
351351 551059 470
789595 963888 525
710641 358857 470
344606 280378 398
987273 508428 525
170102 368168 443
979328 959383 458
723396 495258 470
606425 238554 470
541489 979291 525
778174 434683 470
193348 19550 383
759523 557763 447
121424 314962 443
915606 40101 525
657688 266956 470
107511 963634 525
747196 818151 468
322491 91801 443
98528 309763 443
116581 784981 470
677930 95908 470
744364 917677 525
107517 350788 443
156230 649006 470
330079 934404 525
600040 523426 452
470305 875915 525
597540 591728 403
190876 29497 383
