69146 97736 351
50672 97325 351
33183 73445 340
25329 13134 282
32746 6392 308
71883 39231 340
16386 65795 340
3625 83503 351
88877 13880 351
45812 94337 351
45312 68727 340
67288 10928 340
6513 14063 276
33412 119 308
79438 49731 351
72978 78502 351
16598 42842 324
64374 27744 340
17029 66874 340
4212 72981 340
91798 49249 351
34181 25291 308
79648 1760 351
44876 73799 340
12316 30011 308
13608 58760 340
71114 83262 351
47735 84688 351
57271 25338 340
58010 44519 340
87789 41119 351
69136 21277 340
77235 17562 351
20273 81282 351
10594 63014 340
16511 34247 311
62085 97030 351
85063 11412 351
41908 24083 324
78252 56080 351
92857 43331 351
58436 59640 273
55383 87258 351
33191 23896 308
82893 5385 351
37676 75425 340
45055 2187 324
16716 22982 279
14943 48543 324
14458 41358 324
61414 40420 340
59133 14336 340
9180 46292 324
64385 33490 340
33983 5589 308
34478 74333 340
1887 90899 351
25715 56713 340
49918 40774 314
11349 95166 351
37078 68635 340
98245 61657 351
62237 50618 340
10759 64472 340
59738 45189 340
63882 18144 340
63562 59945 335
41760 42708 288
80610 97815 333
393 40699 324
95699 48571 351
60884 63882 335
52288 16904 324
32690 20108 308
48052 41767 314
8107 28253 308
77778 67997 351
73170 93156 351
33855 74810 340
1759 16563 276
86585 18702 351
8158 48693 324
62216 53729 335
30843 96119 351
7398 94428 351
46007 51284 314
38433 41824 306
86723 62530 351
18691 47835 324
43974 76023 340
14078 76724 340
56513 99422 351
77179 50723 351
10774 50520 324
1574 35321 311
32727 59940 340
41108 48128 314
53642 11871 340
94940 89046 333
24900 37740 324
64331 59093 335
4701 66427 340
68893 85518 351
54218 20332 340
28534 82188 351
46727 42101 314
36691 69512 340
58046 1726 340
22475 25062 282
17822 63733 340
12290 16244 276
31064 52133 324
33203 43829 324
69028 98864 351
25001 26829 308
60690 83063 351
99175 55121 351
66106 54248 335
33205 38406 324
92949 60278 351
7051 42452 324
20163 71966 340
94895 13012 351
8907 43955 324
29062 34881 311
93179 91338 333
15459 94516 351
96014 82637 333
15375 33607 308
339 54243 340
71563 35315 340
23839 13971 282
56184 9744 340
58517 84001 351
67462 57969 335
77939 76877 351
8814 17893 279
6319 39100 324
349 28411 308
88181 60166 351
10367 88125 351
66125 35054 340
8407 27706 308
7675 64771 340
54756 72619 335
5293 46628 324
96585 20030 351
99904 4018 351
63547 79324 351
77321 88173 338
62093 16929 340
48488 833 324
85268 97322 333
53302 76891 335
46664 69213 340
23102 95226 351
13222 59593 340
8470 92859 351
74925 5638 340
60626 55553 322
47303 87418 351
47825 93198 351
83029 9684 351
79845 2835 351
62379 91679 351
68268 24717 340
43713 25177 324
9944 12038 268
74753 83990 351
48354 74423 340
79672 18627 351
66784 1516 340
4923 16424 276
10304 9338 242
75412 54461 335
67418 39773 340
57684 9798 340
94912 8279 351
13325 84247 351
28770 79782 351
11071 61168 340
40173 78441 351
67568 46872 340
82231 83039 320
4692 15913 276
76808 10931 340
61440 16921 340
72433 21342 340
21268 12256 279
69084 97205 351
1078 85599 351
17289 80842 351
38796 83672 351
84621 11284 351
81807 78859 320
32870 90119 351
20689 31408 308
75251 26260 340
43813 69909 340
47771 98931 351
80790 86856 320
74275 27204 340
3151 71867 340
366 94430 351
98163 16090 351
22055 42212 324
95325 58565 351
65471 56271 335
23016 55481 340
58046 32489 340
68804 25419 340
52700 4101 340
29451 30038 272
36283 40754 306
53916 83163 351
93352 72686 351
43390 24086 324
73213 39030 340
10964 82245 351
35193 37905 324
84203 80859 320
16567 23749 282
49738 69383 340
81349 14374 351
55107 52424 340
63312 97379 351
64599 8494 340
25198 46819 324
9707 82672 351
585 44930 324
7646 83743 351
87148 84276 333
31249 55515 340
37220 82338 351
4254 80636 351
35444 82339 351
64177 68710 312
91040 63568 351
40958 92317 351
55858 58246 322
54351 78479 351
78761 66666 351
43134 33216 324
2992 4817 238
39387 89200 351
75491 49240 340
27525 30852 272
72772 50898 340
89938 63642 351
89852 90468 315
49784 72238 340
27705 14979 308
13323 75929 340
68253 29650 340
12974 56390 340
6329 16377 276
17737 44559 324
81738 76044 351
16019 46474 324
48448 39111 314
3614 16870 276
16016 99035 351
12552 32020 308
20502 48947 324
71207 64246 312
10993 97056 351
51035 42517 314
75941 47911 340
63575 80788 351
44581 77171 351
29504 46694 324
3695 26409 282
14910 77959 351
10725 32154 308
96069 22698 351
47534 18160 324
49728 26362 324
75530 73387 325
89022 13459 351
25283 6818 282
12541 30006 308
99454 61779 351
31885 42881 324
80932 86478 320
91352 72190 351
76263 42253 340
87018 94323 333
87016 70018 351
5508 92110 351
85341 57287 351
27326 99519 351
51525 11402 324
94057 29414 351
91921 25865 351
79870 25445 351
18101 83972 351
19142 74644 340
51609 4875 324
19643 44914 324
87363 87558 240
87080 57290 351
67566 34855 340
40848 94675 351
6221 43589 324
93662 94122 284
99953 65357 351
58987 89555 351
36411 47718 314
65835 42244 340
13480 92945 351
70821 17592 340
91772 58095 351
15354 1444 276
38251 11120 324
64626 51261 340
6432 88285 351
75371 83593 351
4811 83606 351
23257 39910 324
49142 38903 314
36333 91444 351
65833 71501 325
96551 9570 351
35965 13047 324
63048 12089 340
1914 51784 324
39663 56958 340
32634 15661 308
62984 43522 340
1127 46936 324
85482 96123 333
39542 74289 340
42063 39316 306
59202 7097 340
6095 7375 262
19877 51711 324
68673 20256 340
93450 4168 351
17725 59409 340
40921 98264 351
50721 96790 351
13921 13226 276
137 32960 308
55540 80830 351
48933 43624 314
88428 50736 351
34583 2505 311
64816 69020 312
70865 72245 325
3896 35556 311
50343 23304 324
64493 73703 325
54055 44149 340
60060 71429 335
67455 97129 351
26957 77081 351
87710 33975 351
80759 54616 351
95701 52238 351
25646 12489 282
16959 84861 351
55966 74044 335
33445 43438 324
82375 20071 351
94398 90675 333
93791 48594 351
73717 16340 340
40207 76791 340
94631 77134 338
55771 49104 340
42020 32107 324
42585 80235 351
5992 5700 218
83829 340 351
31022 25354 308
77509 11603 351
26125 98223 351
25901 62784 340
77031 92430 351
18879 34002 308
51588 25443 324
18773 29160 308
52196 51493 278
62822 98302 351
58982 8161 340
73964 75043 325
21061 70072 340
95703 22738 351
80585 94389 333
87819 82074 333
98478 81213 333
36983 61550 340
11945 59783 340
92382 4416 351
97929 57870 351
10723 34262 311
1488 47194 324
89642 56074 351
16486 99861 351
95482 25157 351
51908 70672 340
63073 69664 330
80442 63155 351
53714 86290 351
74473 23677 340
87578 81251 333
25977 33903 308
48657 16370 324
28128 6900 308
13808 90017 351
43562 33127 324
9124 6474 257
75190 92985 351
52288 13979 324
47000 77407 351
24078 18164 282
61088 16483 340
34020 21996 308
81035 32174 351
61591 19079 340
10546 64539 340
40717 22964 324
70135 4635 340
27451 74934 340
97948 30126 351
43696 63788 340
12580 83361 351
41542 80402 351
85417 45816 351
85186 3419 351
83416 35988 351
68698 26999 340
89257 44452 351
4632 86458 351
61574 88315 351
32910 71646 340
16349 15365 253
88180 59983 351
72284 61582 330
68522 46283 340
50996 12197 324
39327 87518 351
19136 14968 279
50995 7385 324
19315 63071 340
77478 98681 338
93311 22737 351
10922 64703 340
42493 89913 351
772 32013 308
91856 57842 351
62868 20458 340
33525 83714 351
14431 30627 308
87252 40195 351
14669 193 276
2767 99278 351
65819 24686 340
6303 70715 340
55707 92324 351
24539 64521 340
20718 15347 279
3975 36154 324
92699 90006 333
60691 76506 335
87875 84986 333
18928 62283 340
33653 38976 324
96716 57834 351
69793 64454 312
98012 49219 351
98823 33420 351
89789 53962 351
87321 84435 333
89764 3715 351
36393 99621 351
63425 96238 351
81627 85225 320
16957 330 276
69817 94363 351
5646 52863 340
36225 36130 249
7196 12194 268
29616 71832 340
54294 38961 340
53133 93205 351
12948 49256 324
31190 75 308
12110 47371 324
93008 57793 351
98820 68302 351
46168 70826 340
45328 4280 324
84815 45869 351
12530 15091 276
24335 18784 282
63984 38749 340
72232 46885 340
26655 77860 351
73680 80180 351
80593 86500 320
53821 29758 340
7441 36811 324
89355 70983 351
42390 45105 283
10532 40107 324
58482 449 340
6052 53327 340
43017 60088 340
485 10568 262
75289 30449 340
75947 77833 351
8830 42200 324
88730 56132 351
32163 9630 308
36017 1714 324
58930 40496 340
4816 96591 351
45022 82825 351
50265 46053 314
14959 14008 271
44469 32627 324
47601 79347 351
25377 91332 351
53985 53729 247
14457 963 276
83928 85146 320
20059 36100 324
30866 3557 308
7304 33535 308
97404 8718 351
21924 87573 351
65224 15485 340
39847 43715 306
47936 4537 324
19542 65491 340
99463 86481 333
27077 53664 340
77010 55954 335
3578 8338 262
27250 40537 324
28969 76300 340
48043 31151 324
53108 6953 340
5373 40448 324
74436 40626 340
8764 64572 340
18872 29132 308
52510 49881 309
32511 35161 311
33799 7501 308
95506 10991 351
90032 9572 351
33167 20387 308
67623 13547 340
7717 82290 351
15152 47154 324
35989 94082 351
28273 13345 308
58366 50468 340
78674 20161 351
82057 88879 333
61591 7259 340
57677 95814 351
53674 74509 335
98641 70961 351
74688 49030 340
89320 14578 351
76171 11279 340
24856 48768 324
5956 25580 282
31929 51430 324
60316 90323 351
10953 57988 340
10729 89252 351
72218 85984 351
11410 68471 340
23703 71015 340
83794 83642 289
99083 11069 351
12895 97235 351
88445 50277 351
52867 90797 351
72873 71599 263
25120 33400 308
26278 82134 351
26047 65856 340
86707 61401 351
82959 99087 333
54969 36363 340
53209 84920 351
9112 79979 351
83820 47250 351
70150 67033 312
11020 32862 308
40866 78338 351
65683 59252 335
33049 46738 324
57571 22816 340
11330 8208 268
15618 88824 351
9839 45529 324
20728 75358 340
50124 54992 340
51860 69445 340
40324 19589 324
3003 85801 351
62652 11704 340
66380 21804 340
65972 27038 340
69116 71873 325
52994 15369 340
48843 25181 324
87933 11628 351
91213 67993 351
18155 13321 279
60954 31557 340
16886 5138 276
62861 10673 340
80331 50785 351
79795 70947 351
79777 45410 351
68992 43753 340
45408 68250 340
59857 43530 340
30017 94546 351
18182 60252 340
9782 97272 351
95534 42085 351
18354 20915 274
8150 81207 351
27915 27836 259
12079 73069 340
2420 53818 340
10228 76649 340
56972 34278 340
35508 16078 311
36836 83816 351
26505 41044 324
67089 47215 340
42158 30425 324
99216 15131 351
63374 10720 340
85834 47416 351
23233 82962 351
79004 17497 351
86706 24467 351
20067 50779 324
93091 56959 351
76770 6723 340
94513 24641 351
93805 83703 333
67107 1291 340
10102 31185 308
54231 16040 340
4947 35319 311
67443 89650 351
34043 36722 324
56700 30699 340
215 19998 279
23743 80174 351
88591 6236 351
33286 89813 351
25147 58999 340
59520 22090 340
6909 29971 308
21311 34337 311
58834 55178 322
91482 11226 351
13062 57168 340
62611 95543 351
84376 1283 351
81859 73966 351
97055 3833 351
97593 30875 351
64394 59044 335
68771 68896 206
21894 89719 351
67530 97840 351
22096 31521 308
17893 38580 324
67182 36356 340
26378 1227 282
54669 55744 260
15773 8185 276
51141 33299 324
10501 87739 351
7701 76127 340
47900 49908 296
26116 950 282
98632 97550 297
45868 81182 351
93073 63451 351
13837 593 276
84581 71285 351
43149 18939 324
82377 5852 351
59795 10070 340
55474 79884 351
11824 22608 279
53106 30136 340
54694 52504 340
61041 84048 351
98427 54588 351
61383 34766 340
65492 10542 340
45818 33887 324
13107 97745 351
23164 54114 340
60083 65800 335
72863 86847 351
27317 61111 340
12205 39117 324
86186 84781 302
39207 94023 351
52410 73356 340
62673 80068 351
45692 96557 351
44630 25264 324
60812 75589 335
54560 44477 340
44413 707 324
68426 79887 351
88808 24393 351
61517 9995 340
39706 75353 340
91126 59939 351
38041 8386 324
19845 41578 324
57279 55783 322
40290 84087 351
213 10436 262
3908 6801 262
91230 46746 351
91080 69306 351
15439 75655 340
50449 6745 324
55538 4786 340
62260 38175 340
66892 67992 312
48493 50095 296
44235 69525 340
7478 62067 340
84245 69260 351
82278 55811 351
80495 48544 351
66340 9785 340
73241 37038 340
7297 98285 351
52485 33940 324
71041 42334 340
47888 65881 340
87150 4661 351
90324 14510 351
67020 81042 351
2277 47943 324
53390 61354 335
71632 58440 335
37072 20923 324
41250 39792 306
15853 90075 351
2132 1531 180
1496 33239 308
32250 59360 340
94837 73051 351
69156 96077 351
31960 48946 324
53211 75657 335
30562 56808 340
32142 67052 340
82057 67772 351
34040 33973 205
78227 85554 338
29042 30049 272
66255 57556 335
63475 74236 325
43251 18657 324
42811 29613 324
98199 85828 333
28184 75042 340
82576 81808 307
27360 17987 308
97428 93458 328
40698 45829 314
27859 60403 340
40699 40019 275
11559 43399 324
14953 3963 276
18806 72720 340
30842 70448 340
55145 68194 335
46679 19715 324
25348 36658 324
80588 54153 351
34603 97004 351
33430 81302 351
64291 81456 351
92500 59668 351
59806 27903 340
15878 35844 324
68062 35148 340
44591 80378 351
94741 90242 333
34218 69612 340
2168 1683 180
60323 80117 351
9494 88316 351
40827 85979 351
32278 74778 340
55613 47019 340
90304 49728 351
41565 16762 324
40787 97853 351
47931 36824 314
21329 15654 279
17017 20369 279
35795 8361 324
51404 4846 324
83401 15341 351
76967 80244 351
50614 94649 351
30756 12631 308
6682 93464 351
169 44718 324
43021 97039 351
71681 71729 232
5853 76059 340
27663 44864 324
21801 62087 340
81264 53314 351
89429 63854 351
99962 58240 351
91611 50755 351
50889 56314 340
8240 27630 308
18236 91616 351
33005 18443 308
99007 17621 351
15499 88713 351
95809 5420 351
32624 25414 308
85701 76312 351
58373 42987 340
67224 93611 351
84111 39486 351
1103 72217 340
31895 8613 308
11149 37334 324
51538 10300 324
52897 99356 351
75637 5298 340
75334 47435 340
73729 49411 340
62412 47242 340
93830 77288 338
55832 30951 340
82132 64794 351
25722 4444 282
30652 16954 308
46237 65701 340
2939 84805 351
14866 46692 324
27980 68303 340
51369 19064 324
77022 94599 351
52154 35269 324
49690 55576 340
20805 93945 351
58583 46191 340
59775 7759 340
95299 30451 351
960 64730 340
7258 36124 324
11474 70663 340
70310 64006 312
69525 9721 340
45332 88613 351
75691 19762 340
2651 32258 308
35428 89385 351
12829 53714 340
84921 73042 351
24638 34007 308
27718 51220 324
41178 22054 324
80103 72045 351
752 84391 351
70743 44826 340
4343 17996 279
50156 88883 351
29060 4319 308
20397 4588 279
60948 50557 340
99125 19776 351
85798 18274 351
88970 10364 351
13573 44902 324
6329 72521 340
82637 77361 338
10230 31420 308
53931 31412 340
6482 77452 351
55292 71740 335
74181 91722 351
81218 93589 333
13102 85474 351
91387 89408 315
56388 50675 340
40403 84481 351
95242 6443 351
18327 44902 324
17721 95685 351
84915 70437 351
89768 58572 351
30316 16344 308
39968 57392 340
3725 15498 276
74393 62711 330
12992 53271 340
46681 48227 314
97733 23276 351
39767 88795 351
61167 27995 340
41753 44813 288
70341 87002 351
27828 89263 351
39649 61201 340
3542 56933 340
55416 12010 340
92409 68444 351
95811 38617 351
97072 88928 333
11736 12192 250
72552 41531 340
91084 84109 333
95803 61926 351
85189 3743 351
50799 10294 324
23686 14033 282
73982 55238 335
98962 97740 297
33859 39603 324
44745 60343 340
74196 6945 340
79438 26987 351
20550 15608 279
46682 61664 340
51725 86291 351
33951 91705 351
4447 96421 351
5277 54852 340
66566 45787 340
43796 64643 340
91043 90569 271
3857 86101 351
80952 51073 351
86925 60292 351
48035 3335 324
92765 60780 351
18772 22463 274
55110 13810 340
52101 67142 340
41659 39918 306
57928 23541 340
68712 9886 340
64202 64414 299
71136 68785 312
1244 90140 351
91141 40827 351
7100 60779 340
85474 54300 351
54936 94315 351
49339 88044 351
34472 45914 324
16431 71344 340
53641 68536 335
88701 32872 351
21654 53881 340
20617 91015 351
47616 10901 324
87219 37132 351
88417 39715 351
78492 16278 351
40182 9221 324
70556 13674 340
90182 7873 351
63158 81781 351
38975 33510 324
21507 69738 340
94312 35749 351
2055 55960 340
40525 92062 351
27939 16377 308
318 64590 340
38550 88618 351
54961 17682 340
15244 62064 340
73107 65971 325
7954 45654 324
77393 67784 351
