381 9786 262
744 1007 179
298 3265 217
47 6898 262
133 2527 209
594 6719 262
783 7465 262
298 8176 262
405 9969 262
914 7391 262
920 4734 238
240 9991 262
409 5022 238
660 1695 182
867 9714 262
385 7269 262
416 7223 262
736 457 171
675 2532 209
229 7768 262
428 5987 238
982 5842 238
132 6332 262
217 5537 238
89 5896 238
214 5843 238
292 2885 209
110 7264 262
54 4243 238
352 7396 262
556 2731 209
456 1107 179
313 3507 217
954 3927 238
430 8790 262
67 48 113
209 3967 238
686 5672 238
299 4904 238
694 4372 238
139 4149 238
554 3570 217
858 3230 217
316 312 131
171 9290 262
922 62 179
44 6958 262
722 4455 238
72 531 144
642 2615 209
587 7276 262
317 5964 238
474 23 144
821 8284 262
552 6037 238
314 1187 182
188 9645 262
55 143 122
467 8075 262
756 7734 262
875 3525 217
152 8897 262
922 9615 262
29 7584 262
588 7070 262
666 5493 238
735 1714 182
798 1285 182
911 7690 262
780 3068 217
56 189 125
542 7841 262
680 4910 238
350 9029 262
22 5973 238
109 7327 262
538 80 144
145 604 144
830 2340 183
979 5828 238
795 8359 262
602 9675 262
322 7957 262
143 4750 238
348 8184 262
635 5226 238
478 7187 262
788 9096 262
634 5908 238
296 4202 238
404 1614 182
208 1754 182
870 5811 238
355 4125 238
680 9215 262
617 3389 217
50 8174 262
82 3274 217
201 133 125
791 9991 262
456 614 144
791 6750 262
851 496 171
716 2665 209
656 371 145
943 9252 262
638 8224 262
661 6719 262
241 7752 262
865 7875 262
146 7280 262
363 9629 262
773 3410 217
379 761 171
425 9286 262
237 9955 262
697 4679 238
890 9912 262
670 3983 238
800 1763 182
201 8630 262
748 9001 262
312 2451 183
724 1643 182
257 2070 182
914 9481 262
389 9548 262
198 7876 262
333 1165 182
249 832 171
289 4516 238
526 3829 238
527 5879 238
964 3249 217
256 1190 182
136 152 122
87 6942 262
42 3608 217
251 1759 182
421 2838 209
582 5524 238
677 8014 262
40 529 144
99 6716 262
186 8315 262
25 6767 262
622 6627 262
6 6465 262
840 3216 217
836 53 171
360 7098 262
502 9694 262
256 3325 217
744 5186 238
428 4324 238
918 9175 262
19 9413 262
290 8728 262
433 4242 238
723 3796 238
265 3599 217
956 9289 262
335 4265 238
319 302 131
677 9404 262
777 9350 262
19 2393 183
667 396 145
789 5883 238
329 6912 262
138 1424 182
147 267 128
832 6037 238
134 298 128
85 4734 238
340 2123 182
614 2197 182
796 1929 182
213 2561 209
650 9792 262
168 3569 217
409 9396 262
664 239 145
950 2962 217
166 3640 217
43 4635 238
418 2331 183
673 7134 262
320 7651 262
359 4552 238
429 9102 262
21 8859 262
277 2809 209
649 8885 262
960 4277 238
226 8320 262
738 6455 262
854 3652 217
474 5542 238
31 3840 238
407 65020 340
677 74927 340
984 31858 308
449 26712 308
5 35127 311
783 27186 308
314 3662 217
1278 67698 340
1361 47805 324
1365 16253 276
681 60157 340
660 25665 282
863 3504 217
1104 5292 238
155 25278 282
1274 48813 324
1412 33754 308
1141 44941 324
185 12977 268
1243 66018 340
887 41457 324
671 31069 308
148 63654 340
100 25127 282
715 43483 324
600 50452 324
523 5287 238
1383 12695 268
403 15065 276
750 56074 340
237 48175 324
524 56209 340
1322 54284 340
438 32492 308
1151 15903 276
1063 28639 308
1340 53625 340
675 30465 308
1484 8934 262
604 18894 279
1338 34386 311
580 68809 340
876 65962 340
796 50489 324
1465 68444 340
470 70158 340
1163 6908 262
5 74518 340
1414 5638 238
492 16094 276
798 60194 340
1212 56743 340
1322 68786 340
522 843 171
743 45693 324
551 72378 340
325 22098 279
1409 31481 308
1026 3478 217
269 40896 324
632 37489 324
567 41354 324
522 2269 183
278 26926 308
1380 27059 308
747 2161 182
917 30201 308
829 27066 308
1404 3756 238
216 38895 324
1155 64316 340
1220 56193 340
418 973 179
448 20597 279
580 58901 340
840 15588 276
501 50605 324
293 68620 340
826 61568 340
183 43945 324
1134 62807 340
1489 67847 340
1408 9709 262
1397 46104 324
920 69495 340
1219 35073 311
826 53713 340
765 38066 324
1497 37312 324
335 67488 340
380 22083 279
405 40622 324
524 49616 324
705 37973 324
764 37336 324
864 72673 340
1491 25707 282
54 47648 324
1380 35330 311
1118 64058 340
991 39346 324
494 39872 324
688 9400 262
1426 51465 324
1452 67289 340
874 73650 340
795 44432 324
285 64761 340
217 42380 324
404 73147 340
341 49780 324
1183 29795 308
726 54450 340
907 63746 340
629 18648 279
164 32517 308
427 36023 324
1431 48866 324
821 10328 262
631 32979 308
425 13623 276
306 50473 324
388 45430 324
158 11535 268
1251 74152 340
643 30000 308
384 47992 324
1000 48333 324
504 39640 324
598 25105 282
1491 62111 340
303 5906 238
1000 62347 340
1143 31491 308
146 14469 276
462 3441 217
930 71006 340
1445 2710 209
951 37903 324
882 40057 324
912 67691 340
316 59677 340
929 64905 340
331 68154 340
185 68598 340
87 45320 324
572 43676 324
400 36670 324
1094 734 179
643 53577 340
1002 48141 324
1002 42813 324
846 35276 311
201 55696 340
927 22038 279
176 74591 340
938 57127 340
315 65519 340
1476 40995 324
381 45218 324
507 63911 340
954 54211 340
348 45202 324
1296 14218 276
231 6429 262
390 43637 324
587 39093 324
55 58807 340
283 1340 182
1469 1324 182
1196 48151 324
689 27865 308
234 65572 340
769 3717 238
130 41741 324
452 29585 308
142 40729 324
477 28174 308
145 49593 324
557 47613 324
969 19502 279
711 27898 308
787 43337 324
741 24267 282
1330 29855 308
896 62765 340
743 73208 340
435 43136 324
1457 1483 182
157 52728 340
604 43831 324
1224 37164 324
125 7815 262
585 14271 276
991 31693 308
1102 42012 324
679 45574 324
1103 9084 262
364 40724 324
1466 8295 262
81 1525 182
134 769 171
66 528 144
117 1403 182
65 284 128
146 892 179
10 819 171
7 3201 217
182 3079 217
99 3363 217
27 596 144
43 4632 238
122 4619 238
17 335 144
68 1956 182
85 2547 209
35 3223 217
30 1652 182
108 856 171
52 3545 217
130 1276 182
180 4776 238
130 3819 238
40 177 125
110 625 144
153 2600 209
136 1493 182
23 242 128
118 816 171
177 3627 217
199 112 125
112 1775 182
93 4339 238
141 226 125
170 3126 217
177 2576 209
106 4292 238
81 1958 182
135 1558 182
73 4376 238
76 1116 179
183 2174 182
161 2850 209
143 2985 217
132 1317 182
137 2366 183
106 4256 238
7 2033 182
132 2340 183
116 4995 238
129 3040 217
41 4133 238
95 3996 238
93 1772 182
1 2046 182
122 4571 238
161 3102 217
83 602 144
129 398 144
172 3881 238
135 4255 238
121 676 145
93 378 144
35 1886 182
124 891 179
46 1429 182
131 2767 209
105 2065 182
38 2036 182
33 2338 183
51 4181 238
107 1333 182
148 1424 182
24 1777 182
105 1188 182
198 1594 182
175 1874 182
87 4411 238
17 2241 183
106 656 145
16 4099 238
188 2847 209
199 4716 238
105 1360 182
62 355 144
80 510 144
26 581 144
71 4009 238
130 4580 238
92 3975 238
133 492 144
108 3472 217
54 1952 182
40 4224 238
87 2344 183
111 3523 217
60 2008 182
136 2548 209
93 1562 182
45 2300 183
70 741 171
4 3072 217
12 1677 182
2 3951 238
164 3344 217
191 118 125
22 4955 238
117 2837 209
39 491 144
188 4892 238
109 4130 238
114 2876 209
194 2339 183
40 2201 182
27 2517 209
53 881 179
186 639 144
53 4184 238
13 1045 179
148 3988 238
178 633 144
186 4277 238
180 1991 182
143 2527 209
35 640 144
152 883 179
190 456 144
191 921 179
76 3486 217
80 1472 182
29 859 171
43 479 144
48 200 125
84 4080 238
177 1994 182
186 4162 238
126 2629 209
102 4436 238
106 432 144
36 4682 238
197 2881 209
24 3182 217
87 3295 217
121 3527 217
158 3758 238
184 3913 238
149 2701 209
70 4762 238
152 592 144
151 4012 238
67 407 144
33 3698 217
193 1142 179
167 1498 182
121 2432 183
54 1789 182
8 1456 182
74 2357 183
4 4708 238
126 333 144
21 1873 182
4 4092 238
129 2023 182
129 1855 182
41 3554 217
135 2448 183
191 3822 238
111 4236 238
53 2232 183
108 4544 238
159 1612 182
194 3967 238
187 2051 182
115 2886 209
44 4046 238
58 1099 179
158 3698 217
133 981 179
105 1938 182
10 4758 238
154 2200 182
29 2515 209
172 1772 182
65 4307 238
172 1074 179
103 2341 183
5 2460 183
164 2512 209
63 724 171
106 3724 238
105 1420 182
45 3309 217
197 248 128
179 2584 209
179 2223 182
199 3009 217
115 3076 217
71 701 145
171 2372 183
127 59 119
79 9208 262
44 5199 238
75 3791 238
34 6920 262
92 3742 238
62 2595 209
83 2603 209
51 2499 209
26 854 171
19 9117 262
46 3129 217
59 8639 262
16 4988 238
34 8599 262
25 3896 238
93 5454 238
49 7818 262
75 1706 182
24 60 113
98 9441 262
95 893 179
7 6061 238
45 4859 238
30 8412 262
45 7655 262
65 3523 217
1 8020 262
81 7727 262
84 8133 262
59 1058 179
48 703 145
60 533 144
15 2148 182
4 4138 238
40 9040 262
9 7195 262
92 9339 262
18 4133 238
15 854 171
54 1630 182
47 6833 262
57 3627 217
62 2614 209
11 4716 238
14 7881 262
61 6105 238
27 6203 262
1 7492 262
68 7279 262
26 8963 262
65 7574 262
45 9340 262
60 1896 182
45 1276 182
38 1855 182
39 8831 262
2 7127 262
72 280 128
17 1977 182
26 7447 262
19 2587 209
99 3007 217
48 398 144
26 8868 262
2 2885 209
51 2019 182
73 5992 238
91 9015 262
9 1768 182
45 6687 262
33 671 145
82 4552 238
94 486 144
74 3962 238
79 2808 209
92 35 116
76 3675 217
83 5080 238
77 7045 262
75 6408 262
76 8595 262
82 7149 262
89 2534 209
34 6047 238
70 6030 238
98 1059 179
49 4207 238
87 2023 182
48 3683 217
55 9670 262
74 4119 238
24 1819 182
74 5369 238
44 2713 209
89 2458 183
7 8157 262
92 1853 182
19 7351 262
43 274 128
84 2154 182
11 1619 182
37 5853 238
44 8511 262
20 6496 262
75 2425 183
5 4313 238
54 402 144
65 8825 262
97 6938 262
33 8881 262
5 6805 262
13 8032 262
11 8282 262
92 8419 262
43 6542 262
20 8654 262
80 3816 238
13 5061 238
96 6322 262
81 1075 179
43 7966 262
5 6602 262
34 7308 262
93 7714 262
21 7424 262
48 7162 262
64 7909 262
53 7905 262
84 4542 238
7 5080 238
75 4852 238
57 6667 262
64 7234 262
79 9480 262
27 7119 262
9 5046 238
74 6213 262
37 9445 262
52 9819 262
60 2239 183
45 2883 209
74 2258 183
13 7545 262
24 2184 182
8 3695 217
37 9645 262
28 9322 262
42 9821 262
88 9306 262
99 3472 217
64 9673 262
4 4708 238
66 9346 262
34 4839 238
60 2919 209
42 2204 182
44 6120 238
65 3011 217
29 239 128
46 4891 238
17 3062 217
15 3144 217
43 1599 182
78 9455 262
22 6269 262
89 4236 238
18 7092 262
84 6701 262
37 9921 262
42 1260 182
33 4774 238
26 4913 238
48 8925 262
35 7921 262
58 4567 238
75 9243 262
86 4589 238
72 8976 262
90 284 128
62 2329 183
27 1651 182
70 3576 217
92 4369 238
56 3838 238
2 7486 262
14 3561 217
7 2402 183
14 9130 262
39 6812 262
87 3160 217
90 6955 262
45 9731 262
64 7705 262
87 9043 262
63 2854 209
62 824 171
19 7257 262
60 2166 182
8 8435 262
19 3435 217
63 7692 262
24 5360 238
45 9845 262
60 1530 182
86 6250 262
57 3097 217
47 7975 262
28 6702 262
40 4683 238
67 2401 183
10 87 116
6 5649 238
57 6658 262
82 6320 262
67 706 171
91 8139 262
37 3902 238
14 3932 238
15 8847 262
24 5659 238
95 4405 238
88 3308 217
2 1148 179
26 3438 217
17 8506 262
53 6396 262
79 2986 217
6 1048 179
61 1173 182
100 7258 262
27 2132 182
60 9261 262
96 1304 182
55 7606 262
14 2025 182
57 3383 217
86 1372 182
28 6097 238
26 4239 238
82 5736 238
32 3221 217
47 311 128
94 2201 182
3 2502 209
51 8357 262
80 2873 209
12 742 171
61 2604 209
44 3525 217
43 5655 238
95 8544 262
5 8848 262
94 4914 238
57 8516 262
52 3057 217
21 3988 238
81 6808 262
67 1507 182
57 9955 262
33 6935 262
13 2990 217
72 2001 182
39 1701 182
75 6795 262
13 1735 182
17 687 145
35 2292 183
45 4935 238
3 7697 262
29 2877 209
71 7757 262
12 7761 262
84 6535 262
30 4064 238
67 4467 238
28 5420 238
89 560 144
29 1187 182
78 9850 262
56 4113 238
80 6265 262
94 3541 217
21 2550 209
42 2211 182
93 7029 262
49 9773 262
51 1631 182
60 2878 209
64 6823 262
50 9926 262
75 6876 262
30 8383 262
93 3250 217
35 3954 238
30 4762 238
86 3818 238
19 718 171
44 677 145
62 7169 262
29 387 144
21 7090 262
71 3597 217
79 2416 183
15 997 179
63 9606 262
73 2542 209
57 665 145
41 3311 217
50 8424 262
67 2567 209
34 8285 262
44 7986 262
70 8576 262
77 4069 238
26 8245 262
17 2274 183
22 3676 217
18 556 144
30 6088 238
13 1693 182
68 7194 262
28 3010 217
13 3582 217
91 4952 238
62 9617 262
83 2304 183
99 4596 238
15 9835 262
35 2314 183
61 3599 217
100 287 128
28 235 128
37 1429 182
35 9191 262
59 3159 217
42 7034 262
76 7631 262
8 8719 262
92 2069 182
30 8022 262
98 16 119
32 8222 262
58 2745 209
11 4555 238
1 5011 238
66 1949 182
83 898 179
49 5143 238
68 3580 217
59 3392 217
22 7481 262
26 8666 262
76 2560 209
75 4491 238
43 8182 262
55 2414 183
12 8450 262
90 4428 238
51 1709 182
24 2641 209
86 4463 238
28 1990 182
92 3945 238
18 7834 262
54 4176 238
18 7921 262
19 7541 262
45 7390 262
60 7581 262
86 6223 262
89 9017 262
47 898 179
78 7873 262
16 5840 238
28 7935 262
2 5721 238
12 9793 262
39 6681 262
4 5232 238
32 3063 217
72 2827 209
53 6423 262
61 262 128
67 5241 238
51 5114 238
53 7031 262
23 8631 262
49 9329 262
60 6356 262
45 2459 183
85 5394 238
53 4885 238
98 559 144
72 1458 182
15 676 145
75 5961 238
70 1933 182
67 1947 182
63 7297 262
18 74 116
