1 10 20
100 200 125
201 210 89
900 1000 174
1 1 1
2 2 2
3 3 8
5 5 6
10 10 7
871 871 179
27 27 112
999999 999999 259
446406 425297 400
211733 479964 449
209314 287919 443
105209 886819 470
768296 476690 470
624983 856775 468
507152 140767 449
894124 369741 470
680845 49683 470
803592 58531 470
161579 75886 383
496945 793052 470
72523 607511 470
838711 35893 470
118099 365948 443
453563 189141 449
434150 322544 449
697021 796972 468
923789 893798 476
145475 458136 449
439679 55628 449
441674 786721 470
889863 550225 468
659688 234642 470
951114 966173 414
578708 752885 447
693786 508989 470
93688 916179 476
585100 928938 476
534553 962131 476
867577 910219 476
230561 656053 470
900512 658214 468
317865 677429 470
971865 515473 476
67915 117116 354
429892 762613 470
933684 938516 445
31100 37730 324
578652 394082 470
921017 188702 476
727234 962231 476
242982 225559 443
343515 238981 407
102643 702085 470
664812 711245 442
6315 264747 443
440823 481324 444
457158 557666 470
589474 162424 470
830050 741181 468
937512 308732 476
789179 530815 468
194196 121277 383
264065 238017 407
361692 480363 449
812544 984265 476
375843 912797 476
463286 281520 449
598361 979770 476
915148 598945 476
460377 274056 449
367995 852684 470
70657 197107 383
799572 709882 468
290646 452163 449
650533 59840 470
672692 224776 470
435915 5054 449
799683 31467 470
621052 632488 385
363212 34838 443
391104 375396 436
173581 527598 470
262439 46396 443
968314 489341 476
621518 513004 452
442094 77944 449
116647 840468 470
158834 333195 443
419341 990844 476
558241 162422 470
924871 455992 476
339662 889448 470
187317 66856 383
925005 451276 476
178078 158081 370
3222 913366 476
35427 783770 470
369823 15171 443
940814 368151 476
500717 438323 444
617299 905434 468
944020 655778 476
822622 761285 468
508254 399939 449
742165 446199 470
815911 517038 468
93956 938051 476
605999 214635 470
193942 627559 470
207099 460153 449
235662 9531 443
315015 414014 449
182891 879797 470
19873 435845 449
176847 244989 443
489608 235588 449
518431 778593 468
422675 114499 449
952334 820983 476
31195 682621 470
861177 199738 470
831168 727858 468
640551 810889 468
368488 808742 470
959528 220946 476
168204 547313 470
407919 884410 470
410705 575812 470
472525 402118 449
431035 513432 470
986226 912173 458
640359 18492 470
894606 128697 470
988184 253342 476
276339 609281 470
759808 445379 470
167043 709026 470
701779 72450 470
153896 401509 443
863821 447685 470
446927 817985 470
507154 992847 476
550975 977352 476
240401 229479 443
567561 456119 470
970535 829591 476
609555 242150 470
758521 816963 468
888500 392875 470
400321 899967 470
602867 228422 470
35154 22641 311
637718 540786 452
892038 241220 470
885964 331062 470
64050 941646 476
998685 887424 476
347263 5313 443
623957 671486 429
211219 812183 470
630042 32703 470
55855 282828 443
591509 799072 468
149724 297056 443
921632 474270 476
201146 932291 476
615807 418338 470
104515 208207 383
413390 773619 470
343625 486194 449
215331 478923 449
517335 897298 468
425953 843471 470
523972 283706 470
776541 310685 470
390663 350326 436
47390 1008 324
911798 144053 476
564378 649069 447
9133 130024 354
654503 441484 470
558645 128202 470
248196 211090 443
708750 999272 476
319921 824674 470
521277 654765 452
584948 945478 476
197137 684510 470
327637 717579 470
496805 204357 449
555857 774117 468
411719 567156 470
402723 406209 361
203528 832108 470
409472 900621 470
905862 457801 470
213152 807404 470
277371 850587 470
693802 139048 470
632113 536295 452
974745 267491 476
24284 612512 470
951356 334560 476
696038 606475 447
197366 383665 443
101160 986883 476
202807 651604 470
470964 353710 449
835018 813826 450
199315 612377 470
585196 203980 470
393320 247296 441
838766 503592 470
228449 651742 470
352757 307855 441
405428 798909 470
994076 234499 476
787184 222772 470
2472 924457 476
232791 30847 443
128157 412378 449
401529 710793 470
536775 501784 470
3863 36182 324
390244 780688 470
44206 808331 470
637936 67164 470
284125 467036 449
616594 504493 470
699322 345954 470
747846 433138 470
143637 21497 375
246371 686256 470
565907 539678 452
777131 331260 470
819215 519834 468
346189 925899 476
525078 233424 470
180963 167956 365
469415 822205 470
892375 939938 476
5796 815525 470
271565 102800 443
202720 478061 449
848368 587023 468
367823 161750 443
323984 809394 470
123413 182638 383
996510 569111 476
274947 947817 476
142019 227019 386
997212 900831 476
595579 167114 470
634738 138377 470
762624 926579 476
565890 182763 470
142645 351486 443
354877 276079 441
514167 929322 476
441548 219925 449
537666 698151 452
935792 105279 476
429860 407104 449
194033 32272 383
529855 294198 470
624970 591264 447
436632 862952 470
703283 441006 470
26879 774580 470
255489 144817 443
286546 691146 470
255336 197964 443
453395 520030 470
569567 350 470
576138 868685 468
354925 248918 441
728277 273334 470
693572 282636 470
262665 598372 470
133905 819342 470
791734 267848 470
508569 484399 426
500491 787382 470
758212 510848 470
521623 392715 470
52132 990821 476
76366 669214 470
778025 58292 470
14057 875196 470
407627 32838 443
207234 968546 476
552929 953252 476
64798 84093 351
198187 217176 386
781321 839359 468
431206 164775 449
262925 436117 449
728259 843221 468
162239 785033 470
335513 971140 476
736155 853146 468
3015 36571 324
341587 66257 443
628400 633137 385
249157 659478 470
504658 433821 444
974511 80037 476
981950 70865 476
9474 480766 449
711347 883741 468
877170 887329 401
548021 843777 468
668601 832432 468
959951 688357 476
164434 631225 470
930428 998596 458
524839 542966 408
53258 278450 443
615320 563853 447
490998 819185 470
30572 491883 449
756457 600827 447
908930 388252 470
717783 580749 447
683049 409805 470
89222 206004 383
153291 589690 470
831494 346065 470
650656 959635 476
144494 480677 449
903296 502985 470
538227 611728 452
366255 472517 449
650600 956707 476
9323 60576 340
176622 335150 443
189427 847565 470
988968 929808 458
146548 842171 470
872067 947138 476
771752 469380 470
725435 48456 470
873003 182178 470
246643 699468 470
793436 735207 468
179089 100588 383
419660 992346 476
22474 465156 449
76920 580372 470
884499 689148 468
383801 965306 476
2998 100173 351
23916 147273 375
753568 928526 476
672101 517891 452
871422 851659 388
822945 399284 470
549196 708334 447
621067 452522 470
638393 310935 470
229194 436596 449
10288 350295 443
899621 895998 370
805719 393980 470
524272 548135 452
274639 679497 470
523739 284533 470
534788 748910 452
284522 217597 443
216929 675773 470
305725 473687 449
807967 502061 470
520761 180268 470
731185 611873 447
269762 865043 470
779684 487953 470
892844 67380 470
854256 584335 468
142806 455283 449
11417 896104 470
339254 426966 449
296666 170260 443
379477 669383 470
653404 60379 470
228591 658828 470
962218 609358 476
314518 531167 470
38961 362231 443
203424 767317 470
961588 741124 476
927153 779884 476
605765 646548 447
71891 186214 383
665399 260697 470
339333 187739 443
6853 97511 351
434885 372880 449
71435 205198 383
710139 673022 442
200494 790115 470
964125 83031 476
566937 49198 470
797909 350405 470
918386 522443 476
732516 806123 468
271849 649041 470
461361 220842 449
850414 513490 468
362690 775258 470
589200 333406 470
590598 354096 470
858176 336672 470
876938 645897 468
789668 773455 437
55349 707043 470
261051 995092 476
704140 304353 470
626891 867792 468
939884 988298 458
804649 918107 476
272029 423163 449
359563 141851 443
362632 380349 423
448287 565191 470
490871 750405 470
917395 818565 476
447445 949359 476
72968 511911 449
590810 740437 447
929752 102013 476
688003 281754 470
531472 405246 470
650607 892257 468
961620 235304 476
348738 555507 470
813822 855737 450
118208 802299 470
46367 787610 470
155367 241545 443
56667 447939 449
684524 283942 470
503607 709059 470
364793 572404 470
931273 46221 476
57197 504070 449
498340 39771 449
113554 528841 470
808739 152600 470
639766 675480 429
743615 819051 468
561657 61123 470
754513 74990 470
44987 723025 470
281526 77543 443
977532 353575 476
406663 65995 443
672299 730317 442
363978 377635 423
408834 173120 443
574537 486673 470
99103 930674 476
973411 230145 476
902998 953170 476
504549 500276 426
41170 69200 340
270231 961446 476
32386 90570 351
668950 328321 470
773954 358775 470
294924 525931 470
749497 835319 468
773685 324957 470
464240 415455 444
29312 934197 476
724299 581448 447
539123 567848 452
923538 725983 476
69413 397375 443
187037 525448 470
566694 645126 447
526866 906409 468
310112 285291 389
497399 930008 476
972399 175616 476
556160 611288 434
73743 208343 383
645866 30007 470
747689 84091 470
610718 824723 468
758380 50313 470
477296 27853 449
223935 503814 449
704438 845135 468
778678 644593 468
878974 859105 432
167045 905344 470
952710 544420 476
48902 443234 449
137939 354800 443
262695 565998 470
627496 306796 470
678355 669099 385
243443 83933 443
344168 735452 470
9699 301411 443
39400 502262 449
766656 171983 470
175244 831709 470
59517 465979 449
276054 496297 449
251353 69288 443
104404 708962 470
170117 708449 470
943128 269716 476
295331 765884 470
110280 845087 470
752742 33163 470
349101 121427 443
133206 139855 344
137705 12636 354
117373 602591 470
954485 250679 476
347909 79801 443
375606 413324 449
422988 992908 476
136446 289577 443
8626 928035 476
445477 569337 470
97843 595317 470
81393 791301 470
446039 825286 470
424872 891616 470
35132 887666 470
274008 962922 476
669303 757681 442
531385 357165 470
860533 736649 468
532411 43790 470
707458 209153 470
296983 925100 476
22978 361003 443
111248 424195 449
163912 140161 383
395632 171072 443
624304 782815 468
554760 321519 470
36875 490081 449
478976 375904 449
218253 858087 470
689810 635438 429
834544 421983 470
306263 680780 470
334869 973677 476
469598 23534 449
583524 395434 470
918546 681733 476
128132 965722 476
424967 857047 470
225937 613727 470
81176 682831 470
172767 395868 443
882378 80965 470
235739 872616 470
180283 707315 470
773500 695168 468
432609 31352 449
173391 863693 470
816639 211288 470
392952 722564 470
940169 746053 476
727773 244082 470
696766 29618 470
434285 290951 449
196299 958880 476
396666 549485 470
459418 240039 449
42332 525896 470
60679 932486 476
454426 642046 470
878408 550994 468
282172 826910 470
819645 497832 470
470743 268804 449
464812 386179 449
45639 347375 443
612315 206877 470
178006 565175 470
341800 468995 449
982014 3966 476
220394 708879 470
608790 946186 476
434237 291102 449
823388 630309 468
533894 124902 470
996754 730003 476
582806 839510 468
875895 111412 470
522833 960386 476
116786 304989 443
972729 481498 476
584234 158053 470
161540 770265 470
326615 213034 443
936454 197371 476
405965 386517 436
40321 35264 324
828324 209120 470
106191 90895 341
864632 182949 470
221099 427 386
126155 66744 354
143144 838660 470
65148 397854 443
333508 267590 389
764985 48279 470
96447 642073 470
352321 25967 443
784049 315613 470
352052 493345 449
805321 464433 470
391742 116747 443
727674 668152 442
575493 520036 452
384162 224605 443
962706 95313 476
36552 520702 470
140628 458215 449
18529 547162 470
634579 581756 447
330086 625375 470
730800 263030 470
161539 60740 383
933318 932464 370
729530 899573 468
595095 77751 470
530398 141958 470
61164 374912 443
359217 156588 443
692642 400112 470
752325 22639 470
934304 86280 476
795912 578176 468
953416 540751 476
210599 266223 443
669044 831656 468
665699 72790 470
53374 711376 470
858396 17030 470
189935 573760 470
919798 601031 476
156576 376264 443
454501 613965 470
427744 978296 476
118133 883501 470
48636 678413 470
319327 909957 470
246647 451100 449
509265 497088 426
738671 179323 470
740252 641195 442
291877 581454 470
312290 197854 443
583021 819266 468
852455 782516 468
164470 253274 443
956096 250017 476
866883 562306 468
304543 566917 470
197985 57291 383
809873 793340 468
698868 751696 424
369737 403594 436
478743 692563 470
144827 633651 470
470033 15757 449
589445 249270 470
947032 571740 476
137794 714902 470
475829 748397 470
564147 260198 470
623130 404774 470
567545 793175 468
709306 750623 424
5494 394025 443
244711 140186 443
187936 493302 449
981922 953273 458
27387 917515 476
697115 830359 468
641650 421606 470
728220 41607 470
712695 704405 411
556439 130186 470
308535 346339 441
955139 148452 476
159463 133812 383
659554 897010 468
663812 397392 470
208938 513671 470
449189 73119 449
417421 581007 470
967654 778468 476
315174 370190 441
760446 973037 476
555559 901439 468
255696 979430 476
540360 781914 468
849372 189111 470
30243 43661 324
223208 746929 470
840921 180982 470
231566 449772 449
684358 208779 470
596733 245801 470
670667 827072 468
205045 540908 470
747357 29864 470
574043 617722 447
193113 498029 449
656374 111247 470
39810 726590 470
120954 778489 470
398526 370021 436
469893 637089 470
269737 222634 443
502742 693484 470
498873 54032 449
519017 498974 470
694882 624092 442
815411 898393 450
230140 125623 386
784329 283817 470
353402 556809 470
910333 401488 476
989735 458619 476
734956 790344 468
664844 566426 447
70801 598600 470
910584 686974 476
115103 93402 354
531389 145105 470
890284 251638 470
41966 911103 476
335986 145778 443
757418 60668 470
966944 547372 476
28496 786329 470
62434 965527 476
430145 291000 449
313724 736172 470
617282 232287 470
254214 267700 407
558054 302766 470
142340 53955 354
516080 69020 470
614225 705488 447
345844 370217 441
271167 517374 470
951259 978648 458
449092 164473 449
439027 766994 470
78401 751377 470
220538 934029 476
861222 120409 470
309007 165252 443
70085 639347 470
181491 594872 470
106359 879211 470
232209 555898 470
105121 595528 470
668908 574994 447
971469 802551 476
35560 304954 443
641985 342724 470
329196 807103 470
909129 581243 468
696658 84991 470
718954 445926 470
413153 303766 449
965035 957488 414
176690 46224 383
915395 16023 476
895868 35075 470
887845 968956 476
89278 827454 470
435544 929011 476
770648 833389 468
408698 289102 441
757625 411540 470
950532 977913 458
410185 466837 444
359414 658287 470
14947 355843 443
125473 456660 449
551722 608066 434
231398 773791 470
509797 827307 470
268103 260460 407
924774 335513 476
156386 857408 470
923629 372532 476
204932 445015 449
572218 160679 470
601720 549090 434
606029 919948 476
589446 347690 470
965651 127927 476
88434 703029 470
779832 968411 476
347376 968520 476
94605 86267 333
226618 644686 470
71268 663368 470
838570 413206 470
696617 261545 470
80463 969236 476
297540 629923 470
878615 315478 470
689357 713062 442
520719 169768 470
481799 425665 444
787234 441320 470
334792 725315 470
537692 571158 452
33279 328148 443
432066 714435 470
204577 895417 470
725662 845160 468
358004 600667 470
217039 45464 386
139063 857297 470
576620 658038 447
986620 520050 476
793393 68966 470
360955 958943 476
329041 330020 353
574971 928178 476
106542 992925 476
327485 138256 443
651019 392154 470
846440 190685 470
727384 168101 470
338753 574719 470
393693 498165 449
266580 454002 449
599500 516014 452
353083 641530 470
39467 988730 476
893943 923897 476
918403 779729 476
463320 845531 470
832788 204778 470
760760 866190 468
806832 122952 470
367308 328877 441
776697 708037 468
528347 967810 476
803902 707035 468
244046 643886 470
959156 866391 476
134616 932770 476
754322 362176 470
949005 719933 476
862323 695740 468
161357 157045 370
216018 501556 449
970014 795687 476
423774 238071 449
111882 199627 383
949514 84962 476
9131 895682 470
841033 753310 468
409560 699737 470
425052 528293 470
979695 525565 476
219720 723954 470
903769 282749 470
396202 900812 470
474782 402691 449
699537 639498 442
257500 70136 443
724036 298482 470
98393 766304 470
130427 143528 375
748774 842736 468
236497 564712 470
891720 298683 470
348398 684903 470
531563 883367 468
548371 627514 447
731111 245466 470
342412 651199 470
312790 870442 470
800164 647897 468
898185 725335 468
516213 55217 470
184903 458718 449
452348 51045 449
552411 365484 470
911157 31853 476
495241 380097 449
622444 174889 470
986839 928696 458
285895 115921 443
418026 925029 476
765542 782687 468
932672 933349 370
336131 32836 443
212349 896611 470
642307 954637 476
496039 677955 470
265482 126700 443
135547 890342 470
428088 931552 476
696601 427184 470
620347 81587 470
528366 958318 476
127549 949087 476
593456 106268 470
406233 329993 441
475428 393947 449
25154 725730 470
487598 294374 449
24889 374942 443
805127 52298 470
206554 286145 443
796699 564975 468
650140 64317 470
209789 88772 383
637737 748713 442
37214 110256 354
540249 336510 470
183887 144395 383
546440 974916 476
521670 771570 468
418883 975440 476
749643 682857 442
32849 21588 308
936094 988627 458
916757 609243 476
875830 53820 470
319233 648071 470
586692 45030 470
189900 301758 443
865946 424672 470
894477 744959 468
442440 407569 449
714784 446256 470
388522 648865 470
330581 719726 470
518545 404081 470
343298 535451 470
205279 249828 443
599489 355583 470
944132 229009 476
991835 316056 476
425578 139490 449
194625 829518 470
47300 482324 449
132299 661514 470
453602 115300 449
516680 612284 452
61773 400309 443
941787 649040 476
756138 498079 470
876440 634311 468
70070 869637 470
21456 958738 476
634993 256288 470
291653 403617 441
655539 571493 447
590096 281645 470
530203 191435 470
151937 197587 383
326614 27290 443
479824 248362 449
192647 353008 443
645952 351226 470
823450 454324 470
626044 314729 470
617612 991465 476
539548 847984 468
907469 282821 470
931812 506901 476
334873 308674 384
921673 679715 476
594609 146666 470
18583 429536 449
44410 771853 470
504263 742088 470
208096 446985 449
449196 557311 470
308534 387503 441
338764 906271 470
41155 808090 470
512792 703423 452
204986 838182 470
539433 60544 470
538390 797065 468
843467 334956 470
827637 690771 468
641533 86832 470
201322 412920 449
652600 29604 470
717653 643790 442
88163 707724 470
751953 783847 468
285632 808808 470
