1 1 1
999998 999999 259
1 10 20
100 200 125
201 210 89
900 1000 174
10 1 20
200 100 125
210 201 89
1000 900 174
10 5 20
587 194 144
20 9175 262
63 2056 182
400 352 126
8651 3640 262
891 8378 262
818 697 171
69 4551 238
1216 3562 217
784 267 171
462 5208 238
49 5722 238
154 786 171
94 5902 238
19 5065 238
931 917 130
7791 3246 262
85 161 122
132 428 144
29 9576 262
8814 9137 247
190 573 144
92 118 119
55 2348 183
640 805 171
578 4880 238
47 5266 238
96 834 171
3409 4869 238
30 775 171
251 134 128
32 7809 262
4428 8308 262
233 521 144
63 4524 238
717 8595 262
795 995 179
51 1554 182
49 245 128
967 601 179
1744 9298 262
45 1665 182
283 621 144
87 4536 238
5604 5391 236
996 802 179
21 5816 238
19 3899 238
784 810 122
69 4882 238
74 6336 262
905 444 179
4844 4851 166
66 4872 238
100 872 179
227 9425 262
5276 927 238
481 954 179
83 8472 262
44 4363 238
285 395 144
78 5418 238
68 9626 262
536 571 137
4474 5785 236
740 9272 262
989 598 179
12 4144 238
2796 7482 262
209 880 179
555 6718 262
98 9971 262
470 545 142
85 7588 262
88 5856 238
396 52 144
9924 9460 242
48 5745 238
781 717 153
13 2233 183
6401 5804 262
878 972 174
12 9290 262
48 2513 209
136 102 122
290 7871 262
56 7801 262
84 865 171
9834 4595 262
61 462 144
861 364 171
17 4124 238
4736 1167 238
26 532 144
5 9867 262
441 4653 238
495 543 137
56 3031 217
31 1148 179
994 911 174
658 5389 238
66 7968 262
682 286 145
72 2771 209
7561 2194 262
907 384 179
86 9217 262
18 3072 217
387 711 171
60 5118 238
433 2458 183
938 21 179
6883 8834 257
46 8242 262
676 728 171
861 7801 262
8238 6959 252
18 860 171
62 7628 262
73 1110 179
924 944 174
35 2377 183
88 5247 238
257 276 123
611 5017 238
78 4405 238
696 173 145
51 8618 262
3140 3688 199
987 581 179
21 8653 262
100 8845 262
832 74 171
62 7785 262
59 2750 209
224 158 125
639 2711 209
61 272 128
386 527 142
36 9397 262
5580 5850 218
761 681 171
97 7750 262
20 1029 179
996 21 179
57 9356 262
44 8421 262
818 338 171
3638 5069 238
3 9412 262
93 623 144
45 1390 182
4385 3953 215
308 416 144
10 1856 182
396 5818 238
972 966 143
29 8929 262
61 7716 262
203 140 125
2553 2718 191
8 9901 262
237 124 128
32 480 144
9732 8834 260
257 309 123
86 8452 262
87 9724 262
488 344 142
21 8598 262
961 7230 262
476 975 179
9852 4061 262
86 1456 182
247 212 128
101 404 144
1364 3775 238
208 259 128
10 5181 238
30 6718 262
177 115 125
5 6462 262
4 9727 262
509 290 144
5715 5095 236
515 4114 238
476 642 142
28 4588 238
6800 5212 262
633 276 144
194 3560 217
31 1911 182
67 69 28
90 5894 238
46 6123 238
965 818 179
3816 3538 238
45 148 122
708 26 171
62 2006 182
9656 4382 262
582 761 171
19 2858 209
71 2748 209
588 122 144
507 4985 238
96 7983 262
804 183 171
9781 4588 262
60 3398 217
162 463 144
70 5012 238
703 4683 238
636 501 137
54 2678 209
423 3142 217
102 855 171
75 5360 238
48 6574 262
866 139 171
9962 8098 260
99 2688 209
121 846 171
15 9560 262
6765 2062 262
820 798 135
38 5310 238
8 8477 262
228 757 171
1 2040 182
789 7043 262
336 1 144
634 9491 262
49 8522 262
570 478 142
152 747 171
5081 8238 262
401 391 121
42 1400 182
66 1910 182
458 916 179
37 8522 262
74 8760 262
189 48 125
233 9207 262
462 4726 238
493 836 171
24 9107 262
3260 9063 262
794 108 171
834 5003 238
72 4901 238
844 133 171
39 3776 238
5 5395 238
914 950 174
9762 7985 260
83 9226 262
696 590 145
16 5597 238
7418 2824 262
13 389 144
95 6557 262
8 7408 262
753 691 171
821 312 171
29 772 171
115 509 144
8959 7802 252
53 636 144
311 240 123
50 5681 238
3645 5790 238
366 125 144
27 4847 238
950 5660 238
964 257 179
58 5027 238
39 9063 262
790 251 171
8373 753 262
76 9831 262
357 970 179
22 5462 238
400 4813 238
349 463 134
42 1509 182
94 7961 262
600 652 145
74 6981 262
848 372 171
390 676 145
9948 686 262
8 8204 262
1 575 144
328 5292 238
1952 9285 262
937 500 179
96 4126 238
40 1428 182
686 466 145
49 8807 262
55 5262 238
949 191 179
1229 4900 238
486 6756 262
393 571 142
48 8768 262
5499 7253 262
711 37 171
88 6472 262
5 5119 238
309 742 171
29 921 179
70 4286 238
891 40 179
820 5705 238
13 2732 209
239 835 171
94 7576 262
7060 3002 262
537 810 171
83 6968 262
90 7459 262
680 234 145
597 214 144
56 1077 179
314 747 171
5207 4150 215
90 2955 217
461 391 134
55 5079 238
3781 5907 236
735 859 153
96 8884 262
686 8411 262
572 932 179
89 7407 262
66 34 113
842 897 179
9551 724 262
54 5553 238
614 191 144
34 4106 238
2746 2862 173
938 965 130
14 8364 262
67 9305 262
924 868 179
98 9753 262
896 2194 182
358 268 144
7592 336 262
66 4262 238
929 993 174
34 6859 262
8940 9084 247
95 315 131
75 8814 262
28 5770 238
611 416 142
78 8250 262
69 5302 238
196 629 144
8253 1380 262
924 1963 182
125 705 171
72 7364 262
7454 4606 262
313 808 171
324 2712 209
1 1689 182
646 570 132
96 1071 179
92 6668 262
624 732 171
9091 1182 262
38 2660 209
371 779 171
16 9410 262
7564 6258 257
487 686 145
88 4402 238
61 4612 238
311 932 179
216 7362 262
59 9852 262
675 302 145
9180 2639 262
45 3563 217
43 537 144
77 5387 238
8801 7435 252
923 394 179
32 9909 262
289 5552 238
8 389 144
13 8107 262
17 8723 262
665 62 145
6576 9366 260
35 1452 182
154 513 144
9 3969 238
1620 477 182
396 839 171
69 2350 183
84 8593 262
811 711 153
71 3239 217
273 4970 238
970 84 179
7954 9127 252
81 21 116
605 169 144
336 7064 262
7798 8935 252
345 474 134
9 3981 238
49 8254 262
999 547 179
19 6656 262
2 7596 262
878 17 179
553 7885 262
255 7354 262
627 607 132
39 8961 262
8169 9560 260
155 864 171
496 8442 262
6 5014 238
80 556 144
73 3358 217
19 5459 238
602 974 179
9031 9259 260
8 5243 238
69 115 119
12 3107 217
7811 6293 257
727 664 171
70 9251 262
95 1950 182
56 645 144
954 5344 238
18 6423 262
764 136 171
2360 6695 262
45 4499 238
405 654 145
20 4434 238
1313 1081 182
781 158 171
14 3105 217
608 7904 262
959 550 179
54 5483 238
25 9158 262
943 348 179
8374 8157 234
81 2960 217
605 655 145
61 7683 262
3232 8806 262
590 806 171
51 9041 262
82 5117 238
905 245 179
29 1020 179
538 6158 238
89 265 128
6084 5648 218
24 5357 238
251 715 171
471 4639 238
1356 6148 238
104 436 144
19 7012 262
92 1755 182
179 893 179
47 893 179
96 9018 262
899 830 179
8374 4352 262
920 6729 262
541 58 144
7 5711 238
2894 6674 262
653 22 145
945 1927 182
60 2257 183
128 339 144
20 3564 217
86 9537 262
458 138 144
215 8719 262
78 3566 217
59 863 171
99 3790 238
6206 6965 257
678 200 145
61 1724 182
19 936 179
847 364 171
283 4514 238
8 2698 209
746 966 179
9981 5281 262
86 9349 262
456 814 171
91 816 171
3199 1083 217
201 956 179
39 515 144
330 6760 262
950 184 179
79 5105 238
82 73 116
798 528 171
4020 4517 215
91 3683 217
428 479 129
43 9974 262
9992 3185 262
970 135 179
27 367 144
54 9753 262
911 920 130
11 6976 262
390 4717 238
636 226 144
7069 6566 257
54 6689 262
618 372 142
872 8961 262
5981 581 238
484 711 171
62 7772 262
7 1926 182
752 29 171
51 8656 262
88 1100 179
253 466 144
3645 8089 262
573 2841 209
343 803 171
14 2240 183
3913 2055 238
349 958 179
776 3354 217
5 8189 262
91 917 179
29 3577 217
11 6133 238
258 812 171
8026 91 262
66 929 179
271 877 179
78 2729 209
6089 8736 262
657 976 179
46 5884 238
85 5159 238
800 215 171
83 1159 179
57 9847 262
986 27 179
2940 9010 262
28 9324 262
442 238 144
12 5835 238
4313 7344 262
348 200 144
15 4138 238
130 8298 262
792 462 171
90 5159 238
29 6768 262
156 796 171
9573 5861 262
63 8223 262
268 419 144
3 1278 182
3703 8091 262
746 845 153
86 2664 209
95 319 131
704 150 171
90 5948 238
520 1558 182
397 176 144
4021 767 238
6 3061 217
392 907 179
556 622 132
2983 2068 217
716 433 171
85 13 116
98 6269 262
477 394 134
21 5909 238
98 4967 238
216 58 125
7804 2652 262
961 5763 238
557 273 144
66 956 179
6372 5402 262
155 826 171
231 487 144
73 3243 217
97 671 145
100 9628 262
93 8648 262
242 190 128
2546 6426 262
50 3022 217
856 969 179
65 7646 262
4687 9996 262
751 439 171
66 2949 217
24 5146 238
21 394 144
731 3062 217
31 9902 262
803 554 171
1459 2449 183
34 3271 217
9 658 145
20 1583 182
5780 3166 238
212 542 144
30 2774 209
660 5427 238
32 277 128
46 8361 262
80 9896 262
175 137 125
2726 5591 238
32 6543 262
556 178 144
94 8875 262
6919 951 262
427 821 171
95 5464 238
74 3227 217
542 726 171
29 3523 217
312 1411 182
68 394 144
2419 3680 217
98 3893 238
93 487 144
972 3392 217
4241 2443 238
240 625 144
4 3012 217
5 869 171
612 750 171
59 8570 262
62 4682 238
183 932 179
7058 7655 239
917 5553 238
944 210 179
95 5103 238
6881 4897 262
798 550 171
691 6543 262
55 3108 217
189 102 125
59 2407 183
78 2374 183
904 237 179
8429 8225 234
84 9516 262
906 630 179
37 9640 262
5912 1961 238
672 298 145
27 1311 182
82 1085 179
331 646 142
284 7063 262
80 7257 262
450 447 116
5788 6332 262
52 4718 238
956 234 179
41 7008 262
692 9814 262
189 959 179
95 2587 209
961 6406 262
420 178 144
89 8483 262
67 8633 262
75 504 144
3049 7232 262
5 5494 238
44 175 125
40 9879 262
7748 8513 252
695 152 145
31 3503 217
11 3280 217
646 169 144
29 5556 238
516 6061 238
116 196 125
1097 490 179
31 6504 262
377 239 144
630 4391 238
9821 8369 260
672 679 114
8 8406 262
94 9141 262
243 183 128
15 1545 182
76 1452 182
994 904 174
7826 705 262
158 9789 262
819 196 171
29 8894 262
5166 3641 238
935 615 179
227 7775 262
84 6690 262
270 924 179
67 4626 238
37 3069 217
456 85 144
1020 6258 262
17 8151 262
294 616 144
59 8562 262
9750 8364 260
332 10 144
41 3253 217
36 2779 209
929 171 179
215 6684 262
70 7506 262
668 784 171
1705 5892 238
66 1528 182
334 525 142
41 6302 262
7447 1612 262
673 604 145
19 3851 238
151 2080 182
684 50 145
14 2071 182
38 8183 262
960 728 179
8081 5436 262
38 5555 238
154 494 144
10 2901 209
5857 1989 238
810 241 171
67 6888 262
79 5944 238
703 406 171
64 486 144
334 1423 182
301 783 171
2649 9460 262
27 3972 238
893 25 179
122 1818 182
7862 3682 262
96 882 179
44 9701 262
81 9416 262
373 227 144
58 679 145
91 3663 217
836 826 135
7663 5188 262
880 9078 262
911 330 179
75 6580 262
1535 8846 262
639 406 142
839 696 171
9 1792 182
905 371 179
35 4133 238
56 5853 238
54 316 131
6502 8455 257
58 6899 262
267 870 171
8 1182 182
3525 3649 194
86 594 144
30 797 171
37 8693 262
291 67 128
418 423 41
81 3596 217
409 119 144
1105 4022 238
58 6256 262
782 250 171
90 6447 262
3528 7776 262
857 983 179
78 8828 262
466 6046 238
123 915 179
5 8427 262
21 4086 238
473 365 134
8066 5055 262
37 3403 217
305 328 144
36 7753 262
9968 9691 242
43 501 144
89 6907 262
55 8932 262
39 384 144
31 60 113
537 3401 217
941 397 179
8518 9063 247
17 6433 262
90 650 145
356 2076 182
9498 2471 262
415 38 144
23 4390 238
45 704 171
799 17 171
50 5724 238
66 199 125
67 89 116
9415 112 262
333 6106 238
394 549 142
10 4765 238
5448 7503 262
240 404 144
795 1426 182
9 336 144
269 839 171
47 3147 217
54 4379 238
352 85 144
6337 9611 260
3 2305 183
712 543 171
31 8982 262
2822 5871 238
860 302 171
71 5673 238
20 8399 262
807 689 171
448 3783 238
45 1753 182
556 752 171
427 480 129
49 7781 262
262 852 171
98 3247 217
9981 9711 242
220 262 128
50 8245 262
4 4619 238
819 464 171
48 3473 217
47 8297 262
363 887 179
4590 1996 238
62 3376 217
620 169 144
75 4998 238
9609 8358 260
812 698 171
71 7416 262
81 2434 183
508 501 111
52 6525 262
536 18 144
273 468 144
6549 5136 262
92 1397 182
636 23 144
110 612 144
4097 6584 262
720 494 171
72 1166 182
28 8485 262
55 573 144
74 4905 238
89 7012 262
537 3 144
8903 710 262
876 6332 262
22 348 144
22 4815 238
2946 4729 238
720 806 153
715 2108 182
2 7471 262
770 242 171
67 6715 262
62 2746 209
227 256 128
8781 5088 262
30 4569 238
242 111 128
90 4900 238
2324 3032 217
637 979 179
53 847 171
87 5287 238
949 538 179
219 643 144
60 2138 182
737 406 171
2223 839 183
27 7324 262
600 98 144
13 7694 262
9373 4967 262
405 766 171
65 6338 262
751 5895 238
469 200 144
67 5550 238
7 4478 238
327 921 179
897 2070 182
71 3427 217
653 231 145
22 9697 262
6404 6891 244
526 247 144
49 4291 238
27 9837 262
373 958 179
11 6895 262
545 9747 262
492 694 145
1276 6779 262
73 1173 182
346 999 179
230 3328 217
2582 3799 238
888 132 179
6 7173 262
16 4834 238
956 584 179
14 4162 238
1 9393 262
268 242 123
8884 1031 262
195 899 179
491 873 179
60 4706 238
3227 3503 181
130 358 144
305 1873 182
36 1390 182
118 698 145
59 5966 238
40 5111 238
775 996 179
2742 2242 209
25 2480 209
496 814 171
82 884 179
9342 4036 262
7 154 122
81 3579 217
50 8844 262
998 559 179
608 2040 182
89 1693 182
575 985 179
7610 1408 262
69 4407 238
464 209 144
76 6993 262
2496 1576 209
456 977 179
77 6910 262
743 9783 262
135 310 128
51 3754 238
56 2485 209
687 458 145
