11866 275177 443
270358 768438 470
86506 901225 470
978882 353264 476
648836 711212 442
827482 780557 468
125286 97480 354
104985 773565 470
895071 415717 470
11176 189564 383
494146 355607 449
494387 448225 444
918773 510241 476
170625 442320 449
69373 911927 476
325687 299645 384
288445 119754 443
439440 498866 444
939712 798365 476
248161 622985 470
446431 900331 470
725088 406170 470
113215 389264 443
758391 43135 470
327930 656443 470
351248 275337 441
796400 31921 470
590320 909911 468
789079 513914 468
980358 609341 476
737505 760610 424
527932 580314 452
864291 615806 468
844926 761088 468
115968 892887 470
161147 218134 386
662066 678845 398
678293 55092 470
826685 615086 468
302473 630672 470
127973 612227 470
163624 14451 383
455067 255899 449
905068 645974 468
587126 710974 447
891685 459964 470
265618 882888 470
136361 903745 470
52942 368609 443
314264 592732 470
666007 531791 452
692485 477426 470
334457 170746 443
162879 403369 443
582319 926874 476
730284 955506 476
54558 180169 383
125216 53283 354
857629 457992 470
986595 216891 476
391820 517064 470
345472 516984 470
358150 962728 476
581151 184006 470
355035 770706 470
290672 364761 441
402673 985957 476
469725 542247 470
71563 337094 443
837106 729058 468
534761 306288 470
395327 477282 449
601204 920170 476
774771 566177 468
762487 563324 447
604806 146165 470
334348 829187 470
91805 685244 470
477278 963763 476
178852 409323 443
177071 263198 443
224961 279327 443
931147 23247 476
388180 965683 476
300922 782679 470
584993 279928 470
503670 441096 444
356338 505366 449
826783 796473 450
70621 162723 383
581038 955262 476
343326 989338 476
241475 709309 470
468663 560262 470
703224 246942 470
439069 893746 470
646430 643238 323
264736 272809 363
20049 965116 476
338705 12451 443
306659 645195 470
982218 561489 476
114893 190104 383
960621 238004 476
727141 316548 470
872151 39457 470
289086 506411 449
725665 715184 411
142742 537150 470
769647 763070 468
612887 308166 470
480611 584414 470
861712 85903 470
730178 185271 470
967087 817530 476
761833 246703 470
46497 13399 324
394968 900310 470
558826 797752 468
913485 388976 476
32465 104699 351
841680 53127 470
195816 213844 373
658698 220126 470
872302 508543 470
731540 892843 468
43987 717002 470
22938 123684 354
475201 905552 470
552642 379033 470
348652 873349 470
5037 624002 470
990931 900943 476
262998 564933 470
309214 751058 470
270593 175019 443
386898 253675 441
351876 228787 443
254553 547768 470
941880 646553 476
364864 593882 470
773013 282873 470
375365 377366 423
97769 796805 470
283049 975798 476
769975 860624 468
125314 181775 383
610436 54311 470
558982 214273 470
11748 204244 383
453029 894116 470
846825 663701 468
702168 520112 452
362684 566430 470
300532 123128 443
25575 796055 470
280347 404904 441
285278 46548 443
884489 52942 470
606079 622187 447
691058 802177 468
669386 40154 470
19242 599848 470
320759 434799 449
243041 685680 470
433743 639500 470
926965 658417 476
560076 416255 470
198935 243078 443
581427 157764 470
800484 575834 468
644126 103044 470
542134 808325 468
387915 707404 470
168972 350882 443
442462 218452 449
196591 579838 470
853967 995757 476
499282 525613 470
948713 544316 476
536429 476308 470
432796 107321 449
986950 408856 476
895329 627858 468
587078 336198 470
538379 220258 470
749978 669015 442
500196 646266 470
405536 900653 470
307205 506494 449
276760 747290 470
784426 369711 470
137689 433118 449
230319 307647 443
445470 733322 470
328965 771385 470
352531 748576 470
755704 780386 468
591375 679187 447
289894 828545 470
684032 853664 468
910186 956256 445
448007 407770 449
918692 303443 476
654832 371306 470
687943 207358 470
973391 708421 476
323447 677679 470
181654 937449 476
54800 775813 470
329491 543854 470
368844 254794 441
120198 806563 470
548347 609721 434
994467 49925 476
165952 363545 443
887724 959864 476
313339 40428 443
873723 499446 470
656117 600099 447
996298 893136 476
789676 661180 468
550467 751293 447
120671 459181 449
97048 136139 354
26437 426323 449
938881 965466 414
222555 440104 449
748397 283790 470
130446 446960 449
148765 238631 443
94184 732482 470
799348 482858 470
416034 1210 449
172532 851257 470
685698 768179 468
711266 113086 470
304428 687782 470
978767 801653 476
258178 767205 470
435671 120030 449
967494 580879 476
293608 331194 384
497627 832149 470
199231 333216 443
207105 371322 443
799375 749977 468
904391 448289 470
872641 585134 468
712089 604790 447
100525 299625 443
247092 622262 470
763062 946085 476
726848 346285 470
794185 540774 468
717170 567141 447
44074 244879 443
803255 100227 470
890841 912598 476
681402 668246 385
284019 439724 449
516426 869696 468
166163 500192 449
618389 68168 470
340527 992750 476
87374 642467 470
125771 934618 476
471734 520980 470
218834 775088 470
971000 655648 476
88934 781298 470
201628 806393 470
972150 253267 476
80126 587831 470
284147 216335 443
219624 592454 470
676396 128692 470
984623 281742 476
210481 664904 470
537327 325577 470
931315 826383 476
197596 872223 470
804703 302469 470
80701 830249 470
917529 24894 476
773355 715279 468
391041 396573 405
700601 204385 470
987413 83411 476
591509 185103 470
8974 810994 470
870833 55689 470
116980 753015 470
566274 629398 447
857552 959111 476
769030 106306 470
334889 262210 407
583324 811240 468
185515 933877 476
523026 578173 452
85231 460530 449
689775 747165 442
945758 915531 445
486032 392188 449
475386 164359 449
520727 122538 470
590341 239616 470
562691 51938 470
22255 562924 470
24473 576128 470
722648 814156 468
948429 750101 476
837099 553139 468
423445 922610 476
678201 71936 470
781512 899929 468
712642 380744 470
55726 996215 476
303441 985489 476
479089 259152 449
559060 867131 468
94357 513304 470
200757 118540 383
658037 706562 442
41320 741487 470
26582 665248 470
101270 935111 476
831701 389403 470
461903 76127 449
404113 288174 441
369170 359249 366
207208 63586 383
613034 611180 354
700885 405031 470
128228 175884 383
736995 501228 470
901019 271448 470
565653 647467 447
974247 827388 476
358682 375869 392
85179 424980 449
768251 868392 468
794033 810327 468
410609 381606 449
990189 598401 476
10627 983438 476
640441 489567 470
347834 257512 441
212136 322399 443
395730 408274 387
469577 718538 470
41302 586349 470
310309 41317 443
413467 223965 449
470622 284769 449
703181 446585 470
535781 989740 476
883650 768597 468
891996 451576 470
330572 36705 443
572347 11298 470
573784 335507 470
50732 309151 443
553779 196448 470
524886 88955 470
704811 791057 468
881920 213347 470
392171 982123 476
170998 221509 386
212776 350813 443
181198 448798 449
25517 807140 470
765133 461962 470
691082 419861 470
346060 826507 470
44881 205854 383
780479 857650 468
268441 499029 449
366946 201854 443
162128 419534 449
732965 168162 470
384487 38719 443
206763 261149 443
585034 998530 476
846187 273838 470
613002 612710 310
406166 252660 441
248874 148583 443
685965 162068 470
842168 840518 344
627619 594411 447
171722 767962 470
297686 530877 470
575032 115597 470
401587 977820 476
63143 838216 470
151166 402874 443
515742 626714 452
93298 33340 351
229246 434763 449
538529 331328 470
31496 367684 443
830728 486301 470
348097 803717 470
478717 846462 470
332335 114309 443
310594 472016 449
77899 72478 351
800468 809693 406
954250 36277 476
12952 969247 476
741314 597057 447
87685 840743 470
688109 323641 470
105473 353778 443
361151 342433 441
340659 299322 384
991991 101558 476
126568 915691 476
908760 842708 432
410917 664947 470
191703 116858 383
746704 48468 470
659297 133443 470
745006 75526 470
5256 398783 443
992052 55878 476
355479 653016 470
504117 287696 449
341555 142800 443
933675 582760 476
62304 473818 449
124562 342756 443
120124 989974 476
493273 55961 449
623660 682028 429
753526 175964 470
216117 266160 443
531790 785079 468
346732 881440 470
80308 642165 470
602235 913276 476
772411 93509 470
190849 878062 470
125804 256961 443
598440 978666 476
289981 390776 441
376205 834683 470
845918 239326 470
785096 871531 468
41687 957446 476
54850 979037 476
3460 846545 470
339774 775178 470
308022 715072 470
541744 140944 470
102749 702192 470
308733 178224 443
581325 687155 447
14908 160314 383
610424 762588 447
574141 750912 447
990358 9304 476
607281 568643 434
112539 300747 443
204460 591537 470
655884 728879 442
47335 732204 470
584517 674143 447
260527 668870 470
728846 688835 442
385282 804985 470
67172 14903 340
248209 444355 449
434351 476950 444
651365 498681 470
703246 257956 470
196617 269561 443
136187 633374 470
397018 354590 436
504568 981691 476
804557 769907 468
195022 390754 443
360507 684183 470
181609 756624 470
212494 644202 470
559915 457315 470
815382 374191 470
586829 386851 470
961449 840763 476
421970 426623 418
703917 87619 470
689850 490164 470
122254 388256 443
796365 433749 470
864186 341812 470
789773 140148 470
394447 815728 470
181120 326980 443
150721 732286 470
975200 861682 476
209015 625127 470
819316 884594 450
320554 985935 476
506530 147384 449
105113 410727 449
253767 433157 449
934556 165424 476
484030 95968 449
317161 926390 476
610042 630449 447
630325 896443 468
997210 189485 476
563059 452515 470
578720 175981 470
204388 307159 443
437527 53457 449
377653 595085 470
952997 58253 476
773665 991063 476
573583 806221 468
821299 351151 470
848351 909552 432
588670 832801 468
551358 253787 470
928595 557547 476
714658 633595 442
951018 505600 476
726096 97102 470
367153 229659 443
839517 277139 470
439158 659204 470
748842 778611 468
815639 604967 468
681932 298374 470
591464 586761 359
430158 778568 470
378389 819191 470
258990 668274 470
351525 240849 441
38132 798102 470
458898 912313 476
564483 16590 470
5710 677781 470
92678 60597 351
512013 859309 468
519839 931536 476
663315 287592 470
488620 331534 449
259125 639118 470
477576 394518 449
546223 169683 470
644599 421372 470
229944 373348 443
203782 451377 449
277663 740020 470
915130 700320 476
558846 687746 447
1245 654587 470
502647 364616 449
336952 273387 389
796763 248281 470
24391 964639 476
127987 305263 443
518181 936336 476
622607 151587 470
322354 692547 470
159347 223411 386
6261 912172 476
91245 203750 383
798023 398515 470
562496 815416 468
619568 27766 470
667204 193010 470
156940 926488 476
817779 808312 406
598151 545272 452
520670 927532 476
442818 431142 400
774991 350665 470
712464 171027 470
18387 279878 443
425246 235141 449
507477 428226 444
985386 902029 476
369894 314447 441
58431 383901 443
841511 676798 468
93250 322784 443
521952 831878 468
733438 691400 442
706589 161473 470
637816 893516 468
398372 61470 443
462992 594648 470
354023 69781 443
660004 101781 470
439129 151691 449
753467 198994 470
617273 296424 470
19967 93817 351
803034 968669 476
993603 639754 476
108403 746159 470
449883 645270 470
762681 776694 468
388082 181206 443
39837 559981 470
181328 896609 470
250516 824851 470
702522 354244 470
610990 956255 476
551099 736644 447
985364 884508 476
781127 441241 470
10990 632550 470
281613 144555 443
641950 967881 476
940437 940225 383
21298 624194 470
722297 141648 470
515202 551210 452
422675 486309 444
838838 673975 468
611307 737752 447
277069 316509 389
583599 271723 470
144164 852548 470
324231 530528 470
867979 353514 470
872970 175522 470
696409 797505 468
936569 125228 476
757955 13212 470
237860 293508 407
428537 247677 449
269934 323138 389
851430 977237 476
602901 592944 403
603109 563668 434
108066 770196 470
719075 663220 442
396681 77923 443
174560 454172 449
213761 716774 470
487670 489821 382
617446 744202 442
304068 717744 470
982009 753942 476
58359 958353 476
887046 185108 470
350991 642121 470
800367 790942 468
475623 195158 449
528855 991540 476
269266 513006 470
884627 407360 470
632965 924608 476
654520 899714 468
804503 757423 468
47718 85075 351
154612 722764 470
357779 128184 443
169577 19310 383
907349 64287 470
447685 307624 449
899620 178733 470
694329 534012 452
771949 809347 468
870473 518098 468
934218 856873 476
74995 636633 470
934083 949293 445
246958 620380 470
691342 383333 470
275113 357568 441
630634 416071 470
13979 916194 476
858961 419727 470
274225 185697 443
539641 353839 470
122048 527909 470
547671 219744 470
731848 619632 442
836200 437911 470
736288 147589 470
839835 548411 468
869260 773241 468
880214 530661 468
154914 811736 470
460849 79981 449
846811 154429 470
962865 21410 476
62220 502840 449
869635 718982 468
757747 214478 470
726322 33534 470
73088 597005 470
875079 240745 470
54975 176405 383
779127 670341 468
180861 812461 470
477359 731903 470
387604 131744 443
613827 660035 447
670831 480129 470
999910 271316 476
709687 728656 411
586775 554845 434
12375 525980 470
636186 74184 470
860671 115045 470
408715 854184 470
482591 748749 470
24614 806913 470
794112 821267 468
277499 565263 470
345810 131581 443
204816 39223 383
812759 934780 476
35700 44961 306
681579 152673 470
307764 190353 443
194435 919048 476
174378 582705 470
498837 607808 470
700759 605195 447
97155 228659 386
712174 60962 470
915507 745172 476
261635 161409 443
373018 215211 443
632555 515750 452
993369 678174 476
299168 395970 441
194762 703391 470
507430 455897 444
450904 293571 449
722029 363703 470
258299 162441 443
732715 388775 470
448850 300363 449
124519 488690 449
175886 956683 476
694278 157574 470
639216 495555 470
53619 855746 470
211321 400327 443
184471 969339 476
125482 186547 383
52743 521099 470
775012 413337 470
481589 937875 476
297050 57768 443
300681 405199 441
544268 705402 452
291211 544991 470
699986 544929 452
898123 352739 470
129269 264874 443
507905 847552 470
11693 60619 340
262664 893132 470
506358 173449 449
493686 309052 449
154830 681263 470
180815 677397 470
756571 701755 424
672889 786570 468
246052 661817 470
274571 303596 389
128721 497415 449
338672 277426 389
736629 94863 470
239057 731581 470
848334 965084 476
663756 698296 442
91295 751702 470
551217 219794 470
943938 403951 476
522109 668499 452
50438 109699 354
610924 12987 470
758913 551349 447
830721 631062 468
681482 412481 470
342633 720804 470
292514 614710 470
988749 981135 427
564393 8493 470
87040 259299 443
383134 631263 470
214609 758170 470
655584 515772 452
305209 748797 470
677836 655747 429
11103 439297 449
423208 225242 449
650566 782167 468
488087 290280 449
388320 587633 470
614292 923326 476
748015 369714 470
473184 619627 470
261361 583799 470
73233 204865 383
682922 781117 468
12581 789136 470
834058 181998 470
895242 678733 468
703837 797742 468
747778 444324 470
276168 229563 443
258878 509152 449
641478 393939 470
124063 408002 443
489834 989921 476
869431 320586 470
579583 817734 468
870493 604018 468
444698 506414 444
240703 745781 470
291335 758665 470
841222 492106 470
940612 986654 458
751399 139636 470
944559 545876 476
792182 657239 468
308444 332611 384
272836 931674 476
740293 696685 424
791675 797161 468
414640 718208 470
321189 34275 443
27060 215989 383
198583 586687 470
97243 94459 328
292664 931084 476
224806 184726 386
180124 353654 443
392934 571028 470
624878 943293 476
817034 737794 468
927652 518789 476
362722 717839 470
396939 206500 443
572802 768846 468
623019 529271 452
555194 244925 470
992429 325200 476
59929 950438 476
360724 954267 476
842352 533150 468
102226 423755 449
297756 81742 443
172674 942175 476
528366 700480 452
473456 887095 470
760066 887169 468
591022 91159 470
772628 207505 470
436280 203116 449
809923 757091 468
403504 87098 443
260046 694215 470
205220 326838 443
797135 72644 470
716526 960796 476
472499 354437 449
98523 368316 443
898583 340628 470
771361 752060 468
356483 837880 470
85377 293853 443
325459 463622 449
465275 127702 449
498174 576225 470
955667 624168 476
477137 94282 449
601522 787148 468
671710 941542 476
266036 813419 470
269807 835114 470
857110 983163 476
76413 988134 476
734042 768669 468
237843 48707 443
583423 353993 470
19435 95882 351
740946 908650 468
825044 964788 476
273098 200527 443
721986 481723 470
784430 802778 468
286417 785330 470
74131 30819 340
84672 371514 443
95825 249451 443
643839 987619 476
828569 306356 470
20784 278597 443
420199 84289 449
854481 90381 470
471311 419923 444
581895 494002 470
652282 970002 476
975182 1839 476
229285 314464 443
211915 193568 373
308013 250773 407
557917 515843 452
170577 938511 476
461126 190116 449
612568 539207 452
651262 743877 442
708362 446628 470
456739 937895 476
161887 86411 383
279970 75649 443
123288 819326 470
936388 110844 476
495784 151855 449
51667 332184 443
63477 92494 351
974848 576332 476
203296 223752 386
373007 18083 443
895537 59688 470
784468 529812 468
55196 202227 383
48585 551742 470
829355 826772 419
614716 515246 452
602255 971516 476
490804 329315 449
518737 947950 476
754050 354570 470
817953 526980 468
397569 465995 449
796405 539476 468
544196 901658 468
726805 623373 442
449623 636819 470
872747 834998 432
226891 821281 470
54943 514396 470
985956 327745 476
505042 430925 444
593429 330488 470
94224 177889 383
932222 940759 445
621986 676299 429
732521 772825 468
258015 963380 476
613080 964213 476
806474 6127 470
131989 626281 470
674006 873951 468
541082 570097 452
431457 959439 476
425443 819837 470
856742 319569 470
659901 668600 398
331337 468458 449
122556 81789 354
240728 277459 407
633074 170411 470
127116 844816 470
224227 178259 386
14654 794525 470
553135 461549 470
167617 336804 443
761147 429912 470
135851 364255 443
6469 63408 340
344958 677417 470
795035 949682 476
53080 755468 470
690126 974239 476
135479 518221 470
141398 719655 470
344937 931262 476
685334 129409 470
748468 504166 470
712637 435011 470
524608 79655 470
101410 500379 449
569377 427565 470
232610 476700 449
105765 292617 443
394525 21020 443
678148 260514 470
144471 315146 443
339679 844551 470
990743 325706 476
219354 349802 443
659420 451786 470
817146 700271 468
302010 44017 443
478957 38882 449
433496 893195 470
