706585 851586 525
308110 355999 441
943880 764268 525
791489 700389 507
466069 785849 509
672558 990968 525
671788 265593 509
524649 512547 439
584150 825550 520
658852 310796 509
108232 259342 443
615077 806417 509
21185 152005 375
542448 530776 441
35120 942816 525
241456 958413 525
232895 688168 509
39080 544175 470
133444 74684 354
985202 585951 525
861091 776127 525
104314 334951 443
656396 413026 509
448263 931696 525
914277 952025 515
601621 771415 509
658108 550390 509
300880 186853 443
816464 102868 509
253798 78708 443
541565 597399 452
999510 242719 525
30650 943292 525
986275 779528 525
564501 77164 470
153475 157524 383
200955 847100 525
489035 274187 449
409829 456562 449
469718 534591 470
947679 61909 525
895561 498141 525
631203 529103 509
35084 569173 470
245109 241421 337
834793 175568 520
947154 751263 525
241680 377102 443
875052 564472 525
560161 269260 470
476617 587514 470
542835 664418 509
497866 802046 509
464948 588113 470
67630 481336 449
807784 592504 509
115926 208872 383
468208 112480 449
620139 381969 470
252327 244288 350
478855 186324 449
615783 557141 447
467205 133406 449
882553 415346 525
801437 167471 509
455038 618124 470
564725 287886 470
476887 425114 444
258035 974408 525
786746 714072 507
191831 671598 509
641151 573230 509
628527 900397 525
801573 841350 525
273215 16989 443
977188 183148 525
835585 628070 520
395139 183327 443
192665 848522 525
66902 85262 351
222992 820740 509
662322 255958 509
921180 212640 525
809512 750388 507
630053 867052 525
758305 729679 424
127704 466560 449
774580 393499 509
458720 78268 449
546 305724 443
83191 355298 443
336212 869314 525
796553 835682 520
291686 394185 443
553514 683783 509
255008 152705 443
608304 955099 525
774733 532790 509
94120 214634 383
970988 686991 525
976233 566984 525
451012 428095 420
185735 229169 386
75877 794620 509
926641 341000 525
811191 865584 525
75315 296143 443
610062 177 470
852056 56887 525
537612 762742 509
328939 896578 525
820552 829948 520
546693 247093 470
109590 833317 520
727807 503183 509
850003 704983 525
132461 120191 344
747688 510998 509
55695 427970 449
307148 283759 422
128789 503927 449
577213 245280 470
455696 713267 509
637763 831326 520
188974 634362 509
461937 371082 449
51292 635790 509
252260 646580 509
616804 434149 470
141671 306781 443
788891 519757 509
310924 136248 443
446204 499221 446
277924 196756 443
705151 491095 509
196331 361791 443
199879 169976 365
528789 666219 509
144582 328227 443
124829 363254 443
714967 697727 504
475855 850344 525
169521 345076 443
89916 615294 470
760034 672496 504
392382 345958 443
543083 546554 359
449879 988127 525
902096 59942 525
986059 269122 525
32966 589477 470
825319 983461 525
181649 87480 383
555639 48588 470
499921 176683 449
256423 143200 443
207220 733074 509
664732 893887 525
842699 105268 525
667009 245558 509
473457 832580 520
375055 752371 509
905002 603753 525
69104 355910 443
274298 200445 443
730434 641691 504
944275 817027 525
608890 586458 436
912753 521025 525
916864 534291 525
873950 264859 525
600924 810882 509
455344 516491 470
64211 250651 443
107804 615411 470
972381 616808 525
19792 48275 324
587647 316986 470
333982 733348 509
448893 209692 449
493769 379300 449
987664 648113 525
579224 925091 525
276695 985051 525
48733 644336 509
548436 90413 470
617269 514081 452
897611 993216 515
397571 902551 525
196488 536148 470
891205 556924 525
906720 145014 525
200810 680330 509
250423 56351 443
217945 932269 525
161209 161966 290
884728 549388 525
585490 261407 470
380571 138956 443
322487 721565 509
949574 805182 525
410546 922950 525
271319 807081 509
563071 405350 470
437201 374091 449
559610 835411 520
402842 508899 449
722904 981934 525
155196 139896 375
331498 442448 449
591399 731900 509
817943 54698 509
958489 393271 525
174539 934130 525
497434 218102 449
51886 385359 443
883098 485409 525
373959 884009 525
157398 461101 449
766117 734269 424
556753 460347 470
624300 740722 509
202262 321215 443
764795 891839 525
904123 948584 515
686923 42470 509
904609 349248 525
58546 291224 443
128828 759265 509
37050 280256 443
57558 952717 525
539527 266612 470
314436 206650 443
885129 622758 525
50235 644775 509
384704 689295 509
492752 587137 470
133230 348531 443
766444 68065 509
41973 470578 449
132166 756415 509
933791 360525 525
718519 699285 504
493665 795311 509
342643 328156 366
700715 833643 520
332715 823687 520
358571 372761 443
442703 588708 470
452674 437183 400
102608 937350 525
604323 241569 470
423277 321575 449
697292 202211 509
114483 593575 470
644701 36553 509
347584 324574 441
826556 89204 520
220923 258123 443
588664 138412 470
32619 570122 470
30973 822012 509
656250 119806 509
82381 232223 443
229500 588847 470
562104 747849 509
987525 5488 525
38967 251780 443
939540 534365 525
941634 723526 525
328718 885191 525
106807 297942 443
6516 896732 525
549890 998046 525
69104 488818 449
204201 116314 383
621552 542015 452
481559 964422 525
421878 327283 449
558317 729691 509
310413 414879 449
344969 369199 443
335945 474298 449
141255 565471 470
94643 925169 525
869164 118547 525
573173 897986 525
288478 941887 525
452066 857886 525
962444 879786 515
770234 90061 509
967175 345842 525
437922 390448 449
228983 855498 525
995935 53213 525
15592 810650 509
150247 495596 449
1782 660576 509
87131 523904 470
232934 995612 525
343346 380619 443
125223 576478 470
166331 943137 525
446972 514593 470
120106 926706 525
753273 296676 509
70216 651973 509
897788 270933 525
507328 724059 509
606199 991732 525
873911 73313 525
953210 371341 525
842954 296705 525
261580 999423 525
523493 11354 470
598770 645515 509
781017 275351 509
683668 773339 504
502791 451064 446
686030 362206 509
805431 608866 509
949409 733784 525
319207 788820 509
250145 88810 443
273247 704424 509
958948 517085 525
385405 252603 443
385963 658415 509
24971 852713 525
801650 849673 525
163615 15426 383
720183 622504 509
86862 678475 509
392469 973685 525
760953 648512 504
204329 790901 509
466278 542359 470
460722 919835 525
879099 65864 525
99520 369814 443
926711 197582 525
896719 656669 525
149246 92440 375
813280 456308 509
925752 836605 525
622457 736743 509
982777 742217 525
842745 621817 525
565125 35990 470
443634 425793 420
269290 644994 509
911337 15701 525
947468 338550 525
424106 910632 525
247427 429354 449
849447 768523 525
444953 71157 449
20702 545542 470
138118 181118 383
31793 41085 324
386466 176324 443
426142 931821 525
335241 321871 384
610408 877698 525
107383 651406 509
537321 358706 470
237109 570601 470
698830 916401 525
423556 786302 509
458154 719888 509
547341 388603 470
700051 150111 509
854192 581620 525
195223 659331 509
123034 318585 443
860821 494096 525
723474 948197 525
356154 772705 509
234432 590379 470
916469 127229 525
358850 919401 525
475312 190809 449
949408 258877 525
727165 771936 468
61927 552056 470
630322 39701 509
707925 982736 525
671361 722676 504
35138 847918 525
116930 779586 509
694222 474031 509
542229 63043 470
254817 960681 525
371432 116049 443
637503 568104 509
1995 154372 375
113121 589619 470
593554 732317 509
453470 588470 470
33303 4678 308
905681 36331 525
248695 954325 525
284756 564253 470
832902 134568 520
445699 665490 509
57345 172441 383
673094 526131 509
293483 617618 470
106211 133654 354
495240 708888 509
782284 344571 509
870979 740035 525
245749 54997 443
741073 712570 444
309166 620183 470
205695 25843 383
187902 480414 449
667418 152619 509
488007 794051 509
184459 967809 525
958451 317190 525
896370 583333 525
920266 671857 525
7294 722103 509
484395 923996 525
98938 232638 443
372626 188325 443
66631 879000 525
568512 917754 525
331432 371907 443
631141 698232 449
120266 10503 354
527560 95586 470
454320 834103 520
548261 678485 509
882877 90220 525
875839 716588 525
30237 986596 525
971707 627520 525
235189 181541 443
481179 947253 525
101507 791976 509
406136 553415 470
800311 472146 509
565581 528643 452
275859 229372 443
718971 846953 525
546733 923507 525
293523 513930 470
10781 671530 509
542427 546937 452
313395 740871 509
30553 901487 525
330386 772663 509
597817 442314 470
823697 58004 520
834412 694423 520
962972 826353 525
286035 426750 449
263668 468098 449
661499 917857 525
795387 600031 509
759057 31116 509
914191 236165 525
188504 964336 525
721314 885339 525
359320 972514 525
649192 850890 525
49724 251318 443
534538 624245 452
775773 623902 509
324051 800219 509
318590 464516 449
208436 135840 383
132720 191879 383
214424 696035 509
614028 916535 525
941258 274080 525
935684 771685 525
437971 602996 470
93227 563356 470
45377 230270 386
37832 27688 324
828895 495970 520
245994 421858 449
908426 379157 525
670592 919327 525
740279 734340 424
420519 332495 449
938453 474290 525
460938 848776 525
656984 477167 509
710009 618411 509
237935 484780 449
163241 959710 525
393332 894525 525
22150 556096 470
274050 960797 525
426588 58119 449
465512 468837 413
810472 342519 509
865244 888496 432
668070 664895 398
930850 84455 525
37189 598305 470
19257 144883 375
205458 295051 443
277135 668293 509
551879 980908 525
328079 456691 449
822533 399639 520
794575 722981 507
120716 248132 443
935835 537742 525
480568 38519 449
522503 113461 470
451001 219684 449
407490 565877 470
943322 788594 525
269523 192959 443
232774 282380 440
575323 627786 509
905519 128812 525
82329 243180 443
168778 710588 509
653180 755566 504
142791 237800 443
820397 542820 509
981310 709058 525
521505 658988 509
866411 181018 525
89655 319806 443
532235 128435 470
985091 317032 525
651561 51546 509
786404 35204 509
712322 994645 525
529409 957806 525
980583 327584 525
307531 808286 509
759200 683336 504
937359 999347 507
310591 387933 443
561576 528295 452
721161 567011 509
685780 15890 509
290508 290680 283
509663 662964 509
95233 600607 470
72323 191521 383
205235 543077 470
554989 129813 470
732590 897043 525
306635 982200 525
673188 66366 509
157098 645649 509
972800 538230 525
989922 400592 525
732518 967286 525
106733 952069 525
48441 718235 509
614812 430056 470
640286 469476 509
515176 534668 439
735127 567490 509
198029 400703 443
962501 747777 525
884914 41078 525
600119 313127 470
621950 830351 520
736678 245875 509
602465 563131 434
425344 786302 509
537091 856637 525
822102 630870 507
247328 994682 525
682238 416399 509
766839 7821 509
247005 490497 449
685705 685545 261
767706 506367 509
550453 451438 470
324061 758295 509
27140 797616 509
619713 202826 470
190181 877788 525
508381 589649 470
697813 853214 525
624077 397230 470
998740 389782 525
599519 979954 525
761232 487803 509
969574 272643 525
415380 724255 509
453279 486828 446
975881 931659 507
731455 174289 509
465555 224944 449
862578 111847 525
416370 839291 525
492778 821049 509
143690 80163 375
833835 300245 520
304456 154455 443
475865 824080 520
220508 194425 386
968873 521976 525
948902 305987 525
499177 834450 520
665479 390676 509
900710 957501 515
887702 958163 515
378197 862955 525
252718 520124 470
354643 641901 509
653634 675154 429
973295 164526 525
35397 460073 449
869526 2701 525
673433 840124 525
204351 179323 365
272676 926603 525
598020 371751 470
393001 772092 509
584801 723185 509
945536 148430 525
311568 723427 509
839730 613409 525
301798 769248 509
358582 983554 525
49213 632334 509
344919 716711 509
249514 135354 443
364714 866320 525
332067 907556 525
40461 139580 354
472283 12940 449
773486 136507 509
648578 208137 509
138422 190581 383
802237 584462 509
499895 199720 449
596456 550349 434
532416 61821 470
613895 138514 470
916230 806567 525
109895 859813 525
277846 683277 509
127111 781130 509
254472 839143 525
357479 850750 525
178725 973103 525
593338 906583 525
104984 192298 383
621130 772928 509
427983 79664 449
271344 747038 509
806173 149177 509
654582 282963 509
230762 187643 443
726322 826304 520
749667 594336 509
790551 840041 525
377208 380510 379
463769 764726 509
416482 397228 449
179439 275975 443
626702 567045 509
395638 98509 443
827190 340042 520
698275 9016 509
174368 846810 525
416161 933390 525
127941 567655 470
475546 700722 509
783265 836918 520
481295 927404 525
450976 594778 470
566987 852389 525
921014 146920 525
783740 662909 507
365681 893129 525
318531 450872 449
85278 186481 383
400654 851318 525
889889 483270 525
346242 893021 525
208809 618416 470
740030 948134 525
881377 480650 525
412532 326219 449
975007 94112 525
306442 477635 449
571393 668719 509
278218 538693 470
97034 411131 449
426557 602255 470
87994 794909 509
646128 194856 509
536298 524779 408
533817 587036 452
919702 941549 515
185863 852477 525
538690 597875 452
494562 985835 525
737682 701159 504
596016 744014 509
634690 83845 509
310835 341609 384
301679 439882 449
70928 2501 340
369723 647430 509
723008 256588 509
121643 696517 509
452671 977977 525
261334 599175 470
546256 881556 525
629592 727412 504
815060 688282 507
896751 366890 525
686374 711894 504
182215 310192 443
123054 799198 509
949813 612868 525
844267 730375 525
555727 907328 525
642390 598729 509
774858 830579 520
668220 540426 509
989683 254551 525
610704 239925 470
658696 144794 509
369053 296369 443
583662 916615 525
367091 815041 509
887307 184526 525
235060 377892 443
947151 392680 525
118722 647734 509
998034 610344 525
69466 916610 525
856515 166587 525
275717 281481 389
531924 617223 452
145355 563436 470
641196 911946 525
23313 864795 525
712707 155733 509
486320 775858 509
708063 473741 509
19711 932868 525
702856 784361 507
938523 669315 525
50511 395594 443
485255 915508 525
972102 981661 427
99817 95357 328
419653 701346 509
926477 693715 525
515710 759536 509
804436 623287 509
178731 174959 347
504280 338410 449
700723 702344 411
503418 911570 525
716319 347754 509
258880 650255 509
639065 341763 509
183471 190828 360
538159 316160 470
946526 308368 525
192716 190084 347
169861 436752 449
680496 241347 509
316924 430012 449
834544 55312 520
47423 928118 525
88891 872574 525
240531 63430 443
474008 108911 449
641888 868254 525
634013 364997 509
698635 969068 525
653195 255508 509
120547 237403 443
732492 202150 509
255071 303257 440
877401 907096 445
476877 312582 449
84504 793062 509
961295 39827 525
488672 938724 525
836173 515638 520
992789 826274 525
720258 560480 509
194586 12004 383
205197 846558 525
309599 170250 443
912813 137886 525
765094 262291 509
73767 519647 470
504520 683730 509
568419 219149 470
555373 232073 470
748004 276175 509
20131 581156 470
561043 641668 509
74516 288984 443
209980 469609 449
765579 285647 509
413925 830128 520
825372 896627 525
585970 22248 470
988402 33457 525
181120 465721 449
521551 38060 470
953397 491078 525
933653 387089 525
253319 800761 509
42521 189693 383
64096 341304 443
642025 488633 509
912019 901393 476
936192 765626 525
194714 503112 449
296370 87900 443
784293 948889 525
814933 776756 507
985305 573255 525
197506 485345 449
778228 539929 509
754931 879496 525
42949 492429 449
262246 651340 509
463781 604212 470
19931 972778 525
304107 366794 443
629514 786087 507
725977 762341 424
700307 841474 525
770493 644005 504
856570 360359 525
192874 572379 470
739823 4975 509
284335 358011 441
116505 276189 443
952517 561104 525
165005 776350 509
518371 728553 509
103733 94509 341
254034 32300 443
376345 687412 509
592945 740147 509
647323 369182 509
484597 454815 446
944037 458883 525
114338 533654 470
35456 578957 470
426976 940464 525
502734 840494 525
672887 265046 509
354830 157860 443
88468 102130 341
535476 52117 470
326953 276081 422
438012 334092 449
841157 23052 525
759035 790004 507
367459 104883 443
943940 310923 525
947687 228778 525
272140 753310 509
867864 433129 525
898536 109227 525
489796 351733 449
751792 127565 509
164830 665635 509
6963 90695 351
35338 111890 354
305838 830104 520
10819 402059 443
778546 90793 509
245877 452461 449
952965 895173 515
605579 900021 525
935235 703223 525
859210 284882 525
380017 897405 525
872713 401922 525
387646 960715 525
47636 218156 386
300260 847266 525
636170 864773 525
798325 506780 509
863550 472051 525
362740 972616 525
254679 89369 443
89431 701002 509
595149 286761 470
794907 16500 509
88503 460351 449
705605 797533 507
989839 555604 525
311601 450842 449
235074 50174 443
603793 39788 470
213117 473016 449
123513 31722 354
823390 146805 520
234148 345805 440
398038 153125 443
670706 20409 509
157909 574321 470
431991 606123 470
657581 527761 509
79256 201328 383
554348 335077 470
271652 50158 443
595020 195660 470
484123 422627 446
927211 549573 525
447834 961575 525
172575 403643 443
916956 439296 525
119310 645441 509
629633 999875 525
260567 498316 449
501858 931374 525
366343 484442 449
77828 953840 525
524508 321013 470
592106 651930 509
459920 64445 449
193283 278428 443
981464 513049 525
156779 778868 509
479899 390266 449
149863 425729 449
970483 176955 525
745874 583164 509
398202 190125 443
821862 647791 507
503015 355351 449
31844 863586 525
941658 392441 525
837914 768194 525
681007 508382 509
179472 306312 443
29174 561780 470
832775 270782 520
600202 147449 470
378332 618937 470
831649 785652 520
839686 188324 525
602298 494987 470
394651 414936 449
543105 715794 509
156385 547852 470
904927 664389 525
899997 997632 515
393909 703836 509
760333 303989 509
345144 227044 443
787367 383346 509
336348 115772 443
793880 728798 507
820677 178823 509
790200 442366 509
496113 408307 449
577647 826684 520
874684 966535 515
564764 100850 470
223927 655487 509
93133 1872 351
931944 661709 525
107772 483716 449
771076 317918 509
581813 233001 470
338679 752528 509
918143 394222 525
194712 370779 443
304391 104706 443
143917 602543 470
31381 925743 525
954486 459490 525
790577 460169 509
332057 978871 525
403773 250199 443
328510 306354 384
170725 538451 470
808255 762397 507
131076 235269 443
94135 12338 351
451613 443169 387
727192 48793 509
40479 992364 525
812104 782120 468
823566 183009 520
163812 186968 365
723860 313435 509
