1 1000000 525
1 1 1
1000000 1000000 153
50 150 122
500 1500 182
500 2500 209
501 2501 209
1 500000 449
500000 500000 152
500 1 144
1000 1 179
96500 98522 297
92953 39967 351
43544 41657 288
35480 49122 324
44280 49630 314
35814 3057 324
12665 41261 324
45587 68978 340
8003 83133 351
40192 41489 288
83617 15424 351
20282 23039 269
20286 39338 324
31454 34264 311
33332 44632 324
93668 29832 351
43153 2972 324
86150 86696 302
44628 21629 324
52169 5259 324
87611 4335 351
24667 275 282
45595 70253 340
69252 53597 335
69738 25795 340
11438 53354 340
57571 31719 340
92744 77856 338
71057 24198 340
28471 20740 308
68829 38490 340
50571 28333 324
57813 36720 340
15028 18792 279
74701 83549 351
24051 78663 351
87883 48717 351
95289 33477 351
35322 80892 351
3425 21411 279
6686 14862 276
74764 64256 325
46581 67507 340
58463 33989 340
91704 86933 333
54728 76884 335
41774 21651 324
5216 99586 351
58370 36596 340
18378 49422 324
20144 58780 340
28084 8026 308
23848 39724 324
57854 75521 335
20615 77630 351
96931 27301 351
92492 71694 351
7908 55424 340
55553 82723 351
89412 63608 351
86007 60491 351
56844 27781 340
82141 62059 351
43718 56863 340
15006 62095 340
22636 35149 311
37226 67072 340
59526 61074 335
6795 33731 308
36594 27410 324
11361 33525 308
71062 20204 340
21570 95321 351
75627 93474 351
94395 81390 333
57082 80402 351
58232 13925 340
24534 40373 324
92335 68251 351
13587 7341 276
46698 36222 314
58841 83923 351
3293 18367 279
44996 26440 324
68449 97942 351
70201 79809 351
47818 41262 314
12 69387 340
52934 91990 351
62861 47329 340
73379 36294 340
44082 31611 324
50218 68615 340
88335 58904 351
36865 18273 324
66244 83562 351
54494 25085 340
67485 74139 325
59803 28832 340
578 28251 308
26773 70778 340
24412 74590 340
28391 24423 308
60329 97676 351
32765 39541 324
45004 6143 324
75834 89085 351
54105 42403 340
74051 58791 335
1306 10916 262
77063 83902 338
10829 31557 308
8986 94665 351
22047 85140 351
23497 38976 324
29742 66621 340
9753 54153 340
57563 54495 322
94928 34243 351
52170 44044 314
73783 13526 340
50186 49616 265
2610 20643 279
92018 76661 351
79433 93323 333
3928 72848 340
77224 14756 351
20756 2561 279
9421 42802 324
4052 49269 324
81777 50146 351
32241 7881 308
20650 89803 351
62375 31929 340
40397 14544 324
75972 14179 340
44421 42510 270
63794 47031 340
63152 72163 330
40043 58936 340
65486 60322 335
31783 59061 340
91429 52538 351
77974 17201 351
11691 82025 351
66469 93467 351
32170 15062 308
17699 52820 340
21216 80073 351
84748 61613 351
10969 77072 351
75791 55389 335
19581 39585 324
18771 82732 351
28099 75165 340
58019 93584 351
35486 6154 311
68997 43267 340
58691 46970 340
60467 70382 335
45346 43288 314
80200 77516 338
58349 97899 351
46687 79564 351
94323 47786 351
41176 5291 324
24857 16967 282
77032 60789 351
72903 95802 351
43520 1001 324
87319 17891 351
10937 39156 324
24044 79933 351
82422 99086 333
43254 42889 257
85819 88599 333
86176 66019 351
82466 60876 351
80269 29152 351
40439 74591 340
93290 97967 328
96234 34498 351
31285 73265 340
95287 20539 351
85418 55158 351
37891 72736 340
73048 48827 340
11892 13443 276
45111 10665 324
12529 4716 268
53553 98347 351
93315 56080 351
80717 75780 351
16955 60985 340
21284 73746 340
35576 30925 311
71712 31809 340
65422 19348 340
21425 60708 340
39886 6842 324
32218 77776 351
95930 21617 351
42955 24173 324
35060 4417 311
34837 47588 324
9133 4742 262
62286 18799 340
60821 43003 340
94578 94128 284
3987 32213 308
67873 55914 335
79489 55936 351
4074 44911 324
75283 25498 340
21970 15168 279
48692 70539 340
9295 60973 340
92156 52249 351
1497 27215 308
73018 52685 335
91154 82150 333
57426 53439 322
948 34599 311
12793 11877 263
28726 33132 285
60442 12950 340
5397 39930 324
85237 9471 351
1192 60519 340
51320 39514 314
92038 11 351
10052 1332 262
77335 2207 351
69933 78831 351
45773 59302 340
31516 36926 324
41451 5293 324
6717 58750 340
39891 35861 306
86978 84968 302
68992 63771 312
14269 74389 340
3701 99505 351
211 21244 279
76375 51530 340
60757 68412 335
67893 87161 351
86096 45227 351
89367 72380 351
24058 51492 324
31681 71925 340
88417 89483 315
77217 11485 351
64584 33460 340
47346 51561 309
34779 16337 311
15332 49048 324
7077 35384 311
48552 7287 324
72979 41279 340
75169 33736 340
9690 43061 324
37248 95785 351
88287 42966 351
84516 28696 351
94457 16196 351
16972 82874 351
22030 94189 351
94358 86613 333
44000 41703 288
54526 78778 351
74392 86209 351
27825 81468 351
21592 92729 351
5107 10922 262
34007 80275 351
61009 60048 335
39687 98256 351
72185 44325 340
41222 56700 340
89373 35678 351
72896 6344 340
18551 11277 279
16884 29261 308
97890 60883 351
87315 52415 351
39661 61706 340
38623 83837 351
59526 76566 335
92917 80984 333
87487 26923 351
77610 48496 351
3323 17296 276
46751 75507 340
61620 4324 340
32206 67344 340
40002 21453 324
73688 74904 325
32730 90571 351
4164 46971 324
51454 7831 324
99385 7466 351
69536 54359 335
91302 45413 351
30924 84219 351
26396 34762 311
27493 20357 308
99609 30815 351
37652 46360 314
6321 15624 276
50683 54879 340
82967 7036 351
76331 73006 325
81940 25412 351
63577 2455 340
72382 31382 340
10285 88118 351
55199 79821 351
42476 62852 340
41585 89751 351
63422 84333 351
40865 90915 351
4689 40473 324
38081 58693 340
3184 60754 340
90668 70219 351
15632 89986 351
77254 8314 351
62992 59193 335
50078 42920 314
78000 22459 351
90653 88284 315
26929 45851 324
84456 69404 351
25054 26041 264
75507 88476 351
26725 16371 308
79390 31413 351
56843 33822 340
6457 76379 340
94575 97124 328
46597 26558 324
3462 23850 282
51224 82805 351
99395 1301 351
25724 77394 351
40111 32728 324
65677 67039 268
94930 50133 351
52795 19983 340
92525 44653 351
8458 19249 279
61023 4199 340
67013 34217 340
38021 89822 351
10595 48947 324
86945 73543 351
75505 6758 340
13745 26728 308
89562 13139 351
44380 15285 324
6884 842 262
64364 88912 351
84233 59293 351
55396 53379 322
79276 47920 351
98031 4085 351
83520 75405 351
8284 50533 324
25973 46304 324
40354 52920 340
95250 43650 351
26462 87106 351
66760 40206 340
30185 56321 340
69696 74564 325
87958 76579 351
91758 52321 351
65491 75990 325
27966 20886 308
29368 7241 308
85158 27398 351
27677 68677 340
2802 35960 324
35561 45126 324
82263 92266 333
98045 93865 328
52268 24507 324
80970 19027 351
81064 11155 351
75347 50760 340
2070 63304 340
43690 93827 351
31977 9180 308
69816 59942 335
46418 15535 324
83534 47927 351
42932 11210 324
16603 62085 340
47170 68516 340
7211 45784 324
77133 21607 351
56000 29400 340
62465 53322 335
48426 43529 314
64476 40125 340
10640 82897 351
19780 54329 340
93076 51756 351
79861 62891 351
28049 26278 308
78426 11582 351
74204 37709 340
39144 7158 324
16146 2665 276
92025 23356 351
64800 69158 312
61314 20800 340
98557 23779 351
74121 63335 330
83659 54948 351
19811 94298 351
54196 39590 340
48626 47271 314
7698 44838 324
26514 35746 324
87467 21291 351
47328 78022 351
58999 2823 340
85180 75144 351
5487 93556 351
14851 70286 340
62713 92517 351
91085 77622 338
16295 81557 351
57308 99953 351
52856 77118 351
94250 7052 351
33059 59227 340
70674 40756 340
4065 97187 351
76502 91531 351
18477 40181 324
85905 93828 333
43003 71084 340
85323 48489 351
80991 174 351
35126 43704 324
92690 26211 351
37677 25336 324
24119 94984 351
25288 93327 351
88453 35889 351
378 21511 279
11467 71051 340
62267 31883 340
84590 55120 351
39766 3066 324
11652 25670 282
96893 71006 351
96753 98568 297
35846 94095 351
98741 70971 351
37798 7782 324
13533 91826 351
49469 37652 314
86809 91108 333
30978 75261 340
26996 47707 324
13124 54814 340
35109 75390 340
86697 19698 351
46861 26462 324
39116 58512 340
52131 52360 278
45869 65235 340
50927 81714 351
59329 66019 335
52684 13479 340
90152 66217 351
5304 39620 324
20220 8465 279
30727 67549 340
77 74074 340
31607 13200 308
28888 66715 340
4941 15584 276
2765 51801 324
42045 58232 340
26664 94175 351
10591 72532 340
75761 77870 351
54245 35089 340
43888 23281 324
48567 50392 296
5849 70223 340
90011 26068 351
78687 37090 351
9968 95115 351
11163 41574 324
8315 56402 340
24640 29607 308
71985 27404 340
97760 30381 351
85635 24423 351
40907 12578 324
13307 16667 271
90447 83903 333
51756 34334 324
23535 16674 282
1077 29383 308
3248 91088 351
55450 98286 351
44529 65417 340
93401 55691 351
23342 1715 279
28445 47982 324
47673 429 324
75385 45432 340
47162 77372 351
86207 88068 333
89949 15865 351
4735 80395 351
99767 72842 351
31080 39654 324
5867 32157 308
69036 25467 340
39596 40838 306
23752 84124 351
22606 17152 279
56166 45948 340
35218 84610 351
93929 82891 333
1391 85665 351
28322 48552 324
63036 30880 340
52971 69336 335
46744 74057 340
66082 62863 330
63250 97162 351
2516 85469 351
45670 71551 340
10935 85265 351
12388 34686 311
85740 34994 351
51838 58257 340
80941 3407 351
42867 91221 351
2649 60609 340
76885 30971 340
25512 56273 340
78202 78482 307
25608 24946 264
68891 91690 351
87808 32140 351
5203 90323 351
17608 50872 324
78225 28542 351
52488 90613 351
79580 54579 351
41958 47769 314
12835 39250 324
51175 72053 340
30470 53824 340
32661 23706 308
1146 74524 340
79978 79347 307
69358 21938 340
20644 38248 324
29979 24803 308
70387 35181 340
31477 4347 308
2404 9702 262
49240 71243 340
16666 28819 308
42173 74975 340
76587 55007 335
14224 44114 324
43412 61045 340
14289 92424 351
84750 15434 351
66948 81080 351
11132 36305 324
3017 31776 308
74552 49347 340
72930 61290 330
879 4407 238
81988 19634 351
14108 31228 308
7228 47125 324
76398 49400 340
22099 69337 340
20758 36322 324
13450 64169 340
97366 27738 351
56593 98467 351
59523 23540 340
79546 70654 351
76196 98914 351
18781 67099 340
48260 91711 351
44740 65490 340
12469 26728 308
85123 26576 351
57955 92350 351
90052 50704 351
41749 12150 324
20040 62507 340
48471 33489 324
26675 62188 340
77578 99619 338
60654 37100 340
39510 40200 306
24106 15705 282
55465 59238 322
99155 3725 351
67300 43895 340
69214 79768 351
70622 70689 250
22695 44928 324
63038 12746 340
95631 21139 351
24895 15671 282
99997 89717 333
65511 43023 340
68256 59441 335
42642 28910 324
12892 98503 351
85461 53349 351
14208 40925 324
28939 13362 308
61001 96238 351
73608 46567 340
92358 60581 351
33607 31404 285
5508 12996 268
60502 17491 340
34134 1748 308
49513 50482 296
7817 15023 276
93505 76072 351
90815 52498 351
21333 3707 279
51000 6793 324
57055 81559 351
64070 85993 351
11273 41422 324
98583 84880 333
4340 7292 262
45461 37946 314
38695 67320 340
50942 99196 351
84810 1427 351
944 50674 324
68261 25112 340
65697 61765 330
1183 72863 340
30614 22516 308
76569 97965 351
45660 33624 324
79524 26081 351
35968 7148 324
83855 34550 351
8379 88194 351
58193 53839 322
42492 96888 351
37511 9785 324
12435 38672 324
27563 29730 272
89346 95823 333
54841 71394 335
73939 56024 335
44256 4552 324
94891 20825 351
18869 56902 340
70800 98392 351
82983 23119 351
5539 66837 340
57669 30269 340
71382 32213 340
84108 30225 351
29100 37970 324
56361 57887 304
76641 83924 351
3968 65986 340
79746 58809 351
37379 53685 340
31184 97987 351
74588 42426 340
18811 93456 351
99327 5962 351
8199 82309 351
29080 30089 272
65497 3100 340
60358 53231 322
35313 60817 340
83455 80764 320
98786 39816 351
38650 91778 351
40091 42618 288
74116 19836 340
17778 27846 308
89872 65313 351
25832 80812 351
7738 60994 340
90619 7064 351
66955 98818 351
5725 96035 351
45258 87573 351
99134 21967 351
40803 50798 314
82783 40610 351
31562 97920 351
96777 86563 333
89698 36867 351
45532 80165 351
73054 63309 330
8010 79278 351
28621 33842 285
76441 36358 340
94835 67059 351
59774 78142 351
82228 65498 351
74176 27486 340
53070 89661 351
65804 10225 340
56811 48587 340
50834 88372 351
62858 47610 340
91286 52555 351
828 36818 324
32719 73881 340
126 57081 340
69510 45099 340
90922 45950 351
97808 2108 351
13009 57581 340
80249 11588 351
39430 70776 340
55425 8852 340
76789 21229 340
19076 33599 308
86167 69909 351
38322 49024 314
33870 29607 285
1579 51049 324
66424 50649 340
41281 82902 351
7729 10791 260
44352 15002 324
56740 42159 340
17110 86100 351
16092 13710 271
14040 55521 340
838 69464 340
80724 77626 338
90692 99799 333
27576 76858 340
86059 65897 351
25882 19928 282
95503 43812 351
87328 78279 338
10812 28609 308
61180 34893 340
55751 21883 340
49894 28842 324
64041 83355 351
14942 96484 351
13417 28981 308
68357 14254 340
14796 49080 324
8231 21840 279
48879 35806 314
15049 34937 311
1702 57282 340
71217 13556 340
1093 58544 340
91834 28257 351
3504 69365 340
63149 59254 335
91247 29394 351
88096 71640 351
12749 19389 279
68123 42517 340
64721 36479 340
56770 79516 351
85559 65000 351
17707 50789 324
17157 32756 308
85725 18858 351
90037 73293 351
32413 7482 308
48189 40599 314
35738 51692 314
9963 15238 276
27298 17562 308
44631 15393 324
89201 57379 351
51133 73675 340
16247 15853 253
10154 73016 340
95368 12064 351
54367 29427 340
62852 71523 330
62182 64928 330
6732 52218 324
54573 39145 340
59699 2761 340
96095 11788 351
70804 22409 340
27025 98101 351
39970 71656 340
29845 45522 324
45386 80977 351
19197 61633 340
96829 45702 351
51000 8549 324
57765 5367 340
37975 36968 306
93241 16508 351
18247 99973 351
68725 72819 325
55469 44776 340
91931 51563 351
56563 62735 335
73971 83588 351
77187 30293 351
71595 23384 340
75814 16980 340
4360 11362 268
94964 17541 351
57063 45964 340
42441 31179 324
67682 96767 351
68146 60922 335
13274 86393 351
60894 98350 351
75563 16362 340
43125 67494 340
84276 16040 351
46580 74599 340
15979 40118 324
4891 87573 351
63501 97056 351
20904 84213 351
8418 15868 276
18105 81832 351
61831 76897 330
13011 29512 308
73663 97508 351
90433 3288 351
252 67679 340
17989 92167 351
84040 77466 338
59660 84668 351
93505 22591 351
59266 25835 340
62708 64156 330
13407 26209 282
77563 34310 351
10421 2332 262
50177 44877 314
516 28359 308
21773 13526 279
57870 11787 340
27385 64655 340
31426 43989 324
32333 49414 324
36155 32724 324
43231 95814 351
17391 36735 324
18404 76656 340
78921 97463 333
57163 92327 351
23671 34726 311
42989 50443 314
53409 9517 340
95319 53924 351
37876 33443 324
83801 12097 351
45229 11186 324
76751 76654 307
71526 9083 340
42420 7680 324
41807 85650 351
19845 59197 340
38737 54600 340
52205 17657 324
52062 9367 324
26336 75733 340
60444 69324 335
42527 13853 324
78840 54198 351
67776 33067 340
87640 67929 351
45164 49221 314
79114 21914 351
42226 50639 314
47349 997 324
74670 5507 340
86647 94514 333
81055 41735 351
49113 33259 324
59391 1174 340
42626 85726 351
93258 19421 351
71401 52137 340
33273 66593 340
6334 17401 276
16011 10325 276
85329 61174 351
75897 80794 351
99440 18123 351
47784 46788 314
19119 22453 274
68646 22117 340
33318 49700 324
63851 82430 351
82959 39594 351
99955 41936 351
41671 93213 351
77708 29424 351
45349 10981 324
96016 68034 351
44733 12026 324
94710 46413 351
89552 70607 351
43558 5343 324
5081 7693 262
68482 24199 340
46497 37127 314
62668 79814 351
86826 42870 351
78595 86136 338
82463 78549 338
28071 24134 308
88113 5779 351
53557 49813 340
33111 65924 340
17846 94195 351
94301 12556 351
56959 204 340
99514 516 351
5546 4594 210
8208 74027 340
45144 71056 340
11153 7811 268
50869 14331 324
50681 29463 324
466 49495 324
24363 44889 324
89980 12476 351
50667 59888 340
78640 129 351
25811 96486 351
10675 36464 324
25393 67633 340
53019 24906 340
84500 58565 351
29499 92707 351
48943 74642 340
80114 60096 351
98805 30982 351
74426 65837 325
76796 74891 307
15331 17510 266
19779 21663 274
46337 86797 351
81550 24977 351
3277 23713 282
37814 13951 324
76528 63206 330
97935 29546 351
4463 82434 351
88110 50313 351
91492 37053 351
41306 71605 340
13500 56462 340
18938 4277 279
22298 12085 279
79167 53981 351
29595 15298 308
75643 75931 294
18446 57192 340
17259 38075 324
97256 55072 351
68377 73783 325
34629 66312 340
3329 55443 340
65097 7790 340
