1 10 20
999990 999999 259
100 200 125
201 210 89
900 1000 174
18468 42 279
26501 6335 282
15725 19170 279
29359 11479 308
24465 26963 308
28146 5706 308
16828 23282 279
492 9962 262
11943 2996 268
5437 4828 210
14605 32392 308
154 3903 238
12383 293 268
18717 17422 279
19896 19719 274
21727 5448 279
11539 14772 276
19913 1870 279
26300 25668 246
9895 17036 276
23812 28704 308
30334 31323 254
4665 17674 279
7712 15142 276
6869 28254 308
27645 25548 308
32758 32663 192
12860 20038 279
9742 8724 260
779 27530 308
3036 12317 268
1843 22191 279
30107 289 308
8943 9041 247
22649 19265 274
23806 27447 308
6730 15891 276
15351 24371 282
31102 15007 308
3549 24394 282
12624 19630 279
19955 24085 282
11841 18757 279
7377 4967 262
26309 13932 282
32440 16945 308
11324 24627 282
21539 5538 279
2083 16119 276
16542 22930 279
31116 4834 308
29659 4640 308
9931 22705 279
2307 13978 276
22387 31674 308
28746 5022 308
19073 26925 308
5830 6271 262
15574 26778 308
16513 5098 276
13291 23987 282
18637 9162 279
24768 22356 282
15575 23656 282
12053 4032 268
1151 27351 308
21725 16942 279
3431 13967 276
30192 31108 254
11338 18008 279
12288 15458 276
10384 27754 308
8910 14946 276
9759 32210 308
18589 24222 282
24947 6423 282
13031 27507 308
29169 16414 308
32592 901 308
1656 18763 279
6360 17411 276
20538 27625 308
6484 21549 279
4042 27596 308
24351 3603 282
30837 10292 308
11021 9375 268
24022 4597 282
23200 27349 308
24485 19669 282
4735 8282 262
2000 54 182
27939 26419 308
3789 6901 262
468 18128 279
14894 3729 276
22484 24649 282
2422 17808 279
6618 14311 276
9515 22814 279
7617 14310 276
17452 18936 279
5250 20601 279
31557 16520 308
30304 22799 308
11009 6225 268
32610 5845 308
32703 14990 308
20486 3196 279
14344 3094 276
1588 30524 308
9504 29315 308
25201 7449 282
6619 13459 276
19797 20581 274
15282 14799 271
20799 19590 274
27158 28010 259
23623 20473 282
12293 18539 279
24180 6039 282
29658 18191 308
6192 7959 257
22889 19816 274
11512 19157 279
2635 16203 276
20056 24273 282
22647 20329 269
4887 26363 282
28434 18876 308
20143 29870 308
1417 23845 282
31999 21882 308
18652 10323 279
5700 10022 262
28477 3558 308
24390 27893 308
10713 5076 262
2511 2601 178
26870 21004 308
14689 17862 279
9790 13402 276
16424 15256 253
10586 5003 262
10286 24183 282
31427 27089 285
23758 28618 308
30933 9833 308
2155 4170 238
17190 25722 282
31330 19977 308
28693 2369 308
10556 21426 279
16550 3435 276
9513 7442 260
18061 30146 308
3754 21719 279
12424 16140 276
25997 16280 282
12530 16688 276
17438 22550 279
12950 19867 279
23196 194 279
20417 3298 279
16106 28287 308
16283 24489 282
25735 12456 282
11702 18115 279
20672 31317 308
12264 5787 268
24356 4314 282
20054 31186 308
10809 913 262
20946 1833 279
27757 4314 308
19559 28322 308
27983 23647 308
4145 482 238
20223 23197 269
2162 7130 262
20451 5536 279
10467 11174 268
21660 12045 279
26440 26293 246
20025 17254 279
29511 26155 308
20650 4746 279
8314 13187 268
28023 4475 308
14019 2169 276
9906 18788 279
7392 17959 279
3626 10203 262
4415 26478 282
25825 9315 282
25875 29335 308
20160 24373 282
28071 11834 308
28298 7488 308
8178 7519 252
32271 17774 308
2669 1764 209
13986 17193 271
8481 3103 262
7628 29214 308
4100 4803 215
2626 30528 308
1925 1544 180
29973 11024 308
14182 13062 276
27433 31004 272
27594 17506 308
13032 22726 279
143 8493 262
31287 17223 308
7901 13065 268
8361 19188 279
30975 22414 308
29171 14271 308
30834 236 308
25761 19712 282
4668 18897 279
12551 7286 268
13695 141 276
21625 2696 279
2126 28020 308
21695 26577 282
26303 22659 282
22467 17372 279
22594 4679 279
25485 23852 264
28465 1019 308
23153 21120 269
18088 2801 279
1927 31061 308
4758 9011 262
20316 32171 308
30228 9577 308
22759 12044 279
5110 7165 262
17087 7883 276
3488 29566 308
14475 29578 308
25628 2626 282
31929 5630 308
28521 25424 308
14963 6903 276
24597 124 282
13262 3738 276
32526 10196 308
8261 1265 262
8117 6203 257
20327 5031 279
30772 29012 272
25548 6412 282
21521 21154 256
14925 29791 308
21764 30189 308
20852 4941 279
13830 18663 279
17714 30901 308
17579 18959 279
13008 8366 268
1201 11478 268
6440 26059 282
12761 2304 268
2325 19358 279
5109 6478 262
14888 21114 279
22851 19802 274
22429 14461 279
27385 12994 308
6541 19406 279
28705 31112 272
32357 12836 308
29351 6073 308
14486 18824 279
23217 20557 269
9358 1627 262
13358 8527 276
23272 29338 308
29362 23870 308
13023 12897 201
10113 29618 308
18697 12718 279
24042 11586 282
24130 24424 251
4566 24230 282
8933 6560 257
29856 22297 308
16963 12054 276
29735 3585 308
16973 6655 276
14370 21458 279
2964 22533 279
2484 2608 178
11636 912 268
22849 10068 279
12939 4676 268
22143 2224 279
6512 23755 282
20176 22742 269
17826 21460 274
17871 3222 279
31935 1627 308
31784 15206 308
17399 23851 282
22702 22280 269
12735 12194 263
26535 1638 282
1994 5557 238
25706 10177 282
10549 6963 260
301 15882 276
16642 14414 271
24856 19856 282
11463 13143 263
30878 27612 272
32679 20425 308
18444 1753 279
12674 28297 308
9314 10041 242
20073 876 279
611 12819 268
14933 1018 276
30696 28113 272
23832 13170 282
26489 20041 282
19091 28686 308
2590 19498 279
15146 25991 282
19315 19354 186
26741 18652 308
11259 22045 279
8760 336 262
7606 11193 268
12182 25265 282
3830 28504 308
20609 23776 282
5998 29293 308
29557 17550 308
31628 25562 308
29542 6468 308
31241 26130 308
29175 27814 259
6078 20602 279
8684 20216 279
23993 8214 282
5602 25825 282
15760 23393 279
26429 2671 282
4085 28028 308
18787 10076 279
24971 15499 282
23848 6288 282
504 32605 308
22664 21222 269
2364 5707 238
22172 9011 279
18241 27490 308
25543 12165 282
20914 7620 279
6705 7592 257
9233 31819 308
25206 751 282
1540 4976 238
11423 304 268
11248 21099 279
13649 13585 183
17865 2972 279
11076 22914 279
28713 21546 308
18679 17547 279
15263 1770 276
13986 8520 276
15945 28290 308
18541 2866 279
25509 23246 282
27871 28319 259
28324 9602 308
24473 21133 282
25088 27153 308
29764 28571 272
17104 29902 308
3528 14424 276
26970 11601 308
5566 14016 276
21544 29 279
2089 25348 282
12638 2944 268
26464 22410 282
4682 5050 210
11343 1589 268
32061 609 308
1759 21222 279
20889 29955 308
691 14147 276
12844 7950 268
25621 21431 282
27068 749 308
20784 4537 279
32227 18036 308
7039 15186 276
25630 9854 282
15749 11225 276
3360 19924 279
24767 32258 308
14956 4945 276
32727 23319 308
21026 25412 282
31002 20356 308
9497 22550 279
9516 18585 279
23343 17965 274
17914 8076 279
31197 16143 308
25073 21949 282
14607 20427 279
24430 26174 264
6706 32405 308
29813 20627 308
30094 19376 308
16037 16566 266
29142 14737 308
5995 30815 308
6653 8257 257
30839 23937 308
1356 20483 279
1132 21016 279
17842 18231 248
2012 14626 276
4187 32638 308
1651 19691 279
21635 5663 279
10354 10894 255
13453 21417 279
7263 14009 276
5455 22234 279
16635 16304 266
14257 26304 282
11125 149 268
4214 12318 268
24029 27110 308
21081 29201 308
16859 21319 279
24156 24051 251
15265 31362 308
3677 11904 268
26910 29644 272
3562 14903 276
24949 28490 308
13654 1283 276
2221 30675 308
6924 5403 262
19370 3832 279
20260 3879 279
22620 19009 274
30004 23972 308
9782 21946 279
12393 26505 282
25314 32686 308
5590 6699 262
5939 12723 268
6411 19038 279
6235 31462 308
9962 12509 268
6494 3960 262
25270 1516 282
28870 24938 308
14701 59 276
26265 13972 282
16216 15118 253
7816 24556 282
3040 18331 279
29289 30213 272
1955 28083 308
20711 16086 279
24775 24485 264
29816 8381 308
6542 25952 282
1680 18116 279
25899 17111 282
789 23074 279
18133 23978 282
28690 29957 272
10009 26114 282
15791 12942 276
21364 1724 279
25185 29 282
7201 24779 282
1886 5072 238
1072 21975 279
22868 11334 279
14296 26154 282
20826 32169 308
15630 9677 276
2599 28651 308
4694 3310 238
30081 4687 308
12250 10117 268
1529 26668 308
7865 26680 308
8406 29422 308
6817 8827 257
27727 7517 308
29088 28667 228
19965 27682 308
5687 1341 238
11663 6022 268
6065 14722 276
20416 29310 308
29874 17903 308
23942 17125 282
31763 32746 267
27532 28424 259
12269 4807 268
5603 9319 262
24308 31908 308
1013 23482 279
26631 21137 308
26810 24115 308
23557 4085 282
21294 12291 279
29153 29997 272
25346 1055 282
249 14709 276
13713 7492 276
30115 5132 308
7959 16440 276
29705 24723 308
1053 6996 262
7480 25270 282
26424 18239 282
10867 27919 308
32499 17660 308
21197 28487 308
26634 7463 308
12023 12159 250
18393 1147 279
3926 13038 268
29459 10648 308
30808 6603 308
27831 4099 308
14601 29293 308
20800 7279 279
20449 18353 274
541 13883 276
4576 28316 308
9568 8763 260
18398 22337 274
19898 31419 308
13852 25829 282
24231 26817 308
16926 4450 276
230 659 145
10941 24521 282
15148 29561 308
1656 25163 282
793 20676 279
31755 22362 308
23147 16399 279
26947 8715 308
19570 21189 274
27664 8639 308
24516 15076 282
476 11522 268
20529 15616 279
12571 13235 263
9465 906 262
28963 19558 308
30525 14162 308
17470 12550 276
31924 331 308
14334 28351 308
10911 22926 279
16337 19738 279
1279 18338 279
7637 12394 268
28165 30715 272
19950 31592 308
2506 19136 279
10005 13338 276
2624 16338 276
9971 28665 308
30569 25609 308
7086 19282 279
18374 9153 279
8195 28653 308
23827 9877 282
7573 28397 308
14641 6250 276
18820 29175 308
32612 944 308
20290 1942 279
5566 8420 262
7586 3806 262
31451 16217 308
2610 1616 209
9167 11065 268
16075 16894 266
30301 13510 308
9574 19696 279
13162 15590 276
17969 31173 308
26032 27359 308
19427 26269 282
10423 28511 308
8780 30775 308
23553 30911 308
25392 4183 282
5765 15496 276
1365 875 182
28256 14903 308
475 4461 238
26822 6973 308
25548 26123 233
9790 21578 279
30196 25606 308
7951 27595 308
755 16344 276
1013 2482 209
23440 11673 279
5913 13429 276
5968 9763 262
4416 24409 282
17224 1909 276
26435 11760 282
29487 5205 308
959 4320 238
26807 5946 308
18701 8167 279
17693 11368 279
28533 21788 308
30975 30557 254
5022 3448 238
26223 18284 282
2377 29332 308
26949 28584 259
17983 12724 279
14777 22019 279
31112 9221 308
23857 32183 308
8926 19491 279
6487 4325 262
15970 19678 279
7535 11644 268
22669 15678 279
21992 31069 308
7784 32197 308
7728 16829 276
15872 29427 308
17613 10698 276
11028 18704 279
5546 11409 268
7186 9509 260
24238 30239 308
21314 26444 282
8851 22502 279
2112 25129 282
28150 23651 308
1455 11193 268
682 15870 276
20268 27466 308
19794 17714 274
25473 18635 282
22831 20973 269
28443 24902 308
13878 5178 276
703 25771 282
1382 14365 276
8824 16591 276
8024 2238 262
16596 32180 308
2328 20170 279
31311 12043 308
11059 28183 308
9488 7927 260
32529 1671 308
2259 5652 238
9861 7214 260
21287 25784 282
8611 2743 262
7129 4473 262
5842 18435 279
3504 20719 279
24866 14868 282
1882 10939 262
22751 9258 279
18599 28615 308
2662 28459 308
32757 26064 308
20279 20808 243
19436 19490 199
32076 6366 308
1387 7587 262
8361 7834 252
26049 13331 282
29493 8929 308
23841 12434 282
1736 6767 262
11600 19811 279
21893 11838 279
7329 31983 308
11370 29353 308
21795 31245 308
9253 6609 257
17433 11648 276
7209 9536 260
3498 3265 181
27650 23244 308
26842 22016 308
16101 190 276
30649 19813 308
19852 9524 279
28634 24475 308
27201 29892 272
9991 19855 279
4920 25698 282
22579 17781 274
32545 12932 308
13488 3341 276
22526 900 279
5539 8484 262
6194 7493 257
25012 28253 308
15835 1561 276
31498 1841 308
18530 2786 279
18806 31541 308
13393 28792 308
13550 13211 276
26980 21579 308
9278 30972 308
20194 74 279
21498 1621 279
31277 13827 308
6583 19791 279
11160 13579 276
26490 20419 282
3450 160 217
9073 12925 268
27009 10381 308
10209 27968 308
18504 6478 279
32608 15371 308
12075 14197 276
12612 13723 276
28762 19020 308
12891 11057 263
16684 31164 308
19933 13717 279
2742 25453 282
6814 4955 262
10397 2863 262
20616 15461 279
2600 10905 262
4681 20137 279
27033 9199 308
32585 14388 308
3518 7241 262
8671 17007 276
18883 242 279
3524 25250 282
12106 31759 308
17096 29622 308
9917 7297 260
10179 15679 276
25059 13580 282
12751 27578 308
23730 14008 282
2996 24082 282
24677 2679 282
20900 27754 308
15566 11785 276
13609 3094 276
11244 6173 268
7515 29930 308
5056 10169 262
5974 11192 268
6749 8923 257
10987 5652 268
16447 2145 276
26518 31578 308
29917 14630 308
15792 5875 276
22913 15470 279
30694 8147 308
9816 9092 260
26858 26950 246
26053 20641 282
8552 237 262
31227 9488 308
16956 28163 308
8395 23184 279
16098 30181 308
27066 3066 308
9262 2514 262
21079 12579 279
14141 16879 271
31948 4612 308
171 2446 183
13490 29976 308
6150 24751 282
13866 3334 276
17283 22215 279
27433 27008 259
16368 8897 276
4883 28523 308
17642 31811 308
2188 7232 262
6480 6706 244
6539 6322 200
19448 31352 308
9647 24209 282
25760 22277 282
30423 30190 241
8487 27667 308
2029 3456 217
4861 29615 308
11778 29254 308
12504 31349 308
22432 10862 279
12456 29083 308
22107 14198 279
15822 8753 276
26282 17297 282
24456 26022 264
27125 15948 308
9136 18319 279
1775 11377 268
24999 29860 308
9254 12075 268
10636 6923 260
28889 1644 308
13233 8154 268
28681 4748 308
25679 19927 282
14802 6451 276
14200 24962 282
26364 20856 282
10574 5717 262
23246 31562 308
28275 6474 308
24354 1551 282
4288 1182 238
18111 2700 279
17466 18644 279
2530 7173 262
2113 9982 262
4382 13477 276
26891 8248 308
8806 16672 276
30033 32373 285
9321 3990 262
15432 23166 279
11294 9659 268
26579 17207 282
2207 16949 276
18167 27172 308
16698 3397 276
23695 31021 308
14789 15530 271
17985 30110 308
28979 11970 308
4016 21618 279
3685 16627 276
17907 9169 279
12098 25929 282
24391 28119 308
11786 15200 276
19200 14487 279
20711 12421 279
15814 18272 279
6086 27416 308
3581 319 217
7268 1332 262
13445 8388 276
14508 23187 279
17828 4361 279
26432 28075 308
30272 7153 308
4694 10269 262
338 19886 279
17605 31312 308
407 12678 268
29023 7769 308
5001 19414 279
17538 543 276
21389 30039 308
13290 7356 276
3182 31648 308
16585 13094 276
10762 10988 268
8218 20494 279
17483 9502 276
15666 29448 308
22105 10754 279
19096 15085 279
30222 13526 308
21782 3965 279
8107 4873 262
3344 3657 194
27081 22594 308
14869 16081 271
13714 21412 279
3252 20969 279
12080 27217 308
17041 28769 308
12934 31532 308
20664 23780 282
26654 12260 308
2096 27937 308
11875 24366 282
26836 7721 308
8977 25681 282
5726 18456 279
24809 4072 282
9157 13560 276
17833 5603 279
10441 7906 260
21563 7376 279
21963 22886 269
1837 21081 279
31203 10798 308
10081 10509 255
12077 5341 268
31494 9059 308
8547 7741 252
24774 20475 282
8881 19098 279
11073 23336 279
708 23401 279
20667 22956 269
23589 4142 282
17169 12482 276
19397 28316 308
1010 16226 276
18137 22013 274
18763 11456 279
743 25044 282
17923 22 279
9249 24513 282
27369 26019 308
9715 23718 282
13291 17651 279
12760 3336 268
21896 3170 279
22641 5304 279
24200 21980 282
24792 29106 308
8682 18662 279
8754 3653 262
32030 24034 308
7043 15988 276
20084 26254 282
15815 11421 276
12245 32719 308
7230 31064 308
18865 20653 274
30471 4770 308
21048 15006 279
21488 1595 279
3277 24327 282
6541 21324 279
23991 7680 282
24711 32589 308
17946 29272 308
28471 29222 241
23590 20184 282
4979 23956 282
5007 24780 282
20136 13263 279
27197 23488 308
2089 29034 308
19780 12936 279
14791 15994 271
18966 24963 282
19106 11002 279
24568 11808 282
3135 2670 217
1458 32672 308
3546 12999 268
14219 13598 258
14845 8839 276
8564 7373 252
29265 21029 308
14724 28802 308
7605 13491 276
24228 31602 308
23693 11198 282
20364 19772 274
22364 29302 308
3566 7722 262
23446 17422 279
496 18611 279
15023 16742 271
29152 31813 285
8056 23016 279
8739 3394 262
19883 15280 279
