140836 73170 354
57585 77308 351
114851 92787 354
16299 95257 351
87884 73515 351
22213 12254 279
35161 10481 311
18873 145182 375
39503 10356 324
8727 3255 262
57009 128903 354
54846 115068 354
13121 60937 340
14071 87978 351
20214 95535 351
53563 49178 340
61530 7345 340
30149 118130 354
56650 28990 340
74210 97671 351
55345 31356 340
64565 84180 351
67326 736 340
22151 148656 375
84913 110934 354
71420 37758 340
55397 106446 354
125984 82854 354
132295 105331 354
137744 11708 354
7812 65241 340
107573 60250 354
130801 98018 354
67706 143759 375
7972 19278 279
101663 34787 351
117344 87421 354
149607 35014 375
126158 21185 354
21836 138452 354
51702 93573 351
32003 48919 324
46925 42308 314
52825 11177 340
78856 10423 351
143724 127811 375
38911 135903 354
68742 58887 335
42717 132667 354
70148 144311 375
116500 26038 354
95046 128497 354
16461 55105 340
127055 26487 354
81309 93785 333
86619 15855 351
133443 8324 354
100192 24276 351
98526 33933 351
146717 13078 375
51499 91545 351
73536 111557 354
36043 33973 324
132 9669 262
81251 99054 333
85447 7518 351
5854 41853 324
141481 18867 354
19309 121709 354
116032 5805 354
77439 98010 338
60057 76244 335
92155 88632 333
1769 51081 324
64650 56205 335
9137 147235 375
143266 142972 282
59680 20996 340
24572 37919 324
50402 2391 324
93415 138624 354
72950 121992 354
135590 87044 354
122878 133919 344
86644 148356 375
125279 85483 354
15592 135370 354
11577 62280 340
125923 25908 354
141296 34332 354
33318 93688 351
147640 37859 375
13809 13397 245
415 31157 308
143318 74241 375
805 56593 340
23292 137780 354
145319 135417 375
39824 1056 324
46536 50457 314
136053 142636 375
130544 139989 344
132300 85148 354
66799 80702 351
119263 141278 344
79802 143472 375
42775 104899 351
105638 52795 351
29853 100183 351
4147 141484 354
60301 24687 340
96047 30744 351
29607 91967 351
21180 48804 324
120896 27030 354
25899 84004 351
94709 122822 354
56951 33966 340
15407 106723 354
106159 112938 354
133474 30904 354
80571 131481 354
2079 148800 375
47824 100814 351
64746 79080 351
894 31053 308
59638 40270 340
114374 76015 354
133371 55749 354
63977 88639 351
1530 21961 279
88812 138036 354
147527 3881 375
19496 65371 340
53157 105142 351
129325 122977 331
142320 37414 354
73671 66282 325
145828 144277 326
76713 56289 335
14331 105545 351
25253 104332 351
134499 128113 344
41645 144714 375
14477 14745 271
8580 59420 340
132034 126412 344
88750 63134 351
5264 75047 340
38646 107489 354
85410 56774 351
101438 59990 351
96062 111261 354
67521 119128 354
62936 8181 340
4837 67527 340
135428 113169 349
18332 36605 324
84873 96988 333
147209 11550 375
138369 96401 354
75967 41393 340
25180 79941 351
89781 27317 351
118964 114597 349
57462 102338 351
87179 62696 351
133381 25518 354
9744 116417 354
64734 147064 375
88481 58116 351
57112 11668 340
39946 37474 306
148342 125347 375
21388 62163 340
148365 80367 375
132601 16126 354
43919 121504 354
28828 91352 351
38150 129006 354
99877 48087 351
39484 63651 340
7122 116881 354
28471 47036 324
114425 93302 354
25938 132364 354
107025 11094 354
130742 114061 349
24177 3169 282
116521 92212 354
73936 36922 340
95805 38303 351
74300 114167 354
36600 116718 354
23398 40199 324
28659 52924 340
66554 42832 340
33548 52312 324
69180 49268 340
109399 105396 354
51854 99695 351
136929 17945 354
52654 116112 354
149764 47845 375
136428 135841 313
2775 122722 354
137178 37173 354
59277 46372 340
48572 61486 340
22974 116095 354
27214 51368 324
68370 39699 340
97397 94917 328
16537 94069 351
61869 100949 351
133608 117707 344
111010 86865 354
88271 114211 354
64827 28820 340
79014 34497 351
117264 37096 354
108292 106579 323
9212 120841 354
5298 126514 354
114045 88135 354
148580 112391 375
109400 148061 375
106167 92744 341
112282 105273 354
124137 52414 354
10842 73288 340
34209 119364 354
28218 94879 351
129295 53758 354
113899 39304 354
31790 136211 354
107008 50487 354
38822 2153 324
46059 141288 354
41438 34124 324
39364 114296 354
41551 22554 324
107817 28812 354
41396 103550 351
8702 62753 340
105742 26439 351
87221 127393 354
50259 107188 354
94537 44767 351
148070 82926 375
130580 7359 354
103298 37618 351
145985 142789 326
105040 31465 351
11196 136472 354
82536 78950 320
581 39331 324
74003 29500 340
24675 92088 351
12847 95082 351
59669 148033 375
119260 54803 354
113667 7524 354
135428 29822 354
144020 100802 375
75768 50263 340
135865 50877 354
32373 65552 340
72838 140516 354
143461 133000 375
73601 28348 340
36305 80517 351
45731 97036 351
25652 43601 324
59899 29253 340
138811 99935 354
149794 15580 375
73 128328 354
42697 62022 340
54135 19110 340
131006 147887 375
85241 51021 351
127742 109974 349
19803 148161 375
32884 65433 340
71738 147832 375
18159 30024 308
45471 4620 324
136658 3497 354
86454 140172 354
3925 104439 351
99117 75777 351
40425 9975 324
135287 140457 344
15433 125594 354
36881 125345 354
56524 35272 340
146700 34915 375
118375 46927 354
62361 84089 351
86430 28151 351
65443 59821 335
21867 92097 351
144581 52592 375
28151 5724 308
83484 96547 333
134598 83587 354
20135 119077 354
88368 11238 351
64988 82825 351
91673 129939 354
126836 88771 354
50081 74690 340
127606 83439 354
26167 119018 354
106001 93437 341
40649 99635 351
51939 138301 354
5911 24969 282
111703 129748 349
56086 21961 340
57531 107032 354
143632 132155 375
19055 52590 340
146488 96269 375
134058 106685 349
27675 142088 354
19270 80366 351
83266 115520 354
115067 120563 349
35604 74621 340
133962 33521 354
83305 92689 333
92095 1179 351
140985 62246 354
81978 84844 320
144642 114533 375
64871 112865 354
63400 48485 340
116537 124657 336
80487 14831 351
92069 18745 351
141621 100250 354
21162 1848 279
89683 10839 351
134335 24756 354
30209 3947 308
55781 79112 351
24625 7828 282
12732 113243 354
92931 78090 338
106993 12365 354
106176 23540 351
16180 93696 351
91523 145700 375
109575 17793 354
103089 132592 354
42803 122738 354
109497 90910 354
57429 115637 354
149399 94155 375
138870 25334 354
125042 144792 375
99464 32886 351
4549 66177 340
128795 104880 354
70683 53211 335
75072 140282 354
63939 15802 340
53205 90426 351
50371 123036 354
112751 19090 354
9929 83990 351
6294 44458 324
117837 141672 344
97338 52280 351
12434 44191 324
114739 115534 305
122315 129432 331
3622 68592 340
142714 111468 375
62499 42352 340
83716 5500 351
11035 47944 324
79088 125466 354
62575 125107 354
141550 133825 344
125092 148025 375
110852 63219 354
148755 7253 375
94051 56285 351
124701 16085 354
5001 131432 354
136459 133566 344
17488 33679 308
28163 52537 340
55700 32712 340
54071 4013 340
67201 52946 335
73351 4970 340
18778 80937 351
47494 65711 340
19878 91016 351
83563 64313 351
50325 24107 324
25966 18969 282
110913 147184 375
114738 33617 354
123840 131642 344
55410 28635 340
60245 134386 354
136036 66981 354
31478 34906 311
37706 138908 354
149384 13215 375
25095 39332 324
148678 20635 375
83742 106210 341
30593 122179 354
58518 34119 340
73265 116228 354
60891 12169 340
137818 126565 344
19182 50399 324
146954 73033 375
143468 42104 375
51486 120995 354
87851 25369 351
138420 17830 354
89953 81314 333
104892 96200 341
138783 90907 354
94551 60483 351
149915 141520 375
47809 12056 324
1195 39830 324
128092 149072 375
64637 44873 340
77826 14160 351
26292 37779 324
147851 52296 375
146252 110107 375
110607 113656 323
26750 108648 354
7859 2879 262
111536 15889 354
147440 117826 375
92308 28802 351
31090 4006 308
110208 57757 354
75260 126346 354
117758 83722 354
16136 73283 340
112713 6460 354
123500 100709 354
44520 13410 324
61721 130507 354
12663 78471 351
127852 50788 354
11681 143431 375
1207 80570 351
97018 66078 351
112250 126944 349
31449 56046 340
23467 102263 351
4146 134652 354
83829 105741 341
129025 86136 354
127340 110083 349
30979 113960 354
112046 29081 354
144734 40128 375
136869 50728 354
98498 7327 351
138842 37931 354
121735 49353 354
53459 27147 340
56149 29341 340
75965 133366 354
56194 26162 340
61541 87211 351
122501 26803 354
10415 27685 308
88522 8355 351
124186 77618 354
100415 33631 351
116539 49326 354
110683 121151 349
71749 134529 354
147294 21689 375
15931 44033 324
57012 12866 340
45596 8213 324
38451 23057 324
64397 48984 340
73635 64403 325
81380 59622 351
106509 11796 354
26304 19190 282
54444 5536 340
60982 32804 340
22528 108342 354
137399 122202 344
46130 39094 314
20893 15626 279
29858 84407 351
67284 111851 354
115260 129287 349
8085 14045 276
43145 9024 324
84254 65562 351
108321 48979 354
128493 31244 354
149630 47044 375
84155 70085 351
19003 135154 354
16789 112927 354
107356 7409 354
127126 13920 354
107527 144118 375
136433 72569 354
140880 30510 354
32649 16731 308
29507 7756 308
85043 35703 351
115962 110381 349
142691 94673 375
12831 16137 276
124724 86928 354
106251 95384 354
34500 100148 351
108044 31982 354
49227 71652 340
1029 21541 279
69996 92196 351
27007 49429 324
11235 12048 250
124365 109459 349
39679 85735 351
12286 123379 354
113145 40118 354
13996 43611 324
54370 143359 375
19457 42518 324
27804 86535 351
19289 73842 340
21806 24793 282
57218 19399 340
60987 2234 340
103232 8227 351
57596 76106 335
129149 61447 354
41274 67619 340
120621 121480 274
124248 2562 354
81920 83234 320
60252 132207 354
75681 107440 354
104574 135594 354
141164 131248 344
128217 53156 354
5676 24007 282
79919 74631 351
37361 38177 306
85338 103235 341
143408 67778 375
70268 4534 340
133349 133662 300
6904 52824 340
76644 10882 340
6601 53632 340
43517 127917 354
78784 135142 354
5982 3150 238
51723 86757 351
30002 10843 308
120481 83820 354
60743 20971 340
128138 129938 331
127502 46193 354
138107 79556 354
60379 87093 351
88975 46797 351
55628 69649 335
138785 8640 354
144422 138037 375
137159 28213 354
16490 5751 276
88936 9534 351
52247 97338 351
134061 124852 344
35753 5130 324
146325 46515 375
68608 101986 351
32083 128191 354
17883 81834 351
136770 107057 349
77187 128544 354
45785 74306 340
142260 119873 344
5546 40882 324
8038 40100 324
145316 141461 375
4202 38212 324
3688 135116 354
112560 31496 354
98440 129212 354
122965 114113 349
12299 149692 375
66041 86527 351
45070 115424 354
144270 119408 375
49541 62349 340
142877 122134 375
21135 12776 279
87443 93076 333
47718 35568 324
135177 72293 354
124261 78805 354
140017 22473 354
89317 103347 341
49228 39436 314
51520 133231 354
135384 50437 354
27383 98092 351
80583 148776 375
18991 141739 354
52267 70008 340
1813 117133 354
121389 19117 354
112403 4533 354
66429 142270 354
70842 130591 354
53651 69675 335
54319 146888 375
111012 126105 349
32163 20632 308
135712 12490 354
83066 61891 351
87976 137737 354
52444 139287 354
118366 147856 375
60170 115090 354
111156 105190 354
6953 131348 354
131974 96999 354
1162 50413 324
118100 19073 354
84842 113475 354
37864 24073 324
8532 113153 354
74438 117961 354
139957 5167 354
25984 124438 354
76120 100602 351
139033 78113 354
132287 76417 354
80897 91306 333
38371 148283 375
39519 113532 354
55379 110872 354
15662 127898 354
6200 79058 351
27614 100788 351
67033 111903 354
53947 146917 375
83258 51046 351
82667 141211 354
83999 62636 351
72736 135972 354
8463 130602 354
21629 674 279
23188 41773 324
76837 28331 340
56190 117081 354
44832 28128 324
113527 46730 354
40663 114632 354
104401 12169 351
42126 101208 351
55052 74808 335
95649 48161 351
95588 105610 341
54663 24454 340
75894 19058 340
86259 106056 341
40003 95670 351
108010 80144 354
40445 119279 354
131919 72504 354
8079 25984 282
81449 135062 354
45578 68865 340
133830 40166 354
134569 75383 354
101993 107955 354
66246 113521 354
66318 84770 351
67413 118482 354
4046 48492 324
52430 19910 324
23935 4837 282
142392 20930 354
81427 82765 320
129409 57693 354
129392 53299 354
79626 35125 351
115968 40241 354
13295 50591 324
97278 51144 351
120997 101327 354
37761 33417 324
93211 34432 351
96918 106108 341
130099 103152 354
130037 37665 354
8538 134507 354
38630 64273 340
28099 143795 375
39964 136048 354
126642 137417 344
42959 865 324
71059 146714 375
129208 147093 375
14043 72889 340
122133 136530 344
147271 15733 375
102764 59500 351
44033 112518 354
147564 22659 375
99440 132458 354
48640 54025 340
92175 125718 354
5821 128414 354
141830 131579 344
44298 23914 324
44564 59799 340
53999 89494 351
12895 100725 351
95701 9911 351
113266 143170 375
100957 145064 375
113348 31133 354
100429 46947 351
44201 9226 324
143206 36123 375
118402 107154 349
70353 85241 351
12688 142235 354
94215 127890 354
84118 110320 354
78256 54753 351
43404 71805 340
29523 806 308
52976 112825 354
46028 17242 324
117975 72927 354
39195 125806 354
29344 88075 351
50025 88447 351
28522 145678 375
41878 142840 375
139324 87662 354
51774 100757 351
126514 110766 349
116986 35807 354
145368 99445 375
36962 42296 306
28510 130461 354
47008 59157 340
20251 41674 324
57600 147155 375
74574 26212 340
64355 93031 351
25296 91347 351
47123 9030 324
81173 5767 351
56289 48590 340
6610 74193 340
126426 50735 354
70952 82546 351
137192 65146 354
90302 121166 354
61428 104676 351
120509 4571 354
98186 21350 351
42644 128348 354
45589 39029 314
92284 110645 354
34201 16105 308
130342 106298 349
61551 76604 330
117649 126344 336
55146 90369 351
77943 116400 354
108537 135150 349
125271 113419 349
110422 145687 375
86525 83023 320
18027 127256 354
113405 64317 354
40660 39519 306
143552 116067 375
148655 68980 375
59141 71013 335
127280 29926 354
33288 34755 311
29121 94356 351
110127 82695 354
3351 54132 340
80577 21405 351
144288 115651 375
137186 100127 354
95144 28906 351
66186 20684 340
140762 97417 354
73763 8117 340
78483 77363 307
24193 60292 340
14819 107221 354
30764 44584 324
129629 7780 354
49064 104817 351
149086 35074 375
6614 48533 324
31930 130333 354
121555 23117 354
136945 129348 344
22894 96384 351
100273 36871 351
80807 62009 351
33829 98394 351
46067 45623 239
140556 16853 354
106348 133585 349
14836 132827 354
130885 2660 354
23940 133685 354
113740 133642 349
59017 9211 340
29048 113865 354
78600 82718 338
51249 2757 324
116643 144421 375
4494 138003 354
1399 122753 354
23818 67723 340
88865 110607 354
13632 15144 271
50560 116410 354
98374 104496 341
141254 93963 354
5462 132763 354
56665 89982 351
37318 25170 324
81766 6626 351
145993 79253 375
58069 41404 340
63535 2424 340
18631 138713 354
119079 31451 354
92332 42638 351
46245 144293 375
76945 72045 325
50287 94620 351
68630 62375 330
102417 46740 351
64846 76456 325
125024 94498 354
39343 112659 354
17788 73547 340
31610 4779 308
7950 7950 53
21204 138140 354
113745 39882 354
39827 33684 324
45085 148621 375
141797 71649 354
57406 34363 340
8105 112487 354
110307 142311 349
69825 36414 340
75731 53217 335
29551 66886 340
105082 32396 351
147052 7192 375
27424 35146 311
92471 87083 333
125483 19847 354
27595 84080 351
10683 149087 375
103834 149450 375
72323 38813 340
66261 148669 375
132279 42913 354
147373 80434 375
110065 68460 354
109748 27172 354
56142 147627 375
37501 93210 351
92053 110542 354
117426 69553 354
115064 103444 354
60052 42166 340
74435 29765 340
87788 107997 354
140881 122875 344
88848 137200 354
35501 77742 351
7906 47144 324
6710 93803 351
113730 42929 354
112396 68432 354
16292 58797 340
120552 135511 344
120668 58007 354
99016 139724 354
27622 114898 354
143207 6268 375
33074 37758 324
127610 40140 354
3516 135111 354
31383 133283 354
92970 94330 315
43313 100117 351
130622 77300 354
131182 105693 354
54763 46328 340
6457 83991 351
28261 77229 351
89347 134647 354
122721 47378 354
9813 39881 324
8331 47903 324
109328 104022 354
4919 97513 351
66373 46287 340
62191 127298 354
149489 32954 375
17114 76139 340
4656 137478 354
69262 27974 340
73107 61868 330
36012 30780 324
69227 49012 340
47546 6200 324
2213 144881 375
114671 38126 354
65680 66154 268
84791 104300 341
52025 142982 375
70725 15019 340
65880 115251 354
11144 129329 354
38195 36067 306
50742 73895 340
13008 138660 354
130566 76338 354
32408 52267 324
72362 9424 340
76279 124972 354
105481 78289 341
37024 132840 354
121674 57632 354
67406 32803 340
36604 52300 314
74069 61456 330
2179 87095 351
43878 39804 306
19788 45674 324
104001 100484 310
56946 53923 322
84533 12820 351
116521 748 354
5619 142125 354
76008 14825 340
58657 88162 351
5316 49214 324
49194 136896 354
33623 79434 351
63778 86263 351
102799 32517 351
2184 66425 340
3170 5361 238
15844 117917 354
71519 104143 351
144191 17392 375
128593 15890 354
116914 5082 354
144685 113384 375
26791 111880 354
94586 93770 284
41724 24923 324
149952 40001 375
39638 137021 354
9592 103267 351
136385 92427 354
55700 72233 335
43605 129395 354
149496 145070 357
