1 10 20
100 200 125
201 210 89
900 1000 174
55 200 125
1 1 1
100 130 121
1000 5000 238
5000 10000 262
10000 50000 324
50000 100000 351
100000 150000 375
100000 300000 443
100000 500000 449
313115 231905 416
300219 53220 443
136762 366484 443
41661 483699 449
397119 76671 443
762558 846445 525
158991 455677 449
686352 165279 470
888714 133162 525
722810 517165 452
191462 252343 443
664751 503363 470
619489 661070 429
741427 873407 525
824145 960382 525
760015 726119 424
826866 872299 525
51526 999844 525
668863 275479 470
270740 88184 443
621747 671215 429
865224 726767 525
761130 48705 470
513994 180815 470
197833 3956 383
404702 758338 470
655130 697211 442
169739 20070 383
370861 770918 470
220565 195256 386
197048 962883 525
449452 864660 525
41245 199944 383
918870 20898 525
226018 916113 525
689265 28604 470
25482 206672 383
203388 394857 443
514510 318504 470
598010 91812 470
938049 502269 525
492860 452963 444
935752 230492 525
827035 291174 470
551096 42172 470
760970 233045 470
549920 788508 468
877070 807387 525
59970 74632 335
294627 294423 296
614928 854198 525
781272 86264 470
505521 679118 470
431400 865056 525
335248 914854 525
96101 253919 443
396912 966447 525
429966 588337 470
760972 33831 470
483790 443556 444
80011 42075 351
562609 348622 470
367632 31726 443
263324 132881 443
530359 760064 452
589518 675482 447
475647 838623 525
27145 587518 470
562787 540284 452
472306 872143 525
771256 896671 525
831972 458946 470
238643 543504 470
351433 762805 470
843220 832002 525
358869 94750 443
986940 868914 476
750428 948447 525
144455 489977 449
555250 246132 470
965014 96334 525
270829 138043 443
609531 62774 470
685757 535980 452
556167 77034 470
312961 618748 470
772835 429157 470
265513 886212 525
653054 156848 470
137971 540720 470
749087 461077 470
789906 527219 468
346167 822507 470
160818 406996 443
618136 830994 468
107298 607241 470
241555 560071 470
326828 833604 470
451288 19122 449
424352 113117 449
897301 956101 476
300032 319638 384
156442 917669 525
458909 392138 449
336818 490023 449
437443 105293 449
277740 944627 525
534520 781777 468
286147 190150 443
224176 481522 449
870955 693074 525
427435 149492 449
706735 65067 470
676957 785062 468
445942 801752 470
910402 752352 525
95603 46188 351
244312 716651 470
441562 64589 449
217902 459604 449
203499 437614 449
733037 803668 468
897514 977030 476
349518 993134 525
831335 474426 470
342974 743375 470
495369 190709 449
47137 320688 443
601486 510989 470
208788 110300 383
520198 729736 452
938944 47469 525
821167 641668 468
669062 506013 470
381226 926155 525
963005 351781 525
450584 224473 449
59698 646936 470
41106 23082 324
73158 950751 525
305690 380582 441
459425 837954 525
412382 892221 525
103798 717832 470
751319 876752 525
702982 308496 470
362402 736164 470
779961 333930 470
37854 583156 470
291117 200867 443
444910 465079 444
66443 204490 383
68760 329603 443
959415 935180 445
838629 213472 525
168866 52371 383
872706 138098 525
596780 694176 447
358647 55208 443
581882 912144 525
318663 588868 470
557791 596321 434
420166 820386 470
242636 684972 470
410486 991211 525
797026 244813 470
125983 605046 470
192895 990431 525
384015 64237 443
490 497246 449
950904 233788 525
187451 580991 470
122258 182433 383
46571 840818 525
386434 628891 470
255628 285224 416
903113 153508 525
591802 341393 470
89603 468295 449
335742 351443 441
369441 437836 449
254531 107773 443
284711 558691 470
519806 578441 452
97875 708171 470
225466 549086 470
480138 372352 449
631342 836924 468
25393 910987 525
834213 47116 470
270008 113457 443
814944 300708 470
643284 339112 470
660691 967163 525
185694 887491 525
366866 489888 449
174181 535070 470
875887 288918 525
587633 578546 434
970322 837899 476
955861 193599 525
613937 409731 470
262315 81910 443
496662 120355 449
769578 679458 468
685256 249983 470
754232 755401 318
317624 572358 470
356770 330986 441
217124 20742 386
371205 980744 525
679242 328380 470
402758 607731 470
839516 78835 525
605514 973741 525
613332 606933 412
841353 295599 525
854094 168250 525
11385 257114 443
398305 365278 436
632822 838928 525
956873 338160 525
482000 644955 470
563100 15073 470
690545 753463 442
115186 821705 470
821487 318960 470
708138 806968 468
53379 99587 351
266085 614558 470
131496 133382 331
609509 515921 452
595250 180419 470
171903 440081 449
609584 698764 447
882193 31187 525
911088 632369 525
641974 864257 525
263954 715044 470
562988 156206 470
903743 412219 525
26786 171900 383
641310 176993 470
914334 993391 476
524315 88100 470
201797 11319 383
780457 356127 470
19589 562622 470
193544 302332 443
61727 891730 525
264799 487342 449
832172 166813 470
291595 647207 470
950746 988411 458
494529 774157 470
184827 844816 525
917038 529304 525
419064 317838 449
498091 26005 449
539582 843997 525
27690 89813 351
475420 473984 382
459425 914575 525
461008 818130 470
953674 364652 525
702230 987775 525
487001 513942 470
740234 858991 525
932302 113987 525
527257 485603 470
890239 675923 525
280731 391508 441
52376 697164 470
921429 224424 525
423778 260533 449
935773 223391 525
199628 866503 525
246543 424125 449
280898 794420 470
161446 64775 383
234350 86062 443
459093 355582 449
485437 710555 470
202523 507068 449
198888 488415 449
464673 17501 449
575993 161465 470
2201 65387 340
631530 124460 470
604206 191398 470
174566 575806 470
417698 867578 525
993485 379823 525
953298 311881 525
849372 622339 525
886669 220567 525
634416 131161 470
87631 491711 449
679860 874962 525
433640 621791 470
776997 358925 470
456128 118422 449
550581 951462 525
15685 116913 354
284014 935896 525
949317 205995 525
666847 20295 470
529138 950319 525
504112 119463 449
367021 395849 436
649137 75630 470
144240 915094 525
517060 256585 470
813925 830410 450
429228 72331 449
887575 647467 525
59703 987357 525
978519 125434 525
102966 950469 525
470647 893015 525
972913 484297 525
573987 510502 470
395102 282857 441
283212 379898 441
974961 875231 476
999498 347399 525
432873 710529 470
612581 394121 470
792398 304360 470
480568 199670 449
21173 789629 470
810903 248419 470
322316 491506 449
234106 68946 443
669254 149294 470
988462 209810 525
965006 785922 525
121091 932057 525
447624 620538 470
124148 173743 383
948634 896262 476
984544 974710 427
113996 931527 525
3043 498268 449
194998 325118 443
919869 129877 525
42124 16046 324
615626 431020 470
231433 883320 525
366442 110899 443
538241 741376 452
876977 279189 525
579847 64774 470
192579 529962 470
928474 128600 525
966399 492881 525
622693 636222 416
453994 864169 525
49924 104030 351
755828 309789 470
581345 366160 470
806295 869503 525
226440 278773 443
589966 2036 470
106880 892125 525
849478 678775 525
292248 360825 441
983417 77547 525
748865 729663 424
45045 836048 470
644711 89875 470
384001 951395 525
747347 358757 470
989061 903055 476
793440 799209 468
501339 249109 449
220589 697141 470
485826 752935 470
688470 829356 468
971065 509432 525
166700 262295 443
617732 659442 429
248804 943257 525
275409 598398 470
880104 194092 525
233936 3166 443
813522 551589 468
954527 894412 476
59667 819315 470
77748 45609 351
949293 442959 525
382377 78007 443
106834 382017 443
764675 63472 470
122166 362436 443
822799 410070 470
364976 37208 443
717765 446199 470
247955 799890 470
222803 813434 470
598141 219413 470
91393 590348 470
638263 724057 442
956311 890583 476
950861 232667 525
359079 791587 470
521490 659382 452
732151 507583 470
659601 961567 525
642048 708324 442
886454 260935 525
894752 941399 476
653614 157740 470
872636 280352 525
302609 529742 470
469942 82036 449
938916 606241 525
201973 756297 470
790411 906805 525
947314 401789 525
606478 822732 468
278907 979824 525
517734 409147 470
48958 823677 470
522558 425248 470
502948 485983 426
433751 603252 470
825437 151179 470
748763 336094 470
670874 174919 470
712534 42363 470
899311 177988 525
824189 408188 470
391204 885769 525
875982 587252 525
857069 301430 525
657122 65762 470
497375 580522 470
259924 451507 449
103507 743923 470
144951 96776 375
472837 861524 525
876725 628209 525
86177 453601 449
980627 524067 525
422783 430678 418
213839 75641 383
816726 819545 450
88586 29286 351
366283 957468 525
885194 913084 476
758423 834599 468
796784 443880 470
348182 369490 419
704809 598591 447
249792 539960 470
651066 866563 525
797294 733166 468
862487 762300 525
950588 896916 476
753106 535791 452
584661 554280 434
983969 768026 525
285328 42970 443
408036 953036 525
79973 335402 443
175999 83027 383
385878 614320 470
184563 312135 443
664265 361862 470
428130 402222 449
531507 218399 470
55511 307228 443
91634 129125 354
712217 473984 470
167870 791155 470
123163 762575 470
446982 356893 449
917009 56423 525
778115 929348 525
521915 515704 439
730201 832026 468
796956 387067 470
548844 265179 470
32857 392361 443
729553 304581 470
324790 323365 384
420402 742267 470
706729 262637 470
997436 397577 525
284498 30420 443
962749 729805 525
288711 764744 470
792955 596411 468
698898 624511 442
227559 79698 386
338801 624783 470
27056 152910 375
952061 418937 525
986307 501289 525
510687 258140 449
159506 715959 470
761556 982653 525
55436 139709 354
837549 73247 470
921581 821617 525
586210 151875 470
936387 444875 525
985946 684958 525
965869 472852 525
38787 143156 375
83462 436060 449
77726 898830 525
557927 279520 470
822773 492148 470
176384 123763 383
676682 925001 525
292920 681954 470
549072 522548 452
17571 75931 340
224294 588865 470
849261 964330 476
34288 129444 354
522711 838551 525
803005 984055 525
736692 953137 525
786306 75676 470
265569 492193 449
308254 509131 449
271887 808036 470
611112 965689 525
845844 568177 525
766826 63153 470
128483 370151 443
973860 296063 525
199833 468746 449
929112 436572 525
336411 148261 443
726370 383624 470
685382 406588 470
393781 695800 470
296538 324605 384
432359 450247 400
585955 730757 447
924297 423760 525
477511 835391 470
249917 110956 443
877177 787203 525
9199 382194 443
763876 401210 470
574870 20120 470
217337 118292 386
569860 578565 399
162320 325278 443
329493 431338 449
756048 579194 447
795614 315094 470
999359 170537 525
375889 127106 443
372564 289798 441
680540 506502 470
746361 624137 442
914199 433424 525
211671 423483 449
847949 549768 525
170267 624062 470
934191 612640 525
39976 109955 354
12242 480390 449
530013 272758 470
453041 373206 449
562787 925033 525
202110 362875 443
555634 317516 470
148043 475216 449
381091 381513 286
427484 414413 418
90909 295605 443
242114 668232 470
452512 322529 449
30616 742895 470
294679 961062 525
368658 812800 470
478540 278329 449
844296 955258 476
157695 78341 383
925793 78242 525
938094 304176 525
438314 226234 449
573073 95636 470
905859 936734 476
715743 342611 470
222374 247266 443
127039 951586 525
145615 399291 443
828860 380411 470
941794 686273 525
445198 791444 470
311464 332686 384
721052 576834 447
132622 768391 470
646128 298718 470
987782 193521 525
450992 43569 449
254547 606369 470
697637 614432 447
879229 810356 525
327599 746510 470
862923 361400 525
252955 330101 416
213662 668801 470
494184 656277 470
117826 348275 443
583331 979258 525
456218 461085 356
601734 175649 470
141261 749621 470
633970 251291 470
352443 306434 441
549763 697013 447
936190 399876 525
221884 27500 386
361437 240268 441
929514 99137 525
544787 837893 525
957448 575492 525
893395 309533 525
582760 420118 470
989706 167339 525
204614 899123 525
596688 104682 470
923762 802160 525
150949 273956 443
714246 380002 470
390026 661748 470
732466 583304 447
342040 875246 525
33464 365370 443
706007 953428 525
521876 146803 470
914561 234431 525
231437 176764 443
256718 767514 470
72564 936703 525
684732 463106 470
939889 43125 525
237416 485284 449
692776 91512 470
905677 312706 525
955300 269328 525
203595 998104 525
535889 356275 470
499016 675666 470
700990 216420 470
143242 283448 443
697020 314682 470
707248 478591 470
274715 638471 470
382847 936455 525
905127 192509 525
626819 351975 470
13528 977030 525
730580 593638 447
85628 595560 470
324554 709612 470
980205 468530 525
501337 432999 444
19739 512911 470
592900 396251 470
31376 143525 375
222974 448493 449
717744 746104 424
844610 430047 525
525262 253966 470
431315 847490 525
497728 362916 449
267523 908245 525
921037 88453 525
162761 249475 443
448987 38505 449
233383 497581 449
958541 320577 525
380447 255786 441
571608 268776 470
681393 343385 470
485463 335673 449
231793 6774 443
139214 636167 470
368770 794261 470
427093 571246 470
91577 615089 470
20461 176221 383
943186 54456 525
407313 596849 470
173536 901361 525
776043 390629 470
709635 76701 470
217400 604329 470
87828 460089 449
387483 141348 443
517364 204779 470
6773 445831 449
108607 928214 525
996926 539013 525
818278 526054 468
953199 366002 525
637332 980167 525
463488 513716 470
726428 913990 525
64055 405521 443
209900 93470 383
920029 791656 525
109171 622622 470
545833 641510 452
456710 820413 470
738187 714888 424
120676 941106 525
690779 874559 525
438578 374166 449
851774 749693 525
834700 866169 525
551155 449944 470
96509 134312 354
752937 747490 393
21856 145335 375
115420 573376 470
700632 893752 525
634542 395034 470
381891 336579 441
494515 522392 470
391564 39871 443
680498 474733 470
396064 331063 441
965200 260638 525
895818 891156 370
592805 128565 470
942635 841675 476
928850 135398 525
846849 202106 525
90896 336644 443
553225 818453 468
900005 815467 525
107578 38225 354
966588 457970 525
920841 828276 525
902482 386815 525
232134 892508 525
819305 60936 470
723635 173971 470
110290 777647 470
377620 964985 525
899550 608857 525
980033 140595 525
804063 484476 470
457918 609900 470
377503 334976 441
502256 495408 426
844890 584557 525
743079 387876 470
470131 339929 449
616611 642334 425
599569 247655 470
349573 691060 470
409985 689890 470
790497 847751 525
157655 293403 443
220739 739374 470
277913 749896 470
719566 326354 470
702845 301844 470
708792 844039 525
66279 2437 340
883549 431547 525
440826 472967 444
196108 522827 470
692926 811299 468
968488 730049 525
605935 28272 470
912384 240207 524
863497 721326 524
357789 232005 441
306443 286911 398
243453 677265 470
521930 706172 452
478479 732000 470
856737 912008 476
832412 136312 470
402218 768304 470
855939 18878 524
339641 826157 470
62332 386401 443
197520 391250 443
131533 701498 470
113774 522560 470
435861 463894 444
604766 531066 452
813938 820020 450
334282 480255 449
58639 160834 383
106188 794281 470
672236 793106 468
110929 624250 470
889177 389034 524
809940 353455 470
644555 999385 524
303342 781948 470
291693 715679 470
622378 499204 470
11217 38092 324
53705 71328 335
306287 872968 524
667800 865358 524
722569 716232 420
85561 862052 524
475136 210561 449
293815 642551 470
483910 28232 449
800859 109251 470
596863 956929 524
42821 423662 449
608888 245175 470
763047 742760 424
818941 74395 470
655669 705205 442
733318 496808 470
16508 296385 443
358860 891607 524
431360 634072 470
400936 242660 441
2162 111883 354
822998 964056 524
915574 241074 524
791490 769550 437
603777 610910 412
24338 395880 443
434341 985080 524
904832 155659 525
184984 136165 383
81220 478466 449
927784 216290 525
613255 546683 434
432140 904368 525
445656 337470 449
571724 205908 470
617545 541111 452
138108 901472 525
962278 363375 525
56823 13589 340
996453 387121 525
231587 865902 525
556071 686114 447
200377 47662 383
322778 900620 525
637344 646324 425
270879 649795 470
481950 71906 449
248244 496319 449
554891 600011 434
544638 795660 468
811012 120966 470
679875 665357 398
918499 323872 525
710393 354099 470
211684 74316 383
670201 376457 470
240191 156423 443
411133 148226 449
156440 286089 443
476182 29501 449
93959 257527 443
535390 609914 452
640743 358347 470
824427 931002 525
139680 308075 443
688471 660790 398
242018 892564 525
784225 364463 470
544024 281371 470
58907 633862 470
984392 808239 525
714783 110515 470
781635 195398 470
73648 324399 443
924942 872939 476
500101 32713 449
422590 879342 525
806421 317907 470
664429 209814 470
669283 945628 525
243458 556316 470
948113 802901 525
632869 487593 470
969611 147870 525
474540 749828 470
674517 688880 398
489187 834907 470
89727 439365 449
958209 577055 525
692586 987866 525
750388 348039 470
496185 320920 449
363465 900459 525
795096 730720 468
874062 507809 525
79752 634637 470
76440 402189 443
852564 454640 525
538034 876978 525
859199 338860 525
198769 765821 470
105513 764312 470
20212 295378 443
571105 874871 525
485148 213979 449
461799 861852 525
9338 528408 470
743824 260268 470
12520 125913 354
555223 404830 470
61470 161480 383
270835 1770 443
209506 172038 373
442369 191510 449
613240 402188 470
942189 131011 525
141166 97186 354
48848 704299 470
68237 35384 340
507090 346232 449
80096 28992 351
218552 64309 386
930995 732722 525
453304 228334 449
34257 209878 383
871759 726406 525
762004 693956 424
403362 887224 525
397325 802512 470
785772 792853 437
103959 102771 248
272986 770948 470
699598 356220 470
75152 489512 449
341094 971536 525
494133 205821 449
450449 18607 449
899374 279276 525
46326 253419 443
461774 421264 444
445709 219287 449
373996 750406 470
576997 964966 525
308754 209520 443
138953 658445 470
485764 944451 525
268543 778615 470
361450 645274 470
895932 242680 525
650720 71130 470
451756 554119 470
776302 952314 525
376228 842629 525
125344 327721 443
832167 211141 470
277149 593447 470
727591 578118 447
856285 414238 525
563711 481745 470
716031 977104 525
94625 745577 470
515850 158970 470
618912 253527 470
83781 590046 470
655812 590907 447
152386 244191 443
712407 347128 470
251930 550031 470
239820 798173 470
95405 554504 470
503394 796574 470
159965 246661 443
132786 646992 470
303197 279990 398
206599 804019 470
125261 880439 525
26546 279022 443
