51425 174539 383
78718 942098 525
726614 373931 470
50711 886477 525
712995 390385 470
797154 874608 525
411630 556060 470
433519 614521 470
541455 905237 525
406679 981958 525
325149 922013 525
764486 834275 468
561664 179285 470
390642 374044 436
960192 886832 476
930078 11617 525
61372 523000 470
467919 302190 449
896930 518630 525
702872 609925 447
423219 500026 444
998738 834849 525
570290 946461 525
449370 625950 470
851698 370253 525
607908 691051 447
292266 372394 441
39531 368135 443
551678 430172 470
742178 26075 470
831209 186461 470
37691 892580 525
709461 505610 470
708974 606391 447
538444 411846 470
730521 475867 470
426077 729259 470
310716 510571 449
189925 274290 443
136521 41623 354
644542 744429 442
732673 451013 470
631027 286408 470
333352 696910 470
716580 75530 470
722984 61994 470
776195 274880 470
954573 485656 525
294694 177752 443
606251 347342 470
103803 336772 443
823208 529879 468
580235 648129 447
40450 284364 443
922418 691175 525
325986 81166 443
949808 572863 525
46383 95040 351
859271 379734 525
791949 90056 470
969467 29139 525
152049 745662 470
818222 620826 468
231318 627120 470
798577 351774 470
974461 902379 476
202750 797669 470
946462 782985 525
960002 501117 525
67349 396626 443
192292 907539 525
477791 656304 470
480402 38378 449
751343 853877 525
418111 543293 470
458137 901782 525
86636 610185 470
647445 419062 470
231011 392967 441
46182 543793 470
744740 20643 470
960376 947490 414
332516 421044 449
244680 292519 416
436365 826232 470
203349 628656 470
733771 195344 470
799164 728378 468
233721 550507 470
96460 166036 383
608004 554597 434
67818 694639 470
164782 715262 470
627905 909997 525
108230 674086 470
967994 367174 525
694728 928370 525
314664 541449 470
863618 559343 525
348172 299983 441
385576 551520 470
442843 633551 470
261068 242007 363
361929 494788 449
792514 458389 470
175028 400518 443
12986 242845 443
609362 691971 447
472312 237267 449
601968 94746 470
425558 84167 449
461919 120286 449
12538 776583 470
175939 390360 443
850130 38315 525
690343 235706 470
589834 133186 470
869257 850901 428
889397 745390 525
859893 196116 525
717983 34921 470
596633 245173 470
791970 720199 468
937144 264282 525
471671 53317 449
359027 897228 525
137484 820945 470
531718 664225 452
111733 707657 470
54585 961863 525
745971 259132 470
711773 850010 525
392318 95235 443
215116 795919 470
840625 589214 525
992034 558608 525
624134 102872 470
803781 416104 470
823071 255130 470
194590 294742 443
308446 67821 443
706174 445929 470
888766 237892 525
110154 514703 470
459753 678943 470
990770 719929 525
938074 702544 525
569939 844596 525
797778 299259 470
640515 152608 470
888472 632549 525
711216 26812 470
249626 29202 443
957119 72697 525
284331 665914 470
881642 106981 525
733734 102021 470
552910 622500 447
339912 177268 443
651408 799665 468
370415 642178 470
519594 308490 470
344722 603737 470
153086 656705 470
417200 307806 449
809312 819877 450
454559 34733 449
360893 704184 470
578138 318012 470
291085 376673 441
983925 686931 525
483654 717660 470
788951 550768 468
854364 128864 525
242240 19977 443
442733 612655 470
662155 476531 470
921144 521081 525
594472 588434 403
691990 11672 470
896239 501303 525
345753 350799 441
50240 706645 470
54983 628378 470
24658 346068 443
5051 522787 470
547203 488704 470
754651 336155 470
39472 123221 354
465018 281712 449
143197 907750 525
894366 319556 525
384281 329715 441
354842 492957 449
918148 46832 525
504628 814388 470
62339 850381 525
679391 112579 470
557026 734373 447
255161 95888 443
594645 260211 470
132880 141849 344
748915 401735 470
478003 302591 449
524955 457225 470
98507 182357 383
879179 507077 525
16117 777664 470
350996 885162 525
270621 269145 416
446199 775248 470
597737 508537 470
139834 277128 443
135320 211065 383
525705 390480 470
306952 120351 443
650691 954035 525
776403 913810 525
355771 768610 470
730605 394930 470
740039 343317 470
91491 619218 470
850393 621812 525
396882 201390 443
506974 667502 470
984738 953172 458
956954 582475 525
975914 96789 525
859602 625438 525
307853 385307 441
15919 129009 354
19862 180814 383
597249 310469 470
608828 953019 525
79079 339433 443
862153 819117 525
196954 953644 525
952539 47348 525
575456 349421 470
762941 596634 447
16923 747679 470
549807 488082 470
844358 39926 525
584870 703960 447
665363 406927 470
603471 195486 470
50140 137538 354
376299 647388 470
448006 499331 444
114612 41290 354
838764 490970 525
374611 35718 443
444614 327151 449
597269 534274 452
676571 874414 525
130908 207699 383
136298 194919 383
695780 980655 525
749048 794854 468
198820 414412 449
715985 316496 470
609897 280329 470
454033 500401 444
441922 902038 525
999731 556533 525
943327 352700 525
561707 317939 470
902622 520525 525
645089 499891 470
54799 835864 470
888510 699911 525
557767 24808 470
409034 253547 441
519668 158083 470
562605 232692 470
572494 792794 468
549187 696595 447
73124 3220 340
196996 515045 470
419463 710932 470
585782 362790 470
63632 147490 375
194933 966253 525
668014 354226 470
980349 237018 525
190091 383064 443
451133 747857 470
922075 860166 476
515609 441743 470
18249 592418 470
674435 104947 470
385213 737826 470
801542 972540 525
741046 512742 452
1790 160509 383
737878 101776 470
37503 801510 470
249265 232436 381
281968 431484 449
100866 776521 470
182706 290956 443
159585 633838 470
553018 81661 470
494004 582831 470
37608 26458 324
175249 712042 470
131404 74666 354
964073 447150 525
561410 219324 470
474097 563199 470
894036 211975 525
664975 931538 525
527689 428444 470
678178 809657 468
374132 779044 470
586178 556837 434
584204 259968 470
704879 137222 470
341628 198884 443
234257 379235 441
225341 923710 525
605482 870948 525
998375 83760 525
832303 559786 468
303083 306400 340
637189 197119 470
32579 816368 470
642861 560268 447
244813 321040 416
884129 618944 525
614288 984511 525
689986 712696 442
244479 394865 441
849918 100311 525
107953 598379 470
993750 847497 476
522089 113437 470
718446 520465 452
197196 64954 383
594455 14483 470
371353 745848 470
211601 918135 525
562217 368666 470
478403 321234 449
203910 362532 443
454382 818197 470
861248 144368 525
530894 105727 470
53438 895016 525
720242 161390 470
493395 713992 470
523092 15485 470
341633 241538 416
50154 53033 340
820695 158813 470
67515 192048 383
904660 279115 525
110183 981081 525
161985 102791 383
302315 365895 441
979526 756697 525
698296 840774 525
415269 229190 449
460706 468706 444
638410 695152 442
144301 646010 470
923348 667392 525
175699 264981 443
423134 740056 470
318013 243829 416
898868 385527 525
950080 317733 525
178846 60263 383
298815 855034 525
677257 115334 470
220929 656784 470
872030 919225 476
11763 287300 443
662619 986672 525
270210 301030 416
681824 414510 470
461244 605172 470
81902 636942 470
384357 505035 449
376998 702369 470
748863 790070 468
602100 698943 447
107803 295150 443
273411 920821 525
150185 464872 449
36156 371113 443
121656 422390 449
804542 647623 468
223894 467162 449
634295 494104 470
282396 830324 470
908613 743639 525
435496 504720 444
380581 334058 441
523959 271783 470
36427 787027 470
61853 152732 375
175 169655 383
962085 787789 525
604681 626474 447
252662 155041 443
997587 888521 476
577430 316334 470
536144 801324 468
783495 684644 468
809632 65891 470
514968 232450 470
809529 464668 470
737169 704314 424
798725 775333 468
976096 349357 525
562360 37949 470
16293 562534 470
721808 978377 525
350324 326489 441
604852 602985 372
481529 116644 449
491506 573163 470
432977 541855 470
888691 730677 525
226499 212528 386
796567 255671 470
444978 120302 449
720338 696351 411
338820 33269 443
471684 829121 470
382625 34044 443
867069 398917 525
110783 103082 354
891498 461106 525
943774 496350 525
578295 939507 525
127198 69801 354
512671 560175 452
125860 915566 525
290852 866562 525
128095 601623 470
122233 573072 470
236129 356776 441
783627 89154 470
904248 255312 525
918274 801077 525
803559 299548 470
199994 914341 525
916834 605696 525
375447 860608 525
102047 467946 449
800116 743448 468
537747 826991 468
303623 177811 443
256762 108679 443
44374 384856 443
224507 680810 470
472132 974839 525
551790 255760 470
63993 456038 449
25276 496471 449
257115 343039 416
310224 971312 525
257381 227058 443
577009 147032 470
87666 193260 383
614978 401986 470
936707 666929 525
743181 754535 424
358944 999943 525
377418 403317 436
899003 601924 525
598332 371136 470
90969 150122 375
141100 669165 470
120365 680579 470
165637 891683 525
23618 475860 449
377201 795202 470
217122 954209 525
942234 304787 525
661673 71417 470
220978 598380 470
252550 964158 525
867119 611493 525
478306 244538 449
529015 377310 470
360666 127347 443
262650 451634 449
791672 917953 525
635004 426241 470
598532 314845 470
317925 136354 443
304909 695125 470
931556 522030 525
163539 387995 443
341021 825211 470
459411 561998 470
937795 226165 525
40362 319120 443
837657 518667 468
563657 366672 470
895976 438527 525
8223 672830 470
890161 799895 525
590783 39370 470
226136 189315 386
354214 58265 443
839873 659122 525
267594 771429 470
181152 431132 449
673628 522172 452
770547 647243 468
598375 222548 470
873407 638736 525
541667 711064 452
671607 619528 429
591941 81789 470
58055 600163 470
754618 462420 470
400058 345402 441
501789 140399 449
48921 856002 525
712867 888793 525
29329 980461 525
174427 210480 373
925797 848054 476
246857 210550 443
495297 845231 525
433097 882908 525
998171 488968 525
108178 669778 470
622700 700118 442
265771 194959 443
300281 20390 443
657379 214544 470
365791 673372 470
869146 928915 476
529375 582013 452
817709 558703 468
562474 506340 470
283388 488272 449
354395 44449 443
213026 363896 443
889679 646122 525
761009 402055 470
649294 869186 525
586037 786198 468
569304 851808 525
981156 383789 525
872197 638535 525
112537 752192 470
826112 495887 470
681107 869691 525
77901 13021 351
428394 154579 449
519361 225986 470
157055 387960 443
270434 370080 441
751855 674317 442
530406 512864 439
590576 693904 447
896254 176614 525
480102 979762 525
542626 461259 470
877756 929027 476
613998 504497 470
195424 440110 449
385 876530 525
309801 592489 470
403756 252400 441
747067 923116 525
478385 418327 444
311076 263024 416
788406 577135 468
937340 833017 525
604204 42122 470
526921 500458 470
218735 7024 386
994425 275565 525
468282 872181 525
204592 596484 470
376678 400015 436
36595 377062 443
790749 860599 525
969550 194505 525
112999 230823 443
631825 105589 470
649149 457105 470
368612 951759 525
34241 820156 470
784776 638444 468
862277 311698 525
653106 595216 447
832925 647531 468
384985 815411 470
33917 103781 351
411895 410595 374
18000 448489 449
301861 322954 384
823293 785616 468
517458 936291 525
16439 663488 470
41880 179792 383
120593 924695 525
645755 154833 470
259057 430532 449
307481 635538 470
256434 474792 449
744959 603563 447
636527 129944 470
418974 670444 470
747929 830868 468
595243 765928 447
793562 411308 470
88882 616855 470
196924 120545 383
67351 727566 470
784032 623435 468
421562 418829 343
548130 67318 470
87867 321391 443
12054 909551 525
956929 268487 525
384343 216093 443
386254 535075 470
860240 805227 525
719723 608169 447
636095 829170 468
888302 943861 476
240478 977183 525
74921 951606 525
611932 142272 470
679172 910168 525
765706 614939 447
328998 828040 470
682256 416864 470
149432 694309 470
840619 620565 525
477000 224963 449
350862 863253 525
274242 211102 443
668480 993964 525
819271 818779 450
337339 221778 443
276846 577816 470
198961 351766 443
529422 810893 468
494037 722799 470
235266 259743 368
337738 564263 470
87784 534198 470
495331 751419 470
228507 335951 443
886188 219711 525
75118 237050 443
82964 349359 443
448151 265648 449
857527 781626 525
598631 709070 447
3404 875476 525
286886 716569 470
227243 330513 443
41667 235484 443
567516 276932 470
9432 419458 449
355400 611419 470
953655 850730 476
362838 696366 470
700885 763230 424
916076 290207 525
280 513244 470
639565 962634 525
293096 11297 443
258466 891726 525
720366 261869 470
767203 521457 452
492642 508650 426
366174 534308 470
258338 933689 525
325445 267769 416
353147 195049 443
879187 821006 525
559983 756229 447
517372 260869 470
519459 947652 525
551075 519738 452
975100 704845 525
996577 268196 525
230346 255043 443
159922 464917 449
31116 441329 449
986373 523758 525
464183 352547 449
572270 722521 447
800440 411919 470
990289 667791 525
606967 383682 470
488797 166951 449
139911 520373 470
427819 659370 470
468025 493098 426
179108 443125 449
197943 175685 365
225525 942493 525
944931 385446 525
407410 976047 525
826775 393783 470
14010 805162 470
260534 586279 470
527683 60974 470
998198 32178 525
728764 119370 470
415859 731765 470
286320 555769 470
252138 228343 443
215139 234367 443
721441 908451 525
191696 433588 449
598340 417220 470
890285 543272 525
316870 297695 384
519319 657849 452
205682 47533 383
463012 980419 525
633811 990694 525
41393 146214 375
22872 284361 443
779788 952934 525
530330 66108 470
508704 296672 449
808655 723842 468
531038 44301 470
146498 236938 443
992092 744838 525
168362 882378 525
802314 485232 470
180073 835837 470
143081 385755 443
883369 120297 525
366174 31385 443
625196 921771 525
177599 162272 352
720336 957386 525
115207 250667 443
537698 623910 452
547338 346353 470
861956 592581 525
390653 8455 443
343723 382746 441
267497 512085 470
779328 69811 470
511521 959400 525
905647 168806 525
859359 789016 525
289103 739738 470
334605 914298 525
175714 512203 470
76570 896049 525
983793 191776 525
660920 35697 470
329890 722463 470
896253 191847 525
829248 286907 470
200301 172971 365
183857 467797 449
199260 963184 525
51812 710780 470
436789 957458 525
879586 810353 525
260679 682893 470
550091 595283 434
111396 725804 470
621691 702169 442
136058 119689 344
408150 311183 441
155385 738039 470
33646 51639 324
929885 377098 525
852749 644390 525
550068 550810 346
626391 749328 442
28199 678202 470
974312 464987 525
635660 368103 470
275340 410543 449
50996 339635 443
5827 676595 470
579643 141722 470
378765 715701 470
261410 786914 470
541088 416795 470
524953 574733 452
982637 969043 458
466035 835386 470
613433 16103 470
386196 239825 441
279635 928598 525
432231 768152 470
393585 67892 443
136255 183130 383
478434 701455 470
36969 998464 525
378050 616612 470
654390 756814 442
846517 915800 476
57933 387605 443
846799 582886 525
476542 343641 449
66134 942576 525
179027 193771 365
472883 79427 449
947799 266723 525
8025 380031 443
34875 915813 525
447922 171129 449
613147 440560 470
872583 650116 525
953229 764838 525
780932 121824 470
35857 627449 470
37624 93790 351
15054 398627 443
190880 5800 383
742267 257013 470
948375 435498 525
450783 935462 525
29129 398583 443
202185 551357 470
778613 237059 470
467171 740739 470
922392 594522 525
695503 309180 470
758842 162937 470
74018 539774 470
284761 109875 443
167223 836588 470
203664 696480 470
749420 394543 470
702279 491687 470
165760 164859 321
441390 616542 470
100322 470518 449
529329 302506 470
21876 822146 470
539565 3251 470
77090 461957 449
111977 286798 443
285341 870819 525
449734 359359 449
410593 734494 470
469233 92021 449
85288 187101 383
302705 834707 470
95848 4985 351
840598 261607 525
169843 281988 443
392353 784368 470
266711 435887 449
86875 802790 470
772237 140644 470
320245 849327 525
116805 432221 449
136125 402145 443
303040 585858 470
761503 227838 470
834557 744940 468
834062 919844 525
446245 136767 449
268756 56297 443
141751 109354 349
317903 825798 470
391342 224461 443
610166 172257 470
660347 211245 470
975046 946788 458
866092 295291 525
796115 982896 525
727511 446444 470
385042 544756 470
32303 660749 470
286798 381064 441
919894 120860 525
815112 880343 525
257626 83868 443
936640 399377 525
193221 768747 470
739379 98767 470
507412 863749 525
271023 681963 470
589199 760273 447
628752 455291 470
55564 424867 449
438188 297280 449
871311 337434 525
842035 417818 525
512387 128833 470
313086 946485 525
249692 642402 470
341034 507317 449
726269 277674 470
420898 433694 418
560625 674481 447
46666 68038 340
538231 317688 470
750000 641634 442
77962 892956 525
96925 647729 470
317824 49317 443
945008 703339 525
386750 301248 441
635361 413342 470
944284 948446 383
874031 708180 525
590848 215065 470
729702 831321 468
6943 150600 375
779219 567568 468
339286 825884 470
149810 391721 443
657777 414014 470
33355 249943 443
306971 130279 443
897671 138999 525
693800 356885 470
842337 80550 525
172337 991902 525
8096 116622 354
454553 882127 525
824801 559605 468
97192 68708 351
390926 104135 443
733512 684349 442
185907 72798 383
510234 335716 449
464518 682215 470
749729 12077 470
932157 56700 525
656559 344033 470
709902 350359 470
215122 66444 383
945113 387459 525
58346 953208 525
18285 512898 470
349540 843085 525
72503 960936 525
911793 977632 476
579275 645305 447
661982 765181 442
232307 686420 470
615101 211029 470
368635 879034 525
223105 300792 443
449939 879663 525
159029 159841 352
744227 374151 470
226285 689340 470
761609 284630 470
156753 779893 470
311733 506293 449
137183 898439 525
981433 563180 525
390277 560708 470
722689 52259 470
840093 469200 525
252883 969398 525
680228 621517 429
848432 903332 432
436513 812575 470
297201 595541 470
972416 41428 525
483896 712905 470
730767 759709 424
997534 401724 525
53807 823471 470
422221 705194 470
721911 403654 470
268374 626392 470
478566 505268 426
678650 318659 470
974467 931532 458
802261 654696 468
67254 650694 470
72233 503766 449
463269 883637 525
613511 949889 525
925064 97408 525
662794 170036 470
857116 174534 525
571760 425128 470
998004 993980 365
130322 234120 443
911839 912899 410
374716 390405 436
418167 53366 449
223269 906839 525
499102 25530 449
75740 80560 351
190428 662176 470