1 1 1
1 1000000 525
999999 1000000 259
22534 25965 282
1 100 119
500 50950 324
4646 23689 282
5040 31351 308
31639 26089 308
1929 1503 180
22783 18460 274
32624 23946 308
25215 29138 308
29854 31681 285
6001 19996 279
27595 9147 308
13268 5437 276
18532 4100 279
29892 18325 308
1325 12954 268
5285 10569 262
25118 32753 308
32560 7778 308
728 9536 262
23411 13411 279
16343 14131 271
26697 31836 285
17211 19977 279
30928 27350 272
29745 9546 308
6342 25514 282
30787 19384 308
3297 18861 279
21670 8429 279
26527 14462 282
6313 28290 308
29686 4111 308
17085 22676 279
12283 30962 308
14429 12170 276
21069 11211 279
23846 20836 282
31495 160 308
18940 7894 279
14831 18344 279
18950 8572 279
17110 14459 271
4644 27447 308
15325 4165 276
130 20759 279
5792 10218 262
27514 28660 259
19678 19407 274
28511 8464 308
2600 10919 262
31705 17064 308
511 30059 308
4724 24085 282
4901 16329 276
180 10303 262
10820 7698 260
6368 1943 262
12626 19558 279
12754 9577 268
25853 31855 308
17385 22998 279
19274 10387 279
8517 12667 268
21116 13428 279
32666 20772 308
25040 28800 308
10018 30761 308
19256 7394 279
1353 20228 279
25833 24103 264
11966 5394 268
18404 2659 279
13192 29830 308
24554 28928 308
2514 8409 262
30348 14575 308
12060 8474 268
30237 22192 308
3986 9265 262
26718 25573 308
4205 9006 262
27656 19963 308
23517 26576 282
23374 16275 279
13381 25928 282
7274 22567 279
20166 6964 279
24302 14619 282
877 22955 279
19132 29738 308
20948 10514 279
13117 21382 279
26780 16994 308
170 32174 308
4505 8500 262
23475 12213 279
360 13707 276
5319 30509 308
7913 4821 262
18007 21185 274
20928 27260 308
13249 11629 263
7906 19821 279
4981 13463 276
6980 25623 282
26861 26884 246
1108 450 179
11247 7212 268
26370 12235 282
12412 30279 308
4496 25855 282
3966 4794 215
26461 31749 308
32403 10766 308
25834 3798 282
18859 18378 261
4045 13500 276
728 12770 268
21923 3395 279
32579 22664 308
10748 9773 255
12028 29357 308
9524 18444 279
25790 13968 282
7111 1204 262
16986 4181 276
6230 7005 257
22138 19344 274
12680 20144 279
28106 23598 308
17423 32331 308
24489 9041 282
25907 29858 308
9241 14043 276
9544 23849 282
3886 21744 279
22202 12676 279
15114 1687 276
3779 26871 308
9385 5131 262
17247 1770 276
12828 3914 268
12465 5764 268
6985 19347 279
769 1138 179
6581 31159 308
8193 801 262
25788 16225 282
20978 21271 256
2542 22226 279
24245 4181 282
13919 32104 308
7680 27479 308
26683 14715 308
11450 14487 276
6440 31099 308
29708 13683 308
26006 14818 282
5530 29483 308
21832 20115 256
32304 17612 308
28662 25816 308
30377 7940 308
4998 4306 215
6339 400 262
23895 23420 282
10066 15641 276
11600 7874 268
11930 18456 279
2338 1997 183
3649 13628 276
18398 11388 279
16761 28107 308
31195 2477 308
9278 11148 268
14411 610 276
16838 9552 276
7405 22056 279
9466 2916 262
5241 30797 308
21705 17634 279
11584 13768 276
22106 31775 308
13136 16533 276
28620 12725 308
8438 22922 279
14261 6502 276
19452 21981 274
26074 13795 282
15627 28931 308
15680 32436 308
12957 8845 268
10090 1260 262
2752 4479 238
29521 4173 308
28589 14641 308
10861 15910 276
11713 6909 268
9302 20747 279
9520 19983 279
10526 21357 279
27148 5546 308
18586 13955 279
18783 28557 308
22006 31061 308
4844 6502 262
19497 22607 274
873 22439 279
23303 6578 279
23308 25926 282
8922 27564 308
13788 30681 308
16479 6121 276
8411 27029 308
10604 26018 282
14064 5995 276
13680 12978 276
11625 15058 276
12115 26948 308
13602 2870 276
20591 28758 308
28617 26560 308
16466 5825 276
15922 12743 276
28166 18686 308
869 20453 279
8469 20679 279
5791 1246 238
23824 16752 282
26488 21788 282
4752 10103 262
20955 25882 282
28417 30591 272
6389 30565 308
18669 8939 279
17331 32598 308
21924 24611 282
23620 21402 282
2538 17482 276
6674 24769 282
23989 23482 282
4137 13194 268
31956 10058 308
18526 27796 308
22873 12743 279
17153 13660 271
1467 32013 308
16512 32470 308
24628 27362 308
32254 8370 308
17846 9503 279
22161 17691 274
20403 24761 282
479 10471 262
21071 8493 279
26201 14585 282
24544 17651 282
11129 24276 282
3430 26066 282
5016 16418 276
21462 20862 256
5353 8459 262
20236 23833 282
1529 24439 282
15819 21246 279
3899 26271 282
13999 1436 276
9061 11021 268
22534 15527 279
22173 8991 279
10915 3582 262
27723 28375 259
10592 18191 279
5263 3641 238
8332 8631 234
16603 16857 266
19943 30716 308
14098 23658 282
7585 1154 262
15513 16185 253
9355 25363 282
24374 20309 282
9573 18699 279
25229 79 282
14739 16700 271
9189 31651 308
19384 58 279
8301 11996 268
16582 31435 308
32336 628 308
26279 12857 282
32113 26579 308
5375 15487 276
5455 20917 279
16052 5978 276
27936 8366 308
26304 1836 282
11644 7821 268
4961 7488 262
11188 2569 268
10528 19531 279
4119 15158 276
20411 28135 308
14319 29442 308
1881 13692 276
23433 16092 279
7180 10514 260
7239 30735 308
3240 23470 279
16806 21505 279
30209 11763 308
30215 4792 308
17265 29965 308
8767 18772 279
31269 31077 254
15624 6940 276
4436 28661 308
1418 6917 262
15912 30503 308
27952 23928 308
15390 20095 279
17382 7642 276
12802 6450 268
5998 12481 268
17827 18782 261
31499 22056 308
8263 25629 282
3413 16213 276
12640 31545 308
18781 16648 279
24136 14940 282
20501 28951 308
5015 4634 210
11864 26755 308
23958 2321 282
7339 32118 308
17500 12998 276
13419 11286 276
13674 3706 276
26351 14032 282
752 11501 268
31075 4629 308
6848 12333 268
14424 1428 276
11752 21337 279
14575 19576 279
20682 23421 269
23351 17347 279
31998 22711 308
10003 10026 211
4051 9499 262
23038 10223 279
3919 22080 279
306 26109 282
13929 4414 276
27351 4238 308
17063 21202 279
17688 5844 279
32211 2452 308
8923 19020 279
7117 29617 308
22186 10306 279
23052 18521 274
17270 25359 282
21324 727 279
14718 23617 282
31693 11098 308
25906 8221 282
18690 25006 282
13515 25159 282
1645 12002 268
22050 13432 279
4076 6834 262
24147 1229 282
2874 23238 279
31486 13630 308
18998 28203 308
2477 9341 262
27198 2434 308
10001 3518 262
12269 27722 308
11556 2461 268
31396 28998 272
7723 29846 308
2538 18303 279
9239 12107 268
18741 9655 279
28899 13465 308
8294 29193 308
8383 16570 276
24056 8247 282
15684 32219 308
30753 6222 308
1241 10520 262
25224 11580 282
2144 7950 262
7156 1391 262
5309 17309 276
27506 27388 215
12891 23270 279
356 6313 262
31860 29883 285
4966 30514 308
26606 9396 282
26409 7772 282
5812 18615 279
22644 119 279
22069 6716 279
6253 154 262
20982 20033 256
23124 729 279
21836 13052 279
32641 26796 285
15752 10364 276
9122 18217 279
11291 24570 282
32041 20853 308
7219 10045 260
27921 29180 259
19240 10267 279
18796 15789 279
9897 3787 262
11472 28095 308
28625 30705 272
27971 4218 308
14325 5799 276
28444 4636 308
19012 9130 279
14180 19265 279
27727 10507 308
29079 21406 308
28088 16043 308
11965 23369 279
2208 15516 276
5441 19562 279
11027 11170 237
23095 5574 279
28825 5110 308
26417 9838 282
24805 18347 282
32431 1619 308
29398 10596 308
14774 12294 276
19263 31060 308
22164 647 279
23213 29465 308
25956 22223 282
32070 25707 308
9578 18501 279
807 26084 282
7313 15900 276
7908 22795 279
18794 4084 279
9237 18082 279
5293 14045 276
13415 18147 279
16126 29643 308
28329 448 308
22735 28578 308
14849 28793 308
565 25741 282
19994 32413 308
16442 107 276
23680 12957 282
20947 23189 269
26516 7941 282
31306 26341 308
6875 5811 262
4047 13891 276
10882 4439 262
9715 25439 282
17733 12201 279
26884 19868 308
13754 5915 276
24572 1909 282
26956 26275 308
10919 31704 308
28281 7785 308
20450 15739 279
20979 29961 308
3408 19957 279
21003 13523 279
20901 1295 279
29047 3867 308
31076 1097 308
8316 28570 308
20904 14520 279
8781 21080 279
20938 3543 279
1675 32588 308
8941 16333 276
29361 1847 308
10794 30350 308
10392 31605 308
9654 14497 276
16771 31766 308
551 3713 238
6413 26299 282
18576 18057 261
16370 7499 276
26387 22478 282
26885 15443 308
14743 21571 279
30404 11871 308
10357 32265 308
24453 2920 282
12555 11573 263
14544 14632 196
13487 9188 276
14764 11612 276
13556 32006 308
25381 30129 308
8504 15095 276
2229 444 183
10307 15196 276
4783 919 238
1563 21633 279
23512 11901 279
20949 26872 308
13323 5977 276
11707 17828 279
3209 22141 279
27675 16429 308
5508 21929 279
15233 23329 279
10152 30409 308
20926 24230 282
18699 14103 279
3406 24815 282
16876 21007 279
6640 16837 276
25466 9813 282
25562 28997 308
18370 23734 282
2411 10337 262
26862 15303 308
29381 19392 308
8691 8279 234
29458 30059 272
3555 10398 262
28053 14079 308
6069 16955 276
31060 21247 308
20992 21751 256
25957 17611 282
12482 30712 308
1037 17919 279
10969 25473 282
3328 24849 282
7854 172 262
25481 32080 308
30125 1680 308
13633 8138 276
19188 12278 279
1132 8922 262
31256 5581 308
12653 22573 279
14310 20057 279
4136 30767 308
20459 6646 279
15150 14909 271
26350 2931 282
4807 15185 276
11798 8057 268
4021 31329 308
13867 11143 276
10069 32660 308
14500 22266 279
13351 11688 276
20774 25176 282
23045 16088 279
19179 24749 282
18517 1760 279
22149 7681 279
18772 7069 279
11889 24229 282
26063 26976 308
28284 23259 308
23709 13760 282
4952 29178 308
12857 11795 263
19606 19746 212
13240 25267 282
8806 12798 268
23992 18543 282
21759 11856 279
19015 24458 282
18208 27278 308
30360 20297 308
12093 19292 279
28234 14901 308
13422 7432 276
16105 1258 276
31390 192 308
14076 12483 276
14858 15562 271
24257 4769 282
29745 11002 308
17661 2727 279
10498 16806 276
15566 16605 266
17685 19170 261
8422 14160 276
11834 24927 282
2232 15296 276
1320 26005 282
1781 14591 276
23042 6121 279
12824 6409 268
799 25782 282
24741 26662 308
29956 20357 308
263 23600 282
9502 13759 276
27387 31781 285
17784 14052 279
11167 8953 268
30658 10884 308
5475 22510 279
12474 19367 279
662 15979 276
22883 20141 269
9098 13913 276
20237 21394 256
27427 12675 308
29689 8535 308
12200 1503 268
27446 6010 308
13486 29736 308
17807 169 279
9053 2789 262
4928 6438 262
22180 10080 279
552 24774 282
19825 4393 279
24587 17291 282
9955 23622 282
29205 7340 308
17690 6419 279
2 28062 308
4190 27708 308
13591 14964 271
31198 23462 308
24087 31829 308
31656 18492 308
18949 29167 308
31113 28805 272
28003 16644 308
11500 3518 268
371 4925 238
1434 73 182
7279 8962 252
19684 32188 308
3955 15782 276
22192 4126 279
7665 4309 262
21694 18088 274
1491 18920 279
31071 9595 308
2885 16022 276
20232 31011 308
23009 15254 279
14244 24056 282
13875 15401 271
290 12832 268
11967 24710 282
28059 16141 308
18052 23105 274
11344 12089 250
2289 31152 308
29629 22913 308
7291 11574 268
30043 2106 308
5729 8512 262
25275 12181 282
19731 27681 308
23991 633 282
19368 29770 308
9492 13553 276
10549 13915 276
23925 9032 282
5111 11065 268
29488 5204 308
1039 22284 279
11429 21299 279
11384 25903 282
14256 27212 308
32581 23006 308
25467 7687 282
10146 28693 308
14887 11539 276
31917 11382 308
20078 27508 308
26474 18695 282
22662 15896 279
23078 19491 274
32030 14722 308
18077 13805 279
20611 11153 279
7134 27209 308
19679 10526 279
27061 11811 308
19243 13263 279
23004 14565 279
6252 9888 260
5874 21382 279
21893 30622 308
6232 30965 308
23757 25335 264
7674 30365 308
11098 29835 308
4808 30562 308
11988 11174 250
25710 22270 282
7078 4432 262
1170 19962 279
20596 15207 279
20090 427 279
21520 20551 256
11035 24271 282
24578 4121 282
8830 25371 282
16401 29151 308
19739 3035 279
18896 20671 274
29905 8277 308
7685 16077 276
31859 12444 308
14759 449 276
4730 19065 279
11872 5120 268
22864 24026 282
20953 15691 279
27551 23935 308
8282 18352 279
16301 25627 282
7252 12274 268
10727 30623 308
25065 26773 308
28464 3983 308
19483 27899 308
6593 12372 268
10361 29805 308
32486 7881 308
7134 19211 279
10865 8456 260
29628 31930 285
27134 30314 272
4528 3107 238
11204 8336 268
9733 2450 262
17530 354 276
12221 3243 268
2534 16800 276
16026 22402 279
31941 18091 308
25216 8111 282
23298 18956 274
6946 20163 279
16203 5629 276
22905 25358 282
1254 210 182
17441 7211 276
4455 26598 282
4128 32015 308
16808 20702 279
30257 24967 308
17471 25804 282
26831 19742 308
21127 24779 282
377 1011 179
1731 18464 279
7792 12659 268
13274 30850 308
32611 7897 308
4468 19646 279
16624 8224 276
2150 10506 262
10501 25978 282
9714 31350 308
21002 28567 308
2009 5102 238
18869 18816 168
22250 25560 282
29923 22849 308
390 20137 279
13189 20586 279
11810 12273 250
15426 28199 308
8231 21064 279
14057 19683 279
15311 24589 282
27885 12147 308
8087 24537 282
5647 8319 262
24079 27549 308
22583 22157 269
9645 30541 308
8455 16331 276
32026 9252 308
4335 1060 238
20696 24713 282
8016 32139 308
12419 21365 279
30358 17661 308
10300 24996 282
9622 28576 308
21497 20429 256
28167 26574 308
24061 25463 264
31476 31228 285
23083 32417 308
18650 20669 274
5169 1256 238
27341 10141 308
31913 3584 308
28051 15570 308
31723 21231 308
14301 29128 308
19570 4896 279
3419 10030 262
15376 7120 276
21724 13950 279
23684 16176 282
21535 32223 308
32515 2398 308
15575 12169 276
15817 6067 276
13747 18477 279
26955 9267 308
333 24044 282
3395 5896 238
22569 18857 274
22608 10987 279
4605 16982 276
32309 14839 308
28987 18704 308
7504 27301 308
13764 22097 279
13444 1214 276
8034 22614 279
19022 17939 261
25438 5915 282
14856 24548 282
23429 27577 308
14628 22897 279
18933 14673 279
15720 20970 279
21758 27036 308
32174 27676 285
8091 23621 282
4700 12902 268
6046 26209 282
16129 21275 279
28628 9348 308
19834 24457 282
5836 30258 308
16494 16465 160
17906 3990 279
7903 10005 260
14215 29580 308
26780 10320 308
28370 3571 308
7420 17198 276
17123 2740 276
7720 13390 276
23409 22053 269
31123 3439 308
27686 11827 308
23620 27536 308
2187 11337 268
24211 31126 308
18971 28925 308
17487 4417 276
826 17240 276
14639 1522 276
18324 1009 279
11894 9722 268
5317 4230 215
5561 97 238
9652 12760 268
7667 948 262
3283 26683 308
14947 32653 308
32706 29457 285
16552 13363 271
27912 4247 308
5819 8577 262
26824 5893 308
4739 5566 210
24899 21767 282
5393 28534 308
2727 14556 276
23060 21707 269
8819 32209 308
31368 19560 308
14079 6190 276
15457 27459 308
22041 18809 274
26003 30289 308
11854 20603 279
32359 26011 308
25345 15974 282
29644 17809 308
5894 31678 308
22556 2508 279
853 7596 262
21544 30539 308
15311 2425 276
13513 20590 279
19502 17794 261
8482 11816 268
2471 980 209
16438 31230 308
2742 826 209
21322 71 279
8545 14244 276
18158 10400 279
1927 31887 308
26564 24309 277
26936 10667 308
1109 15849 276
30288 26492 308
27128 32128 285
14418 28153 308
19848 5886 279
18352 22251 274
23653 25428 264
31947 19425 308
7392 9637 260
27401 29618 272
28381 19981 308
11471 8492 268
17028 24020 282
441 32749 308
27979 7459 308
15069 27562 308
24855 11149 282
30676 21997 308
846 23510 279
14917 30819 308
1528 13264 276
28023 29559 272
29431 70 308
16372 3988 276
13938 22110 279
12433 24718 282
20567 25900 282
29096 18744 308
22603 6641 279
28917 19713 308
18906 18916 155
26873 6395 308
21852 20917 256
7015 21602 279
18526 31654 308
18105 23440 274
14943 12032 276
2187 23467 279
11296 10683 268
8897 7873 252
2760 9768 262
21216 18574 274
15926 10198 276
14227 28204 308
19308 32066 308
14802 26994 308
9379 5892 262
28362 1917 308
29376 1152 308
26738 21694 308
21640 27652 308
23301 8275 279
3901 22045 279
1864 29287 308
6606 6514 244
31761 11516 308
19798 8099 279
29938 11683 308
26561 32279 308
1994 20358 279
22064 11566 279
1036 29218 308
25570 1096 282
21772 22342 269
9514 23339 279
9722 11786 268
1253 18296 279
32567 26718 285
13628 29077 308
23349 22044 269
16643 29902 308
24742 8782 282
30994 702 308
18530 30274 308
14705 365 276
27269 11873 308
9195 22992 279
17897 4305 279
20234 28944 308
7286 24059 282
29512 27292 272
8080 7473 252
19103 21091 274
12664 5613 268
23253 6066 279
6974 21328 279
9373 10906 255
20560 710 279
21473 11887 279
15423 11013 276
13109 17987 279
11329 15362 276
2104 2318 183
27177 8576 308
7264 17356 276
20168 230 279
17601 6855 276
32034 16420 308
25813 17946 282
7645 24147 282
28844 3241 308
10861 9955 255
17165 1076 276
19438 21196 274
5976 1497 238
12027 22021 279
17061 23495 279
21016 2841 279
21972 9125 279
29959 5722 308
11965 24686 282
8220 32625 308
13670 9543 276
8323 26899 308
10400 32721 308
21571 22024 269
31799 21147 308
7066 32063 308
30829 1939 308
13499 12973 276
18090 10836 279
25959 5406 282
19888 12924 279
14215 31293 308
11736 94 268
6227 15118 276
21458 24111 282
21626 3418 279
1620 26837 308
29372 22628 308
28080 5742 308
23348 31708 308
4490 22068 279
16582 24078 282
22735 23753 282
31598 14135 308
29196 12914 308
15431 22499 279
29124 31019 272
22884 6104 279
17519 10686 276
16578 29700 308
5835 14139 276
27106 22464 308
18057 18672 261
25575 11896 282
2323 13318 276
20643 22130 269
15373 20090 279
7570 8101 252
24464 21635 282
12249 6597 268
13514 313 276
17621 18581 279
6209 12687 268
4570 16545 276
19368 24385 282
32641 22998 308
21927 10245 279
19242 11098 279
32667 3708 308
12284 17569 276
32397 19591 308
6613 12260 268
28682 26529 308
16766 5539 276
22662 14397 279
27528 5267 308
15292 7690 276
27592 3476 308
23986 16601 282
10875 25395 282
32625 7533 308
23707 12263 282
25621 23926 264
17177 30398 308
3877 2842 238
12421 12925 263
28315 25266 308
25662 4210 282
6553 20266 279
3958 1281 238
22842 19171 274
19994 26599 282
17698 14110 279
4069 18421 279
27345 6758 308
31001 19426 308
15317 26600 282
1333 7168 262
9657 4897 262
7170 1516 262
6458 31964 308
12577 23063 279
24586 29168 308
12030 28408 308
23271 17616 279
11256 32391 308
11767 1654 268
32088 4910 308
9060 27870 308
24332 25712 264
29066 26662 259
28820 29781 272
22166 29495 308
4296 14113 276
14030 20480 279
5919 14421 276
20207 4130 279
5819 13423 276
15997 27971 308
8394 28585 308
14143 21836 279
21992 17530 279
31945 15826 308
3766 13585 276
18950 8109 279
22997 10055 279
29566 19479 308
19316 2308 279
20204 15257 279
8257 30805 308
24080 16033 282
3085 30593 308
5641 26877 308
5277 3857 215
3827 23138 279
10831 1558 262
29982 28353 272
15150 7399 276
23594 6147 282
18927 12284 279
4597 17835 279
18660 24931 282
30859 15785 308
6515 5785 262
32710 1820 308
4498 23631 282
8900 24254 282
1253 17920 279
916 11218 268
18880 10415 279
16365 21571 279
20098 12606 279
18370 21969 274
31525 32612 285
27794 16242 308
7815 28764 308
32673 461 308
9082 1295 262
146 14574 276
31635 18355 308
10426 11092 268
32003 11971 308
22911 30893 308
2730 28449 308
11358 8938 268
12038 10419 268
15939 4248 276
15420 25345 282
5592 4046 236
28981 18478 308
1377 30229 308
11935 3064 268
16428 25324 282
20195 4236 279
16526 31655 308
27270 24391 308
1135 2105 182
20809 3229 279
22028 8918 279
21161 7526 279
2129 23587 282
16973 4571 276
4961 8730 262
21037 32315 308
15767 27961 308
32210 12903 308
23673 1629 282
788 31656 308
20635 14581 279
7110 16800 276
20203 1298 279
16995 19228 279
31114 14280 308
30365 8130 308
29056 1231 308
29229 23466 308
25043 14135 282
17563 2533 276
26338 17470 282
14495 17318 271
14097 279 276
27921 25796 308
18070 27337 308
10131 651 262
15686 7233 276
22727 16496 279
26107 15618 282
19540 1576 279
5061 19343 279
28151 12810 308
9134 25191 282
12502 6211 268
19267 27877 308
8128 28684 308
2192 26026 282
21392 30081 308
14107 6405 276
25698 23780 264
27646 12662 308
31059 30584 254
14009 8923 276
9166 8922 247
1185 13818 276
10870 27972 308
557 6124 238
27767 28846 259
3452 14199 276
12131 20892 279
7724 21292 279
11445 25908 282
5472 6554 262
3987 28477 308
23124 14481 279
32298 15299 308
24036 28264 308
16719 30890 308
11870 25815 282
14648 29433 308
4014 21632 279
1508 863 182
14282 8611 276
12429 27110 308
25824 29975 308
14039 7246 276
7072 603 262
27803 9124 308
9706 27730 308
22257 13125 279
13943 15563 271
707 8891 262
4622 16867 276
28092 18716 308
11112 9998 268
25701 1405 282
17101 214 276
10040 4149 262
1299 27334 308
17456 5836 276
30011 14347 308
19258 16071 279
15356 23810 282
28188 21316 308
23016 29620 308
27916 3591 308
12991 27190 308
28865 27268 259
24685 26186 264
954 4745 238
12503 17281 276
5031 1418 238
31579 23188 308
73 12485 268
16076 12739 276
19004 9687 279
11571 22379 279
2611 31161 308
13018 24714 282
23080 21038 269
12820 7189 268
6774 13780 276
24974 31298 308
27650 21872 308
31181 21645 308
19496 20032 274
4069 29364 308
31016 4986 308
30250 12096 308
3696 11360 268
7692 26492 282
17161 20735 279
2738 31560 308
2434 3666 217
4063 30244 308
6152 62 238
25664 31330 308
30358 20135 308
32647 18879 308
31921 13503 308
16954 12084 276
16704 20474 279
27763 21450 308
23969 20112 282
4995 20537 279
17286 28396 308
13329 2696 276
17294 31513 308
29383 25857 308
30017 24734 308
6428 21276 279
15887 6642 276
19022 6352 279
16529 21798 279
8666 23824 282
15797 7363 276
9893 1614 262
11425 22066 279
22603 4349 279
19410 8783 279
17630 9896 276
13755 27902 308
348 4094 238
24021 3080 282
16419 32487 308
27551 29589 272
107 28815 308
14406 20835 279
5786 15504 276
29493 781 308
2288 3944 238
13191 24661 282
24142 13538 282
14482 28368 308
744 10079 262
17319 23555 282
4002 18887 279
26348 235 282
1608 10309 262
18043 30479 308
22765 8198 279
18980 26172 282
16255 8566 276
12820 4710 268
16364 7480 276
17454 5292 276
31012 27529 272
22527 7304 279
32246 29925 285
13327 4036 276
23048 9341 279
25615 22836 282
22503 15865 279
130 18155 279
26382 13324 282
20431 7262 279
23818 32615 308
1163 1350 177
2525 659 209
27936 18368 308
1295 5728 238
20572 7421 279
32689 2052 308
13865 32664 308
7000 30935 308
13207 25331 282
143 31762 308
26343 2189 282
9898 12946 268
22808 9144 279
23869 19263 282
3444 4556 238
12290 17397 276
21635 15178 279
24821 22675 282
5571 11072 268
24177 19010 282
1928 24324 282
16445 10141 276
3815 13516 276
14057 16190 271
21610 29318 308
3896 505 238
19162 29722 308
22189 28778 308
11410 26255 282
3943 31687 308
17798 17858 217
2446 13515 276
18614 30893 308
26452 139 282
4079 27788 308
17559 24629 282
1135 28037 308
31757 13639 308
16986 7548 276
13527 2204 276
6897 11696 268
17696 11718 279
994 18392 279
32247 24656 308
6676 22343 279
24806 30013 308
25403 9539 282
11479 14344 276
4037 15789 276
26958 26892 228
25917 29909 308
15682 11265 276
16777 22984 279
18684 1349 279
16073 17235 266
24408 21315 282
6574 20372 279
23852 22075 282
2967 22920 279
23246 25512 282
749 27312 308
18364 26311 282
22948 185 279
18603 12281 279
18456 5041 279
2445 30299 308
6958 10809 260
17055 7230 276
1811 22880 279
30626 8013 308
14107 10539 276
9992 27496 308
24329 4163 282
25850 11128 282
13292 6870 276
15201 23242 279
17940 13568 279
21912 23222 269
10283 25759 282
31125 30278 254
21924 23747 282
27299 17368 308
26295 23141 282
31722 11687 308
32590 17224 308
500 4953 238
3287 14635 276
5278 27622 308
6471 20608 279
19781 14954 279
32340 9886 308
4594 29706 308
31848 25923 308
26710 19976 308
26197 20321 282
25152 16045 282
9891 2504 262
6606 30535 308
15676 5411 276
31637 20389 308
21421 24863 282
3041 17802 279
18205 4339 279
13753 25786 282
27724 13835 308
25105 15409 282
3103 4614 238
14264 3297 276
27952 17837 308
23275 16320 279
16618 2519 276
17955 32155 308
16507 14741 271
14980 5434 276
27376 32345 285
17462 32281 308
30036 20340 308
11052 14799 276
15243 32240 308
28636 16250 308
10811 22169 279
10650 9681 255
6635 21205 279
26238 20513 282
26977 18793 308
8 24636 282
23476 27360 308
5207 16091 276
28630 9672 308
27750 25898 308
497 19970 279
11137 32722 308
6977 16125 276
6829 8615 257
11935 5836 268
29448 27654 272
25875 6948 282
18917 10818 279
21114 7252 279
10685 6151 262
14692 16714 271
8470 32066 308
19204 21952 274
8244 29797 308
26712 16152 308
13675 24512 282
30762 21810 308
15517 20509 279
7578 22374 279
25822 32001 308
11012 1086 268
17408 17885 279
3802 26380 282
12722 6213 268
12069 2916 268
12711 16517 276
22604 18279 274
10826 15805 276
1220 20317 279
20509 5699 279
29669 15330 308
14650 24593 282
23566 27373 308
16516 29860 308
10165 15353 276
13954 29007 308
25531 22103 282
12804 5842 268
5021 1439 238
23896 3850 282
20853 6358 279
28368 1331 308
21649 20327 256
15935 22672 279
6942 19114 279
9379 10392 242
22808 5042 279
29919 14298 308
14906 1961 276
11202 3254 268
29424 26099 308
9152 31450 308
20466 28775 308
25936 16867 282
1113 12421 268
11509 1265 268
11170 31186 308
10449 32217 308
861 4761 238
22332 2021 279
13782 15421 271
17857 25271 282
14068 7815 276
5238 11662 268
16996 3625 276
29662 28036 272
27481 29232 259
1443 25584 282
32321 23064 308
22756 19953 269
19438 13726 279
24566 25357 264
26411 7469 282
22200 13154 279
21951 17727 274
30666 20642 308
11607 27585 308
8837 7328 252
10935 20438 279
19755 12848 279
14073 915 276
2263 21994 279
27748 26633 259
808 7060 262
23850 21013 282
22212 9510 279
8297 12673 268
22239 2756 279
5174 14924 276
16090 15715 253
10330 2426 262
2851 30233 308
9455 6162 262
14090 12931 276
3099 7512 262
23763 25149 264
30614 24409 308
19199 32495 308
27415 31707 285
20060 24556 282
20091 21527 256
10580 10547 149
4991 25017 282
8978 28269 308
30358 27685 272
28292 28300 153
327 22212 279
10902 16495 276
10605 4879 262
334 3482 217
29744 23804 308
1936 22861 279
16067 16971 266
2958 29827 308
8669 6269 257
13534 14642 258
32430 19751 308
9787 14380 276
6722 13582 276
820 6741 262
7364 30555 308
21437 6641 279
24202 4844 282
1419 24802 282
2047 19715 279
18740 14750 279
29566 18082 308
7690 1437 262
26475 499 282
26223 24088 264
20893 1345 279
24793 12495 282
14109 12548 276
28879 31642 285
12109 20531 279
13311 31651 308
29234 7755 308
9770 21594 279
18444 31546 308
30260 17501 308
30259 30565 241
19211 11262 279
28788 19045 308
30769 20669 308
5674 25335 282
3606 15541 276
30378 26283 308
12872 26282 282
4723 6188 262
25724 19035 282
3475 5006 238
8630 7418 252
20319 11784 279
27576 29635 272
30071 12307 308
5709 4979 236
13191 17763 279
12133 20643 279
24688 13993 282
675 26458 282
2217 21152 279
28942 12140 308
16504 1289 276
1943 6443 262
20166 384 279
20104 12097 279
17139 13959 271
10162 25878 282
21284 8336 279
3778 12213 268
3689 25520 282
30973 4284 308
8553 14007 276
1835 23888 282
4520 9891 262
32762 14636 308
18211 9621 279
12251 11634 250
1817 18617 279
14645 14724 271
1898 15377 276
32168 31416 285
13026 2660 268
28500 13137 308
27231 23238 308
31232 30489 254
632 28827 308
18694 2541 279
5301 20988 279
14521 29230 308
30814 19168 308
1148 25545 282
30284 13840 308
14926 8986 276
23892 8226 282
3606 5570 238
19868 3655 279
20219 9146 279
25953 1544 282
27721 28094 259
10209 6832 260
27375 15164 308
13823 23520 279
18624 30972 308
19809 25941 282
9214 28828 308
32530 17735 308
2258 26709 308
7721 24252 282
32683 11024 308
2495 15116 276
28222 30659 272
1177 14405 276
32255 18890 308
20294 15962 279
28858 8201 308
32288 21854 308
2683 3146 217
18013 21788 274
26785 4473 308
23 22785 279
7558 9897 260
29732 21486 308
7281 923 262
4323 7389 262
15063 18432 279
26764 13207 308
25043 9418 282
13911 24242 282
25205 13464 282
18480 10845 279
14064 2239 276
29984 26231 308
31619 18042 308
16171 26441 282
24984 3684 282
3808 3480 238
16422 16125 204
5222 5854 236
16282 24085 282
3668 2118 217
1806 4083 238
25733 15701 282
125 2547 209
10754 19446 279
17598 28158 308
6828 30786 308
11611 10544 268
30601 14236 308
20153 12306 279
18549 15793 279
2247 9797 262
18383 17386 279
31567 17326 308
18881 24811 282
16538 10442 276
13014 26422 282
1752 18580 279
23324 32056 308
25186 25175 233
6421 31080 308
24153 4470 282
17276 22326 279
4910 29215 308
4661 8310 262
5939 32724 308
12393 715 268
17341 7287 276
17873 25965 282
10635 10904 206
18095 23024 274
26808 23409 308
7988 20587 279
5750 23586 282
6849 22456 279
20687 1719 279
21473 18753 274
12942 21908 279
24817 12835 282
32045 2897 308
21857 7603 279
7592 17361 276
19498 20539 274
9297 14493 276
8513 7667 252
3164 14914 276
16013 24072 282
18765 19219 261
10400 7124 260
27835 21749 308
6687 13619 276
31830 15961 308
1143 7359 262
7517 8667 252
32508 20142 308
17437 3692 276
20101 24400 282
22879 13331 279
15323 5347 276
13611 499 276
14764 3296 276
5551 23546 282
19182 13403 279
9468 32504 308
6577 4859 262
31546 832 308
18045 4775 279
408 3710 217
21596 22061 269
588 6035 238
32119 25631 308
2140 12696 268
25040 28445 308
21366 14674 279
6285 15535 276
21583 21256 256
9050 20553 279
18163 17965 186
8114 16128 276
24167 12420 282
1418 5183 238
887 17291 276
15101 5182 276
28431 16304 308
1548 27228 308
32681 31320 285
29149 12885 308
25147 2149 282
3366 14417 276
16261 30652 308
8179 1184 262
6446 4799 262
7309 21636 279
8516 21189 279
17556 15080 266
12413 22551 279
15953 3038 276
23591 17674 282
32194 13278 308
11135 27185 308
6644 8478 257
12783 565 268
24390 13305 282
31100 13618 308
10483 26468 282
15411 727 276
26726 32036 285
6108 20680 279
20201 485 279
14238 19775 279
15291 24990 282
17530 1242 276
20488 8159 279
15252 13766 271
10054 16550 276
17221 19561 279
24302 17964 282
13470 18007 279
27533 23759 308
2819 27188 308
15567 11697 276
4827 25205 282
23400 19692 274
32518 14831 308
17584 27258 308
13207 17754 279
27917 12828 308
11973 22686 279
18414 12330 279
24095 12385 282
10410 4620 262
17533 15832 266
30125 11476 308
20755 11443 279
6095 31198 308
13095 6175 268
28527 18869 308
30015 30612 272
2112 5389 238
21055 31443 308
1735 13916 276
16458 13081 276
29827 12574 308
3841 500 238
10237 14301 276
22750 21202 269
16773 27902 308
32218 20026 308
11758 10947 268
11862 23414 279
31048 10822 308
12062 9424 268
21060 13782 279
29480 1700 308
25826 8310 282
30807 27708 272
6574 27717 308
3332 31644 308
9469 22476 279
30129 6010 308
12688 18411 279
3266 22477 279
9982 22417 279
24495 18660 282
23150 17804 274
18297 10889 279
20999 17880 274
12377 3299 268
22509 25039 282
22995 6913 279
10601 31431 308
3433 11076 268
28066 1416 308
7209 15101 276
11865 20017 279
26760 362 308
6959 28009 308
29211 13933 308
5842 30462 308
24452 18808 282
18545 13463 279
3020 23165 279
16972 26338 282
18838 2127 279
30386 28508 272
25853 25572 233
23698 20180 282
6596 31493 308
20314 1495 279
19330 3316 279
21882 7129 279
12696 21576 279
6134 22641 279
15089 3432 276
32517 7439 308
7306 643 262
23930 19390 282
26776 10475 308
7454 26913 308
19197 8094 279
13458 12715 276
14027 17860 279
9943 16478 276
12506 10051 268
30387 22652 308
11942 95 268
15337 6873 276
25504 26972 308
22391 13450 279
8598 26516 282
7270 23625 282
12607 30226 308
30326 3516 308
10097 24351 282
13656 6723 276
4961 7489 262
24119 11312 282
22847 6368 279
25644 19783 282
21610 29377 308
7899 1606 262
20174 30690 308
24241 11543 282
32712 6607 308
21709 10491 279
14929 23174 279
20986 26461 282
21494 6138 279
30754 24430 308
11547 1787 268
12707 11797 263
12668 14988 276
9573 25119 282
9578 18325 279
30188 6762 308
1567 17684 279
8332 15404 276
18062 26430 282
566 27948 308
11839 7122 268
23839 30559 308
21217 5482 279
19375 12254 279
29717 29302 272
454 14080 276
21898 6129 279
19167 22741 274
24818 29853 308
27052 1887 308
22602 21820 269
11904 13453 276
1889 24127 282
16525 20976 279
23929 3091 282
9890 5546 262
12894 6808 268
13904 1609 276
24422 28582 308
22762 14181 279
4494 21037 279
22274 3902 279
4158 17598 276
29248 12305 308
582 2492 209
3778 23900 282
13799 15366 271
2116 30984 308
24553 3525 282
24008 17270 282
26083 23556 264
19162 9869 279
21532 21334 256
1689 28441 308
17893 11109 279
20397 22480 269
30180 18944 308
5949 31364 308
23669 27557 308
27004 9793 308
25082 15516 282
6956 23666 282
14836 1502 276
9622 25591 282
26845 29121 259
2928 15265 276
15967 8907 276
10911 9877 255
24527 25956 264
19707 28052 308
26461 27912 308
6014 15497 276
12531 30082 308
31002 25343 308
10069 4514 262
541 6509 262
6557 28247 308
26065 29674 308
429 29605 308
6625 32695 308
10839 31873 308
21865 11000 279
29067 12454 308
21754 10906 279
18430 28292 308
28322 6249 308
29632 10419 308
25841 30644 308
4839 23386 279
27737 11685 308
10621 6864 260
10804 14056 276
2036 2915 209
1212 7147 262
19385 7447 279
16865 4373 276
16699 21210 279
9692 19981 279
9463 10430 255
4260 16466 276
14614 17989 279
16204 23491 279
18646 6415 279
30712 10159 308
15647 32685 308
11213 28369 308
17880 17402 279
10504 8585 260
3152 6889 262
9119 2250 262
31313 18325 308
25426 26631 308
31726 10618 308
27270 27391 246
877 21185 279
27577 15572 308
17057 20156 279
2089 6151 238
27499 3689 308
30194 19340 308
12570 27355 308
16993 12344 276
27519 8260 308
11815 27637 308
28025 3050 308
6135 8666 262
13699 3511 276
13611 28751 308
10917 13175 268
8450 24676 282
4982 1554 238
27493 30829 272
4201 14539 276
2596 12700 268
26377 25994 246
1686 16871 276
3585 16072 276
1960 2986 217
9381 3516 262
29042 23023 308
16159 19914 279
24011 5949 282
522 14404 276
22326 27130 308
27789 30473 272
23971 26459 264
18316 2022 279
25000 19371 282
16377 13803 271
10883 19926 279
4148 9599 262
11139 8236 268
6672 23750 282
13688 8161 276
23700 16899 282
13637 15107 271
6950 20401 279
16946 9541 276
17463 23538 282
12341 23833 282
22336 2833 279
18408 4048 279
30166 32217 285
11810 4953 268
8217 4229 262
30074 30575 272
3763 29501 308
32419 31185 285
25593 27457 308
19141 5468 279
14737 13283 271
18403 18552 261
31957 19991 308
18024 15231 279
1712 19498 279
22563 21071 269
6249 27654 308
29443 18362 308
27045 14639 308
3292 1258 217
31192 19341 308
28110 24960 308
23452 18952 274
5559 30505 308
1231 3473 217
2975 25210 282
12603 30311 308
20985 1658 279
12235 2798 268
31686 24920 308
12175 9031 268
763 8061 262
12034 6701 268
16252 14615 271
24719 5819 282
18224 234 279
17722 21144 274
26470 18564 282
12735 22856 279
21069 11816 279
831 3566 217
30043 27152 272
776 30144 308
2771 29078 308
30714 5732 308
32163 13993 308
25054 11073 282
31889 21573 308
19650 14236 279
23636 1747 282
31233 10705 308
21167 13815 279
18613 18023 261
27735 15151 308
22443 32432 308
16613 29872 308
18565 23726 282
9030 4309 262
21187 29373 308
15748 6620 276
8706 2208 262
7274 13435 276
22490 28266 308
21925 4508 279
3575 16017 276
29169 27585 259
5242 6402 262
16473 26461 282
24215 26321 264
29852 769 308
418 6931 262
17405 3757 276
23641 17991 282
8165 25371 282
27349 12102 308
4889 10663 262
30893 7125 308
9645 21831 279
2536 15239 276
1948 25694 282
6292 30529 308
15565 419 276
13129 26198 282
3123 10518 262
14881 6341 276
1073 28252 308
12515 29767 308
23816 31949 308
23498 9390 279
25450 7239 282
19050 14681 279
26350 21659 282
19148 27120 308
23724 25310 264
10689 10170 255
8481 17732 279
26408 21020 282
30000 5170 308
20282 11790 279
5148 10154 262
1480 6 182
20354 19127 274
9492 14188 276
4621 1934 238
26428 30804 308
16970 28416 308
14673 25429 282
8717 20142 279
30905 31168 223
32196 7044 308
16464 8764 276
2054 13850 276
11319 11382 206
14603 25257 282
4768 10077 262
5787 4731 236
12124 8844 268
21530 14262 279
21501 19043 274
8129 31087 308
10252 9991 242
9413 28884 308
20977 29800 308
12744 12270 263
1531 1110 182
27538 13655 308
9800 3306 262
16749 19651 279
5006 8504 262
16705 28254 308
23061 23596 282
5783 25288 282
12260 31471 308
9275 23578 282
32415 17541 308
20332 14755 279
26691 26709 215
653 13997 276
24875 15733 282
15673 23828 282
8670 24418 282
31054 12081 308
9292 30862 308
12563 21142 279
13912 6004 276
14326 16293 271
25007 28086 308
7168 17111 276
1054 12330 268
26052 370 282
19212 21021 274
17992 4644 279
28501 2883 308
21790 1836 279
10055 3244 262
21798 31904 308
25653 6171 282
25749 22000 282
17232 5594 276
1983 1159 182
31803 18878 308
14956 1830 276
15392 6681 276
13902 8378 276
26177 2448 282
19495 24379 282
3490 23407 279
11106 29062 308
28382 28993 228
10645 23559 282
18612 3547 279
26259 1741 282
26289 12142 282
20310 1243 279
6590 21886 279
4897 14357 276
25801 9930 282
700 25689 282
22672 10381 279
3618 22504 279
14400 16594 271
24238 20979 282
31969 25618 308
15974 31267 308
29970 21311 308
9987 1292 262
21308 23736 282
2875 8032 262
21909 8795 279
30828 24939 308
13129 29504 308
15920 9574 276
3294 8212 262
23212 17793 274
23532 17902 282
1943 11500 268
4784 9236 262
26810 30828 272
24291 154 282
15917 15629 222
32419 25062 308
14677 16923 271
25260 28897 308
594 8591 262
11316 1434 268
3835 28885 308
117 32707 308
22206 8257 279
20518 20403 243
13245 5856 268
3505 16391 276
26661 7155 308
28167 21301 308
1779 670 182
6441 6326 200
15258 21557 279
24669 30739 308
79 15355 276
19495 1 279
3348 27238 308
5265 9881 262
22217 28027 308
863 17770 279
5790 20044 279
15372 13845 271
24894 7707 282
25601 21199 282
27583 15622 308
11177 13923 276
883 24820 282
10589 1873 262
5579 15546 276
10675 31140 308
20435 30791 308
16630 6843 276
17580 16608 266
11166 3707 268
6508 21944 279
654 13119 268
11520 8072 268
5360 26227 282
20331 22812 269
3157 6470 262
13451 1366 276
9498 11633 268
14153 2756 276
4146 8257 262
816 6877 262
32249 15913 308
17438 1076 276
21061 589 279
21393 12573 279
23531 8053 282
7176 18774 279
7504 26979 308
15456 4760 276
8618 31029 308
21967 22812 269
9312 23257 279
22001 8811 279
3449 23547 282
11848 26238 282
6631 2537 262
30286 21121 308
21613 3688 279
14779 8139 276
7029 24620 282
15671 13005 276
4229 23938 282
29213 8438 308
22803 17472 279
11572 7819 268
32754 13684 308
20950 5326 279
12080 23452 279
14038 29675 308
17464 9864 276
9362 27289 308
12927 11031 263
19854 30295 308
4942 11655 268
25866 18525 282
14273 10349 276
1750 17238 276
916 19364 279
28639 3961 308
17068 314 276
27915 24804 308
22883 17065 279
15791 30761 308
3580 3600 150
13814 2839 276
30269 2433 308
26544 7788 282
8130 29057 308
9851 13213 268
20756 27190 308
28484 20646 308
14255 5320 276
13190 6861 268
18591 3019 279
2545 31425 308
27742 29286 272
27842 2491 308
5031 10278 262
19474 29404 308
9348 6221 260
23612 21220 282
25376 7156 282
4877 13705 276
32198 6159 308
26425 4704 282
9231 5789 262
7448 4004 262
20405 20222 243
29658 26863 272
3200 2624 217
16812 27335 308
3403 13476 276
23771 11420 282
11220 15564 276
21089 7768 279
28641 24051 308
17482 11551 276
6881 2572 262
28383 24930 308
11452 20404 279
9085 24416 282
29592 24806 308
4261 566 238
26072 13942 282
15585 20286 279
26404 13073 282
4261 1757 238
22261 16310 279
11257 17102 276
19009 27604 308
6432 31669 308
28762 8862 308
4098 19327 279
24600 5399 282
24287 457 282
255 22439 279
29727 31433 285
3717 1956 238
853 10842 262
26029 4579 282
17016 12270 276
7102 6291 257
8670 14975 276
23800 32136 308
25747 14817 282
10032 15153 276
20502 16042 279
1467 31154 308
27929 23366 308
8967 2123 262
15435 21494 279
11398 21202 279
14913 26474 282
18934 713 279
6489 7310 257
4830 29778 308
350 934 179
24527 21675 282
27562 17578 308
18379 12069 279
3206 5150 238
3070 13865 276
3853 31891 308
22603 27303 308
29631 25020 308
29975 11972 308
9491 17961 279
7066 26545 282
29665 6903 308
18165 29779 308
21141 5432 279
584 3369 217
22586 11377 279
6245 24103 282
17668 25422 282
22622 22359 269
930 17960 279
17998 29281 308
4409 32327 308
18192 13432 279
32253 18042 308
21169 24297 282
701 3958 238
26713 1922 308
16214 30250 308
161 6966 262
23572 6519 282
9452 30940 308
4237 1336 238
27168 17439 308
17750 31675 308
31615 5477 308
27655 213 308
32526 21141 308
2184 3006 217
11843 29011 308
27857 2375 308
29999 23512 308
15952 26373 282
20596 20317 243
12189 22723 279
26279 15781 282
28823 2735 308
12178 4199 268
9202 17596 276
25257 9015 282
18786 25 279
12798 32619 308
7668 23458 279
14252 26366 282
3130 1392 217
15853 3244 276
26839 20052 308
23484 28638 308
12825 24645 282
9237 20135 279
32440 9621 308
14584 26961 308
1358 14737 276
16310 3346 276
31974 13853 308
28239 30321 272
24000 22691 282
10831 28470 308
3868 28251 308
23853 31233 308
18614 28729 308
751 31528 308
16165 29191 308
5806 27400 308
14845 20704 279
31628 26516 308
6634 12312 268
23853 375 282
4258 28494 308
19348 15721 279
2699 7606 262
22372 18236 274
3638 18737 279
1931 267 182
21658 16533 279
14126 32174 308
5215 11666 268
7600 30025 308
23288 16297 279
12512 937 268
17496 12356 276
2729 12813 268
24600 17285 282
12653 18514 279
32203 29933 285
14632 14096 209
26679 25192 308
3508 8804 262
7332 18107 279
29558 8775 308
9535 8813 260
4812 22551 279
19893 5597 279
19520 22893 274
31165 23368 308
5909 19202 279
19399 26709 308
29475 27847 272
17264 19874 279
12686 8488 268
17374 2961 276
21357 1743 279
15978 7877 276
26625 25816 308
31810 9026 308
15567 2239 276
9725 18223 279
20137 6907 279
7061 17735 279
11914 24215 282
26163 24648 264
26705 840 308
16191 14200 271
2888 28244 308
13866 17815 279
5029 11624 268
21749 26811 308
11127 3859 268
3876 17844 279
3237 27385 308
28712 10508 308
12633 3693 268
27745 11795 308
8862 30562 308
4191 15096 276
20552 8420 279
18325 18253 199
27273 14514 308
11092 28356 308
25115 7730 282
15704 19675 279
1625 10654 262
4510 3054 238
1647 23048 279
16692 10236 276
4046 29254 308
8422 15370 276
2883 15146 276
14355 19509 279
10115 26121 282
20217 1475 279
17005 30576 308
16948 17074 217
5577 2368 238
13443 31706 308
7928 31447 308
14305 27411 308
5584 26236 282
18534 1030 279
3920 13473 276
6041 12262 268
27984 4461 308
32100 6640 308
11983 5290 268
31376 29788 272
6534 10488 260
10186 6589 260
8926 29076 308
30251 29588 272
29842 30110 272
12592 8632 268
2390 13269 276
13412 24022 282
22041 20909 269
31342 18885 308
8116 15062 276
1451 1381 172
32658 8053 308
3434 1376 217
22300 24312 282
26194 28635 308
24278 8982 282
22870 23683 282
27471 28398 259
12915 24841 282
30789 26335 308
9130 15108 276
583 21255 279
18069 18689 261
23705 8283 282
11062 25452 282
5598 3667 238
26202 30230 308
26777 31934 285
29982 19918 308
1735 20026 279
8472 30815 308
25919 996 282
19690 26418 282
19183 32571 308
26799 6571 308
2868 25228 282
20617 9213 279
30678 26116 308
25021 6849 282
13854 14322 258
24313 8429 282
7507 30116 308
22373 5886 279
16122 2934 276
16029 8905 276
3165 31511 308
7199 8004 252
1090 22407 279
22907 26340 282
30715 22585 308
23731 17025 282
1334 2339 183
14358 3317 276
27421 1284 308
6409 4107 262
11836 18104 279
15829 17892 279
24800 25870 264
23505 28017 308
2912 8048 262
13181 10937 268
11139 29129 308
11348 13774 276
20426 15143 279
26809 3761 308
19184 21003 274
8440 18314 279
30868 14445 308
21999 5810 279
19961 5082 279
7115 810 262
14154 14270 196
29823 13754 308
16336 12887 276
26664 22767 308
6561 2715 262
15872 16195 253
13407 2157 276
30695 18555 308
22881 27459 308
28252 13737 308
18168 14108 279
32252 27723 285
10783 19596 279
17122 20210 279
24362 1309 282
10379 1368 262
19544 26199 282
6777 31841 308
13769 5715 276
27568 19699 308
14527 28064 308
29590 15717 308
10534 20460 279
24644 21390 282
2651 13492 276
5289 15842 276
247 13337 276
19279 30653 308
24522 17851 282
21532 17807 274
28862 8925 308
8918 21576 279
1895 20787 279
26730 18388 308
11024 31797 308
28169 20865 308
21585 30155 308
20160 2973 279
26777 27513 259
6668 31854 308
30300 23068 308
13178 29203 308
5350 31469 308
16232 7549 276
27760 4962 308
26039 17103 282
1841 5064 238
29899 6400 308
18876 11102 279
27127 5657 308
12209 25854 282
21509 357 279
1008 27127 308
21742 5229 279
27643 9024 308
3490 23364 279
12193 22964 279
8899 29906 308
24860 28263 308
6475 21815 279
23188 272 279
1957 18793 279
30321 13404 308
18058 23547 282
14594 5761 276
15354 27669 308
8620 1329 262
12002 23497 279
22205 171 279
12165 4667 268
20454 18365 274
17786 7553 279
29097 22347 308
30384 6981 308
12304 16844 276
5652 19699 279
17965 32406 308
1204 7406 262
17482 18131 279
11079 5094 268
12122 1158 268
20423 24265 282
8750 26594 282
6163 1207 238
27352 23962 308
31473 16278 308
28272 25356 308
29985 7511 308
2583 19258 279
16814 21795 279
15428 928 276
19987 8065 279
7839 6615 257
23284 4472 279
7170 4900 262
31776 30910 285
23952 3286 282
4447 22639 279
21821 28257 308
30069 7570 308
18414 13343 279
18765 17374 279
29590 20877 308
28238 13221 308
25976 30461 308
17686 31111 308
30130 30380 241
937 15362 276
8053 31399 308
11116 6320 268
7372 2262 262
25176 19505 282
4521 15605 276
30304 27671 272
6488 13539 276
7290 19765 279
17009 21321 279
8980 21058 279
22726 1282 279
10402 6255 260
5808 20701 279
13131 21903 279
6873 4314 262
20405 16647 279
172 5584 238
19579 7840 279
25693 30742 308
12189 21652 279
7769 18434 279
20950 5116 279
20945 28670 308
26016 18653 282
6730 25280 282
9684 16871 276
26280 31104 308
12910 7577 268
8347 26298 282
3967 20726 279
6488 22371 279
8269 29323 308
31816 20367 308
310 26614 282
3785 10749 262
6753 20282 279
11720 8103 268
971 27318 308
18177 27699 308
24266 31445 308
32279 31781 254
11893 192 268
2835 2612 191
8918 27513 308
18096 5387 279
30875 22780 308
32031 16174 308
13905 16164 271
8648 6919 257
10363 27052 308
25543 676 282
8296 2144 262
21556 7170 279
6358 24971 282
18335 5144 279
29748 27514 272
27536 6617 308
17358 2137 276
22029 19667 274
6019 5976 187
27653 6269 308
13475 2019 276
14577 21449 279
7518 28156 308
11070 19554 279
3524 9557 262
20833 31041 308
22978 7094 279
12745 25791 282
32178 1889 308
25974 31818 308
8693 12686 268
20210 15231 279
1036 8390 262
5890 565 238
13584 10630 276
985 3590 217
7796 13119 268
11124 13601 276
661 18411 279
3060 2002 217
18139 12716 279
30653 24420 308
30463 13598 308
2732 25359 282
22567 14886 279
3688 11117 268
24813 13595 282
25192 961 282
14442 9335 276
28296 28165 228
29762 29580 241
24510 11044 282
16852 16841 204
25204 31293 308
7364 26534 282
4643 10197 262
3425 11716 268
24165 5779 282
24999 1439 282
23591 23563 145
7263 28149 308
13287 22877 279
23744 14751 282
26308 11208 282
7468 32677 308
8796 6910 257
4265 11152 268
30030 9280 308
18798 19150 261
31163 17254 308
19816 16630 279
6123 14466 276
9120 12075 268
5514 26186 282
21708 4115 279
9654 19768 279
4572 22322 279
3657 20025 279
22374 24825 282
31205 27368 272
3222 14134 276
2604 7046 262
27332 18142 308
2093 6595 262
7328 15462 276
4396 9215 262
3547 7814 262
14372 11780 276
31280 24545 308
6806 14838 276
12943 14262 276
26360 7282 282
31750 12081 308
8258 19054 279
25649 12054 282
10061 11135 268
24684 10312 282
27526 5746 308
30749 7713 308
19002 32163 308
7790 8523 252
16777 19740 279
20224 20769 243
18557 669 279
29857 17566 308
18414 17110 279
28271 12202 308
15514 32370 308
12197 16020 276
10335 26011 282
5845 19495 279
4785 26479 282
29259 26878 272
17747 4675 279
13946 18638 279
4504 30736 308
15055 21697 279
8194 21885 279
16664 26499 282
8767 14541 276
23340 7084 279
6825 3636 262
14704 12659 276
21116 12027 279
13303 24970 282
5193 12173 268
4315 30606 308
31120 7516 308
26673 17874 308
