1 10 20
100 200 125
201 210 89
900 1000 174
999900 999999 259
170362 170501 228
514850 514878 258
209491 209544 218
165944 166073 352
123627 123730 212
217458 217552 218
254790 254870 257
547044 547046 134
492458 492462 152
131611 131681 269
444245 444314 263
239086 239175 306
868720 868782 251
270045 270049 164
810581 810742 388
871962 872085 282
972516 972531 184
659938 660134 292
229794 229881 306
15703 15887 222
502993 503014 165
391626 391726 206
654852 655037 323
798008 798141 300
486789 486955 382
396586 396638 299
349194 349332 229
812702 812810 269
709226 709246 243
807107 807298 344
492940 493082 320
881411 881417 189
865730 865804 233
67122 67140 131
873276 873349 326
759529 759558 194
924503 924660 308
70247 70405 312
885219 885319 295
297340 297467 296
667048 667116 305
652477 652537 354
231969 231976 182
92238 92278 178
542664 542748 209
263539 263719 270
858460 858639 251
191036 191046 223
331795 331823 216
696349 696378 199
707355 707390 199
214263 214410 249
155612 155695 171
445755 445791 263
238419 238539 244
652537 652583 217
420754 420884 312
261971 262121 270
199259 199362 267
800808 800864 238
580333 580344 191
752235 752368 318
487096 487263 320
96675 96810 222
340682 340838 229
55451 55566 260
640836 640856 217
383750 383794 299
963504 963544 233
570577 570696 266
795312 795362 225
418540 418670 312
448177 448208 232
491710 491753 258
216448 216641 231
514599 514736 364
323815 323961 278
752392 752462 287
533537 533572 320
313588 313641 278
913193 913291 220
820627 820806 313
382561 382687 286
965243 965256 233
840674 840783 251
649077 649197 385
48951 49100 190
688627 688711 212
678725 678767 261
840703 840730 243
444546 444560 219
830062 830157 313
969747 969872 321
59191 59192 211
229503 229539 200
632859 632973 248
975005 975164 321
650582 650675 292
512160 512181 258
312508 312509 159
637922 637941 279
691498 691575 274
610430 610583 266
989381 989535 290
732981 733136 318
899287 899472 251
241181 241286 244
937027 937225 339
73255 73416 294
896648 896814 282
794118 794249 269
287498 287567 221
461467 461508 232
773637 773663 225
615280 615451 235
304104 304119 159
853649 853817 269
777328 777503 331
498077 498156 289
796901 797007 375
636946 637101 310
311667 311704 247
834021 834135 313
613199 613295 204
382590 382611 237
540224 540235 116
360390 360524 286
128619 128759 331
472893 472903 289
216624 216708 218
168910 169085 334
854603 854787 300
70515 70572 250
433948 433969 250
107987 108145 279
267096 267225 345
758578 758624 194
963215 963361 277
400197 400290 237
953060 953225 246
677931 677968 292
405487 405564 281
457952 458072 263
775068 775077 207
122709 122787 181
589605 589645 266
559345 559495 284
645183 645368 310
899513 899538 251
601072 601234 297
16493 16679 235
174090 174164 228
946592 946656 383
668575 668710 323
965655 965778 259
173308 173433 347
75867 76004 263
52223 52244 172
845931 845975 269
498744 498912 258
323415 323563 291
16874 16880 173
540253 540410 227
717627 717824 318
67711 67791 281
690952 691033 336
75442 75444 108
24778 24909 264
27530 27668 184
406330 406362 206
94385 94406 178
762409 762584 287
132627 132686 207
365927 366062 330
117012 117038 274
420253 420264 175
156383 156577 295
514276 514292 196
615720 615828 310
63693 63778 255
493804 493934 289
982097 982188 321
588822 588959 253
864126 864190 282
309367 309402 309
396397 396472 268
373613 373659 286
255596 255718 226
237320 237403 306
540333 540412 227
88355 88462 196
113279 113345 230
783285 783297 132
906473 906667 308
776695 776850 300
713010 713163 243
68696 68815 237
672106 672198 261
584850 584986 341
688110 688232 199
637847 637925 323
425422 425538 356
321094 321133 216
902172 902179 202
944663 944848 352
788062 788165 269
628572 628603 204
413527 413610 250
923310 923480 233
849102 849115 251
703558 703666 305
913787 913929 308
563873 563899 271
217500 217610 249
438451 438567 294
280047 280227 345
695356 695419 243
362104 362277 242
288797 288866 234
169098 169122 228
268856 268873 195
755709 755909 318
69154 69257 250
959788 959809 215
703402 703590 274
468516 468705 276
719714 719756 274
803244 803298 163
808464 808515 238
950525 950708 321
482051 482116 276
707468 707608 230
936241 936369 277
168480 168628 197
588840 588854 147
671661 671792 323
910027 910034 202
260172 260285 208
317421 317544 247
833692 833741 189
628247 628270 204
979071 979260 321
464783 464852 263
781478 781496 225
494720 494811 351
763829 763886 212
831256 831387 251
832079 832204 282
217870 217990 218
487255 487397 227
179422 179466 241
969939 970090 290
667968 667969 62
997322 997386 290
437363 437556 263
567570 567703 346
498359 498417 320
596797 596971 266
337357 337371 136
483105 483128 214
890252 890261 158
453895 454039 232
371842 372013 317
51442 51524 234
986097 986133 259
986677 986713 171
269559 269756 301
923469 923651 308
365371 365390 211
914165 914352 264
879113 879209 326
337835 337898 229
744728 744872 243
50457 50569 234
226279 226330 231
701508 701689 411
819912 819943 207
994448 994488 290
579016 579019 222
871386 871558 282
311173 311362 309
674911 674990 230
833299 833324 269
770092 770112 163
896767 896805 233
713309 713367 305
886229 886366 264
317961 318150 309
202433 202598 342
298047 298052 159
535233 535316 271
165933 166132 352
969152 969340 321
349020 349128 291
426636 426803 356
279745 279926 252
592490 592601 266
156355 156548 295
871183 871330 251
374895 374910 255
65842 65908 162
400839 401014 299
674257 674259 186
781254 781377 318
927390 927525 339
721316 721465 274
442231 442237 232
942003 942104 246
272409 272545 208
787909 788038 362
458681 458758 263
722969 723017 243
899735 899929 233
329629 329744 309
518648 518683 271
981591 981604 290
698522 698596 305
737406 737447 318
95144 95248 222
172130 172237 228
119116 119206 274
624458 624537 341
948744 948859 277
612139 612207 204
878541 878561 127
662955 663128 292
867508 867570 251
84273 84294 196
811118 811144 176
968041 968053 215
589005 589069 235
90008 90078 201
40003 40175 275
166214 166409 228
706707 706894 274
633548 633673 310
394466 394665 405
182150 182185 272
977219 977311 246
943444 943611 339
274604 274669 239
800212 800403 318
861041 861098 313
85634 85825 302
995584 995612 290
431997 432108 281
13966 13971 152
617789 617958 235
239850 239981 275
152515 152590 220
579299 579391 328
648368 648427 248
932921 933089 277
949928 950095 290
951876 951878 52
904633 904692 339
557838 558035 315
880864 881060 295
897909 897992 295
965422 965515 246
362956 362958 211
161252 161426 277
806943 807136 238
604551 604654 297
707662 707675 212
648380 648457 248
741882 742067 212
149198 149393 233
763103 763175 238
473223 473380 307
780657 780696 300
988902 989041 308
341018 341193 304
361033 361059 211
320848 320858 278
181897 182043 210
381962 381990 149
374529 374551 211
868293 868481 339
927271 927377 246
684683 684735 230
430573 430616 175
675680 675714 230
546623 546648 284
886512 886517 127
424373 424564 281
612693 612814 310
337525 337564 366
721820 721953 367
980395 980432 259
984234 984385 259
322560 322684 309
362162 362177 149
229791 229967 306
648531 648546 217
401466 401483 193
683526 683619 230
291656 291734 190
308170 308230 203
61537 61731 286
69869 70034 281
721979 722101 318
359093 359171 229
361265 361431 286
866289 866423 269
502718 502902 289
97059 97209 253
18929 18971 230
510478 510536 227
592681 592793 328
351804 351962 304
841768 841956 238
588328 588437 222
29826 29907 166
45779 45912 239
189443 189597 254
346984 347074 211
250893 251068 288
757311 757493 318
9626 9749 185
171933 172133 228
645327 645341 186
887520 887699 256
273226 273366 283
78717 78794 338
334268 334411 322
462068 462229 369
542833 543003 271
384053 384218 255
786896 786943 300
600757 600954 297
84548 84557 108
617562 617609 279
211252 211321 249
783367 783428 287
498700 498783 258
126098 126135 225
984217 984253 352
746586 746770 287
814884 814971 238
751622 751799 269
352857 353008 335
420904 421062 219
599681 599868 253
343459 343471 211
236766 236939 213
732760 732881 256
606371 606376 235
105547 105736 248
338030 338098 335
512417 512595 333
935451 935549 414
600545 600739 279
826544 826659 282
378173 378198 255
845981 846058 264
585188 585333 359
331905 331980 260
84035 84198 320
816740 816885 344
305130 305250 265
598432 598616 297
408846 408880 312
620093 620235 235
697665 697669 155
832902 833018 189
749050 749072 225
902602 902640 264
696332 696508 305
164914 164963 215
159970 160150 207
953861 953940 308
548015 548108 315
159099 159238 277
666349 666418 292
708329 708466 243
379899 379978 255
643352 643482 279
765860 765998 256
822246 822248 114
102993 103067 235
46116 46199 239
211561 211740 311
293392 293502 221
78019 78211 276
731142 731170 212
145556 145571 189
963721 963781 215
908636 908711 233
518103 518278 302
657172 657220 217
36269 36283 187
722651 722830 367
800885 801017 282
833371 833387 282
450666 450667 87
191832 191942 285
573390 573410 253
623471 623477 204
173516 173638 272
178075 178241 347
722913 722950 380
735563 735679 424
492117 492258 258
210739 210878 249
396572 396607 299
59088 59088 74
506640 506691 227
175529 175690 272
120839 120927 212
684394 684423 230
616574 616675 248
104744 104899 204
183898 184044 285
96366 96438 297
895309 895343 202
427728 427821 374
812315 812439 313
601748 601788 266
246722 246760 182
512545 512665 333
619827 619912 266
650856 651030 292
46754 46808 221
132134 132184 194
230723 230903 262
532606 532763 377
283950 284122 314
67445 67599 281
331082 331129 229
298107 298237 265
722905 722912 243
677541 677689 243
614993 615143 447
759696 759886 269
834085 834148 313
495612 495724 320
813395 813520 269
128783 128877 225
724745 724823 256
143258 143424 251
287102 287286 283
968928 968933 153
983967 984128 259
437194 437228 157
772087 772222 269
803010 803099 251
596991 597133 222
345465 345487 185
167403 167431 259
244459 244654 244
853256 853434 357
572298 572340 191
949786 949810 290
940999 941014 264
836123 836247 282
82071 82160 214
161353 161473 277
214123 214239 293
233693 233770 244
596177 596309 266
734532 734706 274
553573 553693 346
562256 562433 284
645152 645233 310
414391 414448 312
862113 862230 295
679158 679203 292
68877 69050 237
636715 636734 248
371259 371403 317
861419 861499 220
913939 913940 109
957024 957159 246
881325 881360 202
142109 142150 220
201951 201988 197
91359 91554 333
865605 865701 370
361934 361962 273
788745 788790 238
91763 91915 209
179351 179404 303
724032 724144 243
307904 307929 309
133617 133703 313
736274 736447 318
693015 693096 186
735481 735574 318
866803 866978 233
646188 646352 248
580677 580793 253
203381 203576 267
475927 476002 214
386559 386714 255
794913 794947 269
69238 69248 237
44338 44341 195
638342 638428 248
267995 268147 270
453435 453489 245
829710 829761 274
28769 28782 197
984385 984515 197
922537 922723 308
490567 490619 320
927201 927397 321
123192 123385 287
487323 487433 227
240429 240629 368
852380 852516 313
811172 811291 287
637088 637286 310
646348 646404 323
511938 512091 289
286903 287042 283
262005 262090 270
910373 910448 264
829049 829159 375
181416 181587 272
899725 899789 225
256349 256395 213
614946 615094 447
208138 208282 187
731938 732124 287
374246 374402 255
216761 216830 342
175096 175170 228
416985 417131 299
447513 447672 232
131943 132035 287
232949 233147 306
811771 811839 251
619732 619818 204
4718 4810 197
929833 929899 339
108920 108992 217
853490 853554 269
735549 735601 318
777058 777203 300
412868 412883 206
797002 797177 269
158570 158587 171
557794 557803 147
495658 495769 320
501921 501939 196
323333 323506 291
405242 405286 224
358406 358565 348
402843 402921 237
787821 788001 362
571784 571836 222
460964 461082 276
172150 172206 210
969475 969674 321
631540 631629 217
948707 948890 277
571288 571482 284
396105 396278 330
923677 923815 308
650505 650634 336
93630 93742 253
92668 92696 165
336765 336792 260
424233 424272 281
196345 196403 174
528558 528652 302
732046 732147 243
11033 11173 237
831821 831889 282
292394 292508 340
335457 335584 260
685245 685303 305
113007 113152 230
296430 296538 309
711967 712112 243
970449 970608 458
518227 518351 271
942166 942347 277
881274 881433 295
142522 142547 220
974993 975058 321
421782 421903 281
616856 616958 217
731964 732116 243
238728 238883 257
681568 681701 336
212663 212758 249
989772 989918 215
253403 253547 288
857836 857845 189
996305 996323 290
83594 83595 165
164372 164551 334
955120 955293 259
554238 554260 253
613068 613250 266
440130 440240 201
199745 199866 223
290461 290526 190
526866 526914 152
853930 854029 238
427224 427387 299
483827 484012 307
166675 166837 303
7743 7770 177
735158 735300 256
241675 241749 213
619709 619784 204
186269 186430 223
978642 978695 215
342975 343070 273
538263 538346 240
949853 949863 153
129194 129359 300
542470 542581 346
693981 694000 212
983343 983400 277
958558 958752 321
254917 254983 226
801319 801487 344
94369 94443 191
775490 775630 300
921864 922004 277
920112 920181 233
293054 293227 358
254728 254796 226
118948 118953 274
173893 173955 228
240413 240599 244
323110 323275 322
485064 485079 214
973129 973273 321
437619 437810 263
191519 191662 329
361700 361892 255
417973 418073 281
826981 827035 238
49192 49272 234
883049 883225 264
273753 273886 195
89571 89700 240
380998 381102 255
734168 734347 287
95075 95121 328
16438 16485 266
245619 245817 319
167929 168068 228
567509 567693 346
233895 233981 275
430750 430837 281
277955 278057 190
442932 442962 232
626727 626757 310
512640 512819 227
86333 86369 196
49883 49961 203
458575 458635 201
871382 871386 220
60804 60957 211
712537 712724 411
938024 938070 184
133871 133937 300
297740 297872 327
162476 162656 339
723577 723686 212
334246 334282 167
717069 717178 349
889646 889767 295
328020 328108 260
899353 899546 251
669646 669719 261
363800 363987 286
333528 333634 304
76056 76153 307
711119 711172 318
594991 595122 235
928111 928200 383
706513 706604 243
120258 120304 212
996594 996701 290
15892 16052 253
977929 977955 228
873428 873470 189
489626 489660 214
383913 383938 255
251709 251741 182
497917 498065 351
562387 562554 253
477147 477148 245
587694 587723 222
109093 109190 186
609231 609334 310
327610 327670 291
285080 285193 376
662067 662228 230
794160 794202 269
657944 658101 398
217547 217563 200
684309 684334 230
468672 468690 276
706497 706612 243
177829 177861 166
713382 713495 274
300002 300151 371
27609 27708 228
136247 136378 313
500949 501039 289
63803 63974 224
644388 644489 248
871621 871788 202
546282 546443 284
811239 811429 287
51363 51556 234
661063 661233 292
497430 497465 258
807450 807510 300
808780 808941 313
859935 859938 127
972611 972638 246
509332 509447 289
883660 883805 295
778647 778772 225
899761 899813 225
282617 282680 314
105335 105417 248
804878 804916 163
341717 341913 216
597088 597252 328
705535 705677 274
434510 434594 325
984007 984114 259
235547 235627 275
224706 224719 112
223136 223267 262
724384 724510 243
438891 438900 294
273475 273614 239
577134 577198 328
252801 252993 244
191143 191220 192
221582 221617 231
618922 618992 279
7271 7291 177
407705 407772 268
427779 427882 325
41891 42089 226
682928 682991 261
772857 772913 393
314341 314499 234
334328 334344 260
290170 290364 190
643238 643285 217
840158 840258 282
594965 594979 297
440945 440971 188
752839 752856 150
282041 282075 177
824528 824720 313
68162 68321 312
847200 847281 282
271529 271670 252
509592 509785 258
230265 230448 200
568989 569060 240
916852 916954 233
406692 406888 268
433884 434056 250
912866 912907 246
285917 286053 283
171064 171214 241
491325 491354 183
359303 359317 242
460073 460119 201
875389 875553 264
926297 926463 277
916030 916172 264
911467 911513 220
22019 22156 269
218246 218422 324
1377 1510 172
671429 671488 261
338806 338930 291
613471 613644 279
565436 565568 284
562661 562786 315
837828 837924 238
134226 134309 269
368282 368409 317
241999 242192 275
722861 722960 380
166024 166155 259
656027 656176 354
397102 397122 268
357567 357726 242
701482 701484 199
763105 763231 256
782464 782509 238
495147 495300 320
478096 478239 276
134348 134516 256
114383 114462 217
957802 957847 246
46133 46226 239
30179 30272 241
930394 930540 264
386311 386364 255
471088 471134 276
959603 959753 277
362123 362284 242
168378 168508 228
5207 5315 192
863669 863712 220
402644 402707 268
308924 308929 216
794316 794447 300
287189 287297 283
262131 262197 226
935206 935406 269
586789 586956 328
564124 564141 160
808886 808950 269
940023 940042 215
537821 538021 346
944018 944078 215
875717 875723 220
248762 248957 288
747370 747432 256
988735 988831 259
280160 280292 283
423474 423475 113
187299 187351 329
96645 96755 222
613358 613547 266
761689 761887 362
579161 579294 253
844724 844827 313
39297 39427 244
900597 900690 264
250978 251148 288
545510 545666 346
418675 418842 281
181529 181585 272
89215 89327 302
387113 387117 131
818314 818432 344
699247 699306 305
890233 890348 264
310478 310625 278
20690 20831 256
206904 206973 205
440666 440730 294
947338 947466 295
725491 725509 225
935154 935221 246
383969 384067 286
144836 145024 251
507396 507442 289
509651 509716 258
953391 953423 277
480389 480509 413
60289 60331 242
772240 772336 256
46409 46421 208
306477 306503 203
570314 570476 377
886979 887107 233
191735 191870 223
551358 551367 165
876429 876485 220
371289 371317 224
685679 685766 261
111356 111549 323
518158 518262 196
51835 51879 247
2602 2672 191
14378 14437 196
897386 897554 339
204268 204377 267
736096 736212 287
106146 106268 354
328061 328062 123
158832 159021 246
891743 891864 251
132217 132323 269
715254 715254 124
300613 300736 234
522698 522817 196
578381 578502 253
385748 385871 255
360960 360975 154
769460 769647 393
145197 145305 189
332160 332193 260
399044 399213 299
711516 711604 243
15201 15401 240
332655 332676 229
163634 163813 321
729088 729170 243
