8 50 112
74 59 116
31 73 116
45 79 116
24 10 21
41 66 113
93 43 116
88 4 116
28 30 19
41 13 112
4 70 113
10 58 113
61 34 113
100 79 119
17 36 112
98 27 119
13 68 113
11 34 112
80 50 116
80 22 116
68 73 116
94 37 116
86 46 116
29 92 116
95 58 116
2 54 113
9 45 112
69 91 116
25 97 119
31 4 112
23 67 113
50 25 112
2 54 113
78 9 116
29 34 107
99 82 119
36 14 112
66 15 113
64 37 113
26 70 113
16 95 116
30 2 112
18 96 116
6 5 9
52 99 119
89 24 116
6 83 116
53 67 113
17 38 112
39 45 110
2 98 119
72 29 113
38 59 113
78 98 119
95 5 116
10 32 112
46 76 116
36 99 119
43 100 119
69 13 113
61 58 33
95 9 116
96 69 116
14 31 112
7 63 113
43 66 113
83 53 116
68 22 113
96 13 116
72 2 113
91 32 116
39 58 113
17 91 116
41 80 116
36 7 112
73 99 119
96 20 116
55 24 113
90 61 116
6 27 112
24 7 21
14 71 113
39 95 116
21 45 112
67 35 113
27 95 116
64 39 113
45 91 116
51 60 113
24 48 112
86 18 116
73 40 116
48 86 116
97 86 119
24 21 16
45 69 113
36 16 112
26 35 112
43 12 112
80 53 116
45 96 116
19 97 119
93 16 116
92 34 116
70 98 119
54 48 113
26 11 24
63 12 113
9 78 116
62 26 113
36 69 113
96 77 111
68 40 113
75 32 116
57 2 113
73 61 116
95 85 106
56 90 116
8 16 20
94 70 116
81 56 116
56 7 113
64 3 113
77 9 116
50 32 110
45 39 110
9 98 119
52 50 25
4 32 112
32 15 112
20 76 116
10 81 116
30 24 112
55 61 113
38 46 110
18 26 24
1 57 113
65 98 119
49 5 112
51 51 25
77 13 116
55 98 119
5 82 116
49 66 113
79 100 119
10 30 112
54 84 116
48 8 112
74 23 116
6 77 116
54 25 113
31 67 113
1 45 112
71 86 116
17 99 119
56 34 113
58 77 116
79 67 116
58 12 113
79 15 116
20 38 112
34 92 116
21 63 113
34 98 119
32 89 116
90 74 111
78 5 116
59 1 113
55 61 113
16 48 112
81 31 116
56 47 113
8 39 112
1 27 112
36 58 113
14 15 18
94 61 116
55 19 113
58 86 116
30 16 112
64 3 113
18 44 112
20 68 113
48 70 113
96 4 116
74 4 116
49 86 116
59 60 33
7 31 112
25 33 112
74 4 116
98 21 119
51 32 110
81 4 116
1 21 21
34 59 113
4 77 116
51 35 110
81 80 23
33 75 116
50 43 105
350 872 179
411 980 179
1084 1071 169
141 824 171
751 1072 179
330 419 134
847 400 171
331 722 171
877 225 179
345 1059 179
797 872 179
165 661 145
699 852 171
1041 604 179
652 902 179
306 181 128
519 375 142
750 514 171
421 126 144
113 884 179
889 218 179
109 651 145
425 296 144
358 612 142
791 767 153
511 694 145
654 666 145
1061 843 179
504 453 142
408 242 144
1011 301 179
900 228 179
272 888 179
515 726 171
742 618 171
449 943 179
416 1075 179
546 474 142
321 1012 179
340 155 144
406 1030 179
354 290 144
267 457 144
405 961 179
999 693 179
821 217 171
681 968 179
453 1040 179
799 1002 179
912 717 179
992 772 179
829 772 153
762 146 171
221 341 144
259 554 144
728 451 171
812 664 171
695 634 145
828 928 179
896 632 179
543 617 137
107 616 144
1025 702 179
198 762 171
204 425 144
209 1037 179
382 116 144
811 317 171
1006 1074 169
882 821 179
892 270 179
966 928 174
637 829 171
226 485 144
268 1050 179
577 147 144
677 767 171
568 621 132
485 1092 179
311 359 144
312 845 171
619 819 171
1035 926 174
868 790 148
919 115 179
926 1019 174
129 130 122
135 828 171
341 855 171
641 497 137
1036 184 179
149 966 179
112 353 144
165 977 179
338 776 171
346 811 171
516 293 144
811 848 135
138 400 144
548 816 171
794 680 171
230 265 128
1080 602 179
626 390 142
1059 134 179
901 190 179
771 318 171
947 139 179
644 439 142
1037 422 179
820 597 171
348 889 179
460 1088 179
136 336 144
1013 785 179
1090 885 174
835 768 153
620 716 171
146 1077 179
762 926 179
920 732 179
1004 799 179
899 740 179
105 604 144
780 866 148
492 208 144
1025 466 179
222 555 144
207 551 144
804 933 179
133 242 128
755 1078 179
318 1001 179
390 566 142
848 723 153
980 418 179
617 149 144
863 130 171
140 809 171
1004 758 179
862 853 148
567 722 171
658 1097 179
1056 1031 169
595 656 145
322 413 144
394 528 142
333 545 142
892 299 179
253 957 179
671 404 145
540 1015 179
900 867 179
936 1022 174
144 853 171
187 820 171
251 511 144
724 770 153
706 1044 179
412 532 142
1093 917 174
800 1072 179
740 471 171
937 992 174
958 934 174
429 278 144
511 784 171
277 590 144
192 535 144
812 1005 179
127 992 179
891 623 179
465 991 179
985 914 174
542 228 144
280 885 179
638 971 179
662 682 145
266 903 179
833 433 171
955 860 179
948 478 179
563 111 144
920 251 179
478 1042 179
937 821 179
400 213 144
860 1057 179
491 253 144
149 115 122
145 1019 179
251 202 128
396 922 179
832 602 171
346 1062 179
158 611 144
1029 906 174
274 238 123
770 197 171
604 522 137
9676 9519 198
5301 7490 262
1263 3055 217
9264 9644 198
5890 6251 262
7736 10416 260
2365 3495 217
1964 8759 262
6653 6093 262
8317 7715 252
2421 9061 262
8451 4369 262
9742 2848 262
10197 5788 262
3502 9235 262
4129 1572 238
8449 8876 216
8254 2872 262
10330 3294 262
4720 4472 184
9821 6765 260
2080 3631 217
5411 9081 262
7114 4343 262
9139 9383 260
7045 9829 260
9394 4576 262
1981 10001 262
6597 6948 257
8371 7088 252
7544 3734 262
3853 1262 238
7825 5401 262
3381 1779 217
2858 4424 238
10499 8015 260
3846 2663 238
9510 7611 260
7850 10219 260
10291 6056 262
6744 9556 260
7386 7535 239
7276 8322 252
2152 2227 183
6252 5460 262
3784 7715 262
7438 8880 252
8699 5101 262
4138 5286 215
6879 9285 260
1343 5916 238
6961 4068 262
6141 1708 238
4567 1729 238
1563 7364 262
2970 3891 238
3624 3279 194
8314 6762 257
8011 5841 262
7979 7001 252
8395 5508 262
8657 7552 252
2787 4432 238
5545 1740 238
9777 8585 260
5253 5109 179
6515 2455 262
6020 4029 236
7672 3371 262
7664 8948 252
5025 5544 205
7855 7009 239
5982 1553 238
7289 9164 252
9360 2020 262
6380 6357 200
10462 9488 255
9354 4900 262
6789 5245 262
10881 3467 262
9284 6275 260
1237 9910 262
9568 2835 262
8940 10685 260
10652 10550 255
10267 8468 260
1111 10590 262
7328 8774 252
6582 10296 260
8937 8875 185
6436 9232 257
7973 4029 262
10799 10071 255
5588 7298 262
10090 3647 262
10091 9112 260
7613 8464 252
3113 4782 238
2952 10231 262
4322 4214 202
6129 2951 238
9601 9960 242
10755 10993 268
6195 4331 262
9633 4560 262
9778 8780 260
9633 4273 262
7384 10082 260
8154 3623 262
9522 8957 260
10819 6592 260
7901 1197 262
5121 3705 238
4600 8130 262
8145 10176 260
1871 9417 262
5600 8081 262
5619 5289 236
10453 9129 260
3801 8663 262
5841 10150 262
7386 7584 239
5516 1660 238
5879 6960 262
9562 9383 198
9049 5055 262
10441 2382 262
9771 3029 262
1252 8545 262
6870 8596 257
3470 3711 238
9173 6924 257
3126 7220 262
9851 2432 262
2244 8847 262
6870 7671 257
2395 5611 238
7393 2065 262
10525 10362 255
10520 4621 262
2563 2662 191
4726 10435 262
6950 3091 262
8323 7261 252
1094 10929 262
6123 7382 262
7367 7469 239
2024 3723 238
7640 4518 262
9794 10365 242
10179 2957 262
7772 9342 260
2356 1837 183
9490 10729 255
8121 5903 262
1313 10617 262
4348 4947 215
3852 3673 238
6812 7524 257
2737 3606 217
10608 1634 262
8867 2554 262
2413 8926 262
5041 10154 262
5258 2734 238
9296 9140 260
3252 2259 217
3695 5161 238
2139 10930 262
10876 5599 262
5293 6634 262
5563 4277 215
4237 1647 238
4874 10465 262
8485 3193 262
5120 4843 210
10329 9860 242
1263 5146 238
6717 8128 257
3173 9749 262
5001 5371 192
2399 2293 183
10546 9929 255
3301 3144 199
3193 4564 238
5784 5273 236
10802 5010 262
7222 5487 262
5514 6770 262
3532 6358 262
6820 10487 260
7857 10817 260
5255 10755 262
10815 3616 262
7538 3967 262
8298 9878 260
6761 8413 257
1192 9232 262
5175 3464 238
5878 1325 238
94785 27834 351
6751 59528 340
45000 77430 351
99610 12145 351
55365 72452 335
32813 51980 324
24135 32408 308
93584 67601 351
14260 88311 351
754 15892 276
79322 73226 351
65254 13930 340
36097 30554 324
30662 84859 351
27492 22964 308
42921 40769 288
81688 16527 351
55473 35220 340
55642 38205 340
82952 88093 333
58446 81371 351
49475 41963 314
96177 25318 351
25827 58414 340
23345 62572 340
85980 51036 351
68130 57289 335
59849 979 340
5618 17724 279
47839 19509 324
88930 94927 333
29969 71807 340
25200 32256 308
59830 23277 340
3489 27897 308
2820 61865 340
91138 92417 333
80319 4492 351
80684 18399 351
91121 19749 351
89962 5652 351
11019 75978 340
79947 18662 351
31479 12229 308
25064 25236 264
71507 91309 351
78969 55680 351
4120 7324 262
49678 79393 351
78954 56979 351
51854 89296 351
8272 48476 324
40205 66963 340
28033 8820 308
83532 34036 351
9469 52469 324
52611 50235 340
67271 6779 340
6266 69046 340
43280 89076 351
75328 12688 340
25364 59038 340
75767 74535 325
3084 18676 279
26185 59556 340
44157 17400 324
63665 52094 340
57887 20634 340
44925 88048 351
195 71331 340
36768 25666 324
6911 31683 308
56806 96315 351
79653 76242 351
73586 37592 340
97807 64761 351
17961 913 279
10404 63431 340
1086 14201 276
48586 84468 351
30485 3989 308
55201 95687 351
80101 45496 351
28200 61103 340
4429 67184 340
93918 7137 351
87803 74490 351
56579 39726 340
20790 46723 324
60596 40606 340
42320 38692 306
20722 17775 274
98515 69863 351
75707 71284 325
34627 16420 311
23802 94331 351
97645 52376 351
23259 1463 279
3132 46737 324
60721 8309 340
61025 86948 351
80509 88412 333
19398 56001 340
78315 61897 351
34000 95646 351
92534 14963 351
80540 13755 351
58822 94287 351
76537 11 340
14663 78174 351
14494 6636 276
74989 84572 351
6839 4822 262
64892 98414 351
50561 89958 351
44093 58744 340
89776 32769 351
30414 416 308
16637 19892 279
23348 54370 340
54833 24135 340
28929 95144 351
40880 10907 324
39055 25808 324
32538 35204 311
4422 27448 308
51035 51950 309
19417 67760 340
81939 78551 338
35184 52187 324
81097 59686 351
70525 97923 351
60364 29182 340
73013 33252 340
72203 35496 340
61537 33455 340
2209 46981 324
8032 20831 279
32096 66715 340
13113 12137 263
29938 22010 308
15686 42920 324
84382 69611 351
99909 11610 351
99440 32868 351
96120 11267 351
75000 44521 340
74516 42578 340
59923 97143 351
3981 35882 324
26886 10031 308
56326 12437 340
46995 43946 314
52603 23234 340
28481 63457 340
92835 76518 351
98882 8782 351
33459 62806 340
74993 74161 325
48652 16202 324
8543 53945 340
49636 7556 324
21873 57444 340
47323 37014 314
78442 84782 338
85780 69519 351
47161 61730 340
64956 59083 335
29365 3033 308
19314 59196 340
34329 22505 311
19856 37712 324
3882 11611 268
99905 92552 328
77617 96762 338
48865 45406 314
32123 65114 340
4944 48637 324
85119 52995 351
52189 53744 340
17640 74503 340
70344 55071 335
36220 48213 314
3318 9933 262
27783 74098 340
47860 47074 314
35591 44820 324
44011 80912 351
53016 34979 340
28543 96046 351
48271 60563 340
3009 73984 340
31100 40710 324
38214 18551 324
42952 54666 340
3503 51618 324
14954 35300 311
17917 7585 279
11870 67443 340
23504 41516 324
10 8 20
3 5 8
3 5 8
7 8 17
6 10 20
3 7 17
3 10 20
7 10 20
10 9 20
1 4 8
7 4 17
8 6 17
9 8 20
8 2 17
7 2 17
4 5 6
4 3 8
3 2 8
2 2 2
3 4 8
4 1 8
1 5 8
6 8 17
1 2 2
9 7 20
4 1 8
10 7 20
3 9 20
5 7 17
7 3 17
6 2 9
8 2 17
9 5 20
1 8 17
8 2 17
3 3 8
8 5 17
8 6 17
8 4 17
9 10 20
4 8 17
2 6 9
8 6 17
8 3 17
5 5 6
10 10 7
7 1 17
2 7 17
3 4 8
6 10 20
2 10 20
2 7 17
4 7 17
5 1 8
9 2 20
10 6 20
6 2 9
8 8 4
9 1 20
5 5 6
6 4 9
10 7 20
6 4 9
8 3 17
2 9 20
5 3 8
2 1 2
7 1 17
4 8 17
9 5 20
8 10 20
6 4 9
4 7 17
1 9 20
10 8 20
5 6 9
10 8 20
6 8 17
5 6 9
9 8 20
10 6 20
10 7 20
7 9 20
6 3 9
9 4 20
10 4 20
4 4 3
10 2 20
5 5 6
6 3 9
7 10 20
6 1 9
4 1 8
3 9 20
4 2 8
8 9 20
7 9 20
7 8 17
5 1 8
1 9 20
8 7 17
5 7 17
4 8 17
9 5 20
7 9 20
3 4 8
1 5 8
5 4 6
4 3 8
10 8 20
10 8 20
2 4 8
4 10 20
1 5 8
8 5 17
2 9 20
1 9 20
9 2 20
8 3 17
4 1 8
7 1 17
5 9 20
1 4 8
10 5 20
6 2 9
2 1 2
8 1 17
5 6 9
2 5 8
3 5 8
1 7 17
8 2 17
6 10 20
2 6 9
1 1 1
6 10 20
5 4 6
5 5 6
5 5 6
4 6 9
8 8 4
8 3 17
5 3 8
10 10 7
4 8 17
1 1 1
7 7 17
3 6 9
9 7 20
2 5 8
8 9 20
1 3 8
8 6 17
2 7 17
5 1 8
6 9 20
10 3 20
4 3 8
7 9 20
4 7 17
7 7 17
4 2 8
7 3 17
2 10 20
8 5 17
3 1 8
3 6 9
1 3 8
2 3 8
4 8 17
8 7 17
6 2 9
10 10 7
8 10 20
1 7 17
6 2 9
8 10 20
8 4 17
6 10 20
3 9 20
4 10 20
9 8 20
5 2 8
8 7 17
1 3 8
2 1 2
9 8 20
10 5 20
8 3 17
10 8 20
1 2 2
5 5 6
1 6 9
10 8 20
6 6 9
5 1 8
9 8 20
4 8 17
5 9 20
