4312 41196 324
93712 61416 351
36644 99940 351
85192 92055 333
33510 48260 324
51609 60637 340
9018 8126 247
51177 4436 324
96205 27262 351
33333 66257 340
20315 1468 279
41378 58474 340
62870 92271 351
78010 21820 351
14892 85769 351
33706 2578 308
41759 30615 324
13972 42350 324
59954 9042 340
41393 66390 340
63650 43583 340
9818 11378 268
74954 84359 351
42456 91048 351
18315 14098 279
8134 25610 282
5691 8233 262
96079 53214 351
80842 36741 351
18476 71255 340
76338 37178 340
95613 82447 333
71269 52053 340
62546 95138 351
63167 30525 340
81796 71383 351
90921 54046 351
65088 62351 330
13824 32483 308
20575 5998 279
60042 96323 351
89465 67554 351
7848 26982 308
9410 42510 324
5408 44831 324
64487 17207 340
79863 99041 333
8791 67908 340
88703 67432 351
49788 80227 351
64847 32932 340
13175 10973 263
86936 68042 351
92030 74825 351
19868 88203 351
91807 93073 315
27402 8763 308
97203 9327 351
32309 10928 308
50662 67108 340
20798 37310 324
50204 3901 324
75121 1159 340
32402 98709 351
38089 62139 340
35931 84715 351
92036 65013 351
41877 97761 351
22981 30935 308
48223 49323 296
41663 18410 324
76020 12845 340
99938 67856 351
59317 52612 322
9616 64866 340
57081 21390 340
16918 40210 324
93879 50248 351
12552 49896 324
52107 68069 340
68633 77470 351
52062 62142 340
29937 25029 308
4308 26540 282
50599 89390 351
5978 41881 324
80028 86862 320
31446 34830 311
14937 39517 324
3656 4616 238
20964 15342 279
45356 99864 351
80538 33783 351
92398 84700 333
39574 18106 324
11136 85008 351
49375 29336 324
43577 2383 324
60849 46496 340
66557 98680 351
43633 4841 324
1614 49582 324
11567 88829 351
10422 15796 276
58550 68056 335
85562 76226 351
77013 56792 335
12177 28421 308
49358 58179 340
42863 39783 306
85486 28849 351
75383 93832 351
91270 70735 351
99859 54355 351
85290 19197 351
32784 83662 351
52527 83146 351
39634 45823 314
75963 92400 351
88800 88132 302
91656 95294 328
96884 56858 351
52370 96272 351
31840 21508 308
24776 89724 351
54665 83715 351
71204 46363 340
53179 52376 340
4933 83979 351
20844 98873 351
9524 71296 340
36978 96657 351
49319 27984 324
31332 25781 308
36436 91647 351
93963 68407 351
65653 95368 351
53165 75374 335
24886 47109 324
24934 5191 282
71380 71145 325
85508 61344 351
90605 56756 351
88651 7604 351
21928 19858 274
52671 97191 351
21358 70531 340
6157 56317 340
85290 42542 351
62415 67741 330
23467 20559 269
19724 21969 274
66568 63634 299
45740 34502 324
23103 12535 279
23827 8788 282
17258 57647 340
43945 90214 351
67190 28667 340
86733 43525 351
71405 47486 340
76303 7404 340
20637 35651 311
87976 31572 351
92117 75607 351
63045 12459 340
6041 11844 268
9578 1052 262
85771 21851 351
93632 41103 351
24385 73256 340
42607 82597 351
7652 63206 340
20435 13754 279
64091 23396 340
16502 93912 351
7778 23714 282
76818 56632 335
60300 89924 351
31910 73142 340
25933 45605 324
54087 17896 340
71061 55860 335
61113 67620 330
62119 7657 340
99527 47176 351
4568 16692 276
68133 85413 351
57252 42114 340
28655 39044 324
32075 62923 340
23792 58619 340
92390 88979 333
77431 57297 351
55072 47414 340
68349 54626 335
54359 51786 340
98254 49106 351
29376 72256 340
58219 95549 351
90751 31610 351
46350 14 324
56322 37551 340
93433 62575 351
13433 65597 340
86798 51901 351
12108 19391 279
16511 12742 276
42210 32152 324
96241 19361 351
47342 32836 324
47653 62479 340
18279 6917 279
77791 32069 351
95579 51122 351
17758 74098 340
58467 9562 340
40347 23920 324
35255 5867 311
96493 41613 351
71897 87004 351
54464 89605 351
3511 43550 324
7832 95866 351
15463 92111 351
33826 1170 308
4538 55152 340
8775 99337 351
64660 73812 325
6888 77346 351
20305 46441 324
91058 48307 351
70700 77879 351
30959 32833 285
6213 96377 351
13682 63872 340
72500 6107 340
9580 89546 351
63504 17187 340
91385 17271 351
21860 6391 279
93676 39259 351
14084 64772 340
13124 53989 340
56615 43370 340
39654 92555 351
66673 54184 335
39466 73910 340
76523 22798 340
50871 55945 340
39570 14547 324
11643 66818 340
79814 1983 351
8490 6444 257
39303 13460 324
40947 93116 351
45985 460 324
68725 43361 340
87828 22159 351
51371 75903 340
90855 84154 333
24643 18044 282
16243 25706 282
70595 16378 340
13854 32733 308
17569 81697 351
67163 33873 340
20099 86095 351
4072 43392 324
99765 46095 351
1629 38995 324
46611 96950 351
7808 83196 351
66160 91564 351
24305 52939 340
57916 6644 340
8935 79330 351
2593 81529 351
37640 36139 306
42155 20791 324
82754 21939 351
94664 59522 351
63877 92456 351
82423 66146 351
54446 61900 335
88813 8948 351
59794 99732 351
13179 5405 268
98003 75097 351
15313 50593 324
98890 84253 333
70198 44874 340
40880 23336 324
42093 6629 324
4382 20436 279
46686 23584 324
87171 36427 351
24667 96708 351
60838 56797 317
9596 14403 276
41988 2447 324
62361 18878 340
85848 45765 351
93285 94803 315
10529 60563 340
87739 80641 333
10201 86146 351
18219 25581 282
47838 80287 351
89700 30830 351
26391 31876 308
72624 25013 340
72629 24182 340
38415 83799 351
21189 77491 351
75967 37567 340
50813 65346 340
84260 39515 351
54327 60004 322
40018 518 324
59180 8964 340
48919 18642 324
60880 47373 340
44420 30537 324
99144 67326 351
41852 75781 340
89204 26577 351
78918 88182 333
3580 92678 351
82452 74145 351
63382 74433 330
8484 30214 308
33645 78952 351
13122 25154 282
64861 90946 351
51560 58341 340
73402 43499 340
83351 39392 351
29493 23024 308
78668 80986 338
30797 95804 351
8216 32881 308
398 71618 340
30205 26240 308
34348 96522 351
53899 89758 351
82454 95696 333
49779 81228 351
88121 5684 351
66644 75611 325
43468 61422 340
53343 13748 340
54293 6423 340
83091 83428 258
6011 32225 308
22412 48045 324
70663 6320 340
32940 58991 340
70953 53987 335
1852 97690 351
11919 42727 324
78266 26492 351
30595 43453 324
10592 55599 340
63973 4775 340
99641 50919 351
59856 72313 335
78313 70827 351
11281 64722 340
28770 35361 311
27756 90571 351
24791 27362 308
9610 25055 282
42586 27602 324
36368 85916 351
52525 53662 340
12706 40627 324
23946 75402 340
35947 65022 340
24485 53517 340
10939 2752 262
59468 72499 335
44909 34484 324
24812 95836 351
24640 42090 324
94391 98255 328
88010 48469 351
87856 64836 351
12028 27955 308
12191 72744 340
24237 16981 282
48479 51225 296
63716 21512 340
37426 49777 314
85212 14235 351
95399 88838 333
68942 74539 325
59829 74679 335
26973 54164 340
31793 18662 308
33722 27374 285
74396 75755 325
38170 63938 340
59254 75322 335
30226 21191 308
49657 71950 340
83675 70251 351
40025 30139 324
23946 4056 282
7211 90609 351
24154 56553 340
76418 46176 340
51864 49107 309
38792 62599 340
15792 66118 340
82433 41943 351
67344 28582 340
87742 22407 351
64527 49872 340
2697 53016 340
27879 61705 340
71647 57041 335
1657 6744 262
66240 60460 335
97161 76872 351
63831 88503 351
85191 85519 289
37508 44918 306
17856 50300 324
33771 34025 267
79024 88678 333
53176 22973 340
32701 82389 351
81379 23416 351
96920 70525 351
50720 62837 340
12570 10214 268
46857 89764 351
67383 29067 340
67997 43227 340
83073 83949 289
73925 21627 340
43768 42727 257
3770 71620 340
91414 87265 333
86890 27214 351
65693 12183 340
7760 79983 351
24171 87405 351
42343 82248 351
23830 93072 351
24270 39276 324
96276 61242 351
6351 69089 340
20528 96274 351
79037 75973 351
64408 87201 351
72472 45537 340
70376 98426 351
94698 50231 351
81234 24366 351
78338 64127 351
48367 52176 309
9708 16103 276
98158 70606 351
1446 32699 308
75410 889 340
4411 58318 340
89149 51969 351
65736 93079 351
15497 71240 340
62367 93875 351
79704 30962 351
51464 70028 340
69215 58233 335
83182 76883 351
31545 89349 351
32629 81986 351
62183 49509 340
92636 47851 351
1640 78286 351
40965 73612 340
9906 12149 268
59389 16434 340
23131 8443 279
79494 96020 333
4011 93107 351
98842 94973 328
81433 98264 333
88605 28841 351
12378 45779 324
8101 9739 260
25656 66039 340
42460 40014 288
59329 81242 351
35514 25578 311
73258 5103 340
349 27201 308
80251 40827 351
56968 65451 335
86400 35827 351
34957 28342 311
85736 70351 351
32721 77687 351
30431 64705 340
81653 4069 351
43967 86852 351
1364 32946 308
38947 74160 340
64331 4853 340
5373 54801 340
79385 69335 351
41025 36332 306
57402 71384 335
90446 83627 333
81392 18650 351
1788 69025 340
69513 55720 335
71988 15131 340
77338 64169 351
62780 33989 340
64768 23769 340
79027 69308 351
75612 27039 340
1616 56453 340
44023 9021 324
9566 36346 324
84306 44188 351
68511 28108 340
21150 20739 256
69168 5700 340
80190 4680 351
87360 58071 351
70511 87644 351
76214 17312 340
89647 98089 333
34305 23525 311
60419 19209 340
11508 49399 324
44337 43621 270
57919 14211 340
27196 49436 324
53136 92077 351
15299 9407 276
99996 29355 351
9263 21366 279
8232 25059 282
76208 66998 325
54390 57855 322
35474 4453 311
43001 44543 270
30584 21735 308
85939 30727 351
62301 84631 351
56580 60744 317
39294 72993 340
86906 76081 351
69796 86227 351
33677 60841 340
13961 98266 351
53340 76641 335
42207 78303 351
67166 81816 351
40795 10889 324
88958 35601 351
69260 98321 351
33793 88413 351
13830 78425 351
22094 5045 279
44484 42591 270
29903 52728 340
16895 91184 351
76720 10211 340
46788 90417 351
22851 33549 308
66504 15795 340
33881 69033 340
28151 78256 351
71344 52004 340
31492 4337 308
8527 21066 279
49573 31278 324
72363 71358 263
22054 55611 340
30878 44347 324
19456 39067 324
417 48957 324
20227 53336 340
77097 76754 351
54798 9528 340
17209 47562 324
77229 87085 338
14192 79443 351
31320 44680 324
84234 81312 320
49812 30267 324
83171 21053 351
80319 81088 276
87104 15669 351
28061 72783 340
49300 5798 324
44195 18902 324
41034 82389 351
85456 15888 351
83369 30900 351
73151 81791 351
1439 20050 279
32852 48334 324
20671 77949 351
70278 45353 340
84036 5200 351
23491 58481 340
6110 56125 340
4548 99046 351
15736 8238 276
86034 75443 351
53958 7958 340
7483 85855 351
15393 3017 276
64207 82025 351
67133 99696 351
37218 46267 314
22343 15295 279
67937 68912 312
35328 11337 311
69133 72638 325
71468 86879 351
29915 22596 308
73382 92646 351
27048 33583 285
76458 4247 340
25140 84623 351
52184 62138 340
37971 25418 324
32995 49142 324
71307 1237 340
22426 56696 340
14531 65891 340
7634 26998 308
53559 62906 335
37247 14294 324
68160 1564 340
36509 18908 324
65919 85654 351
23920 18386 282
27059 42869 324
16316 46159 324
55474 91385 351
6724 92010 351
96669 86101 333
22273 43783 324
96646 37509 351
86631 31049 351
73349 54003 335
1651 19383 279
86187 51985 351
71811 69006 325
7990 31544 308
88537 64506 351
9783 24261 282
59900 73925 335
65174 76880 325
94523 15301 351
33313 92040 351
19243 76055 340
26570 74025 340
3811 27770 308
41640 50106 314
32616 90166 351
8606 63083 340
35435 20814 311
71728 376 340
29825 4806 308
97034 78711 338
75750 99193 351
98434 45016 351
30189 7531 308
8187 29891 308
23275 80953 351
32170 84153 351
18538 56742 340
84028 14892 351
22296 14342 279
43217 9222 324
11050 31596 308
86008 98713 333
93378 87281 333
51659 93594 351
40784 98677 351
6767 49865 324
40054 75389 340
32963 39561 324
63674 65030 299
51562 79390 351
97103 18450 351
66389 77542 351
3675 94333 351
83386 86611 320
15036 12084 276
48543 29513 324
34045 55253 340
47638 1469 324
49397 60719 340
6568 67815 340
15491 42890 324
28809 69423 340
81577 726 351
84685 69088 351
60698 99570 351
83524 65763 351
41448 97444 351
36776 17557 324
82831 14697 351
68541 61037 330
74662 23620 340
38401 55183 340
89156 88341 315
40665 78947 351
77143 54614 351
75879 90075 351
76256 34394 340
59736 95978 351
79420 77833 338
80544 25208 351
53389 58762 322
87518 83317 333
6307 45748 324
68157 27895 340
63661 80573 351
13513 30064 308
37481 3362 324
93311 18359 351
39692 12619 324
18674 89020 351
36309 15444 324
62210 37412 340
26727 69304 340
28680 29228 241
25924 54616 340
1999 20867 279
81730 59888 351
65391 80446 351
41235 79109 351
39551 51352 314
87995 37359 351
39616 75839 340
7452 17728 279
45664 22849 324
23780 1989 282
72139 32133 340
60871 90394 351
64754 54862 335
6736 63418 340
73732 26686 340
18447 70863 340
34475 98990 351
31140 45199 324
40790 40601 257
69847 81004 351
23730 32836 308
54926 47748 340
14379 19251 279
98613 91143 333
70911 91548 351
33044 70820 340
14974 52366 324
67831 78674 351
98672 95579 297
38080 87900 351
16629 63291 340
86088 66643 351
43006 15186 324
43414 97663 351
93777 51687 351
8553 39974 324
90092 76682 351
78064 21951 351
24986 2554 282
63460 88385 351
85126 42767 351
84880 56324 351
55434 60337 322
79177 87146 333
78657 83212 338
18347 53281 340
84501 16564 351
86837 54221 351
55237 95370 351
19980 81561 351
12223 3729 268
38522 57569 340
50002 5891 324
39222 31272 324
94136 95132 328
42998 85403 351
13738 60894 340
963 78538 351
62292 36866 340
27567 24789 308
43038 87973 351
18365 25016 282
21746 19179 274
66223 26787 340
90421 12105 351
49503 56688 340
19458 36663 324
4905 3189 238
11210 47269 324
50649 50506 234
9763 48927 324
99834 63553 351
63216 87628 351
98493 77869 338
97475 76907 351
2229 93345 351
59940 97850 351
27924 56012 340
54381 24190 340
94859 7945 351
30040 84008 351
45320 17479 324
27533 36040 324
98649 23001 351
8379 98112 351
26972 40180 324
39147 6687 324
16741 51139 324
28393 7843 308
62021 34818 340
17345 64212 340
94556 8800 351
24043 60299 340
32045 25325 308
87145 43432 351
73416 58919 335
12177 18203 279
37085 4361 324
83309 6283 351
61859 72897 330
90874 64384 351
22661 45548 324
94226 45075 351
57649 57745 229
91682 34043 351
62899 94682 351
45005 11443 324
97423 78363 338
88896 19985 351
55713 85023 351
67705 30946 340
77821 400 351
64729 61299 330
41513 12219 324
15725 61205 340
92690 29153 351
81080 15838 351
57058 81225 351
5347 3455 238
23590 47937 324
41769 74728 340
46621 92556 351
53460 20802 340
69353 44507 340
65973 40584 340
77983 26323 351
80953 10613 351
37408 11463 324
89169 31641 351
44441 18353 324
96317 50601 351
74826 51816 340
72793 16396 340
92366 3872 351
57617 90131 351
65384 66905 268
4634 97266 351
62439 87169 351
11984 18512 279
14386 24217 282
55316 80983 351
58921 85661 351
83819 13113 351
1137 24094 282
83098 52080 351
72744 83383 351
15063 33059 308
87824 72340 351
64897 67624 281
85680 6645 351
63919 30457 340
13142 29667 308
20418 73447 340
37880 97060 351
76666 87505 351
72549 10139 340
39214 96494 351
62368 93330 351
26542 62292 340
57980 73017 335
45341 87819 351
90987 44171 351
33508 33934 267
89251 69409 351
61683 10037 340
48574 23230 324
14836 75309 340
22840 85634 351
99594 21600 351
69254 49165 340
41863 34819 324
39407 24162 324
50652 86660 351
68647 87037 351
75604 94141 351
25315 26916 308
60233 55097 322
78774 28757 351
53836 12297 340
65799 74708 325
32356 29817 285
67188 61531 330
86462 39420 351
32133 18320 308
14632 57776 340
28613 62830 340
60286 54345 322
94513 65312 351
52838 6012 340
14706 14904 240
14065 21910 279
54905 67586 335
72092 78258 351
11422 28620 308
23159 15223 279
8102 23042 279
74203 69467 325
11245 7625 268
28201 79759 351
98926 714 351
6415 4801 262
69214 12621 340
11483 14433 276
89936 6830 351
24151 50961 324
85345 14815 351
30160 43945 324
59904 95153 351
94081 21171 351
31572 42164 324
95793 54667 351
38946 34197 324
71098 53266 335
43937 69640 340
23242 83287 351
31449 4047 308
48372 10882 324
19973 62379 340
20008 75181 340
27326 26454 308
81195 11046 351
58346 1906 340
16151 51830 324
92772 89449 333
66762 81158 351
81359 2804 351
1601 15228 276
23183 27140 308
54663 51336 340
29918 39562 324
6065 3466 238
28820 58564 340
77726 98790 338
52085 2062 324
12728 95627 351
27873 76272 340
68823 33528 340
80184 84375 320
86294 34412 351
55852 74330 335
30372 42834 324
88118 9242 351
76362 7730 340
89436 35143 351
3361 65411 340
23234 73586 340
1042 26772 308
14556 51503 324
96001 32082 351
3729 21537 279
89688 74317 351
93017 87377 333
83524 25121 351
77882 5398 351
87873 79877 333
83902 30800 351
38018 79931 351
10699 58044 340
82238 15214 351
41762 83544 351
4449 80124 351
