2625 2651 191
6431 6449 169
6761 6784 182
5323 5338 148
6353 6367 107
4499 4534 184
6097 6125 187
3345 3378 181
799 803 73
908 924 130
377 404 121
5083 5125 179
3362 3384 181
5379 5382 117
7917 7939 146
2412 2456 165
647 690 145
3637 3660 163
5722 5744 174
4819 4833 166
5099 5126 179
3355 3367 137
3977 4026 189
449 459 129
926 967 174
2815 2821 160
8077 8090 146
2878 2904 142
4383 4409 171
8756 8789 216
7446 7457 164
7059 7063 102
7704 7744 177
1030 1044 156
746 787 153
2937 2973 173
8157 8206 177
7064 7106 151
1557 1564 154
7206 7247 164
6957 6998 182
69 118 119
3126 3173 168
272 282 92
1277 1294 146
6261 6285 156
2573 2602 178
8370 8412 159
7796 7839 177
5993 6011 187
4285 4301 171
8708 8709 141
3535 3554 150
7370 7412 208
82 118 119
4608 4635 153
4763 4790 197
6994 6995 107
8759 8764 216
9864 9883 198
1442 1455 141
3302 3311 168
3119 3122 124
4604 4621 153
8523 8536 172
307 354 144
9285 9326 185
7391 7432 239
4649 4663 153
2732 2770 173
5850 5867 174
2434 2441 134
1047 1070 169
9950 9976 167
5875 5896 174
225 239 128
790 827 135
2546 2571 178
8725 8738 141
5649 5692 205
4860 4880 166
9289 9326 185
2438 2445 134
4404 4415 171
6002 6035 187
2750 2767 173
3626 3627 57
4204 4238 202
4769 4775 104
5932 5969 143
1934 1983 175
1395 1405 128
7761 7801 221
3160 3202 199
2893 2926 217
3172 3186 199
3063 3098 186
7969 7986 146
8085 8129 190
3147 3196 199
1009 1036 156
9291 9295 185
7404 7453 239
2080 2128 170
232 240 128
7155 7195 195
3452 3486 181
9114 9159 198
9146 9195 198
6997 6997 120
8304 8306 128
2278 2324 183
314 324 100
3472 3487 181
3971 4015 189
6431 6436 125
8862 8911 185
1555 1562 123
1596 1632 167
7056 7056 32
2028 2073 157
5704 5729 174
7696 7745 177
6749 6778 182
9065 9074 123
9942 9952 136
7564 7604 177
3625 3641 163
5447 5469 161
9277 9311 185
8229 8254 172
2425 2447 165
7297 7342 195
961 968 143
4710 4722 153
7069 7117 151
1869 1915 175
849 868 148
3102 3134 155
343 347 126
3350 3395 181
5193 5241 179
5739 5781 174
8653 8670 172
5467 5486 192
9499 9502 167
9647 9662 167
450 463 129
9857 9902 242
5605 5641 174
2038 2073 157
8457 8464 84
6361 6400 200
5891 5915 174
7464 7510 177
274 302 118
8038 8045 190
5532 5561 205
9705 9737 180
9765 9791 198
3287 3302 137
18 56 113
8643 8661 172
8419 8462 203
2821 2845 173
8474 8493 141
8677 8724 203
1558 1569 154
2177 2213 170
9636 9665 185
7267 7307 195
4053 4089 158
7012 7058 195
492 515 124
9810 9815 167
3330 3369 181
7546 7594 177
742 745 96
1350 1395 159
3527 3562 150
8437 8480 203
6528 6545 169
4753 4785 197
4867 4901 179
9491 9537 198
2264 2311 152
8898 8902 141
1964 1971 144
9285 9287 167
2022 2034 157
672 717 171
6597 6635 169
2004 2037 157
5901 5934 187
8346 8363 234
887 918 148
4281 4287 171
9106 9122 154
3397 3401 119
8629 8647 172
1968 1968 51
9815 9844 167
2473 2474 121
5375 5413 161
6337 6359 200
713 757 140
2112 2140 126
3632 3654 163
7908 7948 146
5788 5821 205
6180 6212 187
6940 6949 257
8967 8980 141
9440 9450 154
9516 9557 198
6906 6909 120
9639 9659 167
6036 6036 68
7067 7091 151
3289 3289 137
5472 5509 192
8945 8979 247
605 637 132
469 518 142
1466 1466 97
3241 3279 168
3159 3184 199
8880 8886 185
4920 4944 210
1189 1218 164
8226 8249 159
5190 5199 148
5591 5595 130
1302 1337 177
6379 6398 200
8658 8682 172
8009 8031 190
6747 6754 182
7730 7749 177
9125 9147 154
5300 5303 148
3514 3531 150
8422 8434 203
1437 1463 141
5779 5816 205
193 197 120
7377 7416 208
9002 9027 185
2064 2098 157
115 145 122
5453 5493 192
7252 7258 71
6099 6135 187
1255 1274 177
8779 8785 172
1425 1445 141
4067 4083 158
6547 6595 244
2196 2245 183
8555 8603 172
32 62 113
6000 6014 156
1927 1953 175
8023 8055 190
1265 1309 177
3166 3208 199
8229 8259 190
680 690 127
8103 8122 190
2768 2768 36
2516 2565 178
9899 9921 149
3303 3307 93
7531 7538 133
4294 4316 171
6788 6800 120
3797 3826 176
3551 3572 194
3133 3174 168
7262 7263 102
9274 9321 185
7455 7459 89
4982 5016 179
6409 6436 169
4620 4664 184
6501 6548 200
1543 1591 167
964 1001 143
6077 6085 156
918 939 174
4351 4394 215
8947 8996 247
7243 7281 177
349 372 126
6240 6242 125
8210 8259 190
8411 8430 203
9403 9417 123
8291 8324 203
9839 9839 48
5609 5636 174
7539 7572 133
8929 8935 141
4079 4105 158
2007 2047 157
3979 4002 189
3634 3661 163
6511 6521 182
9257 9271 260
7638 7639 32
8188 8206 159
2243 2273 139
8130 8142 159
5351 5351 192
5713 5753 174
8773 8819 172
1142 1179 182
983 1014 143
1421 1450 141
3899 3908 176
5956 5981 143
5935 5947 143
1730 1730 149
4836 4844 166
8566 8614 172
6553 6558 138
3403 3426 150
1188 1210 120
2720 2753 173
808 822 135
2578 2617 178
8787 8792 141
8730 8745 141
32 43 110
8486 8524 203
2844 2851 173
7395 7424 239
2344 2381 165
4356 4357 47
6058 6080 156
459 476 129
259 263 123
4569 4584 153
7237 7251 120
9315 9343 154
9237 9271 260
6426 6445 169
3555 3581 194
8765 8787 172
5914 5916 174
2984 3024 155
1970 2001 144
2163 2173 139
2602 2645 191
6731 6766 182
2858 2884 173
2638 2664 147
6880 6926 226
2146 2181 170
9769 9775 154
8220 8249 190
738 753 140
7500 7532 208
4110 4113 127
7685 7693 146
611 636 132
2766 2773 98
9264 9282 154
2244 2271 139
1243 1256 177
2090 2120 170
3343 3348 137
3206 3208 62
544 587 137
3809 3812 176
4160 4187 158
58 91 116
6901 6936 226
2413 2431 165
9263 9296 185
5500 5544 205
808 832 135
5301 5341 148
7909 7935 146
3478 3493 181
1650 1669 180
7141 7165 195
2946 2989 142
6013 6030 187
7951 7993 252
2241 2278 139
9132 9142 61
8844 8890 185
6836 6885 151
7919 7920 102
8398 8431 203
3944 3972 189
4888 4929 210
4679 4715 153
7349 7371 164
8520 8561 172
6563 6655 244
1520 1537 154
3692 3761 238
7224 7290 177
6122 6188 262
9807 9881 211
9552 9611 198
9218 9294 260
6804 6846 182
8454 8457 203
4341 4412 215
2657 2737 160
527 566 137
4799 4834 166
9504 9512 123
9754 9850 198
1379 1428 172
3677 3738 238
311 346 144
6544 6588 213
560 596 119
9286 9364 198
4795 4856 166
3339 3364 137
8667 8736 203
5126 5189 179
7582 7658 177
2301 2348 183
7483 7570 208
987 1008 143
4920 4946 210
5627 5693 205
1721 1741 149
1264 1283 133
5356 5371 192
8075 8130 190
6557 6609 244
2912 3000 217
4400 4478 184
5623 5636 174
5854 5885 174
818 846 135
6642 6716 182
5974 5982 55
361 401 121
7412 7424 239
3038 3134 186
9642 9662 167
5914 5958 187
8509 8584 203
9109 9116 154
275 374 144
7696 7739 177
8027 8125 190
2544 2630 178
758 792 153
2946 3033 155
5517 5562 205
7962 8018 252
6562 6642 244
4936 5026 179
9686 9732 180
3045 3081 155
2968 3011 155
5692 5694 174
2231 2236 139
6619 6668 182
2893 2958 217
7718 7735 146
5152 5191 179
2445 2466 209
7014 7069 195
3998 4024 189
3627 3669 163
5313 5357 192
2408 2490 209
3956 4007 189
8429 8475 203
6044 6083 187
6051 6076 187
8403 8461 203
6226 6266 187
5704 5752 174
3121 3183 199
7980 8013 190
6876 6970 257
408 440 134
1864 1888 175
2918 3010 217
1088 1104 138
8511 8519 203
1841 1894 175
5819 5890 218
9461 9519 198
7527 7618 177
6619 6678 182
8693 8773 216
3970 4057 189
3606 3620 163
6072 6158 187
8767 8834 172
4107 4120 127
3123 3146 155
3051 3093 155
3809 3894 176
6015 6079 187
7054 7136 195
1427 1500 172
218 300 128
6233 6260 187
5654 5741 205
9520 9601 198
2873 2963 217
3769 3807 176
4557 4620 171
3496 3530 150
7166 7169 195
1911 1982 175
1775 1859 162
3821 3900 176
8163 8251 190
4140 4146 127
5560 5563 130
9527 9601 198
9872 9881 167
6820 6904 182
7787 7792 146
7473 7527 208
6579 6618 244
6380 6402 200
8600 8680 172
6073 6165 187
4678 4711 153
1452 1504 172
1101 1123 138
816 825 135
5938 5981 143
4585 4666 184
9382 9402 154
6419 6444 169
5641 5690 205
3602 3626 163
9912 9923 149
2029 2103 157
7385 7402 208
3869 3888 145
7359 7410 208
403 466 134
8851 8900 185
5574 5621 161
5008 5065 179
3634 3730 238
7475 7545 208
155 174 125
9121 9190 198
6976 6999 151
5411 5416 55
4367 4445 215
2381 2408 165
8085 8116 190
1824 1852 162
4017 4045 145
2845 2862 173
6780 6790 182
8661 8701 203
144 234 128
7881 7908 190
2499 2555 178
7677 7706 177
8421 8439 203
2596 2686 191
868 875 179
2091 2111 170
3029 3054 155
1981 2048 157
5079 5164 179
8542 8552 172
4762 4804 197
3850 3850 52
8141 8162 177
9592 9649 167
4053 4136 189
6920 6953 257
4867 4922 179
7717 7745 177
5963 6051 187
2535 2574 178
6344 6361 200
2928 2976 173
3105 3111 155
6505 6530 200
6403 6426 169
4280 4341 171
2925 3022 173
2561 2566 147
4429 4465 184
7289 7379 195
7346 7435 239
801 811 135
4752 4802 197
2928 2985 173
1295 1323 177
1716 1747 180
7090 7117 151
14 91 116
5021 5032 135
7315 7397 208
1849 1849 69
4596 4605 153
7868 7954 190
5883 5885 174
4 94 116
6743 6818 182
6657 6734 182
9220 9223 110
2986 3055 155
323 324 100
8647 8695 185
5508 5606 236
8027 8060 190
9667 9726 180
7638 7703 177
4251 4306 202
4680 4777 197
7592 7639 177
4652 4701 153
1201 1238 164
4632 4675 184
1071 1097 169
9391 9444 154
466 556 142
8338 8413 234
2564 2597 147
6420 6492 169
5234 5299 192
8921 9012 247
5212 5253 179
9464 9508 198
4660 4668 135
7280 7314 195
6265 6363 200
3503 3595 194
4109 4139 189
4930 4957 197
4494 4547 184
7382 7401 208
9629 9702 185
7765 7844 221
953 980 143
682 739 171
6966 7040 195
2420 2443 165
4168 4250 202
5532 5603 236
142 234 128
2431 2458 165
1596 1599 123
1034 1120 169
8568 8625 172
3081 3104 186
1361 1384 159
9907 9948 167
3816 3861 176
6757 6848 182
6088 6111 156
158 187 125
1003 1102 169
8037 8067 190
6579 6588 169
8207 8306 190
844 846 42
8583 8670 172
6134 6170 156
9280 9339 185
4268 4293 171
2340 2371 152
727 794 153
7664 7677 177
2338 2415 165
3360 3379 181
8692 8720 203
419 446 116
4809 4852 166
5345 5439 192
7067 7118 151
1325 1395 159
5424 5467 161
7285 7365 195
3343 3435 181
6980 7057 195
4418 4507 184
9996 10021 211
845 887 179
4569 4620 171
1022 1034 156
5158 5217 179
1093 1143 138
1931 2016 175
6362 6372 125
6673 6729 138
2814 2856 173
6129 6226 262
345 414 134
26 35 112
5786 5885 218
58 127 119
8804 8862 172
3447 3529 181
9376 9475 154
7674 7727 177
5005 5047 135
2614 2646 191
1088 1179 182
539 554 137
5479 5560 205
1788 1876 175
4696 4793 197
5526 5557 205
7275 7288 177
7301 7387 195
6685 6736 138
4021 4077 158
1628 1638 136
7436 7473 164
7646 7665 177
4302 4316 171
2625 2636 191
7280 7352 195
4842 4889 166
7670 7728 177
5275 5329 148
7755 7762 146
2792 2874 173
712 799 153
5109 5144 148
1798 1802 162
5151 5221 179
9640 9720 185
1730 1826 180
7221 7224 120
8068 8083 146
8801 8876 172
6860 6929 226
6467 6525 200
9688 9781 180
8223 8239 190
6926 6940 182
4259 4269 171
2588 2637 191
9330 9389 198
5483 5546 205
6460 6484 169
483 517 142
8344 8391 234
8304 8310 128
231 285 128
5839 5857 218
1582 1633 167
1310 1375 159
5519 5566 205
6352 6392 200
2171 2268 183
9835 9883 211
1549 1553 154
9519 9531 198
1041 1074 169
8094 8176 190
3142 3180 199
5937 5972 143
7800 7830 177
2465 2502 178
955 1026 156
5038 5127 179
81 139 122
5241 5309 192
9348 9410 198
5881 5897 174
7068 7079 151
5833 5857 218
3920 3990 189
9889 9947 242
8782 8870 172
2990 3007 155
7157 7238 195
3613 3662 163
6763 6856 182
3245 3315 168
4359 4443 215
1230 1250 177
9780 9826 198
4046 4086 158
5248 5272 192
4374 4459 215
406 428 134
2292 2380 183
3124 3223 199
4078 4120 158
9783 9829 198
7998 8005 190
7815 7992 252
7293 7374 195
1621 1673 180
2925 3047 173
885 1014 174
9452 9515 198
405 409 41
6752 6761 89
5076 5170 179
6414 6432 169
5981 6043 187
6357 6478 200
1873 2008 175
4628 4655 184
6422 6614 244
9294 9421 198
460 530 142
358 399 121
3514 3563 163
3852 4035 189
9898 10014 211
3654 3794 238
8189 8339 203
6048 6213 262
5086 5142 179
4806 4873 166
563 649 145
6053 6121 187
2812 2911 173
465 560 142
8231 8274 190
4193 4308 202
2740 2929 217
5534 5627 236
5004 5068 179
8995 9080 185
4830 4949 210
5449 5567 236
1034 1134 169
6047 6244 262
6991 6994 120
8275 8341 203
7134 7261 195
6909 7099 257
2272 2449 183
4482 4486 47
5205 5394 192
9624 9821 198
6894 6912 151
8139 8189 177
7823 7878 177
1995 2157 170
474 602 142
8194 8320 203
1157 1268 182
3327 3471 181
5894 5977 187
2236 2352 183
6863 6865 151
7191 7250 164
6658 6791 182
1236 1279 177
8109 8153 190
5429 5577 236
6409 6519 169
6113 6200 262
5191 5283 192
4429 4584 184
1124 1227 182
1616 1755 180
4827 5026 210
6512 6588 213
4002 4064 189
5014 5136 179
4667 4829 197
6557 6727 244
9242 9341 260
9205 9291 260
2617 2714 191
488 634 142
7814 7908 190
7383 7521 239
8535 8632 172
6917 7094 257
7284 7457 239
7392 7581 239
3719 3829 176
710 865 153
4899 4964 210
117 122 96
452 466 129
5880 6068 187
4208 4399 215
7811 7993 252
8068 8198 190
7908 7946 146
4131 4169 158
4242 4377 202
5572 5735 205
7258 7414 208
498 581 137
1231 1360 177
2949 3043 155
5760 5852 218
2745 2793 173
5248 5370 192
3264 3292 137
9473 9645 198
5627 5728 205
3162 3289 199
1515 1647 167
1114 1268 182
9072 9198 198
9143 9220 198
3279 3475 181
3254 3372 181
3268 3423 181
9659 9735 185
3104 3126 155
4690 4747 153
306 496 144
3981 4169 189
9264 9264 35
3746 3832 176
4659 4810 197
7818 7896 190
4249 4365 202
2555 2584 147
9245 9305 260
4924 5073 210
4685 4736 153
4963 5119 179
6147 6218 262
6289 6419 200
8420 8465 203
1259 1377 177
3774 3782 132
4384 4439 171
5593 5667 174
2646 2783 173
3647 3798 238
462 589 142
7658 7692 177
6681 6734 138
6217 6242 187
7686 7846 221
5506 5506 130
698 853 171
5494 5543 205
5983 6174 262
7804 7842 177
1983 2151 170
3742 3844 176
6127 6275 262
1358 1541 172
3844 4017 189
1158 1206 182
6276 6464 200
1192 1264 177
2598 2715 191
7668 7795 221
3531 3568 194
560 585 119
3110 3119 124
2981 3007 155
4066 4238 202
7956 8083 252
5357 5480 192
1167 1197 151
7567 7568 133
1507 1525 154
4342 4508 215
8465 8470 203
2891 2914 142
8416 8467 203
8259 8439 234
8333 8400 234
3537 3666 194
6076 6133 187
654 761 171
9462 9572 198
7432 7577 208
6982 7035 195
9960 10005 180
5075 5190 179
6999 7197 195
3578 3661 163
8439 8546 203
4407 4414 171
3823 3875 176
2908 3000 217
7633 7744 177
7459 7482 164
3084 3254 199
8552 8696 185
2750 2876 173
2466 2486 134
8286 8286 66
8896 9043 247
2209 2269 183
7096 7283 195
8684 8748 203
8936 8979 247
3136 3196 199
6239 6364 200
4927 4992 210
1817 1995 175
194 227 120
1527 1558 154
8659 8814 216
1897 2092 175
2653 2846 173
800 872 179
1761 1816 162
8267 8460 234
4682 4731 153
6830 6987 257
2498 2610 178
2753 2782 160
1177 1359 177
7121 7152 195
5942 5953 143
7138 7213 195
4231 4275 202
8071 8204 190
3835 3894 145
1681 1854 180
4919 5097 210
7479 7617 208
6593 6705 182
3477 3521 181
8565 8633 172
6980 7124 195
465 548 142
886 888 73
4973 5137 179
5076 5086 179
1668 1718 180
5027 5169 179
1250 1259 133
8483 8552 203
4921 5105 210
8981 9053 185
5876 5935 187
6992 7015 182
7176 7262 164
3303 3464 181
6338 6506 200
8266 8390 234
2572 2667 191
4093 4233 202
8949 9142 247
495 640 137
7606 7759 177
5302 5496 192
7749 7774 177
9210 9312 260
1443 1582 172
8248 8308 190
9325 9350 185
3696 3701 132
4390 4582 184
4542 4602 184
5763 5856 218
7039 7183 195
6170 6201 262
7896 7943 190
6219 6229 125
7899 7929 190
5608 5753 205
7608 7650 177
6977 7117 195
3885 3914 176
2943 3087 173
4444 4473 184
7853 8033 252
2849 2913 173
2616 2760 191
7093 7201 195
9449 9453 154
2707 2870 173
3984 4170 189
2140 2202 170
8951 8989 247
1663 1857 180
6905 7074 257
9155 9333 260
9735 9763 167
203 294 128
977 1147 169
999 1029 156
3773 3947 189
3690 3743 238
7691 7721 146
1432 1618 172
4519 4543 184
534 591 137
6980 6981 151
3898 4053 189
1093 1163 182
7154 7224 195
2677 2844 173
1524 1660 167
3113 3227 199
7794 7911 190
8559 8663 172
7515 7638 208
38 193 125
1553 1603 167
477 494 142
9570 9702 198
5086 5122 179
6294 6459 200
7883 7884 84
664 841 171
44 233 128
8427 8437 159
6924 6971 257
438 522 142
9113 9239 229
1795 1920 175
5984 6125 187
748 783 153
3314 3378 181
1214 1229 164
3275 3335 181
5295 5487 192
3631 3676 163
3572 3768 238
6234 6307 187
2825 2908 173
3319 3426 181
3299 3377 181
777 827 135
1461 1544 172
9160 9255 229
7598 7608 84
8040 8144 190
6653 6703 182
8666 8825 216
3898 4015 189
1395 1459 172
3786 3889 176
4188 4223 171
6463 6647 244
9784 9883 211
8767 8933 185
3887 3991 189
3232 3250 168
3899 3975 189
2763 2839 173
983 1048 156
7521 7561 151
2445 2635 209
5314 5340 148
2713 2799 173
9147 9295 260
4210 4385 215
9294 9413 198
6997 7104 195
7030 7040 151
7753 7921 221
623 650 145
2174 2209 170
5147 5170 179
7583 7758 177
8100 8231 190
1351 1382 159
1563 1668 180
6324 6462 200
2974 3031 155
5318 5415 192
4058 4139 189
9702 9848 198
1736 1848 180
6542 6705 244
5369 5444 161
5300 5399 192
4172 4211 127
1196 1303 177
7243 7259 164
8082 8161 190
6365 6472 200
12 93 116
5614 5731 205
499 527 124
1029 1208 182
8764 8790 172
4780 4877 166
4444 4598 184
946 1106 169
8215 8222 190
8039 8183 190
5469 5659 236
9786 9883 211
7204 7385 195
7638 7796 221
1778 1851 162
4560 4723 184
6613 6762 182
