1 1 1
1 10 20
100 200 125
201 210 89
900 1000 174
1 999999 476
620 45492 324
398 59872 340
543 20769 279
786 79504 351
752 18984 279
410 97591 351
537 72604 340
678 20828 279
951 67679 340
392 13600 276
370 9176 262
503 23643 282
496 7580 262
97 64493 340
304 99592 351
911 50113 324
284 98674 351
666 51588 324
487 91009 351
195 48953 324
102 87559 351
848 26206 282
484 73967 340
843 51061 324
958 56919 340
732 2128 182
597 60786 340
607 5215 238
433 48555 324
768 92627 351
402 11052 268
475 61193 340
730 21498 279
632 35500 311
575 84947 351
907 17813 279
604 22440 279
738 51246 324
655 60912 340
895 11092 268
229 84524 351
405 1776 182
794 57676 340
328 27028 308
957 61041 340
645 84969 351
719 28609 308
712 59622 340
828 1592 182
229 60305 340
618 92803 351
206 89748 351
550 76796 340
306 42476 324
775 34195 308
303 13561 276
738 15502 276
519 66492 340
812 12141 268
581 21259 279
70 2246 183
875 53277 340
898 94432 351
492 81975 351
925 15259 276
852 98951 351
797 36329 324
511 41290 324
553 38869 324
295 53476 340
927 79171 351
607 9989 262
320 19783 279
516 11808 268
312 75733 340
116 77730 351
530 21534 279
654 8145 262
504 89849 351
297 59168 340
720 69947 340
257 14370 276
403 77372 351
243 75456 340
111 3799 238
746 7687 262
724 14370 276
778 21291 279
659 4374 238
386 61840 340
657 60146 340
639 41856 324
132 78773 351
59 74219 340
709 1830 182
44 8448 262
283 83398 351
112 14302 276
736 72518 340
262 77866 351
893 24062 282
209 18132 279
489 20477 279
78 92193 351
254 66068 340
140 25808 282
44 39458 324
251 40101 324
735 91955 351
492 5144 238
852 46156 324
897 46074 324
961 72526 340
454 50449 324
530 98266 351
508 63742 340
847 75714 340
535 93395 351
482 33039 308
45 27262 308
327 22572 279
166 77105 351
421 6788 262
707 59719 340
33 76897 340
872 76389 340
361 89620 351
427 47632 324
494 35336 311
686 11831 268
42 94015 351
697 14482 276
545 26396 282
440 72165 340
789 20701 279
988 61084 340
241 89789 351
333 15789 276
527 91832 351
101 91881 351
405 95724 351
368 52207 324
601 80134 351
887 23914 282
262 32314 308
652 72706 340
95 80704 351
272 53893 340
192 70365 340
592 44017 324
411 37404 324
735 10053 262
736 78528 351
76 23378 279
246 2075 182
499 41975 324
814 2566 209
130 61201 340
24 86097 351
66 18817 279
789 9627 262
493 50088 324
898 20414 279
174 88392 351
270 55055 340
940 39758 324
163 24267 282
513 68562 340
512 55386 340
183 47175 324
911 1704 182
874 5751 238
738 92903 351
377 40901 324
601 87347 351
309 68915 340
382 93527 351
164 100439 351
290 48968 324
343 58577 340
912 59296 340
751 56776 340
871 95660 351
519 50934 324
325 5018 238
859 51282 324
30 62996 340
878 56301 340
244 50131 324
657 90962 351
321 100972 351
191 74805 340
383 100946 351
853 95224 351
353 77763 351
503 8655 262
146 93786 351
822 69320 340
27 100591 351
669 98249 351
547 5366 238
3 97136 351
966 34910 311
795 81513 351
752 11137 268
942 79983 351
35 9931 262
171 72646 340
731 75178 340
116 2252 183
315 4469 238
330 41641 324
513 17370 276
339 89160 351
164 47783 324
855 46287 324
662 24762 282
843 100992 351
636 30237 308
676 98946 351
834 29103 308
237 76327 340
707 49699 324
308 14809 276
774 9484 262
390 9998 262
909 82701 351
603 69250 340
319 6309 262
804 95796 351
93 26555 282
513 32744 308
154 37106 324
599 100424 351
803 29980 308
22 39221 324
454 19461 279
745 47930 324
495 23333 279
791 9745 262
469 59923 340
982 37241 324
3 90331 351
279 86083 351
618 13744 276
12 22180 279
507 40177 324
806 96304 351
923 33310 308
556 23400 279
264 70427 340
645 78549 351
656 33796 308
238 34885 311
816 95050 351
992 9479 262
466 35859 324
552 6160 238
976 87496 351
10 48749 324
300 2636 209
392 4859 238
626 86242 351
363 74009 340
869 61061 340
293 40750 324
702 42319 324
301 9051 262
876 22046 279
577 52483 324
485 7116 262
690 58782 340
578 100184 351
497 21237 279
848 32266 308
527 4903 238
787 63778 340
219 94761 351
149 49523 324
852 10958 262
396 96713 351
902 46827 324
898 44438 324
42 22336 279
350 7271 262
501 26048 282
303 54734 340
882 30502 308
737 52337 324
396 80897 351
744 11623 268
772 81115 351
129 91921 351
609 37522 324
425 100855 351
829 88808 351
452 94266 351
899 13322 276
959 72456 340
871 97475 351
18 64081 340
150 61355 340
781 74015 340
109 27680 308
907 85185 351
901 5184 238
812 40348 324
699 77001 340
244 72580 340
854 14446 276
105 34127 308
186 25635 282
546 92086 351
65 50759 324
202 82685 351
697 71511 340
356 63541 340
913 57085 340
665 54548 340
308 7704 262
436 65680 340
984 96172 351
703 44486 324
313 77199 351
670 1343 182
591 17153 276
425 40027 324
94 40671 324
112 91598 351
443 79033 351
998 21820 279
476 4092 238
56 98567 351
480 63110 340
591 3555 217
902 11762 268
9 63766 340
442 19554 279
933 17822 279
138 74735 340
757 39469 324
902 44348 324
862 41060 324
806 44310 324
283 78340 351
806 90240 351
384 100859 351
892 45150 324
690 9206 262
585 50076 324
260 24423 282
46 57312 340
388 25547 282
942 3582 217
44 98818 351
265 37856 324
484 86631 351
554 96396 351
692 35036 311
582 18622 279
583 71350 340
148 100056 351
932 29894 308
100 60841 340
166 19146 279
760 60676 340
907 3166 217
407 61487 340
706 74224 340
440 84797 351
85 94943 351
436 67745 340
190 64328 340
564 76658 340
590 84460 351
825 28232 308
209 48317 324
427 22168 279
621 17552 276
489 13759 276
520 77227 351
311 26122 282
65 83644 351
878 66010 340
303 45036 324
29 40393 324
407 91587 351
805 74101 340
649 83029 351
210 31621 308
249 63175 340
69 6348 262
531 14425 276
30 15853 276
495 31323 308
911 75787 340
853 84578 351
380 15522 276
82 14858 276
751 8437 262
408 14575 276
264 92953 351
987 85226 351
633 3073 217
912 68773 340
71 67043 340
256 15483 276
500 81404 351
58 67457 340
10 66881 340
447 17417 276
338 79867 351
599 52358 324
154 14611 276
761 63839 340
125 46138 324
663 71891 340
869 6975 262
592 49947 324
659 42066 324
871 78620 351
503 2904 209
304 46925 324
763 63484 340
43 27094 308
825 31320 308
601 66128 340
470 24896 282
891 14388 276
222 52747 340
3 13534 276
542 80483 351
146 40321 324
568 1397 182
80 2591 209
217 61550 340
817 75553 340
343 29969 308
829 37783 324
710 91843 351
64 83613 351
905 92143 351
712 36733 324
934 14402 276
718 26744 308
434 74628 340
899 87749 351
84 13296 276
99 30865 308
998 35881 324
55 98602 351
917 84961 351
660 17850 279
258 100049 351
89 36994 324
888 37095 324
207 77389 351
534 45371 324
281 84246 351
87 63742 340
650 45398 324
148 83438 351
901 55974 340
412 54721 340
176 56531 340
98 46514 324
546 34296 311
612 64861 340
675 82285 351
276 61522 340
811 40281 324
111 54246 340
42 97793 351
738 27284 308
327 63753 340
645 94954 351
428 62537 340
440 56780 340
391 19161 279
322 63374 340
211 57735 340
528 1351 182
332 79801 351
210 66708 340
82 12057 268
441 15630 276
373 53809 340
109 90402 351
839 51413 324
395 96770 351
767 92940 351
620 46241 324
689 85064 351
528 31584 308
946 41963 324
121 66183 340
26 78421 351
509 74651 340
826 100413 351
946 4990 238
157 83169 351
518 66809 340
211 75458 340
439 68933 340
408 36779 324
20 84379 351
212 66586 340
495 74233 340
859 35927 324
346 87410 351
36 99359 351
646 87342 351
423 99351 351
555 40955 324
304 42024 324
754 51100 324
352 10911 262
526 88687 351
770 2619 209
120 92440 351
827 6420 262
146 55512 340
19 39511 324
299 14532 276
664 5209 238
553 19233 279
633 15826 276
981 56979 340
384 81121 351
176 28840 308
169 10064 262
308 98713 351
767 95280 351
397 25089 282
14 93443 351
246 32446 308
851 76425 340
440 55695 340
815 66598 340
268 76013 340
610 16457 276
698 82987 351
781 24012 282
282 52072 324
864 89968 351
408 22782 279
201 22789 279
301 47001 324
166 45024 324
688 40094 324
82 88041 351
603 68610 340
443 64321 340
817 85357 351
517 75413 340
702 29277 308
159 78644 351
231 56220 340
794 64752 340
841 78561 351
970 97442 351
661 6686 262
205 63194 340
801 59373 340
753 12360 268
409 85098 351
267 13858 276
916 63440 340
873 61730 340
948 41316 324
528 77868 351
821 36636 324
449 68731 340
502 61264 340
527 47552 324
309 6211 262
156 3853 238
877 4273 238
753 10394 262
595 96425 351
660 49946 324
47 53439 340
132 56117 340
45 32644 308
104 37825 324
634 87776 351
725 17142 276
756 47976 324
894 94737 351
531 67642 340
278 72901 340
572 83174 351
785 30453 308
283 35525 311
736 38889 324
512 9045 262
803 14402 276
971 67386 340
785 7340 262
986 35596 311
940 67312 340
113 9401 262
87 84388 351
248 17668 279
385 89420 351
184 18478 279
515 38231 324
959 34061 308
421 84174 351
940 51970 324
607 28049 308
20 26195 282
27 76703 340
523 62953 340
872 87029 351
758 25590 282
152 2116 182
116 58033 340
3 32171 308
477 87338 351
957 48593 324
251 15647 276
667 82523 351
581 42823 324
675 73069 340
763 36768 324
425 44590 324
211 82383 351
78 63762 340
490 12195 268
954 99462 351
334 81685 351
490 70051 340
144 7110 262
813 85968 351
135 99957 351
184 46163 324
559 98191 351
666 83840 351
585 24264 282
593 37937 324
220 63164 340
595 94293 351
121 3945 238
649 47869 324
364 7458 262
806 48734 324
990 69595 340
261 96710 351
263 30459 308
544 67771 340
209 43904 324
21 9178 262
992 99967 351
435 85259 351
534 39391 324
650 19304 279
323 58731 340
112 82579 351
673 11849 268
192 41692 324
589 29232 308
661 15064 276
570 63680 340
613 92863 351
63 32438 308
832 33122 308
193 74469 340
568 92744 351
611 10807 262
722 99328 351
481 50616 324
306 7180 262
773 22834 279
797 39194 324
664 42340 324
728 20661 279
882 50344 324
862 83228 351
5 44085 324
278 6050 238
836 2461 183
219 10001 262
889 29472 308
452 61065 340
147 22028 279
708 25580 282
334 100305 351
565 90306 351
749 29409 308
389 41514 324
610 73858 340
19 91883 351
302 13486 276
626 14232 276
212 24255 282
884 83792 351
856 92577 351
794 51148 324
278 58167 340
311 14452 276
588 44726 324
477 36305 324
33 13812 276
919 47204 324
783 82969 351
573 1954 182
155 87158 351
166 90450 351
46 80969 351
344 87126 351
427 33091 308
451 8794 262
953 42607 324
227 3611 217
403 8423 262
60 35369 311
99 27787 308
24 80507 351
317 51470 324
428 8421 262
831 90641 351
977 79613 351
879 21462 279
142 55671 340
524 16820 276
458 14813 276
86 99209 351
215 17475 276
818 59056 340
674 71226 340
318 42534 324
151 26557 282
659 53792 340
442 86869 351
303 54334 340
928 19607 279
170 61835 340
748 15043 276
313 94555 351
445 16666 276
390 87201 351
276 29995 308
89 13004 268
156 69996 340
959 41588 324
826 99457 351
273 16448 276
972 73311 340
632 39779 324
326 59266 340
89581 1355 351
81537 19743 351
67853 23027 340
84100 7882 351
66254 41118 340
70670 240 340
67869 27327 340
95804 18859 351
77245 46791 351
92530 15574 351
56338 25285 340
55688 25552 340
57053 4393 340
59086 36175 340
93327 8886 351
99325 45841 351
91820 8709 351
61772 29933 340
66126 16166 340
75707 36168 340
81731 17058 351
70112 24500 340
51796 844 324
59004 43587 340
53586 3253 340
65288 41593 340
71023 18143 340
82881 18207 351
78055 37353 351
66093 2612 340
65161 14714 340
51610 25006 324
64469 49689 340
79954 8750 351
91204 11544 351
80764 29602 351
53535 28896 340
63361 29907 340
53165 29240 340
71113 46159 340
89404 6863 351
72643 48545 340
52731 36345 340
75694 44300 340
70161 7191 340
90742 19847 351
50030 17950 324
69214 43810 340
68253 8490 340
72950 10166 340
94434 13692 351
82505 28475 351
98806 26574 351
56694 41715 340
76555 32759 340
94953 33923 351
99342 12345 351
82070 19042 351
55945 28776 340
90177 18586 351
83937 12229 351
92364 43404 351
57987 14729 340
51934 27264 324
69158 26445 340
56749 23242 340
88669 11526 351
67800 13047 340
62636 46174 340
52163 40726 314
95747 17437 351
80799 3636 351
92844 3719 351
66501 7632 340
61549 16798 340
54607 36238 340
57787 4616 340
78148 30871 351
88667 9948 351
53406 23565 340
54822 36150 340
82810 18876 351
57496 15050 340
79243 23723 351
63029 47413 340
67050 1922 340
56457 43263 340
83855 47254 351
63866 40236 340
73973 7680 340
93645 37009 351
73693 49372 340
64817 17092 340
57233 32220 340
54780 7325 340
52850 27676 340
59440 889 340
61809 22273 340
77993 40557 351
66055 13979 340
56261 2567 340
64354 19098 340
51633 16847 324
84844 8636 351
59084 7453 340
80857 18644 351
74571 35157 340
51549 13590 324
86553 18717 351
57559 47743 340
87431 46751 351
72862 37426 340
86199 46457 351
61063 11437 340
80577 28594 351
89120 25978 351
74209 679 340
83276 18033 351
94782 11764 351
95803 44619 351
50071 49854 234
94405 8417 351
50523 47388 296
90676 45427 351
96821 35718 351
98235 49204 351
72979 5638 340
98598 9731 351
70946 14636 340
69343 43269 340
87799 27725 351
71994 47053 340
84908 23339 351
98046 2845 351
68693 17167 340
54529 41718 340
83022 11443 351
73470 6876 340
88083 1852 351
72278 46965 340
86955 32117 351
93840 37792 351
86178 31223 351
57470 2162 340
63490 25412 340
69966 35563 340
75757 13891 340
57945 6167 340
58730 47365 340
62284 10049 340
84761 24774 351
51392 3554 324
99748 39647 351
96648 11783 351
93221 41272 351
67302 9600 340
86702 40060 351
82491 27861 351
58633 3205 340
71306 9923 340
98268 26261 351
62087 46740 340
96216 19894 351
97553 2189 351
54959 6490 340
77912 43921 351
54191 49788 340
63997 6482 340
53519 49079 340
99542 43207 351
99333 31285 351
92346 17689 351
75506 1823 340
98415 21256 351
74363 27348 340
66189 26539 340
97109 19365 351
92158 43237 351
89595 6157 351
89509 21202 351
83167 45357 351
69753 19568 340
52507 20997 324
72316 14315 340
93331 14015 351
58508 26641 340
61401 26230 340
80869 32276 351
72203 40452 340
88416 4590 351
51613 44008 314
88413 47118 351
82415 23990 351
50888 14624 324
57708 39705 340
86571 18331 351
84046 47924 351
99120 22836 351
78640 2934 351
50849 42064 314
79506 18843 351
79054 25575 351
87411 14095 351
83866 40116 351
66030 29485 340
54611 38041 340
68131 49382 340
96348 44383 351
85984 462 351
77528 26395 351
92780 11600 351
54709 39548 340
68689 44657 340
67699 26032 340
90979 8274 351
71136 28774 340
83137 8303 351
94241 33599 351
58615 25524 340
98431 16430 351
76045 40383 340
90107 2654 351
72688 48977 340
89247 40115 351
51883 42942 314
66147 36824 340
51762 965 324
81065 7991 351
93674 40361 351
93126 36840 351
86104 38525 351
84125 9377 351
50501 9214 324
85977 17835 351
67867 3738 340
80486 38485 351
67278 18910 340
78381 18082 351
57369 41101 340
80202 31117 351
85908 2045 351
94636 36093 351
85968 22732 351
85097 33923 351
78255 5392 351
73899 4000 340
76499 491 340
94651 30228 351
66721 18349 340
68200 22849 340
66912 35683 340
99876 8190 351
64468 28526 340
79932 39895 351
97858 13391 351
56978 11538 340
65456 5182 340
71112 33132 340
66955 8473 340
60298 4594 340
90051 23033 351
78841 6172 351
88935 32785 351
66720 12723 340
53592 14624 340
72837 6707 340
64477 13286 340
79629 29292 351
52403 18018 324
69116 7218 340
73679 23130 340
85113 13237 351
63265 10516 340
54938 10955 340
81254 4593 351
55584 15048 340
57434 32026 340
56689 47568 340
61832 42706 340
54542 26003 340
63825 17307 340
99521 22103 351
81412 22276 351
76630 10884 340
60335 41680 340
60146 21816 340
70899 5074 340
98900 47227 351
62397 26900 340
94198 49836 351
58758 48887 340
50767 29786 324
98537 39717 351
53897 19472 340
51660 35874 314
77899 43272 351
77677 4081 351
51746 30576 324
90282 28419 351
82001 5385 351
82045 36426 351
78545 12092 351
81138 46715 351
69222 43975 340
55207 43506 340
88737 20869 351
50783 3775 324
55355 17116 340
62482 495 340
69861 2176 340
84533 6230 351
95273 39909 351
63313 8775 340
52188 9905 324
97555 4838 351
95602 24720 351
77151 33220 351
91902 23825 351
68578 22810 340
59269 42894 340
80723 33938 351
50462 40761 314
75428 15070 340
71560 31665 340
69003 46603 340
87640 32804 351
97671 19728 351
50237 8846 324
87666 27057 351
95394 12848 351
92930 44161 351
51999 41916 314
63739 12868 340
52428 17837 324
99621 33826 351
56164 1763 340
65205 48023 340
59345 36315 340
80858 42823 351
93210 37822 351
60279 17887 340
90230 14496 351
82664 22871 351
83851 14904 351
59250 20035 340
62360 34448 340
88444 9881 351
88779 19954 351
54804 25980 340
79632 8850 351
71375 2711 340
73174 2507 340
81921 45382 351
98447 35569 351
73045 4190 340
87109 44854 351
52105 27565 324
53268 39592 340
64810 46812 340
87607 36519 351
86903 7585 351
90706 15284 351
61188 4288 340
99049 41445 351
52366 23666 324
74924 9398 340
71974 39102 340
97969 26905 351
65051 36803 340
99100 49422 351
64264 35544 340
93948 34846 351
63640 7754 340
75173 38768 340
82385 3605 351
70501 30078 340
72356 29710 340
71205 2354 340
67567 13053 340
77231 33802 351
87293 38872 351
91751 35052 351
71468 32921 340
90375 12306 351
61048 45378 340
69834 15462 340
50520 18487 324
61669 19609 340
96469 28442 351
97245 11468 351
54819 42485 340
51241 27874 324
83197 25615 351
99909 29533 351
79409 28945 351
97135 29829 351
66789 41970 340
85762 45511 351
96453 13535 351
94429 10922 351
98587 30166 351
81696 15933 351
61609 7825 340
97426 39468 351
90373 44321 351
94849 13105 351
51730 48288 309
50119 27846 324
77911 35528 351
76757 39321 340
73374 36802 340
51583 3673 324
50299 16182 324
56051 15261 340
50678 37345 314
68167 30068 340
79624 43141 351
87295 6007 351
72814 38842 340
69304 23722 340
99485 13186 351
95028 10033 351
98050 20986 351
84946 17887 351
60356 18349 340
72361 23226 340
91273 45875 351
57009 26795 340
64833 4406 340
99134 5489 351
51139 25541 324
94058 24100 351
90931 33249 351
65437 18087 340
70060 38420 340
93931 43928 351
74063 45970 340
62379 22113 340
97304 24392 351
67600 40048 340
86330 24753 351
75862 20724 340
57463 15176 340
53258 3070 340
68845 45079 340
87638 32871 351
63936 13934 340
71640 17296 340
84848 1999 351
82189 42771 351
64119 31829 340
56543 29801 340
63617 40917 340
62297 34934 340
59208 18813 340
75699 40254 340
84156 4362 351
62847 37803 340
63371 26213 340
69310 17302 340
52690 12141 340
61743 5970 340
85488 1056 351
90805 47609 351
95923 18738 351
58340 33006 340
90978 3344 351
83304 8754 351
79414 35871 351
57891 32322 340
78134 32062 351
70177 39677 340
93709 49178 351
57864 39491 340
60986 16015 340
81361 1240 351
71284 26732 340
59790 9448 340
59048 43887 340
74711 21253 340
98785 41232 351
72485 40572 340
90194 33354 351
95130 42646 351
55379 28355 340
69803 45690 340
80357 10637 351
88924 10800 351
50292 25813 324
86182 11024 351
56184 7545 340
55079 12056 340
66184 22999 340
98118 4940 351
51980 896 324
83201 8280 351
62588 12283 340
53205 20097 340
57771 43078 340
67545 22762 340
90394 9047 351
52408 30275 324
75002 26560 340
53625 25147 340
73410 38321 340
86492 29478 351
94664 33112 351
98452 25497 351
98784 35635 351
90075 12450 351
84687 38118 351
52215 13445 324
98586 8824 351
89575 18225 351
92432 13880 351
51913 27410 324
52512 19645 324
80076 34303 351
74713 49914 340
69964 18275 340
99468 15344 351
77327 17561 351
97728 38814 351
81515 46224 351
74834 27060 340
60482 10302 340
73142 36325 340
61004 3489 340
73454 35291 340
82655 30320 351
63590 47844 340
69053 20449 340
82810 2122 351
70891 32484 340
98005 25152 351
73721 13852 340
51127 30712 324
53602 8813 340
73361 31985 340
79250 10800 351
99248 48910 351
85743 14660 351
85636 5570 351
71813 14415 340
62908 38647 340
62482 7731 340
61072 19295 340
83419 29739 351
94795 41553 351
84905 3364 351
79715 13109 351
86596 15001 351
70693 11867 340
53226 13206 340
94466 26964 351
70667 29886 340
69408 29652 340
80356 43016 351
82318 5536 351
58999 10468 340
71081 13922 340
64275 35420 340
78180 16635 351
65061 33813 340
70631 17624 340
76187 16293 340
95830 36781 351
84273 35550 351
86412 30797 351
69242 9560 340
53333 16572 340
58236 36605 340
80517 12860 351
56248 42782 340
68952 23267 340
95204 41347 351
92071 15982 351
71095 38144 340
62980 28910 340
98513 44819 351
90338 46881 351
85764 33321 351
77235 28348 351
74211 33136 340
77375 2932 351
65686 20119 340
97726 40972 351
58903 39522 340
74163 37016 340
62140 2906 340
98870 1040 351
81697 2065 351
53612 46416 340
63825 12659 340
51988 34316 324
63105 16040 340
71328 20145 340
56601 36118 340
56078 10775 340
89456 49507 351
56867 49346 340
72627 31128 340
60515 34120 340
68289 19217 340
62463 15981 340
81286 29648 351
73739 46457 340
79154 23746 351
82778 44763 351
72198 36585 340
88441 3560 351
76554 45689 340
58214 11484 340
73117 34174 340
51995 13360 324
51914 34442 324
85146 588 351
70452 11917 340
89142 16660 351
94590 42989 351
94459 12878 351
91946 40917 351
58876 19732 340
51787 16121 324
75831 5797 340
98552 33175 351
57543 37878 340
94576 20681 351
58486 1525 340
68965 47079 340
89069 41998 351
90023 13354 351
99721 48406 351
64974 28107 340
85004 53 351
82946 40458 351
85533 46401 351
50682 20987 324
80076 38725 351
82048 25562 351
70918 18448 340
77230 19343 351
54418 3658 340
89175 27757 351
91990 19505 351
96772 3620 351
88185 13250 351
75881 17430 340
95189 21796 351
55555 22503 340
72536 2558 340
74929 48237 340
85288 6888 351
90300 49447 351
67696 29406 340
59365 11162 340
88428 13489 351
73993 20294 340
86333 37256 351
82019 32568 351
87209 35189 351
98846 30361 351
53634 11378 340
62997 42995 340
52321 26361 324
61354 4563 340
50223 44691 314
77679 14553 351
92096 22120 351
73300 18509 340
52380 39365 314
75933 19997 340
80811 30972 351
69199 36593 340
92221 44533 351
92968 11647 351
76883 2226 340
71608 6105 340
87005 10129 351
80927 25300 351
98481 42586 351
86805 42164 351
83892 6536 351
67216 5652 340
75305 1125 340
61861 42785 340
54260 36989 340
99374 28550 351
95337 17493 351
80996 46066 351
80117 5172 351
90857 37877 351
71256 34095 340
97333 24074 351
81806 31939 351
95932 5054 351
85529 37419 351
99000 44639 351
83821 12642 351
98567 24975 351
74919 24866 340
74163 11208 340
91099 34379 351
78538 2505 351
79016 39439 351
90507 20735 351
77178 39018 351
76732 47775 340
64300 15119 340
72458 19967 340
71464 39197 340
76637 44916 340
66349 2064 340
58775 15398 340
57772 15252 340
53850 30352 340
76239 32245 340
56291 41156 340
81797 14177 351
99143 22699 351
51182 26063 324
57048 15994 340
86928 23417 351
87572 48752 351
83924 45013 351
84010 6796 351
80080 14802 351
61257 35899 340
70626 1197 340
64631 13135 340
95013 34994 351
97163 49499 351
81155 4864 351
62488 45802 340
84248 49317 351
87959 25664 351
79870 15017 351
83440 21993 351
57194 44599 340
79636 8189 351
61635 34870 340
98953 9253 351
93850 39254 351
62515 23863 340
80186 32037 351
83068 13420 351
63694 1793 340
63664 11763 340
66041 28872 340
95335 5551 351
78550 40203 351
