12965 88410 351
59665 74781 335
29419 25391 308
3229 76904 340
45813 39699 314
7779 83746 351
34231 78078 351
89414 81677 333
41737 48898 314
52561 31896 340
65493 42612 340
14876 35702 324
21183 41810 324
48859 64973 340
74172 60806 335
63211 63038 317
96104 18030 351
68695 55032 335
21817 74626 340
18286 17043 279
54166 43680 340
7984 97714 351
17126 30398 308
57926 57855 229
95267 83394 333
89382 71677 351
2278 93017 351
46320 78694 351
30947 55493 340
64812 52876 335
91257 78654 338
54436 13217 340
1764 3739 238
84385 66510 351
18966 53194 340
92358 80586 333
60179 18547 340
16009 71580 340
22861 89100 351
27532 30645 272
50638 81803 351
50237 31924 324
99721 2153 351
7316 16461 276
97225 31657 351
69527 82137 351
48306 39867 314
71607 66475 325
98185 53481 351
12542 27420 308
71494 96319 351
64287 21154 340
96578 37673 351
9713 25889 282
10792 39190 324
33493 11472 308
7851 42486 324
94368 8608 351
5024 34586 311
68249 70119 312
21541 87417 351
67405 65598 268
41714 79542 351
51165 50255 278
79563 10628 351
96322 44669 351
68116 27547 340
76976 98121 351
66163 468 340
16874 56966 340
83856 40928 351
27773 14749 308
32755 46857 324
49056 82112 351
55445 33226 340
97951 63203 351
43223 33309 324
61168 22301 340
68927 40383 340
98855 477 351
65725 38650 340
38306 36465 306
31917 44115 324
26509 8692 282
40215 68780 340
30691 68404 340
17724 22758 274
49230 22391 324
16680 60445 340
26155 28968 308
72862 83053 351
90618 50895 351
97866 28241 351
96024 75404 351
34707 15141 311
14045 38659 324
5568 1927 238
66348 97342 351
24917 80802 351
81765 48199 351
41521 81884 351
16079 7344 276
53273 45039 340
85035 94107 333
46127 67714 340
73702 52309 340
16591 9310 276
93620 569 351
74016 58819 335
7728 52482 324
3966 36019 324
5174 83646 351
14036 52647 340
32622 39843 324
97492 92419 328
60960 5216 340
8667 20213 279
30755 58710 340
72484 75505 325
39035 72026 340
2567 65098 340
64437 7277 340
63712 45523 340
42839 6728 324
68127 2593 340
6863 88564 351
64315 50320 340
6020 40315 324
79853 67187 351
30503 55483 340
34827 70935 340
70864 20727 340
96234 85944 333
56557 91703 351
48459 67996 340
36609 42507 306
81663 79748 320
78202 77776 276
89585 57905 351
90554 80706 333
81031 79643 320
43795 11848 324
79659 80771 320
34351 42134 324
93231 56475 351
35558 42191 324
80872 14086 351
63446 29025 340
76138 50225 340
63641 60844 335
64902 79900 351
59774 241 340
82198 64695 351
59456 86253 351
74809 59551 335
84099 97092 333
7966 83151 351
53232 42108 340
73992 72840 294
15681 74565 340
19900 79482 351
5342 37754 324
46783 4890 324
139 24723 282
53503 69328 335
39312 44407 306
77136 31881 351
94703 24712 351
86751 91023 333
99063 60262 351
45555 77348 351
94373 28624 351
71128 67165 312
79177 1300 351
42853 77034 351
96085 87226 333
67175 28449 340
9010 23800 282
88496 43968 351
14328 27943 308
74505 80246 351
7282 4435 262
36361 96897 351
56218 11937 340
84817 22540 351
24182 72821 340
41300 14420 324
55940 77019 335
83609 5277 351
89069 73820 351
5411 82037 351
25919 36727 324
51912 27910 324
90682 37339 351
76865 39998 340
58087 84499 351
39454 19329 324
21967 13203 279
50609 61712 340
60656 52125 340
62366 55869 335
61128 16667 340
83651 47736 351
53032 59043 322
34796 41153 324
65204 33203 340
958 90560 351
50524 9492 324
83513 47179 351
56179 72638 335
69839 3159 340
65065 95213 351
8706 14347 276
68868 33147 340
83030 64738 351
39410 42905 306
24765 53739 340
15904 34902 311
64877 78151 351
20600 6534 279
41623 9290 324
96148 85663 333
19466 99497 351
62154 89054 351
45112 39277 306
93930 45578 351
4162 83730 351
10225 35209 311
23516 36134 324
17547 21312 279
58477 81097 351
90680 27213 351
47716 77179 351
93758 96036 328
5763 77883 351
22260 57224 340
24567 96478 351
22188 14261 279
6025 97510 351
33479 46276 324
53863 82165 351
81655 2253 351
7752 73589 340
5392 50801 324
1832 49841 324
1735 59611 340
60099 26411 340
78306 28928 351
44286 15415 324
37207 82348 351
63544 53213 335
21598 50806 324
66610 19523 340
33087 76388 340
73960 77568 351
39821 38491 275
76066 51891 340
80738 54393 351
12742 18807 279
16591 95358 351
1501 58898 340
77984 5889 351
15695 41707 324
28909 94084 351
38252 83038 351
59866 52769 322
29221 74933 340
67963 38813 340
43404 45613 314
11801 4218 268
44524 72797 340
31522 86854 351
85968 64267 351
34467 7102 311
32592 79297 351
70391 60890 335
85307 11542 351
77002 72732 325
86067 64184 351
20475 44351 324
71983 56950 335
55240 22478 340
35014 95746 351
63756 45851 340
9361 14900 276
17905 67786 340
26067 71018 340
60319 16709 340
73820 39350 340
5500 55627 340
89293 83598 333
78038 16431 351
25423 47567 324
17 30982 308
42817 56052 340
55760 75950 335
62493 35559 340
3980 61616 340
62871 75047 330
93839 8651 351
82982 44381 351
63789 77973 351
44591 31850 324
92260 76072 351
25925 61958 340
79067 47999 351
73577 85125 351
11194 19517 279
46935 47206 283
21060 80986 351
24756 62138 340
84401 32304 351
32076 89784 351
35823 2192 324
64970 38297 340
56768 46182 340
7745 68996 340
61020 67027 330
99313 94759 328
57451 81935 351
90012 39099 351
60696 73544 335
89422 98693 333
63137 74421 330
69861 62897 330
57294 97905 351
24137 4645 282
64672 26883 340
44555 99758 351
82344 49304 351
18178 94141 351
48461 43893 314
92593 44316 351
64358 42029 340
740 15579 276
26490 1485 282
64900 8926 340
9617 44459 324
60457 36402 340
82482 41896 351
40636 52945 340
5000 63182 340
9166 46881 324
11732 58681 340
71353 97714 351
8985 9997 260
82403 16171 351
85603 78485 338
7307 73701 340
44736 34961 324
26187 80182 351
10186 79368 351
28937 50231 324
58635 31237 340
44512 49005 314
51061 90294 351
19814 60927 340
76634 71800 325
47909 41255 314
22417 123 279
80538 36987 351
20487 3465 279
69729 90889 351
89731 35813 351
79692 69352 351
81141 19022 351
22988 97479 351
6415 83959 351
19010 59404 340
40896 17791 324
2585 61731 340
70598 16872 340
68256 66812 312
61321 52702 335
78904 23422 351
34095 99466 351
88848 16932 351
1684 83278 351
39395 5129 324
95756 51867 351
35640 40455 324
10181 20318 279
4106 30109 308
40906 50976 314
20974 30452 308
79859 99157 333
41013 49240 314
24425 51151 324
95425 5135 351
24499 53886 340
57282 40062 340
71835 60413 335
8036 2722 262
66346 52586 335
81435 92114 333
4900 65546 340
65800 25466 340
27869 39813 324
55053 98458 351
89555 44973 351
64086 56540 335
97560 16847 351
14625 18375 279
34473 55516 340
56987 82029 351
54917 99140 351
48131 13908 324
69499 9343 340
65855 5640 340
47774 58188 340
18427 45907 324
75709 55560 335
94608 79339 333
459 31094 308
69093 37284 340
64504 53422 335
42554 50756 314
12222 55747 340
940 19166 279
62770 69173 330
93414 62112 351
80528 84387 320
5601 9513 262
74500 85265 351
54777 52691 322
28950 33801 285
60497 39764 340
11684 33725 308
77484 96429 338
27181 83021 351
88743 37547 351
59781 89807 351
44348 87041 351
64473 27373 340
23316 43957 324
9880 67640 340
43924 72450 340
28745 103 308
93536 36599 351
29670 25370 308
50551 37481 314
14824 62043 340
6407 77082 351
70306 97104 351
94517 92407 315
87991 8419 351
50853 86218 351
28780 67529 340
41482 29944 324
68164 38463 340
19719 15773 279
20450 18778 274
21440 63862 340
36581 99923 351
42118 34398 324
20512 94104 351
64141 84397 351
82770 54146 351
60284 35543 340
99168 4205 351
59360 25248 340
73932 23333 340
15086 47881 324
26577 17910 282
88401 84191 333
44803 91458 351
74093 65034 325
44759 11832 324
6992 99379 351
4008 79880 351
2146 75862 340
26405 46100 324
18594 79542 351
64223 18093 340
71333 99863 351
75917 68007 325
33749 71357 340
47540 27243 324
3644 86921 351
92181 74007 351
80407 55034 351
96952 95106 297
60965 72966 335
37885 93066 351
10047 7799 260
85528 32448 351
91178 83915 333
96905 24338 351
81992 46154 351
72604 68044 325
25961 87261 351
78146 99301 338
93832 78756 338
82878 39406 351
67560 73108 325
20239 33573 308
60747 93269 351
53690 49794 340
3145 43554 324
55648 50943 340
56624 69786 335
27118 31401 272
51264 34695 324
24898 4957 282
85193 93137 333
12534 31532 308
57283 29618 340
60890 5840 340
30466 66158 340
47853 97399 351
41381 81920 351
88284 27978 351
71810 44788 340
37623 59604 340
5643 68223 340
63943 97228 351
46013 62994 340
80064 6989 351
10238 5642 262
96024 73430 351
70228 20335 340
371 66127 340
75341 5743 340
47556 61689 340
30190 8177 308
61070 61790 286
4005 47371 324
31572 44959 324
6849 59438 340
43524 10673 324
2116 78080 351
51580 3733 324
45775 40661 314
96174 70908 351
78050 33433 351
67116 28438 340
66265 20459 340
82280 76928 351
14711 79664 351
93763 2774 351
96051 2003 351
15860 17342 266
29804 18638 308
37713 99235 351
42449 55396 340
24718 44927 324
42518 49533 314
25091 44325 324
54018 82530 351
56401 92497 351
12424 9909 268
29200 55300 340
71395 50358 340
40745 93639 351
67106 24779 340
41600 73235 340
11415 22668 279
53760 94216 351
69963 60537 335
508 28783 308
59769 94871 351
58890 98798 351
89841 88665 315
22771 1430 279
27103 46896 324
67043 84972 351
47778 44051 314
19505 93756 351
31974 16882 308
82042 5547 351
9658 68834 340
90519 87992 333
18009 28951 308
77177 75988 351
68226 87032 351
93184 20274 351
71847 21393 340
18642 68444 340
15574 19690 279
91385 17719 351
49101 63811 340
23639 54250 340
96490 72814 351
57668 18421 340
4479 17092 276
58351 27795 340
71514 13271 340
45621 8200 324
20289 87626 351
23842 38137 324
72276 47612 340
10628 97528 351
95101 1625 351
86444 62494 351
72935 87790 351
17968 62442 340
60673 54284 322
97757 87752 333
30957 75251 340
69974 61357 330
6936 36760 324
73651 87064 351
49152 78205 351
67202 75474 325
41243 92484 351
13350 2497 276
72791 72888 263
1032 86362 351
5527 48126 324
26117 84335 351
4939 32321 308
18053 85753 351
36390 53783 340
84987 31855 351
93691 44715 351
81655 89939 333
27454 95920 351
98542 80188 333
36528 56866 340
6403 58577 340
25616 86257 351
39024 1837 324
75001 1594 340
9757 50616 324
20085 5162 279
95534 43149 351
14009 31111 308
72322 82145 351
9054 34207 308
63834 16071 340
41761 57141 340
46292 13567 324
30687 20496 308
77967 61496 351
84313 32441 351
13488 2206 276
34525 40336 324
95581 15097 351
46839 50878 314
7411 74316 340
76040 70888 325
2988 96986 351
28208 50793 324
5975 2469 238
2288 62634 340
46681 27856 324
46382 4944 324
66599 26019 340
96022 72889 351
84707 31976 351
69090 21552 340
82123 3576 351
48866 66794 340
51478 10052 324
27977 48317 324
48944 15851 324
82518 12244 351
75627 21722 340
63163 76406 330
12282 43015 324
28051 90040 351
81831 68264 351
10342 53556 340
80376 24532 351
8756 9222 247
24217 79935 351
33626 82023 351
1702 60140 340
81472 2456 351
38211 62307 340
23658 7548 282
76450 46946 340
61452 83131 351
98210 79577 333
3201 58335 340
41520 38125 306
14520 47999 324
26693 56921 340
21786 52521 324
20926 46310 324
42751 61431 340
68566 42256 340
67415 6122 340
31444 96120 351
40157 71335 340
55446 76230 335
18840 30674 308
89239 1098 351
32575 77097 351
81504 71877 351
39573 21574 324
44679 58619 340
98245 29621 351
9274 1520 262
65633 54488 335
28344 57758 340
72078 95810 351
1032 72657 340
2513 15173 276
60971 35783 340
16169 37422 324
48015 42307 314
87255 39621 351
53250 27037 340
62640 42043 340
89599 26703 351
21948 35360 311
13607 32363 308
45055 69259 340
16281 82537 351
6177 75694 340
90520 6430 351
63843 37692 340
64872 20934 340
80773 81814 320
9787 5413 262
83906 10802 351
77124 6486 351
13542 90844 351
29381 8232 308
50735 12216 324
51183 36375 314
63617 44753 340
31273 29295 272
74513 2460 340
22717 96782 351
27862 11879 308
68964 85213 351
26647 2948 308
2387 54632 340
64492 33074 340
17720 1136 279
32986 45189 324
68422 8494 340
94401 49046 351
77393 7685 351
66360 69116 312
17096 59506 340
92434 69335 351
17524 68459 340
83318 48537 351
51191 39741 314
8904 48912 324
31658 50070 324
98479 70684 351
96723 52221 351
28737 97863 351
79002 27452 351
21022 94933 351
67408 883 340
23529 29492 308
37511 24604 324
45148 29971 324
24394 93444 351
30784 53762 340
97452 65873 351
7597 18400 279
75664 37453 340
31485 5694 308
60255 26091 340
18576 46874 324
69295 33421 340
36916 17384 324
97445 61911 351
15372 84474 351
34104 22617 308
92755 81444 333
12216 47490 324
85152 50129 351
15188 68165 340
16260 76270 340
26550 10278 282
62452 75322 330
61972 19675 340
99127 35615 351
60778 84963 351
65816 5409 340
27157 49724 324
38984 75424 340
47228 94724 351
30029 20066 308
43634 37824 306
91351 10366 351
24300 30091 308
48004 70769 340
36181 64531 340
39511 30732 324
11388 77262 351
23914 26173 264
46189 73180 340
76008 16535 340
94973 59045 351
95107 92858 328
33300 13690 308
35348 55799 340
29337 49684 324
68024 46759 340
18428 10515 279
71676 47803 340
15033 34542 311
10884 77882 351
80383 36471 351
62922 86308 351
64897 15459 340
65178 80738 351
68100 42657 340
23606 5408 282
14748 33533 308
29787 38173 324
85590 24088 351
79418 69338 351
55047 56241 322
73617 38153 340
63937 61939 330
75285 68646 325
5922 33414 308
20114 52720 340
50437 91868 351
69921 65363 312
18031 54550 340
12337 26928 308
84133 22788 351
15048 82814 351
19307 31041 308
20552 45920 324
79250 76426 351
65243 20079 340
61517 17175 340
37866 86342 351
37654 39820 275
17384 69865 340
58499 82323 351
68347 77299 351
76285 61216 330
71432 93265 351
58909 13358 340
24338 62242 340
81661 91757 333
92829 29072 351
25958 75761 340
8142 29753 308
57906 34381 340
64373 99382 351
4677 89427 351
61791 3636 340
58933 15724 340
46839 10822 324
70159 34387 340
57472 41576 340
67421 88385 351
40401 59460 340
62141 33399 340
22868 52435 324
11762 88152 351
4762 65272 340
17705 30281 308
61207 94238 351
25086 99854 351
77509 4221 351
38308 61518 340
53115 61550 335
76804 86581 351
60578 29879 340
62379 88656 351
68245 73692 325
21474 67264 340
62230 90686 351
39584 19282 324
93727 51926 351
61854 67614 330
86159 77188 338
24318 26657 308
77079 14843 351
97091 65396 351
9053 30583 308
60335 99730 351
23242 15617 279
35525 72344 340
25062 2476 282
53939 18800 340
95180 77485 338
60594 28938 340
67313 51888 340
40294 38846 306
57833 57613 273
74922 49446 340
48111 9005 324
65014 91480 351
95621 2086 351
15992 10012 276
1205 46862 324
18764 32057 308
44393 52549 340
34373 79986 351
64963 32238 340
66632 47646 340
28556 88440 351
15181 6741 276
21040 98898 351
20459 1455 279
39560 38244 275
45339 31924 324
25187 59064 340
95053 58358 351
42714 97158 351
15051 82727 351
71515 34937 340
69587 94064 351
78497 70737 351
87686 50432 351
55715 4616 340
7071 9305 260
2919 25490 282
47190 25477 324
30361 63642 340
11899 94344 351
47431 23069 324
9161 47100 324
65983 96901 351
32148 40262 324
69673 805 340
46892 35604 324
33874 70977 340
61156 41264 340
14601 17679 279
33078 59490 340
72237 69738 325
65706 48506 340
42059 58555 340
25691 26261 233
83292 19216 351
92158 96992 328
2631 1761 209
3336 25165 282
71306 29383 340
72400 8188 340
20129 58185 340
37416 16492 324
71099 61516 330
51474 25314 324
68208 57711 335
10465 56624 340
43881 49965 314
48939 88170 351
91730 6797 351
62454 3204 340
31504 2868 308
65963 17487 340
36997 77237 351
99998 13449 351
57688 57007 304
87056 76992 351
75116 52922 335
36719 15828 324
95986 31330 351
89235 32738 351
85290 69365 351
19636 48437 324
23440 46692 324
36772 13867 324
9534 57665 340
83484 9357 351
55792 80798 351
97399 62591 351
58133 73331 335
75400 14977 340
65111 56124 335
96125 17477 351
68881 48180 340
4243 47077 324
22044 19657 274
98866 36162 351
41012 79694 351
19568 11583 279
90587 58537 351
3794 72145 340
43446 91138 351
86789 73910 351
40471 87624 351
30811 98844 351
29450 31596 285
4448 59205 340
17853 54768 340
73060 79567 351
28181 50462 324
70018 25419 340
86394 60547 351
8930 37359 324
79976 3935 351
76944 33979 340
40790 80535 351
14340 87676 351
35472 39883 324
66222 80433 351
42940 90238 351
34430 42585 324
84613 88928 333
58102 41430 340
71725 93404 351
57053 26705 340
6652 10832 260
37066 8425 324
19061 15785 279
28761 30602 272
27529 55990 340
3371 87682 351
86812 37888 351
21182 24328 282
79740 75605 351
38951 82005 351
63164 80733 351
15503 9038 276
61340 3512 340
41049 51631 314
20449 70553 340
33234 11851 308
68540 15673 340
55463 91559 351
8508 3381 262
2808 77205 351
57262 90650 351
15847 26142 282
44167 9403 324
25194 98857 351
21037 34199 308
47056 94758 351
51821 65884 340
60957 77739 351
27900 43496 324
86657 64705 351
19983 35557 311
58606 28914 340
29878 54975 340
94665 86066 333
75471 87113 351
87837 11802 351
49809 89658 351
11954 2709 268
68471 87588 351
78910 93217 333
68251 12568 340
68029 98623 351
81854 57755 351
68665 76167 325
82145 83169 320
50273 32426 324
88264 52287 351
460 42146 324
40408 90571 351
39294 64736 340
27792 46683 324
45 33645 308
53143 92416 351
34676 62430 340
50593 92396 351
91225 29575 351
14019 6086 276
7059 36863 324
45552 9679 324
55565 86138 351
37207 24715 324
62679 66523 330
63376 12414 340
35855 39011 306
38197 91667 351
23968 94356 351
82566 40518 351
14228 12681 276
19688 9259 279
19777 26910 308
51258 61563 340
58263 37604 340
46859 62233 340
22872 13081 279
45133 93060 351
98489 15556 351
48806 8109 324
33955 13982 308
87256 92724 333
82933 72210 351
26499 98914 351
45495 71750 340
60245 73827 335
98504 31629 351
12031 22015 279
65785 80196 351
27423 49976 324
81299 43410 351
87453 96436 333
141 4057 238
68331 80950 351
74710 9173 340
1878 28781 308
58472 48725 340
14749 41499 324
59125 68628 335
40883 28394 324
69074 60932 335
73922 54411 335
41854 8449 324
