231 387 144
773 119 171
839 148 171
853 173 171
857 492 171
399 650 145
534 170 144
10 159 122
728 944 179
143 97 122
630 751 171
105 749 171
697 272 145
712 497 171
956 960 130
677 136 145
894 254 179
929 806 179
862 901 179
610 387 142
672 539 145
957 976 143
380 775 171
970 112 179
584 306 144
917 149 179
834 662 171
224 198 120
991 963 143
38 625 144
43 75 116
298 551 144
640 414 142
960 720 179
43 506 144
163 171 125
709 434 171
288 47 128
673 617 145
879 918 148
462 803 171
98 345 144
899 480 179
805 394 171
381 178 144
831 199 171
161 473 144
861 641 171
716 644 171
603 890 179
929 204 179
664 4 145
535 959 179
729 849 153
296 870 171
510 526 124
839 122 171
246 585 144
254 942 179
494 862 171
158 490 144
751 554 171
761 53 171
931 306 179
39 663 145
448 924 179
441 777 171
169 219 125
74 194 125
803 772 153
531 958 179
559 175 144
723 599 171
673 245 145
57 665 145
761 18 171
33 500 144
999 19 179
273 448 144
691 721 171
719 317 171
883 210 179
564 527 137
758 467 171
293 843 171
951 284 179
350 959 179
208 320 131
739 351 171
85 259 128
763 906 179
960 14 179
273 361 144
152 81 122
65 27 113
891 43 179
38 308 128
124 546 144
824 451 171
7 837 171
838 789 135
674 835 171
519 5 144
610 745 171
634 195 144
97 63 119
939 532 179
873 218 179
717 966 179
281 191 128
282 510 144
949 804 179
241 153 128
661 880 179
676 342 145
430 940 179
736 636 171
636 70 144
980 459 179
251 955 179
800 775 153
279 580 144
27 809 171
71 596 144
464 745 171
737 571 171
918 343 179
165 590 144
188 887 179
956 6 179
520 39 144
533 422 142
99 397 144
121 803 171
618 780 171
513 246 144
80 547 144
114 59 119
515 859 171
645 8 144
7 866 171
868 710 153
154 25 122
680 602 145
940 455 179
442 271 144
923 496 179
594 405 142
525 133 144
857 206 171
799 224 171
77 908 179
852 257 171
458 802 171
487 891 179
646 354 142
819 417 171
297 462 144
766 86 171
954 171 179
371 919 179
789 260 171
195 451 144
33 423 144
541 19 144
852 244 171
960 445 179
675 468 145
114 937 179
32 812 171
527 569 137
51 698 145
930 244 179
537 128 144
335 679 145
147 714 171
130 288 128
459 598 142
902 136 179
843 792 135
928 45 179
740 579 171
472 836 171
518 848 171
699 201 145
860 39 171
490 885 179
746 858 153
885 726 179
744 428 171
542 829 171
106 506 144
725 109 171
533 288 144
798 981 179
662 199 145
504 519 124
957 385 179
241 834 171
798 361 171
986 611 179
220 87 125
879 58 179
282 178 128
737 441 171
527 892 179
723 124 171
935 478 179
43 861 171
684 199 145
64 998 179
911 955 174
482 123 144
261 590 144
158 313 131
559 863 171
861 456 171
499 817 171
904 477 179
582 509 137
509 580 137
657 387 145
255 61 128
407 890 179
594 220 144
826 404 171
9 966 179
230 641 144
965 465 179
326 936 179
787 443 171
550 553 137
34 514 144
818 492 171
367 10 144
388 548 142
489 109 144
93 329 144
534 141 144
416 526 142
529 255 144
887 137 179
806 965 179
163 498 144
980 180 179
322 11 131
810 948 179
382 695 145
27 468 144
499 874 179
2386 1389 183
2675 4512 238
4244 3766 202
1809 4709 238
3999 4516 215
4205 4295 202
2473 1520 209
4938 1417 238
2176 1444 180
1026 2738 209
2293 3999 238
1917 1751 175
4663 2201 238
3824 1272 238
2730 2306 209
1610 1352 172
3340 1319 217
1392 2119 180
3116 2346 217
3265 4542 238
2088 2406 183
1321 2157 180
4157 2872 238
1716 3822 238
4066 4743 215
4316 3355 238
3248 2194 217
1303 3889 238
2882 2913 142
3444 2692 217
2871 1108 209
4555 1136 238
3910 4088 189
1408 1558 172
4116 1364 238
3060 4559 238
3616 3914 238
2561 2697 191
4593 2752 238
3452 2935 199
1314 1721 180
2724 2998 217
4553 2077 238
3604 3255 194
1479 3634 217
1348 4599 238
3978 3777 189
1864 4034 238
2708 3173 217
1612 4054 238
2966 1205 217
4595 3858 215
1211 4212 238
3520 3627 194
3377 1785 217
3119 1158 217
3111 4614 238
2191 3455 217
1462 3306 217
1443 1905 180
4570 2747 238
3498 4206 238
3856 4172 189
4564 2179 238
4388 1733 238
3514 2588 217
1099 3110 217
2923 4394 238
2895 2228 209
1215 4440 238
4751 4052 215
2665 3184 217
4002 1117 238
3518 3154 199
2377 3364 217
4691 1020 238
4990 3147 238
4836 2482 238
1850 4669 238
2262 1564 183
3940 1334 238
3457 4455 238
1072 4509 238
3666 3258 194
3299 2068 217
1350 3183 217
3470 4780 238
3775 1128 238
4145 4044 189
4829 3841 215
4608 3311 238
1862 3084 217
3610 3458 194
1221 4140 238
1414 3564 217
2856 4569 238
4070 2557 238
2922 2598 217
4469 4798 197
1648 3412 217
1213 3938 238
2745 2537 191
2696 3035 217
1607 2222 180
2548 2488 178
4666 1614 238
3461 1634 217
2996 4325 238
4511 4816 197
4376 2377 238
3797 4056 189
2661 1943 209
4107 3401 238
3417 4797 238
2366 1284 183
4707 4358 215
2082 1320 180
2676 3271 217
4678 1802 238
2609 1996 209
2561 2729 191
4569 2376 238
3190 3076 199
4867 4588 197
4677 3579 238
3661 4785 238
3482 2603 217
4781 1818 238
3503 3082 199
1972 3639 217
4066 2908 238
1474 3451 217
4453 3003 238
1483 1308 172
3750 1937 238
2499 1678 209
4677 1954 238
1562 3421 217
2085 3349 217
4461 4503 184
2693 3023 217
4888 1024 238
2352 1920 183
1438 2865 209
3640 3757 238
4337 1068 238
4846 3548 238
3564 1393 217
1000 2984 217
1286 3688 217
1693 3458 217
2788 1953 209
1532 2276 183
1163 1492 177
3007 2567 217
4622 3365 238
2074 4606 238
3778 2883 238
4188 1119 238
4642 4717 184
2954 2132 217
3541 1268 217
4037 3593 238
2881 2584 191
2079 2676 209
4750 2277 238
4980 3127 238
2276 4917 238
4737 1617 238
2765 3437 217
3968 2578 238
4816 4861 166
1007 2648 209
2605 2532 178
3364 4946 238
2910 1859 209
3011 1782 217
1765 4347 238
1641 2071 180
3271 2326 217
2420 1960 183
2970 1861 217
1489 4772 238
3930 4561 215
3144 1628 217
2969 1098 217
4889 4166 215
2326 2259 183
1041 1000 156
2705 3751 238
3370 1141 217
4381 3964 215
1723 1813 180
2200 3816 238
2774 2422 209
1957 3772 238
4825 3092 238
3600 2493 217
3871 3245 238
1208 2812 209
4199 1705 238
1069 3167 217
4945 3980 215
4520 2644 238
1719 4506 238
4144 3750 189
4926 3236 238
2243 1917 183
4896 2839 238
3045 1512 217
4915 2256 238
4835 2898 238
3500 1877 217
4754 2093 238
1406 1444 172
1198 2946 217
4046 3658 238
1747 2926 217
1439 2025 180
2097 2982 217
1593 1706 180
3756 3205 238
1606 3433 217
4746 2111 238
4721 3791 215
1648 4371 238
4573 1634 238
4023 2820 238
1008 3105 217
3499 2805 217
3775 1953 238
3132 4767 238
2195 4081 238
4534 2236 238
3890 4636 215
1096 2822 209
2664 2899 173
1108 4436 238
2652 3798 238
2830 1943 209
4571 3169 238
3505 1511 217
3220 2131 217
2652 3110 217
1422 4747 238
2600 3231 217
3088 3717 238
4904 2280 238
4984 1955 238
1029 1528 182
273055 454606 449
219153 170182 386
191938 275104 443
212945 397382 443
177538 118868 383
337915 294725 384
221264 246081 443
177501 134338 383
234353 129342 443
245927 432420 449
202655 177356 365
292193 104857 443
155330 236777 443
177959 155673 383
235834 111038 443
241794 400477 441
439753 478756 444
304555 476621 449
203955 135643 383
330596 433587 449
253371 460438 449
299438 461508 449
131850 234256 443
170846 205165 365
426162 449325 400
441314 263088 449
278579 358970 441
303346 258694 416
498934 387076 449
426263 376444 449
411417 307192 449
374514 167954 443
131119 371757 443
191781 200852 360
188006 102473 383
364710 447550 449
233548 106367 443
188599 448480 449
315111 436613 449
340564 329731 366
116723 450340 449
156879 262404 443
166518 411214 449
421220 115251 449
303024 466046 449
469779 158798 449
474754 368488 449
459476 381124 449
498766 235326 449
450180 159535 449
120661 378092 443
235339 352361 441
394479 251438 441
448586 202894 449
230329 264355 443
117326 378583 443
314032 442721 449
276631 189908 443
178409 422402 449
489015 302897 449
400601 390476 405
145890 330937 443
156875 414928 449
113514 146506 375
425984 393490 449
151536 237344 443
253583 400273 441
246587 242509 337
162014 235866 443
312372 171761 443
180687 122840 383
159492 340687 443
396619 201940 443
208392 440294 449
209480 479389 449
254880 274240 416
152527 411440 449
314853 429744 449
239473 187832 443
296879 300309 371
464860 236025 449
352358 445546 449
353514 451748 449
126555 275226 443
407782 230479 443
184631 416437 449
230266 328835 443
348472 470301 449
459071 408249 449
494785 209221 449
118209 205791 383
211036 291444 443
422181 244540 449
234844 155083 443
391471 283595 441
327971 129157 443
439649 446206 356
433219 419654 418
334351 135794 443
323820 388844 441
140292 235903 443
428026 499272 444
152866 471180 449
253575 265202 407
295452 301125 371
267919 293707 416
290764 499124 449
398944 478602 449
474656 189215 449
123741 247121 443
284409 455883 449
404817 441786 449
375508 184677 443
408434 173879 443
452718 418074 418
460940 299786 449
220437 349676 443
343312 325700 366
264488 253243 407
128939 292539 443
303595 137263 443
356864 409998 436
460650 102716 449
318777 320816 353
337629 377612 441
417826 183089 449
392460 238330 441
269208 489188 449
127333 398081 443
424752 285848 449
208263 298536 443
139181 259708 443
327747 464030 449
246731 288971 416
341932 119317 443
252099 189021 443
429581 111111 449
227196 487606 449
200067 135661 383
136302 496142 449
133680 443524 449
180292 258543 443
260918 261987 332
243457 146242 443
418936 180458 449
279559 130498 443
242283 403202 441
234183 135820 443
114217 469241 449
319925 323727 371
241019 147726 443
175994 190544 365
429104 318043 449
119677 382755 443
445388 222818 449
229826 402183 443
189067 465435 449
206298 242295 443
172394 274020 443
368375 457276 449
260933 432106 449
478557 154691 449
171025 305890 443
180690 460663 449
155416 140148 375
107323 303880 443
418679 473255 444
479542 127368 449
170374 261886 443
158675 305859 443
347667 203603 443
199109 281805 443
411561 249275 449
213794 107432 383
263915 418866 449
193359 392914 443
140892 346062 443
291038 160788 443
430325 407302 449
356652 192392 443
174291 247102 443
340484 160965 443
450401 236701 449
145556 377427 443
249373 430138 449
288815 109865 443
401031 130741 443
433801 310667 449
106440 329572 443
144912 368299 443
321950 331308 384
296527 332945 384
425703 195189 449
175554 450895 449
294486 303590 371
137708 346829 443
245241 460274 449
334512 448565 449
272269 302881 398
190840 307390 443
304202 183777 443
345934 326741 366
215397 162344 373
370279 288492 441
457291 261901 449
198151 426719 449
392146 381733 436
176817 308231 443
349240 206019 443
111599 454447 449
155633 404940 443
117653 254568 443
406519 478863 449
358898 345832 441
205853 113833 383
397541 193810 443
385574 130843 443
118886 304729 443
135398 471532 449
215110 471416 449
175394 372677 443
373446 192943 443
240554 163171 443
340832 207839 443
457164 168655 449
116104 415062 449
428534 332805 449
360535 304129 441
333789 390756 441
424052 177255 449
165792 247733 443
493196 109658 449
361761 493250 449
296305 388444 441
138003 288934 443
264116 291040 416
179107 374968 443
492010 274785 449
212491 233408 443
178944 275431 443
289287 386856 441
155302 443642 449
344074 419215 449
269502 425586 449
422860 447086 418
324331 275679 398
222673 189162 386
362861 453702 449
340985 114860 443
330146 287810 398
374 509720 449
358 885852 525
347 395485 443
392 111444 354
384 393626 443
270 383306 443
265 824039 470
381 171601 383
196 341632 443
160 897981 525
94 723066 470
305 81196 351
64 120847 354
467 379122 443
379 186092 383
88 361987 443
458 69374 340
221 162437 383
325 868216 525
277 969033 525
412 805452 470
178 872741 525
177 43250 324
478 277046 443
234 706332 470
61 306518 443
222 810451 470
10 307855 443
313 366267 443
18 638732 470
485 390863 443
223 477490 449
180 309673 443
18 927526 525
373 285894 443
247 538800 470
396 528675 470
111 888732 525
444 939444 525
438 817650 470
327 562973 470
334 481637 449
326 751044 470
442 795087 470
302 803039 470
56 625738 470
86 819249 470
477 333768 443
289 693399 470
72 453992 449
330 13624 276
128 786021 470
186 818776 470
228 228705 386
191 120383 354
279 210346 383
11 902441 525
67 60900 340
181 104354 351
47 152217 375
446 484913 449
254 284447 443
14 533803 470
145 518654 470
460 328545 443
85 831952 470
277 637226 470
5 162995 383
329 296102 443
420 730228 470
466 119557 354
263 627765 470
238 387169 443
413 599861 470
92 189661 383
269 459033 449
365 741215 470
201 199108 383
214 81935 351
141 861712 525
70 734196 470
482 396347 443
72 335634 443
449 828831 470
307 510841 449
101 517271 470
226 712206 470
358 451797 449
404 137962 354
154 593088 470
384 595338 470
407 48203 324
149 990513 525
245 557879 470
286 706626 470
184 889990 525
470 51132 324
279 286897 443
62 420886 449
256 332708 443
440 976729 525
494 782410 470
65 321761 443
134 520999 470
195 694850 470
302 648575 470
230 948162 525
195 58022 340
26 356054 443
410 613207 470
9 977744 525
498 121989 354
191 201784 383
36 338868 443
203 514000 470
499 101241 351
3 623800 470
345 61255 340
18 430691 449
207 256805 443
148 159079 383
362 859483 525
443 901965 525
118 599729 470
224 3673 217
319 566718 470
40 27844 308
392 836870 470
19 757659 470
93 336198 443
36 163822 383
6 702991 470
403 681404 470
91 47372 324
49 843924 525
106 839393 525
100 975010 525
170 173328 383
165 449293 449
85 895170 525
80 837266 470
487 384819 443
234 267376 443
430 29032 308
325 542074 470
48 355956 443
258 127036 354
109 213079 383
387 724754 470
388 457826 449
7 875859 525
198 414589 449
220 614408 470
303 538369 470
210 823989 470
12 75391 340
158 103513 351
133 34903 311
197 813696 470
159 525012 470
442 836278 470
364 964705 525
385 674477 470
98 888406 525
355 319636 443
299 281413 443
360 236172 443
184 165162 383
53 135972 354
496 853670 525
254 810119 470
412 857282 525
87 427154 449
449 419978 449
57 396318 443
180 233536 443
37 970869 525
125 125659 354
484 734795 470
479 531307 470
196 100569 351
461 299434 443
163 722910 470
344 428244 449
238 896007 525
17 197377 383
158 827447 470
12 638143 470
358 335168 443
257 513607 470
105 83703 351
320 657882 470
342 417816 449
477 929928 525
109 388229 443
51 401934 443
368 4120 238
293 678837 470
108 835009 470
478 487936 449
466 933282 525
126 676341 470
113 18842 279
468 351798 443
354 766433 470
182 240557 443
414 842055 525
88 563622 470
67 95119 351
478 213356 383
22 699846 470
80 248599 443
463 476912 449
226 555554 470
78 13763 276
378 25160 282
471 142420 354
139 66583 340
378 421023 449
477 45099 324
269 312671 443
464 473191 449
171 866016 525
50 429410 449
103 356979 443
381 430256 449
288 94802 351
90 443999 449
476 691655 470
356 577933 470
83 178346 383
249 42329 324
94 509784 449
129 675958 470
80 40261 324
221 639057 470
377 473871 449
377 604322 470
331 677890 470
88 713911 470
370 165644 383
298 505609 449
219 227691 386
457 126779 354
373 48875 324
361 327610 443
129 805832 470
300 624308 470
247 809809 470
339 746300 470
