25353 82935 351
48936 79163 351
86171 42575 351
22520 40989 324
62663 71694 330
55058 6585 340
26046 25808 233
23783 47239 324
84227 87143 333
5228 33313 308
62374 2285 340
7923 50357 324
66238 48870 340
13655 93233 351
41100 41108 76
38370 66452 340
24042 87305 351
45615 10213 324
46232 84486 351
51201 8894 324
72531 22610 340
31830 98577 351
64769 55613 335
45815 48995 314
59107 67395 335
98659 21480 351
69679 22933 340
71837 52268 340
71802 1843 340
61853 29254 340
42950 222 324
95705 66992 351
87527 57671 351
93556 33758 351
42157 61108 340
59003 14687 340
83717 90833 333
29615 48485 324
62797 75430 330
13832 21903 279
59176 28842 340
43383 28854 324
51775 31571 324
97474 39928 351
33413 59326 340
69181 92715 351
59547 64886 335
76058 47073 340
38908 69613 340
97182 81064 333
30720 56185 340
12103 30788 308
63369 41717 340
95624 26165 351
33498 9455 308
48067 9025 324
54649 7801 340
37879 6423 324
39371 51704 314
62702 89136 351
11029 31883 308
81850 70575 351
13120 74259 340
34000 52027 324
60223 31181 340
49443 7294 324
3717 77897 351
38081 67085 340
35965 33704 324
9601 85815 351
59511 74020 335
94839 30511 351
81820 49069 351
36933 37543 306
772 99634 351
26678 11800 308
47868 24879 324
82375 60987 351
99137 32726 351
29366 75711 340
80258 78808 320
83004 83975 289
73056 21084 340
67411 9020 340
71139 93364 351
94834 47001 351
67383 89673 351
77511 65554 351
38741 30795 324
3096 39513 324
46781 46125 283
67664 11000 340
71003 66390 312
71987 86491 351
99115 17704 351
78553 79373 338
12863 61556 340
79699 85918 320
98991 47109 351
94937 86482 333
56824 89771 351
33482 40558 324
95795 27345 351
6112 34535 311
74491 25559 340
90399 37623 351
71684 74415 294
48623 59038 340
40804 20609 324
61881 39919 340
54664 40433 340
35643 67526 340
1989 15341 276
53443 17331 340
78801 64731 351
3812 35625 311
54501 53646 260
76182 66647 325
80990 98645 333
17534 71832 340
24204 7932 282
9455 12239 268
98698 58077 351
71276 39502 340
95037 49508 351
95772 49700 351
89941 31414 351
17225 8281 276
46754 87019 351
41963 25554 324
51749 45775 314
77530 22602 351
99420 70064 351
89248 96761 333
68708 6781 340
68592 92911 351
31065 78046 351
5149 29762 308
36122 92777 351
85615 31158 351
58636 81386 351
97209 64928 351
12799 30785 308
89560 59552 351
17803 31523 308
1458 85904 351
77297 95339 338
8505 93068 351
65402 14104 340
89828 34110 351
20885 58419 340
43372 68301 340
52817 64873 335
14414 88938 351
74001 29 340
36448 32636 324
81414 33656 351
97564 10565 351
80793 87123 333
86468 14947 351
34997 87925 351
850 12293 268
83264 25706 351
5360 65017 340
39810 95187 351
99126 77046 338
69958 58850 335
45346 22774 324
23722 76111 340
28063 97722 351
76139 64510 325
30357 73905 340
14518 44272 324
84469 11662 351
47747 70936 340
26608 82743 351
75213 27458 340
95036 74828 351
53163 16747 340
39844 9324 324
28286 55322 340
86369 14595 351
14171 48066 324
37368 37892 306
24177 81782 351
51965 16667 324
62644 98673 351
90571 93513 333
42945 75039 340
5174 90691 351
62327 31781 340
89785 37539 351
75590 84820 351
28718 45105 324
17919 68561 340
54428 62556 335
23882 40797 324
77150 54404 351
5214 30869 308
92295 29390 351
12650 44259 324
46057 75293 340
42932 52979 340
85157 2228 351
44370 90330 351
9270 6696 260
22111 99054 351
60586 97700 351
226 89303 351
42804 18144 324
74215 13584 340
97051 14449 351
70732 90552 351
68852 75945 325
21420 61147 340
21687 50421 324
21757 84095 351
42066 81040 351
37073 27222 324
83267 81442 320
17552 92536 351
4489 56014 340
7942 65074 340
70065 8167 340
70728 29221 340
42662 61295 340
42804 39712 306
75743 13535 340
30263 44594 324
5831 68034 340
22092 27517 308
18454 43849 324
11611 76871 340
41240 48684 314
4093 40859 324
46477 37996 314
49746 50966 278
10361 57687 340
32391 80425 351
65853 19471 340
9645 8514 260
80765 68800 351
64577 56507 335
82334 94839 333
1100 88165 351
62872 23192 340
15681 97678 351
83392 43644 351
74548 40983 340
92327 94992 315
81841 38803 351
49339 31587 324
6120 59699 340
89273 38511 351
40124 71478 340
57981 66120 335
96343 55097 351
34920 60920 340
11603 33605 308
55758 29054 340
38121 34982 324
68597 70154 299
49011 51988 309
13797 39910 324
9323 22475 279
34902 91163 351
61277 592 340
22749 83749 351
60291 28374 340
22259 16766 279
16203 96591 351
99237 12545 351
51687 34156 324
73464 79641 351
84113 45574 351
8694 22233 279
96907 77291 338
92386 45917 351
45630 6182 324
85826 71304 351
28656 37079 324
62467 6285 340
37671 1567 324
90033 14313 351
46292 28643 324
31078 62494 340
41585 46666 314
91391 9623 351
80822 81206 320
89263 81286 333
26779 14308 308
3518 23685 282
7950 12256 268
85953 69932 351
34789 71779 340
41235 79797 351
8857 20053 279
2433 62879 340
21620 92465 351
77191 67911 351
37459 24620 324
46757 95395 351
71286 54499 335
5017 68459 340
35704 10631 324
49744 78835 351
24938 69613 340
2519 49240 324
81868 4824 351
19171 33009 308
76602 76757 307
12805 1810 268
96810 15237 351
81041 34781 351
24053 58231 340
19043 77863 351
99203 65799 351
73257 70488 325
20297 78273 351
55298 72353 335
5255 21393 279
51187 30192 324
91005 70057 351
95783 89225 333
74880 31305 340
22233 67833 340
8062 51389 324
69643 4871 340
66625 50683 340
39651 90677 351
25265 58693 340
68539 24467 340
40844 41795 288
11306 77492 351
36419 66603 340
66196 41673 340
87995 17382 351
88216 95352 333
87439 83999 333
928 62318 340
15303 23160 279
46503 39716 314
74548 32497 340
60938 57524 317
83179 16940 351
48200 24795 324
91985 33090 351
65614 32828 340
91236 76919 351
26671 44006 324
59874 92867 351
85678 64220 351
26600 90245 351
59571 14038 340
90595 60498 351
92708 5898 351
9 39210 324
61965 90908 351
71706 22903 340
48431 71236 340
39842 96630 351
12382 31826 308
46071 77995 351
81005 37306 351
71266 24028 340
81311 31139 351
33246 83340 351
11710 59845 340
73585 71281 325
90235 64179 351
48130 99294 351
86428 64491 351
38503 64745 340
55398 26560 340
87647 3829 351
14147 43840 324
16810 42880 324
75666 62881 330
37227 73022 340
16538 8492 276
97049 97849 297
55982 30294 340
97540 67691 351
6491 87476 351
55323 96725 351
68007 19805 340
96018 70786 351
84295 50872 351
35530 39692 324
93783 23176 351
43520 24281 324
67016 60330 335
67160 59033 335
39562 20738 324
48406 56099 340
29229 45455 324
70299 1562 340
92100 67839 351
69253 98590 351
71666 40927 340
11666 39672 324
60731 24035 340
10458 61377 340
74906 45987 340
1069 85040 351
85515 60940 351
9320 68882 340
37621 92832 351
44266 77182 351
13569 92671 351
49633 59150 340
38125 36283 306
60711 46577 340
20473 46315 324
61518 92139 351
87242 73184 351
31810 64324 340
13570 58619 340
25701 4828 282
4606 43121 324
89867 6472 351
20412 15539 279
75353 58033 335
24722 19618 282
51566 38290 314
12288 17550 276
13791 66765 340
53833 74502 335
13341 74305 340
37168 91210 351
66443 40761 340
64393 14605 340
5085 94315 351
73223 47137 340
99142 94180 328
6609 89008 351
651 27020 308
4546 76003 340
1404 45619 324
11972 69322 340
261 24260 282
86871 14051 351
91024 40703 351
4904 20716 279
31360 42072 324
11925 14154 276
99184 92670 328
28758 20620 308
86984 1981 351
67756 86125 351
96160 90716 333
91484 13163 351
34088 12382 308
89165 35491 351
58000 1137 340
4812 58260 340
41748 8035 324
72311 49123 340
65089 93566 351
69838 96448 351
35637 98114 351
10602 34821 311
7135 55711 340
55440 94118 351
57691 39548 340
96594 70203 351
46615 88078 351
99717 80702 333
459 88881 351
16193 74810 340
6369 37356 324
33070 48116 324
61742 21732 340
13590 26831 308
15297 99779 351
23278 67286 340
97893 50231 351
18458 5027 279
5942 90249 351
15497 79984 351
46148 28442 324
66538 9115 340
16519 66254 340
89816 33329 351
71487 22360 340
24491 77855 351
76068 73912 325
42323 37809 306
95643 72264 351
64639 27291 340
72043 4269 340
10928 86287 351
54499 45737 340
7665 76792 340
52338 39513 314
73128 14837 340
67955 39665 340
23951 825 282
22271 13767 279
50506 93757 351
36126 74996 340
87963 12193 351
48907 46637 314
66354 60901 335
18901 30992 308
4543 7295 262
35260 15471 311
93581 6111 351
77559 1245 351
99254 29896 351
40758 72381 340
44733 8712 324
28398 68683 340
25888 50668 324
98801 76393 351
60776 51279 340
51388 48738 309
79823 16646 351
11727 46176 324
77546 30627 351
77168 98441 338
54273 28779 340
13911 47853 324
51241 7821 324
65449 50495 340
37717 6206 324
22875 98801 351
31269 51272 324
83835 57157 351
18291 98988 351
49901 79066 351
50266 17641 324
44156 30088 324
34286 55882 340
92616 28184 351
2860 86135 351
26624 57132 340
14913 56886 340
4984 82506 351
64706 70432 312
33000 18774 308
92990 55874 351
33926 40610 324
23498 17761 274
14118 41788 324
33100 64019 340
37206 83365 351
81659 81361 258
29804 32296 285
37242 38771 306
60479 56453 317
24905 3454 282
13584 56170 340
60339 34919 340
38675 41397 306
21702 88026 351
76522 31043 340
43899 10448 324
71653 83748 351
44560 2122 324
41888 77659 351
66140 79093 351
77375 64150 351
60453 23530 340
96446 14046 351
62301 73276 330
86850 3557 351
76730 16785 340
59726 53420 322
51703 14752 324
11168 89756 351
2777 87690 351
37151 63028 340
98137 8803 351
46775 59048 340
27276 5014 308
53058 9768 340
84106 30432 351
73917 60910 335
70313 86714 351
91307 32613 351
59990 78156 351
52522 53071 340
94940 12247 351
6490 62994 340
43351 34010 324
69102 46127 340
21699 6252 279
9154 36187 324
31406 72281 340
95234 58681 351
77294 48291 351
68448 77752 351
95074 58717 351
55013 65386 335
45430 46320 252
14351 21771 279
40827 66872 340
74841 52119 340
95470 97683 297
31464 38820 324
31692 16917 308
84947 69742 351
23168 10452 279
5928 70925 340
99084 17513 351
45958 92730 351
82155 14405 351
86833 77228 338
89473 41845 351
58965 34903 340
4516 73315 340
56673 61695 335
56538 47866 340
13813 52008 324
45548 61628 340
7179 93591 351
78545 8477 351
63332 18064 340
18929 69259 340
88989 34364 351
3123 34946 311
27093 85277 351
65702 13925 340
78856 71527 351
72122 37820 340
6429 76637 340
27487 79453 351
54683 376 340
27318 68495 340
52383 89217 351
46475 75914 340
82807 25019 351
84390 46138 351
59434 19670 340
31748 48422 324
54034 34870 340
99719 97478 328
36498 81773 351
27755 15353 308
53299 16228 340
53173 76079 335
9216 97011 351
55531 63899 335
97386 99201 328
48745 66121 340
4769 95219 351
42034 87576 351
36589 42775 306
50065 96023 351
62445 98165 351
44444 32830 324
49386 60515 340
30307 85884 351
42287 74413 340
1236 11937 268
90640 70760 351
88015 99856 333
67770 59897 335
63754 81508 351
59097 12498 340
63980 80218 351
7717 6013 262
84145 44305 351
48787 34209 324
56679 27583 340
48725 1123 324
60412 98111 351
77989 7071 351
346 36627 324
81483 1581 351
48563 88475 351
88693 36577 351
88330 72814 351
12825 68435 340
54321 88274 351
97284 18300 351
68491 21352 340
40664 52635 340
65657 5803 340
3195 38687 324
33385 51920 324
39809 10149 324
66382 34149 340
33571 66727 340
70775 31405 340
84659 19337 351
19879 73351 340
72265 24560 340
46165 85090 351
92994 16837 351
73363 6630 340
35137 41853 324
27981 92152 351
10839 9989 255
97954 14033 351
48676 47691 265
65952 4836 340
57839 48685 340
38985 91409 351
15411 9759 276
22813 70 279
45448 59044 340
89772 34064 351
83603 35936 351
19153 92949 351
52773 8867 340
99578 4261 351
67071 27558 340
96412 77909 338
37547 10718 324
8294 86222 351
58408 90597 351
91057 16246 351
39282 46393 314
24006 71044 340
56152 63170 335
71113 17951 340
22213 77237 351
52014 22168 324
13172 87519 351
15116 82296 351
12737 31045 308
2908 79808 351
74954 99320 351
74068 12500 340
10037 82361 351
15073 68444 340
72958 22482 340
1041 28591 308
68874 41398 340
99634 41377 351
20919 87099 351
59327 43132 340
64335 27693 340
81651 93858 333
15211 13118 276
76154 27947 340
44162 79061 351
24106 19115 282
94732 14526 351
47967 21120 324
96886 63039 351
5915 86195 351
85520 6955 351
31137 70746 340
64704 30771 340
12122 85623 351
17869 71449 340
45106 82203 351
15493 26756 308
76060 47055 340
39873 68565 340
75001 386 340
63978 15459 340
35852 58709 340
29984 83818 351
79829 43221 351
63209 85743 351
45768 65080 340
9050 76904 340
35825 90105 351
24026 64299 340
75727 41894 340
52099 37184 314
40448 67591 340
63939 32860 340
14645 20163 279
17776 5997 279
36900 81753 351
37807 72752 340
56814 67790 335
72921 36642 340
27363 52481 324
38736 89482 351
17561 64137 340
82737 69737 351
54242 6763 340
34035 46320 324
65008 86133 351
83504 5456 351
53723 63794 335
54667 84719 351
83957 72442 351
90716 37208 351
70547 28522 340
26311 27360 308
12664 15584 276
64001 56378 335
68064 19088 340
62211 85624 351
83225 44947 351
71713 37466 340
51709 5747 324
137 16717 276
8232 83640 351
38524 78306 351
47434 93190 351
63025 47742 340
81983 70092 351
84949 52529 351
14965 27612 308
96240 43980 351
43195 76592 340
16709 11258 276
95680 78919 333
13234 95256 351
23866 84946 351
49073 75574 340
7044 49209 324
92290 15275 351
32849 47165 324
9933 80282 351
40354 72957 340
44375 38689 306
59400 45675 340
7569 74364 340
73286 3809 340
34696 16480 311
80400 51404 351
44090 92431 351
30323 73675 340
87686 54188 351
58620 36758 340
46113 82015 351
85967 38403 351
13642 35167 311
1919 23574 282
31800 58625 340
96530 76174 351
97313 72281 351
21848 21233 256
62996 11486 340
25041 97691 351
44317 21793 324
49095 88406 351
30575 95769 351
62080 18261 340
49956 37051 314
71370 96068 351
19066 73688 340
50822 32707 324
8854 52741 340
56280 57005 291
11365 69161 340
33178 25029 308
57793 71378 335
46261 20788 324
82863 87654 333
18479 27179 308
25798 83925 351
31937 56372 340
79693 94016 333
90984 46000 351
47419 62354 340
42067 82836 351
52393 9241 324
31894 77599 351
61981 4525 340
34603 89697 351
90037 67781 351
31077 47829 324
55510 93689 351
68616 38372 340
97694 3446 351
81902 23491 351
3722 13838 276
96215 99766 328
24206 87198 351
45765 87976 351
65903 87832 351
70811 18296 340
13424 2704 276
95894 75404 351
7228 30496 308
81452 97264 333
14628 12528 276
61444 86489 351
22568 46411 324
41212 20262 324
49857 23114 324
43752 69930 340
53303 56318 322
69696 93860 351
43516 15460 324
81835 25770 351
19643 52645 340
44065 33066 324
71700 56310 335
24821 95279 351
86806 6272 351
8894 17785 279
35151 70337 340
4274 74071 340
16748 45485 324
94332 82956 333
84950 54435 351
52885 38253 340
10753 22580 279
32112 70620 340
54392 30299 340
96389 74034 351
99295 56806 351
7100 70995 340
13115 48272 324
66273 16272 340
70896 75167 325
50409 22398 324
45503 54682 340
96468 78602 338
16518 90799 351
61557 1468 340
45234 14442 324
56072 72338 335
53373 4535 340
59309 7764 340
34833 55697 340
81798 34128 351
28854 5249 308
21474 58321 340
53520 87746 351
74592 24415 340
79264 41352 351
46813 41119 314
12385 59632 340
19720 28903 308
50431 81277 351
46722 12016 324
12070 19145 279
705 65442 340
23679 60013 340
73206 58512 335
32061 71355 340
8991 60915 340
76603 30464 340
35587 46474 324
34561 26530 311
87241 13825 351
67882 50405 340
54943 80266 351
10036 74662 340
25520 76818 340
72290 72241 250
88833 84359 333
91385 5889 351
49801 31416 324
65901 39358 340
6279 97962 351
10712 15269 276
75228 3666 340
45732 10814 324
66491 96644 351
37343 53731 340
10468 21576 279
20487 81762 351
1842 30523 308
72776 27361 340
23692 45065 324
15954 12525 276
45776 23690 324
18413 95576 351
55105 666 340
51285 61383 340
14979 61996 340
76651 90206 351
65661 38734 340
17371 32151 308
35378 71065 340
2234 62197 340
92641 22720 351
43959 10834 324
69594 33086 340
54546 93286 351
78150 86851 338
22162 40277 324
10541 56926 340
52204 65645 340
57591 3488 340
43380 72569 340
65483 20030 340
79126 47495 351
75116 12848 340
95998 26845 351
265 14583 276
5393 92905 351
53654 65703 335
20090 23248 269
98788 90987 333
32885 93290 351
77838 55046 351
33566 88378 351
11971 85770 351
70374 85914 351
5609 13753 276
74834 71092 325
50135 70312 340
34938 41602 324
83159 47287 351
84798 83423 320
61869 90190 351
