9 6 20
7 2 17
8 9 20
1 8 17
6 5 9
613 212 144
116 115 34
366 871 179
978 8 179
95 394 144
481 708 171
265 864 171
154 866 171
615 168 144
513 592 137
941 829 179
603 559 119
322 807 171
856 605 171
453 779 171
930 494 179
680 982 179
349 915 179
957 311 179
448 961 179
615 974 179
756 522 171
499 823 171
242 809 171
968 149 179
651 534 145
392 813 171
160 772 171
425 209 144
649 904 179
94 35 116
308 540 144
874 315 179
810 955 179
658 789 171
660 135 145
485 697 145
339 450 134
721 501 171
270 961 179
541 238 144
645 841 171
20 514 144
190 18 125
720 944 179
433 160 144
105 371 144
416 363 134
7 463 144
849 482 171
619 425 142
765 816 153
650 545 145
657 885 179
32 35 27
215 831 171
563 126 144
884 373 179
437 481 129
398 535 142
238 831 171
39 217 125
141 725 171
837 816 135
934 364 179
838 524 171
516 310 144
653 922 179
623 352 142
418 475 129
683 72 145
650 15 145
779 249 171
85 129 122
385 72 144
714 325 171
53 402 144
900 359 179
103 960 179
858 510 171
833 973 179
499 745 171
328 39 144
788 535 171
88 665 145
260 425 144
435 329 134
550 624 137
296 79 128
871 229 179
94 899 179
518 20 144
833 574 171
740 34 171
279 951 179
880 8676 262
7112 8982 252
9538 7182 260
7623 389 262
1408 1083 182
7590 8925 252
4800 972 238
5025 419 238
8925 8994 247
4737 4084 215
5040 83 238
9440 8269 260
8709 595 262
6188 3554 262
9778 6003 262
9993 4105 262
3205 2621 217
7517 7358 239
1813 912 182
6892 3611 262
8561 2877 262
137 2234 183
1212 4174 238
2569 2094 209
2116 9274 262
3321 6921 262
31 215 125
3611 2807 217
4393 8360 262
1111 8739 262
8421 2650 262
6721 9992 260
2012 2029 157
2973 1028 217
6013 9502 262
5102 4322 215
8642 8922 216
1277 7206 262
3768 6277 262
9363 5228 262
4363 4227 202
7343 4704 262
7913 8353 252
5732 317 238
6685 2951 262
9584 7384 260
5528 6079 236
9888 1868 262
4948 5376 192
4197 2899 238
9351 7043 260
6797 9049 257
5559 773 238
4317 729 238
8684 7267 252
234 867 171
9505 6110 262
1113 3945 238
4271 4986 215
792 9526 262
8958 9916 260
5234 1970 238
4421 1645 238
9906 4932 262
5294 266 238
4844 4610 197
9617 4001 262
7358 2066 262
4776 8765 262
8231 8197 190
2489 6797 262
6116 440 238
4078 530 238
3107 4147 238
5396 2864 238
9146 7371 252
6190 2075 262
70 3130 217
5584 817 238
400 9244 262
7122 4455 262
3024 3540 199
1108 3268 217
2853 5937 238
9190 4816 262
2493 348 209
5444 8205 262
8481 9702 260
9264 4240 262
6159 3118 238
7060 6738 257
1533 6817 262
4621 6328 262
3576 3478 194
9367 3514 262
7740 8992 252
5900 1317 238
4726 3195 238
5176 715 238
3331 5886 238
7939 4292 262
10000 7211 260
6713 6709 138
6841 2535 262
3305 4249 238
350 828 171
2663 5277 238
2686 842 209
7967 3501 262
3435 7650 262
180 9066 262
9542 5207 262
3906 6828 262
7017 8639 252
1549 7652 262
2280 3916 238
4374 4099 202
7867 7502 221
8782 1694 262
8757 3552 262
7688 2150 262
9668 4316 262
5526 4176 215
7620 1534 262
8676 6900 257
6086 2921 238
2740 9862 262
5490 3791 215
6810 14 262
3691 8883 262
3204 4189 238
1131 481 179
779 958 179
2918 8988 262
6076 6568 262
4530 7848 262
7637 5346 262
3140 9621 262
1670 7290 262
6697 6108 262
2287 5766 238
7420 7592 239
1814 2706 209
3524 2194 217
2104 9454 262
2772 5796 238
4466 1017 238
922 2658 209
5151 5904 236
9933 1046 262
6477 7721 257
883 3735 238
1363 6928 262
3401 2060 217
7947 3428 262
7161 9650 260
1472 6103 238
8741 8287 234
2376 5662 238
4701 5519 210
3642 8850 262
8106 3745 262
3756 9439 262
8691 9750 260
4129 9556 262
9568 728 262
1949 2115 175
7528 5794 262
5250 4081 215
8201 3443 262
7363 1629 262
10000 6540 260
2578 2755 191
7921 9738 260
8808 6488 257
4037 3706 238
9017 3901 262
4681 2794 238
7406 9236 252
4640 8204 262
2757 6768 262
8140 1988 262
916 7536 262
4518 9531 262
3517 4131 238
1417 8814 262
1926 3427 217
92 8106 262
1088 9847 262
9076 116 262
6604 3203 262
9113 4274 262
4047 5805 236
1978 9843 262
993 8393 262
8712 1217 262
480 916 179
3381 6893 262
8158 9473 260
7890 5340 262
53605 29124 340
40652 37282 306
96793 86308 333
16298 65968 340
35321 18089 311
27341 24091 308
55397 33501 340
20153 52300 324
12317 34968 311
59417 34042 340
5407 3640 238
60801 77384 351
10981 52085 324
68177 29212 340
39402 25806 324
79670 81356 320
37554 54318 340
97877 21664 351
29580 63912 340
92486 43255 351
70515 42914 340
94074 26558 351
13532 61816 340
59113 18971 340
40282 46379 314
6365 48697 324
14905 20453 279
92172 69172 351
26151 74665 340
76976 60298 335
41070 20787 324
37472 68620 340
25172 42182 324
5760 30109 308
85991 18432 351
10787 37916 324
59230 31580 340
21657 9351 279
46374 98200 351
99450 11949 351
49524 9851 324
89563 96264 333
97428 95485 297
19470 66030 340
2992 58014 340
34349 7177 311
58598 50734 340
32968 96326 351
11410 10318 268
83310 7425 351
994 16516 276
86225 52289 351
73510 57102 335
24812 98438 351
55605 83282 351
75225 14538 340
10976 81933 351
75316 30405 340
64766 72291 325
70526 47167 340
41247 77578 351
54676 65583 335
38425 74849 340
49300 86384 351
18802 14563 279
30664 94323 351
67372 95995 351
7929 36359 324
53930 58346 322
11608 13577 276
5390 21367 279
77268 49096 351
72893 38213 340
13352 79163 351
18423 5061 279
99930 62795 351
7143 99526 351
92305 13061 351
69313 44784 340
10888 92094 351
70748 96350 351
31349 64473 340
67847 58264 335
26946 94290 351
21786 85763 351
25052 57118 340
57021 5930 340
4064 75250 340
86246 23427 351
55133 18148 340
98702 46874 351
45866 5158 324
81126 23416 351
30395 46079 324
54419 26705 340
66671 75851 325
74925 92414 351
85666 33529 351
98950 25132 351
48808 44123 314
85642 13824 351
77722 6501 351
29907 32177 285
82752 47371 351
78438 51766 351
15282 78104 351
19949 21293 256
24812 99489 351
70904 65096 312
74862 75284 307
8691 88639 351
87890 43115 351
82902 15258 351
29025 3868 308
14298 45458 324
28975 48522 324
57097 75595 335
69383 1447 340
66157 11377 340
83062 34395 351
35486 53156 340
50401 39116 314
55834 66483 335
52504 20528 324
37834 29453 324
48244 32352 324
12346 90701 351
41889 62245 340
84023 16433 351
21640 72580 340
2022 48344 324
27065 42760 324
82983 34501 351
63308 79371 351
39305 2079 324
59025 90353 351
39140 72595 340
40630 94622 351
34007 20176 308
60161 57422 304
77908 79280 338
29303 87743 351
51189 80478 351
6882 48999 324
48920 96950 351
4772 86396 351
87236 69842 351
4793 80008 351
81948 89510 333
4544 59675 340
7163 35580 311
645 15525 276
17692 52380 324
93373 66567 351
72015 60586 335
69722 54025 335
26660 90991 351
65969 36145 340
10941 44033 324
36467 4368 324
33785 96309 351
41905 85565 351
55423 30296 340
81675 64839 351
26524 47295 324
8265 52827 340
1776 49603 324
66632 75126 325
40077 74138 340
16049 26691 308
63449 1657 340
2597 76635 340
98594 21804 351
90505 59161 351
20681 61949 340
57657 39930 340
97413 27539 351
5017 66368 340
76266 54562 335
10552 77089 351
40760 67082 340
55543 16330 340
17945 65663 340
89872 97732 333
87509 94268 333
2616 19533 279
12801 64170 340
39194 61136 340
45864 61933 340
14231 79548 351
5004 67569 340
66439 41248 340
38265 64383 340
6634 20232 279
41557 95687 351
50035 96846 351
33762 32479 267
88494 95532 333
18799 49165 324
10194 68978 340
20873 97504 351
70269 11077 340
41576 13089 324
66545 4935 340
15991 97519 351
88782 1515 351
98090 68706 351
15727 64175 340
49206 64182 340
66535 8116 340
76630 72463 325
7027 80127 351
12978 72034 340
33981 97193 351
94906 88696 333
66872 36642 340
86351 2932 351
27390 25088 308
79623 86239 320
67344 11425 340
94836 42660 351
61310 66539 330
98612 9246 351
68151 49007 340
36419 31011 324
17340 73216 340
95089 74974 351
95859 84347 333
81954 59598 351
48325 15294 324
16934 79944 351
410 23601 282
28275 15077 308
23927 34366 311
85917 37373 351
84052 98043 333
50688 5895 324
94080 38774 351
12125 24249 282
16444 79930 351
84960 46201 351
3684 75826 340
78014 69559 351
59754 50038 340
34156 61764 340
42238 44371 288
19869 44335 324
27965 56862 340
68470 75418 325
84684 2887 351
83348 53292 351
89570 89203 302
1982 47612 324
73937 85931 351
50366 43219 314
98652 12234 351
77557 65938 351
71851 87638 351
92373 12712 351
94848 27727 351
29520 85582 351
42016 63702 340
77549 47589 351
90213 63449 351
31392 97343 351
56398 16580 340
20384 79197 351
19587 17093 279
15171 52469 324
67856 42060 340
39540 17516 324
44336 15142 324
68342 82565 351
63294 42058 340
33688 76630 340
96584 27777 351
53939 80096 351
58366 42052 340
80871 76662 351
67056 53577 335
25798 80853 351
51817 2821 324
84292 67285 351
82833 2039 351
2772 13913 276
35771 11264 324
19527 82110 351
6923 99044 351
90451 69603 351
54355 92819 351
49437 342 324
67327 52443 340
10096 59252 340
94058 52652 351
15844 76755 340
36869 58606 340
88431 66102 351
87510 21916 351
82515 84275 320
33699 13486 308
791428 36158 509
