14242 13925 196
1485 10581 262
30542 5035 308
10172 7366 260
23730 4863 282
32527 8014 308
13576 4841 276
30027 32614 285
23438 5655 279
15903 11468 276
22316 27704 308
6851 30251 308
13487 23949 282
25916 21584 282
27191 9719 308
31485 28432 285
2214 10220 262
31084 3095 308
6943 8348 257
17815 19366 261
26744 4551 308
13999 12423 276
23688 27866 308
28420 1327 308
14938 18245 279
124 24925 282
14491 20508 279
29790 22673 308
30927 20574 308
12754 26305 282
31844 7293 308
16735 10768 276
6773 24949 282
24710 24437 264
668 25015 282
11096 11794 237
11699 16474 276
25285 3772 282
14724 5574 276
29650 30921 272
15787 9929 276
18118 31365 308
10400 13800 276
4772 14822 276
15565 5407 276
1528 31113 308
32431 29601 285
20907 11617 279
6185 7339 257
5182 30780 308
15996 8613 276
24800 29422 308
24631 20159 282
17778 11706 279
11000 24435 282
1429 1907 180
8546 2345 262
26516 2705 282
10528 23765 282
5968 29115 308
17845 21754 274
681 16259 276
7212 6385 257
27766 21015 308
18740 4589 279
23608 26537 277
7463 29240 308
9331 994 262
28439 11289 308
31884 14111 308
21515 1665 279
25553 13329 282
10523 9734 255
21712 1576 279
4279 29462 308
13124 18831 279
22598 23916 282
27314 14328 308
215 10638 262
15767 31567 308
1143 3207 217
28463 20997 308
19523 13059 279
30527 9973 308
7243 27848 308
14355 21484 279
12637 19156 279
12200 20912 279
27964 677 308
6648 571 262
23702 6085 282
6076 4952 236
4149 25596 282
12354 16888 276
3722 29472 308
18501 17958 248
531 7286 262
7802 30607 308
19556 21869 274
21841 5930 279
11835 5272 268
7400 15079 276
11365 2169 268
14521 26924 308
17043 18480 279
15108 31286 308
20016 9445 279
6888 20784 279
10589 10856 255
10044 23296 279
14676 19819 279
10865 26333 282
8020 18195 279
5937 3787 236
9332 13453 276
31904 21334 308
6436 8619 257
22736 15672 279
910 20518 279
23004 27131 308
29817 11292 308
21094 2141 279
7731 385 262
21873 2038 279
965 29685 308
13924 26541 282
2821 24605 282
7697 24650 282
8251 29148 308
14250 25705 282
16789 8873 276
1544 23193 279
1861 7775 262
26446 5924 282
17202 25796 282
4794 28276 308
7516 25880 282
26330 10 282
8445 13151 268
32528 3193 308
19207 19575 212
2880 32510 308
15873 18433 279
5197 18086 279
14849 32155 308
10454 4292 262
9398 8348 260
24528 15108 282
978 27769 308
2520 13660 276
2251 14926 276
25279 22687 282
7839 24934 282
22635 21335 269
24480 32726 308
18780 6037 279
15239 5131 276
21860 12836 279
27737 15315 308
2716 5323 238
9691 14297 276
3973 23212 279
24832 17527 282
25667 22810 282
18490 23114 274
14861 13211 276
28242 17841 308
29513 7039 308
12947 20927 279
13110 14335 276
23741 24429 251
1845 2768 209
23243 10362 279
18176 11833 279
12821 2058 268
24380 19993 282
26267 14243 282
17963 10538 279
29950 20678 308
4177 7984 262
26805 15007 308
10617 21809 279
27629 9250 308
12539 10353 268
28478 15617 308
606 32137 308
6409 1935 262
15471 6615 276
28370 9599 308
17079 5426 276
5261 4211 215
21558 4274 279
7034 26465 282
6343 7725 257
1136 20109 279
2846 23915 282
32052 28940 285
12035 22932 279
5020 19665 279
8077 29484 308
16012 14615 271
11558 8740 268
24351 23297 282
2561 24167 282
16220 9001 276
19290 32618 308
27042 4188 308
2039 1099 182
17905 26534 282
10769 15034 276
3922 26998 308
22974 19142 274
10310 27325 308
10090 6929 260
22928 29739 308
19468 5473 279
28707 3866 308
23123 29099 308
9581 29645 308
6980 6900 257
3844 14392 276
17484 29334 308
21255 19780 274
9665 32538 308
1873 23372 279
26285 27836 308
8055 9830 260
22174 10059 279
8856 1152 262
30075 28258 272
16060 10639 276
31527 11634 308
8151 17184 276
447 11130 268
20598 22019 269
24039 32338 308
18815 17831 261
24625 7063 282
25019 8211 282
16889 23423 279
29340 22174 308
31735 8550 308
3440 9818 262
22260 16558 279
21136 2068 279
25739 25591 233
1952 8374 262
2898 12609 268
14950 6562 276
25429 20567 282
26780 27024 246
31036 27646 272
353 4490 238
32663 7397 308
6395 31895 308
9461 20046 279
30268 20123 308
13544 26372 282
17092 21470 279
5339 10029 262
29119 6256 308
31228 5124 308
4520 4462 184
14722 5008 276
20420 11923 279
4510 7127 262
7795 3210 262
15778 15542 253
25002 27928 308
24083 9480 282
11918 202 268
18303 29701 308
911 32382 308
1137 13009 268
14450 24750 282
11553 16070 276
18164 9876 279
11959 616 268
25856 28040 308
27344 3460 308
19862 4419 279
12323 23282 279
18816 1415 279
19689 20018 274
9697 16045 276
11572 9160 268
10149 20169 279
32359 11579 308
3043 21302 279
32673 7181 308
10793 17952 279
20377 11891 279
30168 5285 308
23481 17549 279
2856 26254 282
24736 10128 282
22620 30923 308
28163 29486 272
24831 4584 282
10951 26434 282
13416 277 276
698 5094 238
30060 26656 272
26856 20708 308
16045 15714 253
20147 11000 279
26711 5846 308
17833 28292 308
10331 20777 279
16693 29095 308
4006 23337 279
23018 10684 279
26850 25531 308
28222 8189 308
9940 5026 262
22557 21728 269
16158 14901 271
26202 32466 308
30512 23718 308
1141 2976 217
16607 20878 279
23179 20964 269
26090 30555 308
21670 24361 282
22907 9595 279
17131 25579 282
28677 18652 308
24262 7077 282
21436 25408 282
30544 423 308
2628 24890 282
2343 31091 308
28522 3834 308
13073 465 268
8758 27388 308
23194 19933 269
27418 2285 308
23404 5405 279
1968 14007 276
4535 30355 308
17460 18954 279
25935 7098 282
24003 15977 282
19653 5060 279
3154 25304 282
14137 4539 276
4008 30527 308
11212 22285 279
5871 5795 218
14882 5816 276
28087 31712 285
10457 11625 268
23567 16495 282
13468 24288 282
15036 5474 276
15526 10372 276
2036 9564 262
12784 29903 308
8047 16493 276
12462 19960 279
16540 10506 276
20544 1592 279
14002 27697 308
2994 21700 279
5652 30323 308
24154 18543 282
25159 12919 282
8733 7227 252
24129 30248 308
14450 24784 282
23447 7547 279
3150 20534 279
8768 7493 252
13081 17132 276
7011 23851 282
5541 26944 308
30789 25148 308
16209 20804 279
20219 7267 279
3902 19588 279
234 802 171
4173 10143 262
17764 16146 279
13440 18416 279
18162 12501 279
30786 6280 308
29071 17226 308
8112 21941 279
18441 11550 279
10219 13446 276
14795 22946 279
4367 30938 308
14877 9032 276
17666 4510 279
30818 32245 285
15401 12933 276
10126 18954 279
29370 1106 308
10165 21215 279
15864 29286 308
6942 15933 276
30392 13604 308
24548 32587 308
9569 24213 282
8005 32154 308
27165 9404 308
10694 8281 260
4137 32391 308
15478 25225 282
31796 13935 308
7753 24826 282
12098 2076 268
29470 5650 308
22463 21373 269
10694 28592 308
30844 31823 285
15057 21849 279
15263 10719 276
24272 9611 282
17405 7109 276
9434 22697 279
13579 28189 308
6516 4375 262
566 10576 262
23969 3950 282
28011 31609 285
21262 14055 279
644 6760 262
15799 11662 276
15849 27740 308
31243 140 308
17152 20231 279
13449 31699 308
23865 10018 282
1757 300 182
19811 13850 279
23893 4724 282
29893 14857 308
2429 21727 279
23339 21841 269
17872 18016 248
22228 23851 282
9810 13117 268
24438 14993 282
30739 14074 308
23649 19787 282
22514 16244 279
25648 7517 282
12337 26113 282
15221 28906 308
11889 23135 279
29202 1225 308
13469 6888 276
32518 18730 308
17748 30343 308
13446 15976 271
1217 14056 276
21367 8153 279
30337 1260 308
8947 2050 262
14442 11356 276
24537 13485 282
22259 30367 308
23398 30791 308
2441 31554 308
16441 15804 253
467 13042 268
9303 26515 282
30170 16857 308
2425 22064 279
28192 4112 308
30224 4425 308
22426 18845 274
17118 28673 308
25259 23737 264
23390 3590 279
14878 1716 276
227 6155 238
22048 15352 279
2440 11063 268
7794 11477 268
16147 22854 279
25823 26320 246
19440 22732 274
10077 23162 279
30605 16431 308
16614 12780 276
1633 23785 282
13573 26683 308
28690 11225 308
16836 3568 276
25782 25536 233
26765 30053 272
19202 28570 308
27603 31860 285
10744 18635 279
30662 17911 308
29120 2743 308
4135 27312 308
21356 18310 274
7159 25147 282
3792 3321 238
7528 7110 239
21644 15395 279
9667 3615 262
10242 7153 260
29673 14079 308
12844 23550 282
5103 13662 276
18708 15606 279
14255 9566 276
8081 28899 308
21942 11114 279
9689 20534 279
28815 18343 308
3553 3288 181
11818 22785 279
20152 3137 279
26214 6414 282
21008 806 279
7961 11186 268
8572 28806 308
32252 5614 308
18377 24053 282
32287 16577 308
13164 3950 268
4522 4370 215
6718 27832 308
2329 12079 268
19772 11804 279
3504 31792 308
14488 263 276
22303 15431 279
23129 1641 279
19142 27321 308
13608 14029 258
21779 17897 274
16157 8748 276
2508 8634 262
14937 3441 276
32276 14531 308
28291 20876 308
16060 1358 276
15664 7957 276
7924 4762 262
21684 24509 282
27382 8380 308
8619 21732 279
12330 2534 268
18096 12633 279
12577 22388 279
29831 17007 308
26475 14476 282
32023 19898 308
22210 22075 207
19659 6683 279
21754 20657 256
32660 11790 308
11479 26846 308
9838 27700 308
10858 12381 268
17175 32559 308
27703 7878 308
15393 1348 276
10150 927 262
13829 24041 282
24886 10714 282
4048 13083 268
10925 10472 255
8516 21166 279
15058 3428 276
2761 5100 238
166 29192 308
25065 1111 282
549 18726 279
30772 3833 308
29785 27128 272
2781 4162 238
24557 7554 282
16858 12661 276
136 27748 308
4768 10703 262
29195 15409 308
15082 20920 279
4652 8398 262
7500 22794 279
1814 12295 268
1166 30624 308
15104 23218 279
15611 889 276
28522 7882 308
23689 8002 282
1953 18569 279
32067 6802 308
23472 25018 282
27578 24420 308
1556 7060 262
28153 26813 259
27866 22003 308
10071 14178 276
27435 16505 308
10061 4939 262
1190 16927 276
72 26356 282
7640 15776 276
20830 3093 279
15572 32682 308
22332 7538 279
1127 5491 238
8475 28833 308
19337 400 279
31696 30659 285
5922 12706 268
26885 21973 308
5379 613 238
4724 1069 238
7913 25322 282
25715 19884 282
26900 32686 285
4307 29441 308
14261 26028 282
32285 10842 308
3521 2330 217
5213 21526 279
32327 27949 285
12965 28903 308
13768 21604 279
1616 26835 308
32535 19625 308
22014 4237 279
31010 10642 308
9557 32588 308
15757 290 276
16775 4136 276
18612 6884 279
19892 20187 243
29725 32684 285
4734 10672 262
27069 23574 308
12216 15817 276
17896 27394 308
15919 6858 276
14977 27897 308
16734 5441 276
20994 26753 308
24780 1284 282
11871 15025 276
19759 21509 274
1534 20663 279
13629 21004 279
8137 18288 279
29919 15936 308
18339 7415 279
31860 3393 308
9865 667 262
8450 5943 262
1854 22490 279
17502 32075 308
14952 29439 308
24116 5112 282
5274 28144 308
13773 16572 271
26762 14818 308
6923 29887 308
8259 2229 262
10762 23278 279
11769 5442 268
4513 25604 282
8200 29788 308
13419 18234 279
13323 11618 276
5293 31995 308
20738 25388 282
28097 7630 308
8568 24432 282
8423 4525 262
22946 8325 279
27371 31304 272
5389 6656 262
3794 30573 308
7351 12194 268
18856 16812 279
6944 11584 268
18041 10819 279
32140 21674 308
22681 2693 279
32625 18712 308
22665 27417 308
16072 11123 276
9956 14631 276
8476 17403 276
1974 13023 268
16150 9858 276
15102 22544 279
2634 27811 308
11530 30328 308
21758 22062 269
25539 32593 308
31446 30152 285
11167 23374 279
22052 13156 279
22020 226 279
766 26242 282
22593 30077 308
27277 15316 308
27812 6138 308
10530 686 262
21547 20199 256
14741 28782 308
12156 28624 308
10177 24665 282
1978 18375 279
16730 30998 308
7769 17823 279
22409 22489 207
24333 21023 282
26241 13108 282
8384 9201 247
6868 16975 276
13754 15411 271
18583 7818 279
28478 12863 308
9918 25545 282
9606 4552 262
27868 30890 272
28139 21284 308
30131 11576 308
20601 18372 274
11581 31211 308
7687 21734 279
16877 11523 276
4884 26683 308
4847 3954 215
2956 1663 217
4987 32667 308
2082 25134 282
15057 1771 276
15784 22966 279
19132 24487 282
16631 5660 276
7522 32637 308
24827 2525 282
32722 20405 308
25677 26815 308
13627 9066 276
25948 29645 308
8852 9991 260
9193 4145 262
6608 2566 262
894 20880 279
15709 10369 276
7826 30584 308
597 6269 262
15148 19061 279
12978 16254 276
26905 30037 272
4848 20197 279
14111 19027 279
4399 13376 276
16400 15694 253
12876 10807 268
1977 31308 308
12387 14102 276
7729 10675 260
12465 8378 268
11318 28100 308
21373 11448 279
19453 13793 279
13191 26056 282
13329 25459 282
6206 28579 308
9516 894 262
9866 10683 255
10966 19386 279
5860 12388 268
25106 8496 282
27491 4596 308
7612 14620 276
14678 12436 276
19646 12990 279
23857 17048 282
28057 27096 259
23226 18523 274
18020 19798 274
20513 12053 279
26680 12393 308
13153 11401 263
23166 7411 279
9464 6350 260
27547 30092 272
16133 27572 308
23350 6779 279
6486 19734 279
25425 30060 308
8488 21642 279
16704 26791 308
16930 20257 279
23816 20319 282
18373 13595 279
25795 8113 282
32247 26326 308
20289 17805 274
8522 32221 308
10790 11420 268
16650 29232 308
14979 27666 308
31882 10633 308
16391 2011 276
17895 22404 274
9392 4985 262
31460 10878 308
14443 28377 308
21258 13945 279
12165 20406 279
19573 6448 279
31720 16608 308
6548 24516 282
20972 29691 308
25092 31162 308
2069 11690 268
32349 6660 308
1507 27349 308
21422 11039 279
29284 32089 285
23970 13137 282
2115 25222 282
10852 9255 260
444 17454 276
4318 15412 276
30211 13926 308
17222 16607 266
1138 27099 308
12784 7305 268
16650 25821 282
19986 875 279
18030 30209 308
22484 7433 279
19949 119 279
2196 13894 276
5377 32767 308
17301 21819 279
1542 4106 238
31532 1453 308
12945 12480 263
27218 11487 308
19764 6227 279
29704 16291 308
22341 29869 308
4085 11756 268
15293 25922 282
20498 24161 282
5041 11338 268
11960 6847 268
20682 1396 279
6491 7156 257
14369 4288 276
2400 29360 308
28601 19977 308
11175 24410 282
8517 12895 268
31098 17203 308
11300 2693 268
32327 19419 308
30234 13979 308
28907 22608 308
19364 30370 308
7765 15835 276
1551 10361 262
2626 3064 217
9338 21190 279
17486 29351 308
14401 6161 276
4188 31346 308
26199 29393 308
28428 3343 308
12636 6736 268
28368 30042 272
31748 18697 308
25904 19648 282
20521 5947 279
2417 24970 282
8922 9780 260
496 10320 262
6669 15191 276
24044 11294 282
25552 31429 308
4879 6759 262
20544 31415 308
32076 7515 308
13497 29362 308
28316 23332 308
10930 6726 260
22586 20968 269
26487 8044 282
24406 758 282
29284 31063 272
10397 15349 276
17915 20815 274
1852 324 182
6453 32389 308
16082 22775 279
7132 29546 308
5505 18132 279
5720 29071 308
19071 26001 282
179 299 128
4769 30873 308
30913 18416 308
30054 6008 308
20484 5708 279
29565 10487 308
27772 21728 308
18841 28382 308
14867 10019 276
26461 29909 308
10148 23961 282
21771 8638 279
22056 26631 308
577 22774 279
2748 17244 276
19865 27743 308
19142 7137 279
14693 31420 308
25953 9943 282
30950 18288 308
8282 20347 279
3194 588 217
21912 19304 274
5851 25745 282
24897 21533 282
6463 29988 308
30246 16782 308
27907 15595 308
20731 9188 279
18036 411 279
18484 16442 279
5569 6140 218
12872 6613 268
26352 3695 282
31081 15917 308
464 27774 308
12616 28955 308
13510 8492 276
26911 1336 308
13180 4879 268
12789 19873 279
8594 22220 279
23533 597 282
3380 22580 279
22536 23014 269
28610 8056 308
31426 24147 308
11219 3773 268
14082 29780 308
19122 1496 279
7655 10495 260
27263 11150 308
25499 13114 282
14774 24290 282
16512 435 276
6084 16145 276
28608 8360 308
3821 22335 279
21521 7918 279
8592 23561 282
26690 20671 308
6511 10692 260
32477 24935 308
14188 29677 308
26942 20491 308
698 31448 308
29301 20091 308
2047 1895 175
28917 26201 308
27870 25362 308
9058 801 262
29555 24844 308
19583 14799 279
21240 3261 279
18849 23591 282
27670 5467 308
8530 9678 260
25679 30266 308
24928 30393 308
28420 22517 308
10287 16716 276
23011 16925 279
24534 27647 308
7876 17530 276
5496 26544 282
28067 23042 308
8141 24593 282
23762 31485 308
22275 27697 308
7475 24869 282
11569 60 268
23380 60 279
22423 27516 308
8324 7869 252
29529 21186 308
