289383 930886 525
636915 692777 442
238335 747793 509
760492 885386 525
516649 641421 509
202362 490027 449
368690 520059 470
513926 897763 525
180540 383426 443
89172 455736 449
5211 595368 470
702567 956429 525
21530 465782 449
665123 722862 504
174067 703135 509
513929 979802 525
634022 723058 504
133069 898167 525
18456 961393 525
175011 478042 449
176229 377373 443
484421 544919 470
413784 898537 525
575198 594324 434
664370 798315 504
566413 803526 509
268980 776091 509
241873 759956 509
806862 999170 525
497281 906996 525
420925 702305 509
336327 477084 449
126505 660336 509
621729 750846 509
661313 925857 525
353895 616124 470
100545 819582 509
233367 898814 525
515434 990364 525
313750 344043 384
171087 426808 449
117276 947178 525
393584 695788 509
502651 705403 509
392754 612399 470
95060 999932 525
549676 993368 525
210012 947739 525
636226 698586 442
297539 348094 441
140795 480570 449
651434 960378 525
66601 97467 351
612902 710097 509
570492 573317 372
260756 926652 525
560280 997301 525
209441 724286 509
429689 953865 525
228444 346619 443
558440 744729 509
108117 958031 525
738097 905771 525
834481 890675 525
120709 698927 509
704567 777856 504
179497 872353 525
254586 276965 407
455306 964683 525
28624 406219 443
51528 332871 443
48829 805732 509
409503 530019 470
258270 363368 441
486715 959708 525
226340 518149 470
700723 747796 504
2245 142618 375
122846 493451 449
243555 892921 525
192379 597488 470
537764 888228 525
469841 792350 509
165193 441500 449
87764 757034 509
324914 470124 449
275856 936987 525
346491 373743 410
148365 322227 443
281936 709859 509
151432 452551 449
316437 899228 525
153275 975407 525
276121 901474 525
468858 794395 509
36029 661237 509
573793 908235 525
65818 894428 525
231011 366143 441
335928 639529 509
318776 322404 371
255763 964443 525
114613 854538 525
118606 436840 449
2904 344818 443
235128 670688 509
67917 797369 509
466996 569917 470
43324 987743 525
259470 512183 470
295499 298490 327
206725 689772 509
385644 755590 509
268139 617505 470
469786 502954 426
338082 907669 525
308542 388464 441
110197 939507 525
228804 759355 509
278611 376348 441
127828 573622 470
887343 949299 507
35568 195746 383
354340 755422 509
23311 613810 470
267605 321801 407
425661 473730 444
44878 811305 509
178736 229320 386
79444 248626 443
503465 648522 509
473416 586708 470
213258 408282 443
167637 412924 449
305624 442062 449
532036 962600 525
433452 911899 525
145550 419379 449
290071 947468 525
487131 900973 525
684930 903881 525
808933 845894 525
158660 370163 443
387981 657199 509
252996 548899 470
152959 713773 509
272813 739668 509
187190 681095 509
116466 952926 525
365084 911340 525
327684 422090 449
443376 855542 525
379107 755936 509
219756 517445 470
418418 669179 509
89412 706887 509
32172 103348 351
262009 451659 449
402336 625210 470
166342 467587 449
319301 878206 525
667372 697713 442
401255 575321 470
44599 864819 525
229904 517721 470
939811 955939 414
73940 915667 525
311705 346228 441
811127 829150 450
565984 996658 525
763920 789224 468
602422 867269 525
54081 821396 509
645630 740084 504
679292 811972 504
73850 207672 383
647625 905385 525
739299 741222 393
306640 606042 470
340713 783898 509
256190 352298 441
280524 942590 525
108581 688209 509
288819 499336 449
371155 937732 525
218004 495994 449
160379 614769 470
85273 981776 525
247255 668850 509
348142 721860 509
445884 575579 470
223205 421993 449
679567 867621 525
690613 962504 525
262754 801961 509
31326 154259 375
518944 828202 509
613202 723506 509
902021 936784 476
222842 390868 443
235189 789528 509
608872 949908 525
210498 849958 525
448036 518808 470
457753 686248 509
33333 383303 443
132133 321648 443
772890 999754 525
251746 517567 470
319529 690368 509
238046 514500 470
473788 549797 470
66249 86990 351
3033 273303 443
12497 505363 449
294892 910253 525
247686 519125 470
613996 761152 509
209188 245975 443
649157 703729 442
32460 895436 525
253414 543921 470
26304 870460 525
60028 388027 443
266748 278050 407
308902 707556 509
504794 697697 509
571043 858699 525
132002 301039 443
90428 806403 509
681 144500 375
617647 908538 525
36159 895151 525
282134 522535 470
104339 171692 383
502215 516127 470
720504 755629 424
60049 590964 470
298285 636429 509
495343 576335 470
202900 903177 525
407971 885238 525
260289 416949 449
495367 717988 509
392292 585795 470
40743 53144 340
102829 658390 509
655340 961682 525
569 553541 470
174232 453826 449
172261 956042 525
409117 690360 509
228023 266761 443
81 526309 470
495425 903190 525
618996 806367 509
214677 504234 449
631626 730690 504
226057 764524 509
349614 673168 509
328205 390358 441
726312 947386 525
204346 565100 470
602726 634994 509
56552 204916 383
325578 893529 525
528946 532290 346
302647 756970 509
799051 819080 450
218593 799631 509
418627 830857 509
541312 561886 452
439214 788355 509
193512 720090 509
14412 59479 340
858969 909610 445
152274 966189 525
47641 806355 509
356620 925433 525
77888 198987 383
498338 524566 470
27284 487770 449
56856 790417 509
300606 372260 441
100237 125849 354
107205 473059 449
35217 648518 509
34945 990783 525
228458 436873 449
710873 967637 525
620483 804289 509
770478 826607 468
149314 772757 509
334471 645729 509
533459 591100 452
89438 723618 509
58025 211388 383
631233 633074 385
518157 933681 525
3493 160358 383
110699 550270 470
101839 633417 509
275569 668363 509
92622 228794 386
319847 413173 449
196431 217462 386
456682 539390 470
504292 745791 509
205057 355115 443
391521 796157 509
631491 888574 525
401947 462951 449
35021 359231 443
393740 610537 470
485054 614030 470
35325 554098 470
187516 241081 443
33002 653516 509
372231 746139 509
261796 785404 509
582338 974580 525
39021 519218 470
513970 539862 439
235379 784812 509
692685 894977 525
31536 299904 443
324176 433483 449
199759 279207 443
889744 984857 507
469911 593499 470
20127 663950 509
505236 777560 509
367818 675105 509
740049 810563 468
421244 588711 470
41805 519934 470
77375 563291 470
558955 593614 434
133589 343768 443
544918 828993 509
376882 552805 470
844822 876982 432
124030 326717 443
311574 593093 470
186593 530126 470
550253 781486 509
803074 850543 525
327814 734713 509
138377 478179 449
415775 474762 444
32919 727088 509
806732 935710 525
11017 110294 354
400346 760235 509
745691 871137 525
305153 423943 449
122573 666328 509
300925 449291 449
306710 894018 525
277217 836836 509
575055 596963 434
387090 963858 525
378130 714904 509
372661 698571 509
369633 689685 509
304789 613073 470
722604 756851 424
349250 419805 449
336503 767868 509
109485 639006 509
82195 414639 449
62949 721120 509
80967 880226 525
387677 686763 509
290596 963981 525
740865 887560 525
127955 539036 470
367770 433518 449
66342 359211 443
245196 322532 407
272379 627321 509
858270 994984 507
384172 794427 509
152040 344234 443
647283 970072 525
245830 307398 407
370347 901063 525
966950 982030 458
250573 653714 509
57522 886059 525
134047 626924 509
189435 945082 525
271232 829204 509
622954 630443 509
411898 945486 525
684278 875640 525
89159 250262 443
679262 989683 525
539848 561041 452
141723 208324 383
26272 449122 449
454154 927335 525
335821 937457 525
102747 909365 525
311776 591171 470
160269 725218 509
621703 938701 525
209933 914653 525
53959 450907 449
356728 862806 525
515797 748720 509
121308 547084 470
515334 742698 509
76376 110991 354
252715 798898 509
801052 825171 450
218189 771559 509
554010 752506 509
178224 709016 509
173109 816539 509
333378 490000 449
58109 945053 525
489114 955081 525
405989 671338 509
28067 59426 340
575223 785147 509
332231 776787 509
292122 696532 509
323875 591281 470
390179 884850 525
202254 576590 470
215350 311131 443
967857 973813 458
199181 381494 443
146081 554603 470
15720 152433 375
590181 887982 525
97487 359415 443
79296 768825 509
138722 765404 509
550551 796892 509
90032 230297 386
399134 443181 449
898506 990415 507
299708 767057 509
380595 859999 525
112297 501962 449
475776 687483 509
68977 80154 351
191309 742587 509
139932 723382 509
544266 895021 525
313563 508860 449
903682 909211 445
277685 669086 509
564285 590930 434
735990 794583 468
197314 651476 509
95820 754116 509
37525 641892 509
395528 538839 470
897490 897525 326
101360 651136 509
247643 889618 525
80928 170337 383
506582 826621 509
804310 917955 525
370888 634225 509
274570 426815 449
220853 543437 470
107722 460008 449
712350 811783 468
9097 418657 449
363827 689126 509
522071 621269 452
533149 726651 509
60910 140528 354
228398 430639 449
241888 836610 509
928577 992393 507
433890 498976 444
754552 755199 318
126087 416931 449
360099 388777 423
400657 448566 449
377017 580952 470
72641 392735 443
89368 491298 449
453195 918184 525
55805 696776 509
423428 975266 525
552528 588954 434
19593 80308 351
297278 322197 384
289672 372555 441
250774 806445 509
305000 522325 470
238283 560997 470
466127 648412 509
565421 598382 434
179334 914693 525
942439 987334 458
88421 548159 470
522957 994985 525
1354 691761 509
492972 578762 470
167716 631541 509
561852 711850 509
375482 703662 509
76217 550399 470
665154 801173 504
399015 486506 449
476364 839851 525
488263 724790 509
323172 942491 525
373537 570037 470
18859 28828 308
107280 360871 443
355856 576987 470
146590 578341 470
563970 725352 509
195511 587665 470
149517 893069 525
113083 907361 525
41351 974112 525
189300 706506 509
104667 291638 443
131489 709364 509
434154 581032 470
39875 136104 354
273679 706141 509
292538 413412 449
290636 734969 509
311956 916170 525
62760 162844 383
406649 726814 509
304465 994314 525
713886 922326 525
346039 660183 509
701535 826969 504
320152 532621 470
611790 924393 525
150109 637289 509
259631 734673 509
395735 584264 470
374295 774548 509
101877 704313 509
353198 666833 509
99355 994949 525
157793 665155 509
588156 678468 509
400960 982933 525
98823 323286 443
213171 275358 443
40140 185677 383
22181 493245 449
572761 933990 525
150323 210050 383
84100 409954 443
461075 668364 509
235624 322042 407
42659 423919 449
225844 456289 449
293469 451238 449
474976 841551 525
125383 520019 470
63133 526343 470
19304 161956 383
232475 365981 441
68011 953666 525
446912 788967 509
90192 361729 443
380902 756868 509
88131 465002 449
549207 683174 509
5216 649718 509
301183 692377 509
757472 945487 525
238957 434573 449
276125 725062 509
366797 713933 509
293418 312496 384
848153 893141 445
775474 971726 525
596980 925393 525
385948 843485 525
372305 450030 449
264029 269559 345
206898 352160 443
406424 734562 509
384280 417719 449
411641 718902 509
593010 873480 525
27583 992726 525
234140 628789 509
303708 342723 384
132557 600938 470
10431 152493 375
124220 980710 525
577690 785905 509
49613 629391 509
938270 963638 507
79421 227667 386
207829 802671 509
96180 458743 449
209095 513899 470
137088 843024 525
749154 952386 525
10569 258232 443
155710 979969 525
492373 800030 509
498433 609663 470
167279 932587 525
429649 620094 470
291499 922351 525
7339 857464 525
487330 551742 470
147515 312086 443
231349 519915 470
843881 950186 507
495011 675634 509
854387 874133 432
623287 812722 509
339643 806773 509
786742 881519 525
495354 890244 525
103124 510139 449
16259 552063 470
636353 677418 442
485269 981712 525
505404 558705 470
342733 626799 509
654819 992734 525
740435 774315 468
240853 691087 509
100669 702450 509
916487 974802 507
245562 556837 470
363610 598089 470
585205 995960 525
596911 666704 509
402557 769829 509
418816 623403 470
300821 321892 384
303605 571522 470
302443 646579 509
161528 325361 443
273378 834447 509
332700 564045 470
23787 574882 470
675551 804899 504
242589 721386 509
650353 799426 504
764794 966948 525
68506 163036 383
277107 346092 441
665417 679664 398
115921 288820 443
98480 954166 525
105994 186354 383
408437 774123 509
99484 832933 509
86317 106312 354
419017 933931 525
25165 186709 383
959156 991608 458
201745 217069 386
712995 867422 525
1171 196295 383
148569 680559 509
264801 425676 449
26652 446571 449
105340 658925 509
251743 720172 509
613091 874089 525
903566 906527 445
255812 798878 509
3050 885196 525
362124 453333 449
65186 304213 443
263370 478499 449
56794 695568 509
286141 465115 449
79342 982639 525
482437 744263 509
263590 663198 509
169939 206202 365
226513 791631 509
478257 865128 525
511804 994571 525
352346 934683 525
151225 898138 525
190495 417540 449
36421 68972 340
340634 387226 441
134158 865725 525
120356 190952 383
77645 585472 470
673339 993446 525
475883 568111 470
417603 747661 509
255825 587542 470
470216 482339 413
335344 379174 441
407330 960596 525
829294 846267 525
260757 342013 407
48860 980519 525
194650 533292 470
117832 581876 470
251990 390279 441
510635 963953 525
41598 959295 525
96107 952741 525
180570 714937 509
132540 944976 525
200801 444584 449
720083 914800 525
199492 615609 470
676440 766496 504
22939 612763 470
505735 881304 525
2606 389873 443
584523 930164 525
52251 564349 470
442530 682751 509
646704 816339 504
291986 953165 525
565625 688302 509
761079 919591 525
222407 262547 443
568484 707131 509
804919 939561 525
139053 621931 470
388427 420528 449
815494 959819 525
517543 837581 509
423768 841123 525
287639 840187 525
524643 892438 525
207394 851988 525
184680 851320 525
804486 854098 525
58752 993018 525
754098 886463 525
149010 494695 449
63179 976505 525
856142 916066 476
868098 994425 507
571472 804978 509
382853 386966 348
416748 764797 509
122272 224547 386
581086 840516 525
365159 409912 436
261900 989877 525
572553 841197 525
943003 962932 414
162035 955951 525
48498 518107 470
529154 710049 509
202906 713861 509
570003 592334 434
635325 976784 525
206797 564428 470
463633 781763 509
110115 546560 470
851014 880381 432
185185 720897 509
432100 595097 470
602408 938329 525
373349 691313 509
295879 852634 525
457914 634316 509
668775 808585 504
22765 34986 311
197930 736626 509
237892 306616 407
306629 389569 441
387409 799752 509
581515 596366 434
222833 367395 443
247776 644428 509
73847 829613 509
22300 485026 449
603786 941062 525
830763 960629 525
256508 295100 407
683397 929416 525
230775 491982 449
114544 253540 443
43320 828826 509
506518 797565 509
329499 651794 509
187134 451546 449
299853 716908 509
33062 84303 351
193842 522686 470
596534 848432 525
539807 849810 525
480869 618834 470
95815 453596 449
748696 827984 468
352324 511382 449
99451 194465 383
519716 825361 509
563037 869343 525
375861 654187 509
305981 360602 441
64088 705360 509
273879 938620 525
363941 823293 509
22924 886628 525
17135 387708 443
483162 556942 470
101996 753870 509
207466 554163 470
197811 898500 525
66487 472515 449
183332 926234 525
445950 682290 509
8693 551633 470
525339 662880 509
402293 927494 525
485213 632854 509
275444 466382 449
571475 830323 509
98738 110751 354
115873 716951 509
14811 716465 509
189168 768681 509
259683 334813 407
48977 492499 449
674535 965014 525
115464 600769 470
148346 314107 443
563072 673391 509
88411 865740 525
309587 852623 525
7057 337836 443
458793 473439 444
546620 613281 452
228371 820114 509
53418 657371 509
188534 860596 525
49764 769883 509
104697 473567 449
825800 966067 525
153674 500335 449
447433 785490 509
112132 617457 470
180529 615949 470
481690 785523 509
638147 785292 504
307629 792349 509
492335 766422 509
621968 782140 509
313043 602255 470
486766 850339 525
172025 710936 509
191653 458260 449
277052 665220 509
562957 619204 447
232983 631287 509
78721 119540 354
534826 736997 509
667127 707205 504
433878 492728 444
219170 665169 509
647227 972798 525
11520 139563 354
739221 793660 468
277883 568616 470
128223 912267 525
55382 84292 351
247035 355511 441
542553 632563 509
428608 621862 470
59895 251768 443
371198 887660 525
422376 654968 509
141009 362173 443
89503 574887 470
371254 754673 509
18481 794057 509
243823 321929 407
674396 983044 525
631942 952280 525
68012 544209 470
596855 639747 509
144854 952366 525
203759 403134 443
101281 831742 509
341973 869401 525
713171 891638 525
62958 273413 443
414422 651899 509
257755 941484 525
505661 829090 509
528780 816071 509
363923 772603 509
38320 138000 354
272000 769942 509
340012 506952 449
103807 830504 509
975358 979759 383
382894 572525 470
179117 190158 365
214636 521090 470
59560 622626 470
332973 750614 509
201937 918865 525
143421 263748 443
176620 769409 509
488863 705400 509
101832 852786 525
239833 478004 449
266356 407458 441
526127 914410 525
356631 606368 470
534569 586128 452
623446 848341 525
27458 485374 449
700010 813605 504
64901 873165 525
331867 838989 525
40926 722490 509
250732 986238 525
700699 943705 525
189562 272000 443
165457 373832 443
42348 643461 509
130017 449807 449
172497 426169 449
32538 880569 525
415139 529128 470
135018 377470 443
38585 620392 470
368542 921280 525
502533 836754 509
241707 675743 509
480550 834400 509
233021 601485 470
466788 933720 525
255140 545190 470
639634 710647 504
145325 681983 509
791694 870461 525
296630 648142 509
45063 964191 525
493320 845520 525
976554 980538 383
387142 531492 470
308422 600930 470
437685 900034 525
327308 658094 509
161708 629780 509
138644 862802 525
121784 279545 443
341087 796522 509
376925 436157 449
38602 51735 314
438548 634492 509
798986 830296 450
251530 310840 407
97051 844049 525
320512 336956 384
77589 707654 509
194872 868448 525
532428 768482 509
376088 632557 509
262337 426576 449
537797 565220 452
125139 333694 443
438014 687005 509
580282 674782 509
242869 390523 441
25015 135236 354
481884 681417 509
340353 449299 449
700754 792724 504
113236 546350 470
37710 140292 354
337242 906158 525
335164 386023 441
674641 967721 525
617569 762111 509
746410 816260 468
182790 387902 443
149955 386147 443
341089 825916 509
216439 482781 449
583958 618017 447
265375 757806 509
99901 614511 470
408978 714674 509
315265 777377 509
38566 352976 443
892161 917669 476
252833 259134 363
