30887 9384 308
36916 2778 324
38336 7794 324
60493 5387 340
41422 6650 324
90028 2363 351
20060 8691 279
13927 7764 276
83427 541 351
55737 9173 340
95369 5212 351
56430 2568 340
21531 5783 279
65124 2863 340
3136 4068 238
79803 3930 351
23059 4023 279
98168 3070 351
18457 1394 279
78043 5012 351
77374 6230 351
44920 4422 324
98538 3785 351
94325 5199 351
64371 8316 340
3527 6414 262
68981 6092 340
41874 9957 324
99171 6863 351
97282 6997 351
20926 2306 279
36328 7085 324
26506 337 282
21730 847 279
25858 1314 282
53896 6125 340
546 9583 262
33368 8815 308
90365 5435 351
13751 4044 276
26809 1088 308
47179 7277 324
93585 5789 351
2652 5404 238
12400 2755 268
95061 9933 351
93369 9677 351
10013 7740 260
98587 6227 351
97540 8095 351
80571 796 351
60379 1435 340
66602 7468 340
12903 98 268
70493 3318 340
60757 6653 340
60281 7302 340
9442 4287 262
29690 3866 308
46620 8445 324
44730 8441 324
8118 8032 190
5772 8098 262
90676 4482 351
98928 710 351
77857 4568 351
72354 9498 340
76966 4587 340
64684 5307 340
28625 6220 308
32872 1529 308
48830 5733 324
30020 9504 308
63369 8271 340
86716 9709 351
18150 6341 279
724 7797 262
2246 2619 209
93452 2847 351
43556 2922 324
97489 2380 351
88229 7765 351
92351 9842 351
41501 5194 324
87765 7035 351
24915 125 282
75857 6988 340
46492 3744 324
48366 2228 324
81937 9860 351
52552 1433 340
99229 6438 351
75408 3276 340
76122 1475 340
94396 8859 351
61238 6030 340
73794 8236 340
94429 5819 351
31012 6144 308
39530 5929 324
22405 8777 279
55764 4444 340
54539 4614 340
36841 8607 324
44819 2905 324
70689 5129 340
67918 7370 340
66997 9918 340
87744 3325 351
12184 9471 268
95500 8491 351
6726 9773 260
55591 5645 340
68140 7506 340
69787 2955 340
38083 7670 324
88465 8543 351
39508 198 324
28805 9356 308
78612 6349 351
27829 3623 308
87344 9300 351
35569 5747 311
55423 4341 340
13811 3312 276
21802 7606 279
73731 5662 340
11306 4879 268
78737 9321 351
48627 9445 324
3466 8523 262
73417 6709 340
13259 8283 276
67638 2925 340
5625 2063 238
32037 2601 308
11900 3453 268
45551 9380 324
90072 7469 351
87132 974 351
84931 3882 351
45895 8934 324
70164 8661 340
87982 7200 351
52997 8900 340
13774 2960 276
39669 2814 324
81096 7191 351
16467 2927 276
11341 5085 268
27685 2091 308
55543 3377 340
79108 5937 351
19757 7446 279
18419 9180 279
89413 6888 351
32173 3349 308
62010 1660 340
25211 2337 282
67588 6343 340
19302 8207 279
67373 7714 340
1256 5322 238
44600 4820 324
29905 7722 308
39812 5940 324
15668 3941 276
46229 1706 324
29151 1128 308
96659 5985 351
89225 3921 351
67270 2423 340
54082 1397 340
40085 5631 324
11973 9293 268
73851 7673 340
5386 7626 262
39300 1223 324
6043 6641 262
40714 3899 324
56191 2299 340
42591 525 324
8582 8210 234
99337 8820 351
71156 7733 340
18005 5995 279
14770 380 276
81777 5274 351
47256 8851 324
48143 1861 324
45885 5580 324
23206 1994 279
79568 7622 351
90614 2505 351
62755 1962 340
54260 1327 340
28203 8945 308
23507 3203 279
2022 6785 262
90869 2843 351
35190 9529 311
49909 8873 324
10499 9959 255
18809 8037 279
86249 7754 351
33334 3304 308
21649 2134 279
99755 2891 351
51747 7568 324
19530 369 279
38047 4501 324
49798 3789 324
86991 6250 351
3034 3304 199
12498 5364 268
94893 254 351
19126 7687 279
13997 1153 276
9189 5976 262
3730 9158 262
32461 5437 308
43922 3415 324
26305 461 282
88028 29 351
66749 8051 340
8903 7557 252
97698 4795 351
71044 8700 340
32003 1040 308
6404 429 262
682 4501 238
8539 7648 252
95152 6160 351
82135 2536 351
71693 4340 340
16128 2216 276
55630 505 340
90965 50 351
36430 8286 324
76336 5344 340
2901 3178 217
7972 5239 262
60290 6950 340
17989 5368 279
85796 2293 351
53145 744 340
58391 2830 340
55341 1683 340
570 3542 217
74233 3827 340
56043 2262 340
9118 361 262
66762 8024 340
26310 82 282
95426 3191 351
6368 8997 257
4235 4678 215
31627 691 308
26058 4525 282
73169 9615 340
90359 8206 351
47387 6313 324
4347 5101 215
34995 2727 311
56553 4917 340
93530 5579 351
32291 8947 308
56971 2648 340
19081 9052 279
18594 9632 279
18628 858 279
61887 1313 340
88356 9215 351
20091 3513 279
59480 4413 340
58970 9611 340
52275 6190 324
47642 6356 324
25434 6621 282
77889 8988 351
24567 8339 282
27285 7771 308
90418 6857 351
72261 607 340
238 5850 238
73060 7206 340
48519 5218 324
90784 4946 351
28459 6874 308
67638 874 340
20484 4290 279
70479 6608 340
49315 2758 324
45730 4472 324
33460 1101 308
89439 3619 351
11389 8026 268
31234 3075 308
33682 8158 308
60359 3494 340
10700 271 262
1840 3418 217
68364 5570 340
28795 2623 308
19848 3174 279
17463 6432 276
39391 6683 324
45792 4293 324
55116 5058 340
96158 1522 351
31492 8575 308
62952 1948 340
35022 9232 311
93741 538 351
14031 5055 276
35326 4099 311
87517 1082 351
33003 3517 308
46140 2232 324
85405 1797 351
74581 2339 340
39022 9219 324
39863 3971 324
35380 4813 311
92686 4978 351
99905 1537 351
33484 4177 308
99760 9208 351
89745 4858 351
69912 3500 340
63951 128 340
77561 5237 351
75106 7819 340
40050 564 324
88712 1245 351
19935 1806 279
77376 3292 351
93615 8956 351
43769 3590 324
44919 8994 324
76883 2806 340
76983 4823 340
24031 6718 282
11575 3094 268
86594 127 351
50254 1487 324
3075 544 217
34714 7815 311
38378 8180 324
15776 4763 276
32920 7089 308
6733 5711 262
11018 295 268
60236 347 340
45692 1138 324
23944 5154 282
66329 2574 340
49292 926 324
94019 6711 351
36837 7218 324
75056 6964 340
63859 7091 340
14905 8131 276
72662 8572 340
89686 9634 351
13074 4790 268
56852 2605 340
49251 9806 324
36504 7869 324
39007 9486 324
14640 2196 276
21121 2950 279
80227 968 351
87678 6764 351
63982 597 340
87561 866 351
27956 9037 308
33519 7771 308
66343 9212 340
45197 2533 324
27322 2380 308
94985 8271 351
94428 4173 351
52041 4235 324
70073 7284 340
45831 7399 324
70348 1064 340
82031 6951 351
53715 574 340
57523 6060 340
26925 4048 308
89436 5083 351
29205 1233 308
30444 2955 308
45487 1899 324
84279 5641 351
50263 9160 324
89684 9263 351
39849 1042 324
8325 1724 262
49123 6273 324
27336 4155 308
37458 5822 324
2748 9366 262
11777 1172 268
25219 270 282
21704 8702 279
9934 4654 262
53960 908 340
62807 6729 340
48721 5798 324
21309 7085 279
42699 5335 324
76377 992 340
52716 8899 340
25172 1053 282
71560 8190 340
54011 2507 340
78225 9017 351
16540 3110 276
33379 1 308
45054 8110 324
89115 5082 351
5990 1339 238
28068 9427 308
75224 5148 340
32232 6788 308
92123 6533 351
23876 1282 282
90180 4851 351
2255 6591 262
11132 5351 268
67858 3814 340
99182 1495 351
54604 6082 340
52434 5721 324
90182 7983 351
59416 7488 340
68826 9297 340
38723 5405 324
50552 6893 324
90033 298 351
43182 9135 324
90416 8507 351
99709 7058 351
60000 596 340
12298 1963 268
75777 7484 340
68978 155 340
42588 1310 324
23383 9933 279
44267 5022 324
8861 3564 262
9212 3683 262
69087 7686 340
90931 4286 351
94584 5991 351
51477 7315 324
95821 4117 351
37526 1893 324
38840 5529 324
97491 7526 351
1361 1137 182
47644 9619 324
80929 338 351
26622 6583 282
17956 4311 279
34226 889 308
74571 6816 340
20854 3438 279
7723 9 262
12351 1784 268
9098 8658 247
89127 3828 351
22072 1270 279
33150 6652 308
40529 911 324
28399 640 308
36611 1889 324
28578 2394 308
98977 3891 351
54553 5200 340
26088 6932 282
60100 8778 340
48567 658 324
77018 953 340
92736 2642 351
91299 9369 351
53196 8185 340
55806 6777 340
23429 5267 279
52529 8955 340
19594 309 279
22198 7279 279
89673 2556 351
6446 775 262
22326 5001 279
38284 998 324
66128 8413 340
65422 8383 340
79335 4694 351
87335 2440 351
48160 8422 324
22958 4986 279
91762 1355 351
92973 8763 351
67717 1542 340
11851 1853 268
75483 3663 340
76218 400 340
1174 5155 238
86507 9016 351
76365 9852 340
88264 4791 351
23173 2492 279
73538 38 340
28829 8860 308
7281 872 262
55857 6988 340
78342 6591 351
25353 3971 282
95512 7666 351
49518 3070 324
13084 7362 268
74113 1352 340
6507 9301 260
4668 1639 238
31490 9365 308
34155 1033 308
39876 6105 324
6142 3680 238
92539 3413 351
90637 4970 351
11957 6171 268
62761 2845 340
26815 6650 308
94315 4466 351
13887 2327 276
46040 184 324
1536 6970 262
32622 153 308
11791 4394 268
50110 7290 324
34674 9632 311
95736 4265 351
74296 4549 340
4314 1878 238
53199 6834 340
99356 4950 351
57794 5156 340
88157 8469 351
82934 961 351
23287 8824 279
75359 3172 340
40141 5678 324
22182 3246 279
33991 2762 308
10051 324 262
9955 4101 262
68365 1076 340
35625 2043 311
23920 2660 282
25845 6290 282
51239 3470 324
74977 1552 340
20020 5384 279
26344 3134 282
61957 9305 340
32476 5982 308
68012 3667 340
46913 8968 324
61730 193 340
56869 903 340
65003 8132 340
49208 3175 324
5217 9719 262
92378 1184 351
57473 5488 340
38958 4574 324
76126 5063 340
66798 3934 340
93419 2497 351
48154 3142 324
75475 1727 340
25394 6981 282
85949 3486 351
50031 2306 324
69560 4030 340
52161 6899 324
6425 4563 262
84281 7720 351
18903 1642 279
73481 3011 340
27584 2727 308
34141 8790 308
42724 3709 324
32558 939 308
10432 2494 262
24221 711 282
77691 5906 351
29392 9614 308
38271 3639 324
27668 9422 308
2672 7830 262
58744 6181 340
13900 9096 276
37089 3025 324
52387 9155 324
58233 570 340
55711 9970 340
31 2374 183
9664 8434 260
67280 2588 340
29650 95 308
22352 1500 279
57465 7340 340
87331 1743 351
47516 2087 324
19916 1350 279
43882 187 324
75635 5012 340
54388 4134 340
23288 2723 279
39644 6774 324
86743 1520 351
90245 5355 351
10140 3125 262
52064 6260 324
36354 7419 324
85270 1713 351
5405 8706 262
26800 2734 308
54820 2735 340
40436 4316 324
40854 1088 324
2451 670 183
74803 6488 340
45563 6838 324
63611 8090 340
95961 5206 351
96912 6705 351
69830 2558 340
18817 3404 279
822 1893 182
3606 1523 217
46580 2444 324
61529 5362 340
34448 3379 311
64046 2701 340
23788 4883 282
75552 4900 340
21387 2590 279
99427 354 351
64795 6949 340
68507 3037 340
46093 7108 324
79665 5418 351
88821 5922 351
54167 8481 340
86355 5995 351
8438 4124 262
99485 2934 351
6313 6318 156
19018 3932 279
25166 6710 282
91609 9157 351
1746 7070 262
67423 2996 340
96296 1172 351
80560 8570 351
25677 4802 282
46572 6653 324
58926 5341 340
20173 1744 279
74090 3092 340
3567 6528 262
55813 8879 340
85197 3051 351
53334 2125 340
65187 4214 340
63371 8500 340
95569 6795 351
86142 5116 351
82640 9343 351
44264 2438 324
63591 3199 340
6203 9940 260
91632 6514 351
78258 5129 351
94572 1805 351
34684 2347 311
51226 8139 324
17541 496 276
68973 6422 340
40635 7227 324
65726 4159 340
90953 357 351
85473 7646 351
73340 3447 340
75884 8112 340
47662 7604 324
87543 5826 351
82340 217 351
35345 9175 311
7331 597 262
29295 6268 308
60758 2014 340
48861 520 324
33293 4651 308
81877 7833 351
51991 280 324
10636 3954 262
41599 9296 324
52742 6108 340
80571 4938 351
32541 4977 308
802 4585 238
14801 84 276
15610 9493 276
76441 6497 340
12764 2940 268
81305 5736 351
2607 9874 262
84524 165 351
64350 2252 340
42531 2752 324
46705 6340 324
91987 3166 351
65626 8303 340
19592 1080 279
22408 2548 279
7132 8485 252
4920 9562 262
39054 1932 324
88428 529 351
59820 5495 340
37582 7544 324
23769 1124 282
87640 188 351
92439 4644 351
7395 1989 262
84681 1321 351
4487 4099 215
58753 3019 340
54099 6464 340
49011 4696 324
63180 6506 340
16067 6143 276
94426 8099 351
4979 1473 238
86967 2854 351
16749 4798 276
22273 4548 279
81087 517 351
65160 9913 340
61901 9878 340
41198 2554 324
43004 2933 324
55952 2036 340
48499 8108 324
29155 50 308
2907 3862 238
70004 2335 340
76785 5326 340
6798 4429 262
63634 1764 340
46561 116 324
51015 382 324
20898 5186 279
95098 2101 351
38330 2409 324
91314 3350 351
52635 5880 340
57915 4317 340
68776 8586 340
34987 2766 311
36627 7931 324
6617 7893 257
89570 6630 351
87410 9753 351
81516 6367 351
22834 7396 279
47777 4429 324
29614 3848 308
22301 5027 279
3787 1063 238
30764 630 308
56509 5101 340
29417 3398 308
91983 776 351
53541 4545 340
28827 3321 308
97566 6519 351
29500 1795 308
51547 7135 324
99854 6909 351
84304 3063 351
93843 2687 351
96535 8433 351
49811 9808 324
80870 8835 351
95816 3597 351
48697 7985 324
11383 2325 268
99452 4466 351
25362 9717 282
63038 9344 340
75862 4188 340
5982 603 238
64089 5361 340
38621 3880 324
23294 3942 279
86629 2925 351
87709 7136 351
56943 3163 340
1997 3871 238
7467 4164 262
98501 7812 351
66488 2516 340
83333 6235 351
45951 2291 324
51634 8694 324
62881 5340 340
2294 7495 262
32855 5214 308
75445 6383 340
30324 1476 308
10752 8739 260
15874 6952 276
16466 4812 276
68682 9169 340
59684 4814 340
48978 2500 324
65015 4536 340
770 5465 238
14108 8347 276
73392 3073 340
88412 5741 351
9588 2624 262
37837 7058 324
73440 8794 340
46621 3282 324
28372 115 308
53419 7372 340
88535 597 351
49765 9884 324
4698 3568 238
66068 5801 340
336 3675 217
85491 7434 351
12133 7458 268
80530 5950 351
81691 5524 351
38148 5293 324
92350 7630 351
66423 2336 340
21969 2141 279
2256 3044 217
86767 340 351
10937 2026 262
58261 1654 340
65221 7053 340
19205 2958 279
32984 1288 308
78722 9541 351
36998 4827 324
67128 7206 340
92729 3879 351
19171 5170 279
72799 7228 340
39564 1521 324
93661 9222 351
68617 7884 340
28224 2268 308
84293 5383 351
47036 5512 324
32564 2554 308
21863 8609 279
59896 1769 340
87661 1199 351
22377 4969 279
62174 1010 340
74888 9504 340
54674 1255 340
18482 4058 279
21930 3824 279
83045 4397 351
52281 1943 324
44210 8013 324
39748 6856 324
52367 4855 324
3760 3135 238
31743 1282 308
69402 1974 340
13172 1639 268
62959 3414 340
14423 1900 276
57756 1485 340
29091 5662 308
16072 8781 276
72604 3924 340
38321 8001 324
69943 2001 340
40013 6953 324
3808 505 238
75359 9760 340
82895 2526 351
90159 9118 351
21091 4637 279
22627 9561 279
32974 615 308
18866 1938 279
43422 3749 324
69410 6621 340
5401 8864 262
52787 1833 340
39834 8005 324
66357 7459 340
14411 6128 276
56632 6369 340
86129 4570 351
23447 8342 279
27459 5375 308
11 3606 217
73166 4902 340
31868 8990 308
40927 2491 324
86239 733 351
43706 700 324
89563 2001 351
73833 5458 340
43462 2349 324
49808 18 324
72498 6170 340
32539 570 308
15140 9129 276
77471 5019 351
20393 8586 279
68543 1281 340
2534 6755 262
75744 1708 340
80551 4401 351
1486 3022 217
33721 6789 308
55141 5191 340
10648 9635 255
81984 5326 351
91695 462 351
96631 8143 351
45064 4192 324
93321 5521 351
80539 6555 351
31493 7143 308
8423 931 262
37686 35 324
58095 7309 340
61709 9781 340
62803 8645 340
21785 9546 279
41088 6523 324
36158 6926 324
38603 1736 324
38549 4493 324
98987 297 351
10841 1531 262
97052 4050 351
36957 513 324
7655 7590 177
94873 8449 351
68483 2429 340
76089 2558 340
62338 6577 340
65221 7798 340
33695 5140 308
38015 7006 324
80283 4783 351
42870 524 324
25016 5237 282
81885 1418 351
49300 354 324
755 2725 209
13237 6351 268
40293 7711 324
6159 7243 262
86024 5165 351
67722 4642 340
17570 2112 276
16261 6411 276
87903 2791 351
86148 9956 351
41090 5917 324
16440 2782 276
18018 3959 279
65376 7807 340
14512 9902 276
8979 4675 262
77378 5266 351
52977 8567 340
92162 7670 351
52834 9135 340
50128 4537 324