1 10 20
100 200 125
201 210 89
900 1000 174
2037 5155 238
3537 5450 238
848 9801 262
8793 9369 260
1047 6539 262
886 4901 238
2445 8602 262
2476 6969 262
3827 9009 262
2300 8912 262
6176 7648 257
1722 3830 238
197891 467733 449
871967 783641 525
235433 844801 525
814295 862309 525
378833 427625 449
888075 207701 525
721775 956985 525
450701 292899 449
407555 489207 449
979007 819395 525
645169 587083 447
291135 631401 470
228261 5533 386
96893 819025 470
791765 185523 470
786769 713263 468
209511 582091 470
731131 733479 380
202897 73463 383
749651 728439 424
258179 37323 443
355731 142807 443
60741 775549 470
242553 210607 443
320777 787731 470
489991 773741 470
313095 369145 441
79807 239767 443
253307 745159 470
223379 10275 386
679633 330715 470
73849 13913 340
524671 562525 452
819825 85331 470
562229 172361 470
114205 643435 470
164443 503591 449
124525 507219 449
403953 180691 443
70005 338901 443
884277 320361 525
208787 149657 383
42687 611209 470
57071 438851 449
13307 161667 383
9835 760655 470
636709 534057 452
530475 487099 470
989069 158549 525
406571 340687 441
428909 873491 525
270337 812681 470
438025 879889 525
977193 594701 525
414607 577669 470
379032 307882 441
421012 475134 444
792272 423074 470
27094 331412 443
572756 675306 447
893904 839678 432
127522 478462 449
835624 150882 470
549904 746956 447
961724 768424 525
647134 147376 470
505456 41810 449
619484 119856 470
232364 53490 443
437566 940376 525
204442 681504 470
14968 541006 470
948910 705862 525
240042 686306 470
398576 505842 449
928282 733224 525
683344 709508 442
92764 328804 443
821086 313994 470
36608 632886 470
436194 2740 449
502340 673354 470
48862 737684 470
309548 14098 443
885148 556944 525
197891 467733 449
871967 783641 525
235433 844801 525
814295 862309 525
378833 427625 449
888075 207701 525
721775 956985 525
450701 292899 449
407555 489207 449
979007 819395 525
645169 587083 447
291135 631401 470
228261 5533 386
96893 819025 470
791765 185523 470
786769 713263 468
209511 582091 470
731131 733479 380
202897 73463 383
749651 728439 424
258179 37323 443
355731 142807 443
60741 775549 470
242553 210607 443
320777 787731 470
489991 773741 470
313095 369145 441
79807 239767 443
253307 745159 470
223379 10275 386
679633 330715 470
73849 13913 340
524671 562525 452
819825 85331 470
562229 172361 470
114205 643435 470
164443 503591 449
124525 507219 449
403953 180691 443
70005 338901 443
884277 320361 525
208787 149657 383
42687 611209 470
57071 438851 449
13307 161667 383
9835 760655 470
636709 534057 452
530475 487099 470
989069 158549 525
406571 340687 441
428909 873491 525
270337 812681 470
438025 879889 525
977193 594701 525
414607 577669 470
379032 307882 441
421012 475134 444
792272 423074 470
27094 331412 443
572756 675306 447
893904 839678 432
127522 478462 449
835624 150882 470
549904 746956 447
961724 768424 525
647134 147376 470
505456 41810 449
619484 119856 470
232364 53490 443
437566 940376 525
204442 681504 470
14968 541006 470
948910 705862 525
240042 686306 470
398576 505842 449
928282 733224 525
683344 709508 442
92764 328804 443
821086 313994 470
36608 632886 470
436194 2740 449
502340 673354 470
48862 737684 470
309548 14098 443
885148 556944 525
947469 957687 414
765260 782740 468
472440 468721 351
467315 98848 449
583265 657761 447
451013 62985 449
81289 457046 449
922732 773758 525
350535 703745 470
445396 249572 449
230766 323178 407
281225 564770 470
787156 121400 470
620827 584342 447
160304 815507 470
116878 773503 470
555565 691332 447
957780 197366 525
1145 935917 525
803468 779859 468
21168 205932 383
962541 790348 525
441360 621824 470
232068 967576 525
468374 980030 525
98114 570550 470
641665 279592 470
399356 589922 470
472081 867465 525
912731 178772 525
773598 872576 525
817143 639411 468
442749 233806 449
881134 179547 525
277369 8839 443
12115 753511 470
818206 375254 470
355606 865070 525
814202 532064 468
186202 434238 449
762906 217438 470
535129 16167 470
483582 868187 525
927644 98621 525
15724 62026 340
430204 597068 470
921441 37541 525
461874 275061 449
138292 944432 525
642805 128954 470
117769 250729 443
980457 719404 525
761123 521798 452
342500 793228 470
384430 328417 441
84559 323314 443
798406 996768 525
832751 286394 470
978840 960965 458
692378 839663 525
680542 833907 468
656993 736635 442
233731 716982 470
567812 664150 447
847368 593233 525
791434 649095 468
69279 525367 470
851128 566049 525
909635 372502 525
375196 525758 470
374567 195199 443
828278 530700 468
971999 707578 525
968354 504525 525
783706 598661 468
320450 327170 384
173924 523920 470
177406 281181 443
119300 501602 449
316455 956795 525
933808 404532 525
171061 395040 443
906186 375587 525
750137 883440 525
87369 561938 470
835035 740759 468
622384 254185 470
29127 48225 324
737769 515102 452
959763 811431 525
335878 657005 470
320591 562141 470
964117 715492 525
208380 20518 383
443423 634403 470
362156 543218 470
381824 755758 470
712319 18021 470
522252 544747 408
265485 228053 443
739597 698429 424
501262 922610 525
92532 2821 351
219604 68270 386
202589 356016 443
292873 58182 443
109779 534828 470
98851 643388 470
205059 380909 443
547841 240980 470
649456 525226 452
163666 31571 383
299040 399934 441
407267 749668 470
691460 727683 442
786653 36765 470
457861 568200 470
602541 143388 470
642512 870099 525
127199 775147 470
450704 593383 470
518150 815272 468
841368 337356 525
873131 817236 525
186849 288570 443
473326 829459 470
244304 211142 443
182894 87317 383
319029 991530 525
561270 318240 470
432789 737591 470
22412 478157 449
343438 942675 525
322255 676407 470
839765 951844 476
594823 646679 447
930777 953663 445
456972 662248 470
576018 752832 447
532109 168042 470
130621 803287 470
342719 593958 470
896602 925379 476
394544 285461 441
161154 315745 443
251955 291611 407
847405 177384 525
387600 836305 470
103186 260871 443
991487 460891 525
764093 358324 470
4623 37544 324
825800 972782 525
739485 868631 525
716511 230648 470
513567 241627 470
393192 769976 470
148104 47243 375
689037 923016 525
914050 722266 525
364475 244850 441
549353 634547 447
76130 279361 443
614579 62441 470
249966 537438 470
683547 537772 452
973416 100830 525
956786 111076 525
85049 521494 470
625430 296156 470
234673 929698 525
327072 418425 449
357527 112849 443
745237 639297 442
361671 299173 441
506809 814820 470
896901 336712 525
581101 947303 525
707861 503825 470
445775 265274 449
93851 341522 443
926610 73705 525
523813 523813 77
992544 992544 184
367233 367233 211
47925 47925 53
226124 226124 169
581782 581782 147
514539 514539 139
788353 788353 124
814276 814276 101
45552 45552 177
607672 607672 85
493462 493462 152
948658 948658 78
729332 729332 137
788958 788958 225
375354 375354 87
527047 527047 103
190373 190373 130
430053 430053 74
378641 378641 317
637073 637073 248
299246 299246 190
882501 882501 158
422420 422420 144
409007 409007 162
110311 110311 124
248364 248364 138
341937 341937 154
732317 732317 62
735686 735686 181
173342 173342 153
873535 873535 176
29677 29677 73
928485 928485 78
257847 257847 89
411356 411356 167
446359 446359 139
963243 963243 122
161740 161740 91
368550 368550 167
668391 668391 186
748250 748250 137
795504 795504 106
577170 577170 98
620052 620052 129
25845 25845 78
624402 624402 160
962412 962412 70
758193 758193 88
856844 856844 101
262211 262211 102
337707 337707 110
399101 399101 268
315045 315045 278
467734 467734 131
857136 857136 127
555989 555989 116
385097 385097 162
2273 2273 139
539547 539547 103
545737 545737 178
684520 684520 80
317279 317279 79
199946 199946 55
673355 673355 111
787433 787433 150
907063 907063 189
886000 886000 52
373635 373635 255
805458 805458 132
408 408 28
244045 244045 63
761472 761472 106
195217 195217 130
347131 347131 136
680207 680207 186
828938 828938 70
387493 387493 48
335434 335434 92
487557 487557 64
316819 316819 102
981356 981356 153
236639 236639 200
823612 823612 176
176971 176971 104
65545 65545 100
661157 661157 217
600120 600120 90
738451 738451 181
222961 222961 94
249563 249563 76
829456 829456 251
245705 245705 138
500563 500563 90
174711 174711 73
779495 779495 150
527810 527810 178
962274 962274 70
660455 660455 93
474179 474179 201
174806 174806 104
215616 215616 187
315314 315314 79
241099 241099 213
100116 100116 129
999496 999496 184
319933 319933 71
504417 504417 183
288726 288726 102
495800 495800 152
97258 97258 160
810842 810842 62
686960 686960 54
915834 915834 57
120091 120091 119
30806 30806 148
196354 196354 161
575565 575565 191
64980 64980 43
937025 937025 158
442029 442029 144
153684 153684 171
98751 98751 121
665381 665381 93
969314 969314 52
301563 301563 66
586632 586632 160
479977 479977 69
122902 122902 181
899970 899970 189
750568 750568 137
833833 833833 83
567314 567314 116
799208 799208 93
774976 774976 75
509235 509235 152
735398 735398 137
412276 412276 175
389531 389531 162
266652 266652 208
522301 522301 72
8226 8226 40
647702 647702 186
91006 91006 85
195020 195020 99
889577 889577 145
804892 804892 163
234319 234319 125
936677 936677 158
129957 129957 70
540425 540425 121
237342 237342 125
781864 781864 163
615334 615334 173
931440 931440 171
498476 498476 121
173528 173528 104
451413 451413 126
42616 42616 89
794212 794212 101
913419 913419 202
491453 491453 258
696353 696353 155
404536 404536 131
525243 525243 103
117181 117181 155
433380 433380 69
944346 944346 109
771579 771579 132
760073 760073 225
159609 159609 78
291284 291284 190
713091 713091 124
156632 156632 202
366514 366514 35
596997 596997 116
638764 638764 142
36334 36334 94
348869 348869 79
105657 105657 142
654327 654327 93
977670 977670 91
122343 122343 137
113443 113443 62
471751 471751 108
630171 630171 173
90195 90195 209
910009 910009 202
651951 651951 93
137875 137875 176
181609 181609 166
927084 927084 109
406374 406374 206
265993 265993 102
386356 386356 48
770435 770435 101
538775 538775 165
716085 716085 75
862148 862148 96
6227 6227 94
665749 665749 186
830970 830970 114
401658 401658 237
343965 343965 198
930540 930540 171
63309 63309 105
116770 116770 168
215108 215108 50
799315 799315 93
678525 678525 230
347962 347962 180
849129 849129 83
813821 813821 163
316194 316194 172
288017 288017 221
746853 746853 88
209870 209870 174
660262 660262 186
7499 7499 89
480098 480098 170
567979 567979 85
636907 636907 80
245889 245889 107
30871 30871 55
722090 722090 49
491608 491608 183
143493 143493 145
34654 34654 143
201577 201577 130
923971 923971 189
671299 671299 93
632755 632755 142
135098 135098 114
213372 213372 81
286595 286595 102
859787 859787 145
347900 347900 211
52 52 12
328586 328586 61
106126 106126 80
421381 421381 105
643145 643145 186
834272 834272 83
991603 991603 122
815931 815931 114
43503 43503 164
747117 747117 137
829239 829239 114
706562 706562 150
57596 57596 167
73597 73597 69
846906 846906 83
514703 514703 209
711056 711056 168
746339 746339 62
879734 879734 145
200091 200091 192
916446 916446 109
924537 924537 158
946972 946972 127
966068 966068 122
55772 55772 61
258565 258565 76
450381 450381 232
289709 289709 146
132867 132867 70
29943 29943 73
363634 363634 87
736310 736310 212
815747 815747 88
648718 648718 93
574456 574456 160
978374 978374 78
351175 351175 273
408667 408667 162
541739 541739 116
150132 150132 114
692256 692256 168
938654 938654 109
88878 88878 165
710438 710438 98
628496 628496 142
978124 978124 91
567316 567316 129
238368 238368 120
308918 308918 53
80882 80882 90
274271 274271 89
373374 373374 224
867153 867153 101
919411 919411 158
108371 108371 186
677565 677565 111
482546 482546 108
267437 267437 71
761141 761141 225
471091 471091 108
790659 790659 150
143354 143354 251
530213 530213 165
16607 16607 129
372397 372397 149
414227 414227 175
54549 54549 141
258587 258587 195
971371 971371 215
95054 95054 103
417125 417125 82
229550 229550 200
713257 713257 98
49096 49096 128
464541 464541 157
643838 643838 124
243480 243480 37
274269 274269 89
520902 520902 77
94242 94242 103
849617 849617 176
847892 847892 52
205349 205349 174
634646 634646 155
184419 184419 117
866968 866968 189
928853 928853 78
661831 661831 204
626555 626555 80
888225 888225 145
662464 662464 124
669071 669071 199
651055 651055 124
99698 99698 191
109242 109242 186
571067 571067 103
84263 84263 196
306491 306491 159
440122 440122 126
546951 546951 178
347560 347560 105
749342 749342 194
626421 626421 173
813739 813739 114
522942 522942 165
384654 384654 74
897560 897560 114
302030 302030 234
594118 594118 72
63892 63892 56
631714 631714 80
944025 944025 52
291989 291989 146
112748 112748 230
878813 878813 189
238247 238247 138
286600 286600 97
737868 737868 106
47671 47671 102
820440 820440 176
820201 820201 207
835140 835140 176
557953 557953 253
291589 291589 159
165115 165115 91
957312 957312 122
719235 719235 168
31117 31117 42
498147 498147 90
633067 633067 129
818105 818105 145
882574 882574 202
990323 990323 91
222766 222766 187
137647 137647 132
499504 499504 152
638483 638483 204
552150 552150 191
705908 705908 168
579995 579995 204
544398 544398 209
578132 578132 54
362302 362302 180
105800 105800 155
337847 337847 110
369373 369373 180
630298 630298 54
895925 895925 96
266742 266742 164
166642 166642 184
121293 121293 88
83314 83314 152
992690 992690 122
715450 715450 168
251917 251917 120
963801 963801 122
574172 574172 178
946891 946891 215
990101 990101 91
537563 537563 134
976790 976790 127
920711 920711 140
159849 159849 70
428212 428212 162
260415 260415 133
694371 694371 168
350 837552 470
909 822331 470
453 782952 470
685 503369 449
212 252285 443
481 525573 470
576 569701 470
143 325750 443
68 579786 470
961 478903 449
815 796024 470
342 967804 525
524 102439 351
357 107244 354
755 442686 449
394 61984 340
216 421241 449
318 98545 351
693 229529 386
175 365800 443
481 979322 525
473 299455 443
532 594346 470
799 236341 443
278 944652 525
155 141919 354
323 371044 443
133 551258 470
260 866310 525
787 138060 354
118 479119 449
574 556218 470
383 65101 340
468 826516 470
802 273026 443
711 506661 449
481 969508 525
514 942135 525
74 452432 449
387 232187 443
247 873572 525
74 490814 449
38 366572 443
820 667223 470
929 727139 470
540 685820 470
91 520420 470
135 675853 470
433 317865 443
266 744048 470
16 934264 525
635 579995 470
120 453934 449
648 994641 525
508 211107 383
303 728323 470
837 196525 383
587 325568 443
963 375809 443
624 562791 470
607 620196 470
852 34801 311
456 972639 525
378 948835 525
856 66569 340
708 932313 525
162 302766 443
396 852327 525
978 126302 354
231 952857 525
264 391496 443
119 201274 383
635 836909 470
307 861257 525
991 699761 470
525 631199 470
674 438883 449
680 494237 449
928 599926 470
955 418539 449
769 575449 470
303 707419 470
948 897809 525
617 97564 351
923 16686 276
492 194090 383
130 34658 311
926 335035 443
244 263502 443
517 644749 470
53 569199 470
302 490786 449
54 494069 449
266 723685 470
848 190356 383
366 78167 351
592 109620 354
469 925210 525
499 654875 470
628 691399 470
830 476307 449
329 689850 470
781 110286 354
209 921771 525
214 509908 449
437 891880 525
81 82343 351
976 110461 354
414 862118 525
640 81262 351
883 316894 443
726 497659 449
265 638199 470
779 398754 443
18 23738 282
202 709715 470
81 393728 443
548 871244 525
717 829662 470
547 552029 470
115 377869 443
15 481598 449
120 878630 525
823 567508 470
464 571938 470
85 425362 449
998 171103 383
800 919324 525
416 493558 449
934 362711 443
333 951241 525
430 87125 351
694 419003 449
792 909236 525
711 837952 525
850 80542 351
265 144859 375
719 437771 449
357 71782 340
382 492546 449
150 941028 525
597 491855 449
436 648227 470
951 237798 443
673 941781 525
57 318686 443
161 564173 470
253 938752 525
115 922526 525
153 778175 470
958 567047 470
767 924857 525
901 828984 470
79 895004 525
988 368885 443
817 576181 470
220 14662 276
927 55919 340
982 779329 470
759 647309 470
801 496632 449
63 187254 383
501 581531 470
21 296178 443
417 58062 340
571 874689 525
562 478749 449
38 849243 525
217 274523 443
113 535626 470
832 372986 443
99 457083 449
800 685765 470
993 675924 470
962 501354 449
529 334327 443
136 39571 324
588 672197 470
255 489523 449
679 834358 470
668 975765 525
783 957308 525
560 491600 449
854 451751 449
441 933408 525
174 529579 470
294 630870 470
553 550093 470
390 258983 443
891 769909 470
854 707154 470
92 128878 354
38 205042 383
334 623504 470
718 627451 470
311 307127 443
666 331986 443
107 530764 470
207 961861 525
938 603281 470
297 337890 443
537 636314 470
202 434772 449
144 94791 351
313 929031 525
72 480374 449
829 413629 449
334 390461 443
941 401825 443
264 863189 525
765 305928 443
66 959274 525
575 20647 279
405 348519 443
539 527920 470
966 703374 470
340 983534 525
679 665501 470
945 645288 470
660 522868 470
389 94259 351
947 870115 525
476 1855 182
433 824121 470
898 177923 383
453 240711 443
273 356797 443
948 151618 375
206 499418 449
