1 1 1
1 2 2
1 3 8
1 4 8
1 5 8
5 5 6
1 10 20
1 20 21
1 100 119
1 999999 525
100 200 125
201 210 89
900 1000 174
877 918 148
655 1044 179
2494 2700 191
325 3419 217
403 2642 209
1062 4431 238
5590 6613 262
3222 5453 238
6915 8185 257
793 2189 182
9847 10942 255
1109 11908 268
165 1024 179
7356 12699 268
3138 8757 262
9164 11939 268
9124 14779 276
8114 17786 279
9206 15849 276
19289 19400 212
14138 19759 279
17802 21558 274
8995 9665 260
22076 23138 269
23952 24693 264
22407 24373 282
8882 26880 308
7730 8650 252
17077 22348 279
24699 27207 308
7525 23064 279
5582 18342 279
28035 32298 285
7620 18673 279
6840 10070 260
554 17736 279
20613 21383 256
7059 27883 308
2734 6931 262
11223 18435 279
6708 26438 282
9837 34677 311
7498 10997 268
23343 40460 324
38006 44826 306
34495 39363 324
36258 44772 306
42885 47741 314
28126 42968 324
41239 47314 314
41120 49794 314
37649 42522 306
24503 42931 324
3342 16191 276
18547 51295 324
43275 48130 314
52547 53991 322
57198 57755 273
33680 57181 340
31325 31688 285
20936 40341 324
22921 56194 340
51251 61865 340
39840 43849 306
665 16635 276
12048 34001 308
48226 54203 340
48518 57349 340
15757 41079 324
68670 69394 250
20129 25388 282
44911 56825 340
70409 71634 325
18426 26963 308
1003 72945 340
22479 47513 324
20924 26341 282
59486 75231 335
56560 73926 335
30905 49832 324
59758 71957 335
7714 50270 324
17650 58032 340
36769 59585 340
2797 55739 340
49063 54505 340
55384 78510 351
26307 77160 351
77436 83429 338
51587 59596 340
85836 90987 333
54083 78491 351
11820 13321 276
80936 85836 320
85600 91793 333
47957 53582 340
78498 83847 338
71047 81377 351
92255 98901 328
41907 99377 351
9608 21986 279
82035 84699 320
82297 86604 320
62490 93663 351
104427 104896 310
65877 99093 351
61497 62206 317
13376 13949 258
31234 95861 351
11697 90667 351
10858 17980 279
86545 101839 341
72029 90503 351
46857 74217 340
65760 109997 354
72041 104936 351
115439 116226 349
77065 84421 338
95770 108795 354
19822 46195 324
13633 53614 340
36812 43418 306
120364 121369 287
16447 69965 340
37558 83104 351
38854 57100 340
41477 62637 340
105274 107979 354
125520 128555 331
7804 127077 354
66755 85453 351
5637 24813 282
10332 56163 340
94728 131122 354
42956 46649 314
121557 129392 336
113844 118894 349
56013 102688 351
117873 123811 336
66492 113426 354
101340 130246 354
97341 128754 354
3230 76635 340
21504 93062 351
95002 98948 328
57663 102175 351
27904 52604 340
24930 144228 375
17411 70107 340
85094 97051 333
39372 79899 351
93839 127534 354
125277 146639 375
55211 152347 375
152424 153583 308
5513 70438 340
114402 118008 349
41582 74118 340
104469 116422 354
99734 157912 383
73747 160560 383
35582 70881 340
158401 158721 321
88239 100608 341
45875 81435 351
32531 95127 351
99688 111434 354
96815 125173 354
81223 141189 354
129820 160060 383
131082 159467 383
48116 140348 354
88539 154598 375
135468 163221 383
41489 168940 383
29833 169905 383
126303 152063 375
18239 106593 354
4631 108492 354
103516 138214 354
117867 145543 375
164105 169137 352
48769 137720 354
39225 95343 351
94299 152095 375
14345 34668 311
41731 178128 383
6217 31251 308
141864 162693 383
50984 52209 309
101239 104034 310
150293 170778 383
187936 192980 360
26598 112569 354
156714 168592 370
101778 145209 375
28513 117483 354
29488 197186 383
181156 189426 347
134627 168201 383
136464 164516 383
41540 53567 340
95138 108625 354
68170 116732 354
150146 195314 383
707 205739 383
186323 202966 360
95631 197702 383
170884 205145 365
170179 174319 347
195695 204744 342
44883 99813 351
173192 191883 365
32842 90698 351
129789 192353 383
87507 209630 383
40146 116307 354
118153 149155 375
57508 206731 383
158638 177980 370
51830 204487 383
84743 190932 383
200049 214110 373
196765 198463 329
73955 144774 375
127235 204362 383
227605 227825 262
222562 227449 368
100194 140381 354
32850 149435 375
212579 213560 324
166941 204936 365
233461 233864 244
105362 215561 383
138417 210486 383
31328 193871 383
115050 191571 383
90753 98572 333
166798 186788 365
154385 173915 383
203814 233176 443
190108 235923 443
110443 145274 375
59568 73701 335
222427 223947 324
243972 246630 319
101480 167145 383
116436 142097 344
50359 64473 340
15262 42527 324
226502 226840 368
142728 164952 383
127014 242465 443
85004 112448 354
115999 156470 383
59269 84209 351
137361 195792 383
120584 170868 383
108400 163753 383
214793 247087 443
242923 260936 363
23538 99359 351
150383 158697 383
215344 258999 443
238124 246035 368
149872 222282 386
155549 263340 443
161179 219186 386
176434 240497 443
121727 167418 383
98924 214277 383
240951 243432 319
82374 102851 341
204442 244078 443
17040 30595 308
6954 164720 383
23705 105349 351
126719 238003 443
109818 262408 443
46832 114894 354
90023 174771 383
159568 167740 370
203008 223179 386
118488 167482 383
206282 273957 443
236228 274766 407
175212 215195 373
95196 268379 443
192066 253728 443
22065 44509 324
32225 207821 383
90775 224381 386
184215 262261 443
157020 203633 370
107262 218560 386
155327 158298 383
270260 296896 407
218562 272596 443
34347 187058 383
233063 244828 381
53265 170348 383
166540 182510 365
229174 251950 443
283121 284894 358
5726 283384 443
51 61300 340
55910 115868 354
46235 109180 354
10025 155407 375
159511 172919 370
146163 292710 443
233277 300599 407
20086 40599 324
166043 280741 443
203241 273386 443
216768 281770 443
265101 273143 407
124040 212315 383
3045 61146 340
87868 228423 386
187700 312271 443
303427 319236 384
262450 290812 407
91087 224561 386
18621 117964 354
225466 305142 443
264141 275494 407
213559 287029 443
219286 305989 443
161365 329184 443
69413 180406 383
39738 143661 375
161442 252966 443
85142 114845 354
93292 254530 443
101962 117596 354
122634 301128 443
207954 236526 443
111404 217833 386
29263 246221 443
46344 160113 383
331514 336079 353
145177 240089 443
290416 313503 384
81029 206970 383
197695 345257 443
84619 136972 354
271309 313073 389
45915 108302 354
184604 239467 443
181462 211495 373
36551 91233 351
45309 67594 340
292884 325725 384
27251 128101 354
159795 334315 443
175581 325329 443
84784 168702 383
78736 275032 443
321925 344265 384
77686 122312 354
203559 325868 443
355405 356964 379
207071 322209 443
242321 318654 407
303880 366975 441
98595 338069 443
77584 340792 443
187289 242107 443
3673 155267 375
364968 371981 392
119487 170963 383
193131 263564 443
317659 363744 441
182176 287648 443
266984 334798 407
187557 317478 443
296520 300234 371
26764 105920 351
318987 379817 441
228620 374860 443
364573 375207 392
244004 340749 407
31471 337031 443
100977 368796 443
274186 304269 389
138965 385240 443
95846 318860 443
196649 220737 386
328315 350520 441
106442 246045 443
221039 389151 443
191195 361077 443
394665 394699 193
301856 356845 441
120397 201828 383
176873 316107 443
369043 371574 392
297479 388347 441
288874 296068 358
197010 369052 443
193106 386160 443
364438 399086 436
188424 306151 443
75514 237180 443
387264 395468 436
111391 358105 443
46307 192666 383
17215 405239 443
131546 250621 443
234977 278651 407
288899 388755 441
211265 289447 443
309783 340149 384
7808 157058 383
55904 274435 443
360070 372882 410
111147 221805 386
270019 288723 407
288299 407188 441
203015 306723 443
310841 415277 449
333867 377321 441
292345 313274 384
224472 356811 443
405858 410338 449
342186 353243 441
67356 357099 443
149052 393644 443
22547 194848 383
46798 136870 354
274031 339641 389
176166 191168 365
20081 281686 443
313454 371054 441
281070 373959 441
332944 343623 366
25228 134675 354
278411 372305 441
360949 418223 449
144817 208600 383
323390 388226 441
162917 361898 443
262159 353606 441
428238 439399 400
17181 366150 443
152863 422047 449
234609 381397 441
222743 376119 443
415919 425374 418
27422 123759 354
3019 74174 340
186253 410940 449
277881 407205 441
317525 358733 441
419252 434703 418
206990 332522 443
436403 443968 400
253741 393412 441
392580 398091 405
165621 385275 443
53720 329436 443
371679 431085 449
99218 134684 354
235371 447048 449
32972 308397 443
28830 37833 324
461864 466179 369
325294 386015 441
72452 73020 263
27280 419344 449
302867 451163 449
110699 278394 443
314882 449044 449
414184 473159 444
454123 463241 444
397929 413882 449
205994 433630 449
261876 469008 449
280382 309621 389
68053 273426 443
479745 481659 413
202049 300061 443
25319 340187 443
56706 266517 443
35516 285263 443
168180 371683 443
288610 482399 449
219005 377764 443
266023 464354 449
455659 461122 356
70347 389584 443
94694 293744 443
351900 418222 449
146258 248749 443
97522 229880 386
8341 228213 386
403548 418735 449
414580 478079 444
419087 494325 444
357343 441122 449
183625 253148 443
299338 503687 449
25754 294849 443
16432 116329 354
195884 341291 443
454627 487566 444
10736 445577 449
295926 456488 449
79596 286160 443
97623 335485 443
361848 384613 423
305089 412042 449
422060 460269 418
272968 368051 441
99307 401146 443
256454 298933 407
318538 429094 449
211872 376796 443
509839 514384 470
170773 327279 443
231748 431864 449
110307 178556 383
305778 313025 384
480472 499870 426
128122 363528 443
164196 259902 443
497413 504975 426
3071 44249 324
333658 377167 441
302972 338717 384
290054 525656 470
22602 254138 443
403922 515695 470
535588 535609 165
73779 225586 386
35836 169431 383
400465 483896 449
131715 375258 443
422081 477304 444
250969 512947 470
173988 410533 449
42878 249893 443
23154 204451 383
539226 539732 271
141692 173822 383
392482 507274 449
326328 335716 353
122042 160616 383
88559 188872 383
49363 304126 443
500343 517613 470
462570 469838 413
479695 480298 351
59404 174657 383
393178 429365 449
512036 530982 439
19891 298401 443
115919 123929 336
425215 516557 470
268562 374349 441
159047 370347 443
238005 402022 441
485128 509527 426
484977 506134 426
48029 160799 383
194731 336956 443
66891 164093 383
385885 468579 449
154291 354332 443
465420 505901 426
152662 374886 443
528339 540421 377
84723 272198 443
443303 557842 470
252107 437250 449
68198 275644 443
433261 548217 470
53233 55271 322
231955 257907 381
107781 133277 349
447254 480648 444
390061 435559 449
343166 348870 441
213437 416401 449
184587 555343 470
310279 580869 470
215665 583138 470
499507 589079 470
450581 493441 444
79679 473520 449
127379 234785 443
66547 356198 443
260136 522476 470
484733 526254 470
260695 261140 332
267780 462641 449
366027 593556 470
27447 512536 470
163139 548987 470
362003 423924 449
575445 588822 434
317327 427804 449
159252 500482 449
41203 403184 443
255348 309630 407
146874 217617 386
138463 259463 443
73071 452230 449
466905 472220 413
65043 489059 449
294672 375215 441
65254 595583 470
97664 139541 354
91245 307485 443
87290 483248 449
20881 92016 351
3882 252753 443
268550 497636 449
473747 552632 470
8672 428352 449
32988 566538 470
122527 446222 449
543671 612474 452
481404 596904 470
237108 372379 441
206881 442788 449
617623 618606 372
382831 461370 449
283540 509796 449
137795 501857 449
50676 489896 449
405270 578140 470
46589 543713 470
269397 361617 441
220926 448981 449
512137 614187 452
487671 540729 470
87719 353320 443
498615 608998 470
52622 516499 470
442922 485833 444
347855 367565 410
362342 425859 449
466185 510313 426
548115 640497 509
218065 235769 443
625360 645087 509
419054 602664 470
623860 633723 509
522639 636833 509
517224 647824 509
264701 484470 449
451792 608516 470
90941 189061 383
626895 653974 416
191835 434590 449
350419 451595 449
342067 491785 449
516730 541224 439
632349 660496 429
255936 473838 449
536989 573710 452
609454 616054 447
475599 562718 470
330199 422071 449
298100 622676 470
589718 660870 509
627023 640555 416
207926 272143 443
342270 387484 441
360529 550288 470
606696 632964 509
7149 95340 351
261766 429263 449
300368 500003 449
125076 382900 443
85882 163560 383
433305 651041 509
175814 346368 443
178002 254121 443
494846 622952 470
628789 673223 442
271608 644381 509
561075 625012 447
541130 684407 509
128413 280270 443
280155 494224 449
583663 645498 509
554224 564310 390
449887 592512 470
241545 385054 441
414601 472207 444
635382 651660 416
92115 505046 449
400163 616865 470
286561 480487 449
537572 548647 452
158574 515322 470
21516 358841 443
12771 391968 443
478050 545434 470
88009 581816 470
667645 686607 385
319214 428306 449
671102 680548 385
529166 627536 509
12066 324433 443
503779 605155 470
48026 171037 383
90348 273265 443
308716 311665 371
440550 678938 509
403612 677864 509
530173 555983 452
100477 154849 375
420478 491014 444
165129 709429 509
430086 656446 509
364160 642332 509
169996 631830 509
60754 460965 449
338614 479010 449
354282 402524 436
204972 255400 443
43641 611376 470
34849 175247 383
401582 662474 509
189350 410794 449
716876 720651 349
194027 516559 470
339819 690689 509
650586 728472 504
338993 722350 509
688075 697480 442
392676 412035 449
645119 702390 442
255938 688070 509
280603 311033 389
270832 313256 389
532881 733671 509
269600 642131 509
409534 561022 470
515483 591539 452
489729 610323 470
49407 53127 340
629769 665580 442
588613 711356 509
352527 571333 470
578379 652239 509
165463 278935 443
133378 597909 470
489839 494685 426
205021 443497 449
60889 64216 335
212074 702573 509
54030 437575 449
193854 285168 443
683209 722756 504
651449 760433 504
742400 744808 318
422046 492644 444
714787 727638 411
438877 607215 470
133970 745829 509
135621 687058 509
529017 658278 509
257721 556356 470
678020 755834 504
675002 740777 504
646299 673825 442
90032 677441 509
132104 192902 383
294245 742155 509
22575 556444 470
297956 518788 470
700255 764719 504
178498 336288 443
666366 675119 367
206709 344492 443
72984 144099 375
693123 740974 504
119682 731454 509
341561 445753 449
473290 593426 470
125316 478573 449
279345 332118 389
612270 701381 509
67587 447796 449
442466 637764 509
273562 618670 470
454490 465637 444
633129 714304 504
166859 310401 443
405716 527289 470
224184 308452 443
419252 612575 470
37406 531832 470
94207 466930 449
67341 578456 470
524883 797903 509
374438 445224 449
405357 612090 470
67381 486352 449
248928 399592 441
618459 714361 509
280622 737179 509
334307 435032 449
532642 626322 452
611951 772655 509
429439 580317 470
187762 570095 470
125147 256485 443
163330 691984 509
334488 405007 441
633204 763579 504
241032 760138 509
249304 635693 509
375407 385709 423
205686 815481 509
775237 796638 468
37825 775637 509
688798 717496 504
658315 771725 504
697354 797996 504
663150 702246 442
600754 818471 509
784189 805304 468
49433 336452 443
114959 633738 509
158894 454963 449
639997 713690 504
396862 664525 509
424668 545085 470
671690 718266 504
183604 474060 449
526203 731469 509
215140 836113 509
799617 801284 393
387146 746611 509
786074 799220 468
373117 544814 470
115561 329608 443
390785 583135 470
557530 558286 315
18268 776921 509
289612 319937 384
692703 780700 504
68270 229501 386
794095 830046 468
148077 614182 470
585889 674840 509
385832 735173 509
658986 680921 442
287836 854220 525
303772 435518 449
272780 409902 441
105794 711314 509
170253 277628 443
223041 589819 470
688028 833929 504
177208 823200 509
283279 753198 509
721818 756293 424
190635 777205 509
364510 849685 525
508316 666919 509
48697 465746 449
674780 687175 398
860301 861776 357
673519 805859 504
689583 784333 504
758667 805847 468
407346 760014 509
847309 861703 419
870056 873009 432
693400 818816 504
137681 292766 443
14528 239907 443
264229 783376 509
555116 833835 509
18581 605912 470
584491 859118 525
432932 741139 509
865018 869763 388
178944 267297 443
325659 562182 470
545893 699445 509
674258 690485 398
286951 857469 525
533330 798697 509
370961 520084 470
798623 819027 450
550410 609004 434
344494 661947 509
716020 739210 424
757731 775567 468
306395 657694 509
632935 737667 504
871549 878736 432
825913 840441 525
773843 871625 525
364374 382456 423
402602 815134 509
612328 632977 509
694255 772190 504
131560 333056 443
729741 794687 468
867211 880411 432
476040 489505 413
110143 202416 383
599667 695535 509
709365 821882 468
223152 879908 525
842742 914122 476
701606 900435 525
485196 595925 470
910579 914461 401
370889 864498 525
495258 852713 525
881735 888118 445
161580 536427 470
284082 595273 470
25183 395506 443
286825 762673 509
40998 916157 525
211987 487244 449
520899 801156 509
554432 922108 525
480357 865887 525
117106 761367 509
113181 471864 449
421116 929968 525
351576 930317 525
688293 854299 525
704575 708605 504
438347 572985 470
114028 149397 375
2180 13831 276
922074 940152 507
936787 940416 507
580031 833953 509
122442 671444 509
188479 820095 509
364334 655184 509
488400 625640 470
690151 855240 525
569094 734123 509
635693 649999 416
876624 925666 476
458504 493047 444
176719 400552 443
561058 728059 509
66985 738594 509
165310 367230 443
861597 913883 476
797484 833260 450
901224 912686 476
50910 131085 354
46504 840965 525
731243 790207 468
97037 378926 443
164837 234238 443
542013 772512 509
347802 568807 470
307221 773306 509
806189 828382 450
371215 819204 509
765039 965848 525
860190 952979 507
32612 189839 383
23799 829623 509
258119 514940 470
10727 601457 470
750078 872138 525
626627 642916 416
350488 611400 470
679067 945001 525
390796 633944 509
301560 792591 509
141069 251179 443
252962 770390 509
746425 753177 393
841562 851802 419
222729 834076 509
54166 872818 525
510892 839417 525
708143 778912 468
411692 749054 509
534041 809226 509
757454 781370 468
822443 909224 525
30685 796192 509
9621 367395 443
485294 755593 509
479136 901715 525
604315 888518 525
197326 453252 449
245627 493939 449
