3610 3600 163
10133 10123 180
13402 13392 139
17357 17367 173
1283 1273 133
3668 3658 132
55770 55760 185
3244 3234 168
79361 79351 152
1885 1895 175
77830 77840 170
26607 26597 215
35175 35165 130
106781 106771 173
45775 45765 115
3882 3892 101
57093 57103 154
134516 134526 114
50563 50553 203
89236 89226 147
166510 166520 184
147933 147923 233
229864 229854 200
120677 120667 119
97036 97026 191
4059 4049 158
9155 9145 154
8737 8727 141
180943 180953 117
88938 88948 165
17527 17517 217
171094 171104 228
47763 47773 190
136486 136496 176
160372 160382 215
344688 344698 260
123291 123281 150
161473 161463 171
355730 355720 242
354605 354595 242
166272 166282 153
223485 223475 293
357905 357895 273
98931 98941 160
319090 319080 247
129154 129144 163
88535 88525 165
331457 331467 185
106672 106662 186
67182 67192 162
79668 79658 77
286322 286312 221
235847 235837 231
480323 480333 232
189170 189180 210
396062 396072 123
519675 519685 196
408105 408095 206
577266 577276 222
378233 378243 193
504980 504970 183
9921 9931 136
92319 92309 253
69415 69405 162
458465 458455 232
395661 395671 162
135353 135343 163
355544 355534 211
4801 4791 166
541672 541682 253
522869 522879 271
105838 105848 142
148383 148393 171
20271 20281 88
404425 404435 237
317500 317510 141
515732 515742 196
611431 611421 173
434030 434020 250
765137 765147 287
41849 41859 257
30658 30668 148
593598 593608 191
6720 6730 138
91266 91256 178
118332 118322 106
294190 294200 203
254641 254651 151
509582 509572 139
404800 404810 237
340788 340778 198
779730 779740 181
700177 700167 243
92877 92887 284
63833 63843 224
951093 951103 277
11147 11157 131
452916 452926 245
940885 940875 153
297542 297552 172
2551 2541 178
19466 19456 168
15516 15526 147
17311 17301 173
40233 40223 213
37227 37217 156
62479 62489 149
77484 77494 170
57367 57377 198
21752 21762 181
29955 29965 210
98880 98870 266
3890 3900 145
28912 28922 166
117703 117713 305
47441 47431 190
39824 39834 76
134076 134066 238
10083 10073 136
48589 48579 159
47468 47458 177
74271 74261 69
193826 193816 267
214135 214125 293
55021 55031 185
53705 53695 216
79949 79939 214
188450 188460 254
259427 259417 195
128061 128051 194
124894 124884 181
209348 209338 156
162822 162832 140
181488 181478 210
180553 180543 210
338317 338307 154
267803 267813 120
344694 344684 304
213692 213682 218
177361 177371 197
384386 384396 180
128548 128558 256
84935 84945 258
339992 339982 229
253921 253931 257
230736 230746 169
144774 144784 207
321189 321179 216
153540 153550 189
376405 376415 61
177512 177502 135
6851 6861 89
16611 16621 191
248414 248404 151
476569 476559 170
300204 300214 159
74724 74734 232
77355 77345 170
525275 525285 165
293205 293195 358
426916 426906 206
532578 532568 302
557376 557386 284
348162 348152 180
31002 30992 179
180414 180424 210
531743 531753 196
114444 114434 54
488642 488652 201
255319 255309 182
563352 563342 253
129794 129784 194
622704 622694 248
198355 198345 192
339757 339767 260
13856 13846 152
110193 110203 173
161840 161830 215
64760 64750 193
484939 484949 214
562379 562389 147
444216 444206 188
114786 114776 199
374298 374288 224
24868 24858 127
642511 642521 173
34749 34739 143
567692 567702 147
280558 280568 221
197843 197853 174
409764 409754 206
524628 524638 165
430763 430773 219
684252 684262 336
269260 269270 208
30629 30639 179
566161 566151 209
310778 310768 234
248408 248418 151
537964 537974 178
3485 3475 181
8550 8540 172
13126 13136 77
33204 33214 161
37994 38004 169
16229 16239 191
54581 54571 185
61832 61822 193
42523 42533 151
85804 85794 103
82867 82877 121
1221 1211 164
26833 26843 122
22686 22676 132
33019 33029 267
9846 9836 105
167017 167027 153
32076 32086 161
137142 137132 176
139997 139987 145
185077 185067 166
60013 60023 180
46217 46227 177
44586 44576 146
234722 234732 200
163478 163468 184
14322 14332 196
241931 241941 138
279597 279587 159
76664 76654 157
177015 177025 272
161941 161951 215
272108 272118 221
104826 104816 155
285 275 105
152879 152869 202
68407 68397 206
46186 46196 239
252984 252974 195
245 235 128
97358 97348 222
351610 351600 167
154729 154739 171
206098 206108 205
373216 373206 180
427357 427367 219
409389 409379 131
221366 221376 143
420355 420345 250
332470 332480 229
460098 460088 157
304344 304334 203
323170 323180 203
506716 506706 227
257047 257037 102
556403 556413 209
146018 146028 220
310711 310721 203
341419 341409 198
21424 21434 194
108582 108592 248
277006 276996 177
555078 555088 165
461702 461692 232
238445 238435 169
576708 576718 116
147668 147678 233
497017 497027 165
135540 135550 207
310370 310360 203
42063 42073 182
196306 196316 236
572011 572021 116
100777 100787 191
418628 418618 175
708703 708713 199
761546 761556 163
680175 680185 243
715022 715032 168
575369 575379 222
714016 714006 168
475995 475985 152
683067 683057 199
226012 226022 262
128583 128593 194
401290 401300 237
176465 176455 135
742184 742174 349
176538 176548 303
799124 799134 207
450382 450392 232
803864 803854 207
826690 826680 176
718409 718399 212
896785 896775 233
91873 91863 165
945238 945248 171
789304 789314 406
678775 678785 230
605641 605631 204
5014 5114 179
18088 17988 186
15634 15734 178
20319 20419 243
12870 12770 201
3253 3153 199
62389 62289 224
49946 50046 234
4527 4427 184
43191 43091 257
87355 87455 227
114841 114941 261
30082 29982 272
132874 132774 238
74322 74422 294
65208 65108 224
159710 159610 246
6485 6385 169
157608 157708 308
103819 103719 173
173868 173768 228
105785 105885 279
107313 107213 279
54004 54104 247
243182 243282 319
136079 135979 238
66183 66083 268
246788 246888 288
246702 246602 288
106297 106197 354
53769 53669 247
152561 152661 233
101090 101190 235
13891 13791 258
346950 346850 242
151388 151288 233
122840 122940 287
299782 299682 203
180790 180890 241
24662 24762 264
137008 136908 313
337760 337660 229
206348 206248 205
386081 385981 255
288471 288371 208
195025 195125 298
65186 65086 224
371456 371356 317
22781 22681 238
10481 10581 193
398905 398805 330
324243 324343 322
202626 202526 223
223024 223124 293
160778 160678 246
403679 403779 237
9508 9608 198
54639 54739 216
425278 425178 325
183381 183481 210
194319 194419 192
541877 541977 271
230934 230834 306
68353 68453 206
27209 27109 259
327407 327507 322
53200 53100 185
70012 69912 281
220985 220885 187
206225 206125 311
516871 516771 271
621339 621439 279
235785 235685 231
736297 736197 287
639649 639549 279
471091 471191 276
79020 78920 214
56545 56445 291
704268 704368 287
483909 483809 307
326934 326834 185
440707 440807 294
670704 670604 230
798400 798500 256
816430 816330 220
714166 714066 305
504244 504144 258
149822 149922 220
418688 418788 281
282806 282906 283
20208 20308 212
542937 543037 271
54533 54633 247
15661 15561 253
572669 572569 372
213608 213508 293
112849 112949 261
467817 467717 413
750426 750326 362
883188 883288 264
76 176 125
2151 2051 170
10041 9941 211
23378 23278 220
21035 21135 225
8444 8344 234
47609 47509 283
42121 42221 226
22998 22898 194
12638 12538 263
86497 86397 271
79033 78933 214
89009 88909 240
66009 66109 268
2233 2133 183
145056 144956 220
17067 16967 217
98131 98231 191
4828 4928 210
184659 184759 254
161266 161366 246
134086 134186 238
25595 25695 233
14372 14272 196
84516 84416 289
259135 259035 195
37615 37515 231
209633 209533 236
202085 201985 236
224605 224505 231
279388 279488 221
151421 151521 220
6538 6438 200
49955 49855 234
232749 232649 293
136162 136262 269
92428 92328 253
343252 343352 335
276671 276771 314
71883 71783 219
123146 123246 243
52446 52346 172
384770 384670 330
277037 277137 252
70493 70593 281
181568 181668 272
322127 322227 247
429241 429341 250
291714 291614 265
320268 320368 216
372102 372002 317
343966 343866 229
508621 508521 258
447992 448092 263
30834 30734 210
68177 68077 268
286645 286745 252
577990 578090 235
523803 523903 302
562268 562168 284
88147 88047 333
321266 321166 291
561914 562014 328
25024 24924 233
433789 433889 250
125029 124929 256
660115 660015 292
237965 238065 306
32410 32310 254
44047 44147 270
623273 623373 248
565600 565700 284
292788 292888 190
5951 5851 187
572608 572508 372
471679 471779 232
159248 159348 215
332722 332622 229
382359 382259 317
612607 612507 279
357376 357476 242
347792 347692 242
331695 331595 260
63204 63304 193
292982 292882 203
141492 141392 282
590640 590740 328
277091 276991 252
602538 602638 297
280205 280305 283
157625 157525 339
826686 826586 238
243004 242904 257
922181 922281 277
512378 512278 227
378436 378536 255
281377 281477 358
511971 511871 470
727516 727416 287
57808 57708 229
9573 9673 198
11938 12038 250
335 235 144
36834 36934 231
12270 12370 263
54880 54980 216
53458 53358 216
75920 76020 201
44525 44425 239
45139 45239 239
35132 35232 249
45970 45870 208
54388 54488 216
85484 85384 258
7409 7509 239
5081 5181 179
169038 168938 334
52654 52754 247
106643 106743 204
66613 66713 237
25169 25269 233
37291 37391 262
173973 173873 303
208208 208108 280
152323 152423 264
220512 220412 324
123274 123174 243
149163 149263 202
169794 169894 259
250478 250378 200
134823 134923 269
254806 254906 257
71983 71883 219
67069 66969 268
319648 319748 278
197039 197139 236
242889 242989 275
239069 238969 350
339413 339513 229
247210 247110 257
165311 165211 215
408141 408241 237
182496 182396 316
173898 173798 228
413483 413383 237
216507 216407 324
144874 144974 251
93389 93289 284
30708 30608 241
392635 392535 255
203027 203127 311
41183 41083 213
494157 494257 196
463806 463906 307
37177 37077 262
194404 194504 267
491791 491691 258
27427 27327 215
193917 193817 298
458061 457961 232
332928 332828 229
381318 381418 286
469955 470055 307
206012 206112 249
410934 411034 312
254707 254607 226
454409 454509 232
321792 321892 247
639574 639674 279
633345 633245 248
386308 386208 330
461268 461368 263
319194 319294 234
6673 6773 182
373405 373505 286
468657 468557 276
31510 31410 285
205410 205310 192
111163 111263 261
514017 513917 346
779188 779288 300
724245 724145 243
72406 72506 219
730621 730521 413
405789 405889 237
61436 61536 286
338217 338317 291
687793 687893 440
103209 103309 204
100160 100060 235
876504 876604 326
150836 150936 233
569078 568978 240
70742 70842 219
79018 78918 214
82085 81985 245
175174 175074 241
711742 711642 274
497434 497334 258
568972 569072 240
8704 7704 252
3820 4820 215
10029 9029 260
39568 38568 275
21348 20348 256
4045 3045 238
3456 2456 217
47976 46976 314
45145 44145 314
19808 20808 274
27506 28506 259
92866 91866 302
123398 124398 318
52851 51851 340
92249 91249 333
42334 43334 257
55940 56940 322
52127 53127 340
103092 102092 310
100657 99657 341
157069 156069 383
164286 165286 334
43818 42818 257
29585 30585 272
140070 141070 344
10267 9267 242
161779 162779 339
30571 29571 272
112993 113993 292
121596 122596 336
177622 176622 334
173592 174592 334
264387 263387 332
235431 236431 337
212478 213478 355
30667 31667 285
111774 110774 323
271565 272565 270
370254 369254 392
360592 361592 366
194453 193453 329
237282 236282 337
206646 205646 342
291037 292037 327
363745 362745 317
135286 136286 313
274368 273368 358
440716 439716 356
51976 52976 340
265642 266642 332
78435 77435 276
296975 297975 327
218034 217034 324
403898 404898 330
37428 36428 262
244773 245773 319
498175 497175 351
51334 50334 278
148229 149229 326
386695 387695 286
459838 458838 307
541753 542753 346
161046 160046 370
430266 431266 325
92906 93906 315
134019 133019 313
28613 29613 272
252843 251843 319
251724 250724 319
460729 461729 444
252979 251979 319
536949 537949 377
230025 229025 306
680957 681957 336
353413 352413 335
109960 110960 292
46459 47459 314
154565 153565 352
650308 649308 418
779140 778140 437
431332 430332 325
41883 42883 288
436930 435930 325
219915 220915 324
600243 601243 341
29212 30212 272
272080 271080 270
471805 472805 338
814428 813428 344
402448 403448 268
511890 510890 320
511797 512797 470
83963 82963 289
894393 893393 295
24710 25710 264
144205 145205 326
754377 753377 331
115828 114828 349
177595 176595 334
9307 8307 260
4023 5023 215
27408 26408 308
9415 8415 260
30607 31607 285
30364 31364 254
61194 60194 335
38343 39343 275
84294 85294 302
38799 37799 244
54962 53962 260
84299 85299 302
20151 19151 274
31304 30304 254
115471 116471 349
157241 156241 308
34271 33271 311
38521 39521 275
70630 69630 312
184330 185330 329
156531 155531 383
160103 159103 352
164518 165518 334
132681 133681 331
229037 230037 306
153935 152935 308
163932 164932 334
206216 207216 373
163289 162289 339
110524 109524 310
229361 228361 355
109670 110670 310
167978 168978 321
8673 7673 252
258479 257479 332
208927 207927 311
20242 21242 256
224643 223643 324
352686 353686 335
122229 123229 318
46938 45938 283
368058 367058 286
83423 84423 320
263428 262428 407
319053 320053 322
82832 81832 320
24059 25059 264
249987 250987 332
173955 174955 334
39263 38263 275
130595 129595 344
219227 220227 355
160487 161487 290
505953 506953 364
510258 511258 333
5182 4182 215
3954 2954 238
555762 556762 346
56361 57361 304
21364 20364 256
601684 600684 403
218471 217471 324
492371 493371 426
87785 88785 333
338888 337888 335
632964 633964 354
413251 412251 343
237488 238488 319
641770 640770 372
406477 405477 361
248889 249889 350
651039 650039 341
355742 354742 379
362069 363069 361
116086 115086 349
94162 95162 328
389074 390074 436
314678 315678 340
236447 237447 350
406667 405667 361
635895 634895 416
10490 9490 255
660998 659998 323
635051 634051 310
589665 588665 297
365562 366562 335
712972 713972 380
501493 500493 333
334402 335402 322
117113 118113 305
468690 467690 413
406117 405117 438
161184 162184 290
391276 390276 361
654503 653503 385
567217 566217 359
496237 495237 320
634331 635331 310
533997 532997 377
6990 5990 262
20515 19515 274
29248 30248 272
12297 13297 276
43387 42387 257
6321 5321 262
35211 34211 311
40488 39488 306
87328 86328 333
37207 36207 262
31064 30064 272
68081 69081 312
59492 60492 317
128250 129250 331
72043 73043 263
146657 147657 295
70518 71518 325
175111 176111 272
186424 185424 316
158207 159207 321
63015 64015 330
54215 55215 260
137561 136561 331
181473 182473 316
240139 239139 306
89464 90464 315
112602 111602 323
173779 174779 334
167027 166027 334
169224 168224 334
128770 129770 300
227158 228158 337
189831 188831 316
329891 328891 353
330257 329257 353
336497 335497 366
61490 60490 335
338677 339677 291
99325 100325 341
120925 119925 318
175456 176456 334
86006 85006 302
357514 358514 379
221444 222444 337
168899 167899 321
14942 15942 271
273758 272758 314
436297 437297 387
424678 425678 356
15498 16498 266
497967 498967 351
70001 69001 299
378704 379704 361
202095 201095 311
167891 166891 321
268318 267318 314
197750 196750 267
9096 10096 260
98969 99969 328
164518 165518 334
55292 56292 322
329844 330844 353
625416 624416 385
230496 231496 443
315805 314805 340
272243 271243 270
19810 20810 274
638443 639443 341
181101 180101 365
519575 518575 439
370701 369701 392
475753 476753 307
135637 136637 313
101360 100360 297
307990 308990 371
314987 313987 278
388982 389982 436
269785 270785 440
204604 203604 311
178598 177598 347
20685 21685 256
452366 451366 294
761257 760257 380
609395 610395 341
626147 625147 354
215739 214739 280
496878 495878 320
121558 120558 274
153499 152499 308
278434 277434 389
430807 431807 325
390684 391684 361
709318 710318 380
447585 446585 325
687526 688526 440
793079 794079 375
79601 80601 320
268346 267346 314
608882 609882 359
105 10105 262
6660 16660 276
19294 29294 308
9082 19082 279
31894 41894 324
8692 18692 279
6674 16674 276
2028 12028 268
79940 89940 333
54727 64727 335
61930 71930 330
96211 106211 341
1771 11771 268
98616 108616 354
27216 37216 324
9807 19807 279
96006 106006 341
46914 56914 340
12153 22153 279
120280 130280 344
33372 43372 324
122953 132953 344
120535 130535 344
18789 28789 308
114937 124937 349
189551 199551 360
64931 74931 325
94956 104956 341
15682 25682 282
46636 56636 340
309232 319232 384
118679 128679 336
275599 285599 389
307513 317513 384
263753 273753 440
245045 255045 363
49062 59062 340
82009 92009 333
333556 343556 366
270297 280297 389
49659 59659 340
307349 317349 384
84040 94040 333
97243 107243 354
315614 325614 384
103215 113215 354
41944 51944 314
139712 149712 375
115972 125972 336
16891 26891 308
133790 143790 375
26053 36053 324
347763 357763 379
453080 463080 444
393353 403353 405
471533 481533 446
503152 513152 470
434653 444653 400
187 10187 262
557255 567255 421
403669 413669 449
424625 434625 420
263786 273786 440
252932 262932 363
229287 239287 443
562585 572585 421
47652 57652 340
476208 486208 446
417534 427534 418
103649 113649 354
245045 255045 363
224863 234863 443
455346 465346 444
9101 19101 279
676212 686212 380
629486 639486 416
147746 157746 383
736645 746645 424
417102 427102 418
84743 94743 333
133305 143305 375
333680 343680 366
502230 512230 470
501837 511837 426
154727 164727 383
123382 133382 344
703140 713140 411
26649 36649 324
787096 797096 468
689167 699167 442
408450 418450 449
897530 907530 401
589420 599420 403
386654 396654 436
508043 518043 470
6798 106798 354
17414 117414 354
15931 115931 354
23400 123400 354
35933 135933 354
30893 130893 354
62772 162772 383
62812 162812 383
38917 138917 354
14264 114264 354
41120 141120 354
158 100158 351
46748 146748 375
76804 176804 383
111898 211898 383
73626 173626 383
5657 105657 351
129131 229131 386
99377 199377 383
190466 290466 443
88869 188869 383
150240 250240 443
67341 167341 383
79450 179450 383
13328 113328 354
119795 219795 386
220050 320050 443
6786 106786 354
130984 230984 443
262773 362773 443
236284 336284 440
247684 347684 441
5682 105682 351
8999 108999 354
112760 212760 383
142860 242860 443
214159 314159 443
189515 289515 443
199188 299188 443
307936 407936 443
139446 239446 443
48892 148892 375
204999 304999 443
23540 123540 354
294398 394398 443
75103 175103 383
23765 123765 354
264814 364814 443
166941 266941 443
63422 163422 383
16342 116342 354
514742 614742 452
528469 628469 452
512005 612005 452
423885 523885 470
452202 552202 470
413515 513515 470
351207 451207 449
240341 340341 440
312377 412377 449
581657 681657 449
439604 539604 470
57944 157944 383
391716 491716 449
254197 354197 441
557664 657664 449
124849 224849 386
222257 322257 443
116062 216062 383
146528 246528 443
468017 568017 470
241977 341977 440
295320 395320 443
430842 530842 470
581642 681642 449
25577 125577 354
394460 494460 449
328668 428668 449
660196 760196 444
338123 438123 449
163377 263377 443
27268 127268 354
42919 142919 375
741917 841917 525
461138 561138 470
479257 579257 470
46308 146308 375
606911 706911 449
72591 172591 383
789477 889477 525
