767415 378829 470
217533 392721 443
670513 476062 470
350198 888601 470
417987 159932 449
699859 269232 470
774733 79392 470
756214 546576 452
120280 137587 344
934149 959022 445
228791 670563 470
939459 34065 476
207758 706292 470
640393 567805 447
490048 777134 470
127480 951729 476
518183 544051 439
41485 605862 470
429345 721305 470
271901 999144 476
938644 644983 476
915436 268966 476
353900 750574 470
581770 562496 421
502586 971662 476
226047 60328 386
459853 270302 449
843394 844429 357
252913 430497 449
142246 688328 470
934120 676124 476
630654 967668 476
230708 673017 470
36134 533454 470
403739 956028 476
127734 338089 443
877078 655893 468
431764 657671 470
33618 568494 470
93874 218869 386
288000 656226 470
624523 224281 470
582896 100812 470
427317 444072 400
582206 425958 470
217728 639328 470
171203 980777 476
162556 888782 470
229535 636788 470
97146 83223 333
300580 840266 470
488394 401562 449
206948 760591 470
836580 883149 432
285467 887773 470
984346 2901 476
786209 171326 470
13999 104356 351
748444 462508 470
999286 999775 396
572035 169847 470
409942 326325 441
28144 673534 470
413745 364920 449
296531 932694 476
962927 245559 476
418763 305530 449
159402 927526 476
779570 856655 468
939046 551733 476
322468 885415 470
214862 341310 443
119051 441619 449
677401 744205 442
485064 959280 476
332971 817791 470
79427 596801 470
860600 585106 468
123711 73864 354
208500 376806 443
796380 141659 470
984380 153764 476
160622 727853 470
22138 512689 470
305704 159114 443
951412 899057 476
193204 799162 470
145077 686070 470
322921 677136 470
535854 317515 470
43484 4828 324
482342 969929 476
644642 116964 470
285551 189822 443
690389 50680 470
137106 28399 354
377907 349440 423
695505 4914 470
247958 820720 470
294579 561157 470
128637 690527 470
823677 847055 419
508829 256316 449
559846 31453 470
149270 225094 386
560592 928702 476
936584 522138 476
381030 527966 470
156046 723310 470
532928 185740 470
285585 176483 443
902084 822693 432
428409 388678 449
225421 255460 443
954434 910556 445
707836 707580 274
884914 79173 470
814105 828268 450
55745 507208 449
162325 915114 476
847244 909730 432
334977 238791 407
516219 351336 470
793950 623634 468
483119 906553 470
709372 970450 476
736802 19512 470
759037 808621 468
126686 753904 470
863432 476890 470
42773 257499 443
375626 422224 449
275195 704591 470
440909 169867 449
895249 723545 468
436417 984669 476
816133 109772 470
149403 673676 470
552008 726682 447
348126 81002 443
178788 458912 449
922529 978587 458
889252 58408 470
874842 696133 468
848395 932645 476
485525 580980 470
836332 948532 476
259369 332197 407
13281 728084 470
131472 305426 443
514335 550530 452
474514 936540 476
860981 161867 470
5553 232625 443
356812 501391 449
347760 358534 379
343007 833393 470
646438 694604 442
681837 543903 452
655741 556320 447
375702 883946 470
166873 753063 470
832209 33566 470
445349 614848 470
288118 752200 470
406712 181057 443
80887 329795 443
562486 92951 470
531821 66055 470
253195 764291 470
325245 847562 470
665457 981025 476
535071 172090 470
576030 179266 470
302755 921726 476
970366 172907 476
417425 492512 444
473031 240307 449
258342 582870 470
401202 818019 470
465997 37644 449
491386 469411 382
707238 610698 447
61769 581347 470
215005 264010 443
776665 379321 470
650728 188077 470
410087 320993 449
668317 874200 468
83697 24329 351
160489 670047 470
335868 232073 407
353066 69186 443
165098 371739 443
15784 57412 340
750966 512317 452
508488 752007 470
280794 589182 470
28471 84088 351
152539 879044 470
507248 476644 426
24712 576312 470
17048 624754 470
114504 885732 470
646246 221625 470
362759 21534 443
632637 408955 470
208114 73679 383
800395 751402 468
911138 653020 476
895774 736569 468
545986 493163 470
319229 228717 443
987040 489100 476
52216 953481 476
952970 330629 476
333942 642305 470
82997 833281 470
276296 527322 470
508349 432829 444
344982 565898 470
818062 678764 468
594950 294820 470
431349 817785 470
841609 585854 468
465188 691912 470
203023 202095 342
64186 214208 383
496610 327263 449
201277 481291 449
441757 910142 476
492643 71177 449
790240 208353 470
110824 377011 443
270599 825975 470
644391 105970 470
143673 541266 470
9945 714256 470
875832 712234 468
689997 303106 470
856909 601436 468
860868 180939 470
821061 973010 476
552841 649412 447
731169 406056 470
499583 314885 449
611341 354557 470
427979 89016 449
47620 630433 470
424676 993903 476
84258 295725 443
492955 519134 470
335847 11749 443
758515 820428 468
220649 407514 443
604665 763982 447
151119 394650 443
721756 44003 470
967504 670298 476
383836 112835 443
897257 47491 470
762699 320478 470
849754 60306 470
809459 789864 468
323333 743359 470
975737 503055 476
642895 281583 470
539648 272327 470
381211 592931 470
819457 332081 470
434797 805529 470
846276 396115 470
784993 245620 470
477182 297297 449
994563 556870 476
360760 195917 443
992672 920344 458
829287 389121 470
105600 666867 470
388645 322844 441
991717 639720 476
189541 551328 470
507935 918492 476
38914 119683 354
828897 717212 468
529289 220835 470
644562 296319 470
582289 336129 470
633232 487079 470
311655 113334 443
170102 38396 383
597456 630579 447
88142 510287 449
484448 733252 470
559702 482537 470
262705 615230 470
313908 875573 470
425769 32193 449
800671 459880 470
594641 135489 470
487518 774542 470
251597 324315 407
354236 735087 470
273826 918783 476
287989 195494 443
105538 618497 470
827161 607601 468
659486 686224 398
784186 750122 468
267347 339840 389
156722 500776 449
231555 360584 441
27314 850145 470
510198 953565 476
35308 619613 470
315203 476927 449
457907 356554 449
983677 705992 476
678407 527668 452
11257 250191 443
464562 953535 476
179705 408682 443
706367 226053 470
281929 727979 470
165491 527949 470
104479 435656 449
761434 24200 470
781081 520564 468
151133 561583 470
709918 396593 470
727656 706115 411
952424 352003 476
216957 227974 368
687846 242720 470
437441 674731 470
478090 930093 476
678396 636482 429
28158 608814 470
539594 632497 452
849665 623260 468
920851 66753 476
227407 163630 386
565175 429904 470
412034 512420 470
641751 83440 470
772345 98663 470
748438 474747 470
236009 825716 470
212991 314105 443
585987 380945 470
991764 189841 476
206585 247585 443
913712 254299 476
63161 555963 470
131015 8607 354
591727 815188 468
819213 227687 470
903355 878566 401
859874 928879 476
315426 798475 470
960717 974457 458
625900 469461 470
18620 443184 449
93836 651194 470
887723 332058 470
484249 3415 449
742594 823292 468
885416 81549 470
745851 912671 476
883749 255683 470
587554 14689 470
511444 598813 470
781000 36212 470
869847 720327 468
946087 651156 476
944293 891746 476
638475 978290 476
761507 255851 470
620053 503633 470
450834 335695 449
628689 501758 470
15454 278785 443
955561 578260 476
171135 971318 476
16639 579421 470
190401 272203 443
900801 546030 468
556900 553032 421
20851 730723 470
91800 932729 476
201833 970244 476
169457 277881 443
719436 636820 442
747360 229003 470
479144 284041 449
32301 805914 470
952938 769330 476
829031 510852 470
46061 680303 470
380278 646155 470
16082 145603 375
325634 983343 476
621819 802726 468
147543 370997 443
242544 992453 476
25434 417559 449
588835 912417 476
828369 595460 468
819745 699879 468
550439 848847 468
28412 56699 340
859769 916721 476
838623 810816 450
233755 703165 470
135773 359314 443
356199 620178 470
677131 778685 468
604718 813856 468
404680 346877 436
483692 832519 470
877947 162200 470
353122 850215 470
191455 906410 470
584126 188297 470
648283 908732 468
974646 818312 476
507153 640762 470
316655 802855 470
121148 167356 383
544540 873838 468
744603 805665 468
648838 539550 452
344492 25726 443
913620 414960 476
508115 888498 470
621656 382287 470
549751 234984 470
351338 907796 470
518318 93804 470
49314 412743 449
770998 218543 470
799024 818336 406
524014 4817 470
523986 266708 470
226408 728186 470
199482 367154 443
750910 131633 470
601248 259813 470
659504 946482 476
293928 927905 476
119096 683607 470
578199 649173 447
149050 827644 470
889060 223393 470
528671 797688 468
406420 912855 476
320421 621573 470
553278 647858 447
131395 294470 443
553689 92502 470
143003 172065 383
974939 555783 476
954004 85208 476
239613 653168 470
641688 589391 447
776176 367465 470
875989 721243 468
597992 790331 468
108207 787117 470
824442 619137 468
967430 341162 476
795543 517539 468
507608 17612 449
398442 682612 470
823482 214175 470
158298 801162 470
463565 503430 426
985401 455400 476
808872 421648 470
150086 693692 470
89689 458105 449
134636 585604 470
517552 533940 439
429156 473500 444
201942 194296 360
316107 64492 443
195691 501890 449
103838 870034 470
202765 76638 383
989765 43810 476
154481 738320 470
109555 399664 443
439086 726683 470
557147 745947 447
991937 693079 476
537479 104875 470
387648 221749 443
924587 203467 476
522529 530771 408
5071 914710 476
800900 651634 468
135622 56106 354
639274 879201 468
541790 172340 470
720629 123184 470
645658 300304 470
692020 988506 476
962230 329655 476
405610 254641 441
481881 397116 449
952621 347697 476
639221 116558 470
761353 570730 447
59154 726159 470
756963 837382 468
615149 149337 470
994569 598252 476
104570 868887 470
39518 603112 470
185507 396208 443
982164 827489 476
667993 861603 468
162053 789038 470
73892 775822 470
26564 157993 383
673831 722854 442
744031 744471 318
618576 985466 476
848341 897265 432
982926 322183 476
881676 778712 468
315398 1397 443
394260 215649 443
802979 177498 470
366386 834757 470
558345 270656 470
612404 372705 470
908412 681477 468
33514 216316 383
746339 803139 468
637041 141118 470
98549 306393 443
758666 330415 470
668797 226069 470
62141 470817 449
627188 548728 447
911957 797808 476
640507 407175 470
318625 659505 470
450079 870406 470
689165 88170 470
174684 925819 476
565464 836936 468
280494 710029 470
44555 304751 443
773648 115701 470
121334 383271 443
786504 982445 476
615205 659179 429
11906 547358 470
907177 841442 432
73493 544418 470
143493 467102 449
434014 406944 449
885608 455053 470
167157 673911 470
147792 680527 470
492036 544088 470
314305 357719 441
966762 251578 476
363900 962176 476
854504 656440 468
536973 277746 470
820856 590404 468
230888 771181 470
138797 526603 470
160367 281761 443
237002 378345 441
495577 936012 476
67450 166247 383
314240 982067 476
840811 638723 468
371469 998209 476
310086 540156 470
933939 941871 445
991460 662640 476
51670 706305 470
264221 305076 389
930166 956141 445
760055 930533 476
738492 56188 470
48257 757634 470
396667 568606 470
78918 659360 470
918803 881116 476
788664 18939 470
701755 19306 470
174766 537220 470
685349 58753 470
694260 491488 470
763831 358232 470
647594 485538 470
100503 384615 443
981014 924954 458
627743 519055 452
374534 454775 449
605848 562153 434
46103 989584 476
809886 484537 470
16136 303219 443
892635 736759 468
562958 598842 434
751430 578636 447
96491 283957 443
219269 312851 443
862271 468448 470
170401 415724 449
190132 988110 476
139581 168260 383
769529 852942 468
265196 722066 470
550041 539988 452
484342 401492 449
793833 934501 476
757465 107203 470
134234 686499 470
462526 767416 470
900401 957909 476
801922 818543 406
53411 287245 443
797928 282694 470
313686 969750 476
575971 360307 470
83060 660269 470
300337 60570 443
297936 3628 443
706076 557746 447
655736 406079 470
584283 747380 447
439346 545751 470
441906 750991 470
941718 864714 476
503845 938002 476
12038 616426 470
146411 969173 476
142446 17977 354
865994 322780 470
728306 725914 349
808174 249246 470
350854 574644 470
372556 690899 470
870811 714808 468
69115 171009 383
763513 30729 470
456827 885609 470
50352 414881 449
966998 739628 476
27499 864749 470
379535 294788 441
683607 5090 470
137310 793208 470
699117 134254 470
866147 187303 470
371542 46340 443
158203 332286 443
436624 756480 470
680652 27913 470
19970 627822 470
462301 553729 470
750892 509147 470
817970 201373 470
170274 658969 470
929823 557273 476
713416 969045 476
167312 877798 470
589110 779451 468
691360 762152 442
465248 365929 449
948822 376000 476
963673 958273 414
709481 624051 442
57285 267577 443
113463 490508 449
901570 819323 450
338551 346099 441
949349 86587 476
249851 181945 443
132060 3438 354
22216 96428 351
848058 436306 470
769558 656513 468
69580 230188 386
233587 431332 449
52921 584570 470
913482 885457 476
865531 425275 470
317095 851246 470
55509 914325 476
125755 969779 476
450165 600379 470
30399 50966 324
133033 13375 354
738283 900304 468
167007 715534 470
68055 261726 443
903480 46295 470
885633 31839 470
623889 918261 476
781679 99679 470
771716 950796 476
27503 83207 351
312382 535299 470
934917 713828 476
851949 880478 432
190861 862444 470
33092 33433 236
477155 651492 470
844796 266556 470
263441 647703 470
873041 236003 470
32309 45540 324
18424 978780 476
277555 146929 443
887343 206750 470
92921 284723 443
199375 597479 470
47479 129577 354
662888 674485 398
949655 826131 476
94939 76060 351
655400 22650 470
434805 273490 449
802221 883947 450
986448 20472 476
785723 251655 470
438931 163217 449
750363 787461 468
191020 537760 470
425185 529278 470
96655 753914 470
548296 743971 447
996681 627451 476
313762 839082 470
482302 303834 449
410978 688218 470
224306 240950 443
748832 411611 470
223881 677688 470
739174 875632 468
90423 496645 449
938419 504886 476
461604 434970 444
92319 989148 476
219312 955418 476
6071 114249 354
396965 973935 476
380697 821909 470
750670 371742 470
639623 405996 470
543970 995255 476
609989 8573 470
286029 46930 443
232111 631905 470
327653 909077 470
178760 632246 470
104424 779428 470
524479 287571 470
853927 591382 468
973856 278593 476
690780 910494 476
557316 808177 468
113471 891555 470
977345 129610 476
553465 33902 470
718378 650 470
968161 187742 476
87461 738932 470
341686 403595 441
112132 432715 449
173706 755885 470
277996 631092 470
97589 271445 443
252162 134078 443
611937 933364 476
507661 778690 470
59733 606273 470
241832 622086 470
36854 876587 470
951503 153174 476
305927 582954 470
652271 405118 470
298942 304287 371
487586 211151 449
807500 121687 470
638384 709566 442
962905 241682 476
103176 438606 449
425503 508419 444
959817 844025 476
667583 601220 447
398506 813534 470
612517 936308 476
681329 255084 470
682075 46188 470
825934 332323 470
543474 907213 468
352301 838015 470
711837 73624 470
590542 633786 447
293666 877139 470
398352 621853 470
626017 95884 470
747374 240242 470
694259 136281 470
634895 617979 385
269290 359936 441
483674 175938 449
828359 679662 468
38289 593916 470
893993 70286 470
651101 880303 468
978329 723938 476
891735 937885 476
352576 255446 441
758282 750819 424
418864 652814 470
829549 344616 470
194431 481158 449
966081 805814 476
110451 559542 470
56557 531039 470
589404 342068 470
844030 487514 470
747035 348882 470
283630 504244 449
709992 274035 470
887892 676437 468
333080 402262 441
676430 627050 429
689321 567485 447
6544 72776 340
454242 26587 449
726739 700109 411
304343 881128 470
742541 668501 442
62814 851787 470
120796 298100 443
188371 447215 449
591698 556493 434
893998 13172 470
836477 642240 468
546634 536314 377
733077 464353 470
407524 167706 443
280598 140460 443
564049 713220 447
730557 923589 476
443088 676631 470
794389 635952 468
14829 79187 351
11887 187846 383
597513 453934 470
918496 158647 476
965085 363991 476
368764 461936 449
185445 673058 470
1332 556327 470
917767 154574 476
360841 676108 470
557925 448309 470
121069 627166 470
799214 92452 470
231160 581969 470
331793 582625 470
582060 818184 468
482680 53812 449
398236 906586 470
81487 953835 476
833708 21332 470
180674 911114 476
441138 10885 449
290243 889656 470
49452 873729 470
328168 938688 476
914949 477686 476
622091 147773 470
73247 810386 470
304607 506648 449
577752 942991 476
43321 175059 383
471315 298964 449
240874 553745 470
436109 277432 449
907446 145797 470
800318 767658 468
916704 719447 476
656105 920552 476
512030 396796 470
687875 105233 470
103081 125416 354
982109 174479 476
761137 236642 470
454899 200115 449
312575 997936 476
203839 190949 360
883350 734510 468
69523 35827 340
160112 242490 443
317226 659179 470
352956 624837 470
567766 413657 470
398829 65734 443
641745 141877 470
424288 66694 449
51160 556770 470
263995 537502 470
781731 218801 470
226338 19697 386
962807 829751 476
974166 146187 476
391389 290432 441
580563 60790 470
124385 899841 470
920934 39253 476
646228 61239 470
610373 415012 470
380601 557694 470
448861 106216 449
151470 873843 470
990904 538363 476
192133 232834 443
647487 915101 476
28602 776446 470
356261 161234 443
897793 869779 432
517517 491270 470
720580 314232 470
177381 480102 449
991312 716681 476
584026 950778 476
461677 85191 449
233435 447315 449
332605 485587 449
882666 920811 476
53734 681939 470
473412 831106 470
495026 769399 470
329522 348679 441
791867 428377 470
389856 254304 441
318803 61245 443
573941 960142 476
775151 824759 468
354808 747759 470
954211 141363 476
252055 913382 476
304965 516392 470
723072 403143 470
154960 861575 470
419439 785568 470
476465 265781 449
699922 148582 470
819583 632978 468
988489 275994 476
419136 496030 444
976496 734628 476
569808 951044 476
446205 150256 449
315327 940343 476
580452 482022 470
764817 476059 470
148966 117333 375
894036 390216 470
773628 640435 468
251308 20208 443
220887 368660 443
412828 402771 449
93741 576415 470
945732 888471 476
479982 250193 449
221357 528233 470
744773 870214 468
17929 16361 279
896736 963812 476
459003 113354 449
201189 82152 383
720221 111069 470
903762 338710 470
370024 849080 470
122078 507852 449
292725 859111 470
184152 181502 334
49019 9014 324
677478 488198 470
158618 808684 470
462888 161205 449
985968 199794 476
102781 999860 476
242261 346009 441
260836 483924 449
