1 999999 525
1 1 1
999999 999999 259
999999 1 525
261853 570779 470
922047 401342 525
211349 389280 443
999033 351011 525
377022 896632 525
642683 977703 525
251210 603941 470
78586 637686 509
351563 531288 470
145118 284730 443
818832 405773 509
934018 235237 525
507567 49438 449
928300 284579 525
433046 661505 509
57787 883056 525
795934 164907 509
182930 350735 443
732793 169762 509
131857 270244 443
316771 822977 520
331559 677481 509
720989 773862 468
976120 412243 525
885139 177316 525
511465 406228 449
33567 774742 509
278037 793868 509
905228 715696 525
335670 807573 509
270815 530050 470
116400 403009 443
250776 900935 525
532811 454415 470
378960 842930 525
606703 180883 470
464516 847357 525
455462 442022 387
350088 872889 525
526117 542814 441
38635 747919 509
615418 877496 525
334374 306068 384
683887 124841 509
782392 870695 525
846586 397475 525
660314 421010 509
243745 46401 443
928559 981920 507
804302 229612 509
661939 98019 509
545683 401094 470
755203 258049 509
744839 45441 509
620886 652465 509
84608 978625 525
944875 293108 525
686366 570502 509
444663 374137 449
526468 319628 470
997855 656574 525
828400 687539 520
159115 714164 509
901603 347160 525
858994 905462 432
867960 936920 515
980751 189989 525
121869 353419 443
755129 901187 525
202675 173194 365
625043 912506 525
236821 87084 443
333789 33937 443
17500 490334 449
33933 103019 351
832049 996626 525
813412 146446 509
325250 849764 525
49670 764460 509
610358 937274 525
82503 31948 351
637011 988173 525
920111 532653 525
317142 276030 422
298604 294666 358
709071 435398 509
177148 113090 383
998023 251748 525
456150 251010 449
321600 129073 443
789077 637732 507
575867 559454 421
179622 941624 525
187020 392972 443
972763 650554 525
366018 356583 443
170854 578230 470
328338 237825 440
128912 748868 509
599847 566454 434
326408 833201 520
34093 639774 509
925337 251438 525
36425 977427 525
293094 529530 470
204203 161618 365
611385 244699 470
370907 894061 525
879461 541930 525
109266 682290 509
619686 308957 470
153695 977963 525
780719 279398 509
599805 105286 470
381089 115515 443
244791 82809 443
433327 578389 470
815074 776362 507
465723 254316 449
160109 790946 509
865405 671101 525
332643 124029 443
289558 195269 443
200098 913181 525
461599 996363 525
432888 94447 449
301448 464304 449
926832 98124 525
41506 526997 470
62651 834973 520
826372 826105 269
667154 340665 509
164502 43763 383
404045 820727 509
92946 766995 509
476959 500047 446
105016 102162 310
32212 356359 443
538051 802003 509
186518 664486 509
709322 790657 507
566661 649571 509
129711 766483 509
885981 774060 525
652039 167827 509
976618 224348 525
585921 363293 470
928143 296768 525
217574 562876 470
484943 424198 446
761531 285160 509
373799 913986 525
587015 906616 525
343751 910247 525
329438 582840 470
3487 75300 340
257315 675876 509
573890 607885 434
804953 713168 507
658760 675772 398
759321 479578 509
700146 82991 509
304845 542619 470
495467 655073 509
956897 119888 525
90847 672279 509
547632 552849 377
762222 5370 509
565086 221334 470
443770 763705 509
578126 154693 470
701418 331919 509
231097 47980 443
537991 929225 525
103370 311414 443
373930 361064 392
111042 81158 354
246187 521984 470
429452 505711 446
186189 768738 509
437486 972788 525
103521 804128 509
570537 653661 509
809214 533597 509
183517 130274 383
203861 427159 449
808141 882399 525
883632 563796 525
345135 664637 509
124932 992637 525
505039 829698 520
738718 937449 525
509508 235028 449
929024 125795 525
150954 249916 443
134924 538546 470
924012 897401 476
158557 533702 470
961052 923493 515
842816 93931 525
662313 180757 509
856608 65943 525
813550 351255 509
74013 974452 525
717574 471026 509
906014 371151 525
756621 4430 509
688359 143088 509
343524 90281 443
564977 869954 525
89208 214461 383
103474 790439 509
470329 63577 449
308583 458301 449
671277 979250 525
175028 28657 383
489048 323411 449
319754 347123 441
219114 32337 386
216627 335418 443
611234 298832 470
900041 173889 525
767874 104638 509
975978 106604 525
51686 80616 351
738987 285847 509
539400 106368 470
260279 706263 509
400311 588069 470
219355 516159 470
751504 358890 509
34260 929019 525
493699 50750 449
626534 853361 525
882629 502324 525
203858 562063 470
660695 533599 509
977095 930015 507
208476 300363 443
669234 219717 509
412688 189203 449
79699 700265 509
347165 24342 443
26853 885613 525
678783 663349 398
821235 611141 509
511991 584269 452
348256 698093 509
916892 900762 476
898271 841017 452
151027 827985 520
926620 114827 525
168236 910211 525
517775 37567 470
443577 141840 449
573143 743019 509
484706 276103 449
93793 457400 449
967367 106618 525
839964 121610 525
293532 928521 525
259533 616653 470
837315 924314 525
204082 438506 449
145725 747831 509
846520 859447 452
320631 577590 470
105329 875368 525
778319 538372 509
588422 626543 509
253252 770983 509
3320 429183 449
911982 605739 525
302806 911873 525
471512 461651 413
708798 334483 509
642116 541582 509
864240 117761 525
960870 291574 525
25481 412545 449
779571 150839 509
107298 69986 354
713764 808853 507
438522 543262 470
960003 582240 525
955710 835661 525
163516 374065 443
320865 722142 509
262453 748824 509
978820 555180 525
177481 353284 443
151703 140931 375
829371 99794 520
940698 793991 525
511776 917257 525
570680 126126 470
525448 913198 525
102186 308247 443
597065 889535 525
651274 376764 509
350177 252932 441
744350 721947 424
290772 86579 443
730487 784811 507
439252 29395 449
133003 863809 525
967611 221152 525
151448 339811 443
719527 329896 509
374569 700130 509
669542 617245 509
173514 388868 443
817557 660445 507
942602 669700 525
738227 987121 525
290048 633858 509
196968 436984 449
460124 521191 470
394915 2539 443
805496 542426 509
297168 917773 525
296667 637349 509
452483 227477 449
398906 292727 443
869983 206836 525
379374 583883 470
112392 905553 525
678115 332340 509
263104 128108 443
347756 668821 509
311634 552337 470
546686 935609 525
42718 199746 383
766838 737162 424
552079 129020 470
990130 515443 525
799126 199754 509
825843 688489 520
249695 389187 443
722365 952687 525
559799 944927 525
975041 722466 525
152118 385793 443
405335 933420 525
351438 74899 443
468537 196447 449
458023 444729 387
273949 648345 509
937130 515688 525
859228 666120 525
461087 45620 449
590186 798661 509
25657 532399 470
621049 667269 509
378478 998071 525
808563 658237 507
181448 902743 525
713283 40436 509
626377 981942 525
513157 431800 470
479797 132022 449
32036 461536 449
423817 549731 470
217949 845069 525
155494 226899 386
40350 404818 443
719986 609713 509
318083 639756 509
471981 218768 449
778540 510334 509
642513 814010 507
224088 751739 509
372730 585760 470
980653 428318 525
312517 115197 443
173163 468479 449
702727 544012 509
383220 662593 509
552350 78430 470
426423 884672 525
6731 431019 449
354048 922720 525
74083 832139 520
207112 81700 383
39298 111662 354
208403 341762 443
392937 764276 509
798991 180337 509
148468 904574 525
538994 263846 470
414739 347991 449
148994 433224 449
488768 748612 509
875425 452287 525
108533 589662 470
684415 896809 525
832383 62162 520
38992 98234 351
566872 698189 509
653018 68625 509
601891 208675 470
333621 225907 443
365017 888182 525
289225 541472 470
187513 738114 509
558037 357453 470
682360 541090 509
405827 523975 470
744819 729590 424
345202 111167 443
408416 34035 443
352746 14192 443
458007 967160 525
437452 963423 525
523753 237820 470
529808 509826 470
385728 155565 443
494289 526614 470
312563 663902 509
401403 820359 509
539711 395377 470
850125 733361 525
652223 670657 429
835057 313566 520
392096 994293 525
459786 316031 449
733644 366522 509
660667 937429 525
54624 132570 354
558566 386404 470
260182 324563 440
485779 297022 449
113442 779895 509
483863 454957 446
604703 734251 509
47142 430595 449
895285 954254 515
984421 128955 525
137062 829427 520
534278 527762 377
757635 248125 509
927451 653014 525
433364 903494 525
247836 835456 520
617197 218101 470
644895 273094 509
705009 67917 509
638673 252251 509
651811 867731 525
928143 51336 525
185983 58975 383
133065 693777 509
322734 952023 525
305863 936424 525
822446 983462 525
104573 550455 470
895926 9164 525
309710 1073 443
925256 702680 525
660936 640881 429
906192 38513 525
954375 664636 525
770368 659994 504
800867 314445 509
908965 937499 515
993875 671731 525
443587 218607 449
864972 16966 525
780881 160154 509
43256 4251 324
444409 913748 525
256279 725401 509
349920 383412 443
7577 936226 525
682502 107597 509
980471 524998 525
489906 290198 449
380425 565650 470
311598 755886 509
622869 366583 470
266973 522309 470
50282 74573 340
852175 651469 525
995058 760024 525
362140 39429 443
963822 303693 525
395201 801848 509
745385 20495 509
633038 977149 525
351747 921566 525
404515 605595 470
218385 210887 386
236829 746235 509
824295 590660 520
810483 531899 509
749974 587948 509
48319 214344 383
798123 972955 525
558327 801170 509
934663 980626 507
870779 889891 432
364438 544681 470
477053 579114 470
229581 973492 525
97913 809023 509
69141 864779 525
828292 738291 520
98991 598999 470
916031 455910 525
443130 197835 449
137196 262454 443
231984 597404 470
357072 344377 441
416013 341254 449
95076 574361 470
756414 677980 504
26939 385113 443
433480 506542 446
114614 82459 354
466501 65287 449
508490 366319 449
446672 895315 525
544643 25489 470
301889 382925 443
13608 161509 383
321372 620809 470
331559 657608 509
607656 211889 470
711904 745204 444
838867 78463 525
783200 962159 525
301369 807249 509
996405 724201 525
594753 245510 470
111072 209273 383
520498 339112 470
173417 906478 525
551407 382685 470
375013 420631 449
503978 365704 449
403757 996623 525
378696 87551 443
2822 192446 383
971451 140997 525
889074 938031 515
747733 788516 507
804535 590356 509
280373 749229 509
695459 695818 336
601132 716748 509
921878 325117 525
822160 711402 520
565867 81343 470
711300 348018 509
7576 471120 449
563698 585161 434
787371 365761 509
419026 119616 449
347482 882754 525
901580 546170 525
488148 921678 525
339559 803249 509
848656 3865 525
223482 77164 386
760075 695068 504
145801 308680 443
33897 854762 525
643056 972370 525
132528 235240 443
269933 321604 440
287214 872395 525
876086 999976 515
714612 504137 509
968429 84531 525
505005 204062 449
726072 151217 509
611642 511706 470
368006 347192 443
85960 54754 351
489340 641719 509
325823 832650 520
451230 741481 509
808752 603671 509
236919 59852 443
646300 297982 509
737323 851493 525
792613 913018 525
549539 957605 525
649175 882824 525
544162 117086 470
804471 722311 507
174151 938076 525
621610 783950 509
155913 72732 375
947753 990001 458
35575 969545 525
420777 841504 525
85711 45767 351
168568 970350 525
191038 446480 449
319339 768210 509
779427 953710 525
54576 302112 443
676574 132496 509
267676 7438 443
757897 62125 509
128503 488097 449
815560 152930 509
79074 280866 443
40185 986021 525
931461 392303 525
342068 345532 353
852858 816849 525
583841 239232 470
317066 574554 470
531025 29621 470
984599 512355 525
917566 184165 525
237607 478253 449
631558 289317 509
184702 104135 383
30024 155952 375
442966 356775 449
97652 302154 443
154202 650922 509
954254 287153 525
158717 150394 383
616588 876783 525
58255 640910 509
807608 259645 509
505806 523525 470
89200 214419 383
73600 764172 509
781453 878230 525
250306 288894 440
488250 937292 525
365113 10990 443
561644 983008 525
888535 840467 452
40554 430281 449
287289 29356 443
437540 428455 420
961875 934409 507
914890 860238 476
441092 742453 509
6390 380263 443
447757 608414 470
79154 545766 470
24113 449112 449
73781 559270 470
709192 251561 509
790487 383719 509
884472 19968 525
773597 714369 468
928628 647956 525
621485 79044 470
358335 758279 509
930325 42980 525
500879 293349 449
823024 813107 520
311771 870727 525
464886 515202 470
28843 172233 383
634305 800463 507
470963 340408 449
480927 522279 470
421851 732323 509
426968 197437 449
122771 406067 443
566476 134916 470
570999 772244 509
403887 237778 443
127665 293153 443
212526 362630 443
295996 7715 443
756048 724896 424
137334 509755 449
138022 834597 520
898382 633355 525
629916 729826 504
620665 404433 470
421516 670823 509
766041 613302 509
196723 761210 509
660951 622582 509
98080 29778 351
230953 795393 509
51185 128078 354
217634 126717 386
426132 954668 525
25109 2522 282
771684 483967 509
102394 499193 449
458629 682968 509
241486 96443 443
472697 964379 525
451842 24011 449
7360 581401 470
918406 531871 525
571416 991302 525
383650 956665 525
882085 639662 525
628858 41931 509
619419 442197 470
160464 911944 525
420864 184741 449
247005 526856 470
628901 113287 509
124397 670287 509
987931 21972 525
621619 26200 470
222738 632145 509
277540 172621 443
206809 801924 509
961190 996541 458
483966 340094 449
640839 850071 525
760524 736673 424
806345 470133 509
857276 102828 525
848 662950 509
897027 709242 525
541296 919663 525
300854 571120 470
621914 731563 509
733412 691856 504
403494 261123 443
529599 968919 525
252183 678589 509
652858 678698 429
343415 135638 443
983850 255896 525
876843 809356 525
709860 262147 509
410547 597531 470
584628 691897 509
666129 31024 509
528126 171866 470
693010 811045 507
983077 131003 525
698463 319834 509
646225 48556 509
164779 297669 443
426737 890070 525
48073 891590 525
725820 115594 509
463016 777608 509
41470 656748 509
214944 120493 383
536426 195883 470
38773 259807 443
959225 478871 525
850415 863979 452
383602 668901 509
52452 492123 449
717706 613212 509
616888 410448 470
240605 645711 509
143547 588947 470
541376 447451 470
842981 588371 525
341328 748978 509
178670 308414 443
480605 920841 525
670161 617246 509
753882 30811 509
365246 806946 509
678621 451599 509
695160 93510 509
497927 957133 525
129488 164976 383
791650 292593 509
362397 652328 509
136575 138867 331
332454 25705 443
413155 557800 470
393167 503419 449
215526 104199 383
186901 844533 525
74824 418035 449
310460 580991 470
178133 374707 443
147128 942789 525
574562 516164 452
216421 944301 525
869815 538110 525
182114 780535 509
147894 553325 470
847271 289972 525
298354 837395 520
246823 591385 470
170450 39408 383
999886 995729 396
499777 486763 426
892072 322724 525
853890 746182 525
255807 304540 440
275218 429913 449
922417 838055 476
765756 80102 509
599257 674075 509
645460 35479 509
753678 150206 509
186923 821618 509
216914 695354 509
620595 931678 525
351660 376793 443
61166 72279 330
485262 40546 449
219484 118462 386
781090 361085 509
811495 350785 509
372826 751797 509
718592 675308 504
150833 526989 470
571740 908285 525
628214 96339 509
230231 403753 443
999680 731907 525
463381 530891 470
622261 721643 509
717967 209013 509
980324 889379 515
719559 867971 525
735425 803981 507
231250 193273 443
409977 331523 443
305965 149979 443
825893 210665 520
804019 365597 509
463087 917731 525
4038 187755 383
400911 903014 525
801564 410611 509
757807 37536 509
315393 438114 449
667535 293037 509
666408 460816 509
455618 418030 420
618838 252314 470
594126 723511 509
488960 937773 525
155391 540667 470
266561 782227 509
32161 252932 443
124709 916585 525
573614 741160 509
943994 969771 447
589237 435431 470
648453 101227 509
11909 570924 470
657749 93875 509
77204 870072 525
369433 559180 470
803360 908772 525
690864 979915 525
316018 120843 443
973057 141216 525
692914 80337 509
734825 169902 509
110118 393067 443
584399 41531 470
923498 404093 525
507861 733930 509
993141 518258 525
833304 286073 520
172697 754142 509
216612 797332 509
326644 870278 525
351415 482317 449
615776 481685 470
350083 965656 525
538913 466399 470
443278 142112 449
93571 847345 525
30001 463631 449
378450 601450 470
215159 834613 520
829867 573847 520
140780 512627 470
179395 73094 383
724260 454653 509
69262 16514 340
727761 719828 444
334989 408747 443
43768 603380 470
397638 548735 470
204525 301277 443
36978 938853 525
215545 38823 383
649247 561153 509
946816 675472 525
268574 360617 443
830940 174974 520
980670 619924 525
649975 241863 509
521272 303652 470
258585 684008 509
113193 50054 354
237006 641485 509
250095 598414 470
220939 185245 386
679001 513205 509
984193 732369 525
688893 687064 367
253258 114118 443
571146 512179 452
804580 699907 507
484257 455801 446
377340 938394 525
25545 633284 509
712166 398205 509
738392 230337 509
12876 116364 354
989110 100697 525
755474 588958 509
394413 214739 443
209998 893807 525
792942 449661 509
162891 282638 443
699257 150725 509
273311 51640 443
82630 204025 383
433805 379545 449
931456 85548 525
527559 558157 452
704155 879253 525
250361 5199 443
553890 207319 470
563303 934634 525
284990 621332 470
538437 638722 509
291927 947838 525
209409 295800 443
127247 158445 383
736580 462335 509
288872 313823 384
756040 287160 509
388573 10970 443
545706 559029 452
921040 5545 525
246602 971379 525
425903 600955 470
154283 293494 443
222843 620237 470
791443 393827 509
115825 202718 383
18229 702794 509
494395 644719 509
324192 66026 443
75351 579559 470
934830 184355 525
925342 467446 525
962481 489185 525
533256 780240 509
798056 915964 525
59659 817980 509
629248 295098 509
63445 627776 509
203134 414869 449
933259 376637 525
61657 329206 443
190378 850539 525
717261 276433 509
212135 593723 470
394455 41820 443
899156 534083 525
311268 952585 525
318058 858728 525
207986 292860 443
740719 307605 509
362020 4167 443
95143 363157 443
411796 985622 525
268088 271826 440
371167 345892 443
555944 676137 509
98552 878808 525
780048 516944 509
818075 131903 509
376902 387963 379
562843 560251 359
309038 774839 509
719468 261520 509
639868 666079 449
980534 178528 525
687823 176821 509
718775 279974 509
175676 134419 383
940498 59732 525
931693 335770 525
986048 142865 525
281714 125208 443
15161 781706 509
827746 422881 520
65203 494663 449
998509 727104 525
957986 443133 525
761409 909929 525
495575 138099 449
