149673 964962 525
541349 883673 525
890744 466938 525
257677 373109 441
40700 763722 470
653420 357417 470
353644 319087 441
684228 120894 470
275829 879532 525
707164 45361 470
253512 243053 350
696144 796121 468
105334 109739 354
354068 699420 470
609954 521687 452
691050 596373 447
961768 610631 525
748255 422646 470
171089 368199 443
82933 134818 354
622709 813926 468
644217 19489 470
893316 304408 525
551629 633039 447
217359 65043 386
205920 543733 470
843026 329289 525
665225 92074 470
300530 222721 443
254182 610803 470
214374 218152 386
79065 470408 449
651235 96033 470
108902 727684 470
265775 316207 416
453308 446230 387
869529 175568 525
63056 756766 470
587007 271222 470
403496 878141 525
184705 561929 470
720440 153964 470
950701 706918 525
629735 478740 470
51938 743038 470
353512 615461 470
828101 276605 470
897031 669601 525
199005 199612 329
341077 870346 525
860407 795960 525
383820 696004 470
545086 459918 470
231941 335920 416
759791 894973 525
680032 402619 470
223939 984703 525
113186 721778 470
484973 776712 470
697142 750164 424
870817 687388 525
707051 147497 470
153132 458967 449
808019 572849 468
31210 92968 351
798797 692979 468
881290 131322 525
30224 966698 525
425086 575245 470
432162 266188 449
856148 858242 375
178548 665329 470
782130 601317 468
778964 899225 525
95192 300972 443
357610 973127 525
746608 728046 424
344555 499778 449
559362 825760 468
27871 135892 354
195776 547404 470
615846 305755 470
232502 664294 470
410261 90759 449
190521 202812 360
510354 967432 525
351729 721882 470
933436 733866 525
228819 383621 443
345346 48974 443
188789 115636 383
510306 693658 470
712260 621425 442
821968 114202 470
320270 316029 353
704992 449476 470
96779 12199 351
12896 234335 443
453251 693290 470
444287 385472 449
852044 567309 525
253435 571822 470
646504 405469 470
781090 481979 470
589038 30332 470
312335 644697 470
278151 549432 470
958327 328304 525
482901 924533 525
843208 426251 525
90316 215096 383
470408 292202 449
29184 592369 470
20021 396362 443
150331 447536 449
504090 101453 449
394435 366351 436
946304 903963 476
36419 842454 525
203667 869554 525
524290 607377 452
59283 126252 354
333125 910358 525
31339 974306 525
150953 815901 470
945589 755722 525
621673 356211 470
101822 968630 525
240505 483978 449
471 95612 351
377179 359000 423
524487 370794 470
345225 613591 470
506996 993881 525
637770 109289 470
311007 20580 443
419404 511656 444
679024 437725 470
298409 367255 441
757416 786238 468
959411 660858 525
493527 484515 426
480377 562612 470
47145 230422 386
233779 950847 525
70311 293926 443
361161 640175 470
905597 136032 525
822832 115494 470
698476 291181 470
844675 118048 525
389319 45393 443
403895 605026 470
703064 557127 447
75399 378002 443
112344 315665 443
345195 39329 443
13470 433270 449
683962 247993 470
236293 151668 443
120445 888742 525
288887 479075 449
290890 957771 525
838226 69368 525
833467 809628 450
558216 449053 470
432531 143351 449
439902 21392 449
940425 900514 476
954291 157561 525
736292 640874 442
942268 386852 525
977158 923054 476
555076 471750 470
41071 477485 449
323800 112560 443
840745 60382 525
266875 700042 470
789633 563385 468
471901 795895 470
112831 829745 470
620976 777743 468
893818 449329 525
255651 234869 368
68092 966731 525
607400 522877 452
970778 625532 525
951183 419509 525
434866 775180 470
740258 590585 447
159544 175328 370
13354 582808 470
935517 4814 525
760705 926168 525
840824 136970 525
524669 866161 525
218644 715122 470
754894 273849 470
783813 336955 470
819343 220114 470
640501 328320 470
89414 564210 470
444002 426927 400
345419 14271 443
26060 863947 525
13813 154464 375
135479 997203 525
240695 366030 441
851977 33017 525
544799 71449 470
345595 494051 449
831651 747385 468
615317 143553 470
613203 953192 525
823501 613678 468
839106 359102 525
603057 733723 447
726576 299442 470
626976 954959 525
537323 804607 468
921651 277435 525
283600 8273 443
448593 840305 525
440987 668358 470
605327 154994 470
374413 869379 525
959120 759632 525
295865 378761 441
319838 641411 470
452396 288805 449
788342 188979 470
168969 996025 525
755366 307700 470
450922 675431 470
710483 238350 470
223644 609741 470
832513 931687 525
727700 618182 442
526567 588320 452
2419 74394 340
482135 869485 525
192923 538911 470
968056 904309 476
377601 4825 443
412901 596422 470
91856 235555 443
79403 337310 443
891190 190844 525
241642 620826 470
528908 387639 470
854607 198830 525
180775 213301 373
927745 781977 525
238802 914404 525
37876 653714 470
680511 487867 470
327866 684234 470
315689 985391 525
701604 629035 442
401347 207371 443
174852 356135 443
737326 754541 424
396247 133943 443
71361 728845 470
611089 745256 447
463560 538429 470
567191 371083 470
568510 286584 470
630608 969614 525
532334 542271 417
368660 32825 443
369837 584933 470
377191 388197 379
614434 458025 470
984724 374152 525
752271 300092 470
334744 585465 470
738904 335420 470
352556 688418 470
336147 75569 443
675461 94489 470
611064 724842 447
564122 510177 470
425502 316722 449
700782 138312 470
429978 245379 449
54380 44845 340
647867 894412 525
768266 714184 468
507005 770163 470
667179 539127 452
322551 81448 443
228250 985227 525
953010 529587 525
140391 341858 443
89196 185105 383
807537 644340 468
960211 612752 525
520662 340947 470
150824 336033 443
702164 360842 470
236006 49933 443
706326 745529 424
675915 271112 470
822047 544927 468
328597 133062 443
81996 815463 470
232009 108973 443
358754 731331 470
261153 114868 443
104120 392809 443
506730 936226 525
685103 327375 470
698710 760581 424
772162 51470 470
876743 264502 525
147698 251235 443
782318 576447 468
315728 382563 441
248672 586795 470
868621 200774 525
526644 238900 470
50216 635232 470
894161 736023 525
105729 4406 351
799833 165634 470
989118 933914 458
919892 136308 525
671503 4782 470
628250 627741 310
654848 916701 525
170503 584661 470
971942 587900 525
606188 659457 447
835797 840721 525
978803 122828 525
935496 710613 525
35319 945185 525
168824 854404 525
613183 587178 412
38370 627070 470
997209 646485 525
132072 282300 443
574907 202052 470
498182 782148 470
742010 129622 470
305801 220273 443
152061 865970 525
676208 185080 470
363470 896578 525
576859 564508 421
278229 117041 443
761442 871726 525
257039 555568 470
606399 546302 452
257093 991487 525
895771 868029 432
307344 880471 525
244439 445360 449
279234 651449 470
322791 85148 443
580919 570167 399
784043 973157 525
155974 67517 375
77511 18305 351
656004 412963 470
764632 993787 525
499130 625831 470
635217 849092 525
805532 859951 525
44403 656338 470
971968 860486 476
383114 118934 443
931297 217493 525
263577 483289 449
287557 331123 398
238952 374520 441
935571 373721 525
481850 981163 525
694980 898685 525
520863 330934 470
544548 189335 470
337104 719716 470
1458 886468 525
670222 356663 470
372842 165749 443
475782 262190 449
819174 129352 470
35643 198581 383
633170 402760 470
221580 691914 470
168879 364821 443
866603 829337 525
184165 31914 383
896147 674417 525
751721 405256 470
109924 427522 449
891905 585676 525
791615 557982 468
501482 869349 525
14277 581591 470
177006 569855 470
217480 31836 386
527128 471527 470
607043 51954 470
593318 430486 470
41648 901985 525
673069 661490 398
496174 893904 525
816234 822629 450
451162 951552 525
27286 311297 443
133344 82112 354
162368 44897 383
987722 976986 427
97055 820316 470
960209 284299 525
84745 634723 470
967600 800783 525
974944 144260 525
836946 53696 470
319146 966917 525
321406 393611 441
791146 835704 468
132589 963122 525
709836 144414 470
42880 971526 525
943380 659984 525
50326 292518 443
715386 368785 470
211113 574928 470
789010 870304 525
924082 618535 525
93667 642592 470
39839 790767 470
550252 834025 468
414984 683656 470
122015 331711 443
911708 277719 525
782609 377952 470
529965 408210 470
152190 467390 449
118932 880082 525
594481 980915 525
21776 509191 449
393035 219105 443
472498 741744 470
193943 442997 449
710039 390885 470
154361 257602 443
71081 58092 335
475223 465331 413
417843 963103 525
222984 681271 470
975046 356530 525
935721 519725 525
343125 800032 470
292318 167369 443
116417 337127 443
997537 425994 525
726259 139098 470
911242 113271 525
1388 557231 470
259532 499187 449
936215 844207 476
820684 923832 525
40631 113261 354
534574 556722 452
79462 552366 470
177303 41249 383
722487 690928 442
118738 283325 443
73390 815601 470
183056 858857 525
237660 622618 470
247834 457221 449
411360 152490 449
8240 358714 443
665175 98353 470
415657 885186 525
854367 667693 525
363375 91046 443
602056 501499 470
241737 687748 470
922285 328325 525
582938 830771 468
655763 478872 470
991164 95113 525
532771 955866 525
173955 482982 449
801891 417509 470
908668 494133 525
562474 857541 525
966052 310145 525
33045 45439 324
386425 949374 525
184924 159959 370
855694 577149 525
511540 558486 470
342226 225288 443
704514 563416 447
473514 274404 449
318665 10062 443
355468 620638 470
98123 878253 525
49761 607404 470
991279 101647 525
916996 10325 525
209424 744329 470
810319 857096 525
691500 930457 525
338590 284219 398
886520 905269 401
102687 190041 383
576726 727061 447
365921 953956 525
369888 461933 449
511747 769993 470
929566 835289 525
509158 556974 470
587332 903904 525
584276 274768 470
149545 407210 443
293344 339422 384
929713 220120 525
426748 823416 470
834051 927213 525
266992 457083 449
188337 278934 443
575383 658280 447
252994 450302 449
233160 383100 441
610877 624063 447
965766 316772 525
780056 169456 470
751819 346924 470
153167 617982 470
310033 841186 525
839700 799240 525
882146 668320 525
321277 658247 470
968209 429296 525
167088 863716 525
127051 451802 449
348207 692048 470
480811 602920 470
90043 207051 383
247531 553882 470
165567 985726 525
180317 236470 443
478046 12400 449
545804 968173 525
295548 693153 470
702792 733973 420
477024 844355 525
879361 589877 525
509382 317734 449
507312 399431 449
463673 682737 470
162267 880040 525
615186 84884 470
761552 507130 470
909157 191770 525
76663 51554 340
126472 576833 470
133394 847442 525
237186 962043 525
314535 333815 384
563257 151339 470
945454 867608 476
343537 435487 449
67256 293401 443
451689 211615 449
558783 241406 470
496025 288012 449
962546 211382 525
583299 547267 421
875851 201310 525
853127 513941 525
795407 711177 468
241830 502512 449
669549 11866 470
42925 652482 470
765791 998319 525
786032 398408 470
497957 678782 470
160778 703611 470
559465 964211 525
473446 223255 449
479418 772326 470
843906 642485 525
902919 709033 525
545706 520536 417
131801 401528 443
876721 565637 525
398606 95558 443
386097 524606 470
92748 697981 470
230336 898866 525
556790 923395 525
529791 839179 525
109529 144525 375
573558 856124 525
161948 619345 470
752087 337583 470
497119 640809 470
134703 43122 354
966882 582731 525
348168 638508 470
440220 549311 470
166157 268271 443
674428 720280 442
857183 696003 525
157933 508054 449
20815 832898 470
248262 35699 443
287987 504813 449
138276 318569 443
380642 459230 449
24906 885233 525
59930 874102 525
749551 983889 525
156983 476346 449
547412 930797 525
348763 814959 470
922387 851507 476
744367 484384 470
14472 428058 449
498053 722294 470
315520 190953 443
482858 170095 449
726657 854502 525
444843 278917 449
311315 969417 525
811768 586863 468
322202 347608 441
921465 82383 525
234122 36703 443
607472 161129 470
67630 214501 383
733787 999214 525
425885 932996 525
818699 812833 375
542471 219024 470
825498 223682 470
985563 312504 525
938014 202082 525
450481 215943 449
343464 354804 441
812003 289911 470
395268 880389 525
203502 504086 449
416409 934476 525
729671 508642 470
543398 592814 452
376551 544409 470
679631 682587 367
336960 141425 443
517287 320794 470
528539 483203 470
858193 678514 525
277843 939346 525
748178 712243 424
567634 289807 470
200103 793770 470
251624 314641 416
943278 925707 476
296235 542469 470
60599 114832 354
283905 99564 443
513173 111942 470
837454 863067 525
229669 108359 386
277254 486532 449
410493 336497 449
866434 579578 525
133935 241372 443
121826 440951 449
656879 753173 442
808105 91974 470
312588 865774 525
552308 454568 470
60881 682044 470
60821 290982 443
757907 811783 468
369844 579268 470
578469 53507 470
156184 939284 525
409367 580768 470
331484 722370 470
652434 757600 442
352893 413303 449
656554 791559 468
255942 16013 443
958504 216566 525
772129 631338 468
835736 605930 468
686139 907717 525
559529 894960 525
48768 720885 470
650230 185241 470
353828 293410 441
730409 449587 470
987551 547299 525
649066 879526 525
51453 118736 354
484678 305311 449
508948 890036 525
899977 680814 525
660872 608885 447
756755 962296 525
288931 61072 443
836527 125802 470
708364 68849 470
765402 972876 525
421546 578261 470
456011 160234 449
959572 514066 525
768852 411178 470
519605 373568 470
718700 886569 525
287936 750184 470
971674 205506 525
822104 106566 470
292610 228314 443
489713 636479 470
156353 488245 449
334403 793861 470
828810 362152 470
149970 217490 386
125369 153948 375
930064 491908 525
855692 415205 525
951851 255172 525
157392 8176 383
460796 163675 449
810461 624428 468
838714 966611 476
921038 966472 476
239714 543611 470
241940 728062 470
579954 38389 470
450284 624723 470
432624 39512 449
552684 922430 525
271150 408284 441
889392 38954 525
550241 752906 447
441658 976011 525
673664 749443 442
376942 319035 441
819800 530035 468
345589 768646 470
860902 783588 525
431802 426068 374
608209 762256 447
559222 385517 470
175974 769515 470
38981 54885 340
742695 431826 470
900676 533403 525
85196 508825 449
733679 284583 470
235949 172180 443
795865 291987 470
840698 608310 525
17896 549698 470
382117 482244 449
684311 452262 470
106910 822564 470
220196 653336 470
323715 756562 470
126099 133339 344
772365 154282 470
550039 249322 470
132084 190628 383
502027 229878 449
674650 410689 470
413599 880548 525
942814 281502 525
330347 305061 384
883240 370329 525
482450 275478 449
560629 547151 421
644972 278888 470
800927 169433 470
886547 612740 525
534751 260192 470
621487 881055 525
164004 626230 470
182183 137142 383
994235 820270 525
450309 890209 525
890087 446740 525
298974 541282 470
279145 956771 525
427834 443690 400
97416 280882 443
185660 78174 383
935456 82526 525
534356 936871 525
32630 729776 470
743065 265015 470
304501 504880 449
500469 127115 449
415320 181129 449
936643 645109 525
584370 650770 447
634254 667852 429
959737 770471 525
593686 698172 447
407652 824054 470
599113 800912 468
196032 817314 470
843291 242204 525
615492 636386 416
379777 600612 470
297318 291660 358
404149 655712 470
771266 237489 470
707836 749752 424
59173 689317 470
667264 881563 525
23657 7045 282
272427 341612 398
721379 818887 468
605374 750965 447
308177 883965 525
243629 72053 443
338892 663895 470
63936 203917 383
836995 353530 470
531042 182799 470
478523 536035 470
68702 297963 443
128997 114248 349
451824 793549 470
311326 717887 470
518477 233464 470
534259 999647 525
384598 880010 525
23940 143949 375
618411 613877 447
214920 817540 470
999936 837359 525
693199 173083 470
527871 687830 452
944334 329903 525
62995 208694 383
847587 276757 525
16512 601609 470
3376 628687 470
417103 568007 470
163546 359991 443
39774 434708 449
191779 441079 449
48487 506646 449
705760 477295 470
838077 844597 388
843096 891306 432
210301 300817 443
375899 580207 470
31709 86299 351
500830 976278 525
346952 828414 470
347646 667988 470
142031 729988 470
601767 619845 447
504833 751542 470
166756 579683 470
665431 804825 468
121418 539125 470
941658 375831 525
857874 909086 432
962987 895090 476
495646 744616 470
284648 609700 470
317668 740441 470
776096 215204 470
672882 637167 429
877939 814412 525
717200 290149 470
469937 442717 444
72032 647002 470
26570 702379 470
718265 226837 470
701161 553476 447
406206 218178 443
672122 425144 470
229793 557411 470
459119 793855 470
475686 486415 422
914087 748867 525
996611 228559 525
867914 796115 525
897694 791668 525
650683 733769 442
405916 200189 443
68611 809018 470
74596 691346 470
704857 684728 442
833821 478629 470
8012 575069 470
993847 280227 525
603743 468611 470
800748 784340 468
632285 713320 442
988186 587600 525
800108 806245 406
814921 644125 468
209931 740076 470
677956 326679 470
528243 943712 525
496830 747294 470
766902 49389 470
913965 627216 525
402868 712965 470
497274 361407 449
866588 21046 525
547428 184382 470
806064 375241 470
913051 20889 525
299225 452140 449
833399 563009 468
73383 282756 443
20974 75345 340
980886 642974 525
321150 633021 470
260159 911027 525
541069 771924 468
695522 104584 470
169704 586154 470
655294 868059 525
383194 384316 299
774649 52340 470
139043 412439 449
269244 509195 449
144696 733829 470
35382 457095 449
132536 322692 443
514066 479942 470
744321 836793 468
452746 844161 525
834846 888855 525
509159 644235 470
558483 249902 470
776127 288506 470
525696 398759 470
790259 261200 470
115144 735834 470
349808 958568 525
255829 747887 470
369413 470683 449
184088 403021 443
444159 342532 449
436249 429786 396
287932 449944 449
455035 894344 525
917619 896794 476
603039 920197 525
422330 515930 470
580830 363926 470
899160 16863 525
509338 974428 525
136538 597058 470
794425 973516 525
310483 317062 384
355884 367759 419
927580 563485 525
513579 349567 470
6344 802547 470
574712 684361 447
608981 153450 470
199274 833912 470
570043 955931 525
757854 169336 470
74224 237940 443
543743 317791 470
152464 20311 375
766925 278981 470
259449 491787 449
725279 199905 470
969052 309117 525
458749 872637 525
126270 188205 383
329445 385036 441
967601 471597 525
258112 469342 449
600952 881951 525
135240 251 354
583535 290808 470
342310 235093 416
29503 173598 383
690306 581155 447
584207 843712 525
415476 885100 525
93866 665979 470
543440 10446 470
440323 987342 525
566334 897060 525
1 10 20
100 200 125
201 210 89
900 1000 174
999900 999999 259
170362 170501 228
514850 514878 258
209491 209544 218
165944 166073 352
123627 123730 212
217458 217552 218
254790 254870 257
547044 547046 134
492458 492462 152
131611 131681 269
444245 444314 263
239086 239175 306
868720 868782 251
270045 270049 164
810581 810742 388
871962 872085 282
972516 972531 184
659938 660134 292
229794 229881 306
