442501 164576 449
221301 541564 470
608130 42653 470
397028 632847 509
614664 320938 470
465180 25911 449
523394 110445 470
688914 18080 509
156443 204520 370
555637 937697 525
847222 928384 476
125117 706622 509
773856 941178 525
452677 483348 444
361411 731688 509
870948 881781 432
989195 894821 507
590901 531311 452
291855 804393 509
180561 318223 443
101511 401334 443
518175 421254 470
989121 962910 458
373693 393700 436
434140 885937 525
272599 112752 443
101344 228841 386
708590 943913 525
92597 582886 470
751490 98064 509
488537 966347 525
81195 621292 470
406092 460223 449
339182 80672 443
115354 663648 509
419129 441696 418
861941 708666 525
761559 193806 509
902748 995220 507
999934 281151 525
354309 469848 449
405275 899132 525
364752 385088 423
521781 896821 525
232982 483157 449
959571 551329 525
435050 192315 449
977816 27052 525
399914 891486 525
484321 715097 509
594388 442869 470
212639 555809 470
311319 811485 509
231395 640299 509
104665 606633 470
414101 212332 449
220902 710524 509
23522 619549 470
637246 454838 509
934729 351243 525
15915 529685 470
222385 833378 509
453857 366879 449
758471 692410 504
307766 574076 470
313009 23424 443
268531 753859 509
562239 305821 470
426380 708745 509
704124 489587 509
965883 904409 507
127986 820623 509
257525 267920 407
87858 891554 525
65234 385657 443
558469 776706 509
821184 821553 375
219175 191356 386
701934 106169 509
901171 548367 525
270377 514858 470
896539 875408 445
213641 932964 525
372701 770423 509
607592 822469 509
557208 929982 525
275306 320055 389
787044 323922 509
717056 378310 509
541628 430148 470
848591 950305 507
10889 574869 470
417271 913018 525
231607 644245 509
240563 205485 443
485422 443830 444
27746 196218 383
937671 816157 525
950726 497515 525
160395 996911 525
569813 786332 509
795407 962273 525
588373 154126 470
895111 152065 525
683992 586139 509
633803 154398 509
815949 245243 509
231248 422320 449
605684 639448 509
164270 38668 383
567251 786360 509
126974 912170 525
307372 391248 441
290603 121796 443
979884 65286 525
723979 101554 509
833705 829905 419
244134 679263 509
521453 533979 408
708839 89371 509
227190 706104 509
814749 599488 509
496477 353120 449
228266 564236 470
309102 467174 449
288364 16299 443
166560 929699 525
553194 554465 421
434339 481179 444
754901 174072 509
540172 823607 509
91703 621236 470
788068 72455 509
880047 385184 525
936582 871115 476
558987 104194 470
103293 445866 449
720578 90168 509
459522 25832 449
834239 202355 509
644479 539133 509
281007 664190 509
78397 850425 525
820473 751077 468
991363 875920 507
141971 783149 509
136596 776842 509
775160 972918 525
296116 185125 443
984964 70615 525
444102 75206 449
313019 207801 443
37822 3325 324
273081 304849 389
522927 102590 470
293312 833798 509
411557 644994 509
72942 963072 525
598856 700261 509
200652 589348 470
129670 823212 509
530256 999765 525
778834 256578 509
413311 621754 470
844253 104736 525
752360 355123 509
994520 409761 525
264551 400814 441
900707 494974 525
496093 601118 470
314402 434332 449
512017 769437 509
23727 429682 449
562895 833350 509
884892 769957 525
681072 378159 509
529266 806688 509
707752 304574 509
901845 181774 525
293967 271789 389
376846 686968 509
802400 671760 504
217240 505055 449
536273 248422 470
459480 415629 418
276984 160862 443
730001 429527 509
30339 461061 449
911107 469576 525
512493 177925 470
234145 947501 525
162070 577471 470
467434 960385 525
87342 715825 509
83443 982198 525
981452 850552 507
531449 269128 470
692184 405081 509
820099 583711 509
80161 543159 470
112127 272998 443
872979 411015 525
575204 248362 470
140839 579114 470
823377 186535 509
907257 894874 445
240199 919529 525
753871 715287 424
565023 501133 470
11146 444681 449
901133 300227 525
591623 87255 470
131045 172301 383
735095 898864 525
735791 815132 468
162767 25421 383
598185 824642 509
18869 377565 443
844557 75709 525
870352 927645 476
119011 115386 349
927142 401170 525
165604 284965 443
714119 776427 468
555735 577976 421
641332 355236 509
156952 412744 449
201465 285443 443
534126 198306 470
414780 303710 449
843289 825779 525
791551 734160 468
859945 489775 525
66472 630507 509
13485 14062 258
996105 109827 525
440065 838790 525
925756 183066 525
732940 840826 525
598450 550307 434
846857 309917 525
810964 915354 525
585309 403003 470
593545 146646 470
241797 151276 443
23013 836963 509
436154 966132 525
853551 386924 525
140424 934483 525
324922 332525 353
968658 55256 525
867589 431247 525
458612 502852 444
504928 258090 449
420581 266079 449
452251 936327 525
531943 641265 509
861881 608463 525
585081 538385 452
933350 873706 476
447937 555729 470
892188 882503 445
808459 648269 504
567259 961081 525
859275 661324 525
546352 279176 470
606775 186366 470
919104 639005 525
324049 943276 525
569544 263138 470
974794 6051 525
300705 265094 407
680754 899510 525
956812 779337 525
377900 398108 436
724654 839311 525
761156 654958 504
507957 988663 525
44993 383317 443
590023 275979 470
867530 914394 476
328293 557016 470
873038 116993 525
417038 926990 525
895121 736016 525
562959 397365 470
741885 40682 509
80581 949385 525
737400 199212 509
406933 798804 509
162267 692641 509
69924 991589 525
355619 605912 470
475003 677604 509
358044 31562 443
580700 176877 470
167768 560364 470
431372 193231 449
67477 569711 470
326793 205938 443
44997 543146 470
111659 19573 354
674053 881766 525
441339 321429 449
397432 977386 525
502074 375504 449
264904 460906 449
836603 310708 509
836258 755524 468
47621 266449 443
770513 181405 509
846801 833427 525
240381 256571 368
442698 480015 444
161994 734517 509
528077 668077 509
722628 326388 509
307871 557785 470
868369 397194 525
987983 714688 525
848821 488554 525
271140 587138 470
716894 246110 509
585828 516737 452
75485 283994 443
456626 900451 525
774595 684162 504
418489 154143 449
321083 623499 470
212500 233645 443
214794 743825 509
64627 616558 470
229218 313260 443
57692 644347 509
523792 949415 525
336396 703543 509
491897 860255 525
830400 1956 509
341267 248801 407
407007 342718 441
707456 957919 525
744245 55300 509
794157 917147 525
778090 715986 468
170866 647486 509
321114 671483 509
394971 854076 525
313307 589472 470
651545 373488 509
410903 992188 525
115939 704660 509
209862 130107 383
795893 51406 509
576773 661770 509
265373 57994 443
458018 601615 470
537037 51525 470
508967 879304 525
193719 145774 383
931221 895165 476
396631 173047 443
776604 422541 509
675504 704715 504
130831 720236 509
453568 176450 449
470510 39220 449
961507 969440 414
234444 232110 381
833313 484767 509
568412 13174 470
544138 703261 509
67526 162223 383
205741 90802 383
558949 947898 525
119542 128142 336
218675 427825 449
750060 568616 509
143309 414487 449
965953 599121 525
434058 992012 525
366936 645246 509
911816 791275 525
401024 584183 470
832360 699969 504
7730 525432 470
665050 785508 504
37655 370116 443
886656 917816 476
772359 652113 504
503794 315404 449
716859 304446 509
413087 771381 509
434559 510304 444
986238 7858 525
541406 33356 470
300531 100642 443
382964 819640 509
995981 4232 525
942240 287314 525
842615 178672 525
689505 147628 509
398267 302827 441
970659 950578 458
631218 550116 509
7976 469503 449
283288 35940 443
378079 771484 509
556367 867335 525
904637 910666 476
232203 577738 470
911124 275283 525
931557 268431 525
929875 958820 507
622103 507832 470
50289 707499 509
182824 241458 443
243828 475942 449
601519 685793 509
345798 657596 509
472690 743400 509
520423 224313 470
120308 953180 525
310314 270956 389
652941 619509 509
215976 479697 449
903602 743207 525
384009 421616 449
163950 638052 509
892986 510398 525
987413 382898 525
870075 354760 525
238288 865142 525
23472 858628 525
255874 629619 509
382525 531459 470
391929 364366 436
306198 987254 525
382275 445051 449
506040 533888 470
18516 401600 443
296909 402418 441
626908 530049 509
644789 332036 509
872719 245131 525
50268 432876 449
286002 766052 509
567004 211314 470
891693 291999 525
40805 528390 470
581313 358877 470
409205 123714 443
266875 893282 525
989781 885398 507
437804 8297 449
175127 610443 470
456253 680723 509
884224 733927 525
113231 723845 509
83849 899194 525
922414 428903 525
35517 813332 509
359400 22018 443
114168 236074 443
166425 21129 383
803397 766837 468
372151 871404 525
238255 416826 449
866139 477149 525
919384 506847 525
794064 255372 509
122615 527445 470
258932 727091 509
724142 854217 525
956196 727359 525
995727 653181 525
952614 736332 525
688490 753343 504
641375 114461 509
726260 639334 504
996302 15940 525
715229 914952 525
634824 217052 509
994483 378715 525
633431 634701 323
148964 501920 449
371371 180189 443
931609 988103 507
868044 439684 525
37029 583637 470
259873 980449 525
102286 730280 509
712056 576794 509
847419 720571 525
827319 173957 509
711554 443261 509
722565 640538 504
641503 228127 509
270958 608133 470
483276 980315 525
349445 69227 443
134625 265773 443
487465 435614 444
91923 342637 443
415711 687034 509
818314 414948 509
240233 884288 525
572384 718794 509
854755 628751 525
127926 111779 349
923061 920740 445
513218 784166 509
146251 869047 525
152689 349938 443
290052 621528 470
440974 677567 509
556173 303679 470
345697 44788 443
950627 851408 507
675313 143714 509
951940 820814 525
147478 5447 375
28849 458556 449
624745 869176 525
142721 454370 449
573283 625262 447
75104 199363 383
597662 642637 509
336242 596002 470
275928 630505 509
496434 90458 449
325086 356413 441
915514 710537 525
590199 496576 470
433496 449720 400
158173 972788 525
469471 789773 509
645714 586823 509
49547 818275 509
226773 124403 386
624869 579206 447
862119 642998 525
180850 453353 449
74855 230206 386
935887 790694 525
525106 262435 470
77995 772558 509
43514 799056 509
759267 963391 525
283383 673745 509
955710 729428 525
447065 308639 449
298626 741815 509
285437 234518 407
512059 954664 525
490178 57257 449
336162 151990 443
759610 652328 504
308658 198146 443
165654 775485 509
767895 238381 509
952477 548289 525
868034 79787 525
737822 99021 509
687061 425886 509
888055 518084 525
533636 391215 470
594323 666800 509
15654 825856 509
234817 140035 443
49669 335612 443
563135 85260 470
830899 526856 509
324982 762581 509
440503 5055 449
886911 481038 525
966218 125456 525
851118 42458 525
881079 70436 525
391876 111666 443
242048 362961 441
869009 235919 525
52544 902517 525
574452 894842 525
5176 567050 470
824044 572309 509
417031 810168 509
648223 135114 509
321474 510918 449
677847 374873 509
52882 483492 449
611997 479140 470
835187 725675 468
677811 881365 525
35989 588189 470
37145 796698 509
634510 632067 385
705581 183875 509
305874 932185 525
321616 596495 470
879867 728727 525
319359 955663 525
360392 875294 525
144739 613198 470
108655 505865 449
91869 290591 443
849859 745828 525
334898 330452 353
806656 958766 525
942085 473888 525
695656 663295 442
439616 652950 509
685291 739287 504
503553 178421 449
143315 196038 383
342135 197406 443
11634 460773 449
960838 122607 525
119009 104560 354
859976 768775 525
188353 857512 525
704083 487262 509
19020 441536 449
781320 7362 509
610197 422246 470
372503 809076 509
879803 461348 525
641908 502538 509
618276 832816 509
665183 230607 509
984828 657922 525
644881 367023 509
633088 306869 509
665925 169028 509
414317 109557 449
830666 306413 509
93114 957351 525
381085 960947 525
582749 617705 447
765983 104907 509
913456 923459 445
191158 695107 509
780144 579416 509
100617 938319 525
214730 61354 383
130172 789791 509
702025 999627 525
590438 312232 470
280634 554999 470
138740 455814 449
212329 92254 383
298620 75783 443
824853 722486 468
456566 664996 509
701394 805099 504
368512 365910 348
431251 970627 525
867121 101349 525
891848 861366 445
278304 63899 443
330903 869854 525
188954 926781 525
35926 216184 383
657589 540742 509
492515 418412 444
616737 755487 509
516403 873229 525
154487 326027 443
221182 770752 509
426842 401686 449
671181 416386 509
327103 405281 441
277550 221502 443
290598 403236 441
589398 74739 470
631851 840128 525
92830 631775 509
295910 855503 525
896280 309570 525
642772 67255 509
848464 45637 525
852689 545260 525
305406 624493 470
106727 608505 470
299342 403218 441
489327 523300 470
359811 227849 443
878638 947403 507
357217 405233 436
255573 815486 509
261939 106821 443
169090 837784 509
681667 846528 525
625358 649763 509
26825 22570 308
262663 404722 441
93870 931977 525
46507 930895 525
502234 964549 525
432346 815141 509
462708 852871 525
266274 387223 441
251587 886352 525
646112 549616 509
571668 173432 470
334765 100288 443
265184 479656 449
401802 82537 443
168386 17180 383
457005 613888 470
722551 355697 509
161314 739864 509
290197 103251 443
756713 688596 504
229784 871680 525
739780 208905 509
312747 854899 525
658386 276717 509
987034 300925 525
600349 980819 525
436438 23882 449
690907 978034 525
574843 898461 525
381198 249274 441
967408 121760 525
846796 362658 525
341880 581665 470
777810 152302 509
535720 672589 509
304368 966097 525
497846 360041 449
912956 731932 525
295119 968955 525
912111 504699 525
83083 659019 509
498014 543568 470
140512 525603 470
680903 497689 509
285035 746812 509
558740 406112 470
339608 392660 441
726658 668748 504
870858 443479 525
303131 188397 443
570472 254708 470
756072 187007 509
663243 488180 509
181155 734758 509
894428 80967 525
958844 383773 525
34089 870007 525
908119 937655 476
875516 701793 525
967340 396626 525
637756 416375 509
272065 249802 407
485832 33397 449
147594 905832 525
282259 906904 525
270265 450304 449
522518 153820 470
828403 901298 525
349301 758217 509
142777 497394 449
691533 455219 509
311572 663346 509
79232 519721 470
771630 294454 509
291337 199912 443
337639 505328 449
610401 640229 509
56244 833996 509
289228 786072 509
522681 773405 509
489307 695978 509
347167 397685 436
680501 8430 509
371430 523700 470
110157 105959 354
113764 685724 509
512102 710320 509
804441 6290 509
521200 337452 470
407537 124897 443
565345 562828 421
87379 141567 354
349687 288579 441
122755 189501 383
506051 35630 449
556057 702482 509
551711 698246 509
819783 391903 509
151822 695584 509
802065 504034 509
153826 23154 375
316295 57131 443
895118 916445 476
318749 588951 470
569200 602968 434
279292 867211 525
112250 400753 443
625480 492614 470
734649 511793 509
550167 36795 470
176281 622770 470
543955 429390 470
962108 266678 525
621669 268220 470
745954 35749 509
573893 814427 509
696477 185464 509
420544 672460 509
138442 159073 383
522314 311719 470
648037 208045 509
980438 433508 525
21205 522176 470
100938 128986 354
357062 431078 449
270366 418956 449
53763 793083 509
17974 821454 509
184813 419708 449
681512 778322 504
715000 470203 509
625231 840068 525
889667 556319 525
440921 786197 509
150100 652998 509
910605 19309 525
1395 459145 449
65837 898736 525
505692 79234 449
251400 878375 525
3088 633850 509
681268 370043 509
114102 255419 443
132565 384984 443
360206 824334 509
817258 933005 525
6292 968043 525
892082 700468 525
949805 766371 525
985368 271389 525
18681 950662 525
403868 303190 441
76536 134044 354
215709 645887 509
651689 157877 509
844340 316910 525
665998 787773 504
569280 961258 525
681511 518513 509
937361 425719 525
176204 762553 509
806089 328812 509
284174 363094 441
742506 431651 509
775354 369407 509
887551 779591 525
704806 558716 509
845440 427374 525
117972 907442 525
989612 596736 525
178608 297238 443
254844 220042 443
918069 917450 339
715071 982001 525
119215 737419 509
478956 547826 470
905371 395070 525
199865 860641 525
66115 377808 443
18486 56244 340
337277 174996 443
535860 807731 509
994312 163110 525
942430 807930 525
769826 260645 509
683111 441461 509
441699 567435 470
635976 88131 509
526611 427616 470
238059 941886 525
53577 781386 509
617067 120700 470
665926 465725 509
688585 276263 509
284231 247528 407
913991 542899 525
43023 770089 509
840978 71011 525
742971 861841 525
678602 44843 509
259324 930678 525
660733 982191 525
18260 491351 449
311004 574854 470
716117 817392 468
624210 679245 509
332232 38804 443
297986 712149 509
277363 246374 407
209311 344059 443
617401 375498 470
631003 653615 416
302732 432705 449
215612 353742 443
98819 463625 449
112812 50208 354
103184 928694 525
163799 961241 525
992678 524850 525
701373 618150 509
273976 484801 449
63586 890020 525
859704 159506 525
28216 60417 340
910996 550336 525
659918 720647 504
879475 130834 525
243872 194595 443
640004 234559 509
650166 95217 509
729103 251601 509
678054 271382 509
338311 813737 509
336003 517474 470
825294 494597 509
448139 303532 449
387520 364384 423
414373 663714 509
709632 704602 504
776980 242694 509
764106 929470 525
844118 889106 445
33183 705664 509
284825 612392 470
33293 163621 383
56265 854066 525
24836 812963 509
408680 439463 449
903243 819873 525
96026 13709 351
920093 480692 525
125963 571974 470
554762 569842 421
990866 453932 525
685506 247867 509
536315 638147 509
128419 368797 443
21304 481742 449
632294 115230 509
708282 78825 509
716639 750960 424
422129 706515 509
82685 876245 525
97192 955313 525
458663 153459 449
171089 691133 509
347232 114283 443
607946 660177 509
53170 898209 525
463743 655413 509
44379 756815 509
452064 2225 449
340156 335202 366
88223 474594 449
804264 228739 509
976868 293325 525
753641 887972 525
406254 381085 436
5390 242932 443
379221 315134 441
330254 487529 449
576961 10096 470
664977 490448 509
565658 729157 509
311668 395846 441
98477 987816 525
725902 53180 509
927806 335464 525
238056 96415 443
50155 337507 443
774751 372159 509
983618 887698 507
70767 5850 340
171919 384013 443
695418 184117 509
804896 88354 509
4267 339393 443
258918 388917 441
868059 896633 445
563167 395659 470
241259 214954 443
134461 197 354
829572 524661 509
955940 320962 525
17163 592935 470
496059 141168 449
875806 674838 525
