4384 887 238
2778 1916 209
2794 3336 217
387 493 142
1650 1422 172
2363 28 183
3691 60 217
2764 3927 238
541 3427 217
4173 737 238
212 369 144
2568 1430 209
783 1531 182
2863 124 209
4068 3136 238
3930 4803 215
4023 3059 238
3070 3168 186
1394 3457 217
12 3043 217
1230 2374 183
4422 4920 197
3785 3538 238
199 4325 238
3316 4371 238
1414 3527 217
1092 3981 238
4957 1874 238
1863 4171 238
1997 2282 183
2306 926 183
2085 1328 180
337 1506 182
847 1730 182
1314 858 182
1125 3896 238
4583 546 238
3815 3368 238
435 365 134
4044 3751 189
1088 1809 182
2277 2179 183
789 3585 217
404 2652 209
2755 2400 209
4933 61 238
4677 3369 238
2740 13 209
1227 3587 217
3095 2540 217
796 571 171
1435 379 182
2468 1602 209
98 2903 209
3318 493 217
1653 757 182
2302 281 183
4287 4442 215
3866 4690 215
3445 1620 217
3441 4730 238
3032 3118 186
3098 772 217
4482 676 238
710 3928 238
4568 2857 238
4498 2354 238
4587 1966 238
307 4684 238
1220 3625 217
1529 2872 209
733 3830 238
4504 20 238
3271 3369 181
4709 1716 238
1341 3150 217
2797 724 209
2619 2246 209
2847 3452 217
2922 3556 199
2380 2489 209
2765 3229 217
4842 2351 238
194 1501 182
2035 2765 209
125 4915 238
1988 857 182
3744 1492 238
2228 3366 217
4860 1937 238
1433 2552 209
1438 4229 238
3276 408 217
1475 1122 182
3859 4396 215
1030 1238 182
3236 3794 238
819 4429 238
1144 1012 169
929 4530 238
3777 2405 238
4444 764 238
4614 4539 184
3607 1841 217
2905 4819 238
129 689 145
2370 2918 209
4918 1997 238
3325 2744 217
4471 2184 238
3491 500 217
4773 1726 238
645 591 132
2506 3140 217
2955 4787 238
2670 3083 217
3543 3465 181
198 4508 238
4356 3805 202
1349 3612 217
3623 2829 217
4300 2344 238
747 569 171
4341 423 238
3312 3811 238
2606 1802 209
662 3731 238
4879 1306 238
4321 3737 202
4445 3627 238
3523 3466 181
1709 3417 217
3283 3259 137
2925 2638 217
2063 625 182
2601 2037 209
3453 1900 217
4380 551 238
2469 72 209
974 2132 182
3882 4931 215
3934 895 238
3661 164 217
2200 2982 217
3900 2997 238
2960 3774 238
2814 4669 238
2191 1096 182
2927 1467 217
85 1341 182
2091 2685 209
3377 543 217
937 4108 238
2446 4757 238
4180 3419 238
1888 4413 238
3349 2173 217
1660 2010 180
2337 211 183
1343 2588 209
3207 4302 238
2714 2373 209
322 1256 182
4820 4600 197
2722 4905 238
940 4812 238
3941 668 238
1706 1229 180
1128 4151 238
985 1659 182
3921 4225 189
2423 2270 183
1397 4082 238
631 85 144
4293 1973 238
2673 3851 238
2626 386 209
1223 4300 238
1641 1043 182
3899 714 238
2299 1191 183
525 2591 209
3210 3582 194
3820 4337 202
2733 1156 209
995 3005 217
380 4770 238
274 1777 182
3851 2256 238
1861 3143 217
580 885 179
1994 3206 217
2622 4568 238
2505 614 209
1962 2755 209
1327 4260 238
3945 3203 238
3203 3507 181
1785 2022 175
2843 869 209
4529 190 238
3873 4909 215
4959 499 238
3037 3809 238
2754 1249 209
3304 3334 181
2134 1649 180
2891 4755 238
2568 1747 209
369 4530 238
4501 3047 238
3789 4798 215
1250 1991 180
3304 3034 199
364 2498 209
254 4893 238
2687 4126 238
1153 3997 238
976 4189 238
4158 3730 189
437 2461 183
3415 3922 238
461 1305 182
29 3028 217
3051 1749 217
2557 3903 238
4795 2698 238
3700 1044 217
1040 2003 182
429 1404 182
4501 682 238
2648 3539 217
1160 152 179
2536 2135 209
4340 1693 238
2216 1128 182
505 630 137
50 965 179
3286 1430 217
344 1336 182
3178 2901 217
239 2972 217
1950 290 182
368 2989 217
2293 796 183
744 3145 217
2830 3391 217
1683 341 182
3542 570 217
3827 4233 202
2262 1043 183
361 4118 238
3024 1762 217
82 1310 182
3191 426 217
3997 1368 238
4678 4235 215
691 1627 182
4525 1058 238
4615 3169 238
3206 359 217
1313 2387 183
101 4347 238
2727 4995 238
4917 1553 238
579 3530 217
3947 2291 238
2648 1971 209
4052 4081 158
4632 3594 238
858 3628 217
1313 1887 180
4215 3356 238
3513 91 217
4413 4480 184
4611 3970 215
1190 2275 183
1356 2642 209
1621 434 182
3988 2889 238
3339 4567 238
2771 2285 209
1857 418 182
607 2261 183
850 238 171
2206 3060 217
218 3519 217
4946 784 238
1874 3459 217
874 2638 209
4290 484 238
1608 479 182
2758 4315 238
4472 730 238
1101 3460 217
3619 4439 238
3026 1389 217
3075 1234 217
3158 3682 199
3494 359 217
271 700 145
3418 1840 217
570 3364 217
2623 3795 238
3174 4848 238
1432 2463 209
1683 4391 238
4293 792 238
58 116 119
1522 1158 182
3575 1492 217
1948 2952 217
4232 22 238
538 3741 238
55 4031 238
4099 326 238
1082 2517 209
3517 3003 199
2232 1140 183
1797 405 182
2339 4581 238
4219 4022 189
3971 4863 215
4813 380 238
4978 2686 238
1537 4905 238
4177 3484 238
4208 4760 215
4858 4745 197
3500 4912 238
128 3951 238
237 2561 209
2819 106 209
564 50 144
1245 3712 238
1806 4935 238
3292 2376 217
3956 3615 238
3590 3769 238
3994 4919 215
2806 1883 209
4823 1983 238
1718 4031 238
3094 1575 217
127 1594 182
1487 254 182
544 3075 217
2815 4714 238
3180 3378 181
4763 776 238
2089 2920 217
711 1733 182
295 1018 179
347 236 144
1138 692 179
154 3944 238
2574 1329 209
926 4292 238
1711 4019 238
2218 1837 175
1964 56 182
2091 3859 238
3131 4905 238
3572 2662 217
4634 4686 184
4790 3074 238
2605 1852 209
4806 4251 215
2869 1504 209
4486 4007 215
2196 4640 238
2950 1121 217
968 227 179
1764 2678 209
597 3982 238
866 2561 209
4037 2956 238
2771 3519 217
4212 1343 238
2533 197 209
2380 2322 183
3271 4985 238
4173 4428 215
4235 2041 238
2284 73 183
2399 831 183
1064 348 179
1951 2031 175
574 3715 238
1060 2523 209
4048 1925 238
83 4436 238
1233 4205 238
2955 444 217
1899 487 182
641 4279 238
4160 263 238
4263 4684 215
1042 4849 238
1724 3325 217
1273 4123 238
4155 2336 238
822 2458 183
4366 2748 238
1172 1777 180
270 219 128
3702 1704 217
4654 4934 210
908 3960 238
1729 2807 209
798 3721 238
2085 1309 180
335 2699 209
992 1377 182
3899 2716 238
1053 172 179
3190 1560 217
2507 4011 238
4017 3225 238
3110 1540 217
1 3379 217
3110 54 217
82 4115 238
1339 990 182
4427 3068 238
148 224 125
1788 2232 183
1533 2123 180
1282 3876 238
4851 180 238
1591 2255 183
351 1132 179
3814 2858 238
1495 4182 238
1082 4604 238
721 2434 183
2983 182 217
2488 4416 238
4297 3826 202
405 3723 238
1893 552 182
298 33 128
4135 3182 238
3507 416 217
2058 4709 238
596 5000 238
1963 2298 183
2484 777 209
155 3978 238
1310 2588 209
4933 3383 238
22 4267 238
3564 3861 238
3683 4212 238
2686 4087 238
4286 931 238
991 4584 238
2315 1477 183
4117 821 238
1893 2526 209
529 3840 238
2526 2491 178
1137 1361 182
4619 2644 238
338 929 179
1583 1622 167
4311 2956 238
889 4226 238
1816 4571 238
3438 854 217
9 2723 209
1784 2351 183
3658 4098 238
3828 4127 189
1270 2072 180
1652 3150 217
911 529 179
640 3399 217
1889 1611 180
2394 3578 217
3891 3977 189
200 4553 238
1932 1088 182
3778 100 238
658 3567 217
953 2018 182
2642 2736 160
4369 1299 238
3185 3196 124
1777 806 182
267 3429 217
3955 2529 238
309 4594 238
2279 2198 183
2556 4673 238
775 1446 182
1 2326 183
998 3284 217
3413 1128 217
3383 422 217
4694 4335 215
2440 2335 165
3422 3160 199
4986 2958 238
1355 1762 180
3763 2973 238
1542 2717 209
1853 1851 131
3663 483 217
400 1218 182
155 1174 182
4016 1507 238
4852 1365 238
4791 3264 238
2492 3173 217
38 3538 217
3860 3829 176
872 2281 183
1988 857 182
1591 3342 217
3971 353 238
2666 512 209
3070 4518 238
2362 3084 217
1352 4113 238
4301 1507 238
1639 4668 238
4365 1490 238
1033 4155 238
1105 4876 238
3680 1142 217
3413 2539 217
4970 637 238
1171 1957 180
2845 2761 173
1650 1815 180
4466 4315 215
2327 3887 238
184 1040 179
1970 1536 180
153 2622 209
4394 1791 238
2290 110 183
4632 4674 184
4265 736 238
4549 4296 215
1878 4314 238
1834 3199 217
4950 4356 215
156 2794 209
3469 3157 199
961 2934 217
3824 3287 238
3172 359 217
678 141 145
3246 2182 217
2762 3991 238
324 51 131
4101 4955 215
1076 3365 217
2043 625 182
2660 3920 238
1290 845 182
3470 1239 217
1552 4977 238
384 20 144
3134 1344 217
4305 1957 238
982 2476 209
3667 3012 199
3968 1913 238
193 1730 182
903 1869 182
3132 3 217
3175 4208 238
4719 217 238
1184 2378 183
488 2473 209
4574 3958 215
63 1126 179
3934 1798 238
2497 3419 217
3142 3154 124
1727 475 182
1981 394 182
3486 949 217
2306 31 183
4030 4560 215
1899 2161 175
4563 1425 238
2720 4281 238
1642 3903 238
3011 3481 199
2727 2584 191
3790 4141 189
3709 2724 217
939 2558 209
2494 432 209
711 4221 238
906 2691 209
4614 4392 184
3639 3271 194
4422 2668 238
2830 2672 173
1181 3744 238
4096 3900 189
3025 2089 217
4155 2387 238
570 3233 217
4970 711 238
2374 31 183
3434 4664 238
2588 2280 209
95 4650 238
1500 2352 183
2340 2465 209
1743 2331 183
2087 2516 209
1350 4916 238
187 3882 238
12 635 144
4134 4388 215
2723 3288 217
1774 4644 238
1520 1743 180
355 245 144
3125 140 217
1260 2064 180
2419 1354 183
1713 270 182
3706 405 217
2734 1800 209
2735 4820 238
4316 436 238
1088 854 179
670 2451 183
1488 4803 238
1838 563 182
3090 3611 199
206 961 179
1705 1912 180
2558 4830 238
3404 3817 238
1893 822 182
1523 3606 217
2444 1580 183
362 1529 182
3379 4448 238
2701 4046 238
4883 3788 215
4900 552 238
2590 1387 209
354 4427 238
1949 4795 238
3037 3507 199
2108 1093 182
418 4665 238
922 3821 238
3481 4167 238
995 1355 182
4124 3438 238
2934 4485 238
1318 1313 53
3932 4018 189
1710 166 182
4157 1609 238
2070 1746 175
2996 2423 217
1172 1296 177
3570 560 217
4802 677 238
1653 1572 167
341 3926 238
1744 173 182
3092 4090 238
1528 3567 217
3879 813 238
3051 197 217
2125 3334 217
4214 187 238
3500 3371 181
1795 569 182
116 1142 179
4343 2640 238
2438 4264 238
3199 3591 194
4940 1203 238
1514 1632 167
129 3258 217
1805 4572 238
2347 4684 238
3139 1226 217
496 2541 209
1422 3973 238
2227 635 183
4159 726 238
357 953 179
2646 473 209
3447 3340 181
3112 884 217
2604 2662 191
826 2543 209
217 2340 183
4175 345 238
597 2331 183
1268 4295 238
2014 758 182
520 3861 238
4651 3293 238
2833 1877 209
280 1991 182
3954 636 238
4296 1599 238
1108 2742 209
4938 571 238
4977 2541 238
4585 802 238
84 4801 238
4493 610 238
1497 1441 172
2940 2764 217
736 1305 182
4874 2607 238
165 4524 238
2252 4350 238
2752 2531 191
1340 1705 180
3166 1987 217
3303 626 217
1080 4592 238
2548 2408 209
3485 2132 217
4562 4920 197
1932 4054 238
529 3428 217
495 4820 238
2544 2582 178
1124 3769 238
188 2640 209
4644 2439 238
1989 2395 183
1321 4681 238
4099 4487 215
3019 3753 238
1464 4099 238
4696 4011 215
1506 3180 217
1143 1067 169
3099 4426 238
1473 4979 238
2854 1967 209
4798 1749 238
4548 2273 238
517 1087 179
4913 160 238
4878 1901 238
2554 1198 209
2933 3004 173
2036 952 182
3108 3499 199
50 4155 238
3862 2907 238
2335 4 183
326 1785 182
4429 1798 238
1764 3634 217
116 1561 182
382 1015 179
186 898 179
2101 98 182
2409 3330 217
3350 1314 217
880 2635 209
4317 2915 238
3586 3776 238
2766 4987 238
2931 1627 217
2893 1617 209
1630 4570 238
4753 2410 238
1367 1516 172
2396 2834 209
4429 2777 238
3848 4614 215
27 2301 183
1063 3787 238
630 764 171
101 1509 182
3398 4417 238
776 1983 182
4545 3541 238
3321 3827 238
1519 2566 209
1795 4500 238
2135 1547 180
1909 4854 238
3063 4304 238
2687 3843 238
3433 1535 217
4808 4811 60
3835 870 238
3597 816 217
2985 3697 207
2325 1383 183
4466 4452 140
4717 362 238
4344 3038 238
4188 862 238
603 982 179
361 4089 238
3880 3621 238
3942 3294 238
2925 1629 217
2136 2709 209
3163 1943 217
3871 1997 238
4164 2467 238
2812 3501 217
2516 1488 209
1235 3333 217
2291 951 183
3694 1634 217
340 2881 209
2495 2294 209
214 2855 209
1383 445 182
1476 324 182
3739 752 238
1952 874 182
4812 1466 238
4169 3682 238
4814 4684 197
2500 3978 238
4536 15 238
465 770 171
3347 4108 238
3073 3392 199
741 3412 217
2624 4588 238
2058 2837 209
3794 3440 238
3282 1621 217
115 3372 217
2372 3419 217
597 3535 217
4884 4765 166
3568 4698 238
801 1068 179
3675 336 217
2434 491 183
2458 2133 183
950 530 179
524 1691 182
293 3148 217
2630 2350 209
2336 1423 183
2141 1969 170
3044 2256 217
340 1767 182
2026 937 182
1654 3261 217
2053 221 182
2958 4205 238
1288 2984 217
4541 3722 215
4827 1998 238
2206 2128 170
3879 2729 238
170 4171 238
2228 2799 209
1521 4564 238
4222 3661 238
2884 3617 217
2268 3224 217
383 4293 238
512 2036 182
2554 2564 147
3609 1863 217
1769 4896 238
1199 2661 209
4969 2377 238
1010 2174 182
4504 4888 197
1255 4674 238
4058 3482 238
3824 1930 238
4397 3045 238
1943 2281 183
3013 4210 238
1856 4748 238
4855 2367 238
3135 3760 238
1282 1743 180
1974 4402 238
1639 3172 217
3414 2959 199
1900 4423 238
1485 2756 209
662 4091 238
3781 1072 238
3924 2604 238
3001 3321 199
2001 4943 238
1953 13 182
505 3808 238
4760 359 238
2526 2895 191
4118 159 238
4637 1091 238
4561 2627 238
615 2974 217
1938 3866 238
3749 3422 238
1621 4410 238
3864 401 238
1833 2787 209
3005 4834 238
2459 1357 183
1128 4411 238
1369 1632 172
4570 1129 238
3342 3447 181
375 2459 183
3606 11 217
4902 3166 238
3990 1868 238
2491 927 209
733 1239 182
700 3706 217
2001 4563 238
458 3833 238
2349 3462 217
18 4808 238
1170 2498 209
570 2539 209
4129 140 238
19 2471 209
3586 393 217
1281 3543 217
1755 2534 209
1708 744 182
4401 551 238
3022 1486 217
1789 3721 238
191 141 125
4635 648 238
326 1984 182
462 1695 182
3143 1631 217
4192 64 238
521 3321 217
1555 539 182
2143 1493 180
931 3423 217
35 2686 209
2309 3095 217
4781 1709 238
3645 2803 217
4546 1785 238
1523 1088 182
1926 1158 182
1736 3603 217
4493 3549 238
297 3987 238
1531 841 182
4050 2052 238
513 1957 182
2590 2655 191
3449 4873 238
2429 3483 217
2558 1089 209
1577 2338 183
2798 221 209
140 3695 217
2006 3015 217
4783 283 238
524 2870 209
237 16 128
1418 1885 180
354 4300 238
2725 755 209
1351 3237 217
2711 293 209
2243 1159 183
165 1024 179
4642 2722 238
2112 2570 209
1411 1261 177
2791 2903 173
4956 1148 238
917 1090 174
2782 1440 209
3959 3018 238
2807 376 209
4902 4512 197
4675 3979 215
266 2378 183
3567 2977 199
2670 2162 209
4135 2834 238
