1 10 20
100 200 125
201 210 89
900 1000 174
1 2 2
2 1 2
1 1 1
100 100 26
100 101 26
1 50 112
50 1000 179
1000 9001 262
9001 100000 351
100000 100000 129
100000 250000 443
250000 500000 449
500000 750000 509
750000 999999 525
1 999999 525
999999 1 525
142013 151511 375
42006 974281 525
741456 843152 525
624529 742191 509
423811 931397 525
471531 946365 525
770026 897639 525
154646 786222 509
17233 584321 470
724958 906793 525
14511 237889 443
189817 823250 520
295141 803322 509
758667 889486 525
15805 583135 470
47032 495653 449
318394 372344 443
105625 197946 383
601250 858304 525
71282 451024 449
353679 574312 470
433604 551617 470
137549 258989 443
323900 357578 441
194192 252873 443
2955 914749 525
770314 823496 520
385963 535156 470
207050 293705 443
356902 871116 525
550827 778248 509
18354 569773 470
130130 294374 443
238690 409377 443
452124 756704 509
33480 662578 509
398134 659183 509
146465 172427 383
292979 622149 470
390424 403488 405
87455 812493 509
435003 725925 509
427078 960119 525
309398 726503 509
308430 779444 509
849551 933421 515
273237 932390 525
84509 505023 449
259310 504725 449
249444 547967 470
57315 615713 470
46765 375413 443
360171 576817 470
127494 987331 525
13249 251552 443
162423 292278 443
696908 710089 504
325921 528718 470
208840 768764 509
194623 622702 470
624121 653505 509
99718 773928 509
863523 948203 515
130375 239784 443
80909 912910 525
84287 995278 525
312514 828890 520
65238 87014 351
207984 411680 449
419240 491231 446
666096 852049 525
419993 876608 525
315366 458715 449
1528 901889 525
111740 184163 383
330003 584311 470
429686 525757 470
44598 53630 340
627586 987021 525
837258 918338 525
155796 383053 443
123021 707143 509
81720 202055 383
737974 943471 525
503057 509509 382
937935 976644 507
674345 885376 525
497862 499810 395
339248 947354 525
654236 973054 525
290415 730328 509
320236 446150 449
117753 158152 383
562075 784469 509
382176 673081 509
195009 777132 509
476743 949028 525
337475 870177 525
148652 827637 520
287446 303964 422
201893 513402 470
37032 677695 509
211513 808212 509
660933 998845 525
364108 983334 525
446717 467356 444
571142 681517 509
282977 547982 470
318700 470888 449
159633 768593 509
382570 899074 525
413372 955655 525
831435 953103 525
297013 660817 509
518115 640576 509
548463 810738 509
453531 572450 470
499668 549015 470
266528 867217 525
464259 884273 525
90631 168171 383
463118 878584 525
632944 691815 449
247954 320528 440
319669 342637 384
63187 848211 525
191625 785607 509
450312 534493 470
81369 770839 509
724822 969311 525
491116 765489 509
306968 428977 449
586774 724038 509
628861 815128 507
236486 917432 525
317018 964474 525
16274 916997 525
319191 340295 384
236406 391612 443
152958 903988 525
271955 509214 449
44040 71435 340
501835 893541 525
315665 622231 470
54488 807445 509
274767 730207 509
507625 549554 470
676325 764824 504
274301 576560 470
339490 905746 525
495534 791442 509
185693 963468 525
15820 23409 279
784063 926720 525
336127 823691 520
196516 701017 509
231623 520391 470
411845 484721 446
333088 853005 525
273937 755218 509
163694 680530 509
281410 596281 470
16671 672169 509
365390 698114 509
281165 898740 525
345051 672679 509
244242 742246 509
163689 432838 449
575754 984800 525
140261 625173 470
892337 967770 515
651892 692249 442
141630 596172 470
91317 915016 525
330454 348448 441
208811 476982 449
762179 917715 525
482159 735871 509
337568 942763 525
662056 681007 398
229254 497880 449
410245 828074 520
142571 921602 525
219195 496213 449
312917 830704 520
177620 806592 509
187625 501570 449
262313 297840 440
13292 112939 354
541000 905438 525
352729 828950 520
241773 740995 509
197129 906962 525
92516 116949 354
24116 650911 509
30380 407077 443
461172 752505 509
758440 764354 380
657355 753708 504
635160 890398 525
538985 714198 509
547251 926594 525
461276 518494 470
80051 123299 354
301099 929492 525
128661 835726 520
581237 613350 436
677980 701246 442
196353 566532 470
669953 743309 504
95865 176468 383
680981 972712 525
577887 649306 509
495027 792088 509
197788 448954 449
92528 529046 470
36615 792687 509
299419 979992 525
198650 692459 509
384973 576888 470
13445 383658 443
3153 72270 340
138890 296116 443
632782 778625 504
100992 997775 525
406246 718348 509
190135 507451 449
304358 751332 509
508554 608185 470
208308 644793 509
413780 569064 470
804828 906863 525
184384 360395 443
338689 340629 366
319744 958875 525
93642 588473 470
163062 684618 509
583 630440 509
537758 861709 525
89554 207343 383
628897 872602 525
33805 170701 383
258242 985740 525
210181 411484 449
446062 601298 470
168183 613921 470
292697 769567 509
370670 824179 520
55826 142107 354
315897 948795 525
831450 835458 388
449877 827674 520
31725 398721 443
295948 676965 509
181759 711670 509
295717 909866 525
111883 310457 443
472427 659256 509
407880 994267 525
443394 499818 446
624081 957427 525
253410 509593 449
362816 563236 470
55185 189287 383
55280 196251 383
48704 679821 509
237225 940036 525
90079 923332 525
64441 418688 449
158698 935309 525
2193 128546 354
42076 203293 383
52432 700661 509
317478 372590 443
122906 631150 509
169504 619184 470
193567 536952 470
470233 493933 446
382768 706923 509
180493 814267 509
431976 984123 525
594009 606785 403
332955 344425 366
165314 289264 443
298398 957267 525
244362 272664 440
310406 649354 509
4510 382783 443
263340 918941 525
267830 525533 470
275447 965085 525
121315 508738 449
701368 994809 525
924507 958235 515
488890 532499 470
674177 871151 525
600578 807400 509
145934 738139 509
582293 969167 525
86358 89021 333
739840 990090 525
779497 785913 507
173588 494038 449
158858 767530 509
395076 431803 449
732443 860486 525
905148 905909 295
273152 861007 525
237144 512908 470
902392 994890 515
342252 784130 509
660575 757780 504
109775 684558 509
128128 693236 509
110388 329808 443
464197 750968 509
133378 790851 509
268930 657472 509
225285 777052 509
24390 220202 386
8886 619334 470
232110 760248 509
523497 986270 525
516679 757881 509
103060 472064 449
529064 670709 509
471586 670998 509
136377 602741 470
459017 889608 525
926797 974367 507
459201 816533 509
144001 277160 443
322714 973886 525
22450 730631 509
143066 505426 449
847424 860776 452
72705 873043 525
7995 735022 509
256030 686039 509
63510 331515 443
62127 192438 383
897122 991983 515
458070 562567 470
441040 720033 509
873513 925765 515
183953 370594 443
125918 485316 449
231877 402611 443
347168 930622 525
546908 614687 436
521575 796413 509
441683 500766 446
122139 622874 470
57988 258375 443
181732 571189 470
561542 955137 525
318451 807234 509
49491 701168 509
454922 670038 509
104640 361096 443
594214 615555 447
785648 887274 525
83042 296019 443
774627 789678 507
739428 820564 507
447953 546739 470
139611 972313 525
9214 229841 386
398382 748748 509
152894 212972 383
156815 420583 449
733442 909517 525
593531 640594 509
334149 739207 509
129469 805771 509
152571 758032 509
732878 961011 525
214444 305045 443
335525 446782 449
168764 218128 386
6143 854997 525
57210 322528 443
692546 742647 504
206755 661916 509
320863 457572 449
49564 611729 470
43963 848266 525
339621 463631 449
295636 865171 525
625131 900540 525
730418 883894 525
569002 756091 509
482361 977396 525
583387 862924 525
275887 899637 525
698038 722887 504
462796 980223 525
125375 771806 509
708691 796925 507
198444 896491 525
292447 641515 509
146796 808812 509
822034 846957 525
317506 741318 509
45554 982418 525
423645 691907 509
270097 550322 470
439174 740266 509
258338 922895 525
436407 635199 509
568664 592586 434
95289 908464 525
308535 441794 449
540688 872721 525
1113 832652 520
83526 753589 509
105584 135936 354
110122 738410 509
121718 317966 443
667343 719203 504
72017 566090 470
177848 755807 509
86383 814852 509
828060 904249 525
384578 434391 449
689526 965564 525
695034 696692 336
174207 291840 443
85077 743799 509
325324 549513 470
43518 863015 525
80219 533009 470
291658 509583 449
132257 237953 443
255330 866617 525
225580 480968 449
290647 602479 470
704886 848495 525
841733 980733 515
123726 819652 509
107639 829362 520
13976 118297 354
261864 534231 470
557521 846634 525
48508 983731 525
192739 475545 449
367947 520750 470
714569 878429 525
605865 690485 509
726516 858357 525
191680 708030 509
487471 554428 470
568416 978178 525
678023 804815 507
827848 997920 525
328037 976846 525
488860 692820 509
370581 382161 423
714172 805283 507
487918 668685 509
313007 977502 525
637636 893753 525
268273 720178 509
42552 926403 525
200278 560435 470
157908 632559 509
32402 323119 443
50662 549257 470
619180 760181 509
160053 550306 470
262622 402869 443
631780 934606 525
540343 573131 452
196340 426464 449
492716 838477 525
581897 982266 525
462611 795581 509
351744 747615 509
334583 737795 509
167148 972698 525
191493 593481 470
455353 681186 509
165389 189643 365
469275 552928 470
541430 568771 452
227466 597862 470
64909 161654 383
172549 564504 470
182190 539396 470
806980 842220 525
285158 927132 525
321202 753074 509
101497 836506 520
774070 778181 437
670208 795316 507
163631 575421 470
625853 658556 509
758409 793506 507
303982 691424 509
77426 534289 470
547243 896341 525
490414 590309 470
398449 480692 449
619952 737853 509
513023 615808 452
112543 605261 470
126480 426123 449
7402 478534 449
89586 818102 509
188194 967276 525
121802 393141 443
363134 415811 449
672990 936894 525
560536 562250 346
442464 932209 525
486761 783880 509
698918 798375 507
366985 965300 525
637916 884021 525
123505 706747 509
233580 686112 509
304802 824361 520
386629 630587 509
81163 606972 470
177387 504861 449
432442 621231 470
240416 291712 440
576258 945093 525
309976 483898 449
640508 832049 520
413282 488282 446
410811 527704 470
276984 883093 525
157086 284156 443
629338 916071 525
687138 799317 507
476878 487985 446
505214 727034 509
310288 685266 509
594715 621217 447
383312 498501 449
553956 688308 509
883505 924997 515
257688 757503 509
88542 97371 333
481918 677786 509
481050 998488 525
123409 760431 509
83442 502755 449
358185 847603 525
152365 328888 443
253131 581590 470
452812 874070 525
356591 550230 470
50257 745442 509
48708 901105 525
192725 767507 509
607279 626886 509
624060 884991 525
101323 162127 383
188614 941931 525
359955 774547 509
262727 806053 509
299430 647468 509
561991 967496 525
9198 894762 525
614891 623494 447
298808 785202 509
480474 756017 509
414891 858354 525
293932 798861 509
139035 376740 443
255365 411751 449
111530 351029 443
669610 687364 398
849225 885032 452
120583 493469 449
557502 714083 509
197360 382597 443
445735 842032 525
328488 766125 509
82464 310542 443
648797 722920 504
373218 629474 509
122514 272586 443
358024 705285 509
239135 721379 509
234888 355706 441
439915 863444 525
104542 493543 449
305959 353283 441
42530 594436 470
69562 531348 470
329246 741921 509
141616 960693 525
450728 544710 470
867310 984048 515
423845 966521 525
222429 831256 520
178950 667867 509
126320 761308 509
652267 713534 504
365211 793969 509
226836 854753 525
43119 345969 443
15655 813003 509
330119 613126 470
564760 575740 421
92277 141232 354
166848 310428 443
153442 427181 449
520380 919871 525
730244 820118 507
782198 844635 525
294119 657464 509
65671 419793 449
396902 426875 449
14813 413691 449
388003 781059 509
716069 780650 507
256764 885159 525
262536 438163 449
421253 451849 420
628734 747820 504
83066 851354 525
397326 433010 449
560726 758053 509
446187 988685 525
90651 638343 509
46010 54207 340
172438 510529 449
398973 517541 470
343077 389735 443
298640 797541 509
33555 301459 443
447002 931041 525
180037 347592 443
825289 994731 525
506502 710036 509
424907 889597 525
34710 237178 443
98932 171248 383
745050 913459 525
399165 674369 509
424192 864902 525
695545 760701 504
147777 614129 470
376488 640401 509
153 669952 509
670472 870506 525
849287 897602 452
200501 434274 449
63402 322423 443
116667 996322 525
223241 952145 525
612242 708960 509
506501 715497 509
50761 139948 354
54321 388041 443
284961 401241 443
519640 626890 509
166067 751967 509
512946 821045 509
205830 337996 443
2704 545301 470
152665 516575 470
526406 555515 452
46682 848753 525
797361 938283 525
277065 742938 509
357663 932359 525
756573 954693 525
272092 554227 470
65641 459239 449
326770 843497 525
510103 760267 509
179140 281942 443
472318 493270 446
201161 803868 509
733724 770118 468
49061 120870 354
1551 718445 509
292593 764883 509
66149 321793 443
73182 677473 509
95346 526575 470
346604 825162 520
525709 797336 509
224575 665729 509
608416 690942 509
52720 677264 509
348538 614305 470
271185 617207 470
45291 294225 443
532544 824477 520
366437 944883 525
319399 336221 384
23565 200555 383
62523 189729 383
540711 754974 509
180867 834797 520
61247 661819 509
269840 549349 470
418217 792071 509
55190 794073 509
324987 777797 509
164312 719187 509
550446 852119 525
74829 244440 443
518467 554928 452
341559 517171 470
55689 610165 470
134561 686697 509
517826 876492 525
261948 581919 470
778415 782907 507
626946 649679 449
560539 631716 509
121863 175092 383
512934 977453 525
411835 601352 470
327772 362530 443
500211 915414 525
228180 291566 443
821190 822094 375
90110 108521 354
329120 807728 509
179963 476052 449
158771 341194 443
415216 747752 509
136466 780877 509
119494 411196 449
125650 920443 525
442489 939127 525
479433 616758 470
585912 636902 509
965125 970172 365
280598 737102 509
276221 800611 509
116018 771809 509
124109 873993 525
217899 247829 443
193517 755936 509
27256 606391 470
312977 905557 525
382828 920015 525
232128 253152 381
643551 745781 504
792878 890863 525
819800 842829 525
275422 347747 441
429776 806672 509
127860 566868 470
71880 642852 509
273419 342336 422
304635 384355 443
206154 691977 509
329169 590824 470
589337 969459 525
314168 947648 525
32687 103559 351
795891 959195 525
197953 386068 443
326703 455115 449
242678 418346 449
664750 851523 525
584956 594369 403
335664 675227 509
305587 723545 509
167452 338361 443
198892 248772 443
448993 589205 470
399742 705629 509
682558 687698 398
419623 729059 509
344476 948853 525
545103 803325 509
39308 69565 340
163396 986343 525
366326 576288 470
243183 829047 520
5445 94853 351
513204 922709 525
16337 234694 443
143106 572702 470
798609 986411 525
338234 633224 509
641998 752388 504
1236 358063 443
502171 716965 509
412895 796258 509
898638 910790 476
740333 839141 525
94155 172227 383
260642 319396 440
12237 541646 470
75393 402565 443
612074 836347 520
424977 586380 470
613553 834441 520
112796 555027 470
437162 754124 509
405730 997531 525
971336 974751 416
404397 725024 509
588768 847232 525
595294 907939 525
14015 837528 520
166042 604052 470
371518 616297 470
809965 973683 525
105063 796875 509
451746 560699 470
473598 737534 509
29636 650600 509
356684 820615 509
844858 961265 515
12362 625013 470
768806 803202 507
24535 868514 525
508865 974432 525
174496 840139 525
219254 769888 509
413549 896138 525
108431 137307 349
91160 174855 383
106851 936245 525
26713 265745 443
37889 333252 443
483914 904145 525
63415 373240 443
133410 361228 443
305289 746175 509
618975 635770 509
203124 684196 509
1209 143335 375
279929 988850 525
746424 783906 507
565465 724572 509
284600 745284 509
557056 940539 525
528700 751520 509
389232 976794 525
248211 878788 525
534469 897619 525
298986 938195 525
174851 657882 509
617541 796910 509
179207 702466 509
265955 761166 509
443143 761313 509
18167 967282 525
777678 930406 525
218990 722008 509
191581 812619 509
403395 947696 525
270237 299335 440
185607 707856 509
53074 238981 443
464150 740364 509
386706 954788 525
259604 836067 520
312028 938440 525
557163 847478 525
342542 453144 449
308244 892874 525
109269 159883 383
310197 354482 441
233024 972956 525
778767 794749 507
130970 828861 520
38556 562020 470
66750 721007 509
304531 959330 525
25134 905497 525
609160 939616 525
805554 995365 525
363012 418703 449
236377 735219 509
38576 39638 275
701003 784643 507
250782 820797 509
632693 639862 416
670803 993019 525
212301 890420 525
150889 261605 443
137135 970049 525
294118 879816 525
300476 770132 509
423722 926774 525
214109 801753 509
83484 762006 509
216599 950028 525
35278 999806 525
488795 573036 470
961683 977464 458
742833 880504 525
111200 663846 509
741636 800861 507
449844 571343 470
12426 388711 443
838575 872773 452
314720 583423 470
188221 586741 470
518399 686643 509
73612 968246 525
7077 642460 509
505834 506319 364
403201 812307 509
55436 137520 354
171646 763489 509
133305 844947 525
916931 973871 515
22139 896275 525
480886 631715 509
239571 733691 509
694066 811802 507
36506 154570 375
91121 679900 509
379762 390982 436
158224 222412 386
766466 910975 525
328767 513018 470
31766 889998 525
129382 780004 509
307932 943383 525
346456 708176 509
2548 962716 525
376925 550544 470
555487 721631 509
351313 946803 525
614412 994678 525
311926 337145 384
714066 832298 520
76652 307154 443
60465 560921 470
951165 992895 458
59963 499994 449
102750 380684 443
162465 697263 509
66325 758862 509
244103 546460 470
418422 636442 509
323140 704757 509
34772 265108 443
121744 196982 383
128106 752241 509
469468 806244 509
615483 835341 520
171238 904856 525
26282 756969 509
329985 414451 449
648859 755489 504
298023 685570 509
160201 192977 370
294648 773120 509
328739 495926 449
499088 924464 525
184930 779808 509
203410 580842 470
115771 384916 443
156722 409549 443
177369 823912 520
268919 884964 525
177095 197518 365
405982 626867 509
29163 993675 525
273703 426683 449
430998 753752 509
172187 821283 509
302098 571096 470
198418 892265 525
869179 999439 515
192282 572054 470
46532 267925 443
84801 516391 470
800488 806977 406
679070 996412 525
599517 934718 525
546812 790533 509
119860 467810 449
455954 784000 509
102584 887947 525
463625 542960 470
58050 204121 383
383360 509043 449
565305 804460 509
75481 949557 525
284940 615378 470
900657 979356 515
671907 871327 525
168058 919252 525
14814 432142 449
192088 547391 470
300389 524347 470
550509 629566 509
627592 937012 525
39801 384084 443
150165 978252 525
332862 910146 525
