1 10 20
100 200 125
201 210 89
900 1000 174
8451 8629 203
6279 6820 244
2000 3339 217
3485 3682 194
89 6347 262
2995 4473 238
3027 8662 262
4901 7727 262
5954 7801 262
3062 5162 238
4632 5922 236
1184 5620 238
2628 5860 238
1933 8906 262
6281 9157 257
5055 6871 262
5043 8685 262
2767 6065 238
2752 3921 238
1325 3214 217
9073 9878 260
4182 6190 262
890 4915 238
1361 3843 238
6545 9289 260
8392 9040 247
2147 4242 238
5747 5914 218
2794 7850 262
4507 5427 210
9871 9978 242
6106 9427 262
8217 8339 203
1701 3053 217
37 2225 183
5576 6270 262
4604 4807 197
2000 9262 262
2283 5355 238
3486 8331 262
1119 5578 238
5898 6287 262
5100 5150 179
607 8865 262
6565 7938 257
1277 5780 238
1146 1580 182
8678 8895 216
2989 8391 262
2492 6683 262
1460 6480 262
5925 6660 262
3407 5139 238
3777 4705 215
4158 9934 262
7492 9270 260
4674 8911 262
1906 5879 238
4956 6856 262
740 4500 238
182 803 171
8626 9450 260
3809 6283 262
6191 8007 257
1582 6308 262
2601 7760 262
2555 2774 191
6438 8708 257
8564 9481 260
1062 7635 262
4199 5826 236
1657 8152 262
6101 7717 262
1606 8636 262
331 7199 262
6190 8524 257
4126 7924 262
3073 7924 262
550 3327 217
5440 6393 262
6189 7375 257
4576 5151 210
714 6650 262
5057 7570 262
5179 9151 262
3143 7971 262
2329 9481 262
6756 8498 257
4566 7989 262
206 653 145
6265 7674 257
2533 9642 262
9440 9577 198
3184 8164 262
559 4728 238
4216 5533 215
3638 4244 238
3871 7379 262
1767 8450 262
7103 7980 252
3938 4127 189
4395 6946 262
8617 8986 247
6783 7617 257
4661 6120 236
2765 5967 238
83 8405 262
2212 3227 217
4544 9687 262
3217 9695 262
5968 6953 262
5984 8257 262
5090 6324 262
752 3624 217
3172 9760 262
4888 9474 262
1464 9812 262
2504 2627 178
180 3276 217
491 8267 262
513 4887 238
845 6785 262
348 2964 217
70 5070 238
3479 8300 262
349 5927 238
1290 2701 209
5923 8613 262
169 3133 217
99 4807 238
1641 7510 262
2810 3294 217
1174 8891 262
1918 6443 262
7887 8948 252
644 8862 262
325 1119 179
4812 9740 262
3354 8730 262
8154 9304 260
2333 8154 262
2512 3989 238
513 8805 262
5604 6444 262
3335 5708 238
4199 5178 215
2497 8385 262
359 2070 182
2907 9470 262
1169 5618 238
117 1278 182
2896 9227 262
1041 4406 238
5762 8671 262
737 1899 182
6215 8829 257
3580 4525 238
2304 4557 238
93 5137 238
2247 7369 262
4838 9246 262
4649 9115 262
2457 6477 262
2274 7632 262
6716 9104 257
496 4223 238
469 7989 262
4070 6868 262
3946 4290 202
8299 9176 247
6699 7589 257
4636 6486 262
80 2850 209
4608 6963 262
5848 7729 262
1275 9175 262
548 9742 262
3485 9502 262
3073 7871 262
2092 3410 217
1522 3470 217
6326 7279 257
2086 2952 217
5651 9682 262
1589 7285 262
1779 9890 262
2893 8186 262
6570 7096 257
7855 8890 252
106 7301 262
1893 5912 238
1244 5664 238
5730 7091 262
3161 8870 262
635 7198 262
714 6286 262
2926 5266 238
2924 6497 262
6347 9517 260
6639 9094 257
6281 9039 257
6205 9043 257
5220 7190 262
4931 8922 262
4480 7191 262
616 3585 217
2128 9762 262
1839 3770 238
6719 9638 260
2574 7048 262
4727 6772 262
1355 2752 209
2510 3684 217
7434 9813 260
2001 8190 262
1171 1840 180
956 1523 182
6896 7434 257
903 3146 217
330 4930 238
4271 7461 262
3247 5690 238
1994 3895 238
1910 4792 238
1087 8634 262
3937 6888 262
3239 5798 238
181 7351 262
5293 5939 236
1876 3728 238
1581 2784 209
3215 4711 238
7825 8437 252
93 9457 262
2375 7005 262
870 4704 238
1802 4893 238
207 1097 179
6660 8878 257
2462 2551 209
5296 6442 262
4506 7688 262
9339 9948 242
2260 8401 262
3488 6575 262
6429 9781 260
5626 8141 262
4137 5948 236
3946 7324 262
2548 7212 262
375 642 142
1339 6904 262
509 4589 238
2082 5355 238
2020 9977 262
1136 3268 217
5058 8798 262
2645 7777 262
4067 8060 262
3337 7747 262
1549 2045 180
526 1910 182
1525 4403 238
2096 4971 238
7926 9266 260
3256 6884 262
1117 2366 183
2014 2734 209
3544 6939 262
3768 7832 262
3198 7852 262
4435 7811 262
9542 9612 198
3634 8988 262
4380 5716 236
9532 9648 198
3687 3936 238
4800 7550 262
1363 2595 209
4847 8206 262
4934 6715 262
7776 8647 252
3877 6011 236
1754 8701 262
152 6674 262
47 2106 182
2730 9846 262
3193 7558 262
5854 8747 262
4304 6610 262
7266 8318 252
3050 3504 199
2034 5661 238
145 3162 217
6809 7985 257
4251 5147 215
383 6796 262
7025 8393 252
1078 6027 238
4610 9196 262
1913 3375 217
1309 4404 238
2232 8063 262
4680 9027 262
1012 4345 238
3631 8779 262
1617 3207 217
743 1736 182
5479 5827 236
7469 7990 252
688 5195 238
3385 6850 262
105 6310 262
8191 9823 260
435 740 171
6879 8553 257
6705 9924 260
2836 5466 238
1919 8106 262
307 7308 262
6576 9957 260
1995 7877 262
3764 6395 262
2187 3417 217
3347 7212 262
1223 5701 238
1309 1846 180
6653 7831 257
6576 9411 260
6221 6702 244
6756 9843 260
2778 4307 238
5876 9893 262
2257 9481 262
2628 8152 262
1607 6366 262
1160 9618 262
3763 4805 215
5521 6414 262
474 9654 262
5043 5380 192
3020 7588 262
1283 1429 177
7760 7980 252
4677 5850 236
4657 9334 262
4062 8301 262
4277 6097 236
1064 9187 262
1661 1951 180
2153 9792 262
557 3190 217
2692 7104 262
3712 4702 215
2308 7178 262
2576 9962 262
1886 8252 262
7559 9695 260
3202 9921 262
3977 8895 262
5280 7276 262
5228 8302 262
6246 6533 200
6369 8936 257
2799 9814 262
3963 7601 262
7502 9177 252
3679 6949 262
744 1762 182
2094 8442 262
977 4419 238
6736 8909 257
4266 5013 215
981 2689 209
4064 9003 262
4168 9210 262
2920 4138 238
4341 5818 236
1634 8701 262
5011 9165 262
5996 6192 262
65 4609 238
2439 8952 262
7381 8616 252
4329 5388 215
4092 4897 215
329 9474 262
350 3759 238
1713 7150 262
6807 6866 182
2405 2708 209
340 493 142
18 982 179
8430 8942 216
7209 9940 260
3382 6475 262
1574 5477 238
8594 9732 260
4481 8168 262
4092 5068 215
4611 4730 184
1097 2302 183
5856 9401 262
508 7594 262
3405 3701 207
7360 8597 252
2435 6066 238
876 6097 238
1007 1128 169
1131 5245 238
8130 8415 234
6641 8885 257
6921 7774 257
1321 7576 262
4853 7624 262
3239 8164 262
5568 9721 262
4772 9256 262
1198 1257 177
1015 5671 238
4202 8597 262
334 7062 262
7815 9295 260
1348 9369 262
32 5415 238
1922 9756 262
4850 7550 262
404 3234 217
2906 6993 262
5158 9460 262
5633 5713 205
6596 9308 260
1230 4613 238
1522 7892 262
602 6866 262
2691 8393 262
106 1605 182
4583 7862 262
141 3593 217
387 5769 238
1856 8911 262
1006 3429 217
357 6380 262
4904 5907 236
4928 5582 236
2424 5729 238
128 369 144
6846 6976 257
5176 9016 262
4839 5366 210
69 8956 262
4134 7333 262
3353 9009 262
2356 6436 262
1408 5290 238
5793 6399 262
7480 7601 208
6104 6120 156
2077 7490 262
4406 6467 262
381 1098 179
122 3340 217
761 5529 238
2540 4049 238
5976 7635 262
8503 9889 260
288 527 144
2205 3027 217
1739 3085 217
2920 7141 262
4077 9919 262
8015 8546 234
7647 7787 221
8049 8653 234
287 4082 238
4625 8522 262
8187 8260 190
5020 8413 262
1917 9391 262
393 3053 217
6328 6835 244
3141 6649 262
3661 7470 262
4455 4493 184
818 5245 238
728 4029 238
1208 1820 180
1933 9578 262
7289 9940 260
5714 6290 262
5213 9682 262
9185 9574 260
5725 9520 262
4167 6004 236
712 6784 262
3786 8677 262
7034 8300 252
2867 8230 262
6881 7966 257
2902 7946 262
6581 9157 257
6383 9528 260
3605 6261 262
333 6221 262
1408 1577 172
1418 7999 262
6036 9692 262
5197 6987 262
582 9061 262
217 2874 209
2134 5672 238
8 3290 217
1288 9022 262
979 2045 182
3024 5235 238
574 5453 238
1321 7207 262
7115 8912 252
6382 7880 257
911 5619 238
5073 5443 192
5082 7582 262
4336 4412 215
8195 9104 247
2276 6378 262
911 1594 182
263 9615 262
3431 5279 238
529 1075 179
1519 1772 180
2350 7296 262
362 7379 262
181 8371 262
1046 9923 262
7796 9643 260
1828 3028 217
1579 6925 262
2929 9349 262
5837 7520 262
1263 9986 262
3422 4211 238
2905 9996 262
3394 6725 262
3675 8728 262
2492 3818 238
1187 2880 209
1099 5519 238
7317 7609 239
6117 6230 262
4157 6748 262
1919 6800 262
4880 9218 262
6998 9192 252
5760 9308 262
3191 4818 238
445 6031 238
4580 4918 197
2283 9300 262
76 1501 182
2600 4921 238
408 9965 262
5715 8827 262
4567 6358 262
2786 9508 262
26 9303 262
81 3763 238
2651 5792 238
5379 6231 262
2629 3239 217
303 8724 262
1287 2593 209
3302 9250 262
2158 7844 262
394 8502 262
5723 9195 262
2770 7751 262
6715 7293 257
6489 8766 257
4409 6342 262
7669 8041 252
3976 7657 262
44 3475 217
7217 8748 252
2218 6493 262
546 4376 238
1893 7901 262
6481 8515 257
739 9806 262
3854 8322 262
7066 9445 260
1027 1345 182
388 4365 238
255 4457 238
7378 8528 252
2235 5791 238
2306 3243 217
1716 6208 262
3326 6553 262
3893 9352 262
5590 9595 262
4966 9468 262
2491 2662 191
4073 6538 262
1991 2469 209
5784 6326 262
5550 7286 262
1811 2857 209
2214 7213 262
529 4619 238
2694 3877 238
6479 8484 257
1805 7181 262
737 4897 238
7829 8779 252
5537 5953 236
3430 3771 238
899 9000 262
6471 9329 260
6367 7007 257
4054 6701 262
533 7149 262
6156 8314 262
628 7729 262
5248 5862 236
1318 2712 209
27 6012 238
3563 3707 207
938 6630 262
1843 6143 238
4827 6440 262
1306 5069 238
5217 8972 262
4042 6369 262
7620 8156 252
7285 8551 252
900 2152 182
3913 5531 215
6579 8461 257
1854 4138 238
1654 5180 238
1822 2631 209
1367 6776 262
7894 7985 252
5837 9751 262
750 2478 209
2232 7536 262
6370 9661 260
2668 2836 173
342 9622 262
872 3832 238
3024 4182 238
1068 6677 262
709 7401 262
2074 5981 238
919 3078 217
5340 8052 262
226 7957 262
1280 7596 262
5050 7478 262
1482 8501 262
1655 6051 238
6049 7399 262
3976 6494 262
374 2009 182
6865 7638 257
992 6944 262
3941 4896 215
3740 7293 262
3080 6510 262
1178 6923 262
976 5244 238
3815 6432 262
3937 9693 262
3919 8502 262
1390 7066 262
2213 7061 262
4530 7425 262
5301 7892 262
6642 7249 257
589 1941 182
4371 7534 262
609 9655 262
3305 7206 262
2619 3409 217
7914 8731 252
1343 2130 180
2915 3897 238
2121 6261 262
1606 9917 262
244 1262 182
2365 6332 262
1609 4290 238
1761 2654 209
6616 8606 257
162 2587 209
1212 1368 177
1217 9348 262
4258 5982 236
7012 8584 252
2319 8980 262
1237 6157 238
5550 9573 262
2150 5952 238
808 1143 179
5125 5751 236
398 862 171
3650 4903 238
2119 8070 262
3385 4651 238
3071 8261 262
369 9195 262
9152 9547 260
9327 9674 198
1060 1596 182
286 1302 182
6618 9083 257
4764 8122 262
4489 7162 262
1338 8088 262
2326 9067 262
2057 6712 262
1297 7032 262
5873 8160 262
4786 6707 262
3151 5005 238
318 2126 182
1653 4469 238
1234 8444 262
8763 9899 260
4530 8863 262
2222 4467 238
519 738 171
2943 8586 262
184 9601 262
1581 3019 217
3225 8707 262
6413 9534 260
2130 8672 262
1036 9661 262
2462 8494 262
4809 7766 262
3774 3784 132
1724 7041 262
7092 7299 195
2809 8603 262
7487 7770 208
863 3739 238
2474 5135 238
3083 7047 262
4716 8898 262
11 6948 262
661 1253 182
4998 6764 262
8901 9900 260
1305 6910 262
2367 2603 209
899 8915 262
370 4937 238
5206 9640 262
728 1125 179
3357 4013 238
96 563 144
253 4984 238
1414 4038 238
2359 2836 209
431 8745 262
5937 6718 262
5555 7180 262
791 3207 217
4990 8989 262
2556 2683 191
426 5375 238
1630 8200 262
1840 9650 262
7781 9024 252
9534 9770 198
3340 4229 238
4411 7208 262
418 4299 238
874 9729 262
2056 2418 183
4197 7389 262
519 5850 238
611 3427 217
2562 8180 262
7818 8367 252
344 6101 238
66 940 179
4299 7678 262
933 3933 238
4158 5947 236
1489 6688 262
4584 6841 262
1129 3740 238
7926 9570 260
5906 7626 262
811 4444 238
2656 6609 262
7313 8780 252
4967 7535 262
4129 8418 262
2902 7070 262
5148 7336 262
1015 3738 238
1824 3463 217
816 3655 217
2437 9070 262
1330 8764 262
3753 9864 262
3680 4111 238
1217 2111 180
170 3823 238
1418 9601 262
698 8260 262
8920 9523 260
1701 6771 262
5993 8884 262
2691 7198 262
366 787 171
2568 4293 238
1022 3337 217
3207 8060 262
3645 7549 262
2166 3060 217
222 8268 262
4210 5495 215
1160 9651 262
5691 7182 262
719 1407 182
192 1186 182
127 8451 262
419 9423 262
814 8269 262
4709 8360 262
719 8176 262
463 1368 182
263 6252 262
8348 8664 234
5084 7451 262
7855 8219 252
4781 5430 210
1765 4693 238
715 5190 238
2554 6714 262
5736 8192 262
2634 7817 262
2934 7718 262
1515 3203 217
4356 8242 262
4951 8325 262
357 3983 238
3830 5699 236
2412 8613 262
7976 8517 234
3599 7507 262
2116 7987 262
1563 9835 262
1839 9453 262
189 7662 262
418 9777 262
528 4736 238
837 1430 182
3578 5636 238
7335 7643 239
3979 4747 215
1170 2853 209
2194 4567 238
5577 8257 262
4302 9772 262
5898 6495 262
2153 9322 262
3205 5413 238
4732 9117 262
4126 5145 215
3232 8577 262
4498 5482 210
364 499 142
4022 6300 262
6627 8049 257
2867 8453 262
4854 9852 262
806 7889 262
4684 6362 262
4255 5027 215
3521 5924 238
9 4471 238
2961 5569 238
4593 6233 262
3362 6146 238
4747 5686 236
7765 9510 260
4435 6102 236
3086 9967 262
6381 8672 257
1173 9741 262
2204 3356 217
3306 5945 238
1653 9821 262
817 1345 182
3874 7351 262
2196 5575 238
6402 7702 257
2526 5927 238
4195 4555 215
3134 3235 199
8505 8954 216
7056 8735 252
2666 6071 238
932 3869 238
1289 4751 238
1459 2398 183
1492 2916 209
5833 9944 262
5935 6659 262
948 4386 238
8720 8904 216
6529 7554 257
1014 4740 238
3490 4533 238
4871 7993 262
308 8755 262
3964 6459 262
4418 9078 262
1290 8530 262
4218 6778 262
2915 4614 238
148 5031 238
2272 2833 209
777 3387 217
5102 8335 262
939 3695 217
2266 2908 209
2464 9703 262
4764 5619 236
196 2154 182
6825 8782 257
2356 9336 262
4474 6855 262
7234 7740 239
2954 3320 199
2691 6731 262
2994 3637 199
4921 5677 236
5318 9910 262
4454 5517 210
5507 8699 262
7689 8781 252
1945 7009 262
6196 9257 260
4337 7677 262
6819 7089 257
4046 8190 262
6719 6876 182
207 6494 262
2675 4546 238
701 7582 262
1172 8675 262
252 6497 262
2610 5977 238
4569 6951 262
589 9833 262
1982 2156 170
1376 3761 238
7469 9889 260
3325 5857 238
802 2621 209
5105 7598 262
1180 5545 238
3692 9870 262
2824 8056 262
4322 5208 215
1242 5445 238
5328 5590 236
3677 4435 238
4307 7742 262
29 2185 182
5285 8914 262
1898 4161 238
4795 9288 262
4251 7103 262
3766 6283 262
267 2255 183
1219 3684 217
2398 7070 262
1838 8932 262
6591 7141 257
2086 8667 262
1109 7475 262
1673 5643 238
6718 8731 257
2546 7728 262
1798 9150 262
2059 4050 238
5667 8884 262
1171 8195 262
558 8471 262
8472 9591 260
2944 9207 262
637 7512 262
593 6855 262
