592 811 171
323 869 171
126 368 144
294 380 144
51 943 179
316 884 179
118 134 122
54 781 171
740 904 179
312 516 144
90 179 125
8 738 171
774 858 153
690 833 171
12 707 171
636 644 132
394 559 142
71 92 116
70 95 116
144 536 144
174 514 144
441 895 179
346 836 171
73 217 125
415 832 171
409 921 179
245 984 179
520 661 145
588 633 132
881 914 148
414 789 171
641 723 171
14 461 144
4 107 119
278 760 171
134 389 144
11 441 144
117 535 144
158 457 144
254 663 145
14 955 179
157 405 144
596 484 142
277 812 171
47 207 125
481 954 179
490 605 142
575 825 171
79 952 179
23 578 144
131 673 145
428 877 179
210 528 144
435 681 145
136 459 144
381 702 145
155 374 144
731 915 179
532 793 171
499 747 171
598 895 179
111 714 171
147 586 144
321 378 144
613 666 145
221 920 179
222 409 144
953 982 143
432 640 142
224 916 179
485 983 179
43 336 144
193 484 144
78 591 144
190 556 144
220 855 171
349 699 145
281 500 144
97 751 171
258 823 171
386 865 171
72 974 179
386 442 134
628 901 179
370 763 171
77 836 171
813 888 179
269 492 144
748 789 153
450 651 145
44 527 144
178 580 144
456 897 179
365 756 171
634 791 171
636 794 171
65 516 144
774 929 179
84 520 144
329 675 145
4031 4779 215
4493 4843 197
2430 2527 209
2333 3196 217
4393 4806 197
2392 3875 238
3814 4455 215
3191 3842 238
1565 3644 217
2102 2535 209
3540 3554 119
2518 2966 217
2772 3385 217
3474 4211 238
3719 4097 189
1868 2818 209
1401 4493 238
2646 3032 217
2386 3261 217
2248 4284 238
3273 4849 238
2783 4933 238
2555 2829 191
4305 4550 215
1259 3737 238
3842 4815 215
1622 1901 180
3589 4469 238
2773 4047 238
1779 4098 238
1618 2601 209
1964 4533 238
1999 4772 238
2241 4468 238
2147 2484 209
1276 4636 238
3047 4577 238
3060 3497 199
2987 3185 199
1186 3351 217
1656 4811 238
4191 4428 215
1132 3846 238
3716 3796 176
2108 3263 217
1440 2463 209
2399 4117 238
1950 2209 175
2802 3413 217
2839 2861 173
1731 4364 238
2054 3637 217
4714 4996 210
1755 4215 238
1849 3352 217
3452 4965 238
3377 4931 238
1517 4842 238
2613 4753 238
1811 2868 209
2345 3655 217
1250 1970 180
3803 4531 215
2223 3653 217
2103 2794 209
1206 3613 217
1036 2236 183
3509 4817 238
2250 3584 217
1989 3068 217
2509 3999 238
3980 4361 202
1463 3657 217
2525 4527 238
1823 4640 238
1520 4351 238
1532 3423 217
1620 2144 180
1089 2625 209
1921 3737 238
2619 2993 217
4002 4463 215
1254 3522 217
1581 1720 180
1764 4163 238
1464 4554 238
1372 4385 238
2502 4078 238
1411 4164 238
1095 1317 182
3975 3979 145
1650 4417 238
4315 4676 215
3638 4868 238
2249 3138 217
2615 4469 238
1451 4721 238
1340 4400 238
2292 4013 238
2901 4668 238
7597 8256 252
8859 9083 247
6234 6497 200
5694 8084 262
7869 8625 252
8782 9572 260
6997 8995 252
6082 8702 262
7282 7640 239
7898 8343 252
7427 9890 260
8196 9336 260
5811 8008 262
7230 7810 239
7587 8243 252
6850 9668 260
5615 9030 262
6123 6354 262
7093 8502 252
5606 7301 262
5816 6946 262
5207 5416 192
5357 9915 262
6223 6372 200
6119 7660 262
5182 6943 262
7629 9713 260
8616 9763 260
6626 8817 257
8292 9867 260
7036 9883 260
6179 7273 257
6518 7717 257
8476 9312 260
9560 7800 260
5197 6799 262
6326 7589 257
5860 6389 262
6614 6954 257
5642 6078 218
7525 9760 260
8001 9151 247
7299 7538 239
9372 9851 198
7095 7278 195
6582 8348 257
5482 6910 262
6239 8380 257
5732 5807 205
5163 7979 262
5843 6454 262
5622 7619 262
6311 6470 200
5109 9412 262
6313 7967 257
8226 9977 260
7749 8731 252
7037 9361 260
6147 8570 262
6349 7143 257
5396 6754 262
5921 9711 262
7297 9524 260
5163 6630 262
5679 5770 174
5942 8243 262
5626 6687 262
9083 9361 260
8877 8951 185
7302 9859 260
5096 5949 236
5599 7977 262
9434 9937 242
8329 9415 260
6203 8593 257
5938 6599 262
8374 9999 260
8249 9413 260
5205 7812 262
6405 9888 260
7519 8718 252
7818 9029 252
7094 9785 260
5676 6221 262
7604 9360 260
5885 8512 262
6978 8057 252
7772 9665 260
6096 7973 262
6758 7579 257
6073 9694 262
5971 9220 262
7692 9312 260
5165 9541 262
7005 7749 239
6798 8245 257
5349 6485 262
6063 9123 262
6130 8210 262
8796 9003 247
22628 23884 282
24420 24651 233
20708 23234 269
20811 23572 282
21051 23680 282
22996 23579 282
20046 23919 282
20527 24350 282
20252 23432 269
20678 24556 282
20147 20441 243
22444 23063 269
21186 23513 269
24345 24534 202
21454 23144 269
23326 23648 282
20075 24823 282
21114 22047 269
20391 24228 282
20838 22928 269
21967 21978 163
20516 22123 269
20869 22705 269
24307 24431 202
23238 23484 251
22248 24378 282
23235 24176 282
20513 21215 256
24615 24950 264
20794 23864 282
21203 23024 269
21845 24261 282
24428 24759 264
23809 23839 145
21803 24776 282
21042 22160 269
22963 23490 251
20979 21271 256
21346 23794 282
20390 20683 243
21659 23195 269
22731 24120 282
22006 24700 282
20953 24279 282
21521 22015 269
20624 21977 269
23172 24812 282
24176 24718 264
20298 22857 269
20135 21734 256
32619 37308 324
28884 30890 272
36724 39509 306
30423 34416 311
43038 44482 270
29872 37740 324
34715 44952 324
32723 40863 324
29520 29654 210
27708 49580 324
38391 47658 314
31080 34161 285
31978 32387 254
30069 44973 324
36585 40046 306
36684 45154 314
37674 38315 262
28720 41876 324
37805 49522 314
38539 48802 314
36914 37383 262
25826 35445 311
25726 42401 324
37184 41834 306
39954 46051 314
34606 36824 324
39260 48979 314
26503 34397 311
35570 38784 324
27964 39053 324
43270 43511 226
33913 43575 324
34016 44360 324
36698 47680 314
43481 44588 270
30132 49152 324
34502 48132 324
32584 36836 324
41398 42708 288
30451 30833 254
36022 40644 306
37404 43606 306
43240 45892 314
26979 45201 324
33660 42582 324
33204 37366 324
25908 37015 324
32235 34490 311
36883 37504 306
43452 49966 314
102710 104451 310
102036 103095 310
103212 103245 204
101998 104126 310
101521 104852 310
102165 103531 310
103231 104076 279
100647 101946 310
102142 102648 310
100616 101566 310
101133 103831 310
103910 104946 310
101056 101953 310
100721 101019 235
100280 100699 266
100920 102227 310
102986 103500 235
100327 101164 297
102129 104091 310
101654 103706 310
102704 103683 310
100982 101074 235
100733 101656 310
102594 104651 310
102327 102445 204
100488 100710 266
104616 104640 310
102443 104672 310
100682 104257 310
102202 104404 310
101703 104959 310
101421 102932 310
104206 104323 297
101050 101842 310
101599 104716 310
102960 103601 235
100824 101879 310
101618 102697 310
101917 102364 310
102415 103396 310
100392 101522 297
100414 103090 310
100983 101585 310
103193 103225 204
101322 101642 310
101092 103147 310
101661 104370 310
100616 104721 310
104226 104948 310
102645 101757 310
131437 132661 331
106519 136685 349
116136 145116 375
111538 144097 375
113492 143716 375
123771 129774 331
141699 145797 375
105962 135744 354
115786 135138 344
109244 110021 310
110993 142899 375
127872 136289 344
127414 129346 331
125715 134430 344
105489 107149 354
133677 147975 375
135260 149520 375
114515 132510 349
108927 147074 375
126706 145354 375
108826 140661 349
118097 135427 344
105841 129839 354
120415 129057 336
127702 141526 344
138613 143083 375
109397 148794 375
106712 112765 323
105266 145315 375
106656 140211 349
131349 131890 269
148941 149458 295
107448 145394 375
144452 145163 295
116148 120939 336
114466 134928 349
107764 131500 349
125872 133221 344
111946 128780 349
121169 145865 375
122918 135064 344
127006 145301 375
138468 140130 344
118161 129741 336
112883 119802 349
112213 116508 349
113558 125742 349
127055 133132 344
126132 142847 375
131026 131465 300
551404 563582 421
586325 589813 359
558290 578878 421
502293 555236 470
522354 572732 452
572111 582922 390
529320 585210 452
537287 570897 452
520746 538610 408
523257 530152 408
534622 565885 452
572289 594236 434
557324 590865 434
516122 519030 439
505924 515696 470
503290 566328 470
541307 576310 452
515772 536731 439
542554 567551 452
513313 551305 452
530849 581945 452
516977 565920 452
550324 589200 434
595222 597220 372
540299 579635 452
504158 519410 470
501427 567830 470
510696 534381 470
533934 576248 452
580137 589784 434
533893 563024 452
521440 548523 452
519698 586444 452
520516 576355 452
528839 594736 452
534563 563740 452
539049 584395 452
511494 530276 470
501910 538971 470
571881 593748 434
568509 598254 434
501041 511941 470
553807 577542 421
572826 588261 434
531285 580518 452
523049 596081 452
543879 559266 452
526768 586056 452
517620 533134 439
591997 599989 372
720631 724103 411
742438 743404 318
721755 748842 424
710277 717150 411
722408 736281 424
711524 714933 411
709171 715525 411
707319 745941 424
710028 735659 411
728166 745089 424
724809 739605 424
719827 739560 424
700319 712524 411
711794 731004 411
721778 726631 411
727483 746272 424
714594 727375 411
745007 719889 424
713983 749495 424
705202 709722 349
701404 713441 411
714447 731813 411
726972 737547 424
708490 732646 411
706029 715561 411
737524 741589 424
714424 747828 424
706315 733108 411
737731 746945 424
738426 742692 424
711925 743506 424
724746 749411 424
721238 735887 424
708485 749274 424
721732 744004 424
703341 726253 411
722746 740909 424
737865 749109 424
704775 711007 380
702886 728509 411
720560 745419 424
708323 715687 411
742869 746266 349
706565 734857 411
716553 743340 424
722794 724148 380
713948 737558 424
725241 739783 424
725830 736091 424
727040 736219 424
987776 989545 321
909198 993373 476
928877 948725 445
954689 978871 458
907162 961082 476
950290 992567 458
963916 988572 458
906676 979699 476
952889 989535 458
939209 961125 414
956957 986896 458
950753 961989 414
975998 996886 427
911572 918421 401
907713 960769 476
989574 997513 365
943447 978264 458
941315 969748 414
931756 940811 445
908852 961021 476
930390 943183 445
936610 981533 458
925043 983618 476
952798 955579 414
932485 975746 458
916702 953952 476
916012 929240 476
915041 981698 476
933638 955452 445
947799 978384 458
924588 951481 476
901645 923163 476
956402 957546 352
932494 940436 445
910162 997273 476
915498 945685 476
915192 994841 476
925373 933324 476
920741 943989 476
963920 996370 458
904332 952969 476
983402 993736 427
987209 997912 365
947049 969285 414
945412 946856 383
969225 978741 458
910623 979316 476
971806 990570 427
972185 983365 427
929782 973388 458
904070 982945 476
923090 928711 476
942370 969537 414
943663 952205 414
950296 955742 414
917811 919661 339
957027 994820 458
920819 954810 476
933691 937646 414
927085 939806 445
901064 901237 251
963818 999095 458
917431 918782 339
919099 925154 445
928481 966332 445
929342 934973 414
949712 980273 458
919812 951303 476
909008 942836 476
930921 980098 458
950887 998946 458
919062 974501 476
961779 997567 458
924131 935530 476
924951 925011 308
942183 977271 458
978047 978127 246
914842 967619 476
964332 967270 365
919263 924037 445
903060 949407 476
955997 996964 458
959072 979189 458
964816 988669 458
903614 989250 476
919971 923050 445
904887 964109 476
971098 990840 427
940433 996806 458
920238 939205 476
903630 917007 476
906224 907603 370
911321 999704 476
919975 933146 476
907845 916521 476
969913 984475 458
949862 978071 458
989848 993633 352
942090 966019 414
918918 932894 476
2284 5112 238
2733 4338 238
3735 5271 215
1276 2026 180
2266 3299 217
2124 3233 217
1984 1512 180
2276 5628 238
2393 4557 238
1670 3339 217
1969 5027 238
1963 3077 217
2111 3337 217
3209 4803 238
2897 3828 238
1240 5349 238
2665 3758 238
3726 4667 215
3475 4316 238
3106 4730 238
3166 3980 238
2102 3124 217
3554 4430 238
1239 4060 238
4720 4908 197
1795 2679 209
2563 2929 217
1293 4276 238
4988 5378 192
1520 1845 180
1965 2276 183
1262 5385 238
1899 2810 209
1296 3484 217
2064 2793 209
2193 3756 238
4560 4694 184
3017 3421 199
1875 5023 238
3197 3366 181
2393 5067 238
1597 5507 238
3720 4280 202
3639 5176 238
3721 4333 202
3014 3718 238
1651 3861 238
1875 2169 175
2284 4825 238
3770 5380 215
6351 6375 200
6042 6629 262
6551 6740 244
6023 6723 262
6169 6472 262
6320 6620 244
5994 6444 262
5790 6468 262
6279 6509 200
5805 6091 218
5865 6719 262
6164 6304 262
5894 6021 187
5964 6703 262
5945 6633 262
5940 6219 262
6366 6621 244
6132 6777 262
6391 6557 200
6221 6779 244
5962 6059 187
5694 6344 262
5842 6277 262
5945 6080 187
5975 6063 187
6003 6788 262
6065 6545 262
5744 6770 262
6492 6569 213
6334 6771 244
6082 6227 262
5844 6378 262
5973 6356 262
5987 6126 187
6580 6608 244
5938 6084 187
5843 6436 262
5956 6462 262
6136 6577 262
6306 6628 244
5954 6756 262
6481 6788 244
6246 6678 244
5950 6027 187
6096 6198 262
6693 6731 138
6228 6718 244
5911 6242 262
5753 6769 262
6334 6675 244
70 83 116
80 95 111
17 62 113
23 31 112
66 72 103
53 73 116
73 84 116
32 60 113
33 98 119
29 88 116
12 50 112
33 45 110
53 66 113
14 65 113
61 81 116
54 80 116
25 57 113
44 83 116
52 81 116
17 72 113
56 75 116
48 81 116
53 53 12
53 98 119
25 27 112
196 330 144
243 367 144
113 332 144
535 757 171
633 783 171
386 438 134
203 713 171
324 402 144
688 774 171
290 853 171
249 554 144
855 936 179
291 598 144
209 791 171
535 744 171
161 374 144
621 940 179
866 953 179
259 820 171
719 783 153
820 161 171
682 814 171
702 929 179
699 773 171
205 927 179
1645 2120 180
3652 5593 238
1569 3828 238
3800 4025 189
8383 8943 216
2920 4542 238
6958 7312 195
1118 5331 238
1195 8577 262
7396 9744 260
7243 8696 252
1724 4336 238
1154 3276 217
2660 7420 262
7645 9668 260
8767 8907 185
5400 9838 262
5033 6895 262
2100 9091 262
1836 8213 262
5328 6946 262
3809 7839 262
4434 9373 262
8166 9305 260
4221 7229 262
52131 54585 340
77790 82642 338
59688 73069 335
98922 99411 328
16109 71223 340
46075 77589 351
43517 74138 340
21154 57006 340
78136 80017 338
35632 94823 351
39769 42784 306
11585 36568 324
19680 26896 308
12893 71519 340
48500 86335 351
27292 55327 340
13441 79262 351
18323 27171 308
15720 30173 308
39819 56693 340
61154 74697 330
26732 56414 340
32217 91880 351
56526 96159 351
11927 78545 351
109693 759041 470
117681 575774 470
111752 591695 470
641508 917752 525
43232 418539 449
95616 999466 525
295031 725922 470
510603 518589 470
88206 487799 449
617842 893773 525
332657 790193 470
4950 658530 470
618850 943195 525
398789 526336 470
92739 166887 383
466145 551745 470
555596 716543 447
759017 980349 525
166724 628610 470
237460 937663 525
49545 874249 525
193540 194828 329
441635 580615 470
270312 356909 441
163119 636166 470
154459 723372 470
124239 985219 525
209856 791044 470
234293 759407 470
678410 935322 525
450436 805658 470
527053 555151 452
472475 831476 470
77973 938382 525
29065 743344 470
270005 301772 389
289706 731118 470
238589 369699 441
259613 660731 470
140702 348600 443
303158 869982 525
434529 607825 470
532864 592430 452
181190 289934 443
138275 197787 383
155895 757295 470
116125 621880 470
526446 971063 525
783400 839664 525
725976 993554 525
381103 777163 470
629885 847988 525
164674 800311 470
495855 637569 470
12803 99384 351
115093 382423 443
20403 346415 443
60439 153123 375
740578 821788 468
125288 737861 470
18073 539440 470
458798 864398 525
94233 261632 443
138839 400437 443
153049 701112 470
151543 589733 470
514207 677774 452
29920 215813 383
58586 451829 449
281337 599872 470
349877 904350 525
174614 223881 386
679222 776871 468
163342 611129 470
493929 630016 470
595758 823332 468
516092 689724 452
298674 949620 525
92101 798903 470
744241 955366 525
204370 544713 470
2993 210750 383
484144 630669 470
201325 263979 443
145734 946056 525
806066 850900 525
222877 265072 443
368297 711749 470
454012 532670 470
295706 431618 449
24595 139432 354
232656 874785 525
285637 804498 470
596144 853862 525
315303 757136 470
254899 525617 470
312753 326738 384
87796 112359 354
408922 904939 525
524356 714742 452
