27146 26855 259
19344 24106 282
17824 11929 279
26020 1359 282
4951 29959 308
14780 6572 276
738 32245 308
2091 19278 279
7745 16641 276
10649 6989 260
31996 2636 308
6058 9809 262
9323 30616 308
22044 29315 308
32239 24499 308
30241 5625 308
19884 16989 279
5470 6574 262
24739 25650 264
25622 14689 282
16839 3332 276
21246 27174 308
9038 1215 262
26885 32231 285
6613 8322 257
32244 27956 285
15884 24430 282
2912 5905 238
9027 20139 279
28310 27399 259
15005 15517 271
3662 32467 308
2152 7562 262
3798 25094 282
21040 8996 279
18913 30877 308
22248 20407 269
13876 14981 271
13809 2404 276
21042 9792 279
23486 17840 274
31904 2220 308
30341 15348 308
17042 21947 279
16699 16932 266
27979 31624 285
20747 29907 308
31733 26711 285
915 18890 279
18163 13471 279
30125 28580 272
14413 27874 308
9802 26615 282
10683 29764 308
18826 18354 261
11468 21961 279
13289 9941 276
9231 571 262
9987 30054 308
20919 698 279
19702 18770 274
19785 14692 279
3910 27617 308
7698 3500 262
13681 25948 282
7331 17681 279
10205 20047 279
30005 9562 308
29462 20523 308
27343 5570 308
5311 25121 282
2183 12611 268
19933 7220 279
21543 7218 279
26818 23321 308
4911 4074 215
27465 19816 308
13765 29910 308
14710 5271 276
3561 4217 238
15360 27053 308
3741 10366 262
17841 1059 279
15388 6889 276
29023 24301 308
21126 9738 279
10591 29412 308
7442 16883 276
526 12372 268
2340 30694 308
26157 16499 282
4581 5024 210
4002 5478 215
31432 1146 308
5095 23971 282
11378 7184 268
9778 30447 308
29441 29538 197
867 13654 276
31254 5991 308
11326 26051 282
11257 12799 263
8110 4863 262
19430 11458 279
8461 31874 308
5840 1516 238
6901 9036 257
6184 8381 257
4008 32314 308
26811 891 308
8644 7481 252
22756 10278 279
30753 1972 308
26281 9232 282
21245 15946 279
18070 20843 274
3856 14220 276
5526 20994 279
9395 8405 260
20636 806 279
1314 16953 276
23216 2104 279
19316 30019 308
14133 17575 271
24858 14905 282
5122 27307 308
19863 18984 274
22945 1691 279
164 16071 276
18177 25455 282
12887 8688 268
13926 13385 258
17948 12528 279
2151 30399 308
14635 23112 279
28652 12977 308
19714 6114 279
10540 17982 279
12313 23683 282
17754 25274 282
28566 1654 308
19872 31316 308
28477 22285 308
17273 24298 282
30591 4531 308
9398 18024 279
2092 23483 279
9020 24694 282
2092 18066 279
21988 11363 279
17644 12328 276
12359 18884 279
6560 30111 308
30292 15676 308
1597 19889 279
20420 5073 279
21688 8106 279
219 28922 308
22493 8967 279
20313 11142 279
4781 27664 308
25442 22075 282
24961 8973 282
27076 1849 308
2961 7104 262
6092 2055 238
15420 11786 276
25258 12746 282
1851 29828 308
12405 29841 308
5500 7599 262
31522 8483 308
20134 16599 279
6797 26975 308
283 24885 282
2469 23258 279
23283 18554 274
32242 19590 308
11459 22095 279
14494 14628 196
3206 27732 308
22244 13429 279
14948 8989 276
26324 15504 282
27441 6500 308
10607 2923 262
28961 30730 272
11457 28244 308
2719 4101 238
4307 22040 279
5020 8938 262
21505 21823 207
18027 23741 282
14970 21541 279
26469 28784 308
2070 31918 308
9611 2760 262
32519 30015 285
16300 2459 276
23132 27586 308
16483 29303 308
2284 26977 308
9028 5761 262
5756 25644 282
11192 4804 268
7769 15275 276
3172 7125 262
2428 30566 308
31172 4508 308
22088 18652 274
13776 13199 276
14581 13981 209
17845 5165 279
24242 20838 282
14971 15723 271
32191 22483 308
4813 31138 308
16228 31323 308
6771 16252 276
14391 30306 308
21399 5214 279
21350 4064 279
24029 7894 282
8854 30904 308
18336 31659 308
19632 3703 279
28767 9782 308
16879 23457 279
25033 29137 308
12114 27634 308
9957 16118 276
13720 16776 271
8244 25596 282
31658 9353 308
26719 23114 308
22411 4544 279
12902 3985 268
20763 26580 282
15816 25349 282
8023 21813 279
25973 13183 282
11075 31343 308
23814 24552 251
17525 363 276
29977 1047 308
11995 18754 279
14807 11335 276
12902 5198 268
17835 10260 279
32129 22842 308
15856 3036 276
15238 3792 276
18547 5058 279
17280 18135 279
32498 25484 308
11054 7413 268
25004 11846 282
15794 7196 276
14914 27532 308
21235 32446 308
9822 16616 276
6971 30723 308
22746 3690 279
7809 1052 262
30788 24529 308
28940 29257 241
21172 27885 308
2762 11841 268
32104 31391 285
10535 7210 260
10056 11768 268
6392 28830 308
18542 30307 308
13433 10163 276
32698 20871 308
6082 91 238
69 20603 279
32580 1665 308
15353 12772 276
12042 26276 282
27633 18063 308
9569 12730 268
28858 7306 308
25885 31708 308
30763 31320 254
29417 19338 308
32201 14490 308
17340 17988 279
23651 2402 282
15899 15146 253
27812 22000 308
19373 32378 308
15121 30601 308
5581 26970 308
17957 24664 282
24236 8969 282
18351 30219 308
31733 26719 285
27607 16025 308
28021 28225 228
8820 7749 252
4159 18030 279
13278 30598 308
12750 207 268
18911 3621 279
23308 4375 279
20604 13842 279
7213 4080 262
7248 32686 308
20351 18355 274
28907 7857 308
18594 16789 279
14872 7933 276
11098 23525 279
26018 4530 282
24331 29036 308
8104 11530 268
16728 14940 271
12880 19119 279
22340 2097 279
8847 2753 262
23696 9615 282
8658 14702 276
16766 3793 276
25910 4273 282
32066 7645 308
28515 31843 285
5782 4840 236
2624 4369 238
11817 24291 282
26020 17818 282
24426 26264 264
22386 18115 274
19980 8048 279
12662 3417 268
3724 19189 279
25417 32162 308
18450 17103 279
21353 27450 308
1200 3797 238
1802 27985 308
5792 4508 236
29187 30468 272
27609 7026 308
1325 28634 308
28858 5557 308
23010 24227 282
30963 15835 308
19532 24440 282
4106 20995 279
30266 2123 308
9899 29152 308
23050 27979 308
9616 14175 276
2935 3059 173
19575 22267 274
12465 77 268
31821 29310 285
2797 2397 209
27286 26430 308
27806 14003 308
21361 18338 274
4822 25654 282
23322 21019 269
13350 22127 279
26066 4213 282
12981 15151 276
22621 24701 282
32557 12607 308
30349 17710 308
29306 20648 308
2967 12317 268
24786 12222 282
9931 6266 260
18074 23367 274
13275 16646 271
16140 19882 279
32419 7832 308
26920 25578 308
14712 19651 279
17754 20760 274
17813 29019 308
14641 6121 276
24558 19685 282
4927 25106 282
15376 24075 282
17033 29426 308
17222 22445 279
16137 5968 276
18362 21923 274
3734 24859 282
31627 6860 308
27328 11360 308
6548 5011 262
21065 1892 279
22672 4578 279
13542 14983 271
6275 24053 282
14019 5851 276
11438 1100 268
30429 31508 285
9692 18870 279
6783 21093 279
11300 7849 268
6928 26726 308
12347 12311 263
4960 24810 282
18362 18924 261
29854 23265 308
16729 959 276
10658 6781 260
18214 15098 279
11277 12597 263
20868 27228 308
4162 9073 262
28751 10261 308
13279 16906 271
22804 31215 308
26494 15358 282
25277 16392 282
9892 6759 260
13648 17795 279
16011 17164 266
7632 8205 252
3321 510 217
6204 16453 276
14642 17001 271
7868 5129 262
12525 13639 276
26631 19744 308
11646 1574 268
28563 24923 308
23988 29063 308
9246 25523 282
21124 8889 279
18374 20261 274
20182 6198 279
17438 15958 266
13473 22546 279
21145 24582 282
30319 7535 308
6634 3122 262
22272 24471 282
1017 10077 262
8706 21391 279
349 11041 268
22941 8796 279
1335 3507 217
10903 16094 276
2470 15684 276
27896 15646 308
10297 3882 262
22321 9514 279
14196 27722 308
12886 23164 279
20441 20135 243
25747 9564 282
677 16957 276
3262 18628 279
27469 16183 308
24521 13574 282
16399 14781 271
1283 21760 279
15610 1096 276
13632 9202 276
7520 25743 282
13648 22046 279
28147 14340 308
26788 13112 308
18639 27103 308
1667 17018 276
30025 14721 308
2815 7802 262
14730 19539 279
4034 18833 279
31475 17887 308
27807 266 308
22168 25027 282
6472 27567 308
527 22325 279
30194 7329 308
18062 21864 274
23818 29747 308
5994 32158 308
14936 12029 276
6077 21812 279
1843 388 182
14196 18534 279
21541 28817 308
3502 20640 279
30016 25473 308
21482 22475 269
30228 14944 308
6177 21871 279
3235 32466 308
13170 16743 276
7489 21238 279
21388 11336 279
23700 13948 282
18048 10429 279
20063 24729 282
8205 415 262
18379 13940 279
17612 21669 279
16131 5819 276
30816 9000 308
13468 11491 276
3134 22514 279
10206 3208 262
23845 30748 308
21587 26196 282
12764 3640 268
14734 28390 308
27604 22901 308
18323 15663 279
30515 23673 308
16300 26213 282
9313 2306 262
13420 21582 279
28615 8260 308
28167 19216 308
21465 2230 279
12304 17880 279
2031 11244 268
21781 32366 308
16075 8391 276
16826 30247 308
9830 20618 279
16648 15819 266
13939 31219 308
31030 6430 308
19386 25200 282
31392 17025 308
21372 4717 279
1378 11051 268
13863 32205 308
30071 10689 308
25532 4405 282
31090 30564 254
26721 26061 308
5323 24847 282
27712 13703 308
25092 14175 282
29445 10101 308
10365 22905 279
26027 31467 308
32387 7788 308
29310 22843 308
20153 271 279
20716 26172 282
2656 26723 308
24900 30532 308
19760 18257 274
29971 1558 308
19249 20225 274
7592 11349 268
18450 26978 308
25469 30535 308
9085 12579 268
16921 13142 276
7222 26355 282
3607 14559 276
288 6455 262
10115 17072 276
1508 3897 238
4466 30337 308
27491 20174 308
5011 15383 276
14530 32413 308
12127 11693 250
24890 25457 264
14734 18942 279
8302 23266 279
26398 13058 282
29908 22704 308
15696 28802 308
2205 20344 279
4890 18258 279
10022 27274 308
25030 25737 264
2270 26290 282
1349 6466 262
23882 20368 282
8031 29224 308
15999 14858 271
14640 11100 276
27554 7551 308
21518 7844 279
30397 5514 308
14895 1857 276
30872 30600 254
20055 3312 279
15229 25563 282
30140 22806 308
26887 26971 228
2507 7748 262
8383 32762 308
8718 26153 282
26125 6291 282
12131 14120 276
32225 332 308
22841 26934 308
9313 4748 262
25586 25457 215
22320 23886 282
18678 16326 279
4130 21271 279
19221 28473 308
13935 31595 308
27058 32636 285
25103 8827 282
26474 13876 282
23100 16815 279
8882 4240 262
3646 10082 262
27389 26016 308
18155 16349 279
32560 22419 308
17686 31422 308
31185 18771 308
17732 10965 279
23001 32543 308
5527 6281 262
26544 12531 282
16920 29611 308
6709 18102 279
4662 29156 308
27484 7516 308
12542 5198 268
23080 8549 279
3583 3024 199
18805 26477 282
17283 29465 308
5816 20449 279
4746 20258 279
7637 25473 282
20571 19503 274
25165 25868 264
10880 4698 262
1419 11212 268
7221 13648 276
13522 6573 276
29319 19018 308
28869 15082 308
9808 32178 308
3384 13038 268
24829 9266 282
3435 14596 276
26176 17602 282
30309 3648 308
23813 11365 282
28238 25737 308
4098 4607 215
15882 17634 266
7476 30302 308
15894 15788 222
5061 2458 238
9259 22932 279
9828 19376 279
20457 28933 308
17634 837 276
22101 12270 279
31037 28711 272
21614 12830 279
8193 22105 279
8573 17121 276
7600 16622 276
745 21616 279
16248 7600 276
19187 26058 282
32103 12226 308
16470 27338 308
12535 21740 279
12290 7722 268
183 3424 217
26536 6550 282
406 19550 279
20047 26699 308
16602 20817 279
23226 13082 279
11408 21722 279
27613 18919 308
10618 16368 276
29638 27925 272
16929 19367 279
26765 22675 308
28813 27643 259
28659 6256 308
1277 11863 268
31902 10654 308
31552 28095 285
16460 1653 276
18587 22554 274
25401 30331 308
9756 10422 255
4783 21899 279
21404 28484 308
31177 13166 308
15628 15669 178
3740 22740 279
28518 25017 308
28155 11892 308
30719 15449 308
8167 18718 279
30670 16757 308
3955 5411 215
20788 25807 282
4386 3630 238
19408 32456 308
14550 5364 276
27375 6903 308
2180 25128 282
20235 4313 279
25815 14889 282
13605 24733 282
11048 2119 268
11913 25190 282
26173 31722 308
1486 18216 279
13776 12327 276
31242 28094 272
7105 22396 279
27547 19338 308
31429 16825 308
5150 395 238
3027 202 217
28866 2602 308
5459 8054 262
8191 17853 279
8380 28568 308
8218 13942 276
12726 19043 279
21578 2574 279
30384 24128 308
4874 6604 262
28841 14202 308
1338 18523 279
3640 21391 279
2006 10949 262
13818 2149 276
25645 698 282
10978 10320 268
22569 15208 279
1368 31001 308
404 17152 276
4924 6980 262
13125 19389 279
825 21019 279
13702 17686 279
24668 25313 264
31165 17408 308
12343 6318 268
856 19251 279
7914 24182 282
15456 5465 276
19671 23384 274
19229 31392 308
16371 3254 276
19490 838 279
8127 28121 308
31851 4385 308
14453 12373 276
26891 30069 272
4592 20382 279
13588 29401 308
21502 6804 279
10645 8231 260
13955 30848 308
27159 25324 308
4171 19627 279
11726 27562 308
764 5153 238
15357 8120 276
16079 18030 279
1763 24758 282
31278 5136 308
26063 20450 282
11829 14053 276
17723 25451 282
19443 26542 282
1513 22124 279
4593 16114 276
19781 19121 274
26913 7505 308
30019 15091 308
22887 6189 279
1784 16685 276
13990 8873 276
15080 6324 276
6386 58 262
32479 12430 308
28478 623 308
5428 16279 276
5030 7267 262
31825 31401 285
11043 22459 279
31300 15124 308
31067 32720 285
30146 21734 308
26032 16834 282
25239 17737 282
125 13157 268
22186 28798 308
12860 13194 245
28006 31795 285
19145 11387 279
5536 1873 238
31429 19264 308
6982 18818 279
10282 5090 262
13164 17064 276
27817 1111 308
3739 1084 238
13922 6004 276
2167 29461 308
12022 28932 308
28703 24406 308
21750 14596 279
1442 31405 308
8574 10706 260
21641 7974 279
17509 7297 276
2784 12962 268
22520 8389 279
7131 29363 308
5595 11153 268
29783 7232 308
25488 17462 282
1576 24462 282
10408 26416 282
23461 2277 279
15554 12647 276
4163 22006 279
15061 8033 276
19335 16400 279
873 15061 276
20810 2154 279
8809 29279 308
32406 20305 308
30232 21849 308
26184 8467 282
15078 9342 276
729 8217 262
27000 6003 308
9493 18392 279
25733 1243 282
5551 22275 279
18205 32517 308
25060 26705 308
18172 3477 279
29894 15812 308
26849 25733 308
1283 22587 279
18160 3440 279
3409 30225 308
5044 14990 276
2502 23737 282
10121 27798 308
13628 14169 258
961 6142 238
26355 9993 282
24092 19048 282
19178 6976 279
19816 14974 279
27865 20211 308
25524 1333 282
2731 6227 262
10322 20910 279
17170 32432 308
1365 26519 282
4869 27866 308
7164 25289 282
18964 11835 279
30312 27476 272
9012 28278 308
17195 1834 276
11536 7496 268
13880 24405 282
28331 15211 308
13321 29497 308
24092 10139 282
22919 31876 308
5959 1888 238
25242 6315 282
21658 30308 308
32203 18378 308
24622 7867 282
13753 20500 279
6473 24163 282
22879 7336 279
32296 15533 308
23631 4413 282
22949 10106 279
23443 26829 308
2365 13314 276
19281 28262 308
4564 19755 279
27933 16626 308
29263 25266 308
17109 22563 279
3386 11398 268
13757 12778 276
22344 4404 279
13369 22006 279
15981 2333 276
31010 22233 308
2056 28385 308
12586 5029 268
29657 20871 308
20018 25106 282
19507 22181 274
18545 9601 279
28606 29442 272
10950 454 262
11343 20870 279
31094 1212 308
32307 4308 308
1555 9408 262
24421 5341 282
2804 26848 308
31898 11840 308
7799 28139 308
3078 974 217
29172 5214 308
22370 16806 279
9401 6874 260
4950 5955 236
24579 5533 282
17024 8390 276
27285 1843 308
30350 9119 308
15983 18556 279
28609 15546 308
29974 14979 308
19510 5918 279
25875 32373 308
28318 30639 272
24369 21264 282
30978 5769 308
18361 29741 308
30608 22035 308
11550 26790 308
16833 13861 271
4273 2782 238
10017 17174 276
6307 11539 268
30383 7478 308
6205 9228 257
15696 1747 276
10964 7884 260
16326 424 276
1954 27698 308
27301 15449 308
7305 2559 262
2611 20065 279
29220 19216 308
12331 2840 268
32137 26342 308
16099 22079 279
2510 28283 308
32456 9805 308
10486 28513 308
26453 8990 282
11961 4947 268
3204 25114 282
27254 15606 308
32560 32288 267
12351 5339 268
23792 17095 282
17319 23120 279
25362 22198 282
678 3887 238
32470 19361 308
30157 7022 308
4181 23692 282
12579 16084 276
2023 30298 308
25240 5171 282
24954 14915 282
12536 2792 268
22393 9675 279
24375 28357 308
2702 11147 268
22094 17083 279
11225 31940 308
26742 22802 308
23944 11135 282
27268 18380 308
22366 2620 279
10438 32234 308
23344 20498 269
28786 27277 259
31286 16254 308
8662 7109 252
20754 18344 274
12023 14056 276
24291 10018 282
27816 15877 308
31149 2395 308
30720 3925 308
