387 384 121
416 278 144
336 294 144
493 387 142
422 150 144
28 363 144
60 191 125
427 264 144
427 41 144
237 173 128
369 212 144
430 68 144
31 283 128
124 363 144
136 68 122
303 430 144
59 23 113
168 70 122
457 394 134
43 12 112
374 230 144
420 422 41
38 285 128
325 199 131
371 316 144
27 414 144
481 92 144
374 457 134
171 363 144
282 497 144
426 306 144
328 85 144
6 337 144
230 347 144
358 314 144
396 125 144
46 83 116
368 315 144
365 435 134
251 44 128
309 88 128
179 277 128
85 289 128
152 404 144
400 255 144
61 433 144
369 177 144
13 240 128
87 227 125
40 95 116
71 296 128
379 435 134
102 468 144
403 98 144
493 318 144
257 153 128
281 302 118
442 287 144
190 366 144
120 445 144
230 441 144
118 32 119
272 98 128
176 482 144
428 210 144
357 68 144
354 498 142
466 87 144
184 307 128
125 220 125
372 29 144
330 233 144
20 4 21
369 271 144
216 209 115
150 341 144
224 297 128
246 119 128
452 347 134
56 422 144
489 380 142
229 265 128
351 342 126
1 194 125
265 35 128
415 125 144
357 488 142
492 244 144
366 228 144
437 360 134
52 433 144
229 438 144
408 276 144
122 475 144
396 359 121
238 30 128
294 236 123
429 319 144
12 144 122
30 429 144
405 277 144
264 444 144
39 114 119
341 107 144
319 405 144
189 129 125
418 370 134
497 418 142
244 325 131
184 471 144
500 491 142
226 273 128
91 145 122
140 6 122
287 455 144
83 170 122
465 43 144
8 198 125
305 356 144
112 349 144
329 123 144
344 300 144
69 247 128
423 341 134
311 312 87
302 106 128
231 162 128
306 379 144
237 321 131
127 445 144
466 23 144
417 209 144
259 283 123
138 425 144
125 63 119
37 101 119
400 453 134
51 380 144
72 469 144
132 474 144
431 382 134
395 434 134
164 161 112
482 200 144
497 400 142
274 460 144
169 314 131
96 191 125
467 427 129
341 85 144
185 91 125
43 377 144
108 437 144
257 446 144
419 180 144
413 388 134
173 349 144
10 160 122
211 337 144
88 343 144
302 207 128
373 214 144
256 322 131
100 320 131
405 222 144
312 440 144
168 441 144
229 206 115
151 128 122
159 485 144
225 421 144
270 423 144
82 397 144
85 131 122
473 293 144
351 173 144
386 126 144
300 223 128
43 141 122
214 399 144
191 299 128
91 25 116
82 210 125
337 320 144
156 233 128
5 495 144
270 380 144
277 274 92
256 351 144
143 361 144
385 80 144
206 494 144
68 122 119
114 5 119
255 462 144
260 327 144
203 445 144
7 203 125
22 285 128
369 343 126
190 29 125
409 373 121
499 459 142
309 37 128
249 254 110
334 304 144
149 134 117
255 391 144
247 68 128
30 369 144
47 1 112
298 289 118
491 250 144
34 304 128
498 364 142
393 254 144
126 187 125
497 153 144
189 476 144
230 158 125
461 437 129
422 415 134
305 461 144
28 29 19
249 51 128
403 57 144
198 295 128
44 200 125
3 40 112
404 429 134
182 1 125
39 148 122
152 160 86
135 36 122
193 340 144
128 216 125
130 5 122
465 50 144
430 286 144
336 344 126
401 178 144
472 239 144
290 450 144
489 368 142
296 293 118
145 244 128
391 330 126
341 183 144
70 42 113
233 327 144
43 262 128
118 361 144
262 24 128
310 82 128
426 191 144
368 497 142
235 178 128
127 191 125
58 25 113
169 115 122
359 206 144
387 313 144
347 101 144
495 227 144
53 417 144
30 79 116
291 447 144
471 148 144
81 52 116
94 132 122
128 358 144
387 313 144
356 215 144
91 13 116
480 413 134
470 111 144
275 190 128
142 356 144
434 121 144
389 488 142
67 339 144
285 271 105
418 357 134
261 107 128
238 350 144
60 206 125
19 218 125
284 446 144
459 374 134
138 374 144
484 290 144
479 108 144
315 258 131
230 472 144
460 101 144
439 119 144
389 26 144
234 75 128
182 158 125
359 494 142
200 271 128
340 418 134
364 70 144
295 123 128
348 174 144
463 432 129
391 183 144
292 293 118
116 58 119
158 22 122
492 75 144
452 448 116
22 232 128
241 38 128
31 55 113
326 99 131
17 82 116
3 17 20
140 232 128
405 297 144
81 339 144
22 219 125
363 471 134
380 313 144
186 478 144
405 37 144
484 177 144
260 208 128
245 358 144
412 500 142
451 128 144
61 237 128
106 319 131
50 64 113
212 245 128
435 306 144
376 292 144
115 456 144
269 90 128
419 494 142
383 306 144
483 323 144
31 218 125
75 94 111
94 127 119
254 487 144
75 44 116
214 315 131
378 180 144
276 263 123
420 89 144
233 211 128
18 295 128
236 347 144
192 138 125
444 154 144
329 74 144
292 426 144
19 211 125
337 218 144
56 464 144
359 91 144
405 131 144
162 72 122
186 134 125
74 290 128
352 105 144
251 306 123
4 369 144
7 486 144
140 196 125
121 450 144
227 468 144
178 264 128
482 97 144
61 366 144
456 37 144
19 271 128
343 212 144
197 33 125
322 380 144
485 271 144
428 173 144
41 235 128
73 284 128
331 399 126
348 64 144
31 451 144
215 74 125
23 60 113
425 48 144
436 83 144
205 233 128
444 455 116
487 399 142
279 141 128
263 160 128
184 263 128
349 42 144
325 224 131
123 273 128
336 155 144
458 322 144
248 366 144
277 172 128
219 270 128
204 202 40
434 154 144
460 408 134
307 229 128
221 298 128
309 85 128
199 335 144
377 492 142
216 399 144
172 53 125
60 190 125
11 7 20
225 17 125
40 110 119
379 1 144
54 110 119
115 82 119
490 339 142
68 427 144
224 148 125
232 288 128
123 33 119
376 282 144
180 351 144
255 91 128
132 351 144
358 314 144
182 495 144
104 82 119
434 221 144
182 483 144
416 488 142
326 297 131
223 405 144
52 393 144
33 298 128
182 135 125
416 7 144
209 58 125
500 96 144
298 463 144
277 484 144
478 155 144
88 310 128
383 433 134
267 22 128
361 64 144
212 183 120
87 186 125
431 286 144
84 491 144
477 315 144
321 117 131
26 393 144
340 29 144
491 26 144
361 137 144
144 119 122
429 338 134
122 83 119
456 311 144
226 389 144
71 316 131
354 438 134
223 9 125
351 284 144
98 158 122
127 328 144
72 270 128
150 152 24
29 411 144
399 140 144
111 389 144
78 394 144
477 391 134
53 200 125
88 432 144
100 278 128
67 158 122
18 453 144
236 142 128
299 369 144
196 185 120
306 277 118
429 267 144
29 455 144
94 309 128
198 279 128
173 56 125
446 275 144
326 1 131
284 498 144
128 413 144
422 383 134
335 194 144
335 440 134
160 422 144
458 486 129
262 355 144
473 263 144
217 42 125
351 353 126
483 163 144
218 400 144
174 155 125
7 16 20
365 352 126
264 291 123
173 492 144
38 38 22
329 360 126
281 372 144
357 488 142
342 91 144
353 471 134
12 166 122
18 70 113
84 362 144
113 352 144
7 301 128
168 139 117
490 365 142
155 33 122
376 105 144
142 180 125
39 413 144
137 470 144
457 171 144
261 345 144
315 150 131
315 466 144
387 327 144
40 184 125
36 470 144
122 153 122
291 394 144
110 290 128
174 132 125
236 265 123
296 49 128
314 378 144
199 334 144
356 450 134
294 156 128
157 469 144
434 461 129
287 324 131
359 172 144
141 178 125
182 246 128
491 262 144
51 324 131
455 101 144
365 76 144
125 43 119
420 160 144
345 290 144
239 470 144
477 52 144
20 384 144
344 134 144
457 305 144
476 482 54
12 167 122
413 468 134
230 193 120
369 403 121
3 132 122
208 175 120
217 219 115
378 184 144
473 488 142
458 74 144
126 63 119
298 434 144
419 497 142
154 142 117
475 227 144
394 481 134
449 486 129
31 306 128
60 30 113
161 399 144
425 63 144
281 220 128
403 142 144
481 11 144
84 227 125
141 290 128
224 209 115
58 439 144
432 494 142
221 211 115
191 406 144
392 114 144
271 139 128
168 422 144
172 330 144
244 181 128
400 96 144
89 25 116
387 155 144
233 70 128
211 470 144
31 374 144
164 434 144
280 88 128
150 95 122
352 500 142
465 340 134
331 243 144
16 87 116
416 350 134
382 187 144
135 12 122
388 134 144
288 223 128
144 274 128
243 20 128
245 355 144
140 125 122
64 260 128
354 419 134
270 213 128
405 206 144
300 234 128
320 235 131
436 316 144
354 88 144
451 170 144
303 488 144
63 338 144
111 90 119
461 206 144
412 205 144
330 58 144
317 404 144
322 393 144
106 23 119
80 444 144
29 362 144
448 379 134
46 201 125
288 383 144
52 400 144
387 90 144
427 354 134
295 449 144
7 37 112
93 108 119
165 418 144
321 422 144
167 481 144
355 495 142
438 124 144
485 434 129
313 318 131
18 432 144
166 210 125
109 157 122
246 70 128
423 496 142
296 172 128
60 70 108
177 302 128
72 153 122
426 341 134
173 244 128
90 92 93
67 28 113
313 379 144
197 51 125
334 125 144
187 214 120
371 500 142
69 295 128
142 116 122
140 343 144
264 438 144
91 199 125
203 440 144
132 14 122
258 129 128
72 305 128
184 347 144
226 139 125
41 496 144
473 422 129
135 227 125
226 159 125
453 357 134
473 146 144
340 447 134
384 112 144
162 104 122
43 326 131
340 217 144
345 175 144
331 97 144
295 268 118
258 14 128
361 20 144
293 151 128
377 333 126
491 280 144
136 454 144
99 296 128
242 108 128
71 438 144
41 477 144
302 85 128
301 84 128
110 493 144
441 497 142
264 440 144
305 236 123
107 374 144
24 165 122
350 252 144
31 252 128
205 340 144
487 166 144
126 303 128
92 80 111
408 48 144
132 485 144
420 62 144
54 432 144
428 29 144
320 495 144
82 44 116
269 124 128
140 188 125
439 144 144
395 489 142
181 321 131
487 99 144
253 19 128
99 464 144
11 196 125
180 6 125
67 143 122
426 99 144
479 473 54
467 354 134
249 298 123
273 48 128
87 17 116
160 413 144
401 378 121
198 54 125
4 433 144
452 36 144
499 108 144
155 50 122
407 362 121
4 335 144
285 326 131
298 429 144
134 264 128
61 116 119
15 382 144
398 186 144
98 101 26
330 409 126
314 350 144
135 380 144
415 317 144
276 86 128
487 266 144
127 431 144
117 393 144
70 130 122
410 253 144
16 367 144
334 396 126
277 429 144
114 348 144
301 27 128
287 63 128
264 130 128
9 101 119
417 398 134
483 276 144
41 45 110
327 321 144
66 19 113
500 295 144
47 135 122
354 409 121
304 63 128
343 187 144
35 433 144
311 308 87
370 335 126
316 97 131
197 485 144
383 325 144
452 466 129
362 217 144
38 344 144
362 188 144
482 103 144
89 361 144
121 380 144
294 442 144
129 425 144
209 136 125
443 163 144
497 371 142
467 164 144
1 312 128
488 16 144
333 235 144
451 291 144
134 194 125
381 340 126
294 495 144
355 214 144
445 383 134
324 476 144
252 239 110
374 452 134
466 312 144
182 169 125
184 314 131
478 500 142
15 36 112
270 465 144
108 347 144
392 73 144
412 241 144
88 124 119
337 58 144
440 294 144
121 282 128
372 115 144
419 372 134
35 97 119
265 384 144
198 68 125
68 301 128
336 175 144
491 434 142
133 458 144
30 450 144
191 24 125
148 293 128
350 130 144
423 336 134
469 141 144
256 44 128
267 340 144
437 26 144
261 154 128
221 53 125
205 458 144
484 288 144
222 41 125
498 327 144
128 206 125
229 379 144
171 170 125
299 228 128
64 21 113
161 222 125
117 384 144
224 268 128
293 383 144
36 12 112
64 54 113
363 109 144
396 269 144
161 199 125
377 469 134
174 10 125
388 4 144
174 255 128
482 58 144
430 324 144
45 397 144
281 443 144
210 13 125
248 356 144
367 355 95
260 135 128
243 282 123
402 474 134
172 139 125
459 414 134
423 400 134
256 485 144
91 162 122
72 281 128
104 424 144
321 1 131
443 1 144
13 453 144
308 5 128
359 260 144
395 26 144
159 118 122
91 137 122
127 61 119
474 115 144
366 438 134
422 249 144
410 121 144
401 364 121
287 333 144
334 5 144
357 459 134
411 128 144
132 369 144
129 70 122
447 342 134
459 375 134
11 106 119
166 402 144
368 490 142
427 491 142
239 233 128
206 200 89
63 1 113
333 458 134
462 349 134
308 18 128
498 170 144
39 70 113
140 129 122
471 19 144
393 86 144
43 281 128
34 255 128
244 208 128
51 401 144
486 22 144
221 289 128
141 191 125
148 135 117
484 326 144
195 462 144
131 143 104
64 192 125
71 170 122
289 704 171
743 292 171
173 1580 182
186 184 45
595 958 179
709 1430 182
53 1294 182
535 695 145
338 172 144
158 1575 182
103 385 144
299 1642 182
487 1446 182
591 180 144
52 699 145
707 1162 182
405 1239 182
623 1598 182
733 1078 179
589 207 144
588 726 171
221 1447 182
695 789 171
265 155 128
283 432 144
120 173 125
16 886 179
135 567 144
50 1003 179
255 874 179
237 1000 179
43 360 144
159 392 144
24 814 171
722 291 171
320 761 171
11 1060 179
403 1440 182
148 1605 182
590 1566 182
690 931 179
18 1608 182
376 456 134
12 1051 179
479 1324 182
128 415 144
477 1216 182
162 319 131
84 784 171
