1 10 20
100 200 125
201 210 89
900 1000 174
1 1000 179
2 1998 182
3 2994 217
4 3988 238
5 4980 238
6 5970 238
7 6958 262
8 7944 262
9 8928 262
10 9910 262
11 10890 262
12 11868 268
13 12844 268
14 13818 276
15 14790 276
16 15760 276
17 16728 276
18 17694 279
19 18658 279
20 19620 279
21 20580 279
22 21538 279
23 22494 279
24 23448 279
25 24400 282
26 25350 282
27 26298 282
28 27244 308
29 28188 308
30 29130 308
31 30070 308
32 31008 308
33 31944 308
34 32878 308
35 33810 308
36 34740 311
37 35668 324
38 36594 324
39 37518 324
40 38440 324
41 39360 324
42 40278 324
43 41194 324
44 42108 324
45 43020 324
46 43930 324
47 44838 324
48 45744 324
49 46648 324
50 47550 324
51 48450 324
52 49348 324
53 50244 324
54 51138 324
55 52030 324
56 52920 340
57 53808 340
58 54694 340
59 55578 340
60 56460 340
61 57340 340
62 58218 340
63 59094 340
64 59968 340
65 60840 340
66 61710 340
67 62578 340
68 63444 340
69 64308 340
70 65170 340
71 66030 340
72 66888 340
73 67744 340
74 68598 340
75 69450 340
76 70300 340
77 71148 340
78 71994 340
79 72838 340
80 73680 340
81 74520 340
82 75358 340
83 76194 340
84 77028 340
85 77860 351
86 78690 351
87 79518 351
88 80344 351
89 81168 351
90 81990 351
91 82810 351
92 83628 351
93 84444 351
94 85258 351
95 86070 351
96 86880 351
97 87688 351
98 88494 351
99 89298 351
100 90100 351
101 90900 351
102 91698 351
103 92494 351
104 93288 351
105 94080 351
106 94870 351
107 95658 351
108 96444 351
109 97228 351
110 98010 351
111 98790 351
112 99568 351
113 100344 351
114 101118 351
115 101890 351
116 102660 351
117 103428 351
118 104194 351
119 104958 351
120 105720 351
121 106480 354
122 107238 354
123 107994 354
124 108748 354
125 109500 354
126 110250 354
127 110998 354
128 111744 354
129 112488 354
130 113230 354
131 113970 354
132 114708 354
133 115444 354
134 116178 354
135 116910 354
136 117640 354
137 118368 354
138 119094 354
139 119818 354
140 120540 354
141 121260 354
142 121978 354
143 122694 354
144 123408 354
145 124120 354
146 124830 354
147 125538 354
148 126244 354
149 126948 354
150 127650 354
151 128350 354
152 129048 354
153 129744 354
154 130438 354
155 131130 354
156 131820 354
157 132508 354
158 133194 354
159 133878 354
160 134560 354
161 135240 354
162 135918 354
163 136594 354
164 137268 354
165 137940 354
166 138610 354
167 139278 354
168 139944 354
169 140608 354
170 141270 354
171 141930 354
172 142588 375
173 143244 375
174 143898 375
175 144550 375
176 145200 375
177 145848 375
178 146494 375
179 147138 375
180 147780 375
181 148420 375
182 149058 375
183 149694 375
184 150328 375
185 150960 375
186 151590 375
187 152218 375
188 152844 375
189 153468 375
190 154090 375
191 154710 375
192 155328 375
193 155944 375
194 156558 383
195 157170 383
196 157780 383
197 158388 383
198 158994 383
199 159598 383
200 160200 383
201 160800 383
202 161398 383
203 161994 383
204 162588 383
205 163180 383
206 163770 383
207 164358 383
208 164944 383
209 165528 383
210 166110 383
211 166690 383
212 167268 383
213 167844 383
214 168418 383
215 168990 383
216 169560 383
217 170128 383
218 170694 383
219 171258 383
220 171820 383
221 172380 383
222 172938 383
223 173494 383
224 174048 383
225 174600 383
226 175150 383
227 175698 383
228 176244 383
229 176788 383
230 177330 383
231 177870 383
232 178408 383
233 178944 383
234 179478 383
235 180010 383
236 180540 383
237 181068 383
238 181594 383
239 182118 383
240 182640 383
241 183160 383
242 183678 383
243 184194 383
244 184708 383
245 185220 383
246 185730 383
247 186238 383
248 186744 383
249 187248 383
250 187750 383
251 188250 383
252 188748 383
253 189244 383
254 189738 383
255 190230 383
256 190720 383
257 191208 383
258 191694 383
259 192178 383
260 192660 383
261 193140 383
262 193618 383
263 194094 383
264 194568 383
265 195040 383
266 195510 383
267 195978 383
268 196444 383
269 196908 383
270 197370 383
271 197830 383
272 198288 383
273 198744 383
274 199198 383
275 199650 383
276 200100 383
277 200548 383
278 200994 383
279 201438 383
280 201880 383
281 202320 383
282 202758 383
283 203194 383
284 203628 383
285 204060 383
286 204490 383
287 204918 383
288 205344 383
289 205768 383
290 206190 383
291 206610 383
292 207028 383
293 207444 383
294 207858 383
295 208270 383
296 208680 383
297 209088 383
298 209494 383
299 209898 383
300 210300 383
301 210700 383
302 211098 383
303 211494 383
304 211888 383
305 212280 383
306 212670 383
307 213058 383
308 213444 383
309 213828 383
310 214210 383
311 214590 383
312 214968 383
313 215344 383
314 215718 383
315 216090 383
316 216460 386
317 216828 386
318 217194 386
319 217558 386
320 217920 386
321 218280 386
322 218638 386
323 218994 386
324 219348 386
325 219700 386
326 220050 386
327 220398 386
328 220744 386
329 221088 386
330 221430 386
331 221770 386
332 222108 386
333 222444 386
334 222778 386
335 223110 386
336 223440 386
337 223768 386
338 224094 386
339 224418 386
340 224740 386
341 225060 386
342 225378 386
343 225694 386
344 226008 386
345 226320 386
346 226630 386
347 226938 386
348 227244 386
349 227548 386
350 227850 386
351 228150 386
352 228448 386
353 228744 386
354 229038 386
355 229330 386
356 229620 386
357 229908 386
358 230194 386
359 230478 386
360 230760 443
361 231040 443
362 231318 443
363 231594 443
364 231868 443
365 232140 443
366 232410 443
367 232678 443
368 232944 443
369 233208 443
370 233470 443
371 233730 443
372 233988 443
373 234244 443
374 234498 443
375 234750 443
376 235000 443
377 235248 443
378 235494 443
379 235738 443
380 235980 443
381 236220 443
382 236458 443
383 236694 443
384 236928 443
385 237160 443
386 237390 443
387 237618 443
388 237844 443
389 238068 443
390 238290 443
391 238510 443
392 238728 443
393 238944 443
394 239158 443
395 239370 443
396 239580 443
397 239788 443
398 239994 443
399 240198 443
400 240400 443
401 240600 443
402 240798 443
403 240994 443
404 241188 443
405 241380 443
406 241570 443
407 241758 443
408 241944 443
409 242128 443
410 242310 443
411 242490 443
412 242668 443
413 242844 443
414 243018 443
415 243190 443
416 243360 443
417 243528 443
418 243694 443
419 243858 443
420 244020 443
421 244180 443
422 244338 443
423 244494 443
424 244648 443
425 244800 443
426 244950 443
427 245098 443
428 245244 443
429 245388 443
430 245530 443
431 245670 443
432 245808 443
433 245944 443
434 246078 443
435 246210 443
436 246340 443
437 246468 443
438 246594 443
439 246718 443
440 246840 443
441 246960 443
442 247078 443
443 247194 443
444 247308 443
445 247420 443
446 247530 443
447 247638 443
448 247744 443
449 247848 443
450 247950 443
451 248050 443
452 248148 443
453 248244 443
454 248338 443
455 248430 443
456 248520 443
457 248608 443
458 248694 443
459 248778 443
460 248860 443
461 248940 443
462 249018 443
463 249094 443
464 249168 443
465 249240 443
466 249310 443
467 249378 443
468 249444 443
469 249508 443
470 249570 443
471 249630 443
472 249688 443
473 249744 443
474 249798 443
475 249850 443
476 249900 443
477 249948 443
478 249994 443
479 250038 443
480 250080 443
481 250120 443
482 250158 443
483 250194 443
484 250228 443
485 250260 443
486 250290 443
487 250318 443
488 250344 443
489 250368 443
490 250390 443
491 250410 443
492 250428 443
493 250444 443
494 250458 443
495 250470 443
496 250480 443
497 250488 443
498 250494 443
499 250498 443
500 250500 443
501 250500 443
502 250498 443
503 250494 443
504 250488 443
505 250480 443
506 250470 443
507 250458 443
508 250444 443
509 250428 443
510 250410 443
511 250390 443
512 250368 443
513 250344 443
514 250318 443
515 250290 443
516 250260 443
517 250228 443
518 250194 443
519 250158 443
520 250120 443
521 250080 443
522 250038 443
523 249994 443
524 249948 443
525 249900 443
526 249850 443
527 249798 443
528 249744 443
529 249688 443
530 249630 443
531 249570 443
532 249508 443
533 249444 443
534 249378 443
535 249310 443
536 249240 443
537 249168 443
538 249094 443
539 249018 443
540 248940 443
541 248860 443
542 248778 443
543 248694 443
544 248608 443
545 248520 443
546 248430 443
547 248338 443
548 248244 443
549 248148 443
550 248050 443
551 247950 443
552 247848 443
553 247744 443
554 247638 443
555 247530 443
556 247420 443
557 247308 443
558 247194 443
559 247078 443
560 246960 443
561 246840 443
562 246718 443
563 246594 443
564 246468 443
565 246340 443
566 246210 443
567 246078 443
568 245944 443
569 245808 443
570 245670 443
571 245530 443
572 245388 443
573 245244 443
574 245098 443
575 244950 443
576 244800 443
577 244648 443
578 244494 443
579 244338 443
580 244180 443
581 244020 443
582 243858 443
583 243694 443
584 243528 443
585 243360 443
586 243190 443
587 243018 443
588 242844 443
589 242668 443
590 242490 443
591 242310 443
592 242128 443
593 241944 443
594 241758 443
595 241570 443
596 241380 443
597 241188 443
598 240994 443
599 240798 443
600 240600 443
601 240400 443
602 240198 443
603 239994 443
604 239788 443
605 239580 443
606 239370 443
607 239158 443
608 238944 443
609 238728 443
610 238510 443
611 238290 443
612 238068 443
613 237844 443
614 237618 443
615 237390 443
616 237160 443
617 236928 443
618 236694 443
619 236458 443
620 236220 443
621 235980 443
622 235738 443
623 235494 443
624 235248 443
625 235000 443
626 234750 443
627 234498 443
628 234244 443
629 233988 443
630 233730 443
631 233470 443
632 233208 443
633 232944 443
634 232678 443
635 232410 443
636 232140 443
637 231868 443
638 231594 443
639 231318 443
640 231040 443
641 230760 443
642 230478 386
643 230194 386
644 229908 386
645 229620 386
646 229330 386
647 229038 386
648 228744 386
649 228448 386
650 228150 386
651 227850 386
652 227548 386
653 227244 386
654 226938 386
655 226630 386
656 226320 386
657 226008 386
658 225694 386
659 225378 386
660 225060 386
661 224740 386
662 224418 386
663 224094 386
664 223768 386
665 223440 386
666 223110 386
667 222778 386
668 222444 386
669 222108 386
670 221770 386
671 221430 386
672 221088 386
673 220744 386
674 220398 386
675 220050 386
676 219700 386
677 219348 386
678 218994 386
679 218638 386
680 218280 386
681 217920 386
682 217558 386
683 217194 386
684 216828 386
685 216460 386
686 216090 383
687 215718 383
688 215344 383
689 214968 383
690 214590 383
691 214210 383
692 213828 383
693 213444 383
694 213058 383
695 212670 383
696 212280 383
697 211888 383
698 211494 383
699 211098 383
700 210700 383
701 210300 383
702 209898 383
703 209494 383
704 209088 383
705 208680 383
706 208270 383
707 207858 383
708 207444 383
709 207028 383
710 206610 383
711 206190 383
712 205768 383
713 205344 383
714 204918 383
715 204490 383
716 204060 383
717 203628 383
718 203194 383
719 202758 383
720 202320 383
721 201880 383
722 201438 383
723 200994 383
724 200548 383
725 200100 383
726 199650 383
727 199198 383
728 198744 383
729 198288 383
730 197830 383
731 197370 383
732 196908 383
733 196444 383
734 195978 383
735 195510 383
736 195040 383
737 194568 383
738 194094 383
739 193618 383
740 193140 383
741 192660 383
742 192178 383
743 191694 383
744 191208 383
745 190720 383
746 190230 383
747 189738 383
748 189244 383
749 188748 383
750 188250 383
751 187750 383
752 187248 383
753 186744 383
754 186238 383
755 185730 383
756 185220 383
757 184708 383
758 184194 383
759 183678 383
760 183160 383
761 182640 383
762 182118 383
763 181594 383
764 181068 383
765 180540 383
766 180010 383
767 179478 383
768 178944 383
769 178408 383
770 177870 383
771 177330 383
772 176788 383
773 176244 383
774 175698 383
775 175150 383
776 174600 383
777 174048 383
778 173494 383
779 172938 383
780 172380 383
781 171820 383
782 171258 383
783 170694 383
784 170128 383
785 169560 383
786 168990 383
787 168418 383
788 167844 383
789 167268 383
790 166690 383
791 166110 383
792 165528 383
793 164944 383
794 164358 383
795 163770 383
796 163180 383
797 162588 383
798 161994 383
799 161398 383
800 160800 383
801 160200 383
802 159598 383
803 158994 383
804 158388 383
805 157780 383
806 157170 383
807 156558 383
808 155944 375
809 155328 375
810 154710 375
811 154090 375
812 153468 375
813 152844 375
814 152218 375
815 151590 375
816 150960 375
817 150328 375
818 149694 375
819 149058 375
820 148420 375
821 147780 375
822 147138 375
823 146494 375
824 145848 375
825 145200 375
826 144550 375
827 143898 375
828 143244 375
829 142588 375
830 141930 354
831 141270 354
832 140608 354
833 139944 354
834 139278 354
835 138610 354
836 137940 354
837 137268 354
838 136594 354
839 135918 354
840 135240 354
841 134560 354
842 133878 354
843 133194 354
844 132508 354
845 131820 354
846 131130 354
847 130438 354
848 129744 354
849 129048 354
850 128350 354
851 127650 354
852 126948 354
853 126244 354
854 125538 354
855 124830 354
856 124120 354
857 123408 354
858 122694 354
859 121978 354
860 121260 354
861 120540 354
862 119818 354
863 119094 354
864 118368 354
865 117640 354
866 116910 354
867 116178 354
868 115444 354
869 114708 354
870 113970 354
871 113230 354
872 112488 354
873 111744 354
874 110998 354
875 110250 354
876 109500 354
877 108748 354
878 107994 354
879 107238 354
880 106480 354
881 105720 351
882 104958 351
883 104194 351
884 103428 351
885 102660 351
886 101890 351
887 101118 351
888 100344 351
889 99568 351
890 98790 351
891 98010 351
892 97228 351
893 96444 351
894 95658 351
895 94870 351
896 94080 351
897 93288 351
898 92494 351
899 91698 351
900 90900 351
901 90100 351
902 89298 351
903 88494 351
904 87688 351
905 86880 351
906 86070 351
907 85258 351
908 84444 351
909 83628 351
910 82810 351
911 81990 351
912 81168 351
913 80344 351
914 79518 351
915 78690 351
916 77860 351
917 77028 340
918 76194 340
919 75358 340
920 74520 340
921 73680 340
922 72838 340
923 71994 340
924 71148 340
925 70300 340
926 69450 340
927 68598 340
928 67744 340
929 66888 340
930 66030 340
931 65170 340
932 64308 340
933 63444 340
934 62578 340
935 61710 340
936 60840 340
937 59968 340
938 59094 340
939 58218 340
940 57340 340
941 56460 340
942 55578 340
943 54694 340
944 53808 340
945 52920 340
946 52030 324
947 51138 324
948 50244 324
949 49348 324
950 48450 324
951 47550 324
952 46648 324
953 45744 324
954 44838 324
955 43930 324
956 43020 324
957 42108 324
958 41194 324
959 40278 324
960 39360 324
961 38440 324
962 37518 324
963 36594 324
964 35668 324
965 34740 311
966 33810 308
967 32878 308
968 31944 308
969 31008 308
970 30070 308
971 29130 308
972 28188 308
973 27244 308
974 26298 282
975 25350 282
976 24400 282
977 23448 279
978 22494 279
979 21538 279
980 20580 279
981 19620 279
982 18658 279
983 17694 279
984 16728 276
985 15760 276
986 14790 276
987 13818 276
988 12844 268
989 11868 268
990 10890 262
991 9910 262
992 8928 262
993 7944 262
994 6958 262
995 5970 238
996 4980 238
997 3988 238
998 2994 217
999 1998 182
1000 1000 112
