1 10 20
100 200 125
201 210 89
900 1000 174
440037 544984 470
706220 353874 509
616656 487033 470
863374 320435 525
652259 228699 509
200718 832308 509
398805 84414 443
711921 756647 424
978587 136441 525
371539 35423 443
425161 633430 509
129654 824264 509
213164 117350 383
523288 170882 470
172550 87514 383
487870 132475 449
259141 374726 441
966777 725137 525
629080 161268 509
322009 787555 509
213071 657127 509
396600 671726 509
403354 551482 470
170487 931796 525
293257 997442 525
923804 839143 476
795876 318955 509
605618 435368 470
653494 875606 525
415343 380979 449
580697 731815 509
737811 721646 424
516917 766496 509
686708 560755 509
186391 618096 470
38066 374201 443
685209 947123 525
344452 496383 449
920532 313654 525
852309 739845 525
425860 534496 470
40196 467809 449
112771 683927 509
470284 821790 509
939761 102992 525
34504 455406 449
794565 237766 509
819737 763211 468
645082 768251 504
686054 550724 509
615165 371084 470
223514 46939 386
323817 490799 449
150728 732376 509
924400 894257 476
627885 144767 509
564703 100010 470
101860 683144 509
463621 311762 449
172595 221382 386
541983 727992 509
967940 294391 525
465214 727782 509
383198 314935 441
154415 858943 525
733221 748745 424
986009 880166 507
590929 496384 470
291625 679757 509
607616 668021 509
318384 701201 509
498381 334220 449
151947 678310 509
870580 806287 525
613469 827633 509
140818 461006 449
218425 5264 386
916999 543380 525
195298 107652 383
592769 847210 525
978274 920573 507
482805 355484 449
480719 134234 449
411852 693319 509
849203 353454 525
876452 460407 525
772860 904051 525
930720 175383 525
642066 947408 525
827037 97339 509
714542 302599 509
193973 694731 509
784043 172579 509
38740 580875 470
147845 229285 386
630256 326228 509
191856 35872 383
830966 323832 509
85603 819673 509
55152 57863 322
544109 505566 470
807348 981169 525
587119 755151 509
529286 899408 525
407067 223050 443
508941 96087 449
104366 343162 443
728212 151885 509
583004 817573 509
629046 42492 509
715484 575207 509
459978 144584 449
133483 761105 509
368770 40607 443
526878 538912 377
373782 475829 449
971165 843538 507
833383 139958 509
820605 957039 525
777330 792298 437
498655 723291 509
26678 672225 509
660625 629527 429
203259 980034 525
749948 656917 504
895159 430839 525
175911 96473 383
382028 297572 441
277548 497142 449
475597 669527 509
484679 529226 470
600600 734138 509
440575 54957 449
467188 25466 449
181892 465269 449
673838 669151 367
615457 248529 470
922919 281908 525
934043 552026 525
266053 793141 509
96531 237429 443
823420 953013 525
791086 208170 509
781363 805300 468
796128 277960 509
15586 93408 351
190677 975044 525
190590 258842 443
40843 98708 351
521184 932289 525
348600 693011 509
78778 967420 525
604118 115747 470
54571 342255 443
669944 501871 509
689058 812714 504
229410 959467 525
683380 335614 509
711770 823616 468
41144 784279 509
140004 293364 443
408811 919386 525
73404 90061 351
101035 506267 449
800356 210883 509
271367 249585 407
458198 372434 449
276492 444765 449
116295 542357 470
277806 216982 443
834891 332626 509
305529 377330 441
874385 726255 525
414462 384158 449
925294 297769 525
604835 354637 470
562442 737038 509
333936 596588 470
963581 690715 525
759388 510954 509
856361 888193 445
398001 432452 449
299748 180823 443
278822 334460 389
714439 457681 509
414726 962096 525
880294 701757 525
639434 482234 509
250358 817992 509
929389 997420 507
22610 527799 470
706098 950783 525
207387 483593 449
504656 834039 509
736376 271418 509
197833 186256 360
125764 627885 509
167043 233282 443
505942 616774 470
701501 199742 509
358798 823961 509
969184 666053 525
97215 149532 375
409137 334918 441
402271 847317 525
779416 937065 525
379231 226583 443
719289 410342 509
732921 815714 468
805543 823854 450
124459 407196 443
218894 522164 470
690624 166142 509
660356 528960 509
998878 276297 525
220583 90172 386
878906 18272 525
928954 745195 525
420890 478561 444
655646 892318 525
22950 629462 509
826714 610340 509
304602 816766 509
601536 748329 509
973990 285161 525
12084 144496 375
576615 326364 470
418539 575401 470
617030 296495 470
659439 421949 509
802693 276489 509
924826 781778 525
457377 717414 509
335694 400964 441
627926 521452 509
98425 418499 449
41177 59291 340
795837 527251 509
496972 490762 426
448207 837458 509
184396 854639 525
277823 275716 389
693057 55380 509
190204 843162 525
551375 937051 525
456871 138387 449
28832 611663 470
548974 525867 452
268993 161151 443
89628 327609 443
540065 965995 525
912110 830693 525
747741 573685 509
818954 969134 525
715943 983111 525
286187 611844 470
787707 707384 468
183416 931595 525
417453 650148 509
370874 390241 436
681162 424222 509
938025 429707 525
354860 328645 441
397999 556654 470
38009 828430 509
517490 187638 470
953990 149861 525
419482 170645 449
493690 271479 449
744516 85505 509
889909 255859 525
177363 757010 509
793577 381603 509
948215 55621 525
797110 31409 509
232557 922410 525
955748 766733 525
782608 457175 509
84600 219834 386
739936 46436 509
218475 25928 386
5439 801253 509
743237 366588 509
469316 207091 449
878003 370699 525
816750 850263 525
826457 916561 525
399520 855065 525
804723 582411 509
524884 786496 509
671638 225531 509
404001 19110 443
519404 876990 525
294259 886107 525
339505 55694 443
514088 954670 525
137357 223090 386
201828 853611 525
891490 139165 525
619299 463059 470
201822 873417 525
819922 316301 509
451564 948173 525
146742 312053 443
59981 787089 509
376842 211029 443
790021 334578 509
71086 966941 525
769721 6932 509
328095 379505 441
317594 875217 525
982729 599670 525
663390 815883 504
536453 527546 377
89839 842266 525
177136 452541 449
748580 170804 509
505655 689461 509
348689 616737 470
312248 954884 525
491870 549586 470
117757 268293 443
74746 3481 340
993909 32715 525
211012 763564 509
452625 336600 449
937539 953559 507
347903 976885 525
854417 255802 525
28266 154808 375
589846 268020 470
292472 258570 407
175393 284755 443
75153 8562 340
651056 75931 509
724658 912738 525
109287 32656 354
713981 306737 509
69883 769066 509
475437 815516 509
610544 382697 470
706690 817248 468
761845 901096 525
608539 539488 452
99722 49314 351
56572 864399 525
992020 402316 525
336210 739014 509
185380 440214 449
66763 340890 443
389447 869556 525
875707 455668 525
50712 817029 509
550487 200917 470
502112 25174 449
587486 47434 470
832373 580620 509
125903 643669 509
211252 635419 509
965808 770734 525
254144 452229 449
185883 573034 470
315917 631278 509
408102 554911 470
5136 825894 509
510627 736499 509
890750 9930 525
771004 487178 509
253363 961517 525
64123 66843 299
842094 664977 525
905495 200195 525
36352 673822 509
358335 541642 470
814838 775216 468
503015 14578 449
145315 666699 509
661011 585515 509
42552 628812 509
184783 332508 443
336255 834915 509
271840 313435 389
773359 614190 509
658860 803130 504
409361 236921 441
415350 603396 470
988185 404583 525
231931 154821 443
52559 411204 449
909532 18978 525
247830 846672 525
477587 985996 525
705520 756358 424
568021 687735 509
225624 432146 449
819862 337921 509
797753 143460 509
828448 766112 468
688404 476304 509
200709 739457 509
356243 837779 509
903627 589209 525
860121 812044 525
283988 291443 389
923916 882001 476
82353 312787 443
522769 667229 509
480451 316884 449
293129 68054 443
588772 350070 470
158224 416091 449
750768 121678 509
674729 994917 525
229877 783624 509
85091 900258 525
938985 206899 525
907679 21870 525
620947 389347 470
868125 792531 525
291661 865047 525
461366 300292 449
455316 243203 449
965111 230463 525
190586 96985 383
85366 944772 525
587460 93926 470
966847 37157 525
197063 677125 509
721946 368844 509
89471 72152 351
331744 347688 441
101218 873653 525
495805 436356 444
697195 440846 509
360268 491119 449
799885 265380 509
174901 938082 525
549583 785272 509
996290 868478 507
504433 634502 509
257146 335117 407
58642 954268 525
47429 603232 470
682098 405423 509
778855 703168 504
282080 788925 509
505338 528513 470
19 444144 449
779464 230502 509
474847 697581 509
681273 572470 509
741207 676593 504
197297 846591 525
975852 637100 525
253977 301290 407
472280 947985 525
293700 866777 525
350723 770687 509
245548 527375 470
927755 291442 525
626375 861465 525
113753 374777 443
206713 656797 509
381495 719611 509
173708 754182 509
455241 843713 525
250904 338321 407
167581 465208 449
532465 179905 470
67319 943263 525
909611 517023 525
476807 690098 509
689890 568436 509
424065 80844 449
527390 733297 509
80354 31561 351
209951 616083 470
162451 137046 383
412823 100622 449
45010 876725 525
878715 461226 525
715679 744454 424
71392 274843 443
410566 200468 449
65906 606728 470
375385 370503 361
735541 392636 509
935819 719352 525
94472 205925 383
622983 320675 470
290724 84996 443
288725 416920 449
773651 334762 509
242749 388002 441
946788 914985 507
421413 380809 449
511881 796522 509
652088 441380 509
395500 115256 443
752816 197019 509
593524 145684 470
583964 324680 470
725344 742825 424
32778 334098 443
299209 951394 525
965591 432635 525
316457 376591 441
218999 320709 443
521871 926573 525
725533 519809 509
342712 939810 525
927851 331613 525
735655 306852 509
486554 989761 525
702904 368920 509
116040 152193 375
395026 595543 470
128335 812437 509
634908 325147 509
451550 110898 449
509715 685411 509
686040 640852 442
228937 275315 443
127803 681099 509
114316 109758 323
415346 6560 449
937947 358289 525
21634 835214 509
432591 908073 525
777906 710538 468
277162 734056 509
305204 983443 525
470375 578287 470
989346 2365 525
911636 903316 476
69817 692274 509
966396 833679 525
422922 499076 444
189339 944287 525
481380 399461 449
533470 502177 470
450734 239722 449
290100 346702 441
364895 799261 509
323827 343372 384
46417 275259 443
432591 146276 449
52415 946877 525
435288 803122 509
267838 302699 407
982189 230984 525
584967 683164 509
557952 625013 447
309571 479489 449
86908 123937 354
297247 576903 470
696669 894620 525
925334 419979 525
798333 587799 509
265153 61761 443
117897 636536 509
130649 865534 525
601639 929586 525
410278 406961 449
370632 713855 509
585602 2976 470
512843 75411 470
554021 629125 509
667336 200459 509
607797 542109 452
755422 48190 509
909604 335374 525
903265 158214 525
265358 225535 443
332112 19600 443
994768 126805 525
10927 773646 509
622371 979084 525
57461 528860 470
812817 608357 509
852146 894816 445
378547 757872 509
41988 744684 509
6075 723956 509
969109 402294 525
433612 486780 444
969671 776146 525
24974 473985 449
431314 853152 525
924469 272101 525
98192 200555 383
360525 518361 470
837546 220054 509
782848 426671 509
264785 902395 525
939642 386231 525
235625 431522 449
817147 536581 509
736019 158880 509
726137 479366 509
537429 601529 452
630965 337427 509
551049 79841 470
178129 40886 383
350840 258853 441
390731 948813 525
189473 69371 383
773292 457978 509
915278 32181 525
651569 410446 509
213163 91763 383
377762 205163 443
89877 588768 470
622150 445730 470
607995 960536 525
660328 800795 504
311344 700971 509
155133 216592 386
246052 482171 449
196033 896842 525
556606 425974 470
291593 225522 443
934911 566702 525
602941 91622 470
508344 518563 470
434613 826371 509
700637 771962 504
919476 402415 525
545958 192011 470
496351 439991 444
241728 991860 525
938155 191621 525
830923 851690 525
512217 381642 470
262830 185949 443
831182 774478 468
974637 411975 525
502024 106462 449
258885 154842 443
368055 836732 509
552113 225567 470
397339 191032 443
930281 234236 525
203345 677366 509
228665 381314 443
478096 896031 525
609639 277543 470
670940 398202 509
867760 128587 525
524229 587921 452
21326 992534 525
312184 326258 384
848063 254710 525
914082 677209 525
438795 352213 449
500401 673853 509
47690 982899 525
268942 938312 525
944169 624947 525
66295 922476 525
533896 215938 470
209726 311307 443
681601 101711 509
963469 172820 525
188850 735935 509
321304 581499 470
610261 882980 525
61739 128016 354
745462 765669 424
367158 893620 525
144990 919608 525
787104 87259 509
490995 684572 509
511 989175 525
801460 3355 509
795084 966244 525
908929 313359 525
964220 449244 525
64039 68050 312
559526 956191 525
295323 994297 525
396485 7079 443
481039 458890 444
29229 538895 470
832170 689880 504
39325 288620 443
918525 93234 525
424557 117439 449
511561 281594 449
519171 337004 470
571395 273000 470
195967 149579 383
986341 229937 525
143524 160826 383
514543 391222 470
826403 318937 509
454292 613989 470
445698 713541 509
315506 792085 509
483759 182485 449
331010 952938 525
770697 318951 509
677397 254495 509
526403 873616 525
632307 610924 509
824968 59679 509
766059 362050 509
85399 975507 525
656173 858067 525
746363 449011 509
342656 332093 366
732418 739854 424
611000 462436 470
28403 610386 470
833861 723892 468
277314 299908 389
168874 94458 383
58848 356458 443
916780 886941 476
979595 487675 525
682129 328811 509
361983 71656 443
950306 111313 525
104325 640538 509
967092 350126 525
639205 306815 509
35781 57831 340
267642 14998 443
229160 756119 509
824485 776065 468
395440 961987 525
182630 67022 383
472044 621226 470
987435 989314 352
766407 938462 525
761461 409035 509
172761 920274 525
79579 73220 351
990856 306064 525
77441 126395 354
165180 924446 525
994188 962633 458
680986 45619 509
564340 564034 315
453820 460800 356
341237 498590 449
626552 118957 509
203474 839313 525
16750 775229 509
200646 198902 342
545168 680219 509
941526 808718 525
617240 514832 452
792467 471574 509
168178 236980 443
293917 778369 509
157667 928832 525
905670 218606 525
1740 17449 276
639150 716604 504
51226 606023 470
986571 217280 525
423377 882232 525
769784 800202 468
664933 466789 509
278271 194159 443
738580 543142 509
636639 560909 509
89716 132139 354
588526 809508 509
747902 293133 509
82422 754929 509
731184 989897 525
323332 563622 470
527269 780926 509
149944 769891 509
940937 96548 525
818006 204683 509
59598 61590 335
986097 716805 525
389529 442523 449
121296 13278 354
734813 742302 424
832017 913631 525
90895 345635 443
435843 159822 449
173023 661645 509
932512 972598 507
514044 33484 470
962239 760845 525
554944 842445 525
720039 198622 509
649468 55032 509
75463 905093 525
292335 719572 509
227631 766800 509
210956 682022 509
851374 285859 525
221008 176303 386
203000 264321 443
401059 358430 436
433682 151364 449
192715 774602 509
531208 321349 470
207095 207712 311
699055 963614 525
915777 691696 525
142675 166540 383
771583 900784 525
696466 930819 525
998180 671200 525
4394 598490 470
657956 779880 504
473323 108606 449
43395 958464 525
100043 516476 470
971892 709935 525
661462 773368 504
761234 146635 509
698414 148896 509
118906 160118 383
755625 533949 509
89935 561747 470
872721 863758 432
150495 446573 449
168019 275460 443
79179 589112 470
152275 424825 449
63019 420665 449
411728 182686 449
886773 433054 525
280564 468287 449
542197 94459 470
65917 426286 449
78802 696813 509
543179 926237 525
127214 800395 509
28257 428691 449
213878 202977 373
906751 927329 476
400109 257440 441
933735 760784 525
675396 281932 509
262913 551769 470
903994 840947 445
444820 46084 449
269516 695380 509
745558 128521 509
620896 958821 525
482325 868808 525
696637 106597 509
636457 487138 509
284550 716081 509
683287 533718 509
389549 680434 509
267996 517617 470
882036 243328 525
134713 164063 383
621578 783722 509
227394 741080 509
363016 552988 470
307259 144045 443
480540 743431 509
58013 503 340
525457 935792 525
853978 682695 525
68688 341322 443
763690 36882 509
79267 986528 525
589236 298811 470
579516 852659 525
560319 643585 509
158625 915197 525
837168 394156 509
247591 386774 441
676515 493108 509
570870 486848 470
566950 324234 470
275209 412159 449
27191 867184 525
511809 673170 509
131076 56327 354
968150 448584 525
72900 716298 509
684379 846934 525
229312 687500 509
135006 394349 443
155308 598345 470
139087 830521 509
940653 404265 525
853887 736353 525
43344 50352 314
929107 494469 525
492416 629199 509
47452 166357 383
447249 539446 470
129353 794043 509
608078 366402 470
817383 706186 468
177835 642414 509
716460 99183 509
159781 274991 443
375199 96633 443
641783 770275 504
43117 155364 375
248495 765086 509
842290 172866 525
781541 509025 509
805327 635613 504
597183 350920 470
128691 545036 470
340705 596235 470
209546 375736 443
115097 434477 449
538319 775152 509
2470 60781 340
791563 561253 509
156750 465996 449
724353 194082 509
529520 298944 470
965624 73035 525
637400 534166 509
893107 203749 525
528355 390148 470
45708 626361 509
195075 991338 525
97255 650906 509
920691 882164 476
843956 362910 525
119599 204209 383
872204 399261 525
935393 321118 525
170380 178204 347
671958 967531 525
234404 888772 525
352906 226920 443
99600 455734 449
40383 460049 449
582219 101824 470
182150 346197 443
648711 58538 509
851514 620192 525
459325 424291 400
228313 631056 509
719833 617945 509
575439 595991 434
630871 600280 509
545788 137104 470
981740 90490 525
989752 440548 525
838521 94132 525
642833 327384 509
124065 71216 354
270910 283702 389
582383 353827 470
88145 400477 443
507307 238435 449
221053 278770 443
660447 382431 509
164531 511502 449
938886 600225 525
559657 758499 509
104788 595445 470
24462 469487 449
108960 725766 509
562989 850831 525
162935 891065 525
432240 230761 449
7685 46626 324
153905 196110 383
812132 547012 509
196720 390200 443
320492 710979 509
751576 226593 509
565014 148654 470
578412 513340 452
787660 148831 509
953659 373759 525
37195 262309 443
268248 145924 443
709355 891503 525
370647 565725 470
656376 234410 509
720114 493390 509
916720 451781 525
238391 19758 443
836128 245595 509
86801 715940 509
25164 629152 509
134946 228190 386
943331 328628 525
393808 577261 470
878147 247199 525
294623 643010 509
124270 25648 354
370227 829357 509
860780 534502 525
602374 751712 509
260092 610849 470
49810 492056 449
