1 10 20
100 200 125
201 210 89
900 1000 174
3 3 8
6 5 9
882842 717898 525
83603 69937 351
923492 119101 525
966525 248819 525
630606 498361 470
247917 199170 443
613903 876251 525
222958 159141 386
586376 310460 470
252253 72867 443
85450 154048 375
135352 195527 383
520603 274124 470
944628 585660 525
829305 996819 525
99668 101422 341
322676 540967 470
887272 385617 525
84260 616275 470
816170 26837 470
149361 804993 470
307819 911339 525
786132 248580 470
562784 351851 470
573013 460299 470
732056 292664 470
860198 240593 525
474624 305987 449
153156 78098 375
360230 964457 525
474599 787208 470
114040 934945 525
152367 41803 375
587908 190089 470
444716 448706 369
843136 393175 525
973401 181469 525
789297 91764 470
337283 722909 470
750257 23876 470
6368 680276 470
847038 669831 525
345703 720632 470
414089 185206 449
65640 723601 470
175054 603885 470
598773 246275 470
4036 941215 525
9595 783838 470
344253 535196 470
119058 141502 344
845118 848450 419
348016 330945 441
886933 142008 525
730637 461769 470
228830 761606 470
607738 955518 525
703443 131554 470
663604 676873 398
403877 89914 443
823803 1694 470
566014 42699 470
510757 67672 449
617071 115090 470
530047 802126 468
285485 732661 470
354501 318575 441
186512 635306 470
970441 519767 525
500924 458978 444
845402 604329 525
340905 604 443
907902 560130 525
191978 974889 525
629052 637151 416
833904 48297 470
303091 724799 470
687259 353917 470
5851 886482 525
269960 433525 449
238444 137269 443
178166 93626 383
306152 549353 470
183427 830838 470
447148 749575 470
221170 933430 525
783062 884815 525
353507 957047 525
362713 835908 470
806629 108089 470
986026 134794 525
285625 939861 525
262046 578074 470
318914 106257 443
912482 848050 476
63680 102858 351
829527 196960 470
428010 561902 470
685998 993908 525
424213 303533 449
424495 776652 470
284301 205629 443
723376 867319 525
769159 200523 470
346149 237697 441
437860 182388 449
264986 24434 443
656062 877250 525
813681 48366 470
352925 637875 470
695112 899842 525
377242 81373 443
13195 38967 324
114992 840941 525
131450 671777 470
424959 289512 449
668344 304454 470
959974 935581 445
393295 82273 443
881209 70938 525
578488 119508 470
14175 986177 525
681358 891231 525
1986 706394 470
553704 48810 470
657107 855517 525
315965 266733 416
477225 233679 449
451319 656504 470
900926 69161 525
817980 367430 470
485555 986627 525
95834 610590 470
445368 130798 449
517870 434605 470
554242 982011 525
858116 630231 525
899054 724250 525
806131 79310 470
23304 798358 470
428888 384099 449
585413 97138 470
704478 789187 468
30717 933926 525
742959 251756 470
340974 287733 398
988822 39615 525
902577 668101 525
22248 6978 279
676214 103683 470
836210 125405 470
566709 554658 421
192587 926816 525
397804 156485 443
710022 11423 470
48946 827035 470
117971 828960 470
308832 325041 384
74410 952941 525
40536 197841 383
391602 462033 449
332538 730543 470
189349 309724 443
14482 820440 470
274342 560275 470
975414 665507 525
595003 770283 468
647917 252254 470
924121 436886 525
770036 112862 470
52775 539691 470
729266 397926 470
601136 351494 470
429599 357078 449
918565 201603 525
475089 140783 449
607049 208454 470
545229 454277 470
222903 939626 525
68799 661232 470
748144 804824 468
597417 433188 470
436127 354550 449
406006 449003 449
620290 104700 470
746428 815825 468
583307 684351 447
954718 515395 525
794345 315928 470
541244 253619 470
77116 954337 525
523371 447006 470
791728 706689 468
847342 349985 525
911956 925148 445
387290 39085 443
182662 646525 470
182830 499778 449
662647 265116 470
273936 123585 443
925468 614723 525
330234 744393 470
264853 578754 470
56753 276683 443
909220 933158 476
716891 885561 525
564508 356022 470
146469 670853 470
314409 702647 470
186348 629665 470
211816 676523 470
729099 216548 470
264938 840588 525
774858 930393 525
432908 385169 449
506786 601586 470
548786 607145 434
442914 582262 470
568227 920200 525
877543 765611 525
761409 167693 470
338948 319413 384
964830 730091 525
265832 260380 407
348539 462741 449
985369 565150 525
819924 251225 470
547171 146480 470
679258 958306 525
93464 86066 333
14277 82388 351
872106 327963 525
211950 279571 443
366543 61427 443
646183 9451 470
82285 514941 470
509300 346515 449
212291 30899 383
184275 266003 443
403220 578241 470
358276 645114 470
150284 775325 470
115608 880636 525
606979 367380 470
808929 469124 470
39905 410845 449
753758 305401 470
689035 253347 470
880068 801428 525
941629 183868 525
70045 65235 312
573223 149029 470
517667 755930 452
16779 613848 470
895278 516881 525
452385 739082 470
253053 537527 470
50098 678237 470
892159 239062 525
35103 432114 449
858968 498110 525
836294 554121 468
85718 513285 470
112003 829603 470
852803 938516 476
290508 400118 441
358372 706710 470
193484 777478 470
377149 505578 449
604373 750326 447
585128 267882 470
88287 83744 333
666573 455277 470
230753 278595 416
836933 697518 468
170356 933981 525
622067 326978 470
834410 620630 468
756691 77075 470
206540 926031 525
541351 959818 525
503886 992335 525
680075 125043 470
792823 452346 470
548358 183731 470
55561 116571 354
896503 353636 525
322800 433203 449
328602 36494 443
801645 396978 470
423233 741615 470
337901 377357 441
154347 793383 470
634766 464351 470
318156 749288 470
543028 559066 452
738209 567592 447
323183 194485 443
471882 354443 449
4482 189723 383
35147 651359 470
598749 692478 447
763846 583829 447
398182 943799 525
300076 33168 443
871741 919508 476
849383 950541 476
222968 763431 470
765016 504096 470
400083 122020 443
579559 761007 447
130647 679544 470
620061 382432 470
472027 186329 449
231370 6297 443
984404 495398 525
660738 401916 470
140990 488447 449
367666 963424 525
413435 485426 444
613896 676338 447
12098 468885 449
372720 227704 443
819669 708643 468
481330 981544 525
201462 429185 449
980066 829632 525
300240 419024 449
125611 318812 443
819323 128350 470
450556 26124 449
259438 102823 443
344930 813513 470
229920 329571 443
731312 23939 470
829053 95649 470
737117 557742 447
862293 671446 525
543448 288054 470
576389 858971 525
101269 591636 470
502795 350779 449
589547 300318 470
786681 417762 470
610399 348312 470
49715 725995 470
614766 186414 470
290093 161262 443
517025 397433 470
580727 326836 470
496596 808810 470
233616 464620 449
233565 577664 470
473779 862429 525
99134 552997 470
561996 945023 525
711350 517112 452
286092 530741 470
17146 832574 470
128060 190075 383
475432 655930 470
574433 980487 525
541433 127292 470
5118 50473 324
445774 538926 470
77492 5001 351
582618 761857 447
369669 186314 443
134849 377533 443
23999 28565 308
141354 20990 354
337500 997446 525
575832 966096 525
261475 428359 449
851380 986131 476
695646 748731 424
225395 977325 525
369206 12857 443
861931 552477 525
919717 384548 525
446274 794361 470
484401 893859 525
506059 781890 470
203940 938014 525
358240 115376 443
673840 357098 470
62082 901810 525
994577 640383 525
883623 568421 525
483537 856009 525
695732 148466 470
953008 550912 525
312144 795484 470
77949 559847 470
293450 282102 398
204590 587730 470
4760 939822 525
76189 524805 470
250649 80937 443
814932 503504 470
354219 580188 470
944373 474063 525
971312 978173 392
885333 393557 525
468444 789329 470
231603 531547 470
680298 948025 525
953261 406602 525
594847 216098 470
273422 676545 470
232989 201556 443
533650 546589 417
491237 113716 449
520201 646373 452
773992 475402 470
726736 782028 468
664474 799111 468
559723 324229 470
771453 295824 470
785142 939981 525
238931 168493 443
5480 730150 470
620477 607600 447
172559 376306 443
530848 499260 470
724382 65384 470
733438 259619 470
408738 56733 443
973428 573591 525
2368 116821 354
654869 264900 470
957934 236369 525
524651 314121 470
514487 898984 525
446998 222119 449
71880 673619 470
93094 988341 525
223636 298065 443
511471 655881 470
264285 941838 525
909405 266772 525
628230 604951 447
704280 971585 525
404541 669249 470
186666 659356 470
776200 992503 525
317993 823932 470
119515 753367 470
418309 917072 525
580324 425802 470
387242 242952 441
712620 689174 442
791316 243994 470
913799 170544 525
5395 565298 470
792397 496213 470
449012 609189 470
75867 305659 443
910019 945814 476
665015 165369 470
648140 989573 525
979383 840482 476
99554 434679 449
528205 555648 452
727326 969880 525
670736 378416 470
174284 825014 470
866084 731236 525
656681 741900 442
207139 773121 470
504870 101711 449
732240 447952 470
36601 303421 443
551425 427520 470
516704 157141 470
792964 55085 470
612490 261176 470
37917 601428 470
740151 503643 470
51226 372791 443
665442 562884 447
796372 491540 470
626792 348153 470
294306 982558 525
935651 637592 525
10117 709765 470
425283 964952 525
119811 173994 383
965146 671276 525
279236 656887 470
559536 981407 525
603966 174311 470
386296 234890 441
109792 696424 470
650484 445101 470
531286 559565 452
572133 283724 470
504937 577450 470
650053 279263 470
72669 59090 335
479038 479882 320
41473 558390 470
494391 877089 525
782161 532563 468
448214 438002 400
31845 622856 470
574444 140487 470
186735 605279 470
735027 249087 470
827379 72734 470
564844 433817 470
36408 233257 443
612176 568284 434
550799 72252 470
56739 702846 470
688521 904070 525
390363 170167 443
32421 162103 383
625377 334302 470
183288 473039 449
79246 908633 525
743944 840148 525
784101 414745 470
591772 39453 470
326605 458190 449
678930 291250 470
380537 611422 470
389656 79242 443
22320 911025 525
972191 920829 476
803380 938512 525
594983 234740 470
707166 411505 470
38296 239834 443
61324 154676 375
421929 784803 470
808948 573218 468
502356 486861 426
551972 35140 470
27174 230664 443
294937 578273 470
455094 877121 525
203731 565008 470
916953 466935 525
477487 80041 449
521304 795996 468
369515 366095 348
377 104168 351
813015 555103 468
40119 137296 354
284853 511898 449
72432 777292 470
618097 702643 442
5775 606754 470
381336 486325 449
873406 342714 525
843919 488600 525
62561 930409 525
875031 629997 525
310879 746677 470
41030 597148 470
633432 324085 470
879677 625022 525
954843 757518 525
968761 638389 525
326660 353222 441
13298 951477 525
225133 966312 525
663268 910047 525
514913 476759 470
452701 573234 470
117994 281890 443
919356 432792 525
224537 13538 386
194862 869056 525
981658 849621 476
961068 991904 458
360551 639231 470
261322 375936 441
496924 970665 525
283845 205159 443
56143 872453 525
141426 263927 443
917113 930945 476
287237 253534 416
418877 440864 418
527483 443155 470
227234 382168 443
190880 736336 470
338688 256415 416
200686 49632 383
874331 602943 525
874435 591159 525
159520 74753 383
466376 67901 449
944116 757456 525
650376 10692 470
514740 410890 470
756078 221130 470
95203 106074 341
381214 618329 470
444820 882648 525
402802 706802 470
16752 860795 525
111192 504557 449
12555 794772 470
169172 325397 443
498215 154539 449
810770 356113 470
854159 604754 525
286842 605879 470
976812 652764 525
89726 151413 375
376111 481669 449
542412 710795 452
776569 101925 470
919354 680693 525
996827 383380 525
668393 541189 452
885771 212735 525
389698 549934 470
238191 27617 443
737871 635573 442
984041 942440 458
367443 110691 443
129787 398315 443
712547 796524 468
262894 118440 443
135895 911610 525
269098 43099 443
289715 462603 449
384542 717964 470
104221 915204 525
116292 491250 449
183868 29746 383
191437 779641 470
591019 152862 470
275404 859415 525
120751 384756 443
944933 831469 525
885808 715384 525
994412 192728 525
391792 876501 525
617735 488117 470
61392 241221 443
570356 431366 470
837212 410509 470
651503 155121 470
543996 458553 470
951173 210025 525
707099 514939 452
594507 416638 470
693830 444464 470
485294 312131 449
316710 154440 443
283272 503695 449
428325 135018 449
58964 75889 335
218347 297908 443
569615 424483 470
392509 585417 470
491839 585590 470
192003 229731 386
603257 746639 447
167848 783498 470
147356 188336 383
931197 1542 525
898969 612095 525
567384 932486 525
605717 315772 470
174907 308216 443
45383 612664 470
640839 129380 470
949119 458134 525
946978 650411 525
791676 274080 470
331830 901374 525
167383 164464 352
935768 752969 525
333400 752024 470
841292 513504 525
528249 357323 470
142426 269060 443
543647 370395 470
415215 881622 525
478799 596337 470
447599 405012 449
295543 993153 525
738683 38034 470
813442 975577 525
890439 876302 401
973588 857567 476
878320 851722 432
111844 446021 449
158122 591230 470
299654 550256 470
429862 617460 470
892302 970562 476
638438 343143 470
578453 626739 447
748973 452369 470
426740 491409 444
937680 513479 525
752795 618335 442
107781 11633 354
155767 79553 375
123761 707359 470
537513 134587 470
44130 504282 449
108854 632076 470
988672 651873 525
342086 277637 398
942440 462777 525
641300 376551 470
89467 540505 470
348607 926827 525
758356 24970 470
993785 876897 476
915272 702193 525
404065 616021 470
217134 133676 386
867301 765355 525
416331 968951 525
582414 322172 470
699758 25247 470
779462 954985 525
723270 544043 452
796904 369056 470
678377 612327 447
401287 790560 470
248938 927953 525
383214 526329 470
907559 135957 525
247188 360536 441
836620 985059 525
5971 934906 525
438297 146136 449
248782 562406 470
3658 476284 449
612928 362515 470
839830 726991 525
651217 396886 470
435505 401120 449
920079 287025 525
62534 334265 443
348289 843534 525
944884 629004 525
754304 492198 470
39334 213522 383
519657 22162 470
37503 806816 470
306081 781973 470
191211 641657 470
575957 617463 447
314897 146101 443
580277 578524 359
327279 273173 398
248637 5314 443
85935 63356 351
899214 573098 525
290638 156046 443
945050 425650 525
696175 187375 470
928342 303943 525
147939 800767 470
638534 728530 442
926281 323494 525
170897 463177 449
416349 538104 470
356389 355028 379
267476 429207 449
226617 87904 386
431635 102983 449
929753 690300 525
563853 724765 447
626543 639805 416
313889 710862 470
912961 876079 476
54671 227923 386
963925 646838 525
923413 784614 525
468398 401418 449
828218 854698 525
74727 391358 443
185340 602534 470
756335 779225 468
928534 962658 445
716066 768338 468
257291 373315 441
802139 154412 470
21715 882873 525
973996 975215 392
391037 657676 470
756295 69964 470
840863 636482 525
227015 796639 470
882624 377079 525
609943 262247 470
741731 890427 525
124514 182823 383
87461 265220 443
500982 844725 525
61131 690886 470
892237 719607 525
762526 8762 470
646482 789611 468
826348 579854 468
28550 15494 308
647758 890548 525
874054 576965 525
230047 822882 470
608136 109254 470
645033 37109 470
830161 136859 470
371320 448380 449
205087 886448 525
738446 359027 470
50691 860843 525
494714 971085 525
222863 884737 525
534446 510694 470
958304 768414 525
310963 516476 470
273808 170858 443
690544 792088 468
339510 311985 384
799620 814332 415
211081 512120 470
895789 464902 525
306341 103549 443
739270 424320 470
970715 425144 525
775719 358753 470
917794 182632 525
260393 78878 443
582377 2888 470
666390 480973 470
982331 522265 525
247346 826279 470
600151 644356 447
149959 496878 449
33388 866520 525
923461 964894 476
685052 697898 442
898871 457810 525
403270 131775 443
69481 498543 449
746319 790704 468
107177 99446 354
574807 552470 421
404755 920212 525
722533 114794 470
768014 194749 470
841736 959728 476
594842 982470 525
567367 685805 447
75274 407586 443
425004 843716 525
10232 471308 449
945244 515634 525
706848 873629 525
927805 79477 525
928260 205150 525
622304 432249 470
339144 188582 443
39484 446262 449
467494 699298 470
596834 860843 525
623541 201496 470
906505 452921 525
476665 165817 449
964868 296599 525
973884 99812 525
151708 547267 470
272564 425908 449
471759 913778 525
915376 476043 525
199291 475607 449
462349 332528 449
53524 70895 335
735256 254450 470
565718 487011 470
460187 871115 525
895092 207325 525
154887 835265 470
838599 263298 525
836748 193033 470
929555 484169 525
631379 293220 470
252876 626572 470
448326 593841 470
410274 282589 449
562920 461824 470
657108 861535 525
789003 96322 470
785172 768980 437
564264 305709 470
757658 530312 452
715817 449064 470
864482 152533 525
142129 255922 443
844660 657375 525
924268 45828 525
505112 283796 449
409708 589986 470
249059 800060 470
936653 235431 525
765767 209205 470
234311 24071 443
149518 421959 449
689754 975811 525
161280 452238 449
681056 534801 452
511257 958889 525
670019 928051 525
83984 854004 525
744938 473025 470
284200 735502 470
494509 210478 449
228792 116889 386
153813 883167 525
453393 480685 444
243460 434279 449
553068 827167 468
372917 831942 470
913899 551947 525
894244 168214 525
397172 790987 470
927384 239279 525
702812 12824 470
870268 1690 525
6721 564837 470
339772 148092 443
324528 201290 443
639492 256479 470
639591 763607 442
274680 530223 470
345645 825889 470
370543 729753 470
590302 426921 470
761225 952699 525
466944 937675 525
963583 677048 525
899634 272080 525
254876 140345 443
42561 409158 443
789940 630332 468
668611 977930 525
75246 714045 470
49943 298286 443
631841 263900 470
539598 60118 470
793375 601134 468
476746 322712 449
768433 439574 470
706590 503454 470
929790 347235 525
458578 109453 449
537044 510685 470
265022 327188 416
858814 626165 525
280871 29809 443
655270 766769 442
589355 825358 468
452380 449040 387
395173 522235 470
738248 58768 470
14692 36183 324
417073 867942 525
144030 953295 525
288928 130825 443
71405 339991 443
665874 163392 470
457846 710721 470
35124 311031 443
569190 787977 468
185353 13006 383
388679 167186 443
158472 524665 470
998554 838863 476
784905 244593 470
475597 41323 449
657041 282703 470
984542 482455 525
747617 308002 470
561346 809779 468
386487 887856 525
60578 234374 443
91509 372151 443
140209 908578 525
391374 456656 449
300971 416990 449
900910 850785 432
266118 169256 443
