9991 4142 262
12626 22412 279
8954 13890 276
3483 4546 238
10726 8565 260
22073 5927 279
17570 22295 279
1282 11658 268
10861 12337 268
21019 11858 279
29871 2803 308
23869 19708 282
15727 17427 266
3480 21381 279
21919 6316 279
20367 16406 279
24719 26176 264
24105 18404 282
16484 28277 308
8549 20447 279
12510 14518 276
8000 12089 268
16004 18498 279
25955 17707 282
27337 6595 308
20081 26836 308
16452 6040 276
27619 32426 285
23504 12174 279
30157 18850 308
4799 8495 262
12783 10373 268
16760 13187 276
23400 27893 308
17818 27068 308
13104 31063 308
20598 25511 282
499 26875 308
15457 25179 282
17619 28480 308
17800 29787 308
5350 8064 262
10077 24994 282
25280 9878 282
18422 391 279
16818 28169 308
29577 12685 308
8398 15234 276
24372 11674 282
26363 24992 264
17193 9159 276
19318 12344 279
14096 29805 308
10450 26437 282
29638 13404 308
26044 5665 282
12359 4879 268
21579 26251 282
4046 32574 308
8182 13317 276
15181 13748 271
6994 14154 276
20965 6657 279
20787 20541 225
20742 17363 279
24006 24535 251
12720 30463 308
23934 2669 282
27148 6234 308
14942 27204 308
11914 16576 276
1634 30098 308
20037 10031 279
30294 210 308
27887 8298 308
2569 22880 279
2835 31827 308
18948 18900 230
30756 2976 308
15966 30285 308
14735 15503 271
13464 24689 282
3173 8536 262
4501 16229 276
4952 24874 282
9593 5686 262
4581 16226 276
14807 17617 271
25441 31921 308
25649 16861 282
7172 25822 282
9809 10551 255
18962 28531 308
22442 18367 274
26741 28685 259
31677 14939 308
8048 29740 308
3155 5166 238
17563 30967 308
5986 6071 187
28283 19018 308
19255 27707 308
4738 8890 262
19466 5902 279
31490 9399 308
30278 30782 254
17661 18959 279
12197 30599 308
11243 27106 308
4229 5409 215
3457 2997 199
3295 1824 217
10351 32758 308
32637 28446 285
6776 11315 268
20798 21695 256
18068 8600 279
24140 11254 282
11670 28441 308
25864 1066 282
31902 19621 308
22208 20193 269
8726 28104 308
17277 12564 276
32214 2216 308
19028 23700 282
2414 3691 217
31015 32375 285
13669 22452 279
32536 29649 285
11548 32300 308
3977 21735 279
6137 30196 308
20440 853 279
23676 27490 308
1132 26689 308
32646 12383 308
11730 18210 279
1930 21629 279
20391 27154 308
20688 32463 308
12395 21416 279
19818 816 279
16233 27859 308
11464 22839 279
6549 27574 308
3166 24378 282
23263 21873 269
30556 10380 308
25235 4378 282
10619 23377 279
5720 25155 282
4310 14936 276
28725 6100 308
28106 20248 308
11732 12622 263
2994 16061 276
21513 5385 279
679 470 145
28026 28939 259
1028 16141 276
27511 23344 308
15564 27144 308
15560 19955 279
32404 1694 308
32259 30098 285
17643 205 276
2687 4309 238
28527 20066 308
25421 15057 282
26761 26510 308
14282 8739 276
12590 8404 268
8601 19131 279
8412 19249 279
2475 19026 279
20080 5797 279
8961 2598 262
21125 9771 279
17190 28778 308
17623 25474 282
28703 4336 308
32452 24594 308
8195 15183 276
20970 13989 279
32514 25870 308
23906 26743 308
15796 23716 282
30659 4412 308
24960 1990 282
22280 22869 269
18614 3225 279
6498 28343 308
12003 11175 250
25028 8716 282
13184 9695 268
16188 1196 276
15063 1655 276
22838 17451 279
21843 22139 269
10368 29810 308
25211 26687 308
31237 19659 308
11400 5569 268
7690 13344 276
2634 29019 308
5175 11070 268
26982 2376 308
16878 21918 279
25238 25062 264
20110 25399 282
5338 29825 308
18867 30085 308
31807 8413 308
31566 18757 308
25986 21670 282
30205 14590 308
17633 5220 276
17890 31294 308
23462 2206 279
12486 10003 268
25813 14131 282
23369 32066 308
4923 30767 308
14526 10226 276
5232 24037 282
17024 26784 308
20104 11651 279
24633 17812 282
31116 17281 308
25896 6347 282
20945 20700 256
7540 8163 252
28986 8175 308
1625 10731 262
7523 21891 279
5591 13673 276
6643 13465 276
8088 20762 279
29059 26792 259
24256 32607 308
19426 31493 308
1862 32245 308
20206 597 279
2816 10026 262
11666 22021 279
25729 17552 282
15103 7685 276
29172 25913 308
23763 6318 282
15067 32342 308
20251 32108 308
9940 13247 268
8642 11380 268
32169 27568 285
24749 1736 282
20267 8172 279
18032 20756 274
30082 2041 308
31160 13302 308
28364 9736 308
14234 16893 271
12905 7315 268
23228 521 279
31045 9668 308
31763 7946 308
22297 1664 279
9759 8436 260
3295 31219 308
19463 25877 282
24470 32078 308
29278 23220 308
18471 29961 308
11135 6885 268
13480 4887 276
24016 27770 308
7595 13702 276
24327 22380 282
23013 22141 269
6722 26699 308
9416 9463 154
28498 23898 308
17903 10870 279
13676 12901 276
1386 23958 282
8480 6829 257
23358 23189 220
18171 27660 308
30076 3341 308
21333 30711 308
32590 18245 308
29596 27604 272
4451 22230 279
6104 31836 308
6071 26933 308
1112 10669 262
1724 4099 238
14784 29627 308
31371 15251 308
4219 25742 282
6954 16595 276
18233 29384 308
2041 24301 282
9708 14604 276
7887 1371 262
7639 4539 262
10076 8100 260
23583 26243 264
32269 31790 254
18902 26068 282
22590 24130 282
11855 8702 268
6234 16846 276
12018 32030 308
17185 10284 276
15451 28532 308
6481 689 262
5455 31800 308
13120 5411 268
11848 32299 308
15255 6268 276
23859 13644 282
10735 29593 308
17198 402 276
1102 11596 268
22043 27662 308
31289 16927 308
4399 12221 268
10399 24372 282
18024 26598 282
10029 5262 262
4229 7797 262
8141 26196 282
31716 8182 308
22995 5677 279
30867 27356 272
30684 9295 308
15690 8956 276
18220 6688 279
11937 14051 276
1870 44 182
11728 16283 276
18829 10723 279
25010 26695 308
2652 13718 276
4209 47 238
28584 26078 308
22716 6896 279
5182 32090 308
3935 12571 268
20460 6796 279
24815 27034 308
27059 27679 259
28757 29731 272
6017 31695 308
25755 1529 282
15020 31828 308
20585 14600 279
15682 18741 279
6752 32068 308
27182 797 308
23542 25152 264
24825 24053 264
27889 7806 308
16504 29322 308
19057 10696 279
8150 9269 260
3271 19051 279
12854 26581 282
18296 31287 308
13589 1986 276
14918 13891 271
32020 16554 308
14655 20364 279
22902 21330 269
11926 4484 268
633 19498 279
14404 24288 282
23679 3999 282
4220 9327 262
27879 14267 308
27549 10891 308
7004 19288 279
25684 15082 282
28439 14264 308
11059 15558 276
27286 9235 308
19078 10239 279
28420 27936 259
27491 6756 308
14358 13795 258
18851 30917 308
10836 24488 282
5351 19414 279
21099 27260 308
25943 14690 282
26868 605 308
11473 26259 282
22001 21465 269
17932 21865 274
25136 11613 282
7087 4910 262
7065 23676 282
24891 20840 282
7974 21623 279
23476 25189 282
21773 13345 279
20722 20985 256
8786 10079 260
16219 30173 308
23363 1113 279
19123 15036 279
5431 25234 282
21026 12611 279
12625 8581 268
4921 7632 262
13744 5111 276
10855 26249 282
6925 30230 308
7452 878 262
3460 26908 308
13063 4703 268
1317 13750 276
12607 8054 268
25452 10593 282
1519 27516 308
9280 24397 282
18134 31224 308
30330 8667 308
5674 3570 238
27634 19382 308
55 30575 308
31669 1582 308
19114 20837 274
8745 16433 276
13604 20983 279
7360 3644 262
4134 5944 236
25942 25157 264
1010 2243 183
7123 9728 260
17782 18388 248
3727 22716 279
114 8085 262
23912 24294 251
24764 19393 282
31831 4694 308
26007 2230 282
32170 11580 308
17558 26884 308
457 9020 262
15983 28074 308
12916 25714 282
25445 23393 282
10409 709 262
18242 20225 274
24146 28499 308
13651 21913 279
18635 7777 279
28883 5315 308
38 14508 276
9882 23075 279
10685 20403 279
29391 29566 272
29128 26320 308
19384 606 279
19188 23630 282
25911 25177 246
8234 13026 268
31563 31549 223
26567 19056 282
23760 26406 264
28152 20782 308
15605 3313 276
7608 11323 268
18811 5093 279
14597 4494 276
28295 22879 308
29077 32515 285
6581 7346 257
22159 22096 194
14319 6931 276
24662 6959 282
6571 6680 244
6016 18781 279
26413 8974 282
24741 28795 308
9225 12215 268
6854 18465 279
30841 19039 308
1962 8894 262
24120 17910 282
3777 32550 308
6089 6320 262
15147 4461 276
2665 20993 279
10739 347 262
670 13547 276
11179 30001 308
78 604 144
21163 14836 279
7775 26620 282
24839 3020 282
4194 31483 308
31920 8741 308
3167 13251 268
17242 13849 271
4059 28839 308
21006 32556 308
10591 4608 262
7687 19349 279
2690 15288 276
8001 17899 279
19940 18307 274
31768 29979 285
18795 1445 279
31846 31403 285
29633 26456 308
24255 11156 282
32212 19605 308
26473 4446 282
18237 30286 308
25160 28797 308
1116 8430 262
22391 19933 269
21042 12538 279
19264 27178 308
26303 239 282
12256 31300 308
27123 14404 308
404 30426 308
25533 27920 308
9051 5213 262
31681 11692 308
26256 3483 282
10931 10751 206
14350 12342 276
7846 3041 262
24483 15810 282
1086 28300 308
6281 9847 260
27050 9773 308
24083 6461 282
29520 666 308
10788 5587 262
14426 5866 276
14394 23584 282
7741 5533 262
25658 12005 282
18725 31163 308
24061 8134 282
5440 9393 262
31708 15096 308
30073 22997 308
9098 20771 279
18634 14172 279
21851 15285 279
28844 6318 308
24832 22377 282
18267 15059 279
466 30545 308
20599 5177 279
7545 2536 262
24491 12767 282
3832 22486 279
8599 18264 279
30942 6351 308
21368 20469 256
29378 7486 308
15957 22163 279
24140 20225 282
17956 30872 308
12155 7553 268
5436 7191 262
11978 13255 276
26995 24914 308
23329 18062 274
10339 5099 262
16170 17325 266
11673 32509 308
2883 21214 279
23810 2889 282
21676 26957 308
10520 30068 308
6772 10512 260
27338 30938 272
10198 20702 279
1024 32220 308
21882 16764 279
7703 28366 308
29645 31980 285
21886 10515 279
308 31078 308
6014 18780 279
14209 1580 276
9037 401 262
18105 6550 279
19370 25754 282
20373 7195 279
3720 27635 308
8195 14178 276
4697 6870 262
17773 28661 308
20595 14689 279
368 18387 279
28645 6226 308
5536 16631 276
6286 5956 262
22052 28311 308
954 8488 262
13486 6996 276
9881 2180 262
712 5499 238
15078 20516 279
24618 24544 233
23954 32284 308
20070 4009 279
9928 6712 260
13744 16511 271
19024 23738 282
19191 805 279
20320 9867 279
22245 19146 274
9895 31502 308
21502 10556 279
7169 25423 282
17676 30370 308
8317 26727 308
20355 8145 279
21653 23972 282
20286 30188 308
24186 7347 282
16481 357 276
890 13924 276
31323 28548 272
17149 22410 279
8616 6021 262
4276 7381 262
20465 23947 282
14222 19798 279
23548 23689 251
4469 4147 215
3387 2393 217
11104 18137 279
23721 15733 282
14327 21393 279
15543 29446 308
8868 20302 279
7781 22517 279
11466 26042 282
31231 18193 308
9221 24321 282
11905 7847 268
28030 25862 308
21793 29556 308
23044 18834 274
10745 13223 268
30803 6905 308
20959 27269 308
9294 1169 262
15473 13995 271
31948 18040 308
24272 11267 282
72 30020 308
8207 9944 260
14838 22098 279
10066 973 262
8651 32086 308
4011 16212 276
3982 7205 262
14834 23319 279
24069 9981 282
4893 15739 276
21687 14998 279
23343 18024 274
14074 17257 271
13733 16097 271
562 5165 238
10766 30493 308
4274 1294 238
15263 23725 282
26581 18770 282
14131 1316 276
721 19904 279
23507 1860 279
2745 27030 308
24183 18391 282
2970 15756 276
4254 32008 308
2296 24152 282
32459 13926 308
27755 29338 272
16414 1526 276
22065 3134 279
22202 14443 279
32526 26169 308
11930 28565 308
8647 4522 262
10866 10495 255
27636 19537 308
14034 9093 276
3094 3537 199
29713 2706 308
28922 17569 308
15895 15943 253
11148 31112 308
12779 13950 276
3716 29891 308
9859 26851 308
7317 29289 308
11900 20173 279
24892 1970 282
17667 13878 279
28979 16084 308
16406 27823 308
21926 2334 279
4769 1709 238
23167 19491 274
8021 7434 252
3161 12658 268
11333 27231 308
31333 25716 308
31854 2756 308
11951 23234 279
24371 30059 308
16636 20912 279
4326 950 238
8637 28817 308
9913 18699 279
2223 3040 217
14328 23515 279
26804 25463 308
4648 24107 282
29680 30616 272
9063 9607 260
19730 21345 274
30555 4898 308
13532 19040 279
19491 28811 308
11792 9276 268
24770 27975 308
22457 19538 274
12176 12962 263
14690 24565 282
26514 470 282
4037 13816 276
13159 2838 268
15142 22458 279
26614 12047 282
25913 4810 282
8683 22090 279
30417 10547 308
17373 21098 279
17217 20985 279
6170 20386 279
10508 22592 279
15963 21307 279
23872 1270 282
11220 29574 308
30162 11071 308
17654 20524 279
27575 9533 308
22797 20790 269
16110 335 276
27997 27554 259
21812 18826 274
6662 4838 262
11691 5574 268
27746 9029 308
3679 27059 308
24779 6069 282
364 27873 308
12118 11717 250
31853 16333 308
4225 8243 262
1214 28817 308
11595 6405 268
10733 30158 308
10643 21363 279
11029 25293 282
31708 14802 308
29897 8746 308
24488 560 282
6669 13935 276
10818 20781 279
27944 30554 272
15330 24074 282
28465 2805 308
30094 14833 308
25923 32664 308
16233 26329 282
10889 8009 260
31977 9392 308
11409 32168 308
8038 20531 279
22455 18886 274
29268 30553 272
32693 21442 308
30271 11408 308
6185 7576 257
31527 20640 308
6494 19835 279
16811 15113 266
12466 21092 279
2233 15734 276
10330 7196 260
1881 18471 279
25008 18216 282
30727 4110 308
7117 10396 260
4380 9205 262
4220 7027 262
31354 21485 308
24545 13443 282
4910 19609 279
12036 5620 268
22040 13818 279
5657 23450 279
23622 23952 251
5619 3359 238
26692 20125 308
8653 11698 268
2849 9847 262
18348 27082 308
25544 26943 308
16719 2564 276
31597 8325 308
28682 8027 308
2073 11926 268
2921 1095 217
21934 1629 279
15053 23870 282
9536 2969 262
20134 925 279
7315 31429 308
30692 14012 308
20743 6610 279
15155 30541 308
24579 26227 264
2058 18988 279
9543 23295 279
7633 5982 262
4673 29329 308
28119 9146 308
6386 14872 276
25153 30787 308
28052 30121 272
12947 26514 282
15629 10546 276
8265 6910 257
31392 4575 308
16142 16567 266
18946 15987 279
31280 31678 285
1171 15916 276
14389 3559 276
9305 18521 279
11125 7633 268
7146 14933 276
3238 19279 279
18846 16009 279
2734 16131 276
20464 9716 279
13178 2126 268
7301 15366 276
2986 20343 279
29498 29998 272
7539 761 262
10139 6982 260
1010 2186 182
13454 26847 308
3221 29004 308
5298 12794 268
10882 15755 276
1049 24722 282
116 20002 279
13110 14260 276
25864 2830 282
9695 12628 268
29406 12812 308
20012 9483 279
23664 17898 282
32662 21116 308
18621 19989 274
24803 21672 282
20819 4588 279
11212 21882 279
17475 3962 276
29977 6558 308
28582 1988 308
26956 5902 308
10376 709 262
13366 9655 276
4787 5859 236
10316 30830 308
31729 30995 285
12484 1379 268
10671 7242 260
21776 9206 279
22926 27649 308
10494 16829 276
28079 23961 308
22225 11422 279
19849 17719 274
2659 22633 279
14645 15549 271
10468 4013 262
4911 20434 279
30113 7230 308
17237 30546 308
7249 6531 257
21799 2143 279
28921 32086 285
10987 10570 268
19211 16498 279
23644 13157 282
11406 13923 276
379 4164 238
30092 19105 308
31777 29866 285
19201 12187 279
22359 28898 308
30240 8732 308
31033 4861 308
9670 29889 308
6725 6121 262
8396 5525 262
20112 13905 279
24530 12914 282
14379 3000 276
16745 26078 282
16615 30359 308
10077 22697 279
19252 11291 279
14188 517 276
9693 15762 276
10203 30448 308
6948 14313 276
10857 13096 268
4658 29715 308
2 26033 282
20870 4022 279
23732 15981 282
29351 11240 308
32270 9575 308
3072 14527 276
7374 1398 262
3092 1882 217
3789 6639 262
3606 10517 262
15379 28701 308
1466 23268 279
9874 15593 276
30522 24827 308
27026 28771 259
22451 6442 279
2176 8732 262
26000 19258 282
25725 14570 282
3782 29288 308
31411 25220 308
24330 4639 282
4483 10760 262
29915 18983 308
8945 29486 308
17342 27587 308
12844 27752 308
255 24358 282
5813 8819 262
13907 32008 308
13383 3790 276
26498 28515 308
12278 16415 276
7854 12068 268
21528 28493 308
15478 26560 282
20464 11500 279
16730 26578 282
1696 30494 308
12786 29826 308
24971 25577 264
29116 1546 308
29134 7831 308
17990 32746 308
17526 183 276
21449 10086 279
6001 27538 308
6876 32484 308
2579 17613 276
27756 13440 308
23407 17783 274
31860 6173 308
29741 8875 308
3539 10246 262
4464 18216 279
2291 6334 262
21558 9632 279
5590 5192 236
27967 9047 308
10192 13853 276
