291188 290691 327
901681 901341 339
138904 138912 207
768036 768293 300
479346 479366 214
220645 221076 293
116034 115611 323
318 73 131
714286 714553 274
758929 758985 243
356310 355933 348
907026 907304 326
322634 322890 278
179842 179851 166
393659 393488 361
346899 347336 322
864846 864549 326
355791 355963 242
724118 724096 243
59650 59336 273
192907 192787 254
541453 541232 364
354488 354529 273
877605 877870 357
978910 979108 290
338158 338065 335
18983 19300 212
885188 885248 264
962958 962849 259
267979 267549 301
816625 816809 344
731609 731201 243
484349 484252 232
380456 380352 268
962879 962764 277
479440 479070 320
193783 194242 329
808817 808507 313
700394 700091 367
331804 331851 216
653376 653767 385
510951 510855 302
769999 769536 393
152506 152222 308
724265 723783 274
568582 568537 222
604497 604433 248
88631 88809 240
719535 719413 274
378509 378662 317
408050 408214 268
5641 6038 218
233488 233773 244
612995 613294 266
564098 564114 160
3562 3704 207
315333 315426 309
242567 242234 319
971078 970699 308
978055 978306 383
203123 203080 205
550306 550247 209
464066 464237 232
350575 350488 242
110198 110538 230
767404 766989 318
182829 182758 223
939258 939751 507
800615 800296 318
182234 182541 316
970512 970210 321
531015 530728 346
291453 291062 296
257758 257516 257
515284 515532 258
58406 58510 242
169415 169383 197
634273 634059 310
54446 54159 260
586581 586490 222
256791 256499 332
239835 239967 275
247559 247479 213
691749 691618 274
998848 998780 228
464533 464359 338
789974 789760 269
341272 341573 260
365342 365700 317
976718 976855 259
890325 889969 339
124354 124575 287
672922 672860 261
615062 615129 235
633555 633947 323
159275 158986 277
84455 84905 289
639700 640103 354
717960 718055 243
933114 932823 308
526587 527080 377
381004 381130 255
970870 970601 215
974993 974625 334
923834 924075 308
42005 41926 182
51265 51127 234
808717 808662 300
594512 594207 328
561005 561134 315
428124 427667 374
26686 26977 246
920969 921087 277
785191 785257 256
253509 253421 288
870002 870399 295
307775 308177 371
817048 817485 313
348662 349096 260
880735 880473 295
16390 16519 266
746608 746977 287
255219 254778 363
711818 712124 243
494299 494215 196
969062 968698 308
696044 696374 305
77863 77406 245
595777 595659 266
452598 453062 294
109589 109795 292
776347 776804 300
613757 614160 310
463654 463674 170
228902 229105 262
792516 792868 437
693961 694049 212
52601 53019 278
805871 805901 238
579822 579451 328
169760 169807 228
369983 370098 255
551968 551633 315
594760 594830 204
315502 315352 309
831752 832001 282
912824 912488 401
699060 699087 168
407082 406940 250
320678 320757 216
285846 285475 296
903056 902884 370
464989 464731 263
306534 306676 309
666746 667229 323
851718 851926 326
500261 499825 320
723466 723775 256
806180 806146 238
923905 924042 308
897772 898254 339
622220 622023 310
920437 920186 308
408723 408863 206
579661 579991 328
660307 660505 230
430148 429810 312
946211 946680 383
982524 982135 321
44735 44558 270
868437 868419 220
748565 748937 274
185225 184840 329
235451 235436 151
916563 916729 308
714492 714540 243
978484 978620 352
493557 493790 351
717644 717975 318
775516 775515 225
563309 563256 253
100856 101202 297
106029 106078 279
357294 357109 273
388787 388303 299
515189 515310 395
340386 340739 304
814856 814679 313
142971 142595 326
436660 437082 325
555805 556047 191
970780 970332 458
363528 363980 317
767810 768010 468
346130 346423 304
778140 777971 269
643099 643222 235
241258 241528 275
238776 238532 275
213869 213754 218
454195 453893 338
802034 802040 238
639998 639958 354
922915 922733 383
400926 401252 387
437148 437074 263
986490 986068 321
888666 888196 295
698028 698306 367
423122 423324 312
104457 104635 310
123085 122726 318
805755 806215 313
851092 851303 251
547688 547548 377
800805 800969 282
805395 805597 269
167341 167660 290
768702 768573 256
67123 67444 237
873963 873752 326
506719 506318 307
432490 432771 387
464177 464368 232
503498 503942 320
479649 479360 276
793078 793019 238
794428 794343 300
596917 596474 266
72355 72059 250
922876 922392 445
616590 616510 310
911085 911356 339
310379 310449 247
693201 693224 186
592007 591706 403
633190 632929 354
621724 621564 310
584943 585110 341
63004 63336 317
221366 221076 355
676593 676966 305
19151 19273 199
444767 444760 144
287414 287657 296
448431 448042 369
498341 498287 227
411422 411514 193
575531 575158 315
371438 371611 317
322534 322660 309
855835 856305 357
40157 40123 213
845951 845921 269
302051 302230 265
833856 834035 238
973811 973975 365
88736 88634 240
516307 515842 258
180036 179848 272
582353 582590 297
312825 312455 353
197897 197707 267
740020 740439 393
883641 883327 251
201054 200997 267
806500 806994 344
365353 365677 317
150542 150538 158
595436 595018 266
341909 341480 335
405321 405336 343
256119 256084 257
697355 697320 212
846563 846827 282
273672 274079 358
41242 41304 213
161502 161224 277
964928 965066 246
192829 192891 254
285309 285039 376
156191 156322 277
165062 165397 321
232696 232504 231
387696 387535 286
666871 667286 323
157524 157447 277
194398 193941 329
681569 681206 305
196958 197305 236
372798 373025 286
507942 508347 258
504402 504059 364
313056 312626 309
420349 420097 343
543670 543664 209
22944 23106 238
713182 713278 274
624634 624478 341
248279 248204 213
556996 556664 271
808670 808410 313
929789 930198 339
32669 32927 267
512516 512365 333
282684 282796 283
957521 957695 264
607873 607497 341
161352 161418 277
847479 847295 419
714256 714419 274
283236 282761 283
100424 100486 235
52173 51684 278
726335 726565 274
142961 143039 282
812331 811981 362
509268 508952 377
606620 606387 310
304788 305097 278
619544 619317 341
136525 136570 207
232571 232360 262
989768 989958 215
82046 81780 289
828450 828375 207
683534 683273 336
633426 633730 310
638873 638924 248
279514 279951 283
271173 271564 270
898717 899169 370
943534 943100 339
513174 512843 333
828129 827982 282
481915 481549 289
286354 286689 252
386871 386944 224
332554 333001 335
95806 96031 253
471587 471497 232
73325 73654 294
360729 360773 242
59955 59624 304
993991 994487 365
222665 222872 293
741512 741998 318
492061 492218 258
191145 190976 254
575476 575506 222
220132 219680 355
45835 46310 252
423148 422961 250
335886 335521 322
177739 177634 210
877866 878097 357
90741 90435 240
381411 381453 255
898334 898035 339
828363 828268 238
88649 89092 302
27506 27188 246
630808 630371 310
155987 156358 383
673852 673578 292
673378 672988 336
612674 612510 279
493070 493214 289
950367 950127 308
617552 617834 372
708877 709041 274
915189 915180 220
395493 395749 268
573985 573537 359
540319 540357 227
935540 935152 414
516241 515901 227
205678 205427 311
915940 915937 109
970971 970484 458
854699 855106 264
786796 786792 225
879872 879799 220
552083 551791 315
632437 632768 279
24158 24054 251
720084 719700 349
815691 815489 238
682255 682672 305
159354 159654 352
730609 730586 212
630812 630557 310
278345 277857 345
703201 702904 305
94944 95410 328
453305 452882 369
777774 777768 155
578189 577841 346
402723 402688 268
146381 146268 295
197595 197695 174
791074 790640 331
347937 347606 304
28039 28311 228
411727 411985 237
977892 978234 383
598628 599090 297
685936 685458 261
399734 399762 237
922713 922324 445
330459 330717 322
879579 880061 357
292742 292794 203
585278 585639 359
967628 967599 215
532824 532626 377
441729 441741 170
876562 876790 295
798784 798296 300
159442 159847 308
566890 566689 315
394002 393643 361
612481 612830 310
497773 497599 289
23404 23057 220
981136 981215 321
226399 226152 262
916000 916196 264
185685 185201 303
118852 118561 318
400041 400072 374
146547 146895 357
534222 534228 346
993040 993212 290
276220 276439 314
236573 236185 337
402251 402507 237
118583 118889 318
16607 16848 266
66923 66478 268
670476 670251 292
284751 284902 358
896705 897066 282
970404 970030 290
494744 494983 351
228872 229065 262
58499 58494 198
954295 954355 259
431837 431872 263
927898 927591 308
519959 519770 364
178957 178882 272
586656 586202 359
571064 570666 297
707329 707200 230
513806 513792 196
516718 516359 271
450066 449990 369
471951 472172 276
904774 905222 383
313243 313606 309
929617 929795 308
986163 985746 321
296435 296762 309
99942 99632 328
764919 765162 287
563741 564218 284
689180 689112 336
195938 195544 298
951895 952285 308
812295 812428 313
373379 373210 286
740282 739925 349
625496 625181 354
354631 354451 335
615549 615083 266
206765 206336 342
220669 220804 231
859164 859483 295
590013 590057 297
941488 941287 339
635040 635087 279
123324 123041 287
963324 963242 277
29942 30350 272
640756 640420 416
996757 997111 321
68185 68017 268
801953 802229 313
990005 989850 215
622300 622745 310
709011 708930 274
337646 337473 366
255578 255959 288
488407 488608 258
498527 498865 289
276413 276016 314
720377 720569 230
674180 674100 367
615291 615746 310
234357 233861 381
955641 955772 339
26511 26505 277
800899 800473 282
510397 509984 289
455895 456204 338
376816 376375 423
270625 270924 363
761407 761382 225
555568 555213 390
47647 47463 283
296398 296785 309
552728 552786 178
720926 721197 292
90785 91237 271
72049 72175 250
637115 636887 310
291345 291244 296
272364 272471 270
979903 980132 246
708440 708008 274
356810 357298 304
577879 577546 253
733571 733364 305
79008 79454 307
289436 289545 265
97147 97561 297
108191 108477 248
213936 214059 280
276687 276415 283
913871 914002 264
686513 686388 261
274252 274049 239
606464 606780 310
326927 327165 291
777704 778080 269
561774 562000 328
373601 373684 286
45687 45232 239
987921 987588 352
900747 900272 401
15603 15517 222
605434 604998 297
692076 692501 305
43327 43080 257
173386 173724 321
739557 739130 424
464666 464587 232
613619 613511 279
920483 920687 308
709938 709988 274
428880 429063 281
355445 355268 242
821818 821742 313
240943 240553 368
174560 174447 228
950938 951277 414
295125 294976 296
167388 167559 259
767829 767382 300
542359 542506 271
887238 886876 445
344208 344453 260
826727 826342 313
460113 459772 307
131279 131241 238
858923 858904 220
161882 161930 290
485225 484828 320
625586 625448 310
256006 256223 257
287167 287418 327
371408 371357 317
728217 727982 212
493641 494041 351
48344 48434 190
903115 903163 233
738336 737845 349
71088 70696 312
833300 833004 313
241736 241415 244
893037 893531 326
27265 27758 246
563519 563097 328
346790 347015 304
9280 9233 260
851925 852206 326
511773 511963 470
99957 99615 328
520552 520766 333
220653 220178 324
448566 448963 338
328717 328487 247
839685 839601 207
219873 219614 311
732845 732867 212
43299 43188 226
82413 82586 214
429049 428586 281
920556 920581 308
413571 413690 250
976180 975956 246
976495 976464 246
900175 899781 370
316229 316674 353
608883 608857 248
751796 751927 287
349188 349631 304
901640 901702 295
900159 900566 383
503487 503448 214
89321 89132 302
364964 364997 317
52594 52666 216
834554 834063 313
250048 249980 257
780267 779917 344
413898 414244 312
627330 627426 310
317361 317051 278
266297 266621 239
749221 749258 393
744424 744271 256
550015 550227 302
799446 798991 375
617478 617072 328
894605 894683 370
164778 164850 308
4873 4613 197
275871 276139 283
660343 659891 323
998809 998361 277
528517 528171 333
209453 209180 311
800373 800155 318
149979 149648 264
107523 107458 248
150318 150669 295
758755 758579 243
179192 179128 241
73206 72790 294
423047 422919 281
614364 614236 279
746083 746553 287
646278 646458 323
557935 557601 315
511504 511172 320
40905 40472 257
496730 496867 258
124825 124997 256
580398 580584 253
660903 661024 279
373882 373943 255
205858 206210 311
101787 101386 310
703091 703341 336
943809 943664 339
242986 243389 319
162443 161954 321
947909 947784 238
148837 149248 295
264532 264124 332
141344 141233 251
18242 18468 230
614859 614419 279
370269 370062 392
364398 364822 286
239138 239476 306
659651 659786 354
883024 882624 313
237163 237245 244
581523 581843 297
198241 198534 329
172324 172316 197
522207 522650 333
134116 133784 300
137062 136727 313
258590 258359 301
253796 253897 226
698132 697650 367
549204 549637 253
502845 503094 258
532412 532467 240
471671 471800 232
826628 826187 313
128948 128776 225
85425 85483 196
313872 313797 309
429989 429666 281
104580 104490 279
902741 902445 383
62416 62277 224
20653 20376 243
175824 175428 272
603500 603651 235
46085 45653 252
589415 588952 297
72081 72299 250
848185 848431 282
290530 290031 252
951552 951387 383
214837 214916 249
686100 686513 261
420780 421074 312
936146 935989 321
908643 909082 339
815704 815382 269
997588 997172 352
535390 535266 271
889023 888700 264
875651 875927 432
975857 975512 339
449399 449571 369
706224 706391 305
410682 410947 374
903546 903802 295
862534 862662 326
680842 680513 336
658768 658639 292
682911 682739 305
853865 853879 158
474460 474091 382
663962 664345 367
391277 390807 361
524565 524883 364
539835 539812 196
720966 721008 230
40532 40894 257
823605 823606 176
908784 909215 308
981388 981349 290
441172 440851 325
658351 658709 292
172111 171946 197
704980 704629 305
438300 438211 263
64540 64971 268
928682 928295 308
269728 269533 314
374723 375036 286
845885 845485 313
778103 778309 269
730335 729842 380
396914 397346 330
834394 834030 313
705146 705109 305
154175 154292 215
17931 17453 279
690516 690919 336
277532 277780 389
874637 874399 388
633603 633539 310
719654 719644 212
554060 553701 253
121343 121234 212
508572 509033 377
518257 517822 302
715401 715072 243
35110 34629 280
420352 419958 343
468279 468330 276
79029 78793 245
407793 407964 268
722384 722011 411
161493 161877 277
625621 625368 310
691692 691795 274
166528 166405 334
388607 389048 268
402518 402584 237
176408 176744 303
582044 582540 328
48953 49060 190
453921 454035 232
31055 31077 179
467114 467329 245
441240 440915 263
526959 527156 377
806284 806501 300
257079 257103 195
495109 494622 351
112589 112798 292
944994 944643 352
218212 218212 81
295409 295192 265
1077 738 179
40533 40547 89
70145 70392 312
985815 985904 290
343929 343590 304
269450 269271 239
90460 90480 116
998979 998752 396
835643 835807 313
753805 753686 318
743761 743973 318
627020 627395 310
29113 29027 197
642868 642428 292
514921 514708 258
731114 731383 243
745114 745125 212
223083 223583 324
621483 621846 372
997562 997868 440
405135 405610 405
635059 635549 416
715853 715552 274
180531 180369 365
105821 105383 310
479769 479318 276
345946 345967 441
374438 373939 317
145482 145366 251
230594 230470 275
269219 268773 345
107377 107809 279
923462 923091 308
769401 769184 393
476616 476251 276
58330 58106 242
528728 529118 377
600145 600483 315
909009 909187 308
87173 87622 240
486700 486249 320
30652 30887 254
436581 436387 325
446003 445817 263
257063 256707 345
411218 411641 330
779475 779861 362
915710 916162 264
805899 805746 313
946593 946530 339
394837 395109 299
766858 766605 300
412949 413157 237
117033 117278 274
896532 896204 370
540367 540251 227
574936 574459 328
896387 896238 233
503041 502916 227
424690 424759 250
8422 8830 216
813855 814080 269
517852 517992 271
318288 318470 309
835674 835254 313
195305 195048 298
728354 727965 287
339206 339241 260
831693 831334 357
233604 233179 368
794904 794862 163
824062 824206 251
295900 296222 265
228819 228423 306
752777 752856 305
214516 214848 249
730930 731275 318
101217 100984 297
126822 126680 331
233345 233106 368
61812 61688 286
181261 180877 272
696290 696433 305
823097 823185 331
416067 416372 343
556947 556938 222
337100 336677 291
481699 481982 382
422068 422482 356
985378 985704 365
95324 94956 328
531982 531946 271
783875 783683 331
509086 509184 227
686880 686881 168
473701 474118 320
889889 889625 370
311976 311931 278
726092 726507 318
259792 259713 301
724214 724580 274
570879 571279 297
24447 24927 264
689141 689493 305
191151 190709 254
866019 865915 326
247895 248005 319
786188 786414 300
516606 516659 196
242364 242122 275
231298 231258 213
885870 885793 326
476941 477412 307
270209 270234 345
731713 731256 336
729454 729719 318
626123 626438 509
456673 456746 219
373128 373595 348
443944 444145 338
48712 48764 190
687679 687786 261
474813 475005 351
447247 446816 294
921841 921894 202
147829 147347 295
28432 28018 259
6647 6735 182
798405 798177 300
724387 724659 274
126688 127015 331
733870 733992 349
710467 710024 380
377323 377059 286
995384 995772 290
843134 843316 282
347937 347775 304
426554 426096 281
559185 558926 240
233885 234313 381
498539 498859 289
215065 215064 130
343327 343482 260
566333 566193 253
71746 71349 250
723289 723654 349
837555 837794 282
777301 776856 300
370071 370471 392
920522 920932 339
453057 452774 294
507338 507175 271
355473 355359 234
858269 858136 251
728763 728775 256
867326 866923 344
272756 272752 208
925115 925061 215
323303 322899 322
700276 700453 367
174394 174367 166
286100 286268 252
258694 258370 301
247407 247127 350
676901 676563 305
467200 467408 294
134854 134524 300
139878 140224 344
879764 879549 357
309944 310219 265
868178 868469 339
923857 924188 370
169122 169347 259
93172 93066 222
839379 839129 282
410399 410248 268
800873 800561 269
838173 837802 282
483449 483211 245
644195 643960 248
842898 842864 388
373093 373555 348
801108 800608 282
266913 267228 345
444741 444757 263
353087 353534 304
860877 861047 238
634037 633871 279
104166 103967 279
497134 497198 245
455894 455929 219
444851 444864 144
392493 392201 255
767835 768074 468
468515 468639 276
198353 198719 329
763961 764325 287
679773 680214 336
388948 389185 268
226529 226705 368
665057 665395 442
54439 54107 260
415892 415694 237
193713 193410 223
771696 771730 256
492407 492515 276
568121 568543 315
329781 329297 309
95943 96181 253
390925 390703 299
386228 386581 330
208013 208192 280
826668 826893 251
498473 498854 289
568185 568163 284
