1 10 20
100 200 125
201 210 89
900 1000 174
9032 9296 260
1364 2123 180
2823 7039 262
8116 8878 234
3543 6538 262
1433 4212 238
7707 8049 252
7901 9322 260
3343 9624 262
5394 5606 236
6775 9966 260
8045 9893 260
4594 5875 236
5501 7410 262
8636 9684 260
6475 6989 257
8416 9171 247
1505 1524 154
9600 9814 198
5650 9487 262
2195 6933 262
9488 9859 211
3777 5079 215
7124 8144 252
7099 8211 252
1919 9048 262
3642 5500 238
8741 9885 260
7177 9156 252
3110 5412 238
6556 9149 257
5421 5824 236
3299 9265 262
7908 8367 252
8276 8705 234
9488 9891 242
6179 7376 257
8325 8912 234
2051 9859 262
9237 9937 260
3573 5714 238
978 5987 238
5771 9403 262
7015 7350 195
9523 9537 198
501 8913 262
1750 2326 183
6310 7077 257
774 9648 262
7197 9484 260
3204 6185 262
5096 7378 262
8616 9195 247
2805 3044 217
9511 9526 198
480 9939 262
7686 9736 260
4172 8055 262
6629 9808 260
9894 9939 242
7985 9676 260
7870 9368 260
9995 9998 180
4197 9523 262
1332 9856 262
6472 7745 257
2962 4507 238
3312 4669 238
496 8943 262
458 3909 238
8591 8751 203
3067 9350 262
1467 8414 262
6275 7982 257
7158 8329 252
2404 9477 262
3837 6085 236
3601 8527 262
3763 4724 215
1816 6541 262
5122 8960 262
3662 7702 262
7824 7960 190
4458 5884 236
9512 9620 198
6189 8756 257
9409 9629 198
4608 9343 262
4353 8425 262
5498 8401 262
634 1465 182
5759 7420 262
1734 4722 238
8929 9184 247
6692 7057 257
5468 6517 262
3898 4243 202
7691 9199 252
475 2854 209
2401 4111 238
6510 8134 257
5285 8119 262
822 3898 238
5094 5240 179
23 6388 262
6867 9633 260
408 6562 262
5372 5414 161
2547 6346 262
5259 5835 236
1074 5951 238
1051 4647 238
1345 3953 238
4315 8275 262
7199 7831 239
6200 6736 244
6127 6843 262
7202 9414 260
9682 9998 242
2651 5382 238
1753 7384 262
6970 7481 239
2842 8703 262
3910 4757 215
7837 9517 260
2152 5071 238
675 3612 217
4767 5234 210
817 5881 238
3438 6667 262
5324 7996 262
2884 4411 238
61 5903 238
8589 9884 260
2163 9199 262
3426 9139 262
1329 5945 238
4336 9649 262
2116 6681 262
669 9230 262
2421 9326 262
1161 4885 238
4854 5268 210
3018 7278 262
1180 5926 238
5714 9202 262
2874 7663 262
7875 8574 252
1883 9728 262
5042 7280 262
4721 5231 210
3711 6589 262
7622 9162 252
7244 8998 252
9175 9885 260
4276 7603 262
5974 7701 262
7261 9784 260
2903 5535 238
8737 9456 260
5551 7647 262
1765 8731 262
8632 9121 247
1527 9546 262
8492 9349 260
8058 9402 260
8119 8358 234
7913 9150 252
8602 9804 260
9076 9603 260
2204 6803 262
1650 4946 238
4358 6943 262
6580 7340 257
5761 9513 262
331 2415 183
1636 4922 238
6024 9429 262
2527 7142 262
6560 9902 260
9124 9976 260
7464 9281 260
2871 8335 262
324 4785 238
2244 7192 262
7362 8529 252
570 8416 262
2717 6955 262
2220 4198 238
5999 9920 262
2740 3864 238
3429 5328 238
3908 5381 215
6133 6446 262
1426 6193 262
871 3573 217
2949 3917 238
4432 4804 197
9299 9479 198
5232 6058 236
4127 9132 262
6015 6553 262
919 8697 262
4191 6082 236
6053 6161 187
9594 9765 185
5627 5793 205
1057 7050 262
7435 7928 221
9304 9804 198
1225 8639 262
6745 7205 257
5058 8768 262
2858 9991 262
3737 8194 262
6291 6902 244
2121 6110 238
2514 6553 262
2380 8040 262
1171 2227 183
2880 8178 262
6335 6699 244
4269 4735 215
8814 9696 260
7614 7615 133
6038 6508 262
9443 9656 198
3147 3695 207
7526 7675 177
3480 8933 262
3650 9160 262
9902 9966 167
6318 7074 257
4230 6487 262
8276 8334 203
5952 8428 262
4902 4965 210
3803 7823 262
9124 9288 260
7159 8744 252
2634 4459 238
9109 9388 260
5633 7006 262
2699 5934 238
9928 9945 167
3872 7289 262
5274 5426 192
9633 9679 185
8262 8567 234
7287 7691 239
3639 6509 262
2721 5614 238
6461 9841 260
6394 9963 260
2546 9656 262
7114 8395 252
2125 2921 217
9888 9955 242
4685 7951 262
4860 9621 262
4976 8749 262
5286 6272 262
9611 9722 185
8906 9080 247
7147 8579 252
7293 8963 252
156 5243 238
1332 6347 262
1166 5167 238
1193 8817 262
7214 8216 252
5518 7967 262
3155 3851 238
7741 8132 252
9779 9835 198
138 3090 217
4351 5887 236
5468 7992 262
3390 6291 262
2043 4341 238
7116 7627 239
3621 6236 262
9532 9755 198
7501 8390 252
2948 3230 199
1478 6421 262
1859 7237 262
9336 9792 198
9995 9999 180
738 3038 217
6848 7477 257
1230 4277 238
8102 8508 234
5000 6648 262
1775 5727 238
2122 3061 217
3022 9857 262
1616 4197 238
7849 7934 190
7230 7620 239
187 7002 262
3980 9947 262
2177 8568 262
4683 6259 262
1042 8662 262
1326 3016 217
4051 6991 262
73 9549 262
8310 9280 260
5942 9479 262
8030 8632 234
8355 9050 247
6182 7410 257
9254 9791 260
1454 8633 262
8497 9774 260
4473 9487 262
6997 8074 252
4310 5263 215
479 5716 238
5186 6152 236
6231 9556 260
647 5797 238
5587 8262 262
1592 3559 217
1321 9392 262
5687 7186 262
3904 7816 262
1049 8650 262
7414 7729 239
4227 9050 262
8129 9974 260
9308 9425 198
9357 9843 198
7352 9989 260
2380 5921 238
1910 3532 217
4630 9846 262
1753 4620 238
8102 8831 234
8723 9482 260
7326 8758 252
7722 9145 252
3367 5366 238
3120 5042 238
3979 7276 262
489 1520 182
8530 9496 260
6680 8047 257
2140 3240 217
8746 9203 247
1074 1450 182
1841 3391 217
7374 9327 260
9878 9903 242
4138 9148 262
8032 9776 260
3595 7519 262
7912 8715 252
7315 7339 195
5790 6264 262
7187 9767 260
9042 9737 260
4321 8746 262
4168 6488 262
5996 7747 262
8111 9595 260
1874 7637 262
7431 9686 260
8202 9742 260
5054 7430 262
4288 5014 215
2242 3569 217
7993 8572 234
4822 6624 262
1322 3132 217
4042 8782 262
1634 3058 217
2321 8251 262
6529 7028 257
6459 9518 260
3295 9018 262
641 6584 262
6937 8101 257
7325 9869 260
7730 9614 260
6996 7685 239
8605 9840 260
4469 6895 262
3425 8398 262
680 9164 262
899 1261 182
1622 8980 262
8682 9734 260
4786 8344 262
9278 9882 211
7532 8410 252
8429 9310 260
4566 7916 262
5309 5431 192
4046 8620 262
2088 9073 262
4871 8590 262
8138 8809 234
3071 3565 199
4130 9073 262
6673 9118 257
8047 8983 247
8587 9427 260
5969 9120 262
8397 8523 203
2784 5602 238
2106 3422 217
327 621 144
8030 9872 260
9041 9701 260
5267 9473 262
3731 7976 262
5096 5540 192
1593 7459 262
8274 8459 234
3955 8253 262
6320 9337 260
5426 9822 262
4813 6085 236
747 9051 262
359 4335 238
4709 5611 236
7130 9657 260
6726 6855 182
9761 9899 242
9688 9704 167
9259 9810 198
2630 8276 262
6175 8088 257
7019 9874 260
275 1755 182
1741 5939 238
3698 5147 238
5298 7075 262
6084 7179 262
6837 8807 257
8844 8861 141
300 8353 262
9643 9866 211
7875 9175 252
1931 9693 262
8496 9736 260
6730 7189 257
8797 9329 260
1992 7076 262
5305 5353 192
8189 8275 190
7640 7754 177
6168 7790 262
1094 3018 217
9838 9899 242
8180 8565 234
199 5951 238
5633 6772 262
1051 4573 238
9976 9988 167
2989 7391 262
442 3787 238
8778 8879 172
8337 9403 260
3978 5159 215
7250 8074 252
6973 9185 252
7109 9433 260
6730 7356 257
5275 6464 262
9736 9752 167
7089 8859 252
3244 8924 262
4126 9203 262
783 5109 238
4496 8881 262
1670 6943 262
751 5290 238
7801 9651 260
899 1955 182
8567 9590 260
8615 8874 216
7590 8270 252
3537 6854 262
7168 7346 195
394 8416 262
1765 4320 238
5904 6648 262
6637 8550 257
4365 7497 262
5838 7125 262
936 7656 262
1740 5742 238
707 4642 238
5908 9912 262
7217 9546 260
7320 8792 252
5607 6679 262
5978 8215 262
2054 2272 183
7518 8614 252
1912 2923 217
1883 6805 262
6940 9474 260
4937 7687 262
6015 6159 187
999 2076 182
3581 5090 238
3771 4474 215
331 3465 217
2193 3726 238
2739 5842 238
6904 8349 257
9195 9237 229
4428 6607 262
5878 8043 262
8378 8413 159
809 9927 262
7792 8196 252
4683 7865 262
3185 8702 262
3234 9762 262
6503 8479 257
1597 6293 262
7613 8753 252
6762 8652 257
5652 9016 262
1327 5928 238
7927 8788 252
6227 9244 257
3274 7005 262
5115 5197 179
5314 7137 262
2301 9336 262
1400 8028 262
697 4434 238
2164 3757 238
1103 9099 262
3844 7440 262
7811 8187 252
7944 8964 252
5130 6636 262
5194 7168 262
7843 8629 252
9300 9843 198
692 6079 238
1370 2934 217
2482 5834 238
1888 5297 238
3358 8094 262
4461 6118 236
4228 7379 262
5160 9201 262
4115 9023 262
9796 9914 242
676 2812 209
4319 6690 262
8407 8510 203
4825 7878 262
8560 9878 260
9778 9814 198
8149 9697 260
7680 9869 260
6725 7080 257
4696 8871 262
5313 7910 262
3894 9877 262
7865 8334 252
8394 9670 260
9671 9994 242
1239 3845 238
9880 9954 242
1746 1748 149
1584 7034 262
180 8153 262
5747 9755 262
6203 9132 257
7911 9782 260
5233 7285 262
6230 9789 260
5905 6394 262
7526 8229 252
5025 6097 236
8684 9678 260
1328 9080 262
4356 9974 262
1025 7482 262
6067 7276 262
5627 7579 262
2579 6671 262
8964 9255 229
6446 9537 260
4484 7428 262
6950 7999 252
569 3861 238
8678 8870 216
9977 9998 180
4844 9160 262
3475 7997 262
4451 8284 262
5581 7785 262
9497 9509 167
2537 7608 262
2817 7735 262
6738 7824 257
3540 6597 262
5080 7546 262
1401 7659 262
304 3133 217
7774 9381 260
8137 8533 234
9608 9664 185
5391 9498 262
5753 7472 262
7231 9979 260
3788 9768 262
2532 8244 262
2334 8046 262
260 6458 262
523 5352 238
751 2689 209
7723 8763 252
6595 8024 257
3349 7796 262
7764 9901 260
9809 9812 167
3231 9664 262
1475 6593 262
6892 6946 257
8100 8521 234
9231 9950 260
6130 7982 262
615 9655 262
1653 6870 262
6489 8669 257
8135 9532 260
2758 9654 262
79 1603 182
6370 8255 257
6305 7073 257
3289 3986 238
8636 8714 203
9896 9948 242
6148 7787 262
7343 8227 252
787 1823 182
4749 6447 262
8434 8931 216
3385 6710 262
8475 9697 260
9219 9432 260
3772 5898 236
3463 9479 262
5269 6590 262
8968 9711 260
1865 7002 262
1538 4415 238
7833 9484 260
9504 9616 198
9981 9995 180
4450 7726 262
2948 5687 238
9693 9842 198
4189 8607 262
5523 7230 262
9791 9907 242
9791 9909 242
3508 9181 262
8739 9116 247
120 8747 262
7855 8222 252
8362 9049 247
3885 9019 262
8098 8728 234
3777 8582 262
7851 8263 252
7282 7549 239
5883 5930 187
2363 3873 238
1648 5733 238
9642 9698 185
483 9572 262
6713 8894 257
2003 6492 262
9007 9982 260
5231 6510 262
5631 9722 262
7991 8053 190
5748 7900 262
4590 5904 236
4090 5454 215
6811 9969 260
9027 9535 260
5253 8617 262
7640 8120 252
4208 6694 262
7555 8843 252
4672 9551 262
2690 9859 262
3014 7490 262
7875 8557 252
1143 2817 209
170 3361 217
9195 9605 260
2164 5389 238
8837 9709 260
9102 9499 260
8948 8994 247
9638 9880 211
1714 3075 217
3130 8961 262
1494 2965 217
8643 9044 247
1691 8451 262
9300 9953 242
4472 6660 262
8478 9959 260
5527 9130 262
7650 7832 221
8694 9728 260
4693 5788 236
2975 9039 262
2251 6629 262
451 9408 262
3751 9251 262
1882 2915 209
7620 9710 260
987 3492 217
2736 4512 238
1475 3735 238
8725 9955 260
3499 6503 262
8348 9264 260
5081 7772 262
9401 9806 198
7459 7658 208
5823 7629 262
2762 7286 262
1451 6945 262
8135 8230 190
6918 8570 257
3688 4994 238
4543 6813 262
8321 8886 234
8422 9475 260
9505 9533 198
8610 9513 260
9741 9831 198
8044 9781 260
3982 7875 262
6903 8866 257
6333 8119 257
7411 7449 239
7580 9944 260
5125 6771 262
5735 7887 262
8159 9163 247
1052 1612 182
6520 7785 257
328 9950 262
2355 8239 262
6296 7435 257
2082 6081 238
4724 5682 236
6251 6965 257
9057 9363 260
9633 9727 185
3172 9893 262
5564 5948 236
8140 8531 234
31 7787 262
3426 8967 262
2705 7769 262
9648 9906 242
9959 9993 180
5227 6608 262
878 9790 262
3230 8401 262
6954 7053 195
2193 2463 209
8558 8585 172
971 8518 262
6485 8435 257
6256 6984 257
299 7164 262
2213 9993 262
6341 8324 257
1279 8142 262
3547 8736 262
8731 9262 260
9620 9980 242
2614 8480 262
856 9684 262
8640 9547 260
1436 5217 238
4840 8925 262
2899 8321 262
3150 5987 238
8446 8598 203
7172 7698 239
6425 7892 257
6002 6968 262
7179 7373 195
480 7605 262
9479 9793 198
1206 7848 262
5387 7766 262
7837 9140 252
9474 9634 198
2122 2826 209
7237 9802 260
6085 9717 262
9166 9810 260
2159 8188 262
2379 5765 238
4112 4532 215
6353 6601 244
1736 4179 238
3551 3705 207
965 4124 238
9803 9941 242
5868 8387 262
9881 9982 242
8642 8918 216
207 357 144
8067 9755 260
8221 8508 234
4029 6705 262
3589 4161 238
9268 9578 198
7421 8622 252
9597 9945 242
7298 9894 260
906 3184 217
6594 9805 260
2376 2445 165
176 7848 262
2150 9149 262
8213 8847 234
5707 8948 262
8813 9633 260
6517 8573 257
2865 7502 262
2138 5637 238
816 4297 238
2655 7478 262
8027 9111 247
4545 9085 262
6991 8191 252
7375 9560 260
8536 8795 216
4342 8520 262
5999 6262 262
173 7144 262
3220 6269 262
686 4067 238
1237 9164 262
3523 7010 262
6753 7274 257
1758 5441 238
365 2289 183
6797 7136 257
7863 9647 260
5118 6514 262
7902 9730 260
4659 6550 262
6931 7297 257
7014 7255 195
3489 4396 238
8454 9104 247
4778 6468 262
5109 9397 262
611 7474 262
9338 9533 198
8181 8762 234
4765 8407 262
6920 9863 260
8274 8521 234
8900 9109 247
259 472 144
5430 6950 262
7465 9451 260
8807 8813 97
8083 8371 234
1507 6468 262
1371 6725 262
6907 9317 260
8024 8622 234
9066 9753 260
6531 7272 257
3917 4967 215
6015 9977 262
7579 9055 252
4217 4516 215
8733 9504 260
649 1004 179
3078 9848 262
2846 9562 262
785 3953 238
384 9027 262
1004 4628 238
5556 8965 262
7552 9414 260
221 298 128
579 6570 262
4161 4239 202
5926 9050 262
6322 9772 260
5826 7650 262
8589 8995 247
4984 9084 262
8921 9872 260
3586 4164 238
8851 9687 260
2923 9184 262
757 3798 238
8682 9848 260
3767 5458 215
1512 2659 209
9121 9147 154
4503 5932 236
1882 8067 262
5606 6985 262
7938 8594 252
1229 7918 262
3200 8679 262
9317 9725 198
4590 8813 262
4346 6280 262
8560 8872 216
4992 7049 262
7690 7829 221
3137 7874 262
8124 9910 260
3808 5307 215
6245 9508 260
6026 7842 262
8459 8608 203
3272 6072 238
4555 8152 262
71 4549 238
4041 6934 262
8176 9090 247
3914 5524 215
1422 8584 262
8819 9398 260
305 3790 238
7337 9369 260
4678 5952 236
6454 7141 257
2521 4954 238
3605 7129 262
7288 9216 252
4547 6230 262
1245 7783 262
3196 5541 238
8281 9206 247
7464 7499 177
7402 9979 260
2612 8130 262
5913 8931 262
4274 5235 215
1311 6524 262
7572 8975 252
5336 6347 262
7020 8172 252
1011 3149 217
5134 5409 192
5008 5316 192
5190 8193 262
2652 3576 217
7658 8293 252
9796 9893 242
8355 9730 260
4349 5059 215
705 936 179
6671 7504 257
3670 3718 238
1034 6954 262
4967 9456 262
4894 9275 262
5191 6031 236
2225 2446 183
196 3079 217
529 4285 238
6936 9867 260
3925 7707 262
9594 9756 185
2988 5687 238
4069 5836 236
2827 5601 238
3569 3942 238
2931 8714 262
1573 6450 262
4105 6208 262
603 9824 262
1343 9489 262
6433 9640 260
3 3 8
