109158 892806 525
390529 626714 509
551031 177560 470
47468 455818 449
495027 357715 449
927751 649759 525
631671 323830 509
358206 404129 436
579747 504353 470
120859 277670 443
164694 950993 525
845381 754697 525
818723 871245 525
617177 684409 509
76271 504096 449
296201 341340 384
711411 607468 509
770645 788882 437
80355 148552 375
17005 734318 509
154443 279542 443
474943 43174 449
329295 469748 449
837878 581489 525
513225 994280 525
806354 335542 509
687683 946630 525
616745 584664 447
940623 218450 525
672453 837652 504
726019 982668 525
917114 202708 525
315299 347654 441
43432 116250 354
318725 236159 407
547489 422570 470
15647 151602 375
477159 126954 449
114284 395232 443
689763 930447 525
314671 291658 384
987443 880108 507
142863 325535 443
586540 172889 470
902382 521846 525
437182 104836 449
524850 771121 509
428366 613485 470
828551 668341 504
919891 873088 476
260539 501962 449
540708 405419 470
614596 870989 525
360419 446977 449
174654 316596 443
418659 892701 525
653342 554166 509
533086 716885 509
292179 830600 509
56923 329135 443
943957 530216 525
584996 92205 470
34223 289259 443
102226 811482 509
824224 327070 509
111753 952510 525
903314 119846 525
703667 351885 509
250834 280003 407
192739 204010 360
217225 414760 449
560515 499935 470
549077 662837 509
61842 425429 449
339915 839981 525
308915 86691 443
119635 314774 443
502698 622063 470
16899 308389 443
644164 356076 509
613288 687750 509
891750 14127 525
78278 266600 443
173759 240835 443
403974 29137 443
41578 984647 525
549336 257346 470
401852 560716 470
627656 120415 509
262930 722763 509
185619 529104 470
789860 615031 509
244022 513538 470
451113 739748 509
648912 249004 509
493799 205242 449
444823 735712 509
271854 827242 509
164299 878881 525
599235 962133 525
741871 704146 504
272933 513539 470
799488 469980 509
872480 665 525
972486 99633 525
813197 548104 509
980033 697994 525
285196 637589 509
436095 807944 509
659059 689867 442
804862 650459 504
585432 279673 470
340277 553756 470
910999 79797 525
774374 657526 504
621787 722672 509
644256 352607 509
154049 826882 509
855367 209789 525
854541 640495 525
84762 212920 383
120075 762578 509
443657 942303 525
436959 790613 509
191656 951519 525
847654 938847 476
66162 472950 449
733921 127745 509
751007 829070 468
581649 393909 470
363422 28926 443
106974 67986 354
607782 188220 470
179404 164140 352
674288 154002 509
497357 624973 470
238652 335508 407
646568 149228 509
817130 738176 468
103680 84752 341
834635 183969 509
614153 331173 470
373075 540990 470
472331 876733 525
99752 837846 525
103368 221357 386
657952 452632 509
271955 472778 449
79768 903559 525
828124 461760 509
604880 671358 509
881950 108726 525
197369 585005 470
223416 615858 470
880947 473380 525
880287 265562 525
194988 526215 470
286811 536632 470
546887 940552 525
633871 992706 525
390586 798763 509
937021 696608 525
662381 668745 442
755179 639336 504
292352 229468 443
959778 627709 525
868934 830147 525
890022 479229 525
748541 104443 509
770848 408945 509
191777 626337 509
583029 61283 470
366048 672631 509
719688 140552 509
585287 759426 509
551980 61753 470
466511 59339 449
947338 837060 525
522316 584541 452
726792 985766 525
124255 200795 383
256221 815023 509
304996 732273 509
286065 749821 509
507381 552566 470
834687 453250 509
130166 957215 525
539732 275223 470
302671 302213 252
148325 373282 443
734961 579578 509
821187 91975 509
426361 154311 449
687271 727380 504
456849 373236 449
621550 164208 470
428338 259960 449
864783 36530 525
381800 824405 509
480498 989794 525
437344 409316 449
278717 225054 443
881515 847937 432
745969 167649 509
715755 53488 509
616279 461148 470
433583 423091 418
543879 262755 470
837048 205237 509
624809 414318 470
658659 520770 509
501678 371665 449
292440 371628 441
503595 782142 509
276735 139288 443
563205 902001 525
592487 887751 525
995786 944876 458
297107 472919 449
302563 889244 525
834294 635596 504
840936 559154 525
687370 772937 504
606520 230642 470
591741 676244 509
634435 532359 509
427017 99127 449
489725 283866 449
145847 792612 509
855156 260957 525
935344 140195 525
875602 366301 525
218060 811705 509
716183 418944 509
40343 52753 340
489399 514839 470
975186 910148 507
424742 754237 509
396370 141110 443
920553 542899 525
493392 620661 470
681088 876252 525
803125 436970 509
123762 504991 449
985714 896497 507
103464 673328 509
359276 847218 525
485859 685426 509
766805 792109 468
288483 925012 525
824053 102912 509
111814 383901 443
719141 253726 509
619073 8709 470
376386 733578 509
898934 209911 525
52513 227566 386
200309 865482 525
62627 848258 525
359945 771178 509
847916 195096 525
510546 369386 449
107680 798668 509
515631 129222 470
290363 263516 407
452562 548932 470
880186 475851 525
592540 47949 470
716070 919732 525
349564 358085 379
474265 311363 449
938640 972933 507
212818 312975 443
933280 662388 525
941032 571422 525
59969 630948 509
150359 833852 509
906079 274031 525
637848 940884 525
907744 178580 525
551569 906347 525
835172 969482 525
229163 726343 509
293962 548520 470
295866 422423 449
113112 203605 383
297389 263715 407
955045 701757 525
511777 895629 525
968999 212705 525
878407 366810 525
406633 412172 449
352386 345505 441
369653 499158 449
460184 642208 509
183528 109173 383
359119 664958 509
119182 723050 509
422847 966278 525
685412 728320 504
594013 195424 470
180508 730843 509
820073 274464 509
194650 653530 509
3170 111431 354
524417 60486 470
780374 535214 509
769466 569348 509
245001 15572 443
524542 310009 470
878662 916105 476
954623 429777 525
207519 540409 470
270252 169786 443
569918 489847 470
483900 483971 227
902458 465690 525
474400 608180 470
410939 18838 449
681153 237559 509
507592 761928 509
896184 842559 445
150862 419403 449
891770 228449 525
971822 892772 507
815141 337442 509
97267 944495 525
999985 861676 507
548712 868559 525
124009 776073 509
851747 266391 525
634541 367067 509
425555 707408 509
262300 775799 509
159559 275616 443
365904 163470 443
199415 742338 509
911162 575386 525
511580 696861 509
705841 834460 468
785926 984491 525
80445 284080 443
92346 519094 470
121254 542473 470
739595 500122 509
740241 964339 525
914034 945080 507
927418 765853 525
885293 24570 525
750297 581382 509
817824 66821 509
951280 414219 525
688793 943559 525
955991 774998 525
284752 344157 389
429196 464682 444
201380 247930 443
638771 502619 509
703264 793567 504
351919 507435 449
60848 118502 354
653937 199767 509
47069 449906 449
843485 23331 525
373394 348069 410
355538 504652 449
532265 735510 509
33167 537460 470
414169 748365 509
522071 968447 525
903219 289347 525
387804 126273 443
898692 912823 476
697290 110227 509
841702 110853 525
508513 869106 525
635933 271720 509
848884 917637 476
907422 162480 525
376335 346680 410
624333 293837 470
472576 168410 449
916140 370969 525
175073 92048 383
325166 322823 384
218183 146803 386
315303 954580 525
385321 445325 449
288047 759999 509
816034 92222 509
200631 438570 449
481789 780381 509
229776 834110 509
607804 685331 509
183660 396950 443
517731 626708 509
27965 133567 354
438551 70409 449
164626 864764 525
715665 526067 509
501598 241855 449
12075 605560 470
721964 126708 509
121227 987255 525
145786 562183 470
932450 718717 525
540588 575784 452
958105 97786 525
732523 307071 509
977863 980837 383
942382 423443 525
10071 755800 509
672148 710139 504
930973 221049 525
991381 484767 525
536051 424679 470
932526 591071 525
57422 443230 449
299192 658106 509
944643 111826 525
867729 453344 525
954396 438066 525
468351 368950 449
27482 543335 470
720772 925997 525
113517 569291 470
772253 658605 504
381779 804278 509
925513 299628 525
335876 388288 441
176721 280323 443
364832 627539 509
764680 299369 509
922310 688146 525
435188 132232 449
551374 630019 509
459879 57598 449
156012 814292 509
995704 366908 525
975716 507194 525
75401 948790 525
516436 654970 509
954695 766816 525
646001 891528 525
369963 861654 525
989848 649689 525
679956 198691 509
817768 517418 509
498479 289472 449
299044 973927 525
145236 533888 470
575294 149347 470
802760 541194 509
763078 923292 525
681875 322859 509
677436 33081 509
995050 112368 525
229054 318716 443
462860 878766 525
827362 699883 504
568570 552794 421
88378 865678 525
530588 900395 525
364801 786529 509
513055 683743 509
29158 691431 509
643919 829682 504
400997 684540 509
100360 787493 509
768043 183482 509
452037 887658 525
958969 144825 525
143490 364433 443
637174 583382 509
323711 552032 470
269457 204050 443
398791 487462 449
503092 564054 470
146128 980461 525
620853 987199 525
600639 894731 525
301310 667727 509
644477 1485 509
475510 59772 449
74493 683761 509
764194 311677 509
979147 594688 525
182576 217837 386
185566 437169 449
70046 19190 340
604463 755783 509
270254 966589 525
959817 241857 525
23198 436921 449
165221 69341 383
391022 245778 441
426624 218014 449
372433 823790 509
631246 806216 504
90757 620350 470
265016 110892 443
334974 313725 384
288361 85625 443
45414 559541 470
923521 86718 525
883591 6197 525
466913 476504 413
68819 349989 443
805882 433885 509
5409 675910 509
550042 771315 509
954369 737286 525
611727 450117 470
420589 680703 509
87361 204806 383
114584 236885 443
81256 797952 509
103129 378452 443
577692 926175 525
723259 183181 509
568658 272552 470
29826 198369 383
159446 380462 443
926172 128362 525
37756 310271 443
492287 812287 509
189384 488663 449
401354 505201 449
803242 581832 509
889068 983248 507
64002 273156 443
447825 361285 449
754284 641487 504
792535 703148 504
783668 223218 509
138556 241597 443
476627 114809 449
492515 988539 525
139521 636257 509
546106 168727 470
774458 805 509
586888 828176 509
73636 787573 509
582701 454521 470
392610 958082 525
372736 225468 443
498671 34834 449
850518 749473 525
49213 130453 354
429992 129557 449
829491 627190 504
35867 781003 509
830069 61380 509
85199 99031 333
593844 529613 452
667364 782301 504
293531 734203 509
424260 298195 449
988630 894066 507
531498 649588 509
167536 235489 443
435035 51198 449
835110 577440 509
811145 185648 509
298065 553179 470
22835 127534 354
72464 818885 509
654056 222336 509
414691 126535 449
748448 814470 468
179416 153198 383
59734 139476 354
277979 201398 443
551142 477941 470
66802 268890 443
286206 731561 509
48591 169206 383
394092 78733 443
401898 664658 509
101867 397701 443
782255 622047 509
794192 333465 509
686498 273009 509
172386 132419 383
114468 302205 443
731249 297298 509
316290 835363 509
681143 625054 509
657715 663961 398
778788 522475 509
467345 360009 449
767079 797799 468
71699 226398 386
793079 98920 509
793567 202637 509
909977 932771 476
757719 250497 509
782519 121202 509
344883 26302 443
813571 768829 468
71594 179862 383
971420 680159 525
392921 823060 509
454462 489069 444
904645 441650 525
820949 813553 450
733176 26050 509
306041 83865 443
16414 766407 509
644213 308278 509
561706 399363 470
447548 678411 509
915835 837496 525
779391 188791 509
822095 389450 509
126489 993564 525
208078 93734 383
802105 400373 509
825514 345928 509
904143 335448 525
47174 184755 383
80299 816962 509
482647 416523 444
304496 308079 371
999680 703406 525
605496 514166 452
454146 738533 509
313616 398064 441
349621 250352 441
692832 688867 442
372663 138912 443
973354 481400 525
181909 500118 449
141866 24603 354
638610 532773 509
582014 32363 470
899241 821833 525
739823 484917 509
853940 978416 507
578785 721368 509
952287 328420 525
281435 286671 376
853733 367647 525
86085 934702 525
242198 847429 525
711636 236692 509
33393 208437 383
707932 831957 468
901071 550581 525
332082 949134 525
578644 860958 525
320011 201138 443
709845 527751 509
256488 101849 443
364907 125284 443
670236 842326 525
492047 341094 449
322274 259118 407
601103 505378 470
884310 231694 525
133680 415004 449
308057 56096 443
385458 877772 525
234380 973916 525
933346 514214 525
577310 819759 509
41007 112831 354
850224 507816 525
56917 224727 386
875797 191099 525
69009 831650 509
96546 537467 470
819922 220403 509
644367 369381 509
520692 470068 470
679640 60424 509
99202 675436 509
80891 226763 386
117421 615933 470
259982 201105 443
441257 630328 509
670289 573759 509
207660 380274 443
552824 692065 509
227430 942589 525
169453 222592 386
418738 746843 509
564008 212048 470
364494 255743 441
399571 671406 509
883686 655707 525
786590 95198 509
515568 196272 470
721836 351997 509
83530 965787 525
259586 640284 509
518236 564208 452
314379 878709 525
273309 897443 525
937209 102152 525
650353 342325 509
277435 113773 443
197695 138732 383
980423 15916 525
878323 14955 525
292134 687636 509
56723 968699 525
511006 592263 470
498458 839812 525
880136 152361 525
745060 339216 509
697697 373113 509
50656 573745 470
202883 125501 383
369555 662199 509
221350 98087 386
508654 911000 525
889513 880725 445
964889 873146 507
508868 572250 470
472496 373115 449
640343 11408 509
520154 581080 452
344350 184363 443
42780 678491 509
206109 11630 383
659226 922735 525
947291 763337 525
705077 446412 509
48455 182990 383
47208 922550 525
600103 894513 525
314060 468009 449
417925 507229 444
327531 655882 509
296307 815939 509
564137 620862 447
8325 887185 525
196042 572402 470
99094 971372 525
896975 350036 525
631596 649575 416
289094 238997 407
592973 248762 470
667265 529960 509
793567 551273 509
797574 776171 468
852147 561509 525
431711 493476 444
243282 939632 525
573822 618015 447
805705 867986 525
593675 301630 470
190142 756121 509
405625 314619 441
562309 73501 470
550575 418681 470
179945 50153 383
605497 643179 509
949276 574343 525
642503 798416 504
561461 452439 470
504931 23077 449
417434 709043 509
534669 880070 525
638785 317966 509
397221 643873 509
573810 403501 470
292090 899298 525
345013 554816 470
673641 60901 509
704697 456050 509
550646 773929 509
12315 253218 443
233630 196971 443
77662 350447 443
426630 164641 449
203011 183047 360
926165 56226 525
163825 818056 509
201595 774765 509
578454 655576 509
742497 42838 509
870731 564263 525
946903 930293 507
897102 422703 525
158359 933743 525
322909 100269 443
789256 806067 468
845127 459566 525
161914 712281 509
890242 580427 525
188607 540801 470
528427 714448 509
360536 478529 449
682592 725060 504
966392 891028 507
844059 210928 525
78733 799563 509
897276 513501 525
895784 404991 525
769756 94852 509
787272 567015 509
941131 686842 525
710108 66064 509
334786 744558 509
237886 422630 449
411774 820215 509
324331 442334 449
238535 436558 449
5919 431736 449
586756 796130 509
89634 777148 509
41662 142038 354
149080 120993 375
420002 810001 509
49240 206450 383
197752 838003 525
323923 340646 384
328346 123729 443
131519 335320 443
735838 469205 509
189242 527350 470
349129 709011 509
393624 92906 443
684412 655318 442
119629 798010 509
861529 4133 525
437033 606038 470
450054 427487 400
171415 587956 470
55649 654946 509
263447 662850 509
258832 23821 443
173289 621328 470
275285 158534 443
761432 82575 509
2971 688900 509
802000 625397 509
507578 243750 449
897556 463236 525
723182 530702 509
626638 528810 509
217422 733682 509
361798 792991 509
634789 545782 509
47549 111563 354
752480 301084 509
161102 378271 443
916668 88674 525
326017 104263 443
274488 801672 509
811945 984822 525
130329 295230 443
198386 424808 449
690211 565559 509
7963 721514 509
841533 666034 525
566111 554421 421
519725 343643 470
874989 70955 525
555716 547023 421
776705 501315 509
387328 513835 470
870007 88267 525
979832 933660 507
191002 826624 509
776185 556204 509
638475 716651 504
900712 870290 445
720610 158078 509
477200 273581 449
843521 203992 525
715345 581326 509
351190 910043 525
853885 57956 525
732708 145648 509
501222 348244 449
340526 414552 449
139124 522149 470
236249 162805 443
111585 463480 449
236303 955248 525
956699 734357 525
722361 773012 468
770543 663856 504
746454 439972 509
77654 562853 470
284786 818269 509
43412 371636 443
72006 244143 443
332959 807872 509
124514 622316 470
798816 539429 509
73642 79299 351
24448 643204 509
218428 484372 449
380781 941590 525
638527 695266 442
184727 796668 509
912025 575418 525
954352 92967 525
442480 167303 449
861201 303162 525
958180 686363 525
224206 257505 443
888635 31476 525
560629 482933 470
84372 182890 383
615017 491965 470
308236 56554 443
409897 362762 436
937983 885436 476
149423 938622 525
81112 213180 383
395609 12816 443
630626 514681 509
184057 721803 509
562396 182162 470
458214 195113 449
384303 615545 470
975 286461 443
815988 100645 509
633871 561089 509
239266 770410 509
80702 677433 509
595699 869588 525
460065 383189 449
752174 277781 509
703916 895137 525
810779 896597 525
604485 146153 470
117643 913449 525
301448 493257 449
166443 465335 449
471169 819903 509
656851 797073 504
563700 806336 509
733152 568502 509
938760 273887 525
922953 690009 525
528641 523812 408
204827 692500 509
49799 260276 443
399942 895922 525
749021 73309 509
322825 915777 525
949085 739916 525
807628 611099 509
420450 550684 470
23287 681401 509
776990 225367 509
556819 351579 470
304376 466990 449
295423 899782 525
288949 628188 509
802979 174458 509
155633 49231 375
538532 961196 525
649935 184833 509
682725 960534 525
835369 420733 509
203942 290551 443
819368 555656 509
310304 941517 525
236294 563164 470
878792 499761 525
730324 750317 424
83884 674372 509
538340 659125 509
743065 10610 509
58427 121297 354
410920 80306 449
596853 207462 470
982984 870403 507
691518 274487 509
213238 543800 470
891268 132000 525
702935 907556 525
214690 822927 509
448746 727522 509
109776 769356 509
86746 400841 443
723387 314636 509
755360 211507 509
353443 27753 443
395109 796978 509
919550 226129 525
15105 571937 470
410763 371827 449
19049 394786 443
626207 314350 470
858822 68509 525
729824 211874 509
470694 1212 449
187097 634733 509
858468 461202 525
914177 798663 525
593019 787869 509
923467 604365 525
