4 7 17
8 6 17
4 6 9
7 3 17
10 2 20
3 8 17
1 10 20
4 7 17
1 7 17
3 7 17
2 9 20
8 10 20
3 1 8
3 4 9
8 6 17
10 3 20
3 9 20
10 8 20
4 7 17
2 3 8
10 4 20
2 10 20
5 8 17
9 5 20
6 1 9
4 7 17
2 1 2
7 4 17
3 1 8
7 2 17
6 6 10
5 8 17
7 6 17
7 10 20
4 8 17
5 6 9
3 6 9
5 8 17
5 5 7
4 1 8
8 9 20
7 9 20
9 5 20
4 2 8
5 10 20
3 1 8
7 9 20
10 3 20
7 7 18
5 10 20
6 1 9
5 9 20
8 2 17
8 3 17
8 3 17
3 7 17
2 1 2
7 2 17
6 10 20
5 10 20
1 10 20
2 8 17
8 2 17
2 6 9
10 8 20
8 7 18
8 4 17
7 6 17
7 4 17
10 5 20
9 2 20
3 10 20
4 10 20
1 9 20
9 6 20
1 10 20
7 4 17
9 6 20
7 2 17
2 6 9
10 9 21
5 9 20
2 1 2
4 1 8
5 5 7
5 5 7
8 7 18
4 2 8
8 6 17
10 7 20
3 2 8
8 9 20
6 8 17
5 2 8
9 6 20
10 8 20
6 4 9
9 9 21
4 2 8
9 10 21
77 5 116
44 64 113
14 39 112
7 41 112
5 19 21
29 89 116
70 18 113
18 97 119
25 44 112
71 84 116
91 100 119
73 26 116
45 91 116
6 40 112
55 87 116
70 83 116
43 65 113
98 8 119
56 5 113
49 12 112
23 29 112
100 44 119
47 69 113
41 23 112
12 11 16
6 2 9
62 31 113
79 6 116
21 37 112
45 27 113
23 66 113
9 17 21
83 59 116
25 38 112
63 25 113
1 37 112
53 100 119
80 51 116
69 72 103
74 32 116
82 31 116
34 95 116
61 64 108
100 82 119
100 97 120
60 74 116
14 69 113
91 96 106
27 67 113
85 41 116
91 85 93
77 43 116
37 8 112
46 57 113
80 19 116
88 13 116
49 73 116
60 10 113
37 11 112
43 88 116
7 2 17
14 73 116
22 56 113
20 100 119
22 5 21
40 12 112
41 68 113
6 29 112
28 51 110
85 59 116
21 25 24
23 70 113
97 82 119
31 85 116
93 73 117
73 51 116
26 86 116
23 100 119
41 43 111
99 14 119
99 91 119
25 91 116
10 82 116
20 37 112
33 56 113
95 5 116
80 70 116
74 77 24
51 56 113
61 43 113
80 85 111
94 6 116
22 68 113
5 14 20
62 55 114
27 60 113
45 3 112
3 7 17
85 22 116
43 69 113
529 190 144
873 909 149
959 499 179
37 809 171
754 249 171
304 334 144
134 649 145
891 755 179
568 747 171
369 530 142
501 47 144
789 798 122
250 991 179
304 34 128
364 498 142
254 893 179
687 126 145
153 997 179
976 189 179
158 730 171
437 461 129
415 922 179
461 305 144
29 28 20
51 749 171
557 903 179
795 698 171
700 44 145
40 3 112
429 404 134
501 682 145
648 539 137
160 152 86
536 135 144
340 693 145
216 128 125
505 630 137
50 965 179
286 430 144
344 336 126
178 901 179
239 972 179
950 290 179
368 989 179
293 796 171
744 145 171
830 391 171
683 341 145
542 570 137
827 233 171
262 43 128
361 118 144
24 762 171
82 310 128
191 426 144
997 368 179
678 235 145
691 627 145
525 58 144
615 169 144
206 359 144
313 387 144
101 347 144
727 995 179
917 553 179
579 530 137
947 291 179
648 971 179
52 81 116
632 594 132
858 628 171
313 887 179
215 356 144
513 91 144
413 480 134
611 970 179
190 275 128
356 642 142
621 434 142
988 889 174
339 567 142
771 285 171
857 418 171
607 261 144
850 238 171
206 60 125
218 519 144
946 784 179
874 459 179
874 638 179
290 484 144
608 479 142
758 315 171
472 730 171
101 460 144
619 439 142
26 389 144
75 234 128
158 682 145
494 359 142
271 700 145
3418 1840 217
5570 8364 262
2623 8795 262
3174 9848 262
6432 7463 257
6683 9391 260
4293 5792 236
5058 5116 179
1522 6158 238
8575 1492 262
1948 2952 217
9232 5022 262
538 3741 238
5055 4031 215
4099 5326 215
1082 7517 262
3517 3003 199
2232 6140 238
1797 5405 238
2339 4581 238
9219 9022 198
3971 9863 262
4813 5380 210
4978 2686 238
1537 9905 262
4177 3484 238
9208 9760 260
4858 9745 262
3500 9912 262
128 3951 238
5237 7561 262
7819 5106 262
564 50 144
1245 8712 262
1806 9935 262
3292 7376 262
8956 3615 262
3590 3769 238
8994 4919 262
2806 6883 262
4823 6983 262
6718 4031 262
3094 1575 217
127 6594 262
1487 254 182
544 3075 217
7815 4714 262
8180 8378 234
4763 5776 236
7089 2920 262
5711 6733 262
295 1018 179
347 236 144
1138 5692 238
5154 3944 215
2574 6329 262
926 9292 262
6711 4019 262
7218 6837 257
6964 5056 262
7091 3859 262
8131 4905 262
8572 2662 262
9634 9686 185
4790 3074 238
2605 6852 262
9806 9251 260
7869 6504 257
9486 9007 260
2196 4640 238
2950 1121 217
968 227 179
6764 7678 257
597 3982 238
866 7561 262
9037 7956 252
7771 3519 262
9212 6343 257
2533 5197 238
2380 7322 262
8271 4985 262
4173 4428 215
4235 2041 238
7284 73 262
7399 5831 262
1064 348 179
6951 2031 262
574 3715 238
6060 7523 262
4048 6925 262
5083 9436 262
1233 9205 262
2955 444 217
1899 5487 238
5641 4279 236
9160 263 262
9263 9684 198
1042 9849 262
1724 8325 262
6273 9123 257
4155 7336 262
5822 7458 262
9366 2748 262
1172 1777 180
270 5219 238
8702 1704 262
4654 9934 262
908 3960 238
6729 2807 262
5798 8721 262
7085 1309 262
5335 2699 238
992 6377 262
8899 2716 262
1053 5172 238
8190 1560 262
2507 4011 238
9017 8225 247
3110 6540 262
1 3379 217
8110 5054 262
5082 9115 262
1339 5990 238
9427 8068 260
5148 5224 179
6788 2232 262
6533 2123 262
1282 3876 238
4851 180 238
6591 2255 262
5351 1132 238
3814 7858 262
1495 9182 262
6082 4604 236
5721 2434 238
7983 182 262
7488 9416 260
9297 8826 260
5405 8723 262
6893 552 262
298 33 128
9135 3182 262
8507 416 262
7058 9709 260
596 10000 262
1963 2298 183
7484 5777 262
155 8978 262
1310 2588 209
9933 3383 262
5022 4267 215
3564 8861 262
3683 9212 262
7686 9087 252
4286 931 238
5991 4584 236
7315 1477 262
4117 5821 236
1893 7526 262
5529 8840 262
7526 7491 208
1137 1361 182
9619 7644 260
338 929 179
6583 6622 244
4311 7956 262
889 4226 238
6816 4571 262
3438 854 217
9 7723 262
1784 2351 183
8658 9098 247
3828 9127 262
1270 2072 180
6652 3150 262
911 529 179
640 8399 262
1889 6611 262
2394 8578 262
3891 8977 262
5200 4553 210
6932 6088 262
8778 100 262
658 8567 262
953 7018 262
2642 2736 160
9369 1299 262
8185 3196 262
6777 5806 262
5267 3429 238
8955 2529 262
309 9594 262
7279 2198 262
2556 9673 262
775 6446 262
5001 2326 238
998 8284 262
8413 6128 262
8383 5422 262
14694 79335 351
42440 87335 351
88422 48160 351
94986 22958 351
1355 91762 351
78763 92973 338
31542 67717 340
61853 11851 340
3663 75483 340
50400 76218 340
65155 1174 340
99016 86507 333
39852 76365 340
24791 88264 351
42492 23173 324
70038 73538 325
18860 28829 308
60872 7281 340
76988 55857 335
46591 78342 351
63971 25353 340
87666 95512 333
93070 49518 351
7362 13084 268
41352 74113 340
89301 6507 351
91639 4668 351
9365 31490 308
81033 34155 351
36105 39876 306
73680 6142 340
13413 92539 351
34970 90637 351
16171 11957 276
62845 62761 286
6650 26815 308
4466 94315 351
22327 13887 279
60184 46040 340
26970 1536 308
20153 32622 308
24394 11791 282
37290 50110 314
59632 34674 340
84265 95736 333
74549 74296 294
1878 4314 238
66834 53199 335
94950 99356 328
65156 57794 335
78469 88157 338
961 82934 351
98824 23287 351
13172 75359 340
85678 40141 351
93246 22182 351
72762 33991 340
50324 10051 324
84101 9955 351
61076 68365 330
22043 35625 311
42660 23920 324
56290 25845 340
93470 51239 351
41552 74977 340
25384 20020 282
63134 26344 340
19305 61957 340
65982 32476 340
53667 68012 335
88968 46913 351
90193 61730 351
80903 56869 351
88132 65003 351
83175 49208 351
49719 5217 324
1184 92378 351
45488 57473 340
34574 38958 324
25063 76126 340
13934 66798 340
12497 93419 351
93142 48154 351
71727 75475 325
96981 25394 351
43486 85949 351
72306 50031 340
64030 69560 312
6899 52161 324
34563 6425 311
17720 84281 351
11642 18903 279
93011 73481 351
92727 27584 351
28790 34141 285
3709 42724 324
939 32558 308
52494 10432 324
80711 24221 351
85906 77691 338
49614 29392 324
63639 38271 340
79422 27668 351
7830 2672 262
96181 58744 351
9096 13900 276
43025 37089 306
49155 52387 309
10570 58233 340
79970 55711 351
92374 31 351
98434 9664 351
32588 67280 340
20095 29650 308
91500 22352 351
7340 57465 340
51743 87331 351
12087 47516 324
31350 19916 308
50187 43882 314
95012 75635 351
74134 54388 335
12723 23288 279
6774 39644 324
81520 86743 320
95355 90245 333
3125 10140 262
16260 52064 324
77419 36354 351
81713 85270 320
58706 5405 340
42734 26800 324
92735 54820 351
74316 40436 340
91088 40854 351
670 2451 183
16488 74803 340
56838 45563 340
98090 63611 351
85206 95961 333
66705 96912 351
2558 69830 340
23404 18817 274
21893 822 279
71523 3606 340
2444 46580 324
25362 61529 340
73379 34448 340
32701 64046 340
74883 23788 340
4900 75552 340
42590 21387 324
50354 99427 351
66949 64795 268
63037 68507 330
77108 46093 351
65418 79665 351
15922 88821 351
98481 54167 351
5995 86355 351
74124 8438 340
32934 99485 351
86318 6313 351
33932 19018 308
86710 25166 351
59157 91609 351
17070 1746 276
12996 67423 340
1172 96296 351
48570 80560 351
64802 25677 340
26653 46572 324
5341 58926 340
51744 20173 324
13092 74090 340
6528 3567 262
98879 55813 351
3051 85197 351
62125 53334 335
4214 65187 340
78500 63371 351
56795 95569 351
65116 86142 351
79343 82640 320
82438 44264 351
63199 63591 330
69940 6203 340
26514 91632 351
65129 78258 351
11805 94572 351
52347 34684 324
98139 51226 351
90496 17541 351
36422 68973 340
87227 40635 351
34159 65726 340
20357 90953 351
77646 85473 338
93447 73340 351
68112 75884 325
417604 747662 470
255826 587543 470
470217 482340 422
379175 335345 441
960597 407331 525
846268 829295 525
342014 260758 416
980520 48861 525
194651 533293 470
117833 581877 470
390280 251991 441
963954 510636 525
959296 41599 525
96108 952742 525
714938 180571 470
944977 132541 525
444585 200802 449
720084 914801 525
199493 615610 470
766497 676441 442
22940 612764 470
505736 881305 525
389874 2607 443
930165 584524 525
52252 564350 470
682752 442531 470
816340 646705 468
953166 291987 525
688303 565626 447
761080 919592 525
262548 222408 443
568485 707132 447
939562 804920 525
