65767 65832 268
14997 15119 271
62892 63281 317
60340 60566 273
96379 96407 297
63086 63348 317
23866 24180 251
30981 31430 285
1480 1765 180
39886 39925 244
19441 19859 274
55925 56372 322
35757 36006 249
75759 76038 294
80511 80689 245
35255 35420 280
90834 91210 271
981 1072 169
2352 2658 209
51249 51304 234
66785 67147 268
73831 74239 263
87323 87517 240
56006 56266 322
63484 63724 255
19260 19691 274
15434 15680 253
55757 55862 260
14048 14121 183
56593 56821 260
77484 77828 245
82874 83272 289
7645 7959 221
19853 20207 274
30599 30778 254
71602 71961 250
73929 74005 232
99153 99408 266
60885 60974 211
78518 78963 338
26370 26500 277
56726 56773 229
62988 63277 317
13741 14181 258
86727 87165 333
96071 96103 253
71324 71378 219
73905 74143 263
37973 38147 244
87757 87790 271
2735 3083 217
92915 93011 315
77880 78031 276
80378 80730 276
95342 95792 284
51494 51893 247
70583 70672 281
50201 50564 265
53373 53776 322
11538 11693 219
18352 18678 261
67990 68352 312
32699 32737 192
66307 66653 268
849 1017 179
86552 86762 227
26886 27221 259
22451 22795 269
54149 54159 185
77506 77666 232
38489 38858 231
54893 54918 185
86768 86863 227
70787 71140 312
45388 45678 239
592 651 145
54982 55121 216
75410 75480 232
96900 97133 253
82182 82392 289
44683 44763 270
85007 85222 240
99460 99894 328
77535 77570 170
32068 32192 254
96647 97094 253
76616 76932 307
76226 76447 276
20389 20520 243
96465 96505 266
13116 13358 276
88942 89161 315
75066 75380 232
90603 91037 271
17849 18176 248
841 886 179
4402 4785 197
84989 85316 289
65405 65653 268
84879 85235 258
58169 58408 242
42467 42851 257
1023 1059 169
16122 16464 266
41359 41366 151
70788 70889 219
18676 18864 230
53046 53408 309
65316 65364 193
19988 20064 212
47094 47508 314
76868 76967 232
83565 83889 289
92657 92745 302
3454 3505 181
4888 5157 210
84564 84971 289
95624 95790 284
99514 99674 266
18889 19152 230
38674 38876 244
86568 86801 227
9980 10195 224
74592 74995 325
21588 21784 207
94075 94398 284
37827 38235 244
83193 83273 227
61510 61672 255
14653 14977 271
36383 36389 187
80984 81218 320
82324 82653 307
15217 15358 240
72913 73242 294
28088 28397 259
40038 40148 275
94574 94916 315
43486 43771 239
2313 2482 209
74759 75172 325
82409 82760 320
73874 73896 219
79149 79192 245
25467 25846 233
79291 79630 276
66267 66668 268
13920 14120 196
79853 80026 307
66218 66267 175
76554 76684 263
67096 67498 268
56493 56496 110
37216 37245 156
31949 32031 254
38808 38963 244
41608 41636 182
33506 33584 267
23708 23921 251
3547 3584 194
27694 27788 259
82754 82914 258
34733 34922 205
61093 61498 286
26274 26409 246
71924 72100 250
86798 86938 227
44672 44882 270
52047 52454 278
7244 7246 120
17178 17484 235
52355 52478 203
695 1064 179
39797 39822 169
19449 19684 274
92734 93054 315
67606 67705 312
60278 60484 242
8212 8359 234
60868 60912 211
79801 79933 307
91389 91760 333
92525 92918 302
85522 85842 302
38304 38541 231
31430 31874 285
67790 67833 237
13731 13811 214
93237 93238 116
27572 27960 259
60867 61072 335
23670 23998 251
98905 99052 284
82350 82506 307
88193 88492 196
81885 81977 289
21128 21172 150
21872 21945 269
11650 11948 250
85871 86237 302
94093 94094 129
79270 79661 276
1963 2049 157
58024 58030 136
48992 49424 265
71916 72139 250
44392 44576 239
81984 81997 152
61704 62115 317
75894 76087 263
46480 46625 177
97386 97782 297
91794 91865 209
26271 26524 277
32613 32639 179
94023 94443 284
10096 10250 242
96670 97055 253
35186 35265 249
71452 71605 250
37133 37359 262
36658 37001 231
17110 17375 235
55047 55442 260
39660 40012 306
70467 70569 250
85441 85800 302
84520 84547 134
57575 57887 273
85574 85643 214
80897 81106 276
15931 16181 235
58476 58508 198
64634 64903 268
53023 53287 309
3181 3284 168
42128 42162 195
39301 39329 169
55771 56105 322
50035 50204 234
42102 42501 288
69448 69729 299
23268 23359 220
48670 49115 296
96854 97295 266
76294 76674 263
10524 10924 255
45761 45797 177
87510 87543 240
82961 83229 289
8856 9050 247
2134 2319 183
64622 64700 255
40977 41124 244
70793 71172 312
36998 37080 262
11160 11304 206
46230 46402 208
4226 4470 215
72760 72982 263
14004 14411 196
72912 73085 294
20557 20902 256
21462 21761 207
41213 41530 226
78937 79298 307
46644 46910 252
78819 79133 307
47311 47324 252
61376 61469 286
35265 35291 156
16924 17141 217
53891 54139 247
65410 65804 268
33906 34007 205
91580 91817 253
77766 78110 276
75316 75626 263
96611 96633 209
5329 5476 192
3969 4042 189
41020 41251 244
48679 48879 221
92135 92418 284
25826 26059 233
18699 18931 261
38951 39380 275
14806 14900 240
99413 99818 328
28982 29026 197
39486 39861 275
91096 91521 333
84630 84772 289
61249 61424 242
77353 77588 214
89570 89698 240
70161 70200 219
77537 77756 245
8335 8683 234
61196 61369 242
4608 4762 184
94586 94996 315
67295 67715 312
97711 97941 297
81033 81162 320
47530 47943 283
54978 55037 216
32770 33012 267
47208 47237 146
63743 64036 255
46003 46179 252
26877 27124 246
38799 38987 244
375 520 142
27825 28231 259
2140 2560 209
57787 57992 229
24073 24450 251
5424 5856 236
17845 18059 248
43371 43466 226
36415 36671 218
31484 31639 223
2875 3016 217
7620 7990 252
73563 73673 232
46843 46893 252
85984 86331 302
33147 33381 236
33668 33707 205
40954 40990 288
89951 90156 284
55065 55392 260
10519 10839 255
67148 67373 237
80613 80655 245
74492 74934 325
36969 37157 262
72451 72750 263
86808 86821 165
75867 76092 263
66652 67033 268
26720 26928 246
32240 32392 254
45356 45593 239
47495 47578 283
60875 60935 211
45276 45718 239
12593 12983 201
65555 65720 237
48975 49304 234
37698 37915 262
63038 63135 317
62688 63114 317
93922 93933 160
68416 68855 312
93215 93285 253
56567 56843 260
1547 1944 180
33173 33495 236
6089 6522 262
16566 16788 266
52837 52997 278
46237 46382 208
68843 69116 250
74027 74356 263
9102 9549 260
5117 5276 192
80352 80604 245
70421 70429 157
9796 9844 167
54304 54307 154
20573 20704 212
71923 72368 263
47807 47825 234
89056 89074 240
79151 79419 276
3916 4245 202
31947 32236 254
65248 65338 224
85500 85551 227
83930 84281 320
71426 71649 250
6291 6622 244
87609 87916 271
56561 56724 260
42074 42354 288
23152 23524 251
51864 52048 278
58836 59182 273
19063 19366 212
88477 88916 271
81120 81370 320
69594 69633 206
85916 86315 302
30837 31140 223
73329 73627 294
21359 21679 238
54547 54670 247
40112 40535 244
67947 68176 268
78238 78394 276
56117 56482 304
35 266 128
52416 52774 340
8360 8548 203
87454 87752 240
88898 89253 315
25974 26282 246
4360 4405 215
22821 23103 238
14455 14811 271
43062 43318 257
30440 30617 241
25773 25944 233
74008 74361 263
83590 83908 289
99510 99942 328
20903 21004 181
55736 55876 260
22334 22596 269
8931 9213 247
10206 10366 242
22231 22551 269
94719 94790 222
88367 88715 271
43850 44266 270
42297 42520 257
81271 81431 258
38279 38300 200
80118 80279 320
62012 62040 180
57984 58172 211
62555 62587 255
94273 94600 222
31067 31360 254
84878 84893 152
23812 23871 220
21126 21197 150
25394 25632 233
30020 30170 272
74865 75300 307
41065 41300 213
32118 32471 267
51252 51327 234
44903 44986 239
44316 44734 270
87825 87941 165
82920 83032 289
83860 84278 320
33194 33545 236
86179 86379 258
99848 99893 204
93525 93872 253
47118 47276 283
95887 96075 253
55829 56221 322
98879 98882 121
20148 20246 243
55048 55099 185
18899 19104 230
38196 38559 231
5814 6245 262
32886 33121 267
50668 50894 278
75417 75828 294
29005 29427 272
74885 75160 307
1956 2054 175
63305 63670 330
49680 49761 203
72353 72378 263
22013 22054 269
10911 11169 268
48159 48395 252
22409 22436 207
3588 3995 238
33847 34220 236
66783 67074 268
69431 69829 299
11101 11400 237
90907 91148 271
67676 67962 312
43971 44358 270
64207 64365 299
35530 35753 324
91406 91485 333
40145 40572 244
73985 74246 263
35624 35995 324
26292 26539 277
97530 97629 297
54049 54312 260
40286 40637 244
23121 23122 70
78571 78902 338
53827 53890 216
96900 97210 253
15059 15144 222
57515 57838 273
86281 86413 258
47166 47557 314
27498 27829 259
61893 61912 180
47332 47356 221
55540 55884 260
87622 87682 240
32569 32739 223
49256 49435 265
48629 48958 296
68455 68691 312
93349 93588 253
15319 15426 240
69041 69108 175
27144 27176 91
46203 46572 283
7910 8008 252
72214 72587 263
22259 22689 269
33072 33321 236
87441 87653 240
19725 20121 274
19867 19982 274
30321 30728 254
24293 24624 233
47617 47839 252
23147 23225 207
66812 67160 268
11039 11220 237
13242 13391 276
85312 85501 258
81646 81844 258
47252 47461 314
49143 49349 234
90606 90927 271
62564 62596 255
94134 94310 284
77484 77489 170
13133 13432 276
31039 31226 223
21242 21424 256
63559 63583 255
88292 88548 271
65071 65174 224
92572 92891 302
11875 12002 250
56589 56957 291
75697 75818 294
64282 64553 224
33336 33591 267
64573 65014 268
78229 78636 307
91292 91553 333
37055 37270 262
32679 33027 267
24253 24561 251
65057 65419 224
25275 25390 246
24734 24932 264
85375 85552 258
29753 30015 272
94960 95381 328
78899 79032 214
4764 4964 210
49156 49479 265
74533 74768 263
84807 84997 258
57471 57772 273
21485 21880 238
49292 49494 265
16660 17020 266
85581 85938 302
64448 64605 224
54032 54369 260
57056 57208 304
99173 99269 266
17794 18156 248
36365 36641 249
71320 71592 250
59128 59508 242
35603 36038 324
19267 19403 212
17083 17179 235
82799 82860 227
65600 65738 237
16366 16631 266
98886 98958 173
38549 38792 231
37753 37814 262
78490 78568 201
2594 2857 191
20180 20207 168
9417 9744 198
74984 75333 307
69335 69666 299
17264 17539 217
39294 39460 244
38309 38675 231
93795 93849 253
22402 22549 207
87474 87667 240
25449 25857 233
56581 56629 260
41406 41453 226
63823 64213 255
74644 74912 325
25436 25649 233
97444 97870 297
71979 72328 250
60942 60953 180
85088 85394 289
45150 45568 239
21227 21613 256
79109 79315 307
80477 80852 276
35707 36095 249
3519 3950 238
7412 7817 239
83123 83404 258
98939 99363 328
57898 57912 167
30761 30850 210
15427 15756 253
33418 33864 267
69603 69679 281
26775 26931 246
92639 92841 302
20589 20620 212
76103 76363 307
43241 43662 226
67289 67533 237
3951 4197 189
77349 77629 214
20508 20927 256
85814 86071 227
99294 99724 328
72486 72630 219
37323 37422 262
92174 92273 253
27016 27084 184
70307 70721 312
83629 83910 289
38216 38371 213
82521 82818 320
45709 45906 239
88834 88977 240
85534 85878 302
85746 85847 258
39419 39542 213
59073 59451 242
8622 8652 172
75789 76188 307
23244 23380 220
1974 2039 157
34050 34450 311
41685 41765 257
78131 78158 170
42451 42624 257
75466 75675 263
5345 5448 192
57290 57694 273
58025 58187 211
49154 49347 234
97645 98034 297
31639 31748 285
87209 87584 240
79938 79999 245
93728 94172 284
39851 40006 306
89452 89513 271
32194 32633 267
98476 98856 266
90269 90325 253
60174 60531 286
25716 25933 233
98227 98667 266
86933 86943 196
29394 29421 197
21238 21330 194
19709 20119 274
77014 77445 351
97482 97753 297
85337 85608 258
62223 62636 255
41897 42251 288
86539 86867 227
69519 69730 299
94101 94288 284
79194 79597 276
10916 11326 268
63221 63517 330
29428 29795 241
47945 48298 252
95405 95619 253
5525 5558 205
26070 26465 246
74271 74631 294
94609 94926 315
65321 65422 224
71008 71418 325
39752 39918 275
91995 92342 284
24717 25079 264
44007 44172 270
99791 99963 235
82166 82255 214
25423 25467 140
75608 75899 294
4232 4504 215
64854 65207 224
62907 62981 211
40502 40588 213
17485 17581 248
4152 4235 202
38080 38122 200
52254 52332 203
60450 60851 273
31507 31778 285
1258 1630 177
50437 50594 234
21485 21511 194
95981 96096 253
48196 48326 221
96153 96556 297
8676 8744 203
90300 90571 284
52935 53309 309
16988 17116 217
40708 40739 195
6205 6410 200
47242 47364 314
67386 67630 281
98568 98636 235
97622 97847 222
81397 81840 258
95501 95688 253
85363 85515 258
55171 55548 260
26112 26491 277
32485 32616 223
66515 66690 206
20518 20763 225
322 765 171
45279 45705 239
87602 87724 240
94092 94282 284
34630 34938 280
18902 19083 230
92102 92151 253
14696 14863 240
5178 5533 192
59239 59457 242
86316 86465 271
14494 14534 183
97684 97922 297
32377 32785 267
23726 24122 251
77927 77943 201
86441 86742 271
81471 81881 258
6065 6343 262
58055 58438 242
38015 38133 244
87184 87556 240
23350 23489 251
28830 29136 228
74437 74671 294
62689 62720 162
80156 80519 320
76845 76873 201
55629 55871 260
99276 99469 191
80395 80541 245
61047 61218 255
65842 66240 268
3564 3882 238
67857 68270 312
93943 93948 134
13870 14019 258
92321 92322 240
44784 45037 239
22816 23105 238
81808 81890 183
35954 36059 249
15752 15953 253
14455 14659 209
82114 82561 307
66618 66932 237
29106 29270 272
71927 71958 219
7744 8051 252
92026 92361 284
13236 13389 276
36910 37149 262
85121 85236 227
80921 81314 320
29940 30325 272
56075 56376 322
64722 65035 268
11266 11638 237
92154 92296 284
15069 15345 240
9015 9341 260
97137 97358 266
18311 18595 261
68594 68751 237
62542 62757 286
35371 35673 324
20580 20595 150
20099 20343 243
13907 14056 196
37929 37953 192
49285 49525 265
29598 29618 210
84416 84581 289
41054 41478 226
40729 41003 288
53151 53508 322
3167 3290 199
7192 7441 239
40713 40730 195
42492 42506 239
53315 53603 322
60713 61144 335
1021 1464 182
58335 58355 242
99325 99739 328
23441 23884 282
71104 71428 325
75890 76283 307
29937 30200 272
41012 41300 244
32279 32563 267
86067 86360 302
76624 76704 201
16073 16466 266
46649 46801 252
20921 21172 225
92326 92467 284
89338 89675 271
18069 18123 186
56825 57067 291
197 580 144
34525 34679 249
87376 87822 271
73912 74031 232
47138 47486 314
58162 58575 273
9181 9194 185
75280 75728 263
21907 22117 269
20326 20427 243
82460 82868 320
94484 94625 253
22528 22754 269
17274 17703 279
32247 32555 267
44835 45237 314
82807 82834 227
92032 92344 284
64653 64784 255
89018 89364 315
92694 92963 302
63924 64344 299
42509 42637 226
32538 32894 236
72259 72461 263
93064 93489 284
53877 54239 247
69524 69610 299
84062 84242 320
20848 21113 256
70715 71089 312
34395 34610 249
93672 93885 253
52420 52600 340
19939 19992 212
37900 37932 200
13098 13287 276
72178 72388 263
14166 14366 196
91069 91252 240
86902 87221 333
8290 8723 234
14397 14429 196
45569 45751 239
5772 6206 262
87259 87430 227
21900 22124 269
3979 4223 189
57282 57352 198
44560 44913 270
21567 21988 269
78527 78946 338
48663 48664 159
82336 82627 307
24012 24063 158
1773 1828 162
61289 61464 286
90202 90243 271
78662 78782 276
17767 18013 248
21698 22035 269
70147 70419 312
55125 55352 260
7206 7579 239
98863 99179 328
31561 31799 285
15083 15467 240
25092 25254 264
62534 62741 255
47402 47816 283
21992 22294 269
54406 54798 260
62356 62671 255
87521 87769 271
60839 60963 211
4334 4746 215
12586 13026 232
70151 70232 219
65240 65657 268
6526 6736 244
92127 92524 284
97581 97733 222
74120 74365 294
87944 87978 178
94686 94896 222
67044 67163 268
65264 65617 268
23784 23897 251
88779 89089 302
72802 73141 294
37998 38157 244
98992 99021 284
72391 72790 263
40482 40488 182
42249 42561 288
31910 31947 223
32028 32263 254
59652 60029 304
76279 76467 201
38540 38617 231
40929 41245 288
5658 5958 218
336 389 126
40962 41307 244
56225 56337 304
66748 66899 237
38490 38680 231
48415 48694 265
99781 99911 235
17488 17758 279
65936 66142 268
64548 64631 255
32510 32805 236
4482 4818 197
4008 4030 189
99375 99410 191
56912 57170 304
35433 35811 324
70180 70330 250
89432 89582 271
7610 7789 221
87533 87731 240
55329 55610 260
54661 54819 216
14638 14822 271
76216 76604 276
25503 25817 233
45534 45885 239
49271 49680 296
50284 50405 265
70479 70858 281
58936 59264 273
87128 87194 227
4422 4506 184
46377 46521 283
26315 26327 215
48346 48700 265
25114 25227 264
84567 84617 227
2624 2839 191
99563 99996 328
10989 11099 206
64185 64224 193
9561 9682 198
27507 27574 184
33589 33931 267
70472 70906 281
11632 11638 144
18918 19084 230
29601 29616 210
86232 86540 271
28548 28589 197
6606 6817 182
40546 40894 257
88677 88722 240
12467 12570 232
66387 66606 268
40958 40986 288
