1 10 20
100 200 125
201 210 89
900 1000 174
3 5 8
10 1 20
5 3 8
5 72 113
76 653 145
156 135 117
10 188 125
125 230 125
7 208 125
86 278 128
198 597 144
128 18 119
94 943 179
45 436 144
118 908 179
96 753 171
16 812 171
149 557 144
43 675 145
63 638 144
73 594 144
160 538 144
95 133 122
131 486 144
43 932 179
141 534 144
71 177 125
154 101 122
3 546 144
44 22 112
89 307 128
55 767 171
162 132 117
96 834 171
182 169 125
59 494 144
129 578 144
131 106 122
177 620 144
148 92 122
187 723 171
196 866 171
77 756 171
8 344 144
30 796 171
172 351 144
26 497 144
66 341 144
186 328 144
36 825 171
64 189 125
68 750 171
111 111 70
104 198 125
89 434 144
107 341 144
171 942 179
22 520 144
123 649 145
110 219 125
50 919 179
135 649 145
140 266 128
111 542 144
171 201 125
141 405 144
131 681 145
79 746 171
65 192 125
27 346 144
61 95 116
29 863 171
159 308 128
192 335 144
190 971 179
192 131 125
66 481 144
35 7 112
123 262 128
160 731 171
83 216 125
103 512 144
182 594 144
80 911 179
162 33 122
40 670 145
73 756 171
102 709 171
59 334 144
156 858 171
145 329 144
1 462 144
92 993 179
123 667 145
44 267 128
194 912 179
125 836 171
79 277 128
99 296 128
75 478 144
102 800 171
188 368 144
48 493 144
146 455 144
43 206 125
152 247 128
121 562 144
118 234 128
107 163 122
52 189 125
18 296 128
8 41 112
100 452 144
48 620 144
22 137 122
28 732 171
17 31 112
42 26 112
15 5 20
117 981 179
100 991 179
96 1 116
169 6 122
91 126 119
67 459 144
8 352 144
82 625 144
72 706 171
150 121 122
151 546 144
20 115 119
174 947 179
94 857 171
63 878 179
33 906 179
178 117 125
56 5 113
190 73 125
166 241 128
124 900 179
16 896 179
189 445 144
176 507 144
116 926 179
182 908 179
46 558 144
49 920 179
110 730 171
35 313 131
45 407 144
115 690 145
14 694 145
196 353 144
160 124 122
115 805 171
180 838 171
166 970 179
79 580 144
199 218 120
137 448 144
104 43 119
139 241 128
96 106 119
112 749 171
115 257 128
26 929 179
144 385 144
21 732 171
124 379 144
121 815 171
117 75 119
17 330 144
129 125 122
48 474 144
60 689 145
123 585 144
71 697 145
137 128 122
182 214 120
72 302 128
82 318 131
89 531 144
37 81 116
35 621 144
197 826 171
29 147 122
183 702 145
141 202 125
53 752 171
166 890 179
154 734 171
134 570 144
193 677 145
21 121 119
198 311 128
169 13 122
108 674 145
87 944 179
126 688 145
20 145 122
81 616 144
129 521 144
110 354 144
181 1 125
78 775 171
76 109 119
45 725 171
77 603 144
73 619 144
42 345 144
172 56 125
8 164 122
29 449 144
86 964 179
102 593 144
75 772 171
190 91 125
160 450 144
62 156 122
20 925 179
40 184 125
198 149 125
99 586 144
77 375 144
35 679 145
84 290 128
62 155 122
137 213 125
193 378 144
108 501 144
145 375 144
133 238 128
102 845 171
30 546 144
42 597 144
136 124 122
183 111 125
33 512 144
197 612 144
178 882 179
91 426 144
167 512 144
141 925 179
184 645 144
76 935 179
181 854 171
180 560 144
126 966 179
199 743 171
48 127 119
46 389 144
67 230 125
44 1 112
421 17 144
605 17 144
645 3 144
25 13 24
61 7 113
622 4 144
148 4 122
424 12 144
644 10 144
444 1 144
802 18 171
859 6 171
599 11 144
159 12 122
226 13 125
340 15 144
974 21 179
830 1 171
161 3 122
814 3 171
449 17 144
339 17 144
560 14 144
513 15 144
778 7 171
206 5 125
282 18 128
54 12 113
371 20 144
729 1 171
607 20 144
407 5 144
823 12 171
860 5 171
177 4 125
51 4 112
785 17 171
797 18 171
297 9 128
485 3 144
268 19 128
395 10 144
430 7 144
522 19 144
553 10 144
883 17 179
488 11 144
28 2 112
805 6 171
243 16 128
920 10 179
85 7 116
696 4 145
299 9 128
491 2 144
623 15 144
913 17 179
418 4 144
700 5 145
342 20 144
696 2 145
430 14 144
98 12 119
786 12 171
531 2 144
793 20 171
748 2 171
710 7 171
1 1 1
953 14 179
636 1 144
295 3 128
560 15 144
675 7 145
838 14 171
484 18 144
76 17 116
456 21 144
513 16 144
360 12 144
308 7 128
605 15 144
909 18 179
366 8 144
54 8 113
934 15 179
367 13 144
985 8 179
236 18 128
709 13 171
473 17 144
46 6 112
532 1 144
804 21 171
38 7 112
580 15 144
884 1 179
367 7 144
936 10 179
261 1 128
166 1 122
978 10 179
751 10 171
255 1 128
413 13 144
831 8 171
566 19 144
554 15 144
152 11 122
516 21 144
781 9 171
891 1 179
563 19 144
422 8 144
934 3 179
154 21 122
352 9 144
283 19 128
39 2 112
707 9 171
395 1 144
920 12 179
723 16 171
10 5 20
528 8 144
720 13 171
928 1 179
977 15 179
145 1 122
226 18 125
181 1 125
127 9 119
366 6 144
626 14 144
887 15 179
881 15 179
1 14 20
424 21 144
374 1 144
326 5 131
920 19 179
481 10 144
88 1 116
82 12 116
528 4 144
9 9 20
779 2 171
413 4 144
574 4 144
194 16 125
273 20 128
19 11 21
349 16 144
842 13 171
623 3 144
335 20 144
375 12 144
854 8 171
725 9 171
237 1 128
272 20 128
3 17 20
599 8 144
747 20 171
800 15 171
622 17 144
494 12 144
893 1 179
118 8 119
697 13 145
875 5 179
75 19 116
329 1 144
278 14 128
690 11 145
868 5 171
399 7 144
396 9 144
580 19 144
149 6 122
819 12 171
721 3 171
772 16 171
666 2 145
584 9 144
515 9 144
286 3 128
613 7 144
902 21 179
906 9 179
420 8 144
326 19 131
731 17 171
12 20 21
751 1 171
293 11 128
758 6 171
482 1 144
101 4 119
646 21 144
157 20 122
195 3 125
207 4 125
23 2 21
949 2 179
134 3 122
906 4 179
771 3 171
306 15 128
592 15 144
33 18 112
470 6 144
245 12 128
540 1 144
59 18 113
638 9 144
682 1 145
531 1 144
775 11 171
330 1 144
364 16 144
942 17 179
800 21 171
722 12 171
351 20 144
920 20 179
904 5 179
591 18 144
745 16 171
977 14 179
228 1 125
544 18 144
105 3 119
665 13 145
985 6 179
747 21 171
860 3 171
672 10 145
582 4 144
388 15 144
604 5 144
3 20 21
133 15 122
49 21 112
391 5 144
568 8 144
536 5 144
766 1 171
9271 8394 260
7363 8785 252
9500 931 262
7641 1379 262
8060 4595 262
9784 5877 262
6038 5434 236
7123 9118 252
6539 9679 260
5015 2750 238
1157 9699 262
2967 7599 262
8870 3665 262
2143 1269 180
3823 5912 236
6212 2846 262
9238 8903 247
8662 1912 262
5252 2667 238
2401 9489 262
6545 4562 262
9267 5637 262
3657 5542 238
9555 4980 262
1252 1569 177
4413 4330 215
736 842 153
3660 7334 262
6322 2859 262
4674 4896 197
131 1495 182
8287 3698 262
3431 4355 238
3691 640 217
4360 9261 262
1090 4385 238
7812 2075 262
986 2166 182
1788 223 182
432 9811 262
5514 4810 210
2561 4411 238
1588 8451 262
6621 402 262
9715 9338 198
9151 2248 262
4128 5864 236
7819 4398 262
7361 3565 262
6431 1563 262
6348 3391 262
4394 8466 262
4128 2894 238
7437 3166 262
9721 2342 262
1494 5033 238
1479 731 182
2232 3444 217
8115 2356 262
9863 212 262
6853 6561 244
4139 2463 238
7685 7779 177
8288 3637 262
8208 1089 262
1638 3425 217
827 1537 182
9981 3453 262
4678 2676 238
9251 8060 247
8453 3407 262
3698 9324 262
8368 9372 260
6057 288 238
760 2784 209
9752 8685 260
4741 9388 262
5079 8987 262
8323 7326 252
7128 3174 262
5510 1618 238
1480 4893 238
3978 6932 262
6754 8712 257
4010 3007 238
7650 6586 257
8457 1970 262
9161 9655 260
2434 4668 238
3626 4168 238
4884 8800 262
9193 232 262
7438 1110 262
2302 2850 209
1558 7941 262
4557 3440 238
1617 7947 262
1208 9109 262
6820 3917 262
9825 7141 260
6279 7256 257
8734 7749 252
8375 4951 262
2922 1376 217
5038 3040 238
1183 3332 217
9649 3825 262
7978 6299 257
592 721 171
1799 6214 262
5085 9626 262
56 8049 262
8618 6471 257
3037 5299 238
5479 4557 210
4311 5159 215
9276 9707 198
7780 6842 257
9609 4831 262
4276 8678 262
6972 5208 262
8331 9020 247
9892 5874 262
2377 4974 238
7751 7507 208
615 6462 262
5050 3204 238
8790 6463 257
6615 8388 257
6458 1884 262
3241 5097 238
9852 3422 262
6345 6100 262
4874 3912 215
6564 7168 257
6927 8870 257
8819 910 262
6845 3489 262
2238 725 183
4752 7996 262
6027 5884 187
6582 47 262
4676 5774 236
6702 1898 262
6869 2616 262
3034 2487 217
2521 4171 238
5027 7970 262
1238 3707 217
9466 3441 262
2291 9237 262
7641 7527 177
1789 6829 262
656 1765 182
8393 6115 262
1388 7554 262
6626 1218 262
7937 3192 262
9707 9810 198
6618 7371 257
3150 7586 262
7113 3952 262
8617 1347 262
1410 1025 182
881 6560 262
7346 2319 262
1867 6339 262
3701 102 217
2438 4785 238
2690 5349 238
5836 9878 262
5096 2082 238
8462 3807 262
7272 3387 262
467 6670 262
9350 7509 260
6364 2654 262
5273 2999 238
5466 4270 215
3859 1717 238
6314 8626 257
4952 2709 238
8514 1375 262
457 3351 217
537 5779 238
3466 4422 238
6763 7037 257
8637 2352 262
5070 7013 262
4858 8802 262
9644 8430 260
6330 2725 262
1630 4145 238
8452 5480 262
3179 8804 262
5706 1710 238
2620 6312 262
3439 9514 262
4877 9440 262
6093 1131 238
303 4308 238
6972 7741 239
4940 5063 179
5568 6058 218
8767 5645 262
2070 6412 262
8792 992 262
7226 6511 257
6481 2102 262
9201 4772 262
7081 6682 257
8067 9172 247
2792 1581 209
5921 9590 262
4926 7777 262
1239 3664 217
7881 4298 262
7863 7370 239
2900 5946 238
3999 5853 236
778 8482 262
515 6950 262
3205 802 217
7518 9837 260
7337 3244 262
1058 4344 238
9037 2484 262
4585 5565 210
1659 4386 238
6538 8210 257
970 8137 262
1043 2777 209
1190 611 182
2207 9017 262
9189 8015 247
7772 8477 252
3853 2644 238
7582 2257 262
9177 706 262
5293 8163 262
7101 8800 252
9871 2640 262
1353 4977 238
5029 8113 262
594 981 179
9547 1956 262
8705 8182 234
6843 1677 262
746 534 171
1128 2966 217
3821 1459 238
3212 6332 262
7190 1581 262
8210 1610 262
4405 999 238
2174 4988 238
9950 9138 260
6241 4213 262
5555 4608 210
5901 9329 262
9110 1541 262
6057 9435 262
18 7383 262
9228 6959 252
209 6156 238
5414 8517 262
8008 6708 257
639 643 132
681 7520 262
7817 9872 260
744 3839 238
3473 6990 262
9918 594 262
9337 1090 262
9575 8004 260
5171 9573 262
3568 1576 217
214 12 125
96 5125 238
4926 8898 262
9483 397 262
856 9030 262
7360 4934 262
6197 7067 257
7215 8601 252
9868 958 262
9053 1798 262
9881 3070 262
5581 686 238
2908 903 209
6652 4404 262
3494 7731 262
116 6829 262
2531 8205 262
8119 5961 262
1923 8144 262
2282 1267 183
2468 3647 217
7775 3553 262
2125 9237 262
9635 3624 262
9356 1011 262
4301 8179 262
7814 6030 262
8037 8694 234
4249 2638 238
3127 674 217
3744 7022 262
6889 9373 260
4253 2994 238
1181 2834 209
7337 4935 262
4669 3512 238
525 4847 238
6379 4869 262
5240 3649 238
3082 7260 262
6674 1103 262
6991 3061 262
3949 1849 238
248 9884 262
5869 8597 262
2215 2488 209
8103 7346 252
8293 9277 260
431 5395 238
2860 2200 209
3017 8898 262
9646 4756 262
2806 4797 238
3584 795 217
2294 3572 217
4081 7111 262
4807 8620 262
6380 3762 262
2088 3678 217
6497 4574 262
8035 3468 262
5591 6699 262
8214 8572 234
3298 1151 217
7719 4113 262
284 9200 262
8628 872 262
7978 106 262
2338 3345 217
1762 4380 238
1952 9566 262
7684 1224 262
5335 9174 262
8998 7307 252
4223 5570 236
2711 8194 262
8747 2253 262
2524 9356 262
230 1897 182
1625 3655 217
7719 7364 239
7922 3730 262
9825 8455 260
8211 2832 262
6658 54 262
2961 7924 262
8395 5843 262
8185 3222 262
352 1454 182
5791 1038 238
4994 5637 236
4239 2534 238
5616 5259 236
3166 177 217
831 621 171
8133 3324 262
5596 1705 238
7291 3884 262
234 7778 262
4523 1931 238
7256 1564 262
4250 1132 238
7310 9566 260
1555 7385 262
9008 7846 252
9826 984 262
6105 3163 238
7153 2703 262
2571 8840 262
7797 8984 252
4996 1080 238
354 2435 183
8946 1778 262
9133 824 262
3253 2728 217
602 2605 209
1621 4571 238
4753 6284 262
9308 2836 262
4110 4504 215
8404 6425 257
8443 6805 257
4139 8316 262
7512 8969 252
6889 2120 262
9161 9114 198
4718 7176 262
1616 7506 262
1424 1809 180
1507 4744 238
9773 8231 260
2937 6778 262
7040 2045 262
1396 865 182
1003 7609 262
7092 6107 262
4349 5540 215
4314 8733 262
4157 4737 215
474 9559 262
3146 1051 217
8153 3863 262
4225 889 238
2587 6033 238
6107 1699 238
8281 1689 262
460 2090 182
8556 8116 234
9097 5567 262
3122 6192 262
8757 1722 262
5374 1549 238
9629 9258 198
1022 3675 217
2448 9480 262
5793 989 238
647 40 144
9941 8311 260
2993 7960 262
2577 1752 209
974 1689 182
6686 7808 257
6025 7184 262
5337 9176 262
8247 4083 262
7028 9191 252
8013 9433 260
4741 4547 184
3740 3835 176
2793 713 209
8230 575 262
6838 3031 262
4111 4583 215
3442 5215 238
506 74 144
9823 6064 262
5689 9037 262
4708 3943 215
7906 8504 252
6766 7800 257
7422 5089 262
5077 8162 262
5791 9391 262
4826 9918 262
9042 9216 198
5021 5215 179
2928 4021 238
735 8049 262
9929 949 262
722 3168 217
3561 5367 238
2050 5321 238
3175 7950 262
1266 1842 180
4267 7445 262
2950 5131 238
315 4332 238
5318 3762 215
8251 4474 262
2758 5598 238
2622 5295 238
5335 4487 210
4710 3162 238
3106 1303 217
9341 553 262
5010 9330 262
62 8602 262
4423 9024 262
1907 7343 262
3586 1771 217
7982 3020 262
809 224 171
1751 4782 238
9502 2911 262
8288 2207 262
895 6927 262
4577 7379 262
135 9368 262
7462 7487 164
3379 4529 238
914 1376 182
3883 3360 238
