430887 289384 449
136916 192778 383
238336 247794 368
260493 385387 441
141422 16650 354
490028 202363 449
20060 368691 443
13927 397764 443
383427 180541 443
455737 89173 449
95369 5212 351
456430 202568 449
21531 465783 449
165124 222863 386
203136 174068 365
479803 13930 449
223059 134023 386
398168 133070 443
18457 461394 449
478043 175012 449
377374 176230 443
44920 484422 449
398538 413785 449
94325 75199 351
164371 298316 443
303527 66414 443
268981 276092 416
241874 259957 363
499171 306863 449
497282 406997 449
420926 202306 449
336328 477085 449
126506 160337 383
121730 250847 443
425858 161314 449
353896 116125 443
100546 319583 443
233368 398815 441
490365 15435 449
313751 344044 384
426809 171088 449
447179 117277 449
393585 195789 443
2652 205404 383
112400 392755 443
95061 499933 449
493369 49677 449
210013 447740 449
198587 136227 383
297540 348095 441
480571 140796 449
460379 151435 449
66602 97468 351
112903 210098 383
70493 73318 325
260757 426653 449
60281 497302 449
209442 224287 386
429690 453866 400
346620 228445 443
244730 58441 443
108118 458032 449
405772 238098 441
390676 334482 441
198928 120710 383
277857 204568 443
372354 179498 443
276966 254587 416
464684 455307 444
28625 406220 443
332872 51529 443
48830 305733 443
30020 409504 443
363369 258271 441
486716 459709 444
18150 226341 386
200724 247797 443
2246 142619 375
493452 122847 449
243556 392922 441
97489 192380 383
388229 37765 443
292351 469842 449
441501 165194 449
87765 257035 443
324915 470125 449
275857 436988 449
346492 373744 419
148366 322228 443
281937 209860 443
452552 151433 449
399229 316438 441
475408 153276 449
276122 401475 441
294396 468859 449
161238 36030 383
73794 408236 443
394429 65819 443
231012 366144 441
139530 335929 443
322405 318777 371
255764 464444 449
354539 114614 443
436841 118607 449
344819 2905 443
170689 235129 443
67918 297370 443
466997 69918 449
487744 43325 449
12184 259471 443
295500 298491 327
206726 189773 360
255591 385645 441
268140 117506 443
469787 2955 449
338083 407670 441
388465 308543 441
439508 110198 449
228805 259356 443
278612 376349 441
127829 73623 354
387344 449300 449
35569 195747 383
255423 354341 441
113811 23312 354
321802 267606 416
473731 425662 444
311306 44879 443
178737 229321 386
248627 79445 443
3466 148523 375
473417 86709 449
213259 408283 443
167638 412925 449
305625 442063 449
32037 462601 449
411900 433453 418
145551 419380 449
290072 447469 449
487132 400974 449
184931 403882 443
345895 308934 384
370164 158661 443
387982 157200 443
252997 48900 443
213774 152960 383
239669 272814 416
181096 187191 347
116467 452927 449
411341 365085 449
327685 422091 449
355543 443377 449
379108 255937 441
219757 17446 386
418419 169180 449
89413 206888 383
32173 103349 351
262010 451660 449
125211 402337 443
467588 166343 449
319302 378207 441
167373 197714 365
401256 75322 443
44600 364820 443
229905 17722 386
439812 455940 387
415668 73941 449
346229 311706 441
329151 311128 384
496659 65985 449
289225 263921 416
367270 102423 443
54082 321397 443
240085 145631 443
311973 179293 443
73851 207673 383
405386 147626 443
239300 241223 368
106043 306641 443
340714 283899 398
256191 352299 441
442591 280525 449
108582 188210 383
499337 288820 449
371156 437733 449
218005 495995 449
114770 160380 383
481777 85274 449
247256 168851 443
348143 221861 443
445885 75580 449
223206 421994 449
179568 367622 443
190614 462505 449
262755 301962 416
154260 31327 375
328203 18945 443
223507 113203 386
402022 436785 449
390869 222843 443
235190 289529 416
449909 108873 449
210499 349959 443
18809 448037 449
186249 457754 449
33334 383304 443
321649 132134 443
499755 272891 449
251747 17568 443
319530 190369 443
238047 14501 443
49798 473789 449
86991 66250 351
3034 273304 443
12498 5364 268
294893 410254 449
19126 247687 443
113997 261153 443
209189 245976 443
203730 149158 383
32461 395437 443
43922 253415 443
26305 370461 443
388028 60029 443
266749 278051 416
308903 207557 443
197698 4795 383
71044 358700 443
132003 301040 443
306404 90429 443
682 144501 375
408539 117648 443
395152 36160 443
282135 22536 443
171693 104340 383
16128 2216 276
255630 220505 443
90965 60050 351
136430 298286 443
76336 495344 449
202901 403178 443
407972 385239 436
260290 416950 449
217989 495368 449
85796 392293 443
53145 40744 340
158391 102830 383
155341 461683 449
570 53542 340
174233 453827 449
456043 172262 449
409118 190361 443
266762 228024 443
26310 82 282
495426 403191 449
306368 118997 443
4235 214678 383
131627 230691 443
226058 264525 443
173169 349615 443
390359 328206 441
447387 226313 449
204347 65101 383
134995 102727 354
56553 204917 383
393530 325579 441
32291 28947 285
256971 302648 416
319081 299052 384
218594 299632 443
418628 330858 449
61887 41313 340
288356 439215 449
220091 193513 386
59480 14413 340
358970 409611 436
152275 466190 449
47642 306356 443
425434 356621 449
77889 198988 383
24567 498339 449
27285 487771 449
290418 56857 443
372261 300607 441
100238 125850 354
473060 107206 449
148519 35218 375
490784 34946 449
228459 436874 449
467638 210874 449
120484 304290 443
270479 326608 398
149315 272758 443
145730 334472 443
33460 91101 351
89439 223619 386
211389 58026 383
131234 133075 331
433682 18158 449
160359 3494 383
110700 50271 354
101840 133418 354
168364 275570 443
228795 92623 386
319848 413174 449
217463 196432 386
39391 456683 449
245792 4293 443
355116 205058 443
296158 391522 441
131492 388575 443
462952 401948 449
35022 359232 443
393741 110538 443
114031 485055 449
35326 54099 340
187517 241082 443
33003 153517 375
246140 372232 441
285405 261797 416
474581 82339 449
39022 19219 324
39863 13971 324
235380 284813 416
192686 394978 443
299905 31537 443
433484 324177 449
199760 279208 443
389745 484858 449
469912 93500 449
163951 20128 383
277561 5237 443
175106 367819 443
240050 310564 416
88712 421245 449
19935 41806 324
77376 63292 351
93615 58956 351
343769 133590 443
44919 328994 443
376883 52806 443
376983 344823 441
124031 326718 443
311575 93094 443
186594 30127 383
50254 281487 443
303075 350544 441
234714 327815 416
138378 478180 449
415776 474763 444
32920 227089 386
306733 435711 449
11018 110295 354
260236 400347 441
245692 371138 441
423944 305154 449
166329 122574 383
449292 300926 449
394019 306711 441
336837 277218 398
75056 96964 351
463859 387091 449
214905 378131 443
372662 198572 443
189686 369634 443
113074 304790 443
256852 222605 443
349251 419806 449
336504 267869 416
139007 109486 349
414640 82196 449
221121 62950 386
380227 80968 443
387678 186764 443
463982 290597 449
387561 240866 441
127956 39037 354
433519 367771 449
66343 359212 443
245197 322533 416
127322 272380 443
494985 358271 449
294428 384173 441
152041 344235 443
470073 147284 449
245831 307399 416
370348 401064 436
482031 466951 422
153715 250574 443
57523 386060 443
126925 134048 344
189436 445083 449
329205 271233 398
130444 122955 344
445487 411899 418
184279 375641 443
250263 89160 443
489684 179263 449
39849 61042 340
208325 141724 383
449123 26273 449
427336 454155 400
437458 335822 449
102748 409366 443
311777 91172 443
225219 160270 386
121704 438702 449
209934 414654 449
53960 450908 449
362807 356729 419
248721 15798 443
121309 47085 354
242699 15335 443
76377 110992 354
252716 298899 416
325172 301053 384
271560 218190 443
54011 252507 443
178225 209017 373
316540 173110 443
333379 490001 449
445054 58110 449
489115 455082 444
405990 171339 443
28068 59427 340
75224 285148 443
332232 276788 398
292123 196533 443
323876 91282 443
390180 384851 436
202255 76591 383
311132 215351 443
467858 473814 382
199182 381495 443
54604 146082 375
152434 15721 375
90182 387983 443
359416 97488 443
268826 79297 443
138723 265405 443
50552 296893 443
90033 230298 386
443182 399135 449
490416 398507 449
299709 267058 416
360000 380596 423
112298 1963 354
475777 187484 449
68978 80155 351
242588 191310 443
223383 139933 386
44267 395022 443
8861 313564 443
409212 403683 414
169087 277686 443
90931 64286 351
294584 235991 416
151477 197315 383
95821 254117 443
37526 141893 354
38840 395529 443
397491 397526 268
101361 151137 375
247644 389619 441
80929 170338 383
326622 6583 443
417956 304311 449
134226 370889 443
274571 426816 449
220854 43438 386
107723 460009 449
212351 311784 443
9098 418658 449
189127 363828 443
22072 121270 354
33150 226652 386
140529 60911 354
228399 430640 449
336611 241889 416
428578 492394 444
498977 433891 444
254553 255200 363
126088 416932 449
360100 388778 423
448567 400658 449
377018 80953 443
392736 72642 443
491299 89369 449
453196 418185 418
55806 196777 383
423429 475267 444
52529 88955 351
19594 80309 351
322198 297279 384
289673 372556 441
306446 250775 416
22326 305001 443
238284 60998 443
466128 148413 449
65422 98383 351
179335 414694 449
487335 442440 444
48160 88422 351
22958 494986 449
191762 1355 383
492973 78763 449
167717 131542 383
211851 61853 383
375483 203663 443
76218 50400 340
301174 165155 443
486507 399016 449
476365 339852 449
488264 224791 449
323173 442492 449
373538 70038 443
28829 18860 308
107281 360872 443
355857 76988 443
78342 146591 375
225353 63971 386
195512 87666 383
149518 393070 443
113084 407362 443
474113 41352 449
206507 189301 360
104668 291639 443
131490 209365 383
434155 81033 449
39876 136105 354
206142 273680 443
292539 413413 449
290637 234970 416
311957 416171 449
62761 162845 383
226815 406650 443
494315 304466 449
213887 422327 449
346040 160184 443
201536 326970 443
32622 320153 443
111791 424394 449
150110 137290 375
234674 259632 368
395736 84265 443
374296 274549 441
204314 101878 383
353199 166834 443
99356 494950 449
157794 165156 370
88157 178469 383
482934 400961 449
323287 98824 443
275359 213172 443
40141 185678 383
22182 493246 449
433991 72762 449
210051 150324 383
409955 84101 443
168365 461076 449
235625 322043 416
423920 42660 449
225845 456290 449
451239 293470 449
474977 341552 449
20020 125384 354
26344 63134 340
161957 19305 383
232476 365982 441
68012 453667 449
446913 288968 449
361730 90193 443
256869 380903 441
465003 88132 449
49208 183175 383
5217 149719 375
192378 301184 443
257473 445488 449
238958 434574 449
276126 225063 443
366798 213934 443
293419 312497 384
348154 393142 436
275475 471727 449
425394 96981 449
385949 343486 441
450031 372306 449
269560 264030 345
352161 206899 443
406425 234563 441
384281 417720 449
218903 411642 449
373481 93011 443
27584 492727 449
234141 128790 443
342724 303709 384
132558 100939 354
10432 152494 375
124221 480711 449
77691 285906 443
129392 49614 354
438271 463639 444
227668 79422 386
302672 207830 443
458744 96181 449
13900 209096 383
137089 343025 443
452387 249155 449
258233 10570 443
155711 479970 449
300031 492374 449
109664 498434 449
167280 432588 449
429650 120095 449
422352 291500 449
357465 7340 443
487331 51743 449
147516 312087 443
19916 231350 443
343882 450187 449
175635 495012 449
354388 374134 419
123288 312723 443
339644 306774 384
286743 381520 441
390245 495355 449
10140 103125 351
52064 16260 324
136354 177419 383
485270 481713 382
5405 58706 340
126800 342734 443
154820 492735 449
240436 274316 416
240854 191088 443
202451 100670 383
474803 416488 444
245563 56838 443
363611 98090 443
495961 85206 449
96912 166705 383
269830 402558 441
418817 123404 449
300822 321893 384
303606 71523 443
146580 302444 443
161529 325362 443
334448 273379 398
64046 332701 443
23788 74883 340
175552 304900 443
221387 242590 443
299427 150354 443
264795 466949 449
68507 163037 383
346093 277108 441
179665 165418 352
288821 115922 443
454167 98481 449
186355 105995 383
408438 274124 441
99485 332934 443
106313 86318 354
419018 433932 418
25166 186710 383
491609 459157 444
201746 217070 386
367423 212996 443
196296 1172 383
180560 148570 383
425677 264802 449
446572 26653 449
158926 105341 383
220173 251744 443
374090 113092 443
403567 406528 414
255813 298879 416
385197 3051 443
453334 362125 449
65187 304214 443
263371 478500 449
195569 56795 383
286142 465116 449
482640 79343 449
244264 482438 449
263591 163199 443
206203 169940 365
291632 226514 443
478258 365129 449
494572 11805 449
434684 352347 449
151226 398139 443
417541 190496 449
68973 36422 340
340635 387227 441
365726 134159 443
190953 120357 383
85473 77646 338
173340 493447 449
475884 68112 449
247662 417604 449
87543 255826 443
482340 470217 422
335345 379175 441
407331 460597 449
329295 346268 441
260758 342014 416
48861 480520 449
33293 194651 383
81877 117833 354
251991 390280 441
10636 463954 449
41599 459296 449
452742 96108 449
180571 214938 373
132541 444977 449
200802 444585 449
414801 220084 449
115610 199493 383
176441 266497 443
112764 22940 354
381305 5736 443
2607 389874 443
84524 430165 449
64350 52252 340
442531 182752 449
146705 316340 443
291987 453166 449
65626 188303 383
419592 261080 449
222408 262548 443
207132 68485 383
304920 439562 449
139054 121932 344
388428 420529 449
459820 315495 449
337582 17544 443
423769 341124 449
287640 340188 398
392439 24644 443
207395 351989 443
184681 351321 443
304487 354099 441
58753 493019 449
254099 386464 441
149011 494696 449
63180 476506 449
416067 356143 449
494426 368099 449
304979 71473 443
386967 382854 348
416749 264798 449
122273 224548 386
81087 340517 443
365160 409913 436
261901 489878 449
341198 72554 443
443004 462933 444
455952 162036 449
48499 18108 324
29155 210050 383
202907 213862 373
70004 92335 351
476785 135326 449
206798 64429 383
463634 281764 449
46561 110116 354
351015 380382 423
220898 185186 386
95098 432101 449
438330 102409 449
191314 373350 443
352635 295880 441
457915 134317 449
168776 308586 443
34987 22766 311
236627 197931 443
306617 237893 416
389570 306630 441
387410 299753 441
81516 96367 333
222834 367396 443
247777 144429 443
329614 73848 443
22301 485027 449
103787 441063 449
330764 460630 449
256509 295101 416
429417 183398 449
491983 230776 449
253541 114545 443
328827 43321 443
297566 6519 443
329500 151795 443
451547 187135 449
299854 216909 443
84304 33063 351
193843 22687 383
96535 348433 443
349811 39808 443
480870 118835 449
95816 453597 449
248697 327985 416
11383 352325 443
99452 194466 383
325362 19717 443
63038 369344 443
375862 154188 443
305982 360603 441
64089 205361 383
438621 273880 449
323294 363942 441
386629 22925 443
387709 17136 443
56943 483163 449
101997 253871 443
207467 54164 383
398501 197812 443
66488 472516 449
183333 426235 449
445951 182291 449
51634 8694 324
162881 25340 383
402294 427495 449
132855 485214 449
275445 466383 449
330324 71476 443
110752 98739 354
115874 216952 386
216466 14812 386
268682 189169 443
259684 334814 416
48978 492500 449
465015 174536 449
100770 115465 354
314108 148347 443
173392 63073 383
88412 365741 443
309588 352624 441
337837 7058 443
473440 458794 444
46621 113282 354
228372 320115 443
53419 157372 383
188535 360597 443
49765 269884 443
104698 473568 449
466068 325801 449
336 153675 375
285491 447434 449
112133 117458 349
180530 115950 383
481691 285524 449
138148 285293 443
292350 307630 371
266423 492336 449
121969 282141 443
102256 313044 443
486767 350340 449
210937 172026 373
458261 191654 449
165221 277053 443
119205 62958 354
232984 131288 443
78722 119541 354
236998 34827 443
167128 207206 373
492729 433879 444
219171 165170 386
472799 147228 449
139564 11521 354
293661 239222 416
68617 277884 443
128224 412268 449
84293 55383 351
247036 355512 441
132564 42554 354
121863 428609 449
59896 251769 443
387661 371199 423
422377 154969 449
362174 141010 443
74888 89504 351
254674 371255 441
18482 294058 443
321930 243824 416
483045 174397 449
452281 131943 449
44210 68013 340
139748 96856 354
452367 144855 449
203760 403135 443
331743 101282 443
369402 341974 441
213172 391639 443
62959 273414 443
414423 151900 449
257756 441485 449
329091 5662 443
316072 28781 443
272604 363924 441
38321 138001 354
269943 272001 416
340013 6953 443
103808 330505 443
475359 479760 382
382895 72526 443
190159 179118 365
21091 214637 383
122627 59561 354
332974 250615 416
418866 201938 449
143422 263749 443
269410 176621 443
205401 488864 449
352787 101833 443
239834 478005 449
266357 407459 441
414411 26128 449
356632 106369 443
86129 34570 351
123447 348342 443
27459 485375 449
200011 313606 443
373166 64902 443
331868 338990 366
40927 222491 386
486239 250733 449
443706 200700 449
189563 272001 443
373833 165458 443
143462 42349 375
449808 130018 449
172498 426170 449
32539 380570 443
415140 29129 449
377471 135019 443
120393 38586 354
368543 421281 449
2534 336755 443
175744 241708 443
480551 334401 449
101486 233022 443
433721 466789 444
255141 45191 443
210648 139635 383
181984 145326 383
291695 370462 441
296631 148143 443
45064 464192 449
493321 345521 449
480539 476555 422
31493 387143 443
308423 100931 443
437686 400035 449
158095 327309 443
161709 129781 383
362803 138645 443
121785 279546 443
341088 296523 384
436158 376926 449
38603 51736 314
438549 134493 449
298987 330297 384
310841 251531 416
97052 344050 443
336957 320513 384
207655 77590 383
194873 368449 443
268483 32429 443
376089 132558 443
262338 426577 449
65221 37798 340
333695 125140 443
438015 187006 449
80283 174783 383
242870 390524 441
25016 135237 354
481885 181418 449
449300 340354 449
200755 292725 443
113237 46351 354
140293 37711 354
406159 337243 441
386024 335165 441
467722 174642 449
117570 262112 443
316261 246411 416
387903 182791 443
386148 149956 443
341090 325917 366
216440 482782 449
118018 83959 354
265376 257807 407
114512 99902 354
408979 214675 443
277378 315266 398
352977 38567 443
392162 417670 449
1 1 1
