1 1 1
1000000 1000000 153
1 1000000 525
257927 549766 470
363551 876909 525
919494 503868 525
361804 313133 441
436494 788247 470
377439 981122 525
94654 898238 525
193711 65102 383
996739 32104 525
871128 144708 525
965765 84020 525
481507 385770 449
391060 340233 441
804849 664309 468
138424 999882 525
761180 337552 470
736463 678114 442
643400 739987 442
798217 991486 525
667428 253000 470
40555 174318 383
962345 973390 458
323348 429478 449
885943 589083 525
846289 378303 525
470034 59583 449
13266 541650 470
875055 94265 525
502512 257773 449
964986 223318 525
765378 822567 468
501243 464175 426
517325 923876 525
998182 200546 525
781839 633915 468
983070 911637 476
701314 322534 470
259760 815926 470
638459 858875 525
788054 326863 470
57662 380176 443
959688 457125 525
297778 723787 470
377006 953555 525
626167 342159 470
721921 996687 525
898309 150401 525
940383 756742 525
738237 292162 470
761568 962268 525
402010 251978 441
521170 908090 525
389838 90823 443
364626 5981 443
431990 836541 470
168830 64499 383
689471 221916 470
939779 973673 458
882504 30547 525
18856 365746 443
588188 284336 470
161832 124899 383
133252 386250 443
442445 326974 449
348681 118178 443
976265 304355 525
950014 86071 525
660840 51789 470
460479 803196 470
484488 115591 449
403667 107215 443
468859 441763 444
958283 17915 525
979283 397749 525
389594 459844 449
962151 328112 525
350467 497678 449
650003 556128 447
579535 862080 525
412702 701340 470
614776 579922 434
727019 547348 447
887900 465113 525
687129 464624 470
968266 74943 525
84996 569903 470
784579 491698 470
852293 386719 525
368495 950452 525
574472 760869 447
36278 901336 525
862756 180175 525
953010 568189 525
601327 449568 470
708416 445399 470
474620 880637 525
874163 460881 525
723628 768949 468
509616 725487 470
780277 953012 525
236281 887827 525
285412 675490 470
810810 118312 470
8599 800286 470
92214 657395 470
356918 678375 470
921001 680370 525
485100 600768 470
706321 954692 525
500815 828752 470
451711 395699 449
896609 649554 525
540891 162724 470
133946 769841 470
852137 379988 525
254973 629973 470
673041 915282 525
504123 898673 525
447067 904334 525
204321 490815 449
599143 869889 525
551509 940245 525
559557 351923 470
566444 855109 525
633782 939029 525
174105 484870 449
550428 470905 470
268787 136243 443
360290 967997 525
666892 289507 470
856605 536764 525
49610 787190 470
839888 97606 525
354145 393842 436
360319 287449 441
584836 358654 470
536468 300058 470
684449 351922 470
671216 744553 442
931132 291870 525
164037 826254 470
307966 130092 443
153404 283821 443
429731 621889 470
913865 552826 525
905459 472049 525
779456 568269 468
465548 17090 449
768366 467157 470
788628 781774 406
143425 207191 383
726114 830719 468
858732 778695 525
541271 825126 468
214864 254342 443
854853 90247 525
73374 394828 443
220811 800883 470
665928 908572 525
643240 600286 447
374174 749599 470
889721 582015 525
853556 30199 525
156371 584905 470
527604 223548 470
496373 177959 449
788768 336387 470
436475 545070 470
207726 642962 470
374842 718683 470
675129 388839 470
678898 257029 470
678110 596815 447
883200 511333 525
848388 737052 525
25093 87399 351
509708 559671 470
949840 970212 423
199333 830443 470
367140 50752 443
41701 58844 340
547330 470910 470
411892 562608 470
808342 285473 470
542364 374082 470
363370 429339 449
598522 561011 434
674415 873673 525
276972 508078 449
188354 156467 370
164890 585369 470
219802 180939 386
939778 416058 525
789074 289529 470
985906 648030 525
423655 141695 449
157108 732753 470
288110 850495 525
225128 719610 470
520009 165976 470
18575 485035 449
318416 232580 416
379561 133182 443
156672 593372 470
843479 528474 525
472652 665570 470
381898 50288 443
327376 869932 525
639398 696128 442
816786 960757 525
842228 602069 525
471714 873818 525
960009 897830 476
487495 586251 470
761231 568781 447
387388 65477 443
119177 658255 470
642897 373459 470
296908 710983 470
849307 388121 525
968328 832048 525
286152 405511 441
416867 115679 449
80075 94293 333
694163 484303 470
731452 888412 525
518208 170697 470
466367 924299 525
343708 174663 443
731942 55704 470
347013 30585 443
165773 312296 443
33765 133323 354
539098 407408 470
799502 687294 468
498597 545793 470
51775 67231 340
413089 834054 470
436874 8962 449
269165 54389 443
305139 584748 470
353665 426552 449
795848 360025 470
411174 253476 449
826008 477069 470
71094 22690 340
826972 666005 468
601598 618742 447
288592 344661 398
466677 791063 470
42696 36194 306
737703 917208 525
746015 307030 470
142389 403189 443
207249 307550 443
421685 770613 470
43739 784070 470
709149 594595 447
650376 123082 470
847466 976915 476
616594 587298 447
913281 165678 525
536932 407998 470
734191 265689 470
626455 809235 468
850671 723086 525
674376 356898 470
200940 413202 449
647571 249232 470
788170 712443 468
690211 295297 470
727195 892961 525
356609 364012 419
361762 543148 470
661381 28761 470
593603 487490 470
934419 981220 458
171042 856086 525
527668 542929 417
447537 537140 470
136572 264240 443
39512 234981 443
871113 167712 525
888023 751697 525
239670 666589 470
460257 912205 525
893503 568943 525
214541 760589 470
320511 864148 525
996505 269819 525
673941 180764 470
734226 827441 468
575085 903522 525
656614 186607 470
38542 942020 525
272029 404801 441
634467 54804 470
513024 531914 439
624279 449972 470
778337 454775 470
84631 107024 354
84688 357049 443
969017 894558 476
178607 711394 470
647206 94581 470
252531 585040 470
709759 386546 470
859521 310455 525
728221 692906 420
727457 249521 470
221138 542801 470
436233 462650 444
291858 771674 470
340438 583538 470
276190 441990 449
695185 95742 470
266246 843816 525
674215 509047 470
561434 313988 470
857076 641578 525
938335 398633 525
806150 327888 470
128295 576266 470
554476 393729 470
44877 357282 443
181751 665024 470
112891 80546 354
168642 111510 383
516532 138925 470
888398 964810 476
306233 683002 470
420050 796203 470
82162 75804 351
848823 91095 525
406854 501299 449
357190 815225 470
190305 165545 365
703843 831905 468
37899 471723 449
138134 800043 470
954893 398963 525
403908 359543 436
860723 69724 525
249432 993614 525
82233 151640 375
778970 946814 525
367005 307113 441
56853 973134 525
986264 377575 525
606230 490230 470
181427 369225 443
832502 923864 525
549165 593172 434
945261 640920 525
956944 505310 525
652855 889832 525
234297 889861 525
760078 594057 447
194675 35445 383
812224 677181 468
508542 463615 426
97648 837575 470
570438 587237 434
646208 335946 470
781061 399665 470
342397 410956 449
599991 925610 525
909640 396044 525
315500 700676 470
316241 474864 449
724959 988953 525
103576 283255 443
822672 796684 450
243661 242420 319
151536 994901 525
395841 590983 470
690761 25054 470
851357 572888 525
23941 729049 470
29686 133561 354
60064 818752 470
122034 778556 470
764699 379859 470
365061 956900 525
199303 591223 470
471807 445595 444
663761 533062 452
947062 732263 525
890551 556130 525
370806 319677 441
48483 188818 383
246063 208914 443
779799 970257 525
676475 557130 447
616520 914928 525
964063 651477 525
900170 537851 525
199112 892418 525
763656 499375 470
51807 437733 449
824861 964676 525
269183 522720 470
988586 715469 525
831171 242672 470
156797 900079 525
325931 760389 470
706706 62891 470
867387 484566 525
312047 755326 470
796825 754088 468
54928 597901 470
485590 958845 525
804049 136510 470
787368 829355 468
519551 216012 470
76268 835564 470
485646 880295 525
350798 249408 441
469228 383 449
584106 446232 470
455977 930795 525
357220 446951 449
925049 499239 525
824784 535792 468
589266 545852 452
231695 27775 443
149781 45590 375
524240 905536 525
892521 571005 525
80814 96923 333
888286 482515 525
224938 622724 470
149183 769426 470
977296 708218 525
341165 907324 525
453675 222701 449
555760 446116 470
422136 487909 444
203636 297849 443
795459 579283 468
308474 854612 525
253835 733246 470
351702 134155 443
767971 369208 470
346942 124535 443
524240 536742 408
7615 378969 443
641169 306406 470
711944 698204 411
110542 736914 470
466695 430081 444
596552 571907 434
224289 514650 470
82930 746288 470
717506 908013 525
870605 115135 525
441819 429267 400
97474 557431 470
537448 392242 470
776983 752380 468
101587 607417 470
333731 477817 449
895772 469242 525
751937 238247 470
504228 880239 525
746627 394290 470
746068 705644 424
817528 735829 468
547563 300973 470
652142 617905 425
540247 409786 470
107164 361416 443
366468 390056 436
916323 609941 525
46047 294928 443
347978 729504 470
786031 807284 468
267166 139860 443
300107 407430 441
444590 673895 470
45043 439320 449
498885 675984 470
778622 933160 525
558775 570658 421
496829 140823 449
588119 59693 470
117627 745419 470
329582 938744 525
244490 617489 470
991586 763899 525
964926 807663 525
128412 244032 443
917534 189278 525
644731 286606 470
795715 794305 331
493611 82579 449
46987 422105 449
430891 480306 444
773910 542873 468
139103 168873 383
745957 866293 525
140515 868021 525
991228 200815 525
181571 804853 470
652736 390047 470
189964 246755 443
666049 180223 470
480757 755485 470
343423 846243 525
619426 129137 470
134074 283759 443
237379 706677 470
671135 60820 470
139473 824050 470
712836 615069 442
243213 731308 470
738824 381031 470
245800 207015 443
772082 136965 470
427862 439161 400
462725 271872 449
671663 481105 470
592046 990642 525
596762 736529 447
933471 698927 525
697569 479200 470
841672 939245 476
504920 371292 449
31921 285948 443
87720 308323 443
758790 549026 447
660958 689226 398
6701 485430 449
672769 386873 470
364294 971399 525
505967 277345 449
970523 250467 525
848407 175518 525
292347 439174 449
861702 420041 525
522288 946169 525
509311 152530 449
68647 840233 525
792667 543818 468
952014 488933 525
187990 834358 470
918776 981953 476
276606 76386 443
735627 951826 525
418053 892195 525
438686 409632 449
327934 395908 441
276630 124387 443
591439 665348 447
709315 892223 525
468645 796178 470
101697 765101 470
829137 622168 468
687410 938643 525
691223 643509 429
967214 534869 525
634916 569338 447
954550 957941 383
308087 151113 443
583804 849696 525
351620 660295 470
156424 926605 525
332105 446751 449
915858 140938 525
689535 503562 470
714379 676301 442
282703 859453 525
263118 261343 407
846377 921780 476
641288 165299 470
562111 601056 434
581321 25198 470
988416 162216 525
543747 346904 470
796259 268371 470
748970 120849 470
112289 609523 470
142650 498134 449
784874 841742 525
737221 883871 525
557007 301555 470
894166 121962 525
955293 105800 525
889952 669189 525
685713 798983 468
543150 786368 468
464537 668149 470
771026 810402 468
506699 209534 449
691018 513526 452
344165 1833 443
285785 404620 441
253233 417589 449
710118 582353 447
332449 187291 443
33809 411079 449
191713 819970 470
586635 857754 525
288396 279644 376
99967 801818 470
177689 118660 383
524043 9813 470
332145 477053 449
740792 752704 393
729274 971244 525
389163 236207 441
106285 515948 470
673214 113072 470
637491 549879 447
332828 351159 441
802602 968909 525
922676 642285 525
383065 309526 441
167209 354168 443
848809 370979 525
437673 751476 470
879214 516280 525
331824 841829 525
399778 350176 436
927738 738758 525
309958 336533 384
530261 876008 525
27802 188016 383
631913 756185 442
83473 537777 470
369650 171661 443
256433 485794 449
974724 996747 427
170035 101826 383
584906 717571 447
832413 862428 525
316710 839676 525
344076 301222 384
679790 193297 470
880232 859641 432
256517 942348 525
99881 39631 351
66807 795595 470
333854 480255 449
191603 517057 470
260467 506988 449
37970 337621 443
290126 35386 443
94583 280950 443
549165 450188 470
148478 734164 470
178419 226321 386
712232 817396 468
643443 610093 447
845318 236224 525
891016 636855 525
644204 337082 470
480498 125644 449
422837 28188 449
268793 61873 443
8463 77093 351
834152 955851 525
637310 50902 470
586705 347949 470
650492 826296 468
432575 620461 470
562535 163919 470
933634 671760 525
103287 315270 443
136378 810051 470
518489 10189 470
631112 432078 470
755177 459083 470
946595 666369 525
155072 196498 383
85446 181136 383
932505 691204 525
862100 783670 525
22972 652912 470
717794 271135 470
854188 876809 432
855968 231845 525
213687 284528 443
866718 141694 525
665198 543784 452
490341 152121 449
900728 278791 525
807726 423996 470
6002 419695 449
939296 726116 525
864040 681683 525
284367 287440 376
824964 513003 468
439287 569023 470
329660 106052 443
195377 704556 470
390784 226821 443
436642 847710 525
706667 685348 442
332437 559986 470
711953 243476 470
951698 674516 525
53434 636090 470
313054 779290 470
820308 168166 470
929071 577523 525
355217 42288 443
103100 903383 525
625673 169997 470
593598 98091 470
945122 725153 525
773547 784354 437
298653 108673 443
81491 816422 470
650473 311347 470
385925 328484 441
388581 885122 525
866234 355962 525
496609 863057 525
151034 462208 449
133682 4351 354
748746 167384 470
50155 683187 470
255436 746833 470
670451 588785 447
431339 142972 449
733780 158935 470
277 317774 443
99309 330407 443
945021 362158 525
694495 757045 424
146943 74093 375
613535 119944 470
449653 519014 470
57499 534016 470
614104 294130 470
148540 341407 443
176507 832464 470
647614 774535 468
920665 102998 525
258486 70256 443
532742 490006 470
510358 621439 470
19164 467727 449
177295 663467 470
637353 925725 525
814651 810467 415
414130 645842 470
271080 479792 449
808090 483377 470
969218 873090 476
709965 263145 470
339018 718483 470
768909 265322 470
34702 420710 449
982845 446497 525
469712 614774 470
597473 218096 470
763522 373482 470
621198 687371 429
410060 480386 444
682232 755388 442
849518 247079 525
529270 361959 470
653671 327350 470
208619 469227 449
219392 860649 525
838335 83618 525
705851 63424 470
943889 730129 525
447999 79257 449
520050 313432 470
232201 497388 449
340141 227021 443
629509 454094 470
546514 904670 525
47847 642488 470
225034 747682 470
286463 873741 525
491544 506936 426
154339 56324 375
599759 750530 447
148777 589748 470
717704 5761 470
281258 205457 443
313767 528492 470
884695 229834 525
543629 423455 470
639538 93015 470
635802 15764 470
115759 661972 470
36151 956975 525
843567 637580 525
990774 538237 525
297782 822649 470
321787 78604 443
209071 541642 470
381985 58366 443
299904 872583 525
562099 875201 525
883820 637890 525
268255 715269 470
763722 293162 470
987469 51841 525
518208 951638 525
915474 710830 525
574549 786918 468
633808 275587 470
432697 967648 525
492116 842596 525
26825 95283 351
676749 785199 468
489193 839647 525
428232 234244 449
515707 96927 470
507835 442555 444
123371 530813 470
807467 64394 470
836884 799963 450
947249 651558 525
244978 123510 443
811638 344565 470
426630 91289 449
237608 820327 470
963145 786554 525
487378 47040 449
124136 356343 443
713354 292438 470
343757 138294 443
354404 133426 443
288158 332578 398
290277 922996 525
655872 993783 525
624929 284694 470
349996 809910 470
169700 725336 470
814275 734336 468
53750 383476 443
134850 41440 354
401848 264114 441
975148 787728 525
688540 49399 470
533580 977709 525
202952 720582 470
491919 957340 525
39884 778246 470
356894 687810 470
170596 805825 470
688301 588528 447
440579 485714 444
454008 580571 470
791856 947737 525
155581 810479 470
613745 506554 470
427797 289168 449
888760 427525 525
531146 341867 470
719254 349883 470
528481 332377 470
895580 391513 525
965322 598550 525
398039 761432 470
557859 915808 525
112525 914043 525
733531 91636 470
583783 893531 525
866147 486354 525
330325 537230 470
700800 354149 470
101549 633593 470
773426 903161 525
470272 963373 525
595664 884626 525
322851 391894 441
997748 338403 525
134226 825800 470
300485 845881 525
396729 899423 525
921928 271125 525
209124 713917 470
615215 507254 470
826338 816579 450
781044 187453 470
920533 878252 476
201654 668601 470
410583 203509 449
102693 850443 525
979761 291275 525
665203 554318 447
820345 152853 470
982017 252854 525
719073 989772 525
981174 915683 476
328817 135693 443
23546 616114 470
359529 874555 525
722668 329785 470
465482 861467 525
31868 48793 324
805990 393290 470
797058 933329 525
613276 702661 447
783188 727816 468
613814 782221 468
648116 79608 470
818449 985013 525
459776 715748 470
21771 792586 470
130801 656895 470
332670 694066 470
579357 777385 468
195715 77473 383
515752 56578 470
656899 398803 470
501459 808973 470
77546 664940 470
330507 29265 443
106566 443174 449
842768 743307 525
483982 193148 449
994491 917203 476
167575 706287 470
383500 44007 443
349683 833298 470
454790 1238 449
162675 482046 449
296839 152247 443
259251 76167 443
279754 950624 525
997731 279006 525
783462 499219 470
662647 807986 468
917456 613966 525
7413 591254 470
443190 947613 525
418544 351502 449
76038 639556 470
169844 941062 525
965784 775391 525
560154 397937 470
432971 663409 470
209743 744125 470
972935 565147 525
428063 5682 449
130274 53261 354
359584 798136 470
93459 612319 470
564596 91467 470
762704 446821 470
798304 445514 470
603744 715548 447
14259 89820 351
815966 572556 468
37096 711024 470
215481 462455 449
924759 706567 525
761959 91281 470
771815 965113 525
842690 374126 525
593183 942183 525
268106 446853 449
971533 913710 476
430099 521576 470
351809 810743 470
227779 964236 525
222764 965289 525
174884 477487 449
938124 430290 525
568873 683223 447
598897 275974 470
723823 716486 420
243568 410368 449
47539 666095 470
574374 23455 470
177878 827254 470
585517 712529 447
484118 767499 470
753135 710520 424
986236 149749 525
897070 409577 525
148316 104835 375
430859 548963 470
61863 700810 470
479140 19329 449
250622 717406 470
260545 224651 443
700566 501451 470
209398 338695 443
747042 152656 470
540950 594548 452
135637 669083 470
352594 953836 525
914140 967723 476
897432 116458 525
810059 887998 525
366796 852190 525
401442 384652 436
374710 62281 443
698363 121352 470
350058 812147 470
