1 10 20
100 200 125
201 210 89
900 1000 174
3576 3832 238
2889 5914 238
6465 1353 262
9262 160 262
7789 6310 257
6793 9651 260
1865 4632 238
8932 6839 257
9983 7494 260
1135 329 179
7940 3498 262
1868 3534 217
8361 80 262
3101 4577 238
7636 275 262
3585 6690 262
8790 4325 262
7367 77 262
704 9428 262
8065 5263 262
2528 2891 191
6375 250 262
7081 342 262
5422 3613 238
9212 4067 262
8355 8493 203
9795 8502 260
7159 1654 262
5779 6467 262
9684 9262 198
978 7133 262
8497 141 262
4292 994 238
6681 986 262
4884 1562 238
4733 5933 236
8119 4348 262
6739 3147 262
7343 9704 260
4935 3438 238
5848 1751 238
2555 1713 209
4595 4764 197
7548 1362 262
4143 651 238
5862 6315 262
9170 7870 252
1214 5976 238
5892 7349 262
4177 9745 262
3384 8867 262
8662 3932 262
5970 4944 236
8867 2512 262
4644 9723 262
8281 5966 262
2075 7721 262
9155 5557 262
4089 1555 238
8734 6248 257
221 2377 183
9160 5189 262
5797 7204 262
7577 6143 262
1494 1358 172
2521 1795 209
9016 2490 262
4852 4050 215
5268 7062 262
5717 8314 262
231 7393 262
3938 880 238
9828 3849 262
3054 5017 238
7089 4538 262
7421 9032 252
1706 7507 262
1435 9076 262
2691 3951 238
3847 4275 202
8866 8545 216
308 8811 262
3360 9320 262
6794 376 262
9911 3555 262
9102 6228 257
9178 8981 198
2102 6297 262
9785 6322 260
9277 5458 262
2464 3057 217
881 3450 217
6682 8939 257
6301 2285 262
7721 1729 262
1659 7784 262
7831 5179 262
4184 979 238
2362 5863 238
2571 8192 262
5863 7410 262
2168 1925 175
1164 5808 238
5345 433 238
123 4755 238
4101 1589 238
6127 3388 238
1061 5270 238
9042 6856 257
2843 6121 238
8527 9104 247
2969 7783 262
1366 5435 238
4014 170 238
5916 1786 238
6398 5533 262
539 5670 238
5578 902 238
9249 1438 262
737 2846 209
1530 1624 167
9566 3519 262
3718 711 238
6379 5404 262
2564 8057 262
8760 4257 262
8758 482 262
9043 9402 260
3693 8861 262
4711 9987 262
5229 4992 179
6550 3408 262
4733 891 238
4110 6716 262
6427 6294 200
203 1677 182
4196 5796 236
2831 4126 238
8744 1498 262
3699 1325 217
4181 7186 262
3798 9268 262
2546 4763 238
5722 9154 262
4467 7952 262
4635 4988 210
4741 8199 262
4985 1991 238
8184 8281 190
9153 9804 260
2448 182 183
486 1919 182
4251 5407 215
8097 9326 260
2803 9167 262
2380 6291 262
2120 9674 262
4072 327 238
997 2126 182
9215 4296 262
5347 9509 262
8151 3895 262
2339 6660 262
7790 2012 262
2706 6912 262
9027 592 262
3174 7118 262
6327 4678 262
211 5795 238
1875 9888 262
4797 970 238
9552 1145 262
8489 5420 262
8010 606 262
188 842 171
154 8512 262
6471 6458 169
5367 456 238
1733 1497 180
8228 1273 262
3429 3999 238
6432 4280 262
8240 80 262
5316 8914 262
6527 4558 262
443 7102 262
1060 5090 238
4408 3281 238
2094 3740 238
7787 1753 262
2023 7822 262
3652 1655 217
5262 2057 238
9242 6006 262
5769 5593 205
4594 1267 238
6113 7857 262
5661 9335 262
4302 6110 236
2766 7058 262
6462 3193 262
8181 3026 262
6579 7650 257
7459 58 262
7271 9796 260
5523 7307 262
2872 8988 262
2112 6485 262
2406 3167 217
5842 9763 262
3873 3477 238
9633 1679 262
1851 5645 238
8974 2865 262
6620 1378 262
605 9502 262
9564 9284 198
2668 5348 238
9879 1721 262
8784 8638 216
8542 4593 262
3261 5157 238
190 1284 182
2832 7010 262
2559 3229 217
6024 626 238
2286 7128 262
8798 4281 262
5860 4170 236
1242 8545 262
8526 3538 262
6849 8927 257
1216 8254 262
9187 2031 262
9824 3658 262
6937 1289 262
8736 7543 252
7580 9193 252
4738 8234 262
3568 972 217
3615 7436 262
1638 7701 262
7241 9445 260
7919 1656 262
9223 7336 252
2951 3964 238
8935 144 262
7841 997 262
6426 9034 257
8530 1151 262
8028 7305 252
9790 2770 262
7154 8882 252
9766 1846 262
4698 839 238
9296 7073 260
5848 9228 262
6543 8926 257
3069 5877 238
3147 9819 262
690 6248 262
2229 2545 209
355 8520 262
2592 3914 238
229 4383 238
4520 2627 238
3898 9594 262
99 2851 209
1660 8039 262
4129 4043 171
3788 2125 238
1779 6382 262
6093 7965 262
6162 8169 262
4191 2542 238
3737 3191 238
8357 3128 262
4405 6877 262
5697 9962 262
4975 4052 215
6566 9601 260
613 8293 262
8214 3996 262
2762 1301 209
5627 6321 262
922 619 179
9414 1286 262
8554 8592 172
1754 7747 262
985 9018 262
8530 690 262
1600 9736 262
9400 4890 262
3059 9494 262
1910 5209 238
1286 5450 238
6868 718 262
5752 7685 262
4657 5500 210
1370 9391 262
4566 1219 238
9883 7251 260
6673 826 262
9258 9728 198
851 9672 262
9712 2094 262
2363 3967 238
6814 9367 260
4158 4481 215
712 9302 262
3403 6087 238
5497 4067 215
1066 9239 262
1228 8415 262
3218 4056 238
4367 3743 202
3455 1100 217
3344 8328 262
1949 4846 238
953 1864 182
5956 2531 238
626 8527 262
7709 504 262
7648 3472 262
3198 5142 238
3024 9872 262
8761 6250 257
9450 3400 262
6572 1650 262
9197 6826 257
8242 7073 252
8290 6206 257
5521 1409 238
643 7142 262
966 5617 238
4841 1283 238
6159 6784 262
66 3052 217
5997 3578 238
8752 235 262
3087 6576 262
8440 2301 262
2745 3640 217
9631 1993 262
8282 5936 262
5326 867 238
791 8966 262
9416 5777 262
8092 6136 262
2394 988 183
8439 2415 262
8686 3663 262
3550 2728 217
925 6189 262
341 4447 238
2495 8674 262
9836 4266 262
4744 5812 236
2876 9510 262
8148 4027 262
2027 2750 209
7718 3370 262
316 4978 238
1740 5495 238
9108 4209 262
9607 4047 262
5071 6355 262
3988 4043 189
8886 6807 257
4678 8468 262
3826 8879 262
5989 3654 238
5117 1806 238
6563 2261 262
4628 4125 215
5911 5092 236
9917 1855 262
7041 5104 262
6870 8661 257
2003 6128 238
5514 3430 238
3496 505 217
6742 8777 257
2103 6369 262
9230 9482 260
8330 5383 262
8741 945 262
2653 9112 262
4195 2653 238
9835 5858 262
884 8810 262
5495 9406 262
7168 6691 257
3567 2106 217
3017 4472 238
5653 3845 236
4545 636 238
3512 7013 262
5689 1707 238
7748 4071 262
7142 8867 252
417 4244 238
6823 1192 262
2398 9797 262
3799 6864 262
8023 5141 262
6084 1326 238
6733 5470 262
9071 666 262
9828 8288 260
4376 240 238
2406 8264 262
2766 4393 238
4115 5290 215
9249 4770 262
6908 3950 262
3252 2293 217
3046 904 217
4414 3274 238
4991 7916 262
2049 1788 175
630 2799 209
8030 400 262
5264 9107 262
1720 7224 262
2951 3751 238
3762 7441 262
871 3859 238
9926 80 262
4056 2747 238
1872 3528 217
9792 4353 262
2184 294 182
4694 7141 262
153 7596 262
232 6523 262
8620 9587 260
5021 2546 238
1907 4434 238
114 2327 183
4804 3914 215
9015 3327 262
3714 7520 262
1526 6876 262
3366 9015 262
5124 8791 262
8782 2798 262
2246 4881 238
4939 8620 262
6504 1350 262
5557 775 238
9426 1551 262
3740 5788 236
9856 9126 260
8662 4038 262
7212 7859 239
4539 1801 238
8879 7876 252
4103 4695 215
8621 8262 234
6878 7026 257
5297 7119 262
1063 994 169
9027 9575 260
2216 6053 238
4898 1290 238
51 1098 179
7805 9128 252
9533 8630 260
2449 3694 217
37 7869 262
3756 5234 215
3511 9335 262
4832 4917 179
8009 8025 190
9908 5902 262
8516 9596 260
8321 9866 260
1603 8249 262
5859 7469 262
9200 5431 262
5882 2554 238
3177 2044 217
521 6537 262
2731 5024 238
2945 9440 262
278 7268 262
3259 3543 181
3417 4363 238
8312 7394 252
8943 4107 262
275 6312 262
3637 4982 238
9601 301 262
9056 5812 262
2917 1480 209
8154 9282 260
1005 728 179
6868 7119 257
1444 8675 262
4786 660 238
9088 80 262
7100 5614 262
8984 4732 262
8062 385 262
3897 7065 262
5229 4932 197
7750 2187 262
8637 4975 262
4346 7228 262
1709 8271 262
4785 6311 262
6442 9231 257
7049 7059 120
5326 5311 117
1462 5186 238
5531 9774 262
1498 3502 217
8280 1115 262
5238 4645 210
4059 957 238
9710 2001 262
204 7190 262
8621 9537 260
7882 346 262
596 7988 262
4437 5489 210
2394 2168 183
5437 882 238
6781 1625 262
7257 4761 262
2763 289 209
5560 4822 210
455 2763 209
6890 7080 257
5062 8874 262
9417 4330 262
2445 3850 238
2611 3756 238
4726 7969 262
4481 3039 238
6371 5719 262
7578 2897 262
1525 9091 262
8373 8529 203
7112 555 262
3311 4622 238
1778 3680 217
7205 3755 262
4284 1370 238
1597 9132 262
819 2072 182
4833 8665 262
9059 5872 262
3918 6512 262
7015 3549 262
5403 9842 262
6173 722 262
4227 2771 238
5102 9533 262
4406 1980 238
1608 3206 217
8000 9087 247
2126 7846 262
7141 2125 262
2911 4785 238
373 6862 262
8872 3488 262
7344 6127 262
955 2112 182
1513 5095 238
3149 4263 238
1667 7160 262
6833 3142 262
8586 359 262
3993 3923 189
6565 5348 262
6237 5397 262
6795 1209 262
9818 4420 262
1744 725 182
2016 535 182
4326 9984 262
1981 5846 238
7013 4984 262
8277 3730 262
9164 1726 262
257 1072 179
2934 2580 217
972 3530 217
6079 7871 262
1129 7176 262
544 8835 262
5438 2439 238
311 4162 238
6933 3720 262
1091 2171 182
4848 5125 210
8937 5384 262
5313 9342 262
5220 8148 262
31 8172 262
4786 6829 262
4765 3250 238
3909 724 238
8446 9952 260
921 2685 209
2553 3750 238
3707 9390 262
9179 7413 252
2173 27 182
1222 1651 177
2808 6294 262
5817 8932 262
8099 1921 262
8122 1236 262
6788 3916 262
7756 5767 262
6818 8363 257
4373 8217 262
1911 562 182
9076 2032 262
6161 5841 187
4797 9738 262
5552 2519 238
1847 4361 238
2892 1662 209
5515 3878 215
3491 6793 262
8996 6308 257
6418 7867 257
7402 1832 262
1225 467 182
2681 7271 262
6535 7216 257
7695 5134 262
468 9686 262
8153 5505 262
6590 3039 262
7643 1897 262
1832 6716 262
1162 5596 238
6749 162 262
5065 2925 238
2481 9506 262
9143 319 262
2589 9190 262
2060 6914 262
2333 1555 183
2436 6505 262
1012 4148 238
2304 6355 262
1556 8027 262
854 4170 238
3322 7464 262
2179 8007 262
5515 7662 262
8232 3053 262
7958 5662 262
7309 1178 262
963 4456 238
1801 2435 183
2941 6305 262
3568 312 217
1944 1010 182
8540 8891 216
2650 1656 209
8655 7712 252
3809 8594 262
7988 457 262
6637 5690 262
1439 3733 238
8410 9587 260
813 8102 262
6711 5737 262
2716 1076 209
7593 8342 252
1283 9451 262
2426 3444 217
3243 7930 262
9010 4707 262
8442 6262 257
9253 2836 262
1009 7544 262
7265 3838 262
5872 7021 262
7181 4586 262
4565 7030 262
4182 1682 238
4272 9432 262
3368 705 217
7273 8854 252
6404 4630 262
601 1855 182
6124 7075 262
6441 5470 262
7947 5402 262
7389 3911 262
7887 1994 262
3164 9888 262
3836 7289 262
355 7953 262
9174 4595 262
3931 6125 236
8919 6866 257
8498 7880 252
7316 212 262
455 6501 262
8246 5959 262
7809 9954 260
1389 7476 262
5054 6978 262
849 5875 238
8598 2343 262
2474 9282 262
8649 6134 262
4055 3143 238
7673 358 262
4092 6876 262
1624 1169 177
5734 3600 238
6003 9506 262
1092 8681 262
7340 3424 262
1897 9814 262
8722 9650 260
2900 1824 209
8091 8379 234
4953 1479 238
7977 4943 262
5337 8251 262
8082 2440 262
7166 9100 252
5984 7314 262
5998 5039 236
159 1426 182
2991 5494 238
1181 2371 183
2141 8822 262
3599 3360 194
1459 7993 262
6227 8374 257
5431 182 238
9444 5758 262
2177 7117 262
1376 958 182
504 6596 262
4679 4036 215
5247 9566 262
4236 928 238
6999 804 262
220 793 171
9096 9951 260
9224 6461 257
7022 1859 262
9244 7604 252
8612 6091 262
7319 9119 252
4163 3686 238
1060 9412 262
8875 4161 262
4355 4566 215
6760 428 262
6675 7801 257
7623 9688 260
1857 4124 238
4490 5454 210
4043 4757 215
7367 8688 252
2582 9962 262
9552 5813 262
7924 8307 252
2812 3683 217
8130 854 262
5758 9534 262
6209 4700 262
662 9015 262
5805 2248 238
6846 7406 257
2584 1403 209
8006 9998 260
776 2960 217
4514 8000 262
2118 4016 238
6338 7822 257
130 1815 182
858 7810 262
9866 1405 262
7063 4398 262
6169 7417 262
2662 912 209
606 4168 238
9978 2824 262
6039 2274 238
3583 8434 262
641 7312 262
8545 9988 260
56 9694 262
8758 4492 262
608 3568 217
3947 4595 215
3692 9399 262
6618 9252 257
7097 1780 262
4547 8992 262
9774 2403 262
2947 4195 238
2581 9392 262
595 7956 262
5214 6573 262
1543 8369 262
6435 7683 257
2045 3131 217
9077 1393 262
1917 4884 238
9502 1297 262
2488 5673 238
5214 8906 262
4450 8157 262
7598 3622 262
8525 6402 257
3800 1346 238
1337 3345 217
254 9399 262
5410 700 238
7151 5092 262
5346 5973 236
6533 3661 262
9691 1066 262
8674 9324 260
5124 9003 262
6868 7738 257
3957 5018 215
9767 4031 262
9017 2501 262
1705 2817 209
5461 9581 262
9950 1477 262
7802 8278 252
4957 358 238
6720 4008 262
8498 9034 247
2029 6765 262
329 3240 217
5973 4113 236
6074 2282 238
3818 9981 262
9368 2086 262
612 1075 179
8776 6866 257
6989 6575 257
3642 356 217
1648 9700 262
6131 2914 238
9226 3120 262
2558 3523 217
7493 8966 252
38 5487 238
1066 8357 262
7824 4036 262
7119 6865 257
6719 9814 260
7528 9278 260
4342 8950 262
5272 8894 262
1769 8280 262
6302 7437 257
5439 4593 210
1144 8642 262
3752 5717 236
8176 2198 262
2078 2136 170
3672 1050 217
3283 3119 199
5113 9513 262
7482 4200 262
2329 35 183
5220 7645 262
1046 6080 238
4096 1812 238
350 1289 182
7457 2242 262
2791 8431 262
8135 1530 262
499 4761 238
3777 3977 189
3267 6530 262
2126 5607 238
9790 6768 260
2730 3766 238
4067 841 238
7813 8797 252
4447 7729 262
9725 5551 262
2609 5954 238
4190 9621 262
6307 6610 244
6950 1219 262
29 9874 262
505 643 137
4513 1122 238
599 1987 182
8438 7058 252
3070 4503 238
761 2546 209
5231 1599 238
8043 9334 260
1897 2945 217
2190 2137 170
3460 3962 238
9396 1550 262
7013 8757 252
9658 5412 262
6453 9695 260
1010 8775 262
3047 6553 262
1994 6325 262
7293 4687 262
3412 6140 238
7494 9180 252
2699 6616 262
8562 884 262
7272 9287 260
9447 7565 260
6371 8853 257
9728 5317 262
1680 3222 217
7822 1089 262
488 410 142
8410 9942 260
8414 1268 262
743 2553 209
2125 4709 238
7685 6064 262
9638 5771 262
8748 8107 234
3029 7369 262
6244 3098 262
8813 2484 262
6970 9375 260
3328 4780 238
2076 7400 262
8766 661 262
4674 8266 262
1389 8888 262
9015 2925 262
6032 2283 238
6665 5727 262
656 6482 262
1254 2080 180
3014 3291 199
566 6333 262
2176 1238 180
2788 2819 173
4330 6019 236
3456 6445 262
8323 5910 262
1728 117 182
1969 7 182
7627 1862 262
3935 2007 238
5349 9212 262
4932 6543 262
6074 7581 262
7547 5224 262
9206 6512 257
9562 63 262
1868 1972 175
2974 3147 186
7808 9231 252
546 9003 262
3202 2111 217
3481 8004 262
9779 2615 262
732 4518 238
6191 1111 262
3479 2203 217
7311 9061 252
4638 618 238
2435 7562 262
7911 889 262
9085 2782 262
7403 5802 262
6669 4400 262
2305 4565 238
6330 4774 262
4205 5337 215
1021 4694 238
247 5339 238
6103 8604 262
9162 4570 262
1182 4036 238
4678 5085 210
6209 1550 262
378 6424 262
7743 7514 208
8264 5104 262
6584 153 262
2856 5812 238
9511 2268 262