87594 19292 351
95820 49204 351
60007 76471 335
9369 98354 351
66282 62937 330
93603 41789 351
92292 49883 351
47307 59413 340
38437 90732 351
24788 97240 351
88464 90328 315
27381 20698 308
16142 15948 235
97962 64236 351
91514 56007 351
75299 71603 325
37158 95459 351
71929 71118 325
85824 97165 333
76453 97650 351
39438 52105 314
1987 70055 340
29468 48081 324
38813 65645 340
62885 84256 351
90936 79952 333
649 51348 324
83647 18316 351
98903 16790 351
72797 97960 351
69563 6768 340
2227 64447 340
35564 6720 311
3884 90507 351
88156 37739 351
89844 80337 333
66743 43945 340
92026 8182 351
73827 12562 340
96818 47190 351
27141 36711 324
4410 4105 215
38772 27790 324
60931 4409 340
18720 37674 324
44441 50079 314
14525 88282 351
11354 63019 340
69878 66441 312
4179 31589 308
28277 74385 340
18330 10374 279
18556 11372 279
23933 26707 308
73896 8734 340
61796 37102 340
41206 17388 324
61529 82557 351
86965 79977 320
34002 22460 308
72538 22037 340
10318 94795 351
57813 3415 340
69855 38023 340
85964 44042 351
18427 74033 340
84407 30592 351
41963 36756 306
79814 19314 351
28047 65896 340
19349 53709 340
87448 89842 333
72398 76907 325
56883 48977 340
71436 75715 325
97751 7237 351
2031 60325 340
80091 24420 351
78795 76195 351
20237 49945 324
40330 81110 351
11701 38663 324
91770 24736 351
60401 53664 322
35911 71583 340
41643 88447 351
94640 55259 351
32165 29090 285
78066 83389 338
75455 5400 340
28988 65853 340
42530 73205 340
13977 47370 324
23564 22620 282
88917 9123 351
90232 43800 351
98814 29246 351
70333 1932 340
71947 6935 340
78517 30733 351
19179 7857 279
79468 36511 351
65601 30170 340
13558 27984 308
49735 60018 340
25871 89013 351
78569 78722 201
26091 84752 351
23723 92545 351
1667 66007 340
26158 12639 282
58236 8250 340
10182 41324 324
48258 28568 324
59300 82128 351
6337 26775 308
63285 94830 351
24999 85804 351
30139 45237 324
5255 54909 340
43921 96226 351
91299 47477 351
32228 22489 308
31386 33742 285
99748 55950 351
84941 49404 351
57654 25905 340
67228 43176 340
71744 67835 325
66314 31838 340
58612 47395 340
58577 72650 335
74805 38248 340
99837 99927 204
54835 4944 340
1169 21443 279
68919 98755 351
37596 92467 351
26208 17498 282
89799 68981 351
18384 42307 324
84564 74739 351
34267 76037 340
60223 51791 340
99980 22362 351
69756 26537 340
99186 58591 351
13191 44684 324
44611 73991 340
95286 29379 351
50821 99445 351
14552 96454 351
5272 19739 279
53588 52147 340
21127 47832 324
90138 43386 351
18125 55862 340
31899 74701 340
42844 52391 314
91104 8473 351
35009 42823 324
17766 77211 351
21895 34195 308
24537 47308 324
76686 66505 325
82301 19822 351
32627 43858 324
63596 13204 340
65350 54250 335
2081 17183 276
76920 2828 340
58690 8571 340
99623 95044 328
63786 6940 340
15412 42466 324
1641 54889 340
48452 50421 296
967 19406 279
83065 70346 351
53202 41855 340
61676 59750 335
3607 35502 311
48706 10654 324
81255 83554 320
17088 30407 308
33235 99688 351
8258 94007 351
5403 8276 262
15215 7880 276
66698 85540 351
56781 30626 340
97398 68338 351
87743 5232 351
75577 98364 351
40218 70807 340
46908 28778 324
80631 18245 351
45250 66866 340
50419 45688 314
92447 26505 351
26192 83858 351
77864 25681 351
33956 50801 324
58680 99618 351
85158 65522 351
96147 25377 351
10066 41938 324
47169 93545 351
8260 97808 351
84966 22745 351
67874 64830 312
83074 48225 351
15090 64856 340
26896 28324 259
71180 81860 351
82069 19342 351
61374 97371 351
64523 76285 325
75902 11681 340
77202 23202 351
64931 61059 330
2996 89700 351
99596 74996 351
89156 66516 351
5612 24208 282
89037 90473 315
55050 73485 335
54693 88462 351
33137 86491 351
68351 97940 351
33633 4316 308
18038 66771 340
43055 11358 324
23038 82560 351
22114 18957 274
80015 16591 351
22642 87044 351
78391 99363 338
65878 38590 340
62797 83898 351
74371 71490 294
61326 68185 330
56646 29420 340
15910 32370 308
30309 89783 351
10450 612 262
83735 80293 320
91650 28488 351
27399 26789 259
45745 31039 324
47629 49512 296
52907 42112 340
57826 86623 351
25212 31298 308
31547 40055 324
11544 4360 268
72544 22269 340
51688 89222 351
37943 45541 314
35323 83950 351
913 68252 340
48544 45773 314
90612 84647 333
27788 56546 340
87584 18010 351
83874 89884 333
31995 51565 324
38187 36780 306
84429 6172 351
46227 79750 351
461 15976 276
38244 74122 340
63343 73004 330
34896 6284 311
6585 1286 262
85889 70219 351
32343 23849 308
8496 50784 324
7329 39306 324
57315 52635 322
42518 94913 351
46477 41188 314
94320 74513 351
97036 1015 351
97116 78748 338
94723 43262 351
17384 97576 351
86931 49319 351
55602 80726 351
98363 21826 351
92044 78538 338
2386 603 183
51387 40738 314
80043 27233 351
79867 58715 351
69979 53710 335
94897 22385 351
13249 32807 308
33821 89216 351
84316 10284 351
53546 30936 340
44863 95390 351
44708 87281 351
84358 31793 351
53619 16661 340
95198 82721 333
83323 62014 351
2752 97584 351
41168 34709 324
9776 99146 351
52855 21035 340
43419 96106 351
28913 64104 340
69671 56667 335
66950 62733 330
10021 70338 340
65728 36847 340
24127 54883 340
86676 10435 351
43448 8485 324
7557 56646 340
18659 38645 324
52580 90879 351
41940 37762 306
53260 93748 351
31134 68067 340
64172 6114 340
86569 74552 351
47570 93084 351
72169 72592 263
42929 14519 324
67718 98541 351
69775 8656 340
35443 8196 311
16680 72802 340
29447 78890 351
33886 40588 324
31467 64458 340
18571 2818 279
12917 89758 351
74176 71830 294
77944 44050 351
18601 54699 340
64135 80864 351
53455 66170 335
97040 36303 351
51195 12736 324
21391 81109 351
89305 20969 351
93771 73185 351
52074 22336 324
62924 39569 340
4026 85960 351
5129 10742 262
16851 22597 279
94426 18045 351
62094 91026 351
45724 88721 351
85937 97046 333
79567 9858 351
62512 55743 335
68478 76606 325
57715 13706 340
51027 6221 324
79405 63371 351
85706 61149 351
717 31479 308
33790 48629 324
59370 21095 340
60043 38918 340
73314 76220 325
83597 70820 351
75893 35407 340
32452 29321 285
55530 61829 335
17571 12018 276
4975 34394 311
48099 2401 324
8621 79041 351
42411 15477 324
76625 4377 340
52207 44469 314
93097 93694 284
14788 2348 276
41265 68819 340
61390 74830 330
45649 30930 324
66336 44987 340
90659 21541 351
99721 15139 351
43508 46188 314
80581 33644 351
36044 48483 314
43875 45032 270
76860 61016 330
81744 2638 351
47106 69837 340
63530 33951 340
36298 56554 340
41724 78317 351
69498 93915 351
24844 3114 282
64452 31498 340
69391 7532 340
22670 55110 340
17649 85463 351
19106 66178 340
31012 14582 308
75965 71501 325
48868 91238 351
93875 52824 351
22660 30612 308
80914 57332 351
13886 2541 276
80857 33563 351
27477 55609 340
75074 66706 325
14556 68673 340
76204 39525 340
94634 298 351
85760 15225 351
81402 28635 351
43216 4866 324
92718 28765 351
20003 19180 274
88355 41586 351
88549 30229 351
87561 27367 351
29907 85814 351
19376 17798 261
89758 27116 351
93821 46853 351
15525 64832 340
4356 24728 282
25025 8080 282
23304 15342 279
43976 27137 324
48354 21058 324
66174 87191 351
22722 41071 324
99008 2528 351
32757 11076 308
54794 3908 340
89721 36669 351
54466 84701 351
11816 9097 268
72301 44223 340
9054 21988 279
46716 87825 351
12256 29762 308
45103 88092 351
15228 35559 311
72968 5430 340
92620 63581 351
4652 39142 324
41669 31693 324
59120 20011 340
23919 90777 351
27445 13914 308
98614 29991 351
39087 98262 351
42485 10429 324
48768 11387 324
15563 67890 340
14003 95483 351
99927 27818 351
79729 59105 351
64534 15154 340
95087 52696 351
91837 73505 351
5197 16090 276
36100 49858 314
40634 64317 340
78230 76370 351
6361 68079 340
66340 93195 351
19975 45447 324
73186 25176 340
9418 68742 340
64225 88748 351
32918 23420 308
98877 80503 333
95656 12646 351
81693 63410 351
53267 90742 351
6831 89882 351
39739 74815 340
39131 59283 340
35652 80372 351
64802 33712 340
43258 42012 288
3811 47494 324
72669 63232 330
31974 76996 340
82095 98438 333
21858 12550 279
93052 15012 351
27657 20734 308
495 5059 238
12153 25702 282
15583 70113 340
44928 35335 324
94617 55321 351
52044 410 324
50474 46621 314
4984 16846 276
80691 93731 333
73315 8794 340
2141 69711 340
68149 5288 340
34189 84236 351
99247 90006 333
27091 27240 259
48650 43256 314
68957 43937 340
14050 77154 351
12489 891 268
56211 58977 304
75738 23457 340
70077 8254 340
41451 26211 324
19942 91413 351
206 22141 279
91852 93256 315
14895 18699 279
2934 60000 340
66357 49083 340
92674 18532 351
61787 9799 340
70087 57675 335
34829 47095 324
47985 84136 351
59464 47317 340
87125 20547 351
45153 35202 324
61412 57202 335
64966 86603 351
25096 97705 351
7312 81523 351
221 33299 308
9650 38558 324
3992 3154 238
21686 76006 340
2156 96665 351
70692 99824 351
46919 72242 340
72730 5520 340
69188 11255 340
31802 32193 254
83746 56312 351
29865 76954 340
79908 61510 351
59214 94830 351
76353 5003 340
38301 82878 351
37787 76573 340
96079 47950 351
40307 41779 288
38443 34116 324
33939 58814 340
31056 9134 308
31005 97209 351
24816 20137 282
52329 192 324
56504 56617 229
49922 36075 314
13936 86368 351
97550 29829 351
51184 73149 340
72378 73902 294
66826 89484 351
53786 10165 340
68295 79256 351
13371 94092 351
52906 6737 340
32223 63662 340
77222 313 351
20449 79579 351
79771 2037 351
75005 89129 351
41555 52626 340
38993 24926 324
54755 55490 260
44991 52894 340
26795 5938 308
11773 17368 276
43884 9973 324
89228 65558 351
76002 12178 340
35267 2599 311
82612 45259 351
45571 83841 351
63419 59833 335
61870 82371 351
71499 59541 335
12166 36874 324
78152 13054 351
84895 67511 351
20404 49258 324
71547 29885 340
63605 47199 340
57171 83319 351
65229 7488 340
36018 46398 314
65348 41230 340
86488 87636 333
87828 47959 351
7792 48410 324
30780 51246 324
27139 86013 351
39238 18630 324
48035 39304 314
6814 17389 276
66646 32930 340
62814 27218 340
90768 38192 351
37863 26418 324
50258 64290 340
27039 3091 308
60672 2627 340
90262 8739 351
56697 63511 335
11920 78089 351
45686 80840 351
66852 59051 335
77680 72824 351
28480 22442 308
39830 25715 324
58644 35293 340
78862 22828 351
77371 37809 351
64227 85981 351
66622 15233 340
34675 30836 311
33462 93661 351
2399 95346 351
75208 40075 340
34515 75447 340
72639 87127 351
62529 80200 351
69376 39490 340
78283 40209 351
82275 97855 333
49499 34465 324
57292 57270 229
95078 28361 351
30693 51014 324
66247 75656 325
6491 97315 351
7327 17273 276
28971 56304 340
96378 26077 351
17875 4178 279
7657 30892 308
27444 90513 351
46355 70185 340
26745 96819 351
94673 24637 351
59101 9019 340
66288 44171 340
88883 16392 351
67406 61366 330
53373 35928 340
33242 50004 324
83628 59864 351
16167 56920 340
82996 12598 351
33128 28897 285
59788 17222 340
7735 40784 324
27320 3583 308
401 54089 340
78725 54065 351
63083 11425 340
71948 37826 340
70569 45723 340
23440 60830 340
13109 54326 340
20681 76812 340
36675 62702 340
19621 20661 274
33258 69194 340
14442 18968 279
36190 82737 351
23520 90581 351
94164 43924 351
14364 67192 340
21256 94564 351
22341 93088 351
47265 84338 351
30060 94288 351
55117 34186 340
4863 53499 340
46663 84578 351
47279 25544 324
46204 99689 351
85234 66900 351
2219 95813 351
78550 99675 338
90256 38408 351
98683 18421 351
1964 84419 351
95334 13046 351
22486 23219 269
23909 17674 282
11961 86102 351
20287 53968 340
23819 83430 351
68007 25150 340
67045 86833 351
86521 31637 351
98536 29600 351
41764 71755 340
71429 755 340
55514 36665 340
71438 78036 351
78806 54197 351
83594 73401 351
96620 74140 351
8165 6079 262
8533 20528 279
90847 36478 351
36259 28819 324
70320 31017 340
17849 20617 274
52253 53716 340
99667 20722 351
92476 67141 351
67895 41431 340
94447 80256 333
58292 39760 340
93956 65884 351
55637 37097 340
27588 93902 351
16332 52256 324
89135 52105 351
4934 24864 282
70035 96333 351
43702 41192 288
61808 40354 340
10422 77902 351
98623 30412 351
97552 10088 351
67870 7450 340
87706 81798 333
21558 62317 340
44552 45997 314
99445 31865 351
25766 188 282
68795 43385 340
95489 42098 351
83313 74281 351
86966 422 351
57965 53347 322
10053 30667 308
24920 36124 324
66535 20474 340
46913 23543 324
30992 80439 351
62236 31135 340
9803 18697 279
81045 145 351
32010 54354 340
70894 96842 351
40226 74127 340
32576 39688 324
30321 52066 324
52487 15889 324
85587 17286 351
64304 10451 340
46574 95639 351
32464 89223 351
29117 29460 272
9898 95729 351
26863 60109 340
95157 88486 333
88630 36665 351
7370 92554 351
89395 36991 351
27470 78263 351
17951 45972 324
98037 76397 351
8637 64623 340
81908 66875 351
77325 94224 338
6214 46211 324
51785 40250 314
86061 38678 351
50758 80902 351
57362 95959 351
796 77620 351
30636 68870 340
61423 5777 340
59120 38005 340
16268 67169 340
29492 2941 308
79337 50570 351
15192 27528 308
94402 87974 333
98549 97099 297
59661 88078 351
44679 21114 324
76143 11445 340
8698 30740 308
43050 26900 324
4519 66059 340
34929 60197 340
65973 51506 340
89511 12703 351
96224 41444 351
44384 5778 324
72699 25715 340
53243 23721 340
28046 87890 351
1340 63996 340
68426 42946 340
64059 77352 351
5148 13104 268
60195 40202 340
67101 13846 340
79904 19596 351
79792 87972 333
39477 31184 324
43887 62117 340
19912 45339 324
51116 56462 340
82176 64296 351
4368 40166 324
28055 51770 324
15766 32413 308
91710 45746 351
23097 543 279
29998 55768 340
95969 28245 351
42090 90193 351
26140 79422 351
67393 38345 340
85881 22284 351
752 23221 279
68560 46119 340
2580 20663 279
84958 36027 351
76193 84755 351
36525 89325 351
38089 20599 324
66345 68642 312
69184 29798 340
1918 89441 351
34037 99181 351
5725 97886 351
93659 92478 315
47175 31865 324
70500 77403 351
624 33055 308
95525 71251 351
91913 85535 333
21561 98104 351
99210 93223 328
98899 14105 351
34704 52086 324
37079 36988 262
83137 17400 351
6840 6262 244
21795 85054 351
99292 57229 351
49706 43871 314
92087 92950 302
70353 96880 351
46286 62586 340
50188 87328 351
72862 41810 340
56265 42101 340
51675 10774 324
24879 71827 340
40264 50573 314
3912 75934 340
93333 77343 338
99956 87049 333
72102 16524 340
73752 38102 340
81973 71393 351
80695 23458 351
36689 74059 340
52997 51047 340
38374 99327 351
57488 3184 340
61636 27587 340
38360 30105 324
1931 13310 276
63883 79590 351
55523 58546 322
52240 67794 340
71194 48855 340
81731 68548 351
6649 43296 324
31040 55482 340
95291 4973 351
79032 28086 351
79132 48332 351
47658 32028 324
51563 33857 324
77795 5145 351
35249 13199 311
26508 16155 282
95744 53531 351
12077 6742 268
74536 67619 325
32825 64316 340
49215 45729 314
5376 14555 276
70037 55864 335
60836 52768 322
80853 81679 320
30010 56219 340
4598 76337 340
26545 77667 351
99164 56161 351
69359 20692 340
36846 34412 324
4295 95866 351
2608 48941 324
32911 32723 236
97038 93495 328
55575 65736 335
80290 46253 351
18468 77303 351
46422 66678 340
64709 95655 351
51874 43626 314
36314 94718 351
72385 56471 335
12631 62859 340
83550 71548 351
22311 98341 351
94207 36747 351
2039 26605 282
59327 13166 340
23012 34950 311
17037 72717 340
35321 78586 351
72240 13678 340
96708 70140 351
65794 18661 340
62287 61416 317
56133 17667 340
90490 98600 333
77810 44869 351
32768 19472 308
17813 77711 351
30809 71431 340
98035 28371 351
41536 32848 324
84149 73714 351
62782 80899 351
59484 17537 340
31214 14454 308
84593 31724 351
50384 44273 314
5688 50386 324
84405 29022 351
27622 78173 351
23041 74894 340
94365 5431 351
99494 72161 351
43591 28529 324
56899 30302 340
63149 57977 335
31690 14786 308
95684 63649 351
81185 10823 351
25276 71520 340
19595 28751 308
73023 9868 340
76606 86330 351
15352 95063 351
73235 61010 330
52255 42973 314
64755 12627 340
84787 62971 351
91500 64248 351
94550 44729 351
2706 64750 340
95888 74050 351
54051 50747 340
61570 7923 340
79442 51587 351
80337 3197 351
13065 99036 351
85366 69712 351
64774 89670 351
67031 717 340
60041 38008 340
50634 19285 324
82255 41147 351
21747 51773 324
12853 90106 351
71208 32648 340
23049 15558 279
82657 67095 351
75017 77099 351
28686 60578 340
63774 54459 335
69846 9022 340
95085 76838 351
82859 71563 351
88631 59858 351
97865 66241 351
1877 48671 324
6170 64851 340
32975 484 308
90589 27916 351
60563 45827 340
77737 61796 351
45242 83611 351
60710 60393 273
20970 20259 256
91069 5747 351
31120 84743 351
77933 60914 351
32477 26205 308
86062 77143 338
43384 21107 324
86130 279 351
65129 45260 340
45743 92299 351
36566 14455 324
60281 52684 322
30831 97128 351
97090 38017 351
14761 76073 340
96331 74151 351
79897 35730 351
36825 87399 351
64664 11017 340
53573 14757 340
8251 13492 276
50951 39634 314
39912 67986 340
29598 53432 340
62082 21392 340
35846 75340 340
44375 98647 351
12126 96127 351
50495 75206 340
67630 9215 340
83366 65256 351
17337 63960 340
67710 63262 330
90630 54161 351
85269 48725 351
62217 44202 340
83836 93520 333
61505 29519 340
82950 40099 351
61491 7454 340
82794 45031 351
43677 13688 324
9814 43520 324
35077 55802 340
81368 76661 351
58268 2706 340
83017 64733 351
44347 75604 340
29765 50726 324
15803 34976 311
95530 15033 351
24904 78019 351
23889 79365 351
35815 2761 324
10214 6838 260
51868 13657 324
27345 9359 308
69231 11896 340
84049 53510 351
30170 4307 308
7013 65416 340
46501 88437 351
64041 90029 351
57107 90847 351
42174 10157 324
41541 72909 340
67279 37703 340
33419 82797 351
85557 91167 333
14356 85586 351
99242 12122 351
37833 82575 351
10822 26586 282
80096 7063 351
11369 94870 351
76637 26617 340
31406 34733 311
41114 39489 306
46687 11798 324
21954 98220 351
87480 88861 333
42915 79846 351
62642 71110 330
78628 76334 351
61919 48198 340
76672 92983 351
75557 61160 330
4098 14504 276
21566 2730 279
97599 545 351
27161 49286 324
84019 90587 333
46428 58566 340
70363 25132 340
39703 93114 351
81974 8668 351
88514 27182 351
98291 41241 351
17574 51155 324
15705 76918 340
86252 95844 333
73355 8728 340
23231 78160 351
80889 93804 333
94348 61148 351
10433 94839 351
1777 21509 279
96426 10803 351
52286 48204 309
41318 83141 351
91808 91988 209
35521 39643 324
80883 96673 333
64180 33811 340
27080 14808 308
10651 79884 351
4963 29683 308
7842 358 262
94161 28193 351
5692 5082 236
99920 88509 333
26369 32476 308
59631 1697 340
66252 22794 340
5934 11916 268
3904 7569 262
63564 14094 340
10766 39424 324
89587 44446 351
75606 74945 307
71180 33018 340
79053 2608 351
2965 76142 340
20686 86894 351
8328 13478 276
18338 42729 324
75205 8247 340
26295 44706 324
83851 34835 351
63102 92547 351
16467 89785 351
20230 67005 340
22781 80030 351
40828 30995 324
22292 28719 308
61736 16433 340
35392 93471 351
85965 40788 351
44034 38357 306
68186 23002 340
65731 52361 340
76959 86523 351
31228 57287 340
92121 3254 351
12152 15078 276
21214 71574 340
38579 44970 306
41352 57795 340
88790 61359 351
6429 82179 351
14963 27433 308
37255 68164 340
25304 50354 324
5062 39571 324
62573 85689 351
38049 73247 340
76121 28303 340
85589 31359 351
50964 23700 324
38778 94061 351
65634 63115 330
24437 76343 340
34138 20564 308
98274 65788 351
64318 39279 340
83063 4702 351
89218 95632 333
62337 20317 340
59888 14521 340
209 67399 340
56997 22460 340
67114 54609 335
85967 33118 351
56817 69054 335
79466 36931 351
16397 11946 276
4641 61451 340
82015 40833 351
22972 55130 340
10760 96640 351
17694 87289 351
82920 93822 333
14138 6911 276
21431 45257 324
29007 90377 351
29188 37991 324
8951 2355 262
51824 96301 351
81706 94917 333
48199 24993 324
53290 61171 335
22622 64596 340
21780 57930 340
29411 20988 308
33979 61104 340
48392 40170 314
50343 51672 309
58582 47664 340
9272 80833 351
71209 96364 351
50706 38278 314
56984 16749 340
13049 59656 340
54573 8808 340
33800 11107 308
72277 19123 340
83718 87089 333
61371 11250 340
48589 21850 324
82953 90781 333
47303 82568 351
34239 47696 324
95359 13997 351
94829 92821 315
5536 20982 279
75611 82390 351
99138 56242 351
15897 32595 308
41402 28538 324
39644 86821 351
5944 75201 340
78641 11921 351
39522 6013 324
27862 40011 324
47144 88111 351
70678 27166 340
91214 10798 351
24794 21268 282
14088 2924 276
23906 19623 282
2012 35976 324
92217 99516 328
32110 17501 308
46038 8113 324
11286 89863 351
81415 85682 320
97602 17229 351
23241 60056 340
16418 53475 340
41585 67455 340
94620 63561 351
90710 28614 351
49882 85833 351
88757 15504 351
51478 80321 351
16296 29014 308
28529 69841 340
87341 24864 351
49329 76991 340
66853 33378 340
19059 60614 340
77842 48268 351
8323 33012 308
86487 1082 351
68536 24740 340
4653 44423 324
73037 79508 351
81692 11714 351
27217 22918 308
3238 86800 351
15813 78694 351
48534 35886 314
60749 60694 242
37684 52226 314
85604 10077 351
70690 4536 340
52803 4662 340
54026 64883 335
65965 77477 351
2217 56864 340
1286 50852 324
46711 23221 324
34934 74322 340
13591 44755 324
31554 78503 351
73548 33181 340
69066 63719 312
24412 38434 324
90659 46166 351
72595 62095 330
82982 76262 351
97276 43284 351
24519 35785 324
13261 67653 340
24516 6835 282
57686 31829 340
71401 25801 340
16475 20749 279
65503 22687 340
1189 46417 324
79597 97056 333
77126 91088 338
29521 65014 340
11180 1537 268
79983 20180 351
12793 83774 351
43409 79317 351
15101 26420 282
94072 84279 333
91113 44713 351
92894 18587 351
60740 48799 340
69547 64294 312
86980 93566 333
39982 51401 314
48456 4520 324
95608 19579 351
84592 25582 351
43470 25128 324
61659 12123 340
12248 39805 324
19121 74452 340
17223 72009 340
56287 50573 340
11637 11295 237
46233 47400 314
12550 4530 268
68824 6972 340
537 98448 351
49848 72155 340
76675 40519 340
76449 14655 340
56588 88634 351
13761 77392 351
5867 16410 276
56214 91772 351
82575 18114 351
6474 91686 351
58610 99797 351
11091 62761 340
26512 70246 340
74776 57324 335
80647 55413 351
53860 59951 322
32105 97536 351
38054 20059 324
34713 25131 311
13764 30854 308
8245 91301 351
7710 43877 324
35648 14111 311
48577 80275 351
71960 18222 340
18018 71402 340
34162 46921 324
17166 45461 324
19136 77025 340
32437 91941 351
51891 99782 351
97317 2648 351
22706 348 279
25478 51722 324
82575 57419 351
65071 55594 335
99470 7172 351
37634 72780 340
69406 35117 340
69690 2562 340
73964 57717 335
4637 4059 215
49519 24477 324
1502 21802 279
30095 85006 351
84788 50290 351
52938 98337 351
98684 98456 235
66530 91995 351
49413 40514 314
96107 49104 351
72627 30835 340
3614 11928 268
47044 26613 324
29174 89371 351
47087 33085 324
37143 19489 324
43966 51723 314
89877 3014 351
4371 61819 340
28460 19971 308
18307 89158 351
3966 97749 351
89744 33343 351
73856 70495 325
35950 55508 340
86343 86314 196
98241 8577 351
51541 6308 324
95679 61636 351
94720 97066 328
16555 42765 324
10840 48214 324
67579 60520 335
38690 716 324
20686 71950 340
77459 67149 351
81250 55344 351
88686 81424 333
51918 70993 340
42852 62541 340
65206 87868 351
12796 29194 308
51854 63446 340
25081 80688 351
77753 47532 351
6648 36152 324
84366 94307 333
71178 17487 340
18202 51944 324
23893 26219 264
93368 55239 351
10583 1352 262
99127 90969 333
61961 99268 351
78161 51045 351
55264 4812 340
50358 43366 314
23164 84411 351
81450 2211 351
66094 64596 268
748 59202 340
69861 72741 325
6580 1465 262
53408 57390 322
83609 41133 351
96372 93653 328
11356 93328 351
84296 23306 351
38925 26834 324
94230 46256 351
67419 33437 340
93155 65845 351
50255 17776 324
36338 16318 324
80913 48056 351
7258 2431 262
91524 98012 328
99476 77118 338
34507 98103 351
39235 69236 340
79240 34467 351
27794 51958 324
75263 90595 351
33780 12089 308
74696 14188 340
63976 28010 340
93854 42115 351
76242 57130 335
73447 60461 335
8516 28932 308
31362 70712 340
68723 15773 340
9242 39237 324
37339 68199 340
37434 60101 340
94567 92926 315
44883 16673 324
23619 22361 282
50801 36498 314
67037 57398 335
85407 25497 351
83963 31012 351
88142 95613 333
56073 60204 322
5487 61588 340
32299 64588 340
96713 53201 351
92437 1022 351
85572 5954 351
82406 29776 351
22701 39357 324
56029 76973 335
15685 83935 351
20432 95999 351
53396 66485 335
