1 10 20
100 200 125
201 210 89
900 1000 174
1 999999 525
1 1 1
999999 999999 259
852831 862035 388
124422 895911 525
179057 634026 470
978854 979469 321
783330 841670 525
889258 906704 401
158402 964163 525
317002 725420 470
724409 985445 525
959290 983927 458
667465 955028 525
589327 709374 447
126042 650039 470
962761 990197 458
984110 998744 427
449328 897326 525
796771 966773 525
999263 999787 396
834100 957209 525
819436 867886 525
19686 176718 383
672350 712968 442
752916 947723 525
58189 749347 470
532180 640800 452
60331 632811 470
687020 718302 442
270509 342624 389
831041 944131 525
731598 995290 525
267341 669465 470
92507 244654 443
120915 355691 443
337582 745038 470
497333 753653 470
287158 320937 389
236861 567269 470
149488 212569 383
563743 835078 468
398324 790251 470
40648 547493 470
144151 671652 470
100346 658181 470
527961 880560 525
115677 789410 470
889925 999308 476
513181 539921 439
24996 367596 443
66807 306697 443
535239 613409 452
910407 917947 401
504242 721070 470
369106 951815 525
660459 984783 525
770737 866835 525
149853 870631 525
503462 902424 525
617989 740509 442
731448 984599 525
700191 711924 411
67197 657762 470
256001 287195 407
780303 884264 525
859621 968190 476
654266 815473 468
597990 882235 525
695291 892314 525
137641 277678 443
562339 709188 447
133317 635515 470
791898 980898 525
276862 659454 470
802968 821742 450
863197 956018 476
909720 924727 476
498760 698154 470
466277 885777 525
142069 606691 470
98512 767810 470
769740 896319 525
223048 290151 443
656050 835501 468
648368 956219 525
169945 574671 470
634745 882865 525
588201 649952 447
949537 958674 414
233369 879169 525
986000 995061 396
134561 172037 383
164441 292965 443
820208 860494 525
554268 703224 447
55436 128491 354
847798 849007 313
681047 926504 525
587780 778829 468
873175 880336 432
460315 944285 525
377319 485354 449
775657 929439 525
660679 970937 525
187225 858050 525
633641 743728 442
662969 711126 442
104152 601923 470
595039 747604 447
515002 792803 468
288718 351725 441
669090 937219 525
438185 836260 470
45407 238921 443
306179 353645 441
250286 710285 470
361765 454523 449
14463 996872 525
982726 994640 427
644629 803808 468
337525 397998 441
754542 974733 525
770214 893618 525
549715 678628 447
417148 952548 525
613518 862414 525
587176 738435 447
561836 895980 525
790341 989237 525
696720 984282 525
560553 698830 447
823619 834423 419
194745 707418 470
206620 474492 449
737360 866319 525
554641 583814 434
440505 772824 470
369919 630561 470
195645 988187 525
687582 885505 525
184434 298027 443
509056 799149 470
59281 80878 351
227975 599794 470
116991 695864 470
288816 661701 470
152584 765978 470
757402 768400 468
409901 497463 449
548597 698892 447
418456 814949 470
707965 959773 525
613027 632625 447
417010 660736 470
767668 853831 525
650122 816049 468
186211 592570 470
597885 655794 447
727126 783360 468
856506 940085 476
505095 515888 470
815388 981615 525
111389 945759 525
831075 865668 525
489504 904124 525
410831 467839 444
954405 997796 458
325972 921395 525
968826 986073 458
994887 997208 365
107383 936591 525
607717 830957 468
520840 542060 408
876319 944598 476
233910 489183 449
379865 795207 470
798813 946238 525
711947 991231 525
414864 464770 444
821030 980546 525
296233 729583 470
452479 729753 470
213383 892284 525
655167 973364 525
89365 887101 525
194936 937270 525
844076 917234 476
35276 731168 470
344896 377119 441
994826 996579 365
40865 799664 470
292193 390013 441
283254 626887 470
39816 964469 525
324308 985728 525
276888 922407 525
847740 895689 432
841541 850328 419
631920 852728 525
107713 509637 449
545467 690140 452
263357 375929 441
693977 906759 525
623272 694797 442
798135 863418 525
269167 544923 470
112471 874267 525
737131 829660 468
669003 753801 442
252146 480894 449
832335 946807 525
192306 725570 470
17002 268605 443
682017 768764 468
581754 660683 447
921502 934775 476
969742 987366 458
595706 664465 447
902313 914303 476
333318 903878 525
104226 709253 470
148563 811396 470
589943 733513 447
365158 811633 470
877428 993129 476
41976 438971 449
724053 975361 525
70316 572206 470
658449 866124 525
148089 325652 443
974960 992304 427
839747 951815 476
179778 333330 443
63461 669079 470
548634 590956 434
98267 678447 470
347271 372040 392
640899 676364 429
953010 975860 458
460442 487089 444
126772 719059 470
772312 985052 525
751543 945065 525
883190 942449 476
659872 831924 468
825341 910111 525
607370 952083 525
310113 926807 525
852128 987511 476
172624 628546 470
215421 521656 470
666851 898190 525
424112 857770 525
194957 486517 449
169967 569575 470
837244 841968 525
819023 910016 525
988244 999072 396
421599 655780 470
426847 946841 525
420117 769401 470
759007 859760 525
740265 961842 525
703372 786715 468
247066 848249 525
554349 993558 525
519980 973356 525
92846 815570 470
672405 841909 525
539679 723629 452
336011 573786 470
5833 758823 470
727568 947599 525
511095 736505 470
896769 984978 476
569781 869254 525
252557 649932 470
709247 912041 525
420350 525082 470
51593 180575 383
484136 552944 470
287607 797580 470
9613 154878 375
368767 726469 470
674490 833376 468
980463 980549 259
299860 637556 470
107948 464984 449
985625 986390 321
614595 704828 447
509659 968752 525
896525 967814 476
214346 828879 470
113465 239365 443
38018 963430 525
805867 938427 525
868473 873471 432
553879 951847 525
920071 940158 476
704099 966130 525
737033 749641 424
652487 792975 468
778651 849934 525
121779 232996 443
375460 549628 470
783094 895511 525
390535 599975 470
245644 479763 449
861455 927941 476
255643 267092 407
623882 772088 468
113554 932186 525
767911 776983 437
123879 527771 470
297288 564586 470
948059 952708 414
546451 878196 525
231071 653669 470
461119 961222 525
836490 990342 525
418383 940089 525
551800 612262 434
708193 896298 525
642264 767098 442
429488 761266 470
142720 494725 449
383603 568213 470
115069 643381 470
540866 631128 452
176314 810602 470
982399 993390 427
656882 798933 468
500123 905408 525
599060 887063 525
599061 854710 525
96264 903677 525
765524 829323 468
929050 988354 458
24117 628464 470
125125 314153 443
940282 998710 458
587994 670600 447
970985 974730 383
760195 944130 525
15009 273914 443
948668 992935 458
960035 989675 458
305649 438647 449
213375 246308 443
971251 998190 427
587074 793914 468
813886 845515 525
389392 746663 470
900616 963419 476
259916 589134 470
968173 974798 458
734283 736903 424
1557 55997 340
999364 999959 290
643933 835647 468
16713 387356 443
720022 989769 525
569901 980072 525
144637 404514 443
702250 723307 411
975839 993201 427
30583 931925 525
253851 672068 470
76218 522249 470
516039 788265 468
778046 828739 468
796676 852235 525
928707 991965 458
387766 401296 436
291266 877610 525
361875 618930 470
451283 887085 525
625902 872482 525
81639 394086 443
200205 510098 449
742061 999952 525
192901 690169 470
802144 815889 406
85012 823057 470
719075 722595 411
56990 440695 449
75806 433798 449
97876 802642 470
301484 670385 470
49737 222940 386
366360 605386 470
885114 967024 476
433970 519432 470
805163 856800 525
132964 419627 449
920211 943653 476
901723 962134 476
649913 682566 429
586028 748678 447
702751 800170 468
911776 941921 476
787672 965378 525
592623 746389 447
626171 924479 525
100979 370613 443
500877 930026 525
667677 842922 525
454683 883304 525
971763 993345 427
378901 930047 525
531092 903016 525
963959 974863 458
753865 943581 525
774290 821964 468
411094 421422 387
320684 882112 525
343565 844375 525
787245 895964 525
130611 364041 443
202828 492648 449
281496 407087 441
83442 915418 525
26125 463186 449
495528 563988 470
695962 837975 525
761392 922500 525
917436 935781 476
636679 850778 525
760725 866046 525
302966 743310 470
671932 752311 442
331897 514100 470
494578 739235 470
364288 751694 470
388419 796786 470
410228 571934 470
664565 930850 525
794133 908623 525
863273 983787 476
50007 366928 443
145538 554037 470
803075 953529 525
795599 902458 525
468533 706102 470
335827 946061 525
649002 802335 468
138297 847760 525
439718 869354 525
132091 742552 470
553283 692331 447
108355 545997 470
680641 957891 525
526006 972422 525
816717 876772 525
632425 795943 468
230927 999219 525
101265 826809 470
265549 567278 470
422633 938288 525
438161 865978 525
581439 871744 525
225222 430403 449
452816 689087 470
58011 794131 470
107546 526916 470
193147 768241 470
336791 390272 441
279531 506946 449
108780 939282 525
261682 644904 470
997970 998826 277
194106 530832 470
470643 839309 525
128619 843641 525
63589 348675 443
340753 499248 449
201808 576851 470
224886 428454 449
616986 957312 525
481009 627644 470
954359 992199 458
87776 714257 470
297852 419663 449
683399 972305 525
561615 737215 447
612922 902978 525
253017 638643 470
130470 383192 443
223592 685184 470
229358 355725 443
109345 179552 383
800648 979443 525
92186 871908 525
359390 586638 470
965443 985512 458
322675 477806 449
786514 947356 525
748632 794854 468
380384 512454 470
852147 981945 476
803421 805965 375
381454 427506 449
475305 516733 470
777680 801955 468
878939 899352 401
733209 809742 468
557716 586199 434
428475 592016 470
103622 305786 443
52997 363958 443
128518 666669 470
725595 986723 525
997932 998672 277
219360 590134 470
738206 872390 525
895984 912176 476
813475 921253 525
466169 555859 470
921404 945980 476
951289 983543 458
41674 856076 525
937118 975523 458
357846 941165 525
622814 998804 525
483555 584816 470
594607 689923 447
483075 589201 470
839402 985592 476
262622 928299 525
482435 914555 525
3640 763924 470
636850 898347 525
847399 858567 388
721609 740760 424
159189 953566 525
595437 664078 447
490996 701875 470
904694 973786 476
117875 936213 525
516400 949584 525
492167 657859 470
746544 900912 525
591626 896366 525
68731 376871 443
335618 386382 441
947837 956600 414
614324 765285 447
564390 949877 525
78915 154243 375
232776 995720 525
438597 929527 525
853064 933407 476
319140 386933 441
433404 529755 470
675900 700940 442
566845 838322 525
694537 825730 468
310388 311149 371
129732 267944 443
590706 680938 447
154692 213750 383
523762 559262 452
253307 450735 449
686438 723112 442
167375 281317 443
796980 943469 525
800669 858998 525
655670 757548 442
620977 907470 525
853797 987249 476
34204 532524 470
291900 903265 525
428559 465704 444
149832 430352 449
801682 984433 525
641958 735638 442
742850 982442 525
769362 967473 525
902423 925947 476
774050 966769 525
251082 609065 470
112706 141467 349
424869 870021 525
332590 684853 470
234405 642266 470
160758 171124 352
156773 384653 443
649251 935327 525
948657 983902 458
170569 626198 470
744451 831030 468
75173 154569 375
411611 829402 470
629519 992344 525
8948 81067 351
501056 910564 525
866386 962225 476
175522 775579 470
714685 954984 525
739819 899107 525
31517 613263 470
976802 999491 427
130094 561003 470
560833 776135 468
745266 987406 525
757212 789166 468
919949 962380 476
685174 819095 468
765067 971629 525
251645 579580 470
265537 376126 441
978150 986113 427
292566 940138 525
381014 818289 470
621514 813573 468
408349 974304 525
260549 562302 470
847386 895996 432
187233 865296 525
81693 270342 443
540108 855470 525
167250 890071 525
995539 998398 365
804530 930511 525
4719 553967 470
384517 763026 470
503445 801713 470
181513 405014 443
822485 923304 525
834752 935678 525
706825 787909 468
212050 538335 470
438612 984954 525
368260 862295 525
95196 433847 449
713367 959574 525
457239 468729 444
382023 681675 470
212845 824932 470
668703 718188 442
35101 976667 525
859142 864717 357
199024 381027 443
775955 913388 525
459039 460204 307
369292 709299 470
442605 518570 470
55079 830623 470
295203 796575 470
644851 924915 525
405566 822400 470
361802 649349 470
869883 892767 432
914744 963927 476
744837 786501 468
50716 218610 386
870185 976197 476
651657 863307 525
93509 821331 470
832605 843793 525
537370 853503 525
768200 843367 525
250086 256509 363
78819 227121 386
266497 484580 449
583674 813980 468
68430 582065 470
439798 640351 470
423046 658404 470
75537 404668 443
41198 58404 340
665365 820091 468
840558 956126 476
28252 744218 470
426075 544937 470
941123 957005 414
772883 984521 525
697117 963245 525
776753 816709 468
888347 984645 476
40427 100545 351
515774 709725 452
909579 960296 476
613994 948732 525
731908 899163 525
193519 772138 470
661974 885140 525
842952 887936 432
101395 720041 470
272134 974536 525
280188 936551 525
216438 732188 470
235018 655762 470
841849 858525 419
911633 929093 476
298443 803361 470
652531 801429 468
652201 920424 525
470993 795399 470
696372 834857 468
256003 366327 441
295906 381556 441
99502 398589 443
972551 983539 427
941199 980647 458
492514 740988 470
543222 687244 452
700031 794913 468
746826 964370 525
753493 969588 525
38864 762129 470
99117 951816 525
632597 953495 525
871521 925369 476
714609 795590 468
180299 453020 449
849173 872325 432
744149 946987 525
88624 313404 443
214811 474275 449
391333 411812 449
15629 161408 383
979375 988097 427
655740 768823 468
210315 721641 470
900586 957957 476
29551 45209 324
340675 906048 525
702078 980977 525
339346 537939 470
89364 892909 525
921103 978436 476
485309 613722 470
327108 820903 470
905177 939076 476
984285 993115 427
636325 725251 442
857798 906188 432
915846 947514 476
260094 360562 441
357575 695793 470
428298 837240 470
471894 980994 525
638318 883680 525
522288 882437 525
459907 813458 470
461530 781270 470
461174 695655 470
659869 909484 525
311251 351007 441
152768 451089 449
701291 731319 411
724962 826909 468
780502 866537 525
42315 358148 443
187189 509053 449
427694 541808 470
124642 212464 383
639608 699570 442
996267 999944 396
993391 997591 365
659653 923284 525
408316 535580 470
499598 560786 470
967179 967248 308
947889 954932 414
537827 707351 452
313304 941158 525
82159 868759 525
427504 919685 525
823684 854434 525
588083 937243 525
269446 370811 441
93728 170994 383
698612 865087 525
651421 746445 442
604154 671540 447
502884 985883 525
374764 994644 525
6326 873466 525
353516 752971 470
937438 941116 445
132947 934857 525
85881 774531 470
321611 382496 441
43991 309149 443
26113 620044 470
964730 988644 458
369765 479546 449
636039 773280 468
652012 877093 525
436548 521392 470
332496 579840 470
639409 721937 442
193919 233508 443
480870 739854 470
545973 792742 468
350713 950465 525
628497 850387 525
163119 873550 525
859229 893719 432
277756 887144 525
856335 865516 388
438446 941052 525
307998 647496 470
835744 985694 525
523355 895042 525
163004 724429 470
596811 738618 447
84242 128022 354
470284 960982 525
855533 870374 388
157100 182964 370
507258 716373 470
72525 894231 525
397636 994766 525
827354 986648 525
562405 803901 468
214243 968201 525
912897 930563 476
135945 599391 470
355038 550233 470
278168 833114 470
522988 657084 452
758073 769016 468
329329 990185 525
326552 799118 470
543166 721535 452
965334 988603 458
310701 495512 449
598932 931745 525
950092 974387 458
789752 803484 468
582599 690928 447
558772 924835 525
631631 956401 525
183669 462614 449
935516 957315 445
983783 993083 427
11323 910772 525
672723 819351 468
787300 868730 525
13626 230917 443
129464 339976 443
871203 885133 432
541144 956264 525
643940 940665 525
158241 573391 470
757394 918101 525
321322 457918 449
887053 975106 476
630131 693495 442
791098 947209 525
106580 167537 383
707434 831261 468
366772 795831 470
796339 980978 525
67260 800460 470
883910 990411 476
209783 236054 443
29318 909377 525
604583 633300 447
150831 335952 443
175505 368918 443
5013 740900 470
189190 547394 470
326848 863501 525
582404 857483 525
465403 488337 413
600870 976628 525
652643 971240 525
32884 748455 470
338083 957943 525
582604 815102 468
227894 799262 470
870499 898295 432
656138 685512 429
239359 742706 470
262969 997082 525
879089 951009 476
188445 296403 443
735779 939430 525
842275 907035 432
542101 619584 452
964159 982662 458
976736 988681 427
33883 610780 470
138369 790568 470
965932 968541 365
990870 992484 321
474009 824231 470
314888 753571 470
13526 810814 470
679640 805260 468
5110 370474 443
547625 814523 468
262752 667580 470
442997 743249 470
552802 639296 447
78168 688326 470
804287 884952 525
947731 959347 414
189523 588929 470
497011 745063 470
562693 684769 447
965620 991065 458
251771 491232 449
133547 266670 443
68078 753306 470
775937 957321 525
452982 692639 470
808345 850459 525
701120 823414 468
100475 942705 525
165534 681321 470
305027 742047 470
696775 939798 525
919147 978088 476
433057 512510 470
127103 166937 383
532792 688994 452
800350 828508 450
818198 852675 525
719340 979181 525
326238 686827 470
572648 614173 434
891157 963412 476
353784 481439 449
514546 990015 525
262996 417773 449
20770 761549 470
307288 652354 470
407183 917346 525
231570 481822 449
142609 632988 470
790420 832593 468
159852 857425 525
344434 639587 470
347521 957957 525
326873 359425 441
345194 382328 441
842634 874728 432
459199 736575 470
928020 932328 383
572304 694627 447
289958 521353 470
250852 496709 449
458996 751687 470
541931 569812 452
611475 964616 525
588726 910050 525
50721 451983 449
515046 587005 452
771101 996250 525
584163 709871 447
276510 912861 525
419549 803172 470
78827 805668 470
786091 968808 525
82439 223934 386
723189 810437 468
466860 770628 470
552288 819392 468
137405 812518 470
760361 944481 525
328848 342553 366
445 158000 383
351785 976506 525
416235 996130 525
677440 858859 525
359005 439321 449
802910 930010 525
943784 955776 414
442868 711914 470
112949 615936 470
201039 205938 355
217546 999069 525
708826 880856 525
71159 640214 470
331286 610183 470
912588 978438 476
561842 760541 447
369648 618936 470
614968 850969 525
937888 997450 458
16437 473427 449
468936 965991 525
48101 801310 470
950493 962194 414
170781 970784 525
404016 924726 525
295252 693495 470
930079 963975 445
346160 598650 470
901806 931861 476
16437 473427 449
468936 965991 525
48101 801310 470
950493 962194 414
170781 970784 525
404016 924726 525
295252 693495 470
930079 963975 445
346160 598650 470
901806 931861 476
