1 10 20
100 200 125
201 210 89
900 1000 174
1 1 1
999999 999999 259
21794 31244 308
6608 9252 257
11647 17432 276
7208 9535 260
3264 3497 181
23243 27649 308
22015 26841 308
189 16100 276
19812 30648 308
9523 19851 279
24474 28633 308
27200 29891 272
9990 19854 279
4919 25697 282
17780 22578 274
12931 32544 308
3340 13487 276
899 22525 279
5538 8483 262
6193 7492 257
25011 28252 308
1560 15834 276
1840 31497 308
2785 18529 279
18805 31540 308
13392 28791 308
13210 13549 276
21578 26979 308
9277 30971 308
73 20193 279
1620 21497 279
13826 31276 308
6582 19790 279
11159 13578 276
20418 26489 282
159 3449 217
9072 12924 268
10380 27008 308
10208 27967 308
6477 18503 279
15370 32607 308
12074 14196 276
12611 13722 276
19019 28761 308
11056 12890 263
16683 31163 308
13716 19932 279
2741 25452 282
4954 6813 262
2862 10396 262
15460 20615 279
2599 10904 262
4680 20136 279
9198 27032 308
14387 32584 308
3517 7240 262
8670 17006 276
241 18882 279
3523 25249 282
12105 31758 308
17095 29621 308
7296 9916 260
10178 15678 276
13579 25058 282
12750 27577 308
14007 23729 282
2995 24081 282
2678 24676 282
20899 27753 308
11784 15565 276
3093 13608 276
6172 11243 268
7514 29929 308
5055 10168 262
5973 11191 268
6748 8922 257
5651 10986 268
2144 16446 276
26517 31577 308
14629 29916 308
5874 15791 276
15469 22912 279
8146 30693 308
9091 9815 260
26857 26949 246
20640 26052 282
236 8551 262
9487 31226 308
16955 28162 308
8394 23183 279
16097 30180 308
3065 27065 308
2513 9261 262
12578 21078 279
14140 16878 271
4611 31947 308
170 2445 183
13489 29975 308
6149 24750 282
3333 13865 276
17282 22214 279
27007 27432 259
8896 16367 276
4882 28522 308
17641 31810 308
2187 7231 262
6479 6705 244
6321 6538 200
19447 31351 308
9646 24208 282
22276 25759 282
30189 30422 241
8486 27666 308
2028 3455 217
4860 29614 308
11777 29253 308
12503 31348 308
10861 22431 279
12455 29082 308
14197 22106 279
8752 15821 276
17296 26281 282
24455 26021 264
15947 27124 308
9135 18318 279
1774 11376 268
24998 29859 308
9253 12074 268
6922 10635 260
1643 28888 308
8153 13232 268
4747 28680 308
19926 25678 282
6450 14801 276
14199 24961 282
20855 26363 282
5716 10573 262
23245 31561 308
6473 28274 308
1550 24353 282
1181 4287 238
2699 18110 279
17465 18643 279
2529 7172 262
2112 9981 262
4381 13476 276
8247 26890 308
8805 16671 276
30032 32372 285
3989 9320 262
15431 23165 279
9658 11293 268
17206 26578 282
2206 16948 276
18166 27171 308
3396 16697 276
23694 31020 308
14788 15529 271
17984 30109 308
11969 28978 308
4015 21617 279
3684 16626 276
9168 17906 279
12097 25928 282
24390 28118 308
11785 15199 276
14486 19199 279
12420 20710 279
15813 18271 279
6085 27415 308
318 3580 217
1331 7267 262
8387 13444 276
14507 23186 279
4360 17827 279
26431 28074 308
7152 30271 308
4693 10268 262
337 19885 279
17604 31311 308
406 12677 268
7768 29022 308
5000 19413 279
542 17537 276
21388 30038 308
7355 13289 276
3181 31647 308
13093 16584 276
10761 10987 268
8217 20493 279
9501 17482 276
15665 29447 308
10753 22104 279
15084 19095 279
13525 30221 308
3964 21781 279
4872 8106 262
3343 3656 194
22593 27080 308
14868 16080 271
13713 21411 279
3251 20968 279
12079 27216 308
17040 28768 308
12933 31531 308
20663 23779 282
12259 26653 308
2095 27936 308
11874 24365 282
7720 26835 308
8976 25680 282
5725 18455 279
4071 24808 282
9156 13559 276
5602 17832 279
7905 10440 260
7375 21562 279
21962 22885 269
1836 21080 279
10797 31202 308
10080 10508 255
5340 12076 268
9058 31493 308
7740 8546 252
20474 24773 282
8880 19097 279
11072 23335 279
707 23400 279
20666 22955 269
4141 23588 282
12481 17168 276
19396 28315 308
1009 16225 276
18136 22012 274
11455 18762 279
742 25043 282
21 17922 279
9248 24512 282
26018 27368 308
9714 23717 282
13290 17650 279
3335 12759 268
3169 21895 279
5303 22640 279
21979 24199 282
24791 29105 308
8681 18661 279
3652 8753 262
24033 32029 308
7042 15987 276
20083 26253 282
11420 15814 276
12244 32718 308
7229 31063 308
18864 20652 274
4769 30470 308
15005 21047 279
1594 21487 279
3276 24326 282
6540 21323 279
7679 23990 282
24710 32588 308
17945 29271 308
28470 29221 241
20183 23589 282
4978 23955 282
5006 24779 282
13262 20135 279
23487 27196 308
2088 29033 308
12935 19779 279
14790 15993 271
18965 24962 282
11001 19105 279
11807 24567 282
2669 3134 217
1457 32671 308
3545 12998 268
13597 14218 258
8838 14844 276
7372 8563 252
21028 29264 308
14723 28801 308
7604 13490 276
24227 31601 308
11197 23692 282
19771 20363 274
22363 29301 308
3565 7721 262
17421 23445 279
495 18610 279
15022 16741 271
29151 31812 285
8055 23015 279
3393 8738 262
15279 19882 279
