409301 556643 470
884213 580197 525
242201 549336 470
810669 11965 470
596346 125430 470
676179 301608 470
762532 747409 424
166845 729816 470
207884 10621 383
997702 743678 525
389865 145018 443
730355 137883 470
342555 660186 470
475098 386553 449
707137 761883 424
642094 734881 442
621637 700503 442
289996 457570 449
159410 525381 470
35415 770202 470
811520 813569 375
932922 239997 525
845072 817699 525
212845 184030 373
237731 134767 443
272863 465823 449
288051 436144 449
859480 305337 525
931942 18873 525
946724 202738 525
257463 939248 525
421969 842899 525
703353 271933 470
322565 895482 525
951078 601336 525
31989 954506 525
575855 196683 470
540543 471702 470
109036 448214 449
603128 429511 470
282385 49160 443
385458 672482 470
874195 96617 525
980068 269879 525
757878 754169 362
994804 17699 525
465534 370102 449
268986 204886 443
822221 977247 525
656245 66362 470
981011 914007 476
728073 924639 525
494617 900797 525
198402 882087 525
896282 282167 525
847079 67552 525
630760 302038 470
728884 863875 525
75687 218017 386
494791 246951 449
824234 780432 468
723439 352333 470
361915 102751 443
263346 651964 470
763540 232238 470
720157 671511 442
60741 793193 470
388293 7832 443
486156 919860 525
122617 516494 470
887261 322029 525
873305 930832 476
221036 733632 470
865887 846925 419
190009 183063 360
698446 962929 525
760955 493710 470
949288 696593 525
519379 174154 470
240900 821350 470
556112 389713 470
89820 559267 470
856757 20484 525
287078 648205 470
970380 905783 476
163 260907 443
70752 250818 443
264989 295336 389
391632 828710 470
45157 478427 449
416959 49408 449
575805 929530 525
137535 186786 383
280670 315158 389
147638 56209 375
153501 493272 449
348220 217033 443
128748 593172 470
547725 338042 470
631507 806176 468
307235 708478 470
192977 772614 470
963580 3384 525
745241 342261 470
882188 319114 525
967936 658208 525
640881 183422 470
849467 968226 476
26492 714214 470
446666 303092 449
438065 352042 449
679354 177879 470
533605 623656 452
880059 770131 525
731719 207393 470
734162 607879 447
485181 165901 449
192061 660872 470
80347 587703 470
912448 869939 476
84538 36297 351
804613 572294 468
462887 143986 449
277711 984665 525
816845 407358 470
876221 891511 401
158421 742299 470
83368 952160 525
127437 638668 470
208068 588579 470
583448 818217 468
435981 244574 449
59667 144084 375
321579 917571 525
653157 156164 470
225630 255742 443
543687 13867 470
461334 186072 449
483086 816276 470
202346 993076 525
277592 239431 407
527244 3246 470
497585 181435 449
327508 546852 470
392301 638331 470
189895 666646 470
261478 347137 441
779107 122065 470
341608 827181 470
692960 597900 447
601344 326857 470
239785 668004 470
708789 840123 525
96593 987454 525
832811 795558 468
346562 390691 436
871185 240535 525
965712 58508 525
160278 343998 443
431147 683360 470
714165 823615 468
757065 610319 447
565465 466506 470
929741 260113 525
835865 257502 470
409002 751008 470
751198 754864 424
91247 527928 470
934123 260592 525
887844 980043 476
956845 20971 525
862785 482152 525
317010 162700 443
694769 30551 470
711790 320925 470
81416 660667 470
728361 947742 525
587109 131608 470
843375 103198 525
350994 941849 525
929714 125557 525
17972 600669 470
305690 953547 525
233034 221505 443
730067 30572 470
48095 926296 525
645645 659320 429
630522 253932 470
404857 394924 387
733828 751336 424
172706 565826 470
493557 192252 449
695560 293720 470
245163 416707 449
148716 447398 449
225736 613188 470
831330 810089 450
217707 975947 525
564201 365836 470
420199 61429 449
264080 17671 443
92514 840687 525
317575 238866 407
804222 398743 470
58403 128207 354
447676 467195 444
863633 91275 525
521274 492998 470
127749 901888 525
575575 744161 447
647760 211386 470
129453 32244 354
758261 668119 442
809715 991860 525
892247 685521 525
945185 499004 525
111673 554342 470
355028 732873 470
551126 33109 470
611117 589953 403
648686 770597 468
625570 644498 416
499928 915098 525
17084 616113 470
664210 47452 470
343503 353029 441
276775 138333 443
953091 668743 525
375903 574980 470
903279 980043 476
941206 428539 525
123173 586067 470
257389 40427 443
754925 600856 447
867145 694584 525
399082 6001 443
557579 612225 434
810342 25311 470
536422 756665 452
442671 40038 449
197490 968022 525
126516 561050 470
649246 761085 442
75914 353439 443
485978 714360 470
369556 669413 470
118044 754263 470
27435 686895 470
345777 795691 470
813457 674149 468
761063 138647 470
934482 104810 525
991272 740346 525
877501 933068 476
762148 983176 525
729234 505367 470
249386 841154 525
456199 132801 449
213104 410954 449
788353 177527 470
965011 618340 525
545682 616832 452
305043 536792 470
474685 440123 444
182373 162365 365
920441 906940 476
985118 677264 525
950027 648198 525
43745 204374 383
864333 828226 525
145067 805950 470
387841 101754 443
596914 11890 470
209751 897869 525
657954 476507 470
964856 642055 525
952806 457430 525
188869 887772 525
829526 686239 468
260434 970657 525
484670 857685 525
850858 721253 525
80587 402800 443
942618 976298 458
10244 430927 449
49002 113937 354
926796 726716 525
869779 604833 525
148292 470293 449
251588 619010 470
572298 912355 525
986744 57342 525
290921 580613 470
680508 986980 525
683584 720020 442
644334 351587 470
883100 576429 525
531460 117 470
160007 821808 470
221206 531969 470
950760 888862 476
279654 191709 443
967334 233901 525
176908 63132 383
68909 578990 470
324943 110314 443
350765 997941 525
915058 192389 525
211149 305381 443
480275 39140 449
993804 584146 525
85538 316104 443
172010 843456 525
57365 330725 443
939404 738819 525
204636 635207 470
503504 4316 449
553516 767068 447
339786 748919 470
722011 634981 442
157311 50709 383
193473 605370 470
351337 346331 366
913412 174294 525
273989 957775 525
830225 219537 470
740993 724507 424
228047 219410 368
810635 116247 470
958664 497602 525
20521 390132 443
969505 507565 525
948385 325744 525
846001 405225 525
175093 822462 470
439143 675434 470
471169 175818 449
32854 375430 443
302572 163001 443
920847 637666 525
557126 162422 470
708901 434724 470
729907 408166 470
136061 250634 443
674077 137443 470
717020 225767 470
423041 827598 470
48008 546563 470
520482 938956 525
189805 336739 443
756757 580785 447
143988 73175 375
203261 299865 443
72385 597570 470
960837 754629 525
574678 124040 470
93907 382579 443
35430 253182 443
808975 294644 470
779334 894749 525
54284 537384 470
532269 173897 470
366818 552417 470
475796 850103 525
973529 132162 525
4011 513181 470
865567 421998 525
144206 837440 470
807446 551117 468
486590 472861 382
17528 287880 443
383349 731289 470
561817 710166 447
123627 85988 354
340029 257213 407
768521 644481 468
911021 686649 525
339023 177494 443
304099 398918 441
89820 990884 525
393383 311005 441
673191 912799 525
374327 962355 525
99787 934926 525
374642 818099 470
536820 594524 452
256301 798198 470
149286 13042 375
220957 905811 525
386095 617476 470
918027 454181 525
340534 962225 525
372851 798591 470
73273 742045 470
201754 668356 470
76188 40816 340
261505 163605 443
376508 96180 443
92583 232542 443
133402 376706 443
258800 977131 525
962853 566103 525
960295 448596 525
641743 128092 470
102517 688882 470
288332 485903 449
340782 650185 470
593890 491961 470
488110 281884 449
188986 786186 470
73500 512698 470
768016 845431 525
768437 75592 470
166815 11916 383
861346 123967 525
190754 555143 470
952884 369871 525
624499 869621 525
569363 38440 470
519657 239816 470
447259 277533 449
552823 214112 470
828687 787475 468
974066 521165 525
225882 343055 443
424711 634872 470
762131 568410 447
693278 548303 447
377276 795151 470
299759 52267 443
897823 85049 525
650930 830806 468
214846 530850 470
393194 983751 525
587296 762243 447
504502 165584 449
393985 178740 443
613150 390196 470
494443 807211 470
8848 692725 470
726981 839025 525
820177 262532 470
971741 840249 476
872657 365454 525
637151 348059 470
812882 358826 470
390140 67506 443
186752 369381 443
443601 165015 449
293612 751974 470
739047 218455 470
803135 276179 470
918022 228340 525
318091 98164 443
62785 720742 470
293682 966856 525
804920 379649 470
982898 786244 525
549951 835051 468
367399 609777 470
246703 202722 443
354720 378182 423
342072 722644 470
875130 228588 525
305007 375265 441
895258 750 525
377963 668245 470
780652 645204 468
19692 881070 525
885718 598601 525
840207 930905 476
727029 833011 468
696894 680254 442
604773 208886 470
20139 945519 525
77161 965443 525
367558 685218 470
263909 667584 470
667765 847649 525
557412 695093 447
607839 139990 470
954073 407674 525
143009 544298 470
883237 448502 525
162792 750606 470
107505 259336 443
934692 803305 525
995713 771796 525
64751 164181 383
228685 412314 449
363663 84015 443
787869 12319 470
187803 644332 470
898285 950607 476
536469 81873 470
449737 871423 525
429765 40614 449
304036 619646 470
865992 209599 525
811017 613568 468
963072 399603 525
802424 736106 468
725435 487612 470
310274 966888 525
245975 815318 470
265109 400514 441
52087 566347 470
469562 380 449
735466 366598 470
213982 422814 449
967258 853123 476
3384 512879 470
493325 239127 449
998764 621034 525
728791 966224 525
940908 718961 525
126705 379734 443
521049 403216 470
582571 988844 525
390320 266942 441
754656 280646 470
258706 792774 470
329412 245555 407
824246 874124 525
941989 741337 525
594540 307421 470
673759 573951 447
15127 114452 354
791906 705632 468
703116 351835 470
670584 314130 470
999471 143722 525
638773 521727 452
499658 34207 449
836902 488661 470
699879 397511 470
32471 222774 386
404931 566843 470
744298 895708 525
83751 546987 470
955709 675696 525
930001 660960 525
158881 87946 383
987585 247735 525
465719 695880 470
334790 575843 470
45072 459941 449
985763 466783 525
201735 475407 449
864333 732521 525
999625 916650 476
932746 422959 525
449660 922477 525
316629 52101 443
932293 845686 476
57574 425754 449
705328 759686 424
946011 428944 525
59538 366016 443
739571 147839 470
927775 478807 525
955931 998812 458
527705 75740 470
344186 116387 443
923908 499732 525
85064 112158 354
232055 771615 470
747844 458371 470
556000 131239 470
40641 172716 383
648059 862970 525
430735 184977 449
713398 181224 470
782928 751532 468
741378 452683 470
266450 550305 470
239863 314078 407
914727 636617 525
272913 307857 389
387344 269498 441
257943 502837 449
679846 728350 442
65352 192868 383
754564 631473 442
581784 173789 470
324405 940812 525
47598 287436 443
311631 791386 470
159788 891169 525
824914 519191 468
143507 662372 470
850483 778019 525
738524 679621 442
237013 433423 449
321328 35657 443
968886 1217 525
189301 332067 443
168787 758217 470
370252 281517 441
748126 294541 470
188797 300642 443
132553 199635 383
220479 415138 449
29882 778304 470
195168 18363 383
779043 178362 470
873221 25696 525
421184 78128 449
911031 749172 525
267872 129845 443
257014 380333 441
406366 684192 470
674730 314018 470
278203 931435 525
576787 671753 447
194926 486319 449
471293 290636 449
413518 616711 470
972066 132101 525
184186 770062 470
504484 534669 470
4402 787122 470
550724 985749 525
165668 208951 373
521362 119807 470
563238 381113 470
114688 463687 449
654090 638039 416
330741 44581 443
394725 710898 470
144020 352145 443
967889 643929 525
206969 303472 443
116135 927016 525
855742 798107 525
940170 256412 525
120432 170011 383
91191 320849 443
403861 344391 441
389007 276893 441
986180 789488 525
31493 125240 354
536956 416930 470
725970 28751 470
372084 428973 449
269398 723386 470
279761 736920 470
331817 564791 470
357946 982256 525
456239 426138 400
455136 380487 449
578242 616941 447
486937 577411 470
689823 227887 470
112845 458543 449
624576 823363 468
805 384597 443
325077 201180 443
181530 639462 470
368371 18113 443
800228 971781 525
971780 440224 525
910302 987259 476
178749 618529 470
821741 806032 450
433269 713440 470
916352 837909 476
291441 395487 441
772628 748032 468
590030 235210 470
904979 686469 525
994410 161684 525
415197 637476 470
482080 216994 449
378460 307664 441
982969 163117 525
841833 317002 525
94050 107948 354
900142 582587 525
513302 208894 470
432248 692326 470
596870 685223 447
730192 754167 424
233290 824548 470
434316 676214 470
49960 404085 443
899386 84071 525
819550 964008 525
359926 113968 443
817850 668018 468
37358 133689 354
799598 65374 470
637229 38079 470
205104 928972 525
521709 141854 470
188031 485669 449
210709 849683 525
63492 777896 470
764386 221969 470
815647 599703 468
30469 274511 443
375284 435734 449
701734 351176 470
480400 98231 449
622154 190957 470
66592 305021 443
804628 374249 470
299103 270532 389
178893 677940 470
554658 492245 470
175093 494834 449
888775 306590 525
866697 880206 432
782995 461132 470
545817 976727 525
256557 904022 525
284691 538736 470
748290 227005 470
248964 27824 443
527075 714908 452
271606 283901 389
772971 752374 468
470688 89404 449
886191 417686 525
499922 39039 449
27352 453925 449
357767 3405 443
370013 449259 449
549087 132097 470
55250 981039 525
792747 780347 437
378102 682479 470
399195 962995 525
306992 676026 470
904014 940556 476
39753 584165 470
536552 324377 470
933712 376211 525
627200 651352 416
812283 638795 468
112516 723396 470
346848 468033 449
884317 132846 525
940213 73053 525
847037 302194 525
296737 353319 441
197042 55017 383
654257 166369 470
618284 204730 470
474227 737881 470
800549 898709 525
239029 682611 470
929781 487620 525
889203 402595 525
574295 503218 470
348368 208092 443
696448 922633 525
529933 367125 470
356168 273122 441
197182 431046 449
40960 288509 443
57150 606436 470
456405 766996 470
508734 647721 470
41822 999753 525
536758 730262 452
437686 640696 470
346264 30258 443
624577 170057 470
465093 285679 449
477800 167843 449
207848 441504 449
37545 458014 449
590622 592950 403
881309 810170 525
13421 831915 470
603505 292772 470
285997 274776 389
556596 560402 359
862841 503711 525
688716 327290 470
474376 889141 525
524719 30305 470
693935 777432 468
80696 216851 386
363901 325876 441
776465 506570 470
219398 846062 525
216163 70485 383
494257 877118 525
44021 447196 449
771475 851861 525
950532 172964 525
849204 141815 525
303659 141005 443
933330 471077 525
810390 825018 450
39000 174433 383
75846 502979 449
85993 541685 470
920345 399439 525
806609 538015 468
839188 228041 525
249809 519315 470
45662 960714 525
361610 171763 443
124605 775956 470
849286 796518 525
442086 45860 449
295714 233282 407
106154 910011 525
280248 170534 443
454261 454104 294
83782 325658 443
754901 762112 380
408207 994712 525
54154 143068 375
424270 769514 470
872244 646976 525
376848 798746 470
760885 579127 447
922986 830207 525
569103 98052 470
355540 412870 449
633377 139568 470
874087 60319 525
7377 847854 525
104791 881186 525
277217 414243 449
142203 167604 383
470070 725334 470
488522 699265 470
57155 504340 449
399605 68535 443
76508 692969 470
312101 161184 443
956635 665948 525
222321 37623 386
709032 496215 470
115026 851164 525
775755 896064 525
799108 112653 470
967590 647986 525
797152 564942 468
609092 308699 470
257181 165996 443
218629 720801 470
207404 196063 373
794762 398743 470
858609 302155 525
54687 169275 383
73834 372220 443
776147 541241 468
571286 491701 470
731106 155599 470
903979 876822 401
567688 323737 470
768380 601752 468
396250 100663 443
734378 140928 470
766146 559345 447
60165 233155 443
181662 933484 525
858197 340712 525
298739 78200 443
512148 24528 470
468541 261600 449
909836 885621 401
349571 644947 470
753389 333312 470
896961 935066 476
935438 332362 525
155736 599924 470
728934 453995 470
934227 726735 525
328215 9903 443
614535 71698 470
100246 783666 470
68791 101461 351
757475 890617 525
893187 858597 432
547564 595047 434
946113 296888 525
470274 492740 426
482443 326919 449
478074 327168 449
12887 188477 383
594597 849302 525
385528 923451 525
893823 553831 525
486042 661437 470
322965 828672 470
383796 149961 443
423250 40038 449
712905 462200 470
105386 341892 443
570510 97332 470
770275 546511 468
238953 752110 470
230546 221938 368
594166 886971 525
84827 292491 443
149552 835983 470
424152 810083 470
302743 617169 470
8730 236949 443
502084 788178 470
343335 534502 470
730316 662063 442
400843 588370 470
914879 948853 476
96014 16280 351
617402 420848 470
995377 203286 525
629347 513058 452
164131 487990 449
906482 864905 432
497272 783677 470
611724 685311 447
359657 559978 470
904081 480498 525
868565 33435 525
510842 122326 449
692288 619530 442
50812 454696 449
809635 184019 470
538310 636545 452
277723 398063 441
490813 202175 449
689245 549473 447
587542 383127 470
665441 491503 470
881954 580561 525
427275 20956 449
158006 3052 383
214875 869007 525
138240 391961 443
84068 660944 470
901128 445001 525
398896 655188 470
45810 18352 324
160277 807257 470
854238 438659 525
163510 720979 470
943936 288465 525
861136 347069 525
678976 842108 525
722671 868330 525
912437 923848 445
829050 71059 470
470557 335956 449
417128 643853 470
156897 161728 370
98413 267857 443
954308 186864 525
516193 66604 470
533115 402368 470
276565 968939 525
135871 53130 354
91359 805133 470
402176 978538 525
204789 504131 449
721497 54978 470
340654 588984 470
257558 394787 441
603251 277882 470
874819 582214 525
992649 889774 476
815681 634151 468
453804 926449 525
126524 561903 470
669022 157027 470
511295 379961 449
124542 266167 443
503317 158730 449
334592 143914 443
589128 250414 470
490026 692942 470
192597 130686 383
213709 108052 383
233193 393551 441
551084 943148 525
309245 312752 384
801933 922516 525
425150 40303 449
308084 376052 441
580923 951227 525
851891 382235 525
473151 863267 525
891598 187953 525
18306 861361 525
462216 240907 449
402558 238857 441
204357 218175 386
886637 630945 525
648493 763606 442
649940 760501 442
578400 257075 470
545025 342518 470
25092 830231 470
