1 10 20
100 200 125
201 210 89
900 1000 174
1 999999 525
7777 7777 84
515980 257087 470
73436 941707 525
335321 989995 525
332047 350528 441
782717 688520 504
862519 728777 525
221926 243309 443
304917 293182 371
994832 541870 525
555054 247324 470
312502 644153 509
995074 170953 525
933508 528137 525
761896 528542 509
654266 411720 509
293478 473015 449
20971 157620 383
450118 18333 449
464453 556453 470
497842 596626 470
943923 862289 507
29041 624742 470
381595 435713 449
639988 84774 509
339370 425445 449
166421 868272 525
988797 536956 525
148581 693229 509
234493 691773 509
620977 467872 470
777473 62473 509
107639 894565 525
125434 731898 509
286231 635232 509
417958 545713 470
845969 656236 525
37729 748557 509
909692 91043 525
62558 341770 443
26155 22085 282
233823 574973 470
49031 803206 509
901306 857820 445
170359 616839 470
805247 29025 509
393400 14202 443
747054 310217 509
483689 379337 449
910476 842064 476
589650 935413 525
916804 509639 525
689437 396994 509
535751 373123 470
661168 40400 509
139273 616779 470
616475 572982 447
308231 292801 371
74859 404978 443
197562 610134 470
839867 255442 525
79118 290548 443
48499 547404 470
198178 266319 443
438236 752490 509
771909 959074 525
279878 513534 470
927333 950438 507
189384 187943 316
448736 672729 509
244011 64517 443
410255 442631 418
96425 501350 449
158495 780949 509
495696 974075 525
194297 602831 470
119462 212463 383
207473 912281 525
841636 148378 525
504841 14695 449
655668 580338 509
831421 567498 509
786639 104409 509
310734 810607 509
951133 792196 525
789397 808775 468
488010 849349 525
964960 851189 507
475600 948823 525
176547 636371 509
322957 373726 441
490386 563596 470
917024 244512 525
591758 816460 509
211859 924047 525
795154 750447 468
395633 708009 509
301072 761343 509
969780 488887 525
160567 875253 525
395260 607048 470
495550 841973 525
997296 926575 507
292491 243208 407
570513 944755 525
798170 982625 525
868056 479695 525
789684 479602 509
573656 800614 509
114283 468914 449
948327 32700 525
806216 435746 509
205646 647648 509
881695 807515 525
902137 905953 383
753560 657824 504
224275 804648 509
351198 665639 509
989307 616082 525
627679 966521 525
433857 883321 525
294476 17370 443
510820 10335 449
301686 168480 443
929419 855932 476
189948 173187 365
456686 101394 449
698712 15070 509
923642 523482 525
650030 392472 509
16385 794523 509
503639 291926 449
399548 284473 441
546926 374030 470
620167 87787 470
839170 845292 401
752851 435819 509
34505 422556 449
2453 844207 525
218339 348836 443
733611 183692 509
334716 733437 509
708555 596430 509
97719 983899 525
249776 377986 441
285130 853819 525
797017 511027 509
204035 212560 373
619731 373230 470
864663 381372 525
107288 222499 386
878091 357538 525
116803 445357 449
73906 735982 509
905963 948009 507
562343 481533 470
509443 211692 449
489445 907947 525
713239 387430 509
427669 27459 449
36988 290853 443
76419 144797 375
137819 669160 509
151462 874185 525
347427 296550 441
163121 51118 383
437067 674217 509
539357 252932 470
806024 144455 509
292092 347501 441
14087 832857 509
489519 462677 413
199746 236978 443
252741 306038 407
752951 724637 424
740303 670315 504
958300 672752 525
403787 106474 443
212351 511073 449
608018 754215 509
778811 428952 509
104593 935377 525
290303 927382 525
768405 964635 525
422704 81119 449
925128 819407 525
425635 698818 509
958403 166793 525
381387 87867 443
950883 865364 507
572991 456293 470
147133 235910 443
841961 698108 525
711113 471614 509
56949 96211 351
363934 476744 449
686401 618124 509
29137 153932 375
488809 936867 525
835012 55558 509
901143 109213 525
547553 822033 509
426376 880179 525
195071 383990 443
295737 248655 407
403246 478896 449
561547 285654 470
32675 729785 509
861507 373224 525
486511 629185 509
233238 178719 443
134489 593057 470
373895 896369 525
606146 71560 470
81687 82069 289
185371 962128 525
838510 618201 525
815374 416017 509
37919 733758 509
669151 68546 509
641306 632285 416
684094 644063 442
331026 751605 509
544246 149797 470
107257 744654 509
443773 981974 525
832495 596773 509
864718 491024 525
925661 261237 525
354764 131119 443
668464 722136 504
273369 90121 443
927541 324268 525
446793 849104 525
347657 539391 470
403487 622448 470
467574 908095 525
279499 877629 525
466151 143399 449
580453 650831 509
216777 526974 470
787669 837967 525
175518 889686 525
421472 165531 449
743199 204409 509
752049 737425 424
135242 380499 443
268484 50870 443
61647 788802 509
771943 633701 504
795844 740653 468
38319 512652 470
432967 988919 525
957024 373839 525
140886 928424 525
499386 116096 449
903227 911135 476
982469 40085 525
726562 359371 509
208048 370928 443
611305 500204 470
951234 977209 458
932839 816684 525
337167 724948 509
288182 2440 443
260185 263156 407
156710 651660 509
239140 921149 525
26813 344081 443
808278 292672 509
667829 52516 509
369370 546668 470
46185 172546 383
967614 769035 525
198203 399246 443
48276 1624 324
708910 558756 509
915524 39041 525
159508 499801 449
675182 675036 367
750556 475983 509
240226 857723 525
567543 689701 509
384628 846310 525
306388 946882 525
227792 38980 386
637509 273354 509
250860 291854 407
222677 455267 449
33216 8613 308
197808 335113 443
376756 971127 525
792926 575164 509
594412 968921 525
55609 164818 383
106514 145602 375
68231 639577 509
752420 693465 504
282254 715177 509
906711 458586 525
130732 81463 354
48393 393340 443
162338 61508 383
229713 302039 443
53730 210470 383
725968 849752 525
78791 691747 509
169100 576919 470
387654 512214 470
474564 128732 449
223271 91519 386
644704 218991 509
719731 8345 509
245077 763624 509
607026 235038 470
744992 380661 509
199051 995671 525
58759 868517 525
177091 319996 443
811730 757214 468
557236 478634 470
202370 387025 443
42353 556226 470
414012 46397 449
495364 912287 525
725592 655511 504
638475 338955 509
981340 237612 525
162337 724083 509
516375 115281 470
109399 22111 354
402159 97747 443
878053 600886 525
620021 867152 525
35399 652580 509
386502 976347 525
464061 767232 509
407057 397810 405
406884 435958 449
49445 91325 351
409129 366271 436
854158 682562 525
968655 707552 525
477776 47025 449
389951 878528 525
949793 745001 525
871333 330934 525
794720 678725 504
118186 273668 443
923991 726520 525
170779 205285 365
481783 960873 525
654104 542320 509
831948 520932 509
733859 626050 509
23483 972068 525
122893 909324 525
615259 645727 509
359485 831474 509
536297 349045 470
114769 516245 470
314894 856944 525
499310 316068 449
842543 297367 525
648765 3176 509
702420 820740 504
855224 977883 507
105416 735954 509
254152 378167 441
471652 165755 449
720952 519701 509
336351 145530 443
291380 689025 509
868438 640247 525
565134 493380 470
959942 198295 525
949488 323139 525
325542 546486 470
691377 294920 509
120523 99820 354
9443 282726 443
385038 850934 525
61297 58976 335
980373 913385 507
361101 675087 509
763719 456313 509
757366 269282 509
264930 762055 509
243566 192821 443
470869 747233 509
661033 905804 525
275533 922429 525
833112 807090 450
335399 505954 449
713587 11875 509
572459 725629 509
795939 798903 468
541034 559561 452
902850 601098 525
201686 167408 365
563673 658190 509
657773 442159 509
912888 443984 525
180891 874191 525
470442 235857 449
413492 301851 449
294737 812124 509
296444 460444 449
55309 391432 443
693413 90565 509
818385 778040 468
766976 116692 509
802951 395872 509
770033 321783 509
315430 458886 449
805033 688802 504
325655 136613 443
409202 730051 509
941808 524149 525
937345 112696 525
972672 36190 525
661003 573953 509
103761 762805 509
422136 828284 509
850673 329950 525
654669 992077 525
784851 395138 509
864172 939499 507
397304 588528 470
999444 157635 525
210270 936475 525
405587 913622 525
154713 701907 509
594400 421962 470
15509 660612 509
103434 116245 354
318671 775674 509
195532 842049 525
457476 139686 449
874799 258887 525
824847 625303 509
898888 93171 525
253907 608527 470
153705 866959 525
689654 320083 509
529714 488082 470
551161 679967 509
712955 532315 509
753878 890486 525
561567 970186 525
961616 779146 525
532862 489525 470
852650 873172 432
684308 949103 525
855192 321259 525
664583 669758 442
986969 809210 525
244723 437154 449
124957 93613 354
421431 366874 449
999191 386743 525
733881 897721 525
288181 381587 441
436950 6102 449
246112 187508 443
242512 617621 470
353625 426279 449
588118 411971 470
495223 750275 509
606002 276288 470
402546 663478 509
619409 801987 509
623282 539729 452
526754 905961 525
452137 394677 449
540749 39008 470
160968 969607 525
701016 122391 509
387442 645909 509
984418 369712 525
645453 137815 509
283886 364876 441
859275 498710 525
532592 319673 470
957832 131767 525
334069 822779 509
655750 906291 525
325464 41537 443
496972 403501 449
386763 751192 509
906436 779233 525
841682 607572 525
787808 114112 509
88393 60793 351
454342 663322 509
774171 173870 509
242564 318212 407
897043 846850 445
243164 427361 449
691531 577906 509
403377 340518 441
504741 221549 449
518084 222591 470
436882 975532 525
318339 820267 509
494504 733396 509
945994 92664 525
25329 324528 443
557995 488622 470
187744 201403 360
733365 18945 509
355872 236898 441
104656 28488 351
965894 298096 525
112490 727521 509
934459 80257 525
337671 249811 407
923216 524830 525
932823 583095 525
129418 3169 354
843065 959111 507
389328 446971 449
858313 71138 525
618940 189082 470
918557 333308 525
838516 461912 525
413713 43481 449
253870 965485 525
54433 603332 470
8812 444226 449
718289 201817 509
357000 597440 470
876307 841225 432
53454 890404 525
851647 499376 525
609410 326821 470
462214 782363 509
882256 530631 525
709914 161694 509
5620 327865 443
176584 462619 449
583768 897995 525
563327 360181 470
87464 928519 525
994061 195481 525
237315 650838 509
837715 66914 509
17088 148177 375
45568 75216 340
947786 87606 525
26377 673108 509
560825 434895 470
428472 9984 449
873488 39138 525
479772 746974 509
308435 596854 470
907995 476771 525
977587 881723 507
197955 3887 383
108315 367604 443
659053 721961 504
309498 303877 371
665019 56183 509
540831 864446 525
363725 927585 525
367476 859321 525
369875 755900 509
454442 698433 509
759336 411506 509
218458 828352 509
96751 151105 375
840784 906723 445
628343 809369 504
540517 775561 509
526077 204328 470
742505 648834 504
489694 212084 449
280000 203354 443
700044 288802 509
229047 143917 386
560297 265298 470
557875 217786 470
798500 759214 468
323181 606751 470
395507 251305 441
137674 513279 470
224113 733012 509
775617 883413 525
985661 675635 525
397145 446767 449
135623 768608 509
380289 256053 441
339467 252525 407
119673 620172 470
19330 558445 470
194690 132006 383
223432 397311 443
42591 517261 470
481031 819483 509
155967 149649 370
349908 2691 443
60648 129152 354
290775 271337 389
873721 169175 525
92595 970252 525
331673 894876 525
37281 558488 470
460230 308566 449
806468 845396 525
916881 793432 525
496074 127923 449
304092 652054 509
940902 816997 525
911983 576065 525
900619 658633 525
262768 997947 525
860889 606172 525
776529 925319 525
40415 773203 509
367643 18930 443
441193 785139 509
200259 631219 509
83121 587194 470
458477 371249 449
45024 396910 443
545438 778112 509
81416 799899 509
249002 19625 443
191696 628030 509
104934 214378 383
367028 258326 441
932350 801471 525
944299 605109 525
834428 930404 525
381056 375791 423
934516 434580 525
250610 834955 509
460316 887383 525
839774 128224 525
710524 946363 525
549111 986831 525
907654 40687 525
325352 701651 509
677430 705407 504
509823 582323 470
517740 395839 470
119394 997876 525
859657 649118 525
799689 770053 468
365313 714919 509
639282 715104 504
838660 664509 525
310786 948981 525
786824 500924 509
474762 113554 449
134420 288032 443
224653 50494 386
772346 964580 525
671236 591776 509
876025 532876 525
94590 274143 443
771955 911418 525
498119 434276 444
626386 324663 509
888250 887433 401
274966 345236 389
935283 580735 525
374838 471462 449
324061 701222 509
455613 72336 449
880188 570184 525
27332 816953 509
43527 67436 340
185390 689885 509
922268 239702 525
922469 348847 525
57201 218577 386
820614 783577 468
515895 395127 470
720376 867022 525
988027 377068 525
358446 892881 525
789899 437398 509
136975 144964 375
314392 985528 525
535179 380361 470
120342 898783 525
263547 86391 443
444383 38061 449
506752 345727 449
314512 435360 449
557436 656338 509
630209 87429 509
778716 143886 509
784589 94729 509
91296 28639 351
231805 426393 449
293107 223196 443
518055 610991 452
51046 474203 449
872883 31355 525
615812 624059 372
361870 618965 470
644560 577548 509
776502 791254 437
30398 947255 525
795243 299383 509
813140 827038 450
521016 303818 470
672625 898208 525
702883 749766 504
31366 589661 470
653659 385701 509
893464 354184 525
582559 116070 470
777285 284794 509
120886 874943 525
492383 272281 449
829977 428704 509
563972 138181 470
230206 106224 386
531565 651102 509
909382 11864 525
431943 321501 449
183918 610633 470
597619 493180 470
163703 155278 383
578204 514201 452
824076 3387 509
247585 414313 449
241715 844771 525
925980 935746 476
451950 417082 418
909894 244863 525
667798 575551 509
403761 470154 449
5803 660544 509
200364 705957 509
227815 141854 386
601929 85108 470
914693 97854 525
397716 442908 449
3235 355100 443
49517 142857 375
406299 624266 470
648520 4360 509
443573 777151 509
295159 201817 443
704541 485566 509
886026 4775 525
208082 42544 383
237292 905700 525
871351 577894 525
621076 124470 470
53789 656460 509
819734 298425 509
1299 849186 525
836925 315103 509
660417 98351 509
730551 742498 424
562849 450762 470
96192 161676 383
92810 917079 525
670096 772053 504
534292 762784 509
806339 400175 509
728221 239173 509
872033 609177 525
297175 161241 443
992826 221871 525
49542 589539 470
230805 388661 441
47717 194656 383
211639 848918 525
566806 731211 509
630452 250663 509
554009 999470 525
112352 317436 443
426393 303026 449
931953 654339 525
701298 496079 509
866603 304031 525
279226 841977 525
430657 830564 509
634231 547387 509
165718 808479 509
19529 923125 525
223277 457939 449
278664 57105 443
192871 27900 383
991203 617450 525
674119 566584 509
698525 649745 442
499877 835934 509
786136 43515 509
603584 446554 470
801969 523396 509
465591 166839 449
672637 846343 525
867824 243577 525
515333 748497 509
218051 566805 470
526876 10196 470
782856 538971 509
199737 71823 383
446282 894586 525
702508 508281 509
931117 160326 525
513527 374369 470
412691 670028 509
310983 92039 443
198090 269079 443
92164 484195 449
268184 686032 509
773666 918360 525
209546 374238 443
401933 724709 509
476535 622266 470
410877 354417 449
404598 494497 449
313972 667096 509
786440 198690 509
141000 110601 349
39495 113521 354
241501 302700 407
544157 460877 470
657628 717411 504
818665 130910 509
795440 559503 509
83887 925492 525
619404 914521 525
891997 994330 507
855605 831433 525
427559 279053 449
246933 501513 449
501735 552233 470
956091 451839 525
935293 162155 525
445838 382905 449
855265 642441 525
135948 851435 525
830521 130402 509
498000 782899 509
911006 643750 525
273264 764595 509
737692 59133 509
930509 235495 525
707765 279084 509
182165 584075 470
760397 133926 509
464724 987205 525
89300 531065 470
855401 471506 525
384686 961861 525
634063 189917 509
267405 968472 525
478943 947375 525
790344 38637 509
625860 754030 509
880580 695333 525
202421 949247 525
589893 200142 470
370033 980970 525
852414 303941 525
763157 374433 509
799332 770821 468
354367 283036 441
571360 898933 525
187302 918740 525
242004 370982 441
931295 618035 525
625075 823570 509
637843 261541 509
247479 884365 525
657507 662754 398
714271 592937 509
952230 960256 414
527346 969761 525
234151 380043 441
729928 134547 509
312174 83741 443
722902 64533 509
196835 668121 509
61861 466805 449
673621 412392 509
932189 59430 525
113122 170976 383
167660 480358 449
557849 978276 525
815330 246806 509
176747 665899 509
219796 504842 449
88446 502459 449
230054 411388 449
834070 68997 509
845184 617535 525
37882 815399 509
829857 89449 509
115675 10050 354
743883 493009 509
707480 553102 509
652421 948245 525
851838 933067 476
615546 229885 470
770186 257375 509
132946 203461 383
11965 162731 383
10395 718266 509
321479 592051 470
867782 894085 445
556327 93364 470
357585 467791 449
54834 552922 470
372179 212000 443
284667 96382 443
709217 354759 509
260361 929719 525
186268 363590 443
151545 566017 470
134349 15515 354
821122 351752 509
526339 692874 509
652627 49389 509
515190 429313 470
682084 383859 509
769231 660066 504
593908 994491 525
319289 56140 443
43344 662362 509
993573 719685 525
298086 939574 525
328100 853436 525
720972 800660 468
290175 569410 470
317234 111028 443
604046 468032 470
222804 757040 509
171962 921808 525
660066 875508 525
807140 807193 300
484024 521868 470
386003 188892 443
52016 104812 351
851579 530577 525
622503 904719 525
816048 562615 509
715353 193701 509
899132 513881 525
752648 78847 509
294621 308938 371
912301 364569 525
501994 273534 449
851097 75601 525
271479 537094 470
786727 635294 504
852103 627562 525
28160 137874 354
533760 925955 525
136782 245058 443
782116 814187 468
968644 780103 525
833531 838961 525
91608 922674 525
629875 881290 525
899791 369702 525
588756 137979 470
983196 983683 321
204933 344706 443
439799 931833 525
359875 218613 443
112255 201494 383
730966 801784 468
244068 105804 443
804255 614644 509
674031 955968 525
512099 467177 470
611674 391166 470
69281 995870 525
441510 487537 444
916991 783639 525
360512 574510 470
861131 548095 525
554548 822483 509
828300 354546 509
819905 58199 509
847446 557748 525
754997 945204 525
325210 32199 443
609641 990395 525
314467 254963 407
342375 833947 509
125357 619758 470
14467 577859 470
298230 393415 441
88408 800378 509
