6 5 9
111 25 119
76 187 125
39 197 125
406 138 144
192 134 125
540 61 144
645 769 171
241 94 128
235 503 144
155 1029 179
487 263 144
1263 873 182
1173 903 182
1140 455 179
1372 847 182
1268 894 182
1541 170 182
603 15 144
239 1004 179
1485 1962 180
1693 2155 180
1191 127 182
1679 462 182
634 1741 182
2202 82 182
2837 2331 209
564 1453 182
1229 211 182
2884 1330 209
633 638 57
1129 692 179
1201 1898 180
1693 675 182
2667 3175 217
1002 3060 217
3956 2816 238
3933 71 238
1387 4128 238
26 3076 217
497 1925 182
3417 1804 217
924 2267 183
1475 3069 217
4030 2519 238
1247 4915 238
1725 1524 180
882 767 179
5067 1593 238
3625 4234 238
4360 1694 238
2440 3048 217
2090 2678 209
5252 5640 236
5591 1235 238
606 335 142
1304 3995 238
1130 4067 238
5544 390 238
1098 3174 217
6165 4399 236
4500 5850 236
5320 3499 238
1401 6717 262
1283 3796 238
654 3903 238
5958 6557 262
7015 4091 262
1279 4257 238
7590 1804 262
6623 5702 262
5418 5830 236
773 1016 179
3240 7726 262
420 2143 182
1258 1315 177
5068 8260 262
6502 3264 262
2060 468 182
1126 8110 262
4078 2400 238
5516 1056 238
4695 8464 262
2056 5642 238
8365 3889 262
2721 9180 262
5058 5929 236
2715 5912 238
3175 6838 262
5280 4108 215
3031 8433 262
4359 4387 215
2892 2070 209
404 4942 238
7096 9651 260
9068 3119 262
10187 3009 262
294 129 128
7804 274 262
7633 9583 260
6482 10721 260
6361 10661 260
5977 5696 218
6847 2837 262
5192 9136 262
2853 11432 268
5409 2715 238
264 3008 217
6010 11229 268
2381 9437 262
7932 7592 221
1818 10957 262
8473 10385 260
10786 8854 260
3426 10553 262
233 6303 262
5998 6509 262
11108 9406 268
153 5720 238
4655 8981 262
3597 3510 194
9983 10213 224
8971 4728 262
661 6376 262
9672 8926 260
10295 12368 268
11877 547 268
5447 13547 276
11989 9524 268
8526 687 262
2619 1868 209
6398 7788 257
13856 9909 276
1588 1179 177
6527 14319 276
2878 5750 238
4920 7729 262
1493 7120 262
9957 12505 268
4994 13708 276
4803 11797 268
12665 14868 276
206 10774 262
12512 4002 268
8140 3285 262
15919 13025 276
721 15614 276
8658 2113 262
12970 13128 201
2260 11510 268
9496 7482 260
16027 7524 276
11121 14305 276
11677 3220 268
4869 5325 210
2423 9702 262
321 1931 182
3992 7655 262
16668 2777 276
12624 5700 268
7948 460 262
13751 11356 276
12213 5012 268
1250 15287 276
9757 7197 260
15674 2255 276
12081 11385 250
3449 1431 217
15195 1635 276
810 6868 262
6205 3372 262
5755 5243 236
7278 11236 268
16242 4377 276
18760 15201 279
5530 3427 238
5487 11983 268
9626 1915 262
1407 11245 268
4234 7768 262
4088 19210 279
14669 17846 279
18482 8377 279
16004 5356 276
1840 7622 262
16074 1104 276
10163 7132 260
9230 7008 252
12988 1829 268
3164 18658 279
8635 13410 276
4880 1344 238
17908 7276 279
14672 1743 276
10101 20767 279
20429 9734 279
4910 1297 238
9818 311 262
5916 1075 238
2453 17322 276
301 7373 262
21398 8625 279
15811 10024 276
12728 13840 276
15605 13971 271
841 6338 262
11077 14841 276
654 13252 268
18938 15194 279
6397 9701 260
19946 10747 279
17373 20482 279
14970 12438 276
21220 14221 279
6584 7580 257
2309 9684 262
3185 9241 262
12553 8574 268
15816 5010 276
20137 19398 274
13900 18921 279
22762 6859 279
10390 3303 262
5930 282 238
15457 15191 240
4526 18605 279
14419 10291 276
11998 2183 268
13230 2863 268
9774 21682 279
10087 5247 262
20990 8174 279
25484 9536 282
2360 19905 279
14421 1702 276
16200 24174 282
22257 9816 279
3199 23993 282
20294 11253 279
3646 23731 282
13151 14452 276
6301 16638 276
6182 8390 257
16233 18235 279
18619 4844 279
1360 5498 238
11619 17979 279
6050 24042 282
11092 10608 268
27124 14571 308
5538 2012 238
23066 4716 279
15365 10109 276
8311 17811 279
479 24492 282
15452 25512 282
25757 2414 282
9139 25357 282
24340 22914 282
16875 10893 276
17669 22935 279
17305 21182 279
6965 20455 279
1492 16591 276
26545 26144 277
14725 2448 276
6481 611 262
12173 24142 282
4633 29488 308
12437 25664 282
12022 36 268
29293 26242 308
5972 11134 268
22812 9460 279
9888 28020 308
17454 4795 276
19262 897 279
8157 27851 308
22771 22639 220
4560 5914 236
17891 2823 279
12424 6271 268
19907 25577 282
5444 19271 279
29778 8248 308
24423 25523 264
1802 30360 308
30702 6073 308
12731 16963 276
30121 13193 308
295 20130 279
9710 20294 279
11997 14073 276
31821 15092 308
3394 3359 181
29451 11023 308
31742 15290 308
22567 31476 308
21242 5123 279
27413 7888 308
19369 17238 279
10909 17703 279
10203 8561 260
23443 11345 279
14053 14080 183
8730 20950 279
22434 17821 274
9692 24790 282
15219 30952 308
29716 20398 308
7458 31412 308
513 3929 238
14433 24475 282
22160 34018 308
21545 11453 279
10732 2874 262
30459 15351 308
9406 8055 260
10249 22651 279
30283 27087 272
13405 20007 279
6561 22394 279
22014 32587 308
8517 20832 279
14178 24740 282
32834 14406 308
15390 5566 276
15730 3053 276
18111 28078 308
2223 34042 308
15677 15983 253
10043 10639 255
31905 5649 308
31856 29626 285
29596 13760 308
27778 35932 324
9705 16185 276
26607 616 282
5984 1246 238
27694 24967 308
32422 24720 308
35239 20466 311
18714 35198 311
24664 18639 282
30737 9440 308
30019 10214 308
36046 27860 324
36373 1180 324
6913 25866 282
21097 26186 282
14677 23054 279
25245 31484 308
29947 34441 311
38697 3649 324
7522 21294 279
6577 8315 257
2068 34354 311
31077 7940 308
32380 4982 308
5645 28665 308
37826 37369 306
19454 7915 279
33350 9915 308
6335 274 262
20486 22596 269
8452 33344 308
26099 3845 282
17227 4960 276
19255 36792 324
8193 2266 262
6303 13812 276
34914 34542 280
15993 15487 253
33511 9581 308
37404 6211 324
4906 641 238
32926 31454 285
26759 40527 324
24861 29572 308
25305 10268 282
21167 35201 311
34072 4334 308
38662 8500 324
16108 22282 279
6882 24762 282
29414 13884 308
7175 21391 279
22521 21220 269
20986 9088 279
23558 26414 264
3894 2576 238
22159 17729 274
41528 33935 324
36264 15655 324
36031 28101 324
19712 5135 279
34597 6805 311
8946 33938 308
1775 632 182
16978 24245 282
21364 15100 279
17937 8363 279
19973 26701 308
43250 24264 324
14722 32500 308
30053 5728 308
22184 38195 324
9867 44309 324
26813 29123 259
11880 16698 276
35236 35417 280
4331 27545 308
13919 8870 276
9201 16297 276
21837 37899 324
10187 42814 324
37816 18785 324
22236 29503 308
44578 8422 324
44460 10098 324
31830 5838 308
10239 12568 268
12634 2727 268
26265 14376 282
16570 5301 276
23055 12660 279
5344 31617 308
10289 39815 324
39727 16738 324
43340 30366 324
31967 40487 324
9551 11438 268
20291 26396 282
8592 25277 282
16542 25061 282
20194 11382 279
40076 10750 324
1323 22028 279
2355 25850 282
2549 6318 262
31855 45649 324
23905 39839 324
46261 28277 324
4645 42781 324
43087 31844 324
16655 936 276
31079 6548 308
949 32850 308
37656 2929 324
49020 44610 314
1095 32638 308
42326 35959 306
23488 25998 282
21932 21999 269
33182 28341 285
17658 18860 279
9716 49922 324
44814 38635 306
7644 31066 308
6615 34594 311
32577 44928 324
8174 1156 262
38922 38436 244
44429 8092 324
8908 48281 324
2958 32642 308
33721 31953 267
755 17848 279
47345 24887 324
13823 51274 324
6790 8593 257
27365 17681 308
34660 29985 311
25779 30631 308
43987 6261 324
34730 24537 311
21306 3518 279
45021 7640 324
52076 16025 324
42883 38338 306
38673 24126 324
42034 16302 324
42100 51389 314
44580 38238 306
29513 3696 308
52691 44754 340
45881 34962 324
28118 8230 308
43119 2644 324
3023 25841 282
11136 15948 276
787 9227 262
3782 3294 238
1084 48204 324
3975 29661 308
19936 2562 279
20398 42666 324
43249 16330 324
41529 28652 324
33227 2768 308
27476 29562 272
10828 45850 324
6499 26470 282
50155 27126 324
32926 37380 324
15910 33784 308
28109 5277 308
43362 13518 324
53928 29113 340
52033 3880 324
12588 21217 279
21380 16151 279
15438 1933 276
53642 9966 340
46430 22278 324
20614 2483 279
31924 27048 285
18077 22218 274
43765 16548 324
47901 30597 324
45939 41331 314
7245 34128 308
21170 20034 256
21581 38892 324
53106 2651 340
22427 21698 269
54516 1692 340
8504 11674 268
27460 27863 259
51235 17925 324
35294 13575 311
35529 2801 311
24736 5765 282
32490 10304 308
12988 15012 276
19248 11552 279
42191 48591 314
15443 15838 253
19308 9156 279
50602 16361 324
34378 35429 280
47641 10319 324
6404 29890 308
45111 27646 324
44889 756 324
32070 43565 324
44519 44491 239
11920 27357 308
4294 46926 324
5508 1294 238
40147 38410 306
42348 33921 324
8405 34642 311
54000 39380 340
35766 30938 324
56739 11226 340
58194 9718 340
30522 34355 311
20221 16414 279
43388 15520 324
46376 54523 340
6566 15536 276
47886 26452 324
32978 21593 308
30942 52351 324
34366 7230 311
32714 37431 324
21237 37953 324
40755 22991 324
45628 12062 324
4545 11613 268
18166 41009 324
15158 41663 324
20307 42491 324
34067 13780 308
48579 6013 324
23456 43274 324
10608 54385 340
20605 39594 324
61916 25947 340
40427 39253 306
45035 27739 324
12841 19963 279
43849 11663 324
7164 34669 311
19543 19029 212
45149 56811 340
8824 4633 262
58217 9128 340
29229 15830 308
54282 55692 260
6061 61569 340
23452 36120 324
3955 18716 279
31917 47722 324
33544 3271 308
34820 45655 324
26766 27163 259
1067 15105 276
28917 12333 308
26159 44764 324
29167 1490 308
60582 39032 340
65681 15918 340
62847 10165 340
31951 26743 285
38694 50063 314
38275 35531 324
15039 46010 324
36414 62157 340
33781 49751 324
47525 56267 340
54628 34584 340
55505 60064 322
30571 46893 324
5512 4189 215
27967 16828 308
3266 7301 262
31935 16113 308
49764 60713 340
35720 30106 324
51234 50032 278
50575 14875 324
30902 63705 340
23143 2577 279
46545 63473 340
44706 68247 340
57909 8264 340
24054 7384 282
59955 19213 340
42457 51520 314
40783 33723 324
23919 30556 308
8745 13666 276
32154 39694 324
62921 32814 340
50407 59603 340
64928 40837 340
33760 19676 308
12740 28818 308
22259 21345 269
68283 38324 340
28786 11818 308
24548 66467 340
14681 11950 276
64652 70585 312
66928 13089 340
29774 24379 308
10822 19115 279
2515 24165 282
43501 20154 324
17929 10838 279
45025 35630 324
59588 44291 340
1501 61984 340
38995 37694 262
47161 11284 324
55131 58102 322
62930 41307 340
35736 12854 324
60604 24312 340
54023 10927 340
14400 66611 340
55168 67961 335
23865 67973 340
1179 53521 340
57712 29787 340
39376 8894 324
48195 12515 324
37655 45610 314
52652 16785 340
73076 32051 340
43551 53122 340
65520 24601 340
29008 46100 324
21504 70755 340
36857 53868 340
56894 35128 340
49993 36885 314
73984 32200 340
66542 30299 340
71269 53468 335
61030 70780 330
42876 7257 324
7285 1035 262
44308 41915 288
30377 51863 324
21134 38624 324
17962 21825 274
40205 36967 306
38206 47141 314
51032 20854 324
73281 55523 335
34053 37043 324
49676 73830 340
34481 46471 324
49162 23345 324
29465 512 308
36143 57220 340
39647 7808 324
72259 33133 340
62827 67381 330
533 41384 324
24398 12449 282
74572 24719 340
31598 56486 340
5147 58815 340
71336 72947 263
35364 4302 311
2992 74118 340
11847 72627 340
30935 61087 340
52352 76813 340
61641 16437 340
62637 51152 340
34184 38650 324
72995 19687 340
72442 4677 340
29541 20028 308
21045 72591 340
528 51230 324
10178 18210 279
53893 29089 340
25755 53821 340
65531 856 340
41063 42508 288
70065 68410 312
19504 2660 279
6840 69888 340
5652 43421 324
49534 69954 340
7124 18258 279
70928 11680 340
54444 35888 340
29877 76743 340
74705 62936 330
29315 78278 351
69030 61019 330
27066 35695 324
10439 45569 324
80952 3894 351
63965 60642 335
36087 54516 340
5208 54998 340
3623 9297 262
29754 68414 340
26200 50741 324
80878 32839 351
20998 24262 282
19747 21732 274
18618 5197 279
26070 65280 340
74503 46507 340
14267 63125 340
27084 31845 285
56597 53596 322
54552 45898 340
11935 9594 268
70177 46109 340
25531 78935 351
