1 10 20
100 200 125
201 210 89
900 1000 174
5 5 6
59754 60242 317
353336 353343 167
665661 665863 248
795320 795389 225
229764 229859 306
677655 677797 248
830122 830562 344
735660 735806 424
270767 270795 270
129287 129315 194
17216 17568 235
563926 564097 271
489343 489844 276
709177 709178 124
624367 624486 279
273209 273590 283
424678 424680 250
513487 513759 258
219194 219522 337
257609 257656 213
678478 678972 380
778042 778186 269
493601 493711 289
105649 105666 142
37153 37518 306
95411 95785 284
1227 1688 180
264465 265182 332
585222 586091 359
640555 641283 416
566476 566613 359
907748 908056 233
902560 902743 383
261461 261503 208
145708 145751 189
403624 403689 343
676409 676481 292
250366 250407 200
487540 487626 201
619453 620061 266
756802 756978 349
859819 860505 357
45633 45909 239
147276 147329 189
756721 756756 243
102242 102273 266
164665 165197 308
748873 749241 393
596339 597017 372
277910 277958 190
71656 71699 250
381630 381849 374
664731 665045 292
927158 927899 339
193235 193349 254
646072 646111 217
517304 517488 333
620566 620637 297
939870 940637 383
857151 857301 282
75214 75655 263
837497 837674 282
775186 776014 331
101625 101708 279
384822 384855 224
917519 918084 339
997405 997449 321
390372 390507 206
382078 382082 224
660389 660471 217
45496 45821 239
613931 614628 310
289341 290069 327
320974 321081 353
381739 382015 255
255110 255520 288
250145 250936 332
533148 533174 209
132460 132483 163
599351 599517 253
614573 614641 235
56597 56643 260
584915 584949 178
180930 180944 117
408016 408173 281
119692 119712 212
44506 45069 283
95785 95869 222
32456 32467 192
270199 270238 345
392189 392661 255
748020 748063 225
84813 84987 258
804525 804827 313
572145 572241 253
565530 565543 284
906052 906857 445
662885 662950 248
764315 764545 256
498852 499009 227
474031 474195 382
512297 512718 333
919883 919996 308
47247 47352 314
445732 446159 325
685527 685897 261
737018 737758 380
358060 358198 379
103071 103472 217
775584 775786 300
744289 744984 300
822362 822496 313
307251 307824 278
381640 381698 255
420247 421041 312
573973 574061 315
96471 97000 266
461357 461433 263
734257 734688 287
38718 38962 244
315779 316018 239
754244 754296 287
70027 70056 250
538631 538679 240
186871 186987 285
264751 264922 301
95827 95827 191
700816 700830 168
508946 508984 377
147178 147561 295
809696 809703 269
21322 21354 256
602931 603077 266
468336 468365 157
41152 41184 151
474656 475127 351
303908 303927 159
577608 577992 253
16079 16482 266
677408 677958 336
627511 627810 341
516948 517134 302
342666 343068 304
992056 992135 321
204749 204996 280
293505 294000 327
920312 920490 308
144439 144759 295
19847 20216 274
436791 436980 294
663694 664364 367
473471 473957 294
886531 886766 264
263795 263965 288
285797 286014 283
528557 528766 302
265903 265936 332
680391 680656 292
896060 896088 202
501406 501441 165
459653 460169 307
57549 57562 198
622818 623000 266
618733 618749 217
594981 595225 266
861379 862162 326
905994 906051 264
230674 230946 306
979246 979253 215
230271 230347 200
332971 332984 335
13874 14361 258
5254 6026 236
22103 22336 238
849210 849652 313
544223 544255 222
269071 269176 345
949579 949635 308
108109 108671 261
385029 385329 237
849011 849015 83
323028 323115 278
683898 683904 124
454200 454233 232
141978 142335 313
412007 412074 206
272437 272487 177
495440 495559 289
778890 779026 300
363180 363355 229
64588 64690 255
228032 228135 275
310381 310533 247
227540 227585 262
662772 662887 292
738908 738938 243
710590 710740 292
915740 915934 220
171978 172326 272
212071 212490 355
647431 647596 292
673595 673840 292
806693 806695 238
460102 460564 307
759579 759654 256
436303 436922 325
578542 578715 253
563515 564266 315
153275 153591 308
456215 456717 281
562176 562289 284
752347 752709 287
294176 294259 221
219065 219367 337
364248 364521 286
334605 334736 291
659083 659118 199
646113 646277 323
111694 111708 186
510126 510332 245
892379 892381 295
178458 179091 303
434025 434052 250
497621 497854 289
588222 588241 266
75421 75436 232
21568 21684 194
855948 856067 357
268814 268845 164
348639 348986 260
732628 733160 318
670803 671092 323
729508 729995 318
198337 198718 329
484807 484856 289
780235 780549 331
529051 529208 271
21401 21443 238
469002 469251 294
872385 872448 295
414177 414619 374
299495 299764 221
836250 836770 313
71726 71824 232
157300 157597 339
343229 343455 335
519332 519335 258
584563 585070 359
876114 876316 233
324558 324568 172
307961 307962 190
965030 965496 277
27880 28154 259
896642 897089 282
726342 726546 274
695344 695479 243
847670 847788 326
140562 140773 313
22888 22922 194
217246 217282 324
822442 822946 331
170632 170973 259
104828 104964 248
976402 976592 246
804466 804936 331
193230 193398 254
241994 242377 275
844507 844696 357
190606 190628 148
207133 207398 311
353958 354099 273
262436 262872 270
485172 485439 320
716001 716453 380
259085 259122 182
121216 121508 274
651407 651776 323
786609 787174 362
840508 841042 344
320363 320396 291
688778 689119 292
97716 98443 297
44584 45047 270
277574 278234 389
731251 731579 225
892091 892736 295
502695 503335 289
84152 84500 302
551302 552035 377
462156 462836 351
885120 885159 220
667871 667895 230
463296 463349 232
3574 3578 101
576131 576536 253
976599 976737 246
531902 532063 271
993994 994349 352
962738 962758 259
205199 205529 355
428717 428827 237
754951 755040 256
256510 256611 332
689663 689752 261
535828 535830 116
224344 224444 324
932313 932343 308
780297 780302 300
189673 189676 104
548740 549093 333
550804 550833 209
759550 759594 256
150271 151081 295
975873 976402 383
165707 166459 352
990320 990346 184
893451 893557 264
162501 162956 339
918280 918688 295
964230 964238 215
284157 284173 177
85750 86128 258
218773 218806 262
176641 176713 179
354694 355399 379
623325 623584 266
236441 236687 306
786751 786960 300
147885 147922 233
364236 364458 286
61987 62003 317
427765 427840 281
173649 174300 334
376535 376688 423
952286 952607 414
821059 821166 313
681321 681550 305
533594 533649 258
654221 654448 292
900909 901155 277
404471 404635 299
402388 402484 237
908991 909395 326
33363 33889 267
904841 905416 326
723209 723377 349
737629 738002 318
776812 777081 300
820857 821038 313
666549 666590 261
495612 495779 320
65758 65772 224
288622 288800 270
524061 524363 271
793400 793778 269
24918 24936 233
389349 390086 361
753202 753214 424
610810 611257 341
318132 318161 278
787466 787841 331
964278 964289 352
643667 644198 261
124394 124416 181
727555 728381 318
782732 782772 225
511885 512016 470
70265 70359 312
256326 256437 213
919314 919424 339
607023 607426 341
727729 727781 212
384984 385115 273
801415 801588 300
822337 822347 145
296777 296787 172
568401 568407 191
99889 100074 310
152236 152615 308
139792 139856 176
709425 709427 75
773816 773868 194
549114 549592 253
64064 64312 299
29103 29348 272
588798 588939 253
36745 36840 187
863533 863829 344
958892 959047 277
230272 230696 443
204947 205542 355
749598 749669 287
3887 4017 189
119619 119855 305
657830 658630 398
837582 838098 525
408955 409252 312
845394 845640 313
305375 305756 265
561209 561488 253
284508 285087 358
735800 735970 318
112370 112612 305
144163 144281 207
584427 584858 359
758633 758780 243
162254 162407 321
684288 684353 230
463602 463753 245
997865 997977 277
951165 951192 277
955719 955859 308
688627 688914 230
559174 559195 160
232089 232193 231
971739 971871 339
478920 479103 338
917194 917256 202
615506 615890 310
676405 676509 292
155203 155237 184
60413 60532 273
934369 934609 295
111646 112242 323
940697 941045 308
34341 34446 205
482847 483191 258
188899 189146 254
258431 258453 195
530897 531023 346
661 842 171
74599 74625 188
406469 406811 281
606737 607220 297
174698 175032 303
410131 410373 268
318646 318657 172
392218 392550 255
819907 819913 207
276434 276456 252
662710 663081 292
667698 668012 292
204303 205010 311
542964 543172 315
945712 945746 277
962617 963372 414
849744 849747 176
67305 67798 312
537578 538178 346
181309 181309 91
439199 439424 325
615552 616041 310
113154 113275 261
354128 354371 348
361732 361739 167
918334 919115 339
650064 650151 230
491651 491833 289
50798 51356 278
342770 342782 198
7145 7294 195
354417 354628 335
348289 348804 335
498413 498446 227
190722 190731 223
256355 256724 332
155921 156066 277
528684 529300 377
759123 759269 256
191719 191786 223
596611 596688 222
208771 208826 205
691414 692097 442
766328 766433 300
522932 523304 258
466073 466655 369
979210 979363 321
23053 23119 176
903717 903997 295
857060 857181 282
184462 184561 179
730576 731078 318
130838 130974 225
203665 203703 236
675575 675983 385
648981 649341 385
938790 939261 308
808639 809202 313
613929 614403 310
892632 892634 158
457437 457804 338
808065 808111 238
270379 270581 239
759023 759171 243
320129 320344 353
526739 527017 333
717454 717555 349
787312 787830 331
228551 228559 200
388755 389026 268
62204 62407 255
878499 878760 326
623058 623327 310
580662 580687 191
180274 180454 241
952579 952846 277
224069 224163 231
738290 738501 256
47513 47639 283
946085 946549 352
638995 639124 248
853539 853874 269
753459 753595 331
525589 525856 240
689263 689879 305
285891 285979 283
433214 433546 250
804471 804472 238
841902 841982 220
999740 1000123 259
550749 551624 377
543295 543444 240
931467 931519 277
943458 943618 339
818427 818894 313
962569 962939 383
831727 831763 207
637781 637788 248
570043 570337 253
104351 104444 217
681881 682339 323
794611 794832 300
371532 371634 286
270641 270872 363
905332 905532 233
333858 333968 216
985437 985550 365
224133 224136 156
907044 907529 326
565764 566558 284
362092 362176 242
611929 612042 266
304962 305158 265
520171 520174 196
111107 111116 155
820191 820523 269
722763 723065 380
451699 451822 232
334210 334690 322
874094 874179 264
258856 258969 301
232991 233020 231
139071 139220 300
893014 893834 326
601479 601510 235
712268 712418 349
18909 19251 230
958340 958346 246
230485 230772 443
934429 934491 246
54212 54291 260
442903 443342 325
825738 825986 344
361211 361544 286
341165 341321 291
737285 737518 380
464253 464320 201
926028 926250 326
857825 857916 282
934814 934842 246
458620 458912 263
876645 876734 295
280300 280306 221
183871 184350 316
142260 142436 295
919851 919876 339
592929 593017 310
919865 920158 339
666220 666227 186
78596 78616 139
486831 486949 364
740435 740635 349
258795 259040 301
135525 135954 269
895472 895472 189
180197 180607 365
321757 322217 278
193732 193932 298
783728 783762 331
306063 306275 234
122517 122535 243
4663 4744 153
38154 38251 200
598164 598311 341
822801 822980 331
169563 169663 228
939779 940117 308
173620 173675 321
3772 3857 176
361551 361624 273
617656 617671 173
64414 64947 268
433914 434250 338
236801 237469 350
782289 782840 331
419901 420082 281
505036 505675 364
468267 468274 170
697581 697601 243
409430 409443 193
121036 121300 274
122060 122187 256
713490 713504 212
68701 68722 237
537321 537372 253
520255 520924 333
264508 264845 332
561839 561887 245
715777 715957 274
758995 759649 362
963038 963817 414
745754 745850 287
926388 926494 233
137614 138450 313
720688 720875 411
715393 715396 168
321010 321061 278
733669 733672 212
209016 209042 205
70780 71249 312
1726 2534 209
841043 841080 313
214976 215018 187
984687 984823 259
677704 677704 137
169911 169989 228
962628 962648 383
443184 443404 294
798610 798904 300
546031 546744 452
2853 2905 173
62884 62946 211
943539 943570 233
782735 783509 300
451614 451675 263
813933 814006 251
863761 863991 344
509484 509824 364
337941 338159 335
592269 592371 297
600074 600383 315
581384 582189 328
960172 960369 233
804792 805188 300
440070 440332 232
305446 305645 234
252180 252415 257
290542 290904 327
889287 889318 158
835949 836427 282
96100 96478 297
323141 323254 322
356418 356476 317
79303 79962 307
209714 210251 342
483889 483914 183
523111 523175 196
447146 447784 263
649528 649626 230
335471 335539 260
666956 667133 305
58519 58778 273
33307 33971 267
675685 675859 274
181287 181577 272
649197 649223 367
361592 361650 273
857084 857632 357
325712 326118 322
150392 150587 233
928490 928528 308
733891 734134 349
367427 367811 255
892813 892866 264
435256 435433 232
119056 119112 181
450065 450208 312
19710 19870 243
183847 184271 316
924952 924986 308
540075 540628 408
789747 789885 300
755264 755266 181
8497 9093 247
290721 291068 327
987637 987687 184
83694 84132 289
344197 344264 260
113312 113506 248
47087 47254 283
557672 558122 315
795665 795761 225
714693 714930 274
958602 958726 259
223025 223755 324
637054 637714 354
561044 561074 315
572679 572709 253
996811 997207 321
668772 669035 292
855703 856093 357
325468 326245 322
788967 789219 300
97017 97184 253
360393 360593 291
167188 167192 166
33715 34104 267
789512 789778 300
345505 345508 167
522350 522852 333
196099 196319 236
406911 406975 250
934898 935571 414
112531 113148 292
299185 299201 234
354518 355395 379
769220 769298 225
324806 324855 229
832869 833125 326
460594 460803 201
663915 664448 367
589813 589906 222
431329 431492 219
70883 70894 144
850234 850644 357
558263 558538 284
781842 782205 362
400808 401173 387
423472 423955 418
829514 829979 375
521711 522053 302
44199 44410 239
831278 831421 251
303069 303096 234
377876 378255 330
3587 3705 207
953528 953543 153
352355 352456 304
31825 31869 254
621937 622850 310
630652 630897 310
861994 862144 326
315542 315859 278
829788 829907 344
34965 34965 112
159770 159904 277
818117 818555 344
243203 244076 337
85272 85463 289
872622 872956 326
683803 683984 380
639491 639881 279
433418 433604 343
727944 727944 181
863992 864494 295
982966 983337 383
110347 110559 261
503510 503641 227
325097 325126 229
752902 752910 194
901064 901152 251
1580 2072 180
409201 409259 268
959767 959865 352
952077 952094 246
988516 988782 308
529652 530087 302
620935 621094 279
63246 63354 224
509477 509513 227
76129 76618 307
695289 695838 336
601217 602027 403
759616 759666 217
410235 410575 312
46607 46873 252
645546 645612 279
282060 282095 252
501475 501937 320
188929 189093 223
362505 362621 211
677640 677996 336
300716 300757 234
372570 372828 242
191909 192258 329
749797 749800 181
778959 779360 331
205522 205887 329
831139 831600 419
208497 208561 187
712888 713326 318
227699 228216 337
524861 525373 364
517471 517514 196
199306 199721 329
430306 430358 281
249225 249287 257
695443 695449 168
297275 297312 190
958808 959729 308
44856 45300 314
707259 707322 230
497569 497669 258
844732 844803 313
483053 483070 214
974715 974722 215
585164 585229 297
957187 957391 352
269917 270012 345
531021 531117 271
535525 535596 302
261074 261108 164
722201 722368 411
570668 570682 222
308987 309477 309
502779 502884 289
282253 282750 314
288307 289005 389
349242 349821 366
549148 549799 284
137496 137546 207
759129 759361 256
98877 99269 328
188219 188447 316
761223 761247 163
255503 255802 226
195412 195803 360
342320 342352 229
960660 961022 414
926810 926812 233
894232 894567 295
690410 690410 199
377417 377454 211
36518 36666 218
968144 968416 321
302413 302801 340
941714 941873 308
500702 500753 333
357018 357817 304
564115 564553 315
768611 768615 256
871134 871227 251
126205 126228 318
600439 600836 279
881205 881252 176
277834 278135 283
877041 877221 357
568539 568882 359
654303 655081 323
295388 295591 265
506852 507045 382
774218 774227 132
495660 495858 320
146952 147304 251
754078 754223 287
916085 916085 96
998672 998761 246
343260 343324 335
412178 412820 312
411199 411362 219
728551 728576 287
12120 13063 263
506684 506770 227
571888 571982 284
912402 912487 233
775663 776231 331
847250 847605 419
992638 993032 352
174467 175161 303
979529 979664 334
732765 732938 287
779217 779237 300
174822 175103 303
192254 192878 347
811954 812384 362
750918 751093 331
643901 643951 248
980051 980064 184
144977 145048 189
532977 533432 377
19688 19947 274
580990 581303 266
720810 721532 349
75210 75472 232
930500 930584 171
393875 394072 361
322674 322685 216
858421 858812 251
791286 791735 300
494145 494179 183
676075 676884 336
162963 163304 246
249735 249903 332
229827 229985 200
236552 236637 244
735099 735187 243
792260 792449 282
737583 737771 287
546157 546165 209
255911 256549 332
438038 438802 400
173571 173978 321
530476 530805 333
491848 492485 320
854980 855762 388
89016 89041 302
636351 636436 279
342479 342530 242
79397 79529 276
463116 463137 214
413673 414103 374
40592 40770 257
502844 503710 271
491057 491132 320
696306 696663 336
510799 510948 333
88070 88328 302
770346 770644 238
105214 105355 217
656649 657072 429
945415 945510 352
347967 348266 304
543208 543355 240
197531 197619 267
238644 238783 275
438509 438518 263
357162 357204 242
278226 278343 345
275675 275888 252
36315 36715 249
915973 915978 109
386377 386542 255
361665 362065 273
560259 560333 359
420255 420507 281
508916 509461 377
687487 688045 380
430553 431005 281
507091 507161 333
862761 862762 145
954989 955068 308
454928 455582 338
549916 550328 315
25152 25202 264
31397 31855 285
39187 39361 275
804479 804684 331
865673 865914 388
713302 713370 305
238261 238638 275
169320 169561 290
822516 823057 331
452481 453047 294
399071 399405 299
584814 584998 341
943908 944208 352
466317 466782 369
607422 608248 403
572576 572624 372
685826 685877 261
766084 766800 331
748483 748646 256
116822 117491 274
474024 474700 382
725594 725650 225
712337 712960 411
129739 129943 300
639510 640037 354
10629 10993 268
472539 472568 276
82153 82216 214
49105 49231 234
576272 576494 253
781161 781189 194
766310 766604 300
836793 836936 344
290326 290431 190
774678 774708 269
472462 472486 201
827720 827797 207
186243 186280 179
904405 904502 246
172713 172724 166
602153 602299 266
755083 755421 318
881640 881685 264
137102 137860 331
22368 22688 269
484343 484901 320
899736 900113 370
