767415 378829 470
217533 392721 443
670513 476062 470
350198 888601 470
417987 159932 449
699859 269232 470
774733 79392 470
756214 546576 452
120280 137587 344
934149 959022 445
228791 670563 470
939459 34065 476
207758 706292 470
640393 567805 447
490048 777134 470
127480 951729 476
518183 544051 439
41485 605862 470
429345 721305 470
271901 999144 476
938644 644983 476
915436 268966 476
353900 750574 470
581770 562496 421
502586 971662 476
226047 60328 386
459853 270302 449
843394 844429 357
252913 430497 449
142246 688328 470
934120 676124 476
630654 967668 476
230708 673017 470
36134 533454 470
403739 956028 476
127734 338089 443
877078 655893 468
431764 657671 470
33618 568494 470
93874 218869 386
288000 656226 470
624523 224281 470
582896 100812 470
427317 444072 400
582206 425958 470
217728 639328 470
171203 980777 476
162556 888782 470
229535 636788 470
97146 83223 333
300580 840266 470
488394 401562 449
206948 760591 470
836580 883149 432
285467 887773 470
984346 2901 476
786209 171326 470
13999 104356 351
748444 462508 470
999286 999775 396
572035 169847 470
409942 326325 441
28144 673534 470
413745 364920 449
296531 932694 476
962927 245559 476
418763 305530 449
159402 927526 476
779570 856655 468
939046 551733 476
322468 885415 470
214862 341310 443
119051 441619 449
677401 744205 442
485064 959280 476
332971 817791 470
79427 596801 470
860600 585106 468
123711 73864 354
208500 376806 443
796380 141659 470
984380 153764 476
160622 727853 470
22138 512689 470
305704 159114 443
951412 899057 476
193204 799162 470
145077 686070 470
322921 677136 470
535854 317515 470
43484 4828 324
482342 969929 476
644642 116964 470
285551 189822 443
690389 50680 470
137106 28399 354
377907 349440 423
695505 4914 470
247958 820720 470
294579 561157 470
128637 690527 470
823677 847055 419
508829 256316 449
559846 31453 470
149270 225094 386
560592 928702 476
936584 522138 476
381030 527966 470
156046 723310 470
532928 185740 470
285585 176483 443
902084 822693 432
428409 388678 449
225421 255460 443
954434 910556 445
707836 707580 274
884914 79173 470
814105 828268 450
55745 507208 449
162325 915114 476
847244 909730 432
334977 238791 407
516219 351336 470
793950 623634 468
483119 906553 470
709372 970450 476
736802 19512 470
759037 808621 468
126686 753904 470
863432 476890 470
42773 257499 443
375626 422224 449
275195 704591 470
440909 169867 449
895249 723545 468
436417 984669 476
816133 109772 470
149403 673676 470
552008 726682 447
348126 81002 443
178788 458912 449
922529 978587 458
889252 58408 470
874842 696133 468
848395 932645 476
485525 580980 470
836332 948532 476
259369 332197 407
13281 728084 470
131472 305426 443
514335 550530 452
474514 936540 476
860981 161867 470
5553 232625 443
356812 501391 449
347760 358534 379
343007 833393 470
646438 694604 442
681837 543903 452
655741 556320 447
375702 883946 470
166873 753063 470
832209 33566 470
445349 614848 470
288118 752200 470
406712 181057 443
80887 329795 443
562486 92951 470
531821 66055 470
253195 764291 470
325245 847562 470
665457 981025 476
535071 172090 470
576030 179266 470
302755 921726 476
970366 172907 476
417425 492512 444
473031 240307 449
258342 582870 470
401202 818019 470
465997 37644 449
491386 469411 382
707238 610698 447
61769 581347 470
215005 264010 443
776665 379321 470
650728 188077 470
410087 320993 449
668317 874200 468
83697 24329 351
160489 670047 470
335868 232073 407
353066 69186 443
165098 371739 443
15784 57412 340
750966 512317 452
508488 752007 470
280794 589182 470
28471 84088 351
152539 879044 470
507248 476644 426
24712 576312 470
17048 624754 470
114504 885732 470
646246 221625 470
362759 21534 443
632637 408955 470
208114 73679 383
800395 751402 468
911138 653020 476
895774 736569 468
545986 493163 470
319229 228717 443
987040 489100 476
52216 953481 476
952970 330629 476
333942 642305 470
82997 833281 470
276296 527322 470
508349 432829 444
344982 565898 470
818062 678764 468
594950 294820 470
431349 817785 470
841609 585854 468
465188 691912 470
203023 202095 342
64186 214208 383
496610 327263 449
201277 481291 449
441757 910142 476
492643 71177 449
790240 208353 470
110824 377011 443
270599 825975 470
644391 105970 470
143673 541266 470
9945 714256 470
875832 712234 468
689997 303106 470
856909 601436 468
860868 180939 470
821061 973010 476
552841 649412 447
731169 406056 470
499583 314885 449
611341 354557 470
427979 89016 449
47620 630433 470
424676 993903 476
84258 295725 443
492955 519134 470
335847 11749 443
758515 820428 468
220649 407514 443
604665 763982 447
151119 394650 443
721756 44003 470
967504 670298 476
383836 112835 443
897257 47491 470
762699 320478 470
849754 60306 470
809459 789864 468
323333 743359 470
975737 503055 476
642895 281583 470
539648 272327 470
381211 592931 470
819457 332081 470
434797 805529 470
846276 396115 470
784993 245620 470
477182 297297 449
994563 556870 476
360760 195917 443
992672 920344 458
829287 389121 470
105600 666867 470
388645 322844 441
991717 639720 476
189541 551328 470
507935 918492 476
38914 119683 354
828897 717212 468
529289 220835 470
644562 296319 470
582289 336129 470
633232 487079 470
311655 113334 443
170102 38396 383
597456 630579 447
88142 510287 449
484448 733252 470
559702 482537 470
262705 615230 470
313908 875573 470
425769 32193 449
800671 459880 470
594641 135489 470
487518 774542 470
251597 324315 407
354236 735087 470
273826 918783 476
287989 195494 443
105538 618497 470
827161 607601 468
659486 686224 398
784186 750122 468
267347 339840 389
156722 500776 449
231555 360584 441
27314 850145 470
510198 953565 476
35308 619613 470
315203 476927 449
457907 356554 449
983677 705992 476
678407 527668 452
11257 250191 443
464562 953535 476
179705 408682 443
706367 226053 470
281929 727979 470
165491 527949 470
