773920 77428 470
317061 795626 470
712838 930454 525
618497 552666 447
835139 372913 470
582709 149429 470
162762 115883 383
339121 108542 443
349596 408899 436
551616 204992 470
5214 843106 525
764900 56251 470
824997 344991 470
563318 773523 468
175017 652089 470
303736 577844 470
183790 126880 383
896458 875658 432
630791 899653 525
10538 286002 443
124550 835559 470
776771 53986 470
297129 777622 470
561422 715166 447
76669 418580 449
532607 665458 452
270930 59657 443
254123 61760 443
887335 514849 525
790135 232460 470
447225 801573 470
351694 310943 441
382928 936588 525
479114 708838 470
299878 679195 470
334406 535892 470
724688 790735 468
364346 33698 443
43425 123724 354
583949 104758 470
311599 833629 470
730173 643799 442
453572 758257 470
917894 689141 525
597561 371658 470
383373 116922 443
399722 741726 470
607207 260075 470
959471 343815 525
858384 772988 525
16463 887159 525
276484 821420 470
697839 971124 525
637696 892087 525
926581 376955 525
625482 224945 470
388638 920346 525
313756 386456 441
917152 307581 525
637312 40735 470
466593 566243 470
431603 719487 470
351272 341388 441
767546 656130 442
488649 223050 449
463673 227491 449
703803 866534 525
818995 923985 525
823553 138557 470
613889 956618 525
723689 466784 470
865816 341057 525
919200 857348 476
255943 722961 470
942828 239004 525
487372 812498 470
751005 378549 470
234543 696023 470
601409 299231 470
110473 825968 470
727743 608311 447
181529 100439 383
938649 59339 525
261478 992189 525
936022 430778 525
399214 767884 470
818608 279948 470
226715 764029 470
870015 599430 525
856898 472901 525
27540 545886 470
960863 707667 525
25347 756895 470
415245 684347 470
605306 605782 341
350663 805518 470
771893 736754 468
524838 802969 468
72931 523181 470
528289 714844 452
349711 464530 449
896110 840130 432
728706 719501 411
45562 10959 324
489350 434444 444
624586 41886 470
836467 273432 470
570748 133632 470
447099 112570 449
803232 901719 525
187456 292531 443
263709 236242 407
70181 175150 383
46405 876708 525
95721 338379 443
18490 614671 470
352882 566311 470
442 137538 354
207279 776833 470
672087 887808 525
495861 89000 449
605489 703691 447
462614 306731 449
275202 611113 470
866546 575947 525
345293 263766 389
848717 162694 525
438821 718712 470
599943 803646 468
498789 827758 470
688688 887082 525
954788 318284 525
247692 696422 470
457994 290252 449
489878 114540 449
72203 885683 525
623522 865141 525
843337 975972 476
913941 845561 476
313468 329596 384
856008 534102 525
658402 197027 470
389220 986518 525
737409 991159 525
791328 492937 470
292122 708715 470
537460 989483 525
220294 356324 443
870859 457990 525
587196 729307 447
711451 913643 525
679685 909441 525
430341 514831 470
146963 70940 375
1702 644818 470
711688 64707 470
342950 877321 525
220997 861581 525
665255 273361 470
397775 581425 470
242833 24038 443
648857 711226 442
931314 916072 476
177951 383979 443
31237 948703 525
927802 22119 525
720945 248995 470
683321 814835 468
395405 169413 443
232179 253531 381
113311 472920 449
563858 840963 525
996445 538984 525
216170 723327 470
11355 174409 383
718644 816702 468
444512 773305 470
964058 377311 525
445471 545711 470
534312 906933 525
892695 438605 525
470901 272400 449
809589 664346 468
345917 353770 441
16139 940405 525
686670 511678 470
349591 817219 470
871139 87272 525
801199 865531 525
963671 975084 458
561098 79162 470
73236 965268 525
807862 999323 525
307176 815103 470
503035 579623 470
339578 557037 470
965040 488287 525
637949 751329 442
877978 36413 525
678329 427054 470
360497 151348 443
51254 61547 340
905761 779514 525
913071 777973 525
110165 245309 443
514883 793659 468
340993 290789 384
684770 540126 452
817266 217315 470
866031 932263 476
898205 197762 525
724808 168857 470
397837 878066 525
725422 382615 470
937179 245640 525
211846 677028 470
881532 316209 525
155825 828676 470
584611 210344 470
58327 948590 525
428333 171253 449
321976 562904 470
81800 843048 525
737174 118238 470
596421 249873 470
168818 916725 525
498291 936111 525
68831 153109 375
224480 930592 525
333788 640948 470
881616 802546 525
867752 934910 476
638150 655939 416
127453 352600 443
91110 968353 525
367595 939768 525
73084 563931 470
211286 434783 449
458407 691530 470
274082 906118 525
295437 926414 525
452011 19304 449
96745 622911 470
744117 196420 470
616563 908465 525
316285 714125 470
837238 414332 470
418553 203587 449
241050 852929 525
257367 215396 443
708950 749040 424
807700 824570 450
515066 479766 470
690177 78397 470
558738 139946 470
206787 682217 470
737893 709540 424
341850 312717 384
64390 411167 449
685081 246429 470
549561 916590 525
324141 170679 443
158345 861496 525
633013 599840 447
684374 39695 470
517715 159538 470
688500 995461 525
298819 442438 449
602435 624084 447
606774 367625 470
400566 641921 470
781301 110418 470
442154 515990 470
882389 675601 525
225118 148323 386
899738 446270 525
333270 138534 443
697572 303425 470
381492 867852 525
861161 885736 432
666882 694045 442
901821 20715 525
113228 178831 383
530855 519567 408
9374 18857 279
354602 486668 449
983476 981116 383
800191 362422 470
877137 241391 525
495425 197900 449
481909 231659 449
958253 499439 525
401245 832931 470
334638 660552 470
61380 257794 443
262045 241218 363
29220 668293 470
855097 23186 525
96884 32552 351
97960 417404 449
706139 985582 525
474784 918080 525
742235 647111 442
463972 336026 449
570658 721149 447
161131 369661 443
215249 247656 443
798334 310945 470
683001 226281 470
436512 803389 470
234334 505847 449
856663 604349 525
877038 329043 525
864051 546307 525
827718 973417 525
173014 24 383
217296 198790 386
833390 721686 468
818811 7056 470
319796 229448 443
290051 356100 441
867979 544465 525
739592 552058 447
331458 415060 449
138306 903650 525
118921 586989 470
279251 400415 441
321135 799261 470
991503 578284 525
816232 3722 470
481223 735797 470
184964 330765 443
202458 11086 383
783331 264052 470
339499 808084 470
737645 616307 442
348967 364512 379
407490 120793 443
934343 930483 414
99147 945569 525
857612 215224 525
932555 46104 525
333216 2900 443
207438 256405 443
493885 179118 449
663798 82342 470
646451 970555 525
562134 321441 470
848474 585494 525
561739 861472 525
688758 854117 525
865914 339703 525
238753 319201 407
524931 184977 470
579904 51234 470
158458 694769 470
925717 982079 476
843482 428755 525
775642 704388 468
818266 659433 468
197849 845876 525
383181 723397 470
806390 379108 470
543292 912951 525
674622 185970 470
542453 632890 452
936232 545653 525
967866 384327 525
651518 429679 470
353803 737105 470
871486 789641 525
99585 210062 383
133771 904512 525
460718 533591 470
510197 559634 470
192758 168432 365
554523 515403 452
479262 21771 449
871760 157491 525
133742 185318 383
567815 507463 470
106598 783934 470
734760 425666 470
282517 651714 470
889549 982534 476
648619 493111 470
89059 939414 525
850454 854721 357
731309 864239 525
483273 224628 449
629681 43636 470
391378 695667 470
592531 342257 470
408288 123687 443
244888 944217 525
298497 944163 525
899549 326927 525
942541 672187 525
269786 550693 470
791452 708903 468
741728 860324 525
672768 216519 470
203485 252342 443
530587 384787 470
93828 241142 443
85439 955844 525
219839 470001 449
456579 949912 525
392329 53734 443
791232 161363 470
910892 978534 476
318613 936130 525
344417 633723 470
409120 944601 525
254575 736563 470
65226 826892 470
172099 711568 470
627139 591648 447
294800 319377 384
475483 323433 449
963649 261390 525
937225 516077 525
804293 153906 470
787470 420177 470
525620 346857 470
837701 292878 470
729691 342825 470
181461 869563 525
280845 703107 470
796002 970451 525
507898 471106 426
387878 974551 525
356267 730114 470
879682 317026 525
474144 940947 525
290086 97554 443
705664 370195 470
500760 701180 470
974477 652676 525
746663 824589 468
952281 413410 525
257878 331005 407
6828 225576 386
724301 904172 525
851182 250451 525
108882 787000 470
629796 522924 452
965873 514793 525
848590 734822 525
545316 686623 452
483689 913373 525
979661 976441 383
536083 891243 525
455316 329259 449
198926 287340 443
840920 232751 525
339964 251231 407
685554 221697 470
44530 320421 443
702895 244744 470
53732 388635 443
493217 692196 470
729226 763797 424
779784 368466 470
44942 798659 470
463685 210193 449
95044 447254 449
200218 371663 443
553275 773208 468
37232 372280 443
218687 201615 386
100654 716950 470
686584 716923 442
45096 284374 443
984169 466413 525
507743 617266 470
468073 777771 470
307085 971804 525
218062 676508 470
970545 877117 476
23059 52930 340
147084 711486 470
698487 742499 424
118039 14907 354
146411 365456 443
115818 279161 443
31957 903006 525
967038 255521 525
756654 350512 470
653086 682840 429
559265 69387 470
948380 812521 525
798571 849050 525
248400 648806 470
159351 988446 525
217200 290895 443
827987 855971 525
50849 176400 383
800840 834662 450
917962 27539 525
55300 947030 525
627179 408578 470
873339 66921 525
535467 222716 470
201222 19398 383
215745 77526 383
254817 922020 525
710918 349819 470
446947 227301 449
659835 297021 470
560257 370833 470
968774 948041 414
343890 42248 443
839310 225537 525
785114 734557 468
121004 337233 443
594649 885677 525
611798 56302 470
860320 806609 525
369161 408852 436
59218 821442 470
373245 86896 443
923106 482207 525
298200 653162 470
339047 926607 525
912392 427186 525
447845 151654 449
534478 455933 470
451016 827774 470
566909 474658 470
383076 17724 443
999388 774659 525
921898 746066 525
297232 185719 443
818496 749466 468
876762 303723 525
811749 655655 468
155620 231666 443
917850 845336 476
52332 106223 351
254761 510894 449
317737 620657 470
457765 330420 449
291771 904761 525
961214 212389 525
275475 666980 470
100073 287185 443
605971 190890 470
755045 672695 442
949573 65220 525
621982 863353 525
948085 223944 525
289350 651035 470
234057 838539 525
920237 402205 525
171731 518333 470
745746 736053 424
72951 438960 449
479980 502317 426
54858 15836 340
39201 725557 470
648297 172936 470
997147 619406 525
932780 773111 525
648399 392600 470
40821 206086 383
430259 168491 449
842674 693183 525
374920 931894 525
434834 617573 470
535133 850496 525
739738 107510 470
195750 750397 470
133350 566989 470
579844 443383 470
224712 353793 443
37483 789371 470
633169 855252 525
543093 776624 468
148706 167759 383
293023 107778 443
521424 92438 470
235640 64857 443
998726 796867 525
143870 320953 443
342257 574780 470
364932 439962 449
782703 986240 525
804312 286996 470
124082 237277 443
806260 584558 468
818032 810313 406
127991 387104 443
442559 806120 470
985206 996888 396
299242 657738 470
141226 595602 470
651971 984764 525
390224 881241 525
58768 886956 525
583353 447082 470
406393 308946 441
79537 850454 525
19189 144223 375
899003 367496 525
190195 277801 443
839062 669395 525
910010 893984 401
647959 60095 470
676597 126438 470
958332 143877 525
977419 908131 476
605116 151295 470
652785 72858 470
246915 247796 350
854880 789456 525
593595 196623 470
424486 421503 418
59501 702462 470
750396 520134 452
535562 960072 525
612904 369646 470
192569 365926 443
594773 183553 470
516420 605477 452
789219 197716 470
584265 474049 470
941040 773343 525
931032 186987 525
933956 218013 525
577923 477874 470
126130 424603 449
68994 375361 443
61148 226415 386
511439 74610 449
287020 79550 443
86752 327185 443
201507 996495 525
94440 696931 470
908456 275167 525
566379 897047 525
9140 150933 375
785874 655148 468
129264 559007 470
135822 257855 443
203575 116829 383
825789 52292 470
562082 816123 468
578226 262884 470
152218 332251 443
866137 306222 525
358838 521516 470
99443 228277 386
636779 637485 354
217318 182603 386
761696 945984 525
444840 821558 470
890945 347109 525
408000 572859 470
691507 231217 470
111486 900168 525
267495 732548 470
407124 572604 470
864304 420975 525
897800 830000 525
309171 707038 470
486638 117033 449
393420 644897 470
893651 129504 525
103360 866287 525
701228 751174 424
424092 114260 449
783264 675061 468
403629 637204 470
446743 542538 470
84653 159030 383
511035 242408 449
833383 847541 525
537001 346251 470
926508 332758 525
691544 30043 470
990708 56095 525
541916 272031 470
325486 410886 449
867799 55235 525
151766 936593 525
682636 625453 429
368233 914739 525
620481 227330 470
846156 361156 525
360354 767326 470
739268 901186 525
164575 972750 525
737179 261823 470
515410 191692 470
745844 567186 447
899162 125644 525
544647 793592 468
641017 403315 470
57948 458644 449
629042 560290 447
172889 549782 470
817501 250233 470
403742 86876 443
272166 957442 525
340366 991224 525
922801 548666 525
762177 191785 470
767218 593227 447
77807 929544 525
17724 63012 340
417568 587169 470
887672 190077 525
956970 160098 525
652818 818803 468
892371 99228 525
859983 238172 525
226746 176489 386
982528 985115 383
551223 189863 470
470601 89932 449
751196 403309 470
710467 630590 442
18306 48520 324
194084 399171 443
492819 830918 470
283136 346435 441
87049 678883 470
870526 840687 419
670833 97362 470
294041 426264 449
428910 178318 449
35289 169853 383
700889 406735 470
16998 82795 351
986277 511901 525
170413 222824 386
504019 129993 449
704562 880482 525
579973 417989 470
354731 54494 443
538335 36620 470
340284 599181 470
456431 183761 449
219453 145851 386
235312 863442 525
243109 813387 470
12427 624049 470
103552 648494 470
415001 729910 470
880843 246535 525
580702 300049 470
611060 263905 470
270956 420553 449
847299 116491 525
832962 851264 525
693350 704081 411
416288 160361 449
786015 138796 470
93221 879006 525
530995 22827 470
178806 713220 470
676417 427212 470
411241 508531 444
400485 567815 470
930428 662624 525
290470 761369 470
670785 298166 470
664818 54139 470
927932 337430 525
804357 144194 470
412114 329127 449
979088 462654 525
283843 961952 525
777235 240368 470
435300 151448 449
605066 487292 470
527564 921625 525
424141 429173 374
844081 516222 525
438577 58306 449
157346 951012 525
810646 817903 375
683517 782896 468
969464 16717 525
919149 570833 525
364904 800999 470
727761 342925 470
134059 340490 443
267082 166405 443
718459 76369 470
64297 403546 443
696109 386746 470
977548 91644 525
61911 831733 470
357289 677296 470
889689 980483 476
722821 926350 525
580242 733372 447
69279 538597 470
215203 696019 470
691079 230809 470
43348 185097 383
866140 991268 476
99033 276501 443
757532 789878 468
854473 506176 525
128477 191842 383
220294 513918 470
669404 281514 470
396514 241085 441
792136 477261 470
937360 437146 525
234086 539549 470
674446 619381 429
662332 801295 468
596552 903347 525
98224 141713 354
712991 366440 470
379763 245265 441
284227 430970 449
633690 258337 470
739789 253193 470
722741 7475 470
115580 519465 470
662356 367700 470
255701 788090 470
595027 262950 470
541458 696586 452
598720 249535 470
863617 398373 525
520181 914294 525
120513 84715 354
922985 738411 525
757752 212112 470
652557 503437 470
591585 281160 470
640345 111823 470
257492 872144 525
107326 241851 443
566701 679450 447
439605 812079 470
739401 772227 468
930766 730343 525
355613 79438 443
924287 555341 525
116855 83302 354
594601 340127 470
257932 555202 470
794997 233702 470
176762 650460 470
190086 905575 525
447771 685762 470
498150 941978 525
175256 251547 443
734929 703672 411
702178 99149 470
662536 402230 470
62952 224591 386
771488 38058 470
310999 25774 443
893914 69593 525
328161 918613 525
828992 853104 525
429899 706426 470
685807 358332 470
992412 121068 525
453924 123829 449
302766 443352 449
643789 896107 525
891570 365492 525
531145 306516 470
93603 249289 443
46987 571656 470
981193 908667 476
257254 496062 449
869780 874141 432
256819 320658 407
978912 53668 525
352418 367484 379
259752 673989 470
21581 227844 386
739713 254438 470
495433 781615 470
972986 63040 525
365069 620650 470
927049 489224 525
418338 273373 449
120323 65958 354
260795 432224 449
574327 843033 525
904435 956699 476
969197 851902 476
823372 998637 525
286209 662057 470
316368 626546 470
110617 298321 443
659749 755742 442
543592 188912 470
567198 899249 525
68257 34730 340
406814 96847 443
56976 728606 470
643124 611523 447
147949 70026 375
713089 457728 470
702478 184144 470
293327 15431 443
722915 142829 470
642167 9218 470
650569 349244 470
818523 133996 470
588798 964501 525
439318 994693 525
429973 396127 449
91659 403222 443
545076 352687 470
362878 977316 525
960431 17545 525
78038 413774 449
611992 66230 470
784105 439169 470
351387 80058 443
670053 774908 468
493837 145124 449
461269 348223 449
958637 523710 525
445372 21426 449
903405 896218 401
572465 165017 470
653789 981171 525
494521 633014 470
364182 978515 525
845456 214903 525
36528 363784 443
368222 979208 525
779258 141498 470
726095 761765 424
480343 924409 525
785727 704268 468
152952 46490 375
864591 23500 525
25606 683892 470
79628 815588 470
222929 158549 386
322416 296793 384
447989 721417 470
604584 734085 447
956569 804719 525
315374 365446 441
212052 401683 443
809761 87924 470
470168 440930 444
277565 564911 470
334431 885085 525
890131 101029 525
618295 979254 525
340080 27225 443
774250 631874 468
332800 696604 470
371118 694114 470
853751 453763 525
823121 995213 525
342037 693758 470
480170 463233 413
344219 403121 441
642756 130817 470
226214 456017 449
192926 294717 443
95694 897280 525
179427 321698 443
694467 770810 468
113829 744089 470
205521 302906 443
452474 533282 470
907605 604094 525
463860 776653 470
191087 399951 443
296591 583320 470
801921 481771 470
156442 117414 383
583578 341906 470
266470 490898 449
960953 997615 458
88684 367565 443
580974 44433 470
764211 291538 470
448947 101719 449
248567 861890 525
194829 831451 470
416150 63212 449
856020 822158 525
561835 985884 525
283611 812103 470
180865 413009 449
279734 97155 443
833202 104514 470
602545 884237 525
31142 878569 525
639326 327831 470
554770 779527 468
54331 263097 443
987278 767889 525
592775 112425 470
804120 562070 468
606394 445002 470
583869 300336 470
445216 66001 449
903316 885596 401
952327 106199 525
857935 849261 388
192912 766784 470
478044 49714 449
145473 890915 525
106576 582224 470
463170 242498 449
31624 235804 443
983388 756399 525
289431 969657 525
847188 615400 525
859459 757375 525
649513 832235 468
943295 721394 525
690887 809635 468
800587 613849 468
150251 998394 525
189119 882423 525
861443 985627 476
62842 367153 443
829630 52991 470
695833 53730 470
63403 106352 354
453888 901674 525
256036 121871 443
775612 446325 470
216465 357986 443
537854 378510 470
320526 680277 470
568078 425397 470
310321 608264 470
867718 69814 525
355211 33686 443
67859 608515 470
458966 519319 470
61352 836384 470
668095 15350 470
563751 853834 525
158129 59198 383
740067 631609 442
573843 916882 525
809882 840737 525
301514 966808 525
493237 645354 470
892692 619928 525
506772 767475 470
689284 214632 470
354140 714642 470
447882 668034 470
211578 7924 383
604405 385917 470
398137 767312 470
98534 899382 525
989742 20827 525
845248 222005 525
478182 717685 470
31780 144678 375
61898 707617 470
254339 681586 470
754943 49193 470
661261 609024 447
208778 827218 470
757346 990878 525
216897 129630 386
550580 269177 470
256359 473488 449
869543 334573 525
433743 970288 525
647656 708397 442
508062 8222 449
457490 571233 470
380306 665370 470
588226 459199 470
593757 869192 525
863880 95987 525
552211 137332 470
372931 615346 470
152263 466903 449
771626 495147 470
175134 999493 525
958504 4124 525
537354 711655 452
983192 451230 525
806843 458516 470
36268 765876 470
608962 599276 403
279370 133985 443
871125 140910 525
457899 837870 525
319516 720683 470
926167 255325 525
657874 403376 470
477913 878981 525
379855 388251 379
633463 362069 470
256246 607769 470
657744 617968 429
972705 101471 525
588616 566985 434
38737 23038 324
689844 466313 470
677139 331459 470
21254 983652 525
120686 450552 449
371333 838219 525
493314 986457 525
724575 741112 424
122307 623463 470
718083 931092 525
983575 689931 525
769808 507944 470
816249 341845 470
432905 34052 449
181410 351956 443
569550 417857 470
903969 268814 525
276956 631887 470
798602 861689 525
895497 239932 525
528207 754740 452
64214 984468 525
913918 839762 476
221912 976890 525
781472 931109 525
412763 706743 470
214513 812174 470
249014 976576 525
137060 747929 470
538088 321358 470
92194 153267 375
301641 704291 470
31949 549055 470
833393 283309 470
535739 273014 470
144978 332136 443
765890 565572 447
108403 973709 525
132385 353692 443
617092 940944 525
973088 385718 525
580816 60335 470
50193 828628 470
998847 328300 525
841533 686121 525
899560 455722 525
929808 621862 525
838669 399203 525
998224 2942 525
196657 332694 443
737056 204838 470
192384 291138 443
753036 97566 470
347511 764632 470
870563 780522 525
565713 149329 470
196488 317953 443
573514 214847 470
455350 781116 470
895462 394132 525
377908 19645 443
882344 567148 525
359333 420287 449
319110 141294 443
486741 6796 449
105859 695380 470
165579 356389 443
247739 435653 449
771017 478352 470
849559 653513 525
502423 180930 449
878911 565451 525
731629 119596 470
961904 792989 525
332612 761533 470
211362 263590 443
121276 459584 449
255832 441188 449
232998 516705 470
808292 332616 470
284609 293292 389
526413 948809 525
294137 250572 407
996604 441718 525
889751 344278 525
264194 328854 389
14321 23485 279
337056 660585 470
472771 381118 449
609146 914690 525
200174 970756 525
135615 970892 525
469483 724086 470
672794 940537 525
221443 955925 525
193606 476618 449
886718 815070 525
356498 178390 443
736404 821769 468
21216 117845 354
152190 51295 375
366112 577585 470
390142 603609 470
935034 599886 525
333531 256788 407
218763 670054 470
637205 72174 470
164002 848089 525
990207 270466 525
110050 726509 470
295527 700093 470
679095 885936 525
354536 717160 470
195336 207078 373
699919 567819 447
44559 545848 470
439085 12317 449
778273 171210 470
956716 412736 525
333631 147861 443
886572 994482 476
122585 510947 449
752612 777751 468
981984 396934 525
311161 243730 407
409879 399172 387
175272 104096 383
440568 504169 444
471851 393929 449
169398 909187 525
822080 544166 468
415449 557822 470
918621 866769 476
488614 352937 449
33991 131931 354
286537 850880 525
892329 511033 525
964690 886079 476
96151 409387 443
449566 620454 470
961501 683674 525
744655 377162 470
156200 363960 443
381651 806085 470
853644 873916 432
464954 637076 470
132048 439937 449
154205 12936 375
286626 832351 470
223951 604441 470
381232 809690 470
420306 117395 449
348294 72913 443
384431 308635 441
749331 375465 470
299790 305288 371
295484 329789 384
12306 479269 449
773530 861564 525
380573 43099 443
993327 810104 525
605026 527636 452
540093 627218 452
785689 178804 470
611208 769731 468
28397 853767 525
805341 495926 470
40465 559239 470
333028 468599 449
627947 92560 470
301355 541372 470
591279 247978 470
957284 526134 525
890002 244468 525
500654 467186 426
971367 9841 525
648299 107840 470
146634 12617 375
450589 6184 449
848419 717872 525
337966 780455 470
634013 398164 470
467791 483719 382
209324 622881 470
146675 692415 470
156515 691887 470
530132 810979 468
398627 896212 525
136211 918030 525
719367 589215 447
972940 500 525
533929 350948 470
178112 969143 525
673723 280103 470
102975 407652 443
506006 974703 525
573000 623698 447
115741 472815 449
307046 716951 470
529914 485830 470
680079 699221 442
682646 896244 525
582590 682642 447
535771 595914 452
557697 585931 434
909693 962311 476
228516 689198 470
307109 624500 470
453091 31046 449
537409 505433 470
438151 116029 449
940392 629924 525
791377 595286 468
3746 422371 449
293153 685676 470
268319 676005 470
942708 464132 525
609995 617635 447
979211 746394 525
923135 824504 525
782042 820581 468
20677 576191 470
773616 455898 470
738592 94743 470
5279 549355 470
687394 929998 525
487738 173512 449
837133 960660 525
479555 47770 449
312835 671071 470
278222 967089 525
305202 494034 449
192214 345076 443
140077 150552 375
832759 658803 468
834022 274886 470
22681 192798 383
449509 663108 470
550669 715983 447
656471 733296 442
805013 715411 468
371436 778642 470
669872 874378 525
969776 378310 525
283245 317458 389
585243 815818 468
709338 401236 470
903959 786464 525
438178 510069 444
409954 854329 525
195734 138284 383
248259 530107 470
610203 616297 447
44587 453138 449
137978 940359 525
270370 324791 389
349909 530894 470
9831 924808 525
848496 957449 476
802702 734674 468
791303 539948 468
974711 294260 525
560231 478849 470
670903 967330 525
971427 659092 525
761769 12222 470
222047 138242 386
475546 125257 449
508400 350017 449
95550 70671 351
205994 423254 449
1288 251956 443
809808 870659 525
88652 210472 383
323698 953548 525
594065 427696 470
377950 806701 470
97687 223395 386
393508 15743 443
92499 283512 443
388502 126443 443
271710 474022 449
742376 151185 470
808146 742034 468
778679 481611 470
865409 441191 525
981593 948070 458
695330 914344 525
838537 87211 525
29831 947498 525
350118 824263 470
972091 605850 525
70424 25357 340
535604 799141 468
420552 124684 449
424925 622903 470
247246 616371 470
80748 169795 383
232203 354373 441
847159 506775 525
15983 754850 470
673626 966756 525
256959 738581 470
834882 727074 468
724794 951803 525
531415 345926 470
213316 486875 449
59124 21044 340
5494 610959 470
633218 42372 470
101765 850207 525
383550 786889 470
836499 796894 450
813282 406339 470
660057 541127 452
67395 358784 443
565557 176458 470
970288 990567 458
149607 881476 525
206195 2167 383
168335 775211 470
759140 2457 470
939127 831636 525
858369 570540 525
926085 492981 525
885373 460917 525
154192 651718 470
75739 644699 470
284378 818207 470
224557 619177 470
162831 964911 525
432333 308337 449
651413 470495 470
928571 912124 476
871628 210280 525
465715 609176 470
242939 846859 525
699419 784614 468
183283 304342 443
168467 284338 443
49108 66452 340
444575 448128 338
145367 959766 525
248003 610459 470
786863 626931 468
819461 119666 470
332743 10359 443
237602 996580 525
176338 2194 383
651406 310631 470
315839 266085 389
756478 117193 470
497590 499026 351
275089 604791 470
237073 478634 449
250778 421711 449
422550 6407 449
41488 410014 449
755386 208839 470
8968 993547 525
869696 193760 525
250198 566291 470
618029 286291 470
586055 362377 470
472599 987434 525
333744 597057 470
657806 255225 470
222271 242116 443
831868 669475 468
314365 828523 470
591318 158797 470
856718 262608 525
484871 304322 449
394232 69536 443
625857 267974 470
440769 802147 470
996500 692658 525
976657 899646 476
249903 248139 350
40667 28353 324
902788 191984 525
287372 135843 443
581497 376777 470
323204 265248 389
836580 980243 525
534154 77394 470
588743 944381 525
857343 542049 525
79327 645560 470
544171 60599 470
529746 521839 408
118941 196636 383
