894265 895200 370
584786 51211 470
559830 763859 509
97004 528966 470
530836 362250 470
608250 245800 470
390571 201530 443
184928 387025 443
874265 720188 525
368011 881362 525
802478 910425 525
765372 896821 525
538551 457675 470
405807 560182 470
293739 253024 407
944153 83051 525
874337 460239 525
37069 686974 509
916040 419764 525
592530 120825 470
978666 161926 525
936756 626947 525
426387 636101 509
821208 878781 525
336289 423870 449
315720 968124 525
755095 981518 525
106897 611302 470
493071 670627 509
523901 191780 470
233766 844333 525
828198 842448 525
131056 780438 509
64503 141454 354
578950 105107 470
352018 179237 443
759785 475577 509
397343 238859 441
847500 234297 525
270453 798808 509
416188 32835 449
109269 796757 509
582159 475307 470
592650 612727 403
933320 913045 476
135263 755711 509
867631 339287 525
991750 399648 525
664012 550606 509
434373 708908 509
11342 46235 324
118351 413232 449
224793 379653 443
345723 121455 443
640351 443147 509
334927 344844 366
90498 299662 443
537554 487410 470
218727 907628 525
64205 697871 509
350037 422911 449
948380 373866 525
781675 591996 509
628856 177388 509
932535 257856 525
507905 318378 449
193795 473400 449
468207 904702 525
509074 118709 449
311544 825510 509
805436 795425 468
2879 321137 443
157859 551746 470
673915 934860 525
286003 777765 509
682965 385593 509
224814 46846 386
350001 915646 525
554363 349378 470
486194 788790 509
220394 231777 443
763555 207774 509
241555 278238 407
116113 752515 509
344266 587263 470
362583 517167 470
268474 206187 443
569876 779554 509
236447 477276 449
661811 149606 509
575472 786230 509
798745 24201 509
140943 834868 509
684057 485124 509
941249 926423 507
990173 473802 525
934117 435841 525
328075 442136 449
453940 837993 525
620778 840202 525
912295 538839 525
790301 424223 509
519397 825341 509
639327 2595 509
953909 412755 525
45806 460817 449
584929 553021 434
672743 924906 525
874650 63975 525
395000 589438 470
784630 661414 504
433653 580572 470
157652 771801 509
386394 594222 470
684791 238181 509
151816 922790 525
686842 85014 509
146585 129068 375
152171 225235 386
902164 4620 525
988068 645075 525
345701 141228 443
993536 301809 525
404421 71503 443
706892 933787 525
987982 579918 525
150208 354469 443
139165 150545 375
510562 465728 426
117204 44235 354
761603 22420 509
187297 521742 470
166239 617316 470
931019 947954 507
710973 432086 509
18455 402651 443
353582 702145 509
711910 483817 509
682823 643823 442
75295 62981 330
798437 700302 504
227136 802320 509
999030 406796 525
14162 885906 525
902948 778677 525
972085 730170 525
374387 760645 509
10852 517162 470
818897 970739 525
760654 71293 509
422608 916344 525
746399 567977 509
725446 861358 525
865040 527356 525
217796 54884 386
753032 367006 509
964719 625046 525
364082 169758 443
128424 402981 443
938959 658469 525
156664 432347 449
67396 886017 525
864429 576474 525
755213 194667 509
819066 270406 509
55098 586315 470
597099 106269 470
946258 916556 507
325425 696685 509
215611 395041 443
491814 568517 470
480957 508812 426
712734 375249 509
741471 1169 509
571533 123938 470
969716 946298 414
341644 412765 449
880610 592308 525
333129 561477 470
1342 538127 470
878641 158744 525
894431 439415 525
327429 583397 470
160791 151467 383
840805 75603 525
692588 472454 509
18761 514405 470
623106 305261 470
226577 778703 509
206957 794629 509
552745 166695 470
418691 332620 449
893189 297917 525
496796 55074 449
309441 577553 470
798591 980084 525
953824 777287 525
149808 503638 449
148621 391903 443
813159 46104 509
440882 642380 509
499970 352000 449
861717 636022 525
343584 358544 441
662219 276296 509
748404 314112 509
765157 407247 509
391524 439105 449
984300 372388 525
327938 157524 443
25586 46910 324
167027 123787 383
127299 584766 470
104522 778352 509
595342 956403 525
101861 298936 443
386301 184519 443
810188 393872 509
929484 433293 525
71676 555252 470
974870 688456 525
878315 102068 525
766581 667757 504
267553 180894 443
538141 981923 525
235595 487813 449
845446 983397 507
913695 734850 525
822268 337509 509
373488 760919 509
599014 233522 470
557366 976320 525
627310 74852 509
172824 92143 383
852819 778576 525
117320 492790 449
873956 467477 525
899567 322901 525
458438 474539 444
151125 412394 449
954886 472587 525
82517 964270 525
970982 422650 525
943199 90826 525
740941 362496 509
266181 559932 470
327459 709275 509
726131 347476 509
75937 410090 449
968148 227245 525
303512 373658 441
388015 795830 509
561989 708352 509
428729 284624 449
151215 995176 525
831504 9048 509
315978 970383 525
161205 741118 509
795040 445933 509
258143 854011 525
457735 246481 449
891229 716772 525
28121 916090 525
588201 177684 470
441263 540002 470
406079 110186 443
433967 703772 509
2078 806358 509
337377 756519 509
624285 81480 470
456765 420767 418
402397 862158 525
419867 989907 525
357651 483027 449
953924 158350 525
597527 792458 509
999933 226829 525
822944 582064 509
121080 847830 525
724476 467126 509
919475 52403 525
283744 646987 509
207519 799053 509
202322 718845 509
130168 411329 449
300564 769625 509
628837 238090 509
950358 646967 525
724670 302248 509
9077 927444 525
79019 923770 525
912991 354009 525
968788 514853 525
790606 605025 509
674236 612613 509
995221 674800 525
388210 429340 449
777001 709746 468
192465 973747 525
509864 918536 525
309891 906927 525
367884 360202 410
648880 245151 509
599762 258645 470
563190 557849 359
327590 689970 509
568358 898632 525
50998 235378 443
914388 711050 525
268419 159762 443
355567 55158 443
957523 185268 525
547630 842007 525
648427 782273 504
987816 513202 525
700921 379547 509
410159 430315 418
863664 890188 445
914446 976622 507
860499 35525 525
631976 533365 509
722197 183897 509
204483 157314 370
812832 100030 509
701329 667276 442
115581 39211 354
761602 928509 525
357758 822119 509
704343 603023 509
562599 64342 470
289598 223283 443
940680 516522 525
209488 385450 443
859673 868337 388
925107 987502 507
584168 823145 509
21258 267360 443
212058 922558 525
108400 434312 449
705962 421290 509
28643 490842 449
439447 703010 509
959081 638759 525
965361 82470 525
570223 823038 509
737969 924010 525
544786 89083 470
283638 578279 470
426608 424186 356
216502 721442 509
814770 932865 525
822782 451262 509
562396 203598 470
23542 15596 282
969416 571592 525
704510 679231 442
637084 816096 504
810988 22357 509
137671 700929 509
239899 931424 525
332781 497001 449
294518 211721 443
38455 694607 509
329664 562177 470
210102 182311 373
164433 614784 470
43900 460817 449
976405 771399 525
873141 850595 432
860732 264125 525
872357 418485 525
338183 507118 449
415708 570001 470
759751 168832 509
570338 114302 470
259871 888700 525
441881 251939 449
617543 404402 470
207335 889662 525
283864 212434 443
40462 366696 443
979072 201502 525
125143 895524 525
637955 344942 509
597150 775848 509
114965 325435 443
234030 256962 381
393203 646610 509
787116 286882 509
860869 464987 525
472563 875401 525
731230 275841 509
723142 196802 509
764367 952301 525
82943 157289 383
753071 232510 509
364983 11418 443
310156 957885 525
995002 632021 525
772592 533048 509
58694 760652 509
36485 189765 383
463718 767895 509
248140 578141 470
761815 418146 509
204591 529387 470
881717 393112 525
18091 248740 443
311662 181222 443
525739 210236 470
598296 38981 470
108143 579424 470
259170 917815 525
998887 734833 525
773804 929185 525
537903 158964 470
811845 867357 525
995856 853486 507
535656 488596 470
646314 141945 509
848963 791972 525
317356 852947 525
21449 956246 525
651654 582561 509
49186 586408 470
894035 622601 525
273799 567487 470
883818 392216 525
50065 380140 443
212830 946807 525
214968 600106 470
652940 240323 509
303691 914131 525
229214 770395 509
584452 262300 470
114138 545780 470
465512 484671 413
575381 202128 470
864641 380736 525
270236 570701 470
117422 572310 470
255164 929936 525
592876 101698 470
167513 767685 509
337349 546218 470
708146 128807 509
572631 551178 421
224103 241539 443
290424 927774 525
836444 646142 504
763208 345567 509
359473 775641 509
383375 232680 441
789965 893210 525
448799 458421 387
726926 599123 509
686401 571224 509
560532 779162 509
52744 163310 383
404078 235118 441
693304 970521 525
372348 642068 509
76112 43702 340
336017 524630 470
305028 788394 509
781555 491793 509
305907 822410 509
617282 154494 470
666444 227568 509
532154 60323 470
684179 781899 504
152431 646150 509
128151 395316 443
915654 782877 525
78362 184161 383
823845 341810 509
706932 486757 509
622138 744558 509
302902 254306 407
282626 391143 441
339919 329583 366
746901 61361 509
495644 63275 449
806869 610366 509
17725 943440 525
671074 375381 509
907173 717961 525
496211 403480 449
490638 830514 509
783025 447112 509
274726 581721 470
989541 529817 525
406790 106794 443
568721 856430 525
69052 952170 525
187457 843493 525
988723 472936 525
945358 248959 525
257684 581913 470
838496 974999 507
699270 209797 509
257858 687898 509
976132 463082 525
135294 111390 349
42130 965677 525
27264 800719 509
883955 446508 525
277665 663962 509
158894 427873 449
953589 480848 525
977085 585826 525
548435 173559 470
35741 32264 324
172823 88684 383
397100 954612 525
315682 935494 525
917575 527507 525
753599 216949 509
804539 481135 509
968707 879543 507
230863 591015 470
601964 819291 509
604651 847492 525
285660 651059 509
141255 71099 354
593507 37666 470
743698 988101 525
220115 760984 509
781070 435416 509
587388 479990 470
455128 959623 525
867938 621870 525
40715 394065 443
679737 830716 504
190865 778790 509
830343 58740 509
531365 801047 509
19021 50692 324
506979 834618 509
575711 370776 470
770551 32603 509
723061 400923 509
594017 521854 452
661650 34237 509
406237 911183 525
770012 210639 509
968696 594416 525
364152 12573 443
472846 453387 444
591015 549044 434
383185 997085 525
44339 144300 375
662995 889788 525
855894 346128 525
508756 640349 509
550576 13654 470
119724 959337 525
217489 811717 509
692259 462231 509
53355 49972 340
465691 845269 525
193757 907966 525
616367 315753 470
409913 556020 470
565846 38029 470
831870 57704 509
890074 232797 525
814466 160496 509
24001 834293 509
561302 942590 525
371548 523608 470
907400 336451 525
837415 641730 504
73653 523701 470
3721 691479 509
627012 740720 504
112004 423039 449
922782 475827 525
193182 21630 383
570247 798874 509
750073 874717 525
354811 325138 441
355769 708409 509
685908 318912 509
139241 707188 509
650734 770463 504
482340 869349 525
217635 150721 386
489631 314027 449
294308 449612 449
834629 458104 509
817301 51721 509
943290 443866 525
372147 868364 525
422592 976584 525
880670 990113 507
379053 286677 441
731565 643496 504
875443 909136 445
869105 326153 525
323947 963823 525
93202 479315 449
192107 442697 449
339651 667297 509
363164 674587 509
241556 598543 470
227514 453662 449
879312 790568 525
447163 182508 449
883739 381154 525
547891 512723 452
206388 10105 383
395239 856221 525
475429 986975 525
324348 142257 443
605491 99209 470
845050 352473 525
363593 487885 449
837606 342246 509
281459 210425 443
545622 367308 470
975662 171605 525
154137 712413 509
713819 51764 509
398411 898992 525
326638 839920 525
392856 55816 443
62740 53876 335
3324 32812 308
19038 574243 470
417079 651047 509
926083 282374 525
464242 292418 449
72632 786363 509
215753 633361 509
567660 609 470
271906 443216 449
633304 829808 504
675054 145850 509
787744 556418 509
433845 310041 449
102447 445787 449
938451 302115 525
34740 402129 443
560255 757421 509
72396 371518 443
648265 178846 509
761759 515078 509
472176 570427 470
415999 35258 449
320585 927112 525
921954 258969 525
938849 761660 525
152386 768386 509
531921 920977 525
442032 354459 449
219775 44357 386
588569 987812 525
555395 213263 470
40012 968424 525
544810 907243 525
795265 912611 525
938065 578181 525
116692 950485 525
556430 385393 470
696612 657718 442
552491 352131 470
746645 609622 509
808873 738643 468
750472 192538 509
813220 172025 509
81074 33930 351
94686 927871 525
346171 79392 443
483240 791561 509
867647 939475 476
929468 218778 525
716807 56803 509
687744 951226 525
839199 218778 525
221530 107759 386
363655 240150 441
582555 888733 525
886849 39112 525
973991 540214 525
641396 115067 509
50772 329499 443
616649 188561 470
241649 137441 443
882140 9021 525
457706 744002 509
800139 699509 504
515187 342907 470
116968 454566 449
427160 781091 509
66702 702152 509
93237 999986 525
865645 884276 432
789357 779298 406
652456 3637 509
17972 612841 470
728897 79560 509
949660 510128 525
487030 115948 449
22460 21766 269
243260 46434 443
90701 74552 351
356303 72603 443
398377 497560 449
301794 713231 509
320441 654626 509
774224 829078 468
438195 2629 449
265201 944672 525
707323 760840 424
610214 816033 509
417895 981831 525
910106 31045 525
306844 64457 443
396301 226519 443
674887 803258 504
109753 131293 349
933515 397392 525
458317 709288 509
719790 646617 504
871507 824879 525
879227 42942 525
891175 137699 525
78365 326772 443
597329 446837 470
598852 230691 470
839447 130391 525
878283 286369 525
616872 533406 452
985249 198910 525
789738 443774 509
179061 257942 443
744828 533221 509
449400 637898 509
981529 899320 507
431012 304818 449
937591 866023 476
506645 610813 470
608016 743884 509
367810 565375 470
902289 186267 525
357696 756189 509
683632 108699 509
197614 783358 509
362541 314447 441
961071 367628 525
530839 573797 452
578502 191394 470
733985 977805 525
376205 465610 449
300794 974341 525
935941 980358 507
18646 258176 443
439177 798881 509
262452 352213 441
804528 670759 504
501088 826432 509
969227 314159 525
65345 744458 509
873728 869734 432
459802 908025 525
556415 444123 470
367753 497321 449
631329 182543 509
699416 537276 509
866904 29548 525
180514 276912 443
309860 864724 525
23239 931059 525
288713 431097 449
518535 888848 525
496503 382416 449
436340 209605 449
694827 970342 525
929512 250259 525
956709 41246 525
537886 322109 470
662388 711453 504
509114 282831 449
111597 783802 509
541513 358302 470
9829 32960 308
661324 48930 509
263762 370075 441
13646 672151 509
838626 166288 525
297171 136713 443
774100 888900 525
285858 816803 509
908089 336110 525
639865 802103 504
516931 675940 509
362573 669666 509
710589 998873 525
745231 964707 525
234486 820448 509
32337 98945 351
410964 145183 449
129963 56254 354
91479 620115 470
781785 550661 509
675923 301327 509
29617 205879 383
559080 847518 525
425357 1431 449
667781 671777 336
36388 938 324
305720 591517 470
858077 625607 525
863267 819754 525
608633 599694 403
803666 640494 504
608990 516291 452
478412 9055 449
751013 140693 509
515307 459274 470
158984 23984 383
414088 995780 525
163908 117099 383
666647 267628 509
809175 551891 509
902285 442131 525
830218 688027 504
234157 709715 509
513103 268290 470
600616 356677 470
346653 486774 449
363222 797922 509
899055 292977 525
376262 944045 525
329160 535306 470
217718 100277 386
781031 702365 504
533291 969895 525
42855 294650 443
209957 328822 443
411734 764946 509
736821 328861 509
449395 93538 449
185800 368327 443
875680 282077 525
909888 718232 525
324613 710989 509
537415 553317 452
901268 209519 525
765627 106164 509
810615 105886 509
452165 312384 449
190622 869605 525
914209 189775 525
522035 351001 470
353179 992856 525
365160 932429 525
960392 260056 525
330008 139125 443
817094 235475 509
280371 458576 449
767159 328080 509
816102 647813 504
236371 825755 509
394657 296482 441
712481 257259 509
304076 436012 449
825876 661063 504
180229 627767 509
252310 701869 509
98343 153599 375
880754 911070 476
672167 607214 509
199372 695287 509
585847 169905 470
697774 402187 509
359373 947488 525
243544 463336 449
201055 664869 509
985561 118258 525
461752 761691 509
69474 316334 443
966698 811729 525
517816 630567 509
385913 776893 509
545550 83567 470
204890 320733 443
898377 726015 525
40224 271882 443
67394 755125 509
506410 745527 509
830458 223390 509
636560 680981 442
649066 146915 509
36678 578469 470
854653 905804 445
496804 456828 444
315782 780460 509
587248 115255 470
188092 140603 383
265317 579729 470
439254 577943 470
380453 523927 470
912211 653555 525
479695 734986 509
461751 30952 449
129426 811702 509
371878 341621 441
277281 90487 443
909078 292285 525
936154 790832 525
960734 308694 525
555910 649424 509
375328 355696 410
837233 519273 509
848650 912829 476
307803 576005 470
928890 103814 525
170892 801588 509
160430 727358 509
62565 681071 509
972127 631488 525
196068 698570 509
959488 796398 525
774945 448646 509
444332 485577 444
401452 992554 525
953106 828093 525
546678 444559 470
553874 537787 452
343622 934862 525
208350 510163 449
788281 630812 504
80666 25170 351
926608 573868 525
532592 258448 470
374332 860776 525
936919 25231 525
831403 314815 509
120008 665413 509
707739 607448 509
233050 180111 443
354408 710590 509
207323 437284 449
587449 36823 470
429590 959562 525
225704 271299 443
196726 823221 509
33218 644263 509
349549 403803 436
479276 442579 444
787326 460548 509
690507 492182 509
253127 487410 449
471013 171102 449
548360 84108 470
786851 14125 509
494431 65161 449
779507 750535 468
133573 111281 349
347910 925220 525
657549 498798 509
115548 439924 449
924495 408142 525
568365 238089 470
352697 711356 509
293766 726507 509
732973 946397 525
701444 5295 509
286456 170874 443
992726 249727 525
620593 895810 525
702337 711225 504
343883 919828 525
183205 951855 525
209123 650766 509
450783 111910 449
450215 83306 449
240929 965534 525
438542 999312 525
307758 991668 525
522939 184145 470
265131 685081 509
489348 492361 320
400248 719656 509
830797 768580 468
441223 161327 449
520624 83093 470
308519 625780 470
733393 188143 509
919142 849182 476
23326 35215 311
329471 112797 443
18588 603864 470
138147 653702 509
397355 762866 509
40122 464863 449
325728 767650 509
859867 654890 525
238916 302183 407
367368 390250 436
666584 209846 509
232224 586502 470
758318 684886 504
487037 729907 509
277983 13443 443
191795 982763 525
877037 364308 525
661968 493300 509
810044 934329 525
191192 780205 509
721067 214455 509
214735 342151 443
130264 463694 449
8305 531226 470
293010 408251 441
589413 168657 470
531622 23841 470
419586 23927 449
700162 586177 509
65534 614701 470
760451 2766 509
70465 597889 470
731428 255619 509
702633 355439 509
773723 103460 509
963563 321902 525
452880 936387 525
979437 895377 507
333291 748350 509
420276 909127 525
448366 392737 449
963291 515513 525
982141 743166 525
677307 311759 509
416125 810212 509
654173 321598 509
18369 950676 525
228762 690799 509
781814 29327 509
189707 189789 241
23106 454752 449
659765 364068 509
917071 684641 525
309392 896721 525
554512 799988 509
718295 818665 468
381803 162240 443
671654 983619 525
538227 218674 470
365750 40141 443
902778 449305 525
754645 36896 509
740608 389262 509
314954 564422 470
160950 213212 373
881 938862 525
754448 982135 525
506751 127224 449
58413 819226 509
63262 14886 340
668011 821748 504
164799 456095 449
649102 678408 442
883741 796356 525
975728 777487 525
410847 385561 449
867136 749943 525
195197 788931 509
512782 970928 525
821078 752938 468
97278 872334 525
349117 352895 379
455571 29907 449
389061 680069 509
270612 73696 443
776927 701967 504
771897 190590 509
426769 402370 449
308435 783759 509
921354 72651 525
316112 306915 384
622759 483750 470
416972 585746 470
545754 918302 525
214469 540429 470
21985 383448 443
843648 400954 525
461884 48989 449
249817 124189 443
89828 592175 470
28608 214808 383
664380 282422 509
188846 393401 443
968340 516463 525
273925 775331 509
868371 439898 525
637137 389376 509
595693 257542 470
674750 474647 509
367950 430996 449
817818 438577 509
336427 495019 449
609878 676451 509
902605 99466 525
766864 865697 525
36296 86606 351
82415 832348 509
979290 52664 525
8698 915860 525
