4 40 112
6 83 116
7 6 17
9 12 20
2 15 20
1 68 113
2 76 116
6 21 21
4 36 112
4 35 112
5 95 116
4 12 20
5 19 21
1 29 112
4 89 116
7 57 113
5 97 119
8 99 119
2 22 21
1 56 113
4 58 113
9 22 21
3 40 112
5 93 116
7 15 20
7 51 112
9 71 113
4 97 119
5 56 113
2 78 116
6 22 21
2 50 112
8 10 20
8 97 119
7 48 112
5 31 112
4 48 112
2 73 116
1 57 113
4 29 112
5 15 20
2 24 21
1 68 113
5 40 112
1 35 112
9 21 21
8 29 112
4 38 112
8 47 112
4 28 112
4 61 113
3 30 112
1 2 2
7 11 20
4 41 112
2 32 112
4 12 20
9 73 116
9 63 113
5 10 20
7 55 113
6 97 119
3 49 112
1 47 112
5 99 119
9 6 20
2 56 113
9 74 116
4 6 9
7 97 119
7 15 20
8 4 17
1 63 113
6 15 20
1 78 116
7 61 113
1 73 116
5 6 9
5 80 116
1 10 20
2 11 20
1 58 113
8 96 116
6 19 21
1 70 113
5 40 112
3 83 116
7 96 116
9 71 113
2 12 20
2 78 116
7 15 20
6 78 116
5 6 9
7 85 116
7 78 116
6 98 119
7 10 20
4 50 112
8 6 17
9 6 20
1 11 20
1 68 113
9 33 112
8 45 112
9 74 116
2 32 112
3 11 20
5 50 112
4 56 113
2 15 20
7 33 112
3 6 9
9 76 116
1 95 116
1 32 112
4 32 112
5 11 20
9 93 116
9 93 116
2 1 2
5 1 8
5 60 113
8 93 116
2 93 116
5 50 112
9 70 113
6 65 113
4 87 116
5 4 6
9 83 116
7 10 20
6 29 112
2 98 119
8 96 116
1 12 20
1 45 112
9 50 112
7 32 112
2 57 113
4 81 116
7 71 113
7 11 20
5 21 21
6 40 112
5 6 9
7 61 113
9 47 112
5 6 9
7 60 113
7 68 113
5 80 116
6 93 116
4 56 113
5 57 113
3 67 113
9 21 21
8 83 116
1 6 9
6 96 116
5 87 116
1 85 116
3 76 116
2 63 113
5 19 21
2 32 112
8 45 112
8 26 24
6 83 116
9 67 113
6 99 119
9 30 112
1 73 116
4 10 20
6 99 119
1 19 21
5 50 112
7 11 20
2 51 112
5 11 20
9 49 112
1 78 116
9 61 113
7 36 112
7 31 112
6 56 113
9 76 116
6 14 20
1 85 116
6 69 113
2 11 20
4 19 21
7 6 17
1 19 21
4 99 119
3 33 112
8 19 21
9 76 116
5 38 112
5 57 113
4 149 122
1 753 171
8 272 128
5 156 122
9 68 113
1 801 171
4 436 144
6 460 144
4 983 179
9 257 128
6 914 179
1 460 144
3 451 144
1 877 179
2 438 144
9 999 179
1 257 128
2 64 113
4 2 8
9 691 145
9 348 144
9 289 128
8 2 17
4 580 144
6 956 179
5 477 144
3 210 125
2 319 131
5 767 171
9 259 128
4 662 145
7 471 144
9 207 125
6 342 144
9 519 144
8 409 144
8 49 112
2 635 144
6 890 179
2 382 144
1 383 144
4 20 21
1 156 122
5 85 116
1 632 144
7 53 112
5 286 128
9 591 144
2 662 145
5 632 144
2 238 128
1 356 144
2 49 112
8 451 144
5 59 113
2 855 171
5 470 144
4 200 125
3 956 179
9 342 144
7 632 144
9 207 125
4 471 144
3 143 122
2 384 144
5 313 131
7 934 179
1 499 144
8 934 179
9 264 128
4 210 125
6 313 131
2 460 144
7 753 171
9 149 122
8 807 171
8 264 128
4 860 171
6 935 179
3 429 144
1 374 144
7 59 113
7 601 144
1 589 144
9 539 144
4 296 128
2 384 144
9 635 144
8 384 144
9 319 131
7 934 179
5 460 144
7 409 144
8 935 179
3 286 128
1 313 131
8 589 144
9 890 179
4 939 179
6 956 179
2 68 113
2 801 171
6 519 144
7 257 128
5 371 144
8 691 145
5 503 144
4 460 144
7 384 144
6 807 171
9 356 144
9 477 144
8 470 144
4 259 128
5 229 125
2 429 144
4 935 179
6 699 145
1 477 144
2 807 171
5 890 179
9 49 112
5 159 122
4 238 128
7 860 171
5 519 144
7 436 144
7 200 125
6 89 116
7 209 125
5 753 171
7 143 122
3 356 144
7 580 144
7 53 112
2 2 2
9 591 144
7 939 179
1 59 113
9 64 113
6 59 113
2 409 144
9 627 144
8 342 144
7 539 144
6 375 144
6 901 179
1 89 116
6 2 9
9 594 144
8 826 171
9 753 171
1 767 171
9 143 122
9 374 144
9 89 116
1 935 179
8 409 144
4 914 179
7 645 144
4 348 144
5 807 171
4 313 131
5 826 171
7 627 144
1 272 128
1 983 179
7 2 17
6 156 122
9 272 128
9 286 128
5 561 144
9 438 144
9 210 125
5 342 144
9 16 20
2 545 144
8 901 179
7 289 128
7 877 179
7 375 144
1 259 128
9 259 128
2 956 179
8 85 116
5 956 179
1 356 144
7 72 113
8 64 113
2 143 122
9 143 122
3 914 179
5 662 145
1 635 144
4 767 171
6 451 144
6 914 179
8 855 171
5 371 144
4 591 144
15 59 113
11 356 144
32 914 179
74 53 116
6 935 179
98 232 128
20 748 171
61 539 144
40 429 144
98 374 144
6 289 128
40 319 131
55 210 125
32 699 145
8 53 112
89 229 125
57 313 131
49 855 171
74 804 171
6 319 131
83 748 171
1 753 171
8 436 144
1 914 179
15 72 113
31 860 171
96 519 144
46 409 144
99 956 179
95 934 179
71 934 179
19 983 179
35 93 116
12 342 144
51 149 122
96 804 171
15 635 144
51 748 171
83 68 116
30 635 144
93 645 144
31 93 116
76 939 179
49 956 179
56 539 144
55 589 144
76 635 144
6 207 125
33 589 144
56 939 179
10 53 112
41 804 171
41 645 144
11 807 171
54 210 125
14 519 144
78 159 122
1 801 171
80 383 144
63 589 144
40 348 144
83 471 144
63 935 179
83 939 179
73 374 144
6 286 128
15 580 144
6 601 144
76 471 144
81 503 144
6 272 128
36 286 128
73 85 116
71 993 179
14 503 144
8 257 128
6 451 144
40 429 144
10 451 144
70 451 144
55 210 125
87 296 128
11 315 131
1 983 179
22 143 122
56 56 20
15 207 125
81 826 171
73 934 179
54 89 116
54 503 144
78 934 179
32 210 125
61 374 144
8 589 144
12 594 144
47 589 144
10 539 144
10 750 171
8 635 144
99 384 144
73 499 144
67 826 171
55 699 145
50 383 144
29 826 171
15 229 125
99 143 122
93 939 179
80 382 144
56 594 144
98 956 179
45 901 179
1 296 128
40 59 113
12 200 125
11 545 144
47 748 171
4 753 171
51 601 144
14 645 144
97 342 144
40 384 144
93 210 125
15 460 144
45 93 116
12 374 144
76 645 144
63 64 108
50 342 144
32 471 144
45 753 171
49 580 144
97 56 119
71 56 108
10 93 116
10 85 116
19 209 125
33 499 144
15 999 179
98 382 144
69 272 128
57 939 179
71 374 144
12 209 125
45 289 128
30 877 179
6 914 179
63 59 108
58 143 122
45 996 179
28 159 122
97 451 144
10 49 112
33 826 171
71 591 144
30 939 179
78 200 125
93 471 144
22 561 144
10 470 144
38 384 144
19 956 179
41 149 122
57 257 128
71 356 144
8 53 112
76 56 116
78 451 144
73 635 144
71 753 171
61 210 125
76 313 131
60 374 144
10 470 144
49 470 144
61 645 144
76 356 144
15 801 171
11 645 144
97 826 171
60 229 125
15 64 113
71 149 122
38 691 145
97 259 128
19 68 113
55 319 131
35 877 179
47 801 171
2 635 144
83 356 144
96 645 144
40 319 131
57 627 144
85 503 144
81 753 171
20 935 179
85 89 31
98 983 179
96 4207 238
40 7710 262
6 6833 262
24 473 144
20 9674 262
95 626 144
58 9850 262
12 8868 262
32 4207 238
51 3046 217
2 9133 262
29 5961 238
13 6739 262
72 473 144
74 5399 238
28 2289 183
50 1865 182
56 9981 262
93 7235 262
83 8623 262
80 4207 238
80 7356 262
58 6697 262
83 8153 262
6 9168 262
93 6597 262
12 6453 262
97 5235 238
19 9861 262
19 4366 238
97 5441 238
85 1754 182
54 5235 238
50 8153 262
57 1430 182
78 1309 182
11 1994 182
74 3722 238
73 6739 262
81 3118 217
74 6590 262
41 5399 238
40 4366 238
46 6697 262
68 5998 238
32 3118 217
2 5441 238
56 8633 262
49 3046 217
71 7194 262
46 9916 262
56 1891 182
19 5124 238
32 3439 217
38 9674 262
40 2761 209
89 9133 262
64 5132 238
69 3046 217
80 8448 262
32 9054 262
32 6195 262
46 9916 262
35 653 145
4 8868 262
67 1285 182
46 473 144
70 1285 182
54 9981 262
19 7356 262
36 8516 262
41 690 145
45 626 144
15 3722 238
71 7925 262
40 1685 182
15 5998 238
36 4933 238
15 6869 262
65 7356 262
73 6739 262
56 2751 209
83 7356 262
65 7356 262
56 6697 262
87 9998 262
36 1309 182
12 9461 262
40 4607 238
55 4195 238
35 9998 262
83 3118 217
57 8623 262
98 6590 262
6 690 145
76 3589 217
76 7356 262
96 2234 183
40 9461 262
76 1940 182
76 4607 238
6 9998 262
98 3771 238
57 2289 183
97 9861 262
30 690 145
61 1430 182
56 9850 262
83 2751 209
40 5441 238
78 1940 182
57 6476 262
68 9054 262
73 6869 262
15 8153 262
98 9831 262
50 8153 262
71 7710 262
81 4312 238
41 5399 238
68 3771 238
85 3204 217
30 1940 182
12 6460 262
19 6438 262
36 6008 238
14 3046 217
21 1994 182
11 626 144
61 7299 262
76 4607 238
80 4207 238
65 473 144
93 6597 262
97 3091 217
38 1940 182
99 626 144
11 8031 262
64 3046 217
6 8448 262
22 397 144
49 1285 182
15 8516 262
10 1430 182
95 6008 238
63 9981 262
4 8758 262
81 3091 217
73 6453 262
76 1754 182
60 3722 238
12 1754 182
15 3839 238
57 7925 262
57 3839 238
76 2844 209
8 1430 182
32 7356 262
21 7475 262
49 2234 183
40 3589 217
11 4933 238
93 4207 238
99 6590 262
48 7660 262
46 1904 182
67 4650 238
70 9916 262
97 8448 262
45 8633 262
40 4207 238
31 9691 262
2 3091 217
81 5132 238
32 4366 238
54 4696 238
78 9691 262
19 1685 182
13 9916 262
19 5235 238
10 7356 262
1 9054 262
19 4607 238
93 8153 262
57 3439 217
38 9998 262
56 7235 262
56 5399 238
46 7194 262
97 4366 238
80 6537 262
22 6869 262
55 1309 182
11 5216 238
29 2761 209
12 3589 217
21 1285 182
81 2234 183
93 7299 262
15 8516 262
319 3589 217
356 9674 262
383 9998 262
348 2844 209
996 3204 217
384 9850 262
319 1904 182
993 9691 262
375 4933 238
999 718 179
20 6697 262
409 5961 238
49 6697 262
662 8862 262
983 6460 262
804 2761 209
384 473 134
59 4207 238
503 7235 262
594 4696 238
561 5961 238
156 2904 209
149 552 144
804 1940 182
594 1309 182
143 1994 182
257 718 171
890 9168 262
16 6460 262
348 5132 238
286 9855 262
855 9691 262
939 397 179
807 4366 238
159 3118 217
232 2289 183
699 2234 183
890 3894 238
286 9461 262
580 6460 262
691 6833 262
983 3722 238
935 6869 262
939 9981 262
382 4696 238
16 1430 182
436 9133 262
662 9998 262
85 5399 238
855 5132 238
935 6739 262
451 4696 238
85 6869 262
901 7660 262
855 9861 262
319 5998 238
315 5998 238
996 9054 262
753 4607 238
348 6614 262
356 690 145
691 653 145
935 6833 262
645 3589 217
591 1685 182
545 1309 182
591 6614 262
589 9981 262
934 1994 182
85 2289 183
384 5998 238
699 8448 262
232 3722 238
315 626 144
561 5216 238
210 9855 262
149 3722 238
56 2751 209
635 5132 238
451 7475 262
956 8633 262
356 9461 262
200 626 144
561 3771 238
767 2751 209
753 4650 238
956 3771 238
143 4696 238
999 8153 262
210 9998 262
956 7925 262
767 3091 217
589 4933 238
589 8862 262
890 5441 238
934 8623 262
499 2844 209
691 3439 217
384 6739 262
143 9861 262
561 9054 262
691 8758 262
699 3894 238
232 7299 262
384 6438 262
149 450 144
539 7920 262
477 3118 217
85 4207 238
860 3272 217
613 9674 262
210 3204 217
613 3046 217
935 7710 262
807 2234 183
409 4312 238
374 9831 262
272 3839 238
159 9674 262
264 7660 262
996 2904 209
499 6833 262
935 6833 262
914 2751 209
356 5235 238
613 6614 262
143 3757 238
257 3439 217
375 6453 262
232 552 144
438 6590 262
2 6833 262
699 4195 238
319 3722 238
85 6833 262
935 5216 238
72 7475 262
691 4312 238
561 690 145
438 8862 262
451 6597 262
801 4312 238
935 7235 262
699 7299 262
855 7194 262
470 7299 262
767 9168 262
143 5441 238
68 4607 238
156 1309 182
72 3439 217
374 1865 182
999 5216 238
232 5399 238
470 7356 262
257 8862 262
371 1865 182
591 5441 238
983 6460 262
436 6195 262
210 3771 238
750 7920 262
499 1685 182
613 6460 262
438 9861 262
877 4650 238
209 6008 238
232 6597 262
348 9168 262
356 6833 262
451 3046 217
601 5998 238
16 7299 262
594 450 142
545 1754 182
409 9850 262
159 2234 183
890 3839 238
200 9461 262
750 626 171
613 552 137
20 626 144
934 8031 262
470 1309 182
477 552 142
348 8516 262
49 6739 262
890 6476 262
860 9831 262
996 6869 262
632 3439 217
200 1430 182
409 2751 209
296 6833 262
429 690 145
477 690 145
589 7475 262
855 7356 262
438 1430 182
356 1865 182
