36135 20781 324
17236 1928 276
35292 1691 311
49171 16350 324
27488 38128 324
11417 17699 279
19127 47558 324
21659 27369 308
29354 40707 324
7423 24807 282
16315 16435 222
48659 48340 265
46006 31745 324
16537 45854 324
25426 37922 324
46352 15542 324
32631 9487 308
37470 31788 324
35914 6285 324
3817 45555 324
46644 15034 324
4997 21281 279
27361 34245 311
34807 42198 324
41331 37419 306
3641 5030 238
10759 25978 282
22006 1940 279
7055 19315 279
1397 38124 324
43663 23873 324
47410 19997 324
5459 34865 311
12071 11346 250
26221 8957 282
10091 25548 282
41725 3272 324
29233 25230 308
13016 29288 308
27665 6836 308
17819 43707 324
25635 18368 282
2505 27320 308
2887 25058 282
35168 22308 311
41186 2596 324
37274 41373 306
7139 13631 276
6287 49350 324
2996 2398 217
15256 22463 279
48908 5693 324
31582 12896 308
29617 47645 324
5601 31378 308
49802 2375 324
45045 41802 288
35571 17194 311
35606 24915 311
34698 23939 311
20860 18262 274
21014 4312 279
36441 26697 324
29239 43553 324
15808 546 276
14040 32707 308
22400 20102 269
2801 27338 308
44077 28739 324
7033 38547 324
16192 6774 276
617 28643 308
3716 38393 324
10620 28727 308
7026 13757 276
34594 33146 311
24103 21296 282
18388 47756 324
15184 34426 311
1778 10261 262
25592 28698 308
47431 19446 324
41640 20360 324
45790 38791 314
45053 33559 324
43598 31235 324
34392 2505 311
10097 24765 282
12318 30398 308
20498 21245 256
47760 17355 324
9557 15738 276
14549 26627 308
17728 13078 279
9058 47333 324
39175 1041 324
49356 27073 324
40598 18970 324
40405 25608 324
23927 43513 324
23378 34879 311
10483 7954 260
40589 11039 324
31253 25367 308
10038 1709 262
25274 45518 324
41188 39985 288
35925 31097 324
13882 46085 324
14255 48600 324
44852 21228 324
40411 49095 314
24640 3308 282
6696 23685 282
15594 9529 276
48207 31203 324
45248 20080 324
17788 43700 324
32884 10957 308
47674 48039 252
30896 24521 308
31495 47086 324
19539 211 279
21271 43979 324
4138 44650 324
44356 6726 324
47370 13204 324
16914 26605 282
33209 48942 324
43681 16057 324
524 46033 324
14635 5624 276
49147 32493 324
29102 48924 324
2017 22613 279
39908 21152 324
34800 28134 311
18589 5650 279
15825 31525 308
14334 31090 308
22744 48788 324
5331 38021 324
36198 14017 324
17488 49062 324
40793 13692 324
12549 2426 268
48254 36882 314
20304 32750 308
12903 43034 324
36348 4848 324
37319 10876 324
5334 6454 262
48041 36793 314
38993 43406 306
13073 30603 308
14592 28900 308
39882 8665 324
1616 44089 324
7119 26439 282
24808 28934 308
41093 22504 324
12105 39501 324
11109 12577 263
37439 16456 324
7624 10140 260
48378 47665 252
47963 17317 324
32150 12973 308
6945 41349 324
39493 25910 324
9720 4440 262
44351 35 324
6211 32141 308
29440 5926 308
32423 47754 324
30720 6962 308
2770 8985 262
31392 6998 308
16709 48307 324
1711 11835 268
25618 32407 308
6204 13606 276
30640 5830 308
29670 39338 324
46491 9151 324
39951 35661 306
20665 16994 279
7904 36197 324
47384 37107 314
6198 20127 279
44930 2941 324
33098 2908 308
18802 46321 324
42990 20137 324
23841 38682 324
24850 33353 308
27897 43309 324
29271 32881 285
4427 37698 324
10859 6463 260
10331 25865 282
33235 35384 311
43545 32812 324
8487 15197 276
16347 9263 276
4614 27865 308
27397 43638 324
47995 38282 314
42491 26340 324
23031 43001 324
21069 2011 279
5182 32392 308
32961 13092 308
3774 15303 276
24783 11036 282
33065 36898 324
35653 7290 311
25235 21323 282
23243 13001 279
37831 27215 324
21361 46470 324
13381 37256 324
1028 32376 308
6870 32287 308
27711 17830 308
35040 4331 311
27198 10649 308
12468 21514 279
25166 25440 264
37557 38571 262
12849 30634 308
40035 38998 306
45917 14164 324
46101 33529 324
39172 37118 306
41766 5183 324
48286 43132 314
20822 32831 308
1138 29078 308
18161 37983 324
5812 25820 282
1180 32418 308
29752 36426 324
37963 821 324
4372 29556 308
22464 24450 282
32116 3790 308
44847 6943 324
33847 16843 308
18845 36983 324
35127 15760 311
38278 43570 306
7638 6435 257
8685 34067 308
4756 8117 262
1358 28718 308
29340 43642 324
38271 26084 324
27198 17425 308
48646 46444 314
19640 17028 279
46916 35856 314
16877 7758 276
48703 23697 324
34055 12035 308
31869 14424 308
20969 8945 279
14460 31978 308
41325 31809 324
34366 39127 324
43485 13162 324
48002 31376 324
39837 9730 324
1342 27458 308
44725 43617 270
11384 19363 279
14332 6805 276
47700 48312 252
40495 43868 288
32408 29809 285
21458 11409 279
36171 9889 324
38893 2502 324
24971 49165 324
39688 45770 314
23262 15777 279
34657 10823 311
41665 23417 324
18810 4378 279
20876 31795 308
15392 31152 308
35750 19071 324
4325 19418 279
30228 3007 308
42063 45965 314
2893 47041 324
49322 9305 324
45514 33014 324
15048 8483 276
2089 5518 238
49977 39744 314
34144 30338 285
49637 46561 314
2958 9438 262
45478 278 324
429 13545 276
39555 29008 324
2164 7554 262
32087 14984 308
28953 20697 308
24641 48485 324
43236 15959 324
45812 42445 314
30462 34170 285
23854 37100 324
34568 7585 311
28789 1162 308
1016 39233 324
31229 15740 308
8942 48002 324
35815 24089 324
41590 9593 324
7780 14311 276
45174 28130 324
22103 32081 308
34358 15449 311
9048 19528 279
18671 21990 274
48276 12404 324
27020 21187 308
41442 13764 324
41741 41194 257
19585 40233 324
28811 1264 308
34716 5180 311
8630 20569 279
40240 17079 324
25529 49574 324
17428 24727 282
19231 45538 324
30407 24060 308
27407 32756 285
30312 39114 324
2451 19089 279
16158 14527 271
27495 15138 308
26264 47521 324
32780 12158 308
7807 30355 308
20284 19780 274
47879 49860 296
10055 3527 262
23556 43269 324
27564 25109 308
4634 41157 324
36900 28054 324
26284 33643 308
46921 40318 314
2246 42430 324
8644 10127 260
13415 31508 308
18675 12190 279
23413 10934 279
11193 847 268
16500 24076 282
2975 40176 324
3826 25530 282
11560 15024 276
35305 28406 311
16291 44490 324
37240 42101 306
41449 21938 324
1723 26594 282
48998 24010 324
11158 40970 324
11125 37441 324
1313 49766 324
47508 2745 324
27869 7846 308
13543 8947 276
14117 35511 311
21016 41737 324
22799 23761 282
41116 47608 314
12354 46447 324
38560 39801 275
37586 11147 324
15394 46826 324
47622 32869 324
31132 20173 308
25803 10544 282
18572 252 279
20865 5882 279
40703 14888 324
37811 34358 324
11643 22909 279
45524 31032 324
13484 1171 276
26677 46556 324
38918 10260 324
5555 38755 324
39977 7605 324
32621 27771 285
26259 2642 282
24115 15065 282
49311 23211 324
3770 20710 279
36587 15893 324
49164 23140 324
47111 11358 324
20636 24843 282
14377 401 276
41559 20052 324
35582 37906 324
4454 32464 308
31675 37990 324
5936 10678 262
18401 5842 279
21276 15977 279
40047 14751 324
13988 6930 276
49809 41143 314
47750 254 324
34887 38703 324
45348 46358 252
18624 30000 308
31611 30487 285
18533 23459 274
20016 18542 274
38386 27305 324
13942 20482 279
49215 29076 324
44013 30973 324
47565 32406 324
47156 6120 324
38283 3204 324
19279 32003 308
25736 12950 282
7299 44094 324
36211 23694 324
41550 15894 324
32095 44098 324
13477 27215 308
22786 41928 324
14245 33722 308
22236 44701 324
16218 43572 324
31845 30673 285
5934 40363 324
991 43571 324
42265 41054 288
21947 46837 324
42854 43264 257
24743 7515 282
47783 4344 324
27589 48822 324
34159 4392 308
47879 49831 296
47741 8967 324
7990 17250 276
40344 34061 324
14097 31121 308
17350 11867 276
34754 22193 311
5447 29301 308
29677 37757 324
25102 9917 282
16147 32150 308
44927 5485 324
45955 14236 324
32099 7393 308
22255 48379 324
6537 28238 308
43052 5380 324
22456 10355 279
1683 39255 324
13983 7739 276
21396 21594 238
22749 7243 279
203 12473 268
6348 8510 257
20891 27258 308
18855 8955 279
28982 48923 324
35501 3311 311
19822 36299 324
18654 37853 324
33238 4049 308
3010 6367 262
31250 31741 285
17097 30087 308
1357 10585 262
20285 9254 279
7946 10556 260
16099 34872 311
14178 48219 324
1697 16027 276
29915 11772 308
41257 16458 324
27497 38856 324
41747 22858 324
31918 40092 324
38458 17696 324
43822 14381 324
48764 40924 314
25422 16133 282
35685 2007 324
37610 35886 306
46853 7076 324
14581 14426 209
1853 36150 324
30843 24621 308
42570 33374 324
10211 21672 279
48184 7311 324
21600 22706 269
27671 24449 308
8583 39988 324
23067 48493 324
23322 38274 324
38317 46235 314
18019 24289 282
25247 47718 324
28748 14169 308
40941 23209 324
49051 20345 324
5951 42249 324
27676 4402 308
38987 36350 306
45446 27537 324
32567 19086 308
25759 14092 282
20460 25352 282
48395 40199 314
27062 33434 285
42576 18771 324
2600 576 209
5989 18165 279
44412 30602 324
23401 18639 274
44216 21912 324
6159 33965 308
38220 6340 324
407 5389 238
12264 26012 282
34664 24140 311
25163 21259 282
16090 12745 276
9254 22708 279
31856 45657 324
19598 47978 324
12722 44390 324
14736 46238 324
15913 47940 324
47215 21285 324
18227 27810 308
36266 23045 324
41750 12457 324
13001 6317 268
34881 31125 311
36837 6862 324
12030 44220 324
18871 4218 279
14276 15247 271
48712 24568 324
26889 12669 308
18616 3808 279
28421 8991 308
37019 9577 324
6641 48499 324
685 16396 276
48222 46920 314
37462 31861 324
6819 27394 308
1577 13606 276
3310 19979 279
47974 11576 324
15931 45767 324
29504 37743 324
14994 7090 276
33112 4776 308
40795 18600 324
45064 14258 324
34365 26480 311
23868 23126 282
6675 13030 268
21418 34180 308
34832 11443 311
20562 44363 324
4650 16620 276
6353 31541 308
37441 2724 324
39904 27645 324
31027 31919 285
43625 31982 324
44888 40468 288
29017 19737 308
46952 5917 324
37073 194 324
8797 43118 324
1526 34040 308
44451 976 324
23913 15279 282
5707 89 238
1793 2764 209
39839 15050 324
49540 31580 324
7888 45909 324
47125 33153 324
8587 43432 324
21079 19786 274
25738 5978 282
9295 45246 324
12694 25137 282
15911 31973 308
24106 39246 324
34559 26243 311
31603 8646 308
42622 14850 324
25108 10717 282
17719 40027 324
25879 6225 282
20071 43680 324
1437 38272 324
14250 34457 311
29894 15528 308
19181 5065 279
6603 43817 324
29358 7916 308
17336 40504 324
30127 47391 324
6184 42131 324
38266 19164 324
3609 25116 282
13871 34433 311
8527 13972 276
38200 43692 306
36 20085 279
32189 9925 308
48861 11083 324
19155 14888 279
47000 25536 324
36064 35325 324
16513 30644 308
5690 39494 324
19491 47142 324
34173 18276 308
4507 32017 308
43307 26390 324
48937 47013 314
12301 28800 308
34432 37136 324
11352 9732 268
43965 2441 324
9563 45135 324
20836 35161 311
48181 18066 324
13717 22231 279
26627 6588 308
33294 21359 308
35655 25776 324
32778 18238 308
44276 29560 324
45575 41996 314
4358 39974 324
44629 15078 324
35566 34323 311
5642 5574 174
43659 46502 314
915 47026 324
32964 24258 308
8005 3711 262
40994 24940 324
15026 26767 308
21291 40600 324
44022 19374 324
18649 8287 279
817 1124 179
14329 5103 276
43295 14600 324
46511 28431 324
12163 25954 282
6118 41501 324
41475 35467 324
16805 3319 276
11260 15588 276
28877 44978 324
49973 5359 324
7632 33674 308
33890 18141 308
34652 45366 324
16895 32613 308
22308 679 279
14268 19486 279
37135 14237 324
47448 5049 324
41241 6614 324
33510 48462 324
23128 19828 274
20461 15890 279
33994 49130 324
27323 19618 308
18842 16163 279
329 35838 324
28721 46782 324
1081 38373 324
7753 32570 308
34843 26248 311
46284 39658 314
8912 30126 308
32027 24118 308
46262 24868 324
14458 4814 276
994 47806 324
31513 20458 308
17356 39359 324
6766 42163 324
49348 8369 324
30798 39768 324
23298 32577 308
46122 13950 324
47819 15850 324
25798 1016 282
23280 43868 324
48373 17934 324
6720 35865 324
27024 15501 308
7069 30268 308
21541 25147 282
11004 32502 308
5548 33109 308
28150 42790 324
37653 615 324
22540 18500 274
3869 1287 238
44679 28747 324
18512 16686 279
42365 8401 324
19480 25076 282
20400 25380 282
35507 18983 311
38912 31922 324
8179 13512 276
22961 35493 311
20814 48114 324
8791 41945 324
20662 20759 225
19229 28683 308
41443 47017 314
38886 45425 314
2316 34466 311
30618 17648 308
35621 2993 311
13074 16413 276
23507 11042 279
46335 43348 314
18986 47352 324
27413 44910 324
14407 44409 324
28341 20931 308
12122 10086 268
45367 21164 324
18746 37509 324
17382 27539 308
13229 34462 311
49110 26281 324
41167 16590 324
41745 33716 324
13775 19547 279
21758 12851 279
20634 9429 279
26499 19712 282
47151 30917 324
48289 6257 324
49505 44773 314
6014 15242 276
9371 29084 308
15361 7282 276
13533 46260 324
39365 44272 306
18709 18521 261
47648 30147 324
5609 16016 276
12318 27515 308
32785 9297 308
38918 26967 324
41953 8707 324
33902 26348 308
38772 35027 324
38186 16350 324
39652 44800 306
44928 23198 324
9942 3366 262
9799 16689 276
6787 34950 311
10414 43976 324
32224 40894 324
1401 24337 282
30175 39450 324
21077 25594 282
5086 20086 279
3869 47741 324
1742 5102 238
17429 1548 276
43886 46709 314
14500 43114 324
24453 37663 324
7695 10244 260
32655 41019 324
48911 43914 314
9967 28848 308
42452 21678 324
28802 23218 308
31380 14296 308
38980 31489 324
40892 48787 314
35292 16127 311
21335 10888 279
6802 17356 276
16380 49397 324
17921 4416 279
4897 11305 268
11704 21092 279
13230 62 268
49770 12349 324
45261 12164 324
26709 7061 308
15709 44150 324
39344 12856 324
25557 28763 308
30349 7545 308
9029 49980 324
45630 31311 324
23753 42077 324
16723 29439 308
27319 20473 308
47170 17015 324
43415 11774 324
45568 28803 324
14706 28866 308
42267 33280 324
17027 20145 279
9018 44971 324
4619 28548 308
47244 32245 324
19073 25696 282
36013 20790 324
27173 44904 324
25447 43610 324
3685 13583 276
44981 12812 324
23545 10046 282
30947 24542 308
7657 48622 324
42257 14962 324
8031 28099 308
29030 4264 308
44199 20422 324
6034 9941 262
22547 6621 279
28027 14812 308
22938 12648 279
45769 13436 324
1248 8619 262
45661 22133 324
30193 26339 308
27308 22871 308
45111 36647 306
633 18330 279
37036 39965 306
37232 44836 306
2937 15749 276
19312 14778 279
44092 29606 324
3808 4022 189
10792 42099 324
47714 14577 324
37398 36026 262
1988 2974 217
9098 1513 262
15507 49043 324
36257 38125 306
30906 44116 324
22277 24616 282
14585 1006 276
44003 26718 324
48961 24029 324
23652 14189 282
40987 2394 324
6135 4662 236
24008 5220 282
47360 4732 324
39731 33145 324
44601 1144 324
13363 17218 271
23382 45574 324
36941 44009 306
18135 800 279
32822 43159 324
21399 28662 308
2501 21278 279
42802 12982 324
24327 46480 324
23123 28509 308
7500 27435 308
11386 49162 324
46335 41281 314
33661 10075 308
19492 19432 199
39702 13991 324
37561 33482 324
31514 9111 308
16751 31754 308
11449 27329 308
2674 20452 279
40609 48867 314
37555 3311 324
48253 17273 324
30471 37651 324
44123 33147 324
43304 36801 306
29563 18357 308
9993 29347 308
17332 15924 266
49527 37728 314
37504 17322 324
12987 47388 324
9864 43631 324
44556 29434 324
28250 31364 272
22786 33375 308
44278 38661 306
42565 45221 314
45833 8186 324
11924 42568 324
24720 2649 282
33521 8784 308
17150 38796 324
16857 29884 308
23800 3691 282
22162 26743 308
37662 17638 324
16061 32282 308
45012 32002 324
11226 7934 268
17039 397 276
14571 39116 324
14571 16750 271
4753 48643 324
24 27950 308
46066 30132 324
3462 36269 324
13869 2461 276
25717 44051 324
180 34721 311
44095 14532 324
24503 41441 324
46225 20015 324
45586 24505 324
8324 34995 311
26828 44057 324
4842 42415 324
14880 7022 276
39892 40260 306
26425 33773 308
45601 37832 314
13879 25931 282
688 38330 324
33854 40908 324
44038 40398 288
45933 32886 324
14107 4068 276
27580 4097 308
39407 23001 324
17230 17517 235
11210 57 268
11702 7328 268
44001 43166 270
28742 16155 308
5013 16426 276
595 19127 279
38245 36030 306
15236 40241 324
48611 30789 324
45770 15344 324
35940 39552 306
27801 16207 308
48209 3742 324
16595 18971 279
18283 6903 279
19686 1050 279
32907 3989 308
3420 10646 262
39128 36240 306
31121 40549 324
20929 23604 282
21586 2182 279
19866 26338 282
5168 46554 324
17651 4272 279
48723 3917 324
