1 10 20
100 200 125
201 210 89
900 1000 174
695632 695632 75
140250 140250 70
174704 174704 179
540784 540784 134
126244 126244 181
66700 66700 162
246760 246760 138
54666 54666 61
452216 452216 95
817230 817230 163
87682 87682 46
221741 221741 94
226807 226807 187
273626 273626 177
738306 738306 119
265600 265600 102
51707 51707 79
589432 589432 191
343475 343475 53
263417 263417 151
576859 576859 72
447163 447163 188
381165 381165 105
812277 812277 251
338560 338560 123
115354 115354 75
207467 207467 112
128691 128691 57
425877 425877 82
186741 186741 86
34832 34832 143
208400 208400 112
410574 410574 100
241097 241097 213
91574 91574 121
73164 73164 69
205516 205516 55
90000 2212 351
439929 439929 188
114135 114135 199
128758 128758 150
62458 62458 87
799762 799762 194
214669 214669 125
566 5661 238
21222 23123 269
136424 136424 132
213722 213722 125
100153 100153 116
11122 1222 268
755922 755922 88
767086 767086 101
274216 274216 84
108185 108185 67
23212 2232 279
651380 651380 142
4549 4049 215
143071 143071 189
4906 9006 262
523185 523185 121
14302 14302 103
315571 315571 66
24989 24989 189
58318 58318 105
739290 739290 212
382091 382091 105
59239 59239 211
816489 816489 238
16142 16142 72
784988 784988 163
174976 174976 47
227821 227821 55
174424 174424 166
37938 37938 55
315714 315714 128
126968 126968 132
340578 340578 105
531768 531768 196
373062 373062 118
345328 345328 167
89548 89548 72
116390 116390 199
5758 5758 130
461514 461514 170
453718 453718 157
328853 328853 79
375618 375618 87
792398 792398 163
632487 632487 129
118906 118906 75
20007 20007 93
906310 906310 65
317244 317244 128
354196 354196 167
454098 454098 232
266892 266892 120
292472 292472 177
621238 621238 186
219250 219250 174
228474 228474 107
146758 146758 158
817313 817313 163
932324 932324 83
219118 219118 68
815767 815767 88
391055 391055 105
395431 395431 105
45040 45040 164
263192 263192 120
845231 845231 176
154366 154366 233
598163 598163 160
509621 509621 139
268648 268648 71
32832 32832 42
363589 363589 87
69597 69597 206
412878 412878 144
119556 119556 75
30865 30865 86
640541 640541 72
686309 686309 155
583028 583028 160
224305 224305 94
473432 473432 64
864132 864132 96
745721 745721 163
125951 125951 132
507521 507521 121
177382 177382 197
769586 769586 101
26069 26069 47
205683 205683 81
123433 123433 137
610956 610956 204
298451 298451 97
48760 48760 66
361242 361242 211
368717 368717 180
22373 22373 70
101680 101680 59
332034 332034 92
85302 85302 227
301761 301761 115
300319 300319 115
211312 211312 50
239826 239826 169
248153 248153 182
30039 30039 135
396812 396812 144
734044 734044 212
284604 284604 76
171360 171360 104
222820 222820 68
613060 613060 160
489704 489704 90
203127 203127 60
198001 198001 68
79388 79388 139
36907 36907 231
231887 231887 200
442305 442305 157
192286 192286 73
383445 383445 100
404485 404485 206
37350 37350 156
190961 190961 148
829235 829235 132
110534 110534 49
463595 463595 232
54148 54148 66
375757 375757 110
572826 572826 54
112329 112329 85
138679 138679 207
73643 73643 157
227084 227084 63
184136 184136 73
92938 92938 147
36596 36596 125
665853 665853 186
165809 165809 47
354915 354915 105
378169 378169 255
816838 816838 132
261374 261374 195
300038 300038 89
501197 501197 183
53912 53912 185
162815 162815 184
295622 295622 159
204488 204488 130
9417 9417 105
395872 395872 100
122473 122473 181
814008 814008 62
345899 345899 198
78728 78728 46
187055 187055 86
448778 448778 113
144684 144684 189
653015 653015 41
502757 502757 90
160248 160248 70
636032 636032 80
71162 71162 74
128157 128157 49
98181 98181 72
529037 529037 271
205076 205076 68
302562 302562 66
448576 448576 188
322090 322090 48
365517 365517 136
277423 277423 133
84774 84774 59
496516 496516 121
292842 292842 97
641213 641213 217
112770 112770 155
504204 504204 90
457690 457690 64
511157 511157 196
324987 324987 141
685453 685453 54
289094 289094 252
201706 201706 161
113322 113322 124
630911 630911 142
137887 137887 132
21901 21901 44
744370 744370 181
521730 521730 196
362832 362832 87
201049 201049 143
469884 469884 170
154857 154857 158
291904 291904 66
92883 92883 178
508425 508425 108
159460 159460 78
670051 670051 93
139068 139068 57
58352 58352 167
852725 852725 114
284443 284443 283
25118 25118 109
488424 488424 183
173219 173219 91
291092 291092 146
72847 72847 188
649853 649853 155
768336 768336 49
286666 286666 133
203852 203852 112
133860 133860 70
401342 401342 118
140971 140971 83
424601 424601 82
756384 756384 31
80187 80187 69
649358 649358 93
812749 812749 207
741992 741992 194
159697 159697 78
893298 893298 70
589737 589737 235
503429 503429 90
280488 280488 84
256590 256590 151
94532 94532 129
576822 576822 160
40188 40188 94
411397 411397 87
756731 756731 119
68954 68954 144
160892 160892 96
15844 15844 54
21255 21255 150
447811 447811 95
87402 87402 121
47436 47436 190
337085 337085 110
84116 84116 183
201793 201793 68
43886 43886 270
68400 68400 69
600960 600960 116
776881 776881 194
360335 360335 167
806100 806100 70
726651 726651 93
793187 793187 70
7454 7454 71
199643 199643 99
831683 831683 207
9177 9177 110
69327 69327 175
669761 669761 155
561588 561588 85
242867 242867 94
398244 398244 144
170951 170951 104
22658 22658 132
162219 162219 202
336745 336745 185
143244 143244 96
11902 11902 51
678424 678424 137
54188 54188 185
655170 655170 67
107909 107909 217
141237 141237 127
681852 681852 106
459033 459033 201
447822 447822 95
30910 30910 91
589102 589102 67
20624 20624 150
52461 52461 110
165633 165633 153
373117 373117 255
46467 46467 146
210892 210892 143
21094 21094 150
380670 380670 224
342046 342046 185
487718 487718 152
17259 17259 28
234074 234074 125
389554 389554 74
591830 591830 191
119767 119767 106
753347 753347 181
105278 105278 204
366758 366758 123
133052 133052 93
356653 356653 74
6288 6288 63
484474 484474 90
395809 395809 162
693049 693049 155
107337 107337 142
229390 229390 107
578498 578498 72
156419 156419 140
80793 80793 90
227646 227646 187
752177 752177 150
175160 175160 47
290357 290357 71
395589 395589 175
79599 79599 77
237813 237813 76
526185 526185 165
526479 526479 152
607059 607059 191
454982 454982 64
216364 216364 94
492647 492647 183
10595 10595 100
660820 660820 111
656017 656017 67
627115 627115 279
71022 71022 175
523306 523306 77
131003 131003 57
5801 5801 81
570651 570651 116
329296 329296 66
750585 750585 137
107762 107762 186
318374 318374 79
229924 229924 94
586324 586324 160
593188 593188 121
870187 870187 189
184888 184888 60
428016 428016 126
687316 687316 80
182730 182730 148
192484 192484 130
207116 207116 29
128574 128574 132
50628 50628 84
655101 655101 124
486008 486008 214
76353 76353 82
861727 861727 176
382419 382419 193
680668 680668 186
204594 204594 174
167131 167131 65
54027 54027 141
137708 137708 70
132697 132697 132
413679 413679 188
247260 247260 94
69581 69581 206
137704 137704 114
112672 112672 111
539662 539662 103
15195 15195 134
107307 107307 155
151631 151631 158
539015 539015 72
483823 483823 108
88927 88927 95
820775 820775 238
106742 106742 124
679943 679943 106
353058 353058 167
179894 179894 166
350361 350361 128
100629 100629 67
440654 440654 281
417384 417384 188
359752 359752 211
171945 171945 228
64117 64117 48
492344 492344 183
123465 123465 119
29071 29071 166
248767 248767 164
423881 423881 131
515063 515063 196
678754 678754 230
615045 615045 80
60215 60215 48
108658 108658 41
165484 165484 122
702652 702652 168
243341 243341 63
746660 746660 150
90452 90452 134
80586 80586 139
782337 782337 101
292752 292752 66
574064 574064 59
3894 3894 83
98125 98125 72
474969 474969 82
307806 307806 203
165080 165080 184
27835 27835 91
650467 650467 49
857253 857253 220
515847 515847 196
119325 119325 119
255452 255452 102
84336 84336 59
519875 519875 165
216665 216665 94
608684 608684 204
265481 265481 102
537453 537453 72
271985 271985 133
106571 106571 98
136375 136375 313
801776 801776 145
20122 20122 44
442221 442221 126
341700 341700 53
83992 83992 134
6498 6498 138
720509 720509 150
305273 305273 58
618204 618204 173
245589 245589 138
48438 48438 221
22983 22983 88
348383 348383 136
881473 881473 65
162364 162364 78
321730 321730 71
6275 6275 37
42035 42035 151
208541 208541 174
993 993 94
661628 661628 168
385123 385123 162
177984 177984 135
324528 324528 92
623425 623425 204
736764 736764 137
711604 711604 168
69789 69789 175
347068 347068 198
549971 549971 90
657029 657029 173
373420 373420 87
782418 782418 101
678387 678387 93
532815 532815 147
4199 4199 65
52690 52690 102
35894 35894 156
102425 102425 173
366938 366938 87
428382 428382 126
723892 723892 67
280206 280206 177
29162 29162 47
139081 139081 83
481624 481624 214
529202 529202 147
146021 146021 158
48126 48126 102
71411 71411 82
71301 71301 100
431600 431600 144
402454 402454 162
645065 645065 217
107772 107772 93
215382 215382 143
686292 686292 80
5656 5656 130
10479 10479 131
48380 48380 97
872798 872798 158
135916 135916 207
21190 21190 101
756932 756932 88
658368 658368 155
870930 870930 158
197024 197024 42
310575 310575 141
49916 49916 89
716930 716930 75
203005 203005 68
213515 213515 73
537221 537221 121
430711 430711 56
500749 500749 165
53875 53875 141
352454 352454 74
47140 47140 84
317504 317504 79
264630 264630 195
399796 399796 100
116722 116722 129
212333 212333 174
292958 292958 97
192778 192778 99
139752 139752 145
118426 118426 75
449741 449741 201
236974 236974 63
285865 285865 133
439062 439062 126
134823 134823 114
43782 43782 45
444358 444358 113
24824 24824 96
346104 346104 159
456655 456655 201
260197 260197 76
449171 449171 126
15783 15783 178
131833 131833 119
234004 234004 50
555259 555259 165
250249 250249 89
250502 250502 112
124790 124790 212
312919 312919 84
343990 343990 92
527824 527824 103
423815 423815 82
173278 173278 166
656458 656458 186
23224 23224 145
234914 234914 50
261112 261112 133
430065 430065 250
464950 464950 263
347105 347105 136
412418 412418 175
63777 63777 56
555123 555123 134
326638 326638 172
279241 279241 115
400018 400018 193
584842 584842 67
448734 448734 95
3346 3346 93
513865 513865 196
208154 208154 143
521418 521418 103
302737 302737 110
302466 302466 159
104854 104854 54
168975 168975 109
848881 848881 127
373135 373135 118
117485 117485 75
192534 192534 73
43898 43898 58
331923 331923 92
477722 477722 170
313502 313502 278
742557 742557 150
319136 319136 141
64928 64928 43
957117 957117 171
355145 355145 97
306458 306458 159
754221 754221 132
684277 684277 155
583465 583465 191
79666 79666 77
211348 211348 50
148871 148871 39
102897 102897 173
277194 277194 146
456003 456003 338
562054 562054 108
757511 757511 225
221316 221316 94
243712 243712 45
167191 167191 166
282931 282931 146
85223 85223 196
574023 574023 147
264853 264853 102
56716 56716 61
646987 646987 93
301203 301203 141
69202 69202 175
178983 178983 210
152118 152118 158
453276 453276 113
261403 261403 177
247598 247598 182
115500 115500 49
400484 400484 92
6964 6964 32
29362 29362 197
352442 352442 198
624256 624256 142
268994 268994 71
437672 437672 157
54655 54655 172
469629 469629 170
169171 169171 171
31418 31418 86
102110 102110 85
344883 344883 79
387440 387440 74
34921 34921 81
743045 743045 163
427826 427826 100
112927 112927 111
396964 396964 268
203210 203210 205
167773 167773 91
247203 247203 63
161227 161227 140
51867 51867 97
206717 206717 112
8184 8184 66
113057 113057 124
341814 341814 79
180295 180295 166
157328 157328 52
553370 553370 103
348534 348534 167
351835 351835 128
410674 410674 56
492724 492724 59
330288 330288 154
714938 714938 168
612164 612164 85
804007 804007 101
150889 150889 114
115863 115863 106
722802 722802 168
254560 254560 151
13442 13442 46
131903 131903 163
261727 261727 133
351379 351379 154
555985 555985 85
475724 475724 100
69112 69112 113
133168 133168 70
291572 291572 71
790921 790921 101
425359 425359 82
247536 247536 94
110166 110166 62
450512 450512 87
504562 504562 183
75804 75804 64
299315 299315 190
174403 174403 104
179107 179107 73
32305 32305 192
184010 184010 60
362496 362496 43
82490 82490 90
183180 183180 34
121021 121021 212
161605 161605 91
492076 492076 64
279771 279771 159
488624 488624 38
374011 374011 110
533805 533805 121
174549 174549 135
55158 55158 154
700647 700647 124
415372 415372 56
742169 742169 93
167337 167337 153
530371 530371 103
553456 553456 134
365415 365415 118
649774 649774 142
23022 23022 57
394057 394057 100
496358 496358 121
496293 496293 183
100070 100070 160
562443 562443 134
406070 406070 118
85299 85299 196
905357 905357 39
765990 765990 163
10656 10656 118
249792 249792 182
800487 800487 269
165799 165799 65
429228 429228 157
292843 292843 97
68029 68029 118
158752 158752 78
821544 821544 57
251422 251422 89
34442 34442 81
89084 89084 147
158497 158497 78
26506 26506 96
53186 53186 123
268728 268728 164
376703 376703 162
109116 109116 80
365335 365335 105
253629 253629 63
85961 85961 134
574244 574244 147
375085 375085 136
522399 522399 227
679616 679616 106
274300 274300 84
798381 798381 207
278824 278824 146
337340 337340 198
236760 236760 213
103786 103786 54
785209 785209 132
785645 785645 194
368904 368904 105
180682 180682 91
181687 181687 166
26083 26083 47
365032 365032 61
196095 196095 130
716416 716416 75
574226 574226 59
134246 134246 114
495920 495920 170
595861 595861 121
102969 102969 235
4120 4120 127
569200 569200 191
815950 815950 88
191555 191555 148
278834 278834 115
123242 123242 150
140746 140746 251
314716 314716 203
218636 218636 156
787785 787785 70
361835 361835 66
228783 228783 200
654617 654617 41
412031 412031 188
58008 58008 74
504619 504619 152
158395 158395 246
111579 111579 155
396754 396754 144
387661 387661 162
208058 208058 130
273596 273596 208
522662 522662 134
795437 795437 119
815274 815274 114
416723 416723 206
795125 795125 101
58197 58197 22
415559 415559 175
187009 187009 210
533350 533350 59
506587 506587 183
540600 540600 165
766329 766329 300
732925 732925 243
145533 145533 83
19406 19406 137
13288 13288 139
29612 29612 197
327230 327230 198
611581 611581 204
536816 536816 72
376507 376507 162
697322 697322 75
567811 567811 85
109508 109508 62
306541 306541 97
69197 69197 56
339096 339096 61
91956 91956 178
187089 187089 109
147159 147159 65
62999 62999 87
91831 91831 178
598919 598919 235
10181 10181 43
320580 320580 97
361857 361857 118
497466 497466 183
269927 269927 102
439166 439166 188
354113 354113 167
804856 804856 163
561891 561891 147
210639 210639 104
469073 469073 170
302540 302540 66
13538 13538 46
488977 488977 38
560376 560376 134
867 867 29
439761 439761 157
39572 39572 125
243748 243748 89
129225 129225 75
403449 403449 175
190451 190451 78
639607 639607 80
217735 217735 143
681850 681850 106
691848 691848 75
256959 256959 151
22228 22228 132
334321 334321 66
92408 92408 147
181798 181798 47
31545 31545 86
721311 721311 181
96687 96687 46
637350 637350 204
266453 266453 71
152637 152637 83
203893 203893 86
68837 68837 82
7212 7212 45
158517 158517 47
122431 122431 181
393353 393353 162
129162 129162 75
622407 622407 248
35124 35124 143
114310 114310 199
318830 318830 84
243317 243317 89
404851 404851 100
575749 575749 85
418152 418152 113
198634 198634 99
303253 303253 66
348619 348619 74
39544 39544 138
305077 305077 58
442844 442844 219
42852 42852 32
91047 91047 178
356747 356747 123
118539 118539 75
132176 132176 132
390001 390001 100
527221 527221 103
550877 550877 147
133541 133541 70
20444 20444 62
776296 776296 132
183390 183390 192
309156 309156 203
91114 91114 178
424109 424109 82
720895 720895 349
288993 288993 190
195377 195377 104
260169 260169 102
237728 237728 45
436499 436499 157
109478 109478 217
401982 401982 69
98258 98258 129
642632 642632 98
500732 500732 139
432136 432136 82
59609 59609 118
298633 298633 203
464760 464760 201
75544 75544 126
488856 488856 38
255060 255060 58
159425 159425 78
852030 852030 189
259123 259123 164
9591 9591 167
691384 691384 168
452819 452819 157
743520 743520 150
459051 459051 201
57455 57455 211
633077 633077 80
764105 764105 150
126556 126556 80
147293 147293 127
272327 272327 177
262713 262713 102
306506 306506 97
89360 89360 134
28133 28133 109
37379 37379 37
247887 247887 182
662410 662410 155
831350 831350 207
435790 435790 144
289493 289493 97
177581 177581 210
579648 579648 85
48823 48823 159
197978 197978 117
11208 11208 100
765260 765260 181
758966 758966 212
412956 412956 206
85717 85717 33
418898 418898 131
334468 334468 154
275567 275567 151
5425 5425 161
560093 560093 209
65057 65057 69
271710 271710 146
323338 323338 154
829997 829997 114
89905 89905 165
100266 100266 129
763809 763809 106
1967 1967 100
67053 67053 118
539568 539568 64
168385 168385 184
428297 428297 100
221303 221303 94
652491 652491 142
258863 258863 133
207912 207912 130
74354 74354 95
470524 470524 152
438221 438221 69
173075 173075 166
102840 102840 80
80144 80144 95
13798 13798 152
36032 36032 50
567351 567351 191
444802 444802 51
144889 144889 158
155927 155927 132
230080 230080 76
300726 300726 71
689066 689066 80
180256 180256 65
125848 125848 57
859770 859770 220
371977 371977 118
351486 351486 105
144371 144371 70
321005 321005 53
251184 251184 133
45526 45526 208
179217 179217 166
