169678 83796 383
640287 214624 470
735514 619281 442
442173 208843 449
166631 413122 449
212096 123818 383
638308 12980 470
344359 146414 443
534068 185377 470
532695 746863 452
531938 569156 452
548818 176483 470
994373 369030 525
996738 958691 458
825303 125902 470
789969 956078 525
692418 586679 447
564892 929972 525
611731 132961 470
137013 134322 344
888653 514008 525
910963 611876 525
588185 921424 525
78130 413929 449
982766 787289 525
306326 176049 443
861905 182984 525
397297 785853 470
943584 176580 525
836003 224639 470
595543 574358 434
838423 135860 525
209240 244272 443
717684 268847 470
125784 499492 449
594968 521538 452
187693 280915 443
662573 91796 470
768042 111223 470
794100 125508 470
415982 986604 525
668134 20990 470
285009 601619 470
433975 1721 449
264174 172770 443
556724 407976 470
424001 948942 525
960016 351435 525
239652 100492 443
703527 399599 470
850755 149229 525
383271 9515 443
31307 846008 525
431022 678135 470
863826 503015 525
979018 581150 525
818536 578501 468
713933 141356 470
216510 264392 443
673040 358599 470
599464 630813 447
396157 867754 525
399749 519617 470
294778 483798 449
235652 845349 525
293381 699402 470
51992 629539 470
661781 864164 525
2220 352280 443
836533 428043 470
401621 714908 470
870233 472911 525
118500 151850 375
979113 580274 525
355577 303661 441
460956 367310 449
432573 326327 449
212249 595119 470
84078 675032 470
858791 394725 525
354110 658529 470
791544 502367 470
631117 750641 442
377293 386588 379
945829 979767 458
164758 688660 470
277834 892866 525
532708 163738 470
464776 842327 525
844467 240856 525
20882 565609 470
676004 433490 470
59139 288030 443
397806 734634 470
577225 185892 470
358908 532122 470
334974 33170 443
992416 429421 525
867088 166169 525
409844 163078 443
68431 44383 340
89404 221260 386
316979 815641 470
306031 789116 470
510455 961043 525
604003 430000 470
575031 209191 470
903061 362339 525
935620 97473 525
250469 129683 443
980910 689153 525
43161 400919 443
493253 609158 470
919615 535882 525
918209 282381 525
992672 72978 525
426489 641724 470
453594 9679 449
431990 238432 449
255652 296631 416
134314 403703 443
690769 115102 470
541889 254809 470
504304 16842 449
417290 768907 470
487726 871260 525
434907 404618 449
620186 428988 470
447978 671831 470
37812 473299 449
906378 377159 525
870113 642624 525
990522 205593 525
359129 198464 443
501255 735178 470
663968 749083 442
574736 605586 434
857986 56963 525
21057 929425 525
917142 57990 525
17396 25010 282
66844 512649 470
382184 430572 449
969370 321945 525
936882 428875 525
858575 616890 525
677501 974753 525
777078 971151 525
505835 238117 449
609658 833420 468
454454 285569 449
940313 182840 525
95370 660916 470
886052 256012 525
93812 920921 525
770747 513660 468
943075 141774 525
334732 168355 443
322929 649723 470
581137 308693 470
679587 917348 525
512792 863587 525
844205 459157 525
190485 249656 443
545145 585785 452
19228 421301 449
597936 758244 447
255312 327314 416
614284 64824 470
47691 371615 443
95104 950429 525
69487 645419 470
320781 298555 384
663881 381336 470
46013 821789 470
937750 488027 525
610118 610354 341
719528 467297 470
125660 727752 470
856028 807162 525
192676 847988 525
225094 682317 470
218800 549969 470
502844 425695 444
667338 85237 470
894572 475672 525
767162 805154 468
725021 568094 447
470193 129046 449
988523 785125 525
70643 465072 449
52746 885354 525
467488 910841 525
46193 497502 449
501557 108410 449
178399 827688 470
653582 634298 425
29090 802332 470
839180 346952 525
894590 987550 476
849069 358891 525
277676 598032 470
643200 975705 525
663528 460000 470
172014 458682 449
438986 535392 470
200704 530800 470
43513 378191 443
676146 564455 447
317974 516813 470
278428 785692 470
287589 393988 441
672832 34270 470
623536 1361 470
108760 563992 470
688347 32093 470
685573 544803 452
905528 204084 525
663354 493542 470
547230 841108 525
822770 826689 375
137700 259420 443
659360 722619 442
507619 186454 449
503175 670458 470
782741 483703 470
542504 405246 470
325508 496431 449
184158 880138 525
84345 941444 525
909628 750403 525
118776 205756 383
35384 815981 470
996535 106018 525
432075 5878 449
822971 39053 470
409430 745202 470
132765 406933 443
886298 286629 525
357851 684324 470
979144 567919 525
798610 792624 468
144540 831715 470
864793 513406 525
997524 678471 525
100295 906993 525
86829 57976 351
896405 33109 525
186436 621613 470
371390 940170 525
672842 4724 470
191174 464080 449
559447 208897 470
310348 974761 525
517679 527419 439
117442 350260 443
825382 639878 468
313336 745981 470
513519 436973 470
333117 71328 443
986905 573344 525
942960 738652 525
358351 590690 470
525771 32771 470
20762 361903 443
427831 60556 449
932531 142482 525
777593 619207 468
980817 879419 476
406637 324276 441
997062 234995 525
837493 327802 470
644005 89744 470
584442 443974 470
345687 196330 443
378297 32117 443
456719 325856 449
29069 107896 354
498197 432983 444
916062 904549 476
338727 756863 470
361850 833757 470
179007 874147 525
505874 598081 470
655167 19720 470
365844 602757 470
949697 317361 525
688971 461464 470
585522 726588 447
499584 190377 449
642691 934585 525
475749 507022 426
247211 110617 443
802703 479161 470
916779 362344 525
901738 493115 525
454360 932206 525
174952 534454 470
437703 585780 470
829963 293429 470
893063 132114 525
807319 208423 470
183316 302854 443
923694 904361 476
541775 766444 452
385310 652234 470
915490 263801 525
758234 707633 424
551599 660447 447
922351 73526 525
563805 683803 447
928462 887667 476
206437 430276 449
491534 456359 444
185361 374398 443
22792 278617 443
274426 45524 443
95820 36763 351
630927 774200 468
237227 553787 470
526151 596047 452
591657 292875 470
704901 777242 468
591945 885158 525
691958 457503 470
455621 527369 470
357607 211038 443
159555 455137 449
170513 741366 470
643075 751614 442
102359 492836 449
939634 158638 525
446650 349472 449
492528 500494 426
556248 473313 470
10875 481192 449
241080 699681 470
307325 70821 443
812646 565361 468
768913 690406 468
415655 107354 449
975771 759247 525
352695 353187 335
37349 209865 383
655287 435684 470
754609 342234 470
323944 936311 525
983269 59193 525
589807 191572 470
471049 634409 470
172690 986658 525
967197 532038 525
221077 743466 470
358627 85717 443
630049 334847 470
583502 121294 470
896892 661498 525
534792 152433 470
586444 610642 412
485413 248561 449
928871 470174 525
249361 923364 525
756457 925596 525
780927 8035 470
559907 804493 468
29233 753758 470
985286 880176 476
410558 331530 449
370508 596808 470
673366 981516 525
569934 178086 470
312373 945996 525
981836 282819 525
561138 280732 470
913556 681766 525
61651 503096 449
37849 999208 525
841192 641352 525
580422 445290 470
247718 587167 470
324250 665244 470
484413 536285 470
990912 807572 525
187482 391786 443
633474 10571 470
854193 563206 525
86108 3709 351
877024 837675 525
569275 414931 470
485836 363029 449
783909 658274 468
490312 747116 470
374410 257126 441
368821 433818 449
890156 80156 525
123865 847074 525
415963 283316 449
588993 773898 468
799079 223320 470
601847 942330 525
804876 422519 470
332955 736364 470
364361 334441 441
167665 532166 470
565834 815797 468
37260 805697 470
425420 999136 525
633947 428852 470
258077 911030 525
162173 605100 470
744671 352067 470
524467 940650 525
503528 794605 470
205845 807302 470
269880 677641 470
698805 758283 424
604079 988336 525
689546 289944 470
835842 441474 470
155525 477834 449
109417 677070 470
300396 75809 443
208089 954297 525
586591 88261 470
599896 988319 525
677434 134309 470
30953 958944 525
165747 398776 443
146676 132419 375
992169 732425 525
909584 389447 525
462204 564271 470
683149 585206 447
841571 642808 525
137244 288558 443
618936 415921 470
625948 90298 470
776320 603706 468
397652 80035 443
295445 860365 525
71860 709940 470
614292 55005 470
222616 123455 386
254017 781519 470
526301 862922 525
939990 813898 525
972051 550926 525
722515 19409 470
642378 794240 468
914927 378824 525
864002 328070 525
936899 310432 525
607924 854652 525
922006 215870 525
85147 343701 443
552250 835609 468
452809 623802 470
718798 570541 447
631683 74637 470
41337 252619 443
861640 733639 525
626296 43780 470
419797 47398 449
593352 970996 525
194034 589003 470
650065 140410 470
61545 15342 340
905543 690533 525
835577 551537 468
240507 914367 525
782015 427019 470
124901 562731 470
75643 493303 449
839176 42755 525
715230 943463 525
821910 293577 470
39106 515315 470
515176 694355 452
356461 969927 525
850356 555753 525
849385 587203 525
643379 638958 425
239397 732504 470
284342 621393 470
859074 807981 525
854717 383171 525
20206 196198 383
368327 491207 449
415288 744200 470
897101 537327 525
688295 34150 470
897486 43027 525
254085 77721 443
391532 731938 470
124839 162659 383
388696 158273 443
40950 379794 443
994990 589603 525
577176 625826 447
583591 9694 470
905013 534058 525
247153 87486 443
645400 688319 429
787071 908344 525
559872 611883 434
861045 216432 525
772519 830362 468
105893 467163 449
109749 335470 443
609797 512869 452
997439 369959 525
8316 108901 354
364186 947936 525
183920 163646 365
269723 642915 470
255138 495713 449
257029 894816 525
887293 637694 525
567622 532515 452
479441 289246 449
70917 530978 470
92421 400390 443
896931 408284 525
832356 28503 470
322818 268644 416
231343 293660 416
609032 930552 525
780490 677415 468
772218 447472 470
188773 57344 383
482531 367525 449
674448 778730 468
317315 451742 449
571525 930497 525
192941 393496 443
842552 872985 432
863007 958251 476
16523 893100 525
880961 669803 525
535696 932868 525
184887 882845 525
154426 522674 470
23113 626071 470
13556 754111 470
722569 296801 470
513078 536658 439
62774 508328 449
530159 562208 452
715748 375694 470
536502 178337 470
568462 75574 470
346173 572384 470
704838 117918 470
463139 979102 525
122937 733927 470
839860 935680 476
534934 774290 468
664622 950885 525
870507 253702 525
48624 679288 470
967813 455178 525
159004 517272 470
724120 958928 525
363447 690485 470
705631 371943 470
514406 433721 470
474634 961522 525
735296 82225 470
52483 401950 443
219729 855003 525
43462 422955 449
258215 202471 443
612856 71103 470
81773 874653 525
123306 372630 443
752005 759851 424
15541 175540 383
85291 275715 443
813895 576987 468
156829 546575 470
79117 514680 470
917023 4189 525
56107 862641 525
549079 400994 470
734819 474495 470
982713 261374 525
113998 668311 470
611876 117761 470
611967 271584 470
811505 688718 468
522810 882477 525
481148 445433 444
808128 534522 468
221583 907229 525
507939 814120 470
384652 705004 470
178771 390746 443
705768 30526 470
393181 568623 470
332958 383886 441
586748 301000 470
510209 405326 449
446966 172123 449
786683 600164 468
594755 798073 468
121836 944103 525
24412 528850 470
471560 777020 470
765640 752922 424
823312 151561 470
14337 714916 470
57533 256109 443
339229 195226 443
277922 407081 441
796231 173920 470
9732 146049 375
532868 155798 470
644241 896125 525
223962 589552 470
611872 79820 470
321288 278593 398
805188 976519 525
883847 872544 432
499134 969097 525
390013 802809 470
544434 79865 470
298708 411766 449
18854 8547 279
189386 344470 443
104682 308700 443
625418 671694 429
494572 802396 470
276527 403415 441
385040 521826 470
269003 17441 443
380095 801615 470
742817 821965 468
600787 247489 470
437251 737307 470
699724 290409 470
25443 35924 324
722358 929647 525
793845 655778 468
800627 35042 470
398989 494924 449
776068 719480 468
64659 184739 383
624560 387530 470
138200 633688 470
859741 125911 525
377833 249038 441
232832 405140 441
11142 536470 470
275528 709142 470
146112 60610 375
27949 242342 443
898183 800299 525
998092 540648 525
592368 815967 468
381259 287266 441
760476 411275 470
90121 85248 333
445296 482550 444
989548 8251 525
363129 454202 449
584962 126168 470
259200 337399 416
522970 919892 525
59908 501650 449
665753 525483 452
54183 576465 470
314735 773213 470
486353 156663 449
163904 312998 443
7202 621557 470
817281 719367 468
96185 570562 470
959955 827091 525
777870 100574 470
382339 597688 470
658392 956453 525
561573 459314 470
720423 51766 470
822487 531238 468
588104 731843 447
675571 640677 429
814934 692811 468
615265 840719 525
275761 207646 443
169912 387576 443
77661 555198 470
868975 311038 525
222957 701954 470
617165 407583 470
800194 637280 468
598562 674629 447
203445 132468 383
213525 527414 470
473679 255837 449
882869 96020 525
460406 431217 400
206322 412662 449
701819 726341 420
922263 904627 476
47061 42320 314
615392 589995 447
669192 822271 468
209918 360170 443
319648 1572 443
493257 479226 426
847133 150957 525
620611 598348 447
919305 664060 525
648166 786358 468
395562 121713 443
321922 598838 470
407498 333451 441
68961 406285 443
74388 579242 470
178064 252814 443
473749 780385 470
68812 943566 525
893662 584108 525
362336 196840 443
751519 681715 442
144694 37564 375
883729 672030 525
195071 97307 383
275135 768591 470
344724 206872 443
730411 87717 470
160463 354589 443
40624 350096 443
107365 301052 443
130340 645295 470
614202 385065 470
629682 918998 525
44245 646249 470
458736 227938 449
702591 362839 470
913313 213181 525
574272 377404 470
838265 765631 525
338880 120325 443
509274 578601 470
461682 459761 444
403090 38931 443
243332 678088 470
697607 263355 470
78726 855400 525
862232 905609 432
658904 663249 354
6084 871318 525
648647 844591 525
139978 977297 525
855976 470505 525
130621 401763 443
880379 186708 525
794916 863321 525
494880 565778 470
506230 688934 470
688571 974292 525
507453 468322 426
52265 521343 470
668966 829030 468
805640 464817 470
428976 466756 444
129363 311115 443
248677 807150 470
171103 314427 443
221604 387225 443
885834 329344 525
165909 623536 470
349493 842009 525
239593 450910 449
614114 684624 447
905728 621090 525
655853 31581 470
259902 546463 470
594731 771471 468
536729 736733 452
992588 219006 525
530678 347622 470
592832 335692 470
555450 837659 468
952747 952297 414
48882 608867 470
52369 369751 443
943546 3203 525
937055 272807 525
931959 759411 525
91731 7695 351
405156 252276 441
876158 875115 432
803865 714144 468
604358 592866 403
721816 738191 424
820113 821955 375
651521 151338 470
462465 555807 470
961241 531642 525
729604 989117 525
763771 651894 442
739624 850334 525
781129 670742 468
443218 353453 449
32274 286015 443
132001 682085 470
23032 753271 470
230083 634305 470
651107 586572 447
468555 906165 525
479972 645182 470
178738 178647 272
340255 643297 470
647085 352495 470
175519 118424 383
165871 545502 470
163165 541558 470
179950 61027 383
730526 594215 447
389612 709506 470
118149 712226 470
1557 71402 340
674058 722303 442
443701 30689 449
137039 21107 354
442006 558982 470
102233 808270 470
934018 453239 525
696543 250457 470
884870 497429 525
822633 462343 470
431643 57743 449
343533 444091 449
31289 626381 470
740843 153963 470
989441 649053 525
655000 632209 425
81661 289652 443
291980 167955 443
891199 44711 525
840877 122908 525
941443 617946 525
488090 875145 525
16425 722116 470
371301 325302 441
415296 673294 470
662279 905396 525
942794 278145 525
913104 899909 476
997198 375212 525
873773 631963 525
198549 530121 470
463723 295117 449
943575 374989 525
565575 721174 447
462445 475160 413
931809 249964 525
256842 918836 525
570533 314038 470
206623 971475 525
387787 27757 443
315300 23697 443
977508 60885 525
944711 111454 525
861030 522168 525
759733 603233 447
525752 630860 452
326333 786094 470
31031 164940 383
407186 953573 525
339005 380468 441
867829 401097 525
494907 500934 395
479404 572661 470
203024 962080 525
925160 837654 525
731225 51688 470
371373 2189 443
362162 289096 441
510769 288606 449
290063 407319 441
161411 420235 449
748318 667594 442
998316 983910 427
13277 484888 449
609563 848365 525
616822 80331 470
832857 825063 419
362981 673602 470
577553 77775 470
565050 979007 525
222604 173959 386
304796 748532 470
943365 434756 525
869416 730894 525
863793 143004 525
78558 198996 383
389359 917601 525
612521 485474 470
877939 262727 525
689831 358330 470
724188 668132 442
523923 523098 302
817510 488897 470
879637 444827 525
491190 237824 449
65300 548047 470
744880 983775 525
975936 129605 525
953216 42943 525
906750 177761 525
880497 18886 525
328958 929553 525
583619 174239 470
279915 917052 525
350173 816210 470
436531 434284 356
798119 649054 468
423491 702921 470
876802 567688 525
189363 775771 470
511310 901484 525
865310 826301 525
101472 116365 354
91650 305119 443
436262 609867 470
295386 966364 525
157903 660525 470
606151 682953 447
63133 135392 354
176979 314124 443
661393 659793 323
765627 245285 470
702707 177448 470
328035 757135 470
901209 733957 525
271278 426805 449
742477 32777 470
161511 285669 443
725679 306219 470
498366 223439 449
775933 525204 468
312784 626627 470
799120 287505 470
117313 863764 525
745337 522831 452
374726 160174 443
317342 336937 384
45375 999821 525
326400 456 443
406144 832927 470
89789 412693 449
612922 414318 470
131673 720084 470
544841 329504 470
248687 10579 443
465878 631851 470
686797 655759 429
56768 722497 470
625977 251385 470
374200 206838 443
960857 547441 525
681294 974588 525
933134 224221 525
947062 965928 423
835832 31657 470
72907 635406 470
97216 417684 449
985112 155398 525
408528 818301 470
575731 341985 470
270087 499650 449
345990 35908 443
592999 740907 447
761279 558550 447
77332 386517 443
594886 942886 525
298206 345368 384
733435 668230 442
310136 762066 470
765200 857294 525
904535 399711 525
850991 90949 525
160773 642806 470
180642 454499 449
307955 277978 398
546928 817562 468
834112 867728 525
95119 264628 443
454622 98690 449
576922 237786 470
413737 614252 470
470695 255929 449
95653 413488 449
857233 240679 525
718757 914322 525
669843 138091 470
118980 506056 449
