98655 155566 375
51238 67151 340
91066 443875 449
231918 63692 443
484718 83286 449
54568 119528 354
12240 679993 470
844451 318544 525
291547 730227 470
351459 198423 443
17874 116757 354
191840 287128 443
262823 99075 443
263651 532906 470
848363 228905 525
782824 478772 470
365210 118773 443
85840 34374 351
243203 110724 443
490105 668002 470
28765 357338 443
203105 75187 383
891360 64724 525
356598 1352 443
938600 368010 525
118381 493572 449
189343 318102 443
358232 267921 441
134394 163090 383
194064 170700 365
412807 476931 444
141826 721088 470
2830 406656 443
204664 941257 525
79476 14464 351
484564 62301 449
83931 205944 383
191625 143336 383
10549 12183 268
8637 140867 354
876485 78498 525
384874 279811 441
333428 64250 443
234351 342053 407
27733 66697 340
154244 183095 383
62391 381035 443
387383 644520 470
275965 314570 389
772640 203492 470
563465 18236 470
85206 71145 351
22360 15300 279
325935 154623 443
30673 351892 443
225366 7330 386
34402 241326 443
91070 148752 375
110682 516907 470
68255 35845 340
23720 344828 443
50661 361004 443
398720 151563 443
191535 52499 383
116659 117924 305
262076 316354 407
514848 422076 470
113570 378072 443
67999 318866 443
613224 47316 470
62875 763798 470
745456 14340 470
380055 119238 443
40542 460179 449
342531 23557 443
554022 322248 470
599585 123723 470
81661 117182 354
729399 274155 470
12237 57095 340
259421 162372 443
496444 64317 449
476872 197902 449
102156 210201 383
450824 595934 470
152282 604849 470
80719 95782 333
268976 115085 443
218306 664 386
175841 481180 449
304478 178034 443
783650 143644 470
305510 886088 525
261562 243919 363
12624 19735 279
58307 52904 322
348410 259455 441
495291 64595 449
177610 55989 383
10273 218048 386
92169 157436 383
130210 156487 383
273652 45495 443
115068 167826 383
6347 20227 279
17134 38618 324
111465 303949 443
201005 177848 365
344340 714023 470
247234 182543 443
78331 526718 470
17873 474126 449
1652 432723 449
121490 529111 470
189638 24225 383
372173 461928 449
166042 344478 443
67945 198782 383
45639 13786 324
197406 11324 383
107016 405508 443
182604 227496 386
254077 246397 350
108338 359166 443
320957 604841 470
20175 334242 443
156889 92887 383
347392 115962 443
44616 81720 351
843383 273099 525
106382 672506 470
431904 140974 449
498808 19780 449
711439 435385 470
336973 51192 443
31048 189025 383
22091 85596 351
194305 131734 383
378214 890248 525
55321 1811 340
586043 43249 470
160071 592673 470
221383 252468 443
56924 18255 340
382828 8353 443
233216 30732 443
8491 282671 443
215016 464520 449
318696 45206 443
92382 149218 375
327378 7018 443
103595 480472 449
141013 446818 449
153450 47237 375
341305 148677 443
195378 438786 449
662780 487144 470
519168 37140 470
119664 94943 354
15646 29439 308
556341 489004 470
916311 476820 525
297087 277169 389
653965 663668 429
268382 675595 470
388087 529930 470
141084 240604 443
19797 2654 279
157493 718640 470
166510 15560 383
496344 167545 449
491413 12869 449
80305 238605 443
285311 78546 443
163685 362461 443
12193 723332 470
99692 30565 351
19973 341914 443
136254 9973 354
336551 38289 443
2425 27809 308
200583 45552 383
270870 580014 470
16004 38603 324
818614 743652 468
816028 443397 470
113733 57009 354
455781 41928 449
132392 5669 354
732429 193953 470
137595 70052 354
276816 107678 443
530962 913646 525
67373 237687 443
87682 105256 341
623359 183853 470
190200 189630 360
225770 609617 470
573517 403413 470
171321 205704 365
323802 466072 449
287469 50761 443
245858 361537 441
12356 64749 340
295280 150004 443
138536 186587 383
111462 18868 354
645224 695217 442
238239 303829 407
261291 577455 470
48443 32507 324
32241 99096 351
284776 1033 443
539586 690803 452
442414 319105 449
96606 199611 383
449305 366031 449
47107 370946 443
53878 461374 449
118927 188474 383
154157 322772 443
344601 58790 443
38560 2694 324
7703 864973 525
855835 372147 525
88144 42675 351
497156 788504 470
416804 55480 449
17519 600425 470
214249 5983 383
732066 888507 525
98252 301960 443
83400 489526 449
221276 42734 386
160131 41024 383
5514 99214 351
358902 146566 443
54515 649049 470
4919 396659 443
272315 26090 443
188047 13492 383
293694 203631 443
36497 923164 525
257904 413818 449
58754 609528 470
86882 572072 470
166265 355361 443
2914 12178 268
122752 40697 354
237959 302468 407
232897 90348 443
179240 424764 449
160208 741389 470
107557 285309 443
478679 517933 470
54458 622415 470
799353 746049 468
576273 9066 470
495411 119931 449
70123 40333 340
63910 261346 443
49893 957760 525
7167 396908 443
89947 817875 470
253121 215502 443
127790 241266 443
100385 585282 470
476225 9688 449
462490 147405 449
264894 200163 443
257789 560398 470
16426 57759 340
524578 824158 468
12285 334734 443
37609 116307 354
519448 37174 470
71365 2042 340
176594 204389 365
181377 55495 383
101075 191466 383
207879 138268 383
360403 494078 449
694404 317895 470
17384 124975 354
846452 138314 525
861706 871657 388
15270 404830 443
228027 24228 386
531860 472474 470
314666 304749 384
753225 186297 470
188899 402355 443
588495 70728 470
546235 228520 470
156409 199112 370
324815 267420 389
616489 8158 470
111016 431291 449
128837 262661 443
247919 193328 443
320229 48507 443
96097 729 351
151422 920510 525
99062 43579 351
326864 121485 443
55886 4839 340
75064 429025 449
120640 87694 354
359443 4980 443
181680 639431 470
222785 566 386
47437 655185 470
252820 132556 443
43824 46352 314
86521 49995 351
432321 31466 449
331250 159713 443
24903 9744 282
262182 1656 443
395031 332533 441
256055 261404 345
478220 118223 449
616461 308061 470
92574 24181 351
145518 139932 375
38101 67164 340
1290 349635 443
64747 1401 340
96578 109355 354
189055 12829 383
407142 33639 443
177541 346991 443
622779 501953 470
44678 42533 270
79491 93366 333
26912 292632 443
82414 451054 449
652099 18699 470
628453 864861 525
257876 239526 368
173300 2135 383
90803 401 351
62543 226004 386
700970 105225 470
226117 17038 386
51664 151115 375
136495 171176 383
206661 30805 383
48606 992 324
95481 332938 443
136674 2269 354
583860 370987 470
38582 107430 354
377180 40139 443
175033 336196 443
17420 62302 340
104479 188593 383
58 58775 340
142554 546076 470
656161 76022 470
6915 211436 383
118028 187781 383
400070 518087 470
11671 772747 470
315779 794856 470
321517 235732 407
387411 54300 443
19882 401698 443
402158 250327 441
95469 410132 449
307491 195055 443
15 169270 383
9176 638710 470
235983 356119 441
500753 53360 449
106371 236033 443
166510 636969 470
150861 212208 383
191239 469896 449
388213 105877 443
28409 229788 386
229569 191504 386
87244 46299 351
429127 207533 449
62690 99345 351
26527 42773 324
509455 146114 449
280364 15828 443
13720 6272 276
63084 40399 340
5759 14712 276
77235 39231 351
61908 27840 340
622867 429382 470
753982 712278 424
452348 139842 449
223379 131498 386
474921 217700 449
703826 80959 470
368635 282895 441
335346 324647 353
36658 448160 449
25407 85335 351
53231 560359 470
632717 434 470
90471 154819 375
453619 8421 449
159003 351281 443
273445 628570 470
362158 96650 443
215605 377021 443
271866 22038 443
465612 778768 470
16581 31682 308
348294 53998 443
22019 72060 340
106149 124976 354
726543 136018 470
159957 40972 383
250650 237512 368
197840 419788 449
525716 287304 470
21172 243430 443
705168 350780 470
628471 18466 470
18868 845373 525
267442 200055 443
101019 353257 443
300096 404185 441
73400 592590 470
155583 183540 383
139330 88648 354
7797 59743 340
293490 182278 443
823260 712021 468
245187 9971 443
254753 292083 407
321502 4274 443
561491 279619 470
347723 868980 525
32051 363880 443
128705 31567 354
39714 519032 470
38981 221261 386
423091 184276 449
21637 516652 470
313583 11198 443
472197 214909 449
182185 199235 360
149327 590060 470
548391 184292 470
437679 102666 449
5013 113613 354
465214 190873 449
136423 913579 525
155150 401193 443
319302 377090 441
181364 3196 383
201129 62301 383
100778 110707 354
37824 849347 525
263198 351648 441
13457 101751 351
13371 26797 308
3305 177849 383
338692 118987 443
309346 149005 443
257542 167383 443
107473 328713 443
45832 9005 324
33592 631854 470
19693 27212 308
449575 12286 449
610313 249503 470
39531 452968 449
273892 335773 389
127203 125044 331
130959 21510 354
149371 78627 375
131270 61120 354
137975 131369 344
147475 774037 470
815166 35817 470
58359 64973 335
384556 177235 443
548880 21020 470
890827 177670 525
170576 891763 525
590835 285567 470
395415 327908 441
105304 564234 470
207359 341228 443
430797 379236 449
503259 238270 449
219057 353330 443
230847 381569 441
62060 49871 340
514659 625082 452
31638 55133 340
33260 296642 443
62426 105465 351
163109 321037 443
841994 657962 525
150045 1488 375
293743 19161 443
91868 853 351
320766 350004 441
80274 6571 351
162986 726863 470
142833 140893 375
114953 76358 354
275760 207259 443
36041 908288 525
8932 549463 470
185916 637607 470
576958 100658 470
580985 185724 470
228821 23441 386
777007 110465 470
545696 305658 470
249981 759771 470
136667 405066 443
45127 181746 383
874238 264138 525
511850 272179 449
161310 106142 383
329530 675033 470
133771 94505 354
285803 61125 443
100652 243909 443
421656 126754 449
248047 330720 407
36040 2866 324
74043 33466 340
287761 688599 470
370044 365896 361
143501 188594 383
243242 53725 443
273417 346833 441
705768 174139 470
394131 186899 443
3004 514473 470
92712 91221 333
642955 714570 442
81041 267974 443
51478 23975 324
26962 1733 308
269850 148800 443
237064 25157 443
8611 382378 443
35817 138164 354
127587 466689 449
5141 601977 470
102846 4075 351
261539 793437 470
547394 174671 470
222439 200004 386
21953 758081 470
32894 74443 340
523953 751 470
43073 2181 324
101895 156389 383
221764 15697 386
53035 631640 470
203972 3728 383
208158 266503 443
42379 131773 354
38590 678699 470
87027 426388 449
342793 392930 441
204397 109659 383
56706 641995 470
214111 929 383
303178 307527 340
66347 210370 383
5428 196298 383
192069 271430 443
482649 524928 470
115039 60952 354
158570 200797 370
283031 576387 470
542308 171551 470
287636 751851 470
152542 366929 443
203826 347766 443
298085 212884 443
266952 132018 443
126817 753428 470
145519 193675 383
101485 383925 443
102973 186218 383
35029 62314 340
23905 455350 449
85966 192651 383
298065 25719 443
117947 622614 470
837269 427630 470
55450 25815 340
254932 564732 470
57345 45599 340
408030 29822 443
138469 39860 354
30603 211213 383
274180 178442 443
857949 331928 525
421992 258470 449
91493 223076 386
275885 513122 470
597734 188355 470
338851 373932 441
175913 54121 383
248162 563175 470
21217 646843 470
171198 276034 443
197436 237894 443
329044 477403 449
647978 67933 470
227975 269508 443
39317 115430 354
308632 683388 470
33518 173412 383
329355 135594 443
50065 309716 443
460686 144601 449
904281 745300 525
506785 95903 449
10072 193274 383
107287 118221 349
821159 76580 470
447119 259196 449
636645 175320 470
97066 237421 443
993 538683 470
5771 81983 351
142433 824472 470
200982 265698 443
77079 37891 351
805954 97704 470
472338 45002 449
22478 82585 351
409207 789347 470
236630 180316 443
90976 390611 443
93363 663846 470
177502 77045 383
763079 70002 470
370398 75001 443
33977 23763 308
11796 79690 351
4894 199946 383
317419 341941 384
229493 539675 470
5096 74703 340
325638 290478 384
574728 25135 470
125398 32932 354
206003 391471 443
307664 372529 441
391100 654 443
655536 331746 470
29173 7084 308
277785 631630 470
233416 98699 443
28207 523653 470
30010 19958 308
57523 110769 354
778447 160769 470
305423 495541 449
9123 110168 354
654658 69879 470
402851 61650 443
443493 212389 449
87444 164259 383
93374 551087 470
370881 148282 443
689842 178431 470
87144 401358 443
421716 32233 449
5825 316339 443
191251 543735 470
50543 756936 470
20244 570996 470
262396 135527 443
331980 318673 384
64304 338369 443
623018 397843 470
51619 661629 470
152611 423086 449
100955 157024 383
528369 359127 470
459583 101371 449
563231 131957 470
241750 486160 449
59144 38750 340
628771 476182 470
282208 33780 443
520543 191077 470
1506 123920 354
180727 81052 383
134732 22329 354
190683 21772 383
84359 146262 375
6083 616858 470
193476 132022 383
9142 209643 383
56105 120821 354
41237 246062 443
41964 7985 324
290978 80784 443
172431 701214 470
874567 743392 525
334784 234118 407
445554 110343 449
127785 538509 470
226506 398010 443
237423 243875 368
315869 6032 443
43209 462481 449
125236 58540 354
39823 690718 470
34730 14034 311
862341 127292 525
22974 35966 324
143806 24450 375
353212 821078 470
167257 225965 386
222163 85116 386
80147 26693 351
417997 3905 449
120940 241783 443
274332 228907 443
2265 584468 470
5782 74225 340
638864 361298 470
494431 105556 449
858781 125227 525
96256 772045 470
147838 97267 375
40360 106599 354
421836 342872 449
399451 599140 470
441896 86088 449
239925 170992 443
299139 134449 443
369502 502105 449
92915 950257 525
104964 16993 351
345841 630378 470
91744 3236 351
308711 255916 407
180446 169702 347
249872 42518 443
192664 568482 470
293268 63908 443
493674 415616 444
288114 184821 443
611833 81960 470
166721 156061 383
386738 623388 470
321186 554 443
675393 216362 470
271105 595659 470
122015 406357 443
69996 52246 340
518956 503921 470
325006 531998 470
18693 638112 470
569955 480601 470
611181 407204 470
368176 931086 525
202971 253131 443
17567 176066 383
974173 346557 525
11863 21974 279
500505 310731 449
119007 226059 386
96577 622321 470
627101 444963 470
690 31633 308
273739 749230 470
210210 749582 470
5129 109446 354
39381 787923 470
57285 10818 340
460756 15427 449
102621 141667 354
70477 107221 354
467342 23395 449
123449 283381 443
421663 127226 449
42090 21168 324
49483 61016 340
344720 25001 443
285019 25598 443
151592 193433 383
26848 436971 449
462814 293948 449
72465 4930 340
301604 68836 443
149635 489111 449
440968 23026 449
335133 608142 470
10126 101460 351
7699 539340 470
164168 332337 443
1295 68899 340
16580 94697 351
153952 277220 443
2362 95703 351
100690 194844 383
678143 175809 470
198179 64458 383
516212 433294 470
333946 86064 443
132719 251470 443
324407 164926 443
475253 762047 470
556711 365710 470
133185 124870 344
154775 500751 449
12666 22594 279
417877 348388 449
809266 324984 470
194579 423231 449
367891 333122 441
391634 894865 525
82926 475678 449
72562 386037 443
165690 235233 443
137704 56059 354
107730 20974 354
899466 344344 525
156733 24179 383
255978 267718 407
365692 96272 443
78070 471028 449
262150 9638 443
775507 305596 470
25708 15369 282
38004 283886 443
304564 370200 441
390561 47826 443
213876 332897 443
43585 452385 449
260198 515882 470
207676 893087 525
342302 38261 443
10552 339242 443
240567 152098 443
412292 129727 449
209024 695989 470
34149 352544 443
499622 522425 470
347975 152661 443
93351 429960 449
3237 254971 443
33767 367050 443
462682 341961 449
26622 156172 383
259121 353482 441
268155 522164 470
69762 670125 470
176272 84232 383
158836 22196 383
252214 336713 407
95501 14361 351
33396 163565 383
129491 194687 383
369122 619264 470
31982 378815 443
113200 8885 354
271309 181100 443
415503 112404 449
64272 810070 470
422476 217809 449
173153 666421 470
340831 337314 366
11186 231617 443
404866 193748 443
232948 386201 441
71151 799700 470
187606 193422 360
88979 478679 449
42182 68155 340
200712 171637 365
190859 82421 383
54170 621962 470
15899 361745 443
485617 285720 449
38042 408421 443
50112 194914 383
257319 299384 407
20607 156271 383
490227 36962 449
315320 151368 443
569500 13344 470
146089 75184 375
563976 182974 470
20217 188355 383
284228 149389 443
288520 45304 443
92201 122985 354
255856 863951 525
281873 11867 443
743637 128639 470
794523 576374 468
384367 417609 449
730978 165372 470
502411 138469 449
60367 12364 340
831308 56889 470
113578 100998 354
672083 55012 470
169516 747907 470
167214 31774 383
253296 19667 443
308916 678439 470
102974 110120 354
25433 386641 443
728299 95640 470
48492 92975 351
7462 354697 443
66500 146736 375
109423 55367 354
59418 137943 354
465237 125825 449
31618 240106 443
54798 221608 386
22594 578495 470
394136 108407 443
68827 195010 383
210339 318190 443
667226 180693 470
662967 42043 470
309623 308926 309
25950 389062 443
579758 115297 470
54450 295329 443
387224 2255 443
142877 27028 375
965275 480958 525
824 135428 354
481775 12199 449
103778 173497 383
174295 64364 383
713048 584909 447
175541 123604 383
116354 153943 375
34584 149014 375
623401 375299 470
82781 603727 470
97242 441109 449
321168 853299 525
485066 203704 449
60843 46279 340
130228 23081 354
201500 4782 383
530565 464402 470
4294 103407 351
471 527673 470
268473 649778 470
161482 115214 383
12021 113237 354
307216 239341 407
397112 188696 443
241432 19181 443
88660 147857 375
572617 125335 470
195242 117714 383
1315 470362 449
91156 219958 386
257558 740976 470
421104 24001 449
114814 78175 354
528801 26212 470
246366 513874 470
39112 13445 324
122448 496788 449
184819 402961 443
435326 106096 449
213907 31131 383
176147 707664 470
487295 17511 449
572 178808 383
314099 11740 443
226614 190975 386
370438 628729 470
621610 8426 470
270557 25862 443
508632 102852 449
703338 314465 470
114106 629818 470
73670 73900 294
416900 195395 449
446815 25492 449
657127 346262 470
206053 113480 383
318581 161189 443
168588 28678 383
521252 40129 470
