289384 930887 525
636916 692778 442
238336 747794 509
760493 885387 525
516650 641422 509
202363 490028 449
368691 520060 470
513927 897764 525
180541 383427 443
89173 455737 449
5212 595369 470
702568 956430 525
21531 465783 449
665124 722863 504
174068 703136 509
513930 979803 525
634023 723059 504
133070 898168 525
18457 961394 525
175012 478043 449
176230 377374 443
484422 544920 470
413785 898538 525
575199 594325 434
664371 798316 504
566414 803527 509
268981 776092 509
241874 759957 509
806863 999171 525
497282 906997 525
420926 702306 509
336328 477085 449
126506 660337 509
621730 750847 509
661314 925858 525
353896 616125 470
100546 819583 509
233368 898815 525
515435 990365 525
313751 344044 384
171088 426809 449
117277 947179 525
393585 695789 509
502652 705404 509
392755 612400 470
95061 999933 525
549677 993369 525
210013 947740 525
636227 698587 442
297540 348095 441
140796 480571 449
651435 960379 525
66602 97468 351
612903 710098 509
570493 573318 372
260757 926653 525
560281 997302 525
209442 724287 509
429690 953866 525
228445 346620 443
558441 744730 509
108118 958032 525
738098 905772 525
834482 890676 525
120710 698928 509
704568 777857 504
179498 872354 525
254587 276966 407
455307 964684 525
28625 406220 443
51529 332872 443
48830 805733 509
409504 530020 470
258271 363369 441
486716 959709 525
226341 518150 470
700724 747797 504
2246 142619 375
122847 493452 449
243556 892922 525
192380 597489 470
537765 888229 525
469842 792351 509
165194 441501 449
87765 757035 509
324915 470125 449
275857 936988 525
346492 373744 410
148366 322228 443
281937 709860 509
151433 452552 449
316438 899229 525
153276 975408 525
276122 901475 525
468859 794396 509
36030 661238 509
573794 908236 525
65819 894429 525
231012 366144 441
335929 639530 509
318777 322405 371
255764 964444 525
114614 854539 525
118607 436841 449
2905 344819 443
235129 670689 509
67918 797370 509
466997 569918 470
43325 987744 525
259471 512184 470
295500 298491 327
206726 689773 509
385645 755591 509
268140 617506 470
469787 502955 426
338083 907670 525
308543 388465 441
110198 939508 525
228805 759356 509
278612 376349 441
127829 573623 470
887344 949300 507
35569 195747 383
354341 755423 509
23312 613811 470
267606 321802 407
425662 473731 444
44879 811306 509
178737 229321 386
79445 248627 443
503466 648523 509
473417 586709 470
213259 408283 443
167638 412925 449
305625 442063 449
532037 962601 525
433453 911900 525
145551 419380 449
290072 947469 525
487132 900974 525
684931 903882 525
808934 845895 525
158661 370164 443
387982 657200 509
252997 548900 470
152960 713774 509
272814 739669 509
187191 681096 509
116467 952927 525
365085 911341 525
327685 422091 449
443377 855543 525
379108 755937 509
219757 517446 470
418419 669180 509
89413 706888 509
32173 103349 351
262010 451660 449
402337 625211 470
166343 467588 449
319302 878207 525
667373 697714 442
401256 575322 470
44600 864820 525
229905 517722 470
939812 955940 414
73941 915668 525
311706 346229 441
811128 829151 450
565985 996659 525
763921 789225 468
602423 867270 525
54082 821397 509
645631 740085 504
679293 811973 504
73851 207673 383
647626 905386 525
739300 741223 393
306641 606043 470
340714 783899 509
256191 352299 441
280525 942591 525
108582 688210 509
288820 499337 449
371156 937733 525
218005 495995 449
160380 614770 470
85274 981777 525
247256 668851 509
348143 721861 509
445885 575580 470
223206 421994 449
679568 867622 525
690614 962505 525
262755 801962 509
31327 154260 375
518945 828203 509
613203 723507 509
902022 936785 476
222843 390869 443
235190 789529 509
608873 949909 525
210499 849959 525
448037 518809 470
457754 686249 509
33334 383304 443
132134 321649 443
772891 999755 525
251747 517568 470
319530 690369 509
238047 514501 470
473789 549798 470
66250 86991 351
3034 273304 443
12498 505364 449
294893 910254 525
247687 519126 470
613997 761153 509
209189 245976 443
649158 703730 442
32461 895437 525
253415 543922 470
26305 870461 525
60029 388028 443
266749 278051 407
308903 707557 509
504795 697698 509
571044 858700 525
132003 301040 443
90429 806404 509
682 144501 375
617648 908539 525
36160 895152 525
282135 522536 470
104340 171693 383
502216 516128 470
720505 755630 424
60050 590965 470
298286 636430 509
495344 576336 470
202901 903178 525
407972 885239 525
260290 416950 449
495368 717989 509
392293 585796 470
40744 53145 340
102830 658391 509
655341 961683 525
570 553542 470
174233 453827 449
172262 956043 525
409118 690361 509
228024 266762 443
82 526310 470
495426 903191 525
618997 806368 509
214678 504235 449
631627 730691 504
226058 764525 509
349615 673169 509
328206 390359 441
726313 947387 525
204347 565101 470
602727 634995 509
56553 204917 383
325579 893530 525
528947 532291 346
302648 756971 509
799052 819081 450
218594 799632 509
418628 830858 509
541313 561887 452
439215 788356 509
193513 720091 509
14413 59480 340
858970 909611 445
152275 966190 525
47642 806356 509
356621 925434 525
77889 198988 383
498339 524567 470
27285 487771 449
56857 790418 509
300607 372261 441
100238 125850 354
107206 473060 449
35218 648519 509
34946 990784 525
228459 436874 449
710874 967638 525
620484 804290 509
770479 826608 468
149315 772758 509
334472 645730 509
533460 591101 452
89439 723619 509
58026 211389 383
631234 633075 385
518158 933682 525
3494 160359 383
110700 550271 470
101840 633418 509
275570 668364 509
92623 228795 386
319848 413174 449
196432 217463 386
456683 539391 470
504293 745792 509
205058 355116 443
391522 796158 509
631492 888575 525
401948 462952 449
35022 359232 443
393741 610538 470
485055 614031 470
35326 554099 470
187517 241082 443
33003 653517 509
372232 746140 509
261797 785405 509
582339 974581 525
39022 519219 470
513971 539863 439
235380 784813 509
692686 894978 525
31537 299905 443
324177 433484 449
199760 279208 443
889745 984858 507
469912 593500 470
20128 663951 509
505237 777561 509
367819 675106 509
740050 810564 468
421245 588712 470
41806 519935 470
77376 563292 470
558956 593615 434
133590 343769 443
544919 828994 509
376883 552806 470
844823 876983 432
124031 326718 443
311575 593094 470
186594 530127 470
550254 781487 509
803075 850544 525
327815 734714 509
138378 478180 449
415776 474763 444
32920 727089 509
806733 935711 525
11018 110295 354
400347 760236 509
745692 871138 525
305154 423944 449
122574 666329 509
300926 449292 449
306711 894019 525
277218 836837 509
575056 596964 434
387091 963859 525
378131 714905 509
372662 698572 509
369634 689686 509
304790 613074 470
722605 756852 424
349251 419806 449
336504 767869 509
109486 639007 509
82196 414640 449
62950 721121 509
80968 880227 525
387678 686764 509
290597 963982 525
740866 887561 525
127956 539037 470
367771 433519 449
66343 359212 443
245197 322533 407
272380 627322 509
858271 994985 507
384173 794428 509
152041 344235 443
647284 970073 525
245831 307399 407
370348 901064 525
966951 982031 458
250574 653715 509
57523 886060 525
134048 626925 509
189436 945083 525
271233 829205 509
622955 630444 509
411899 945487 525
684279 875641 525
89160 250263 443
679263 989684 525
539849 561042 452
141724 208325 383
26273 449123 449
454155 927336 525
335822 937458 525
102748 909366 525
311777 591172 470
160270 725219 509
621704 938702 525
209934 914654 525
53960 450908 449
356729 862807 525
515798 748721 509
121309 547085 470
515335 742699 509
76377 110992 354
252716 798899 509
801053 825172 450
218190 771560 509
554011 752507 509
178225 709017 509
173110 816540 509
333379 490001 449
58110 945054 525
489115 955082 525
405990 671339 509
28068 59427 340
575224 785148 509
332232 776788 509
292123 696533 509
323876 591282 470
390180 884851 525
202255 576591 470
215351 311132 443
967858 973814 458
199182 381495 443
146082 554604 470
15721 152434 375
590182 887983 525
97488 359416 443
79297 768826 509
138723 765405 509
550552 796893 509
90033 230298 386
399135 443182 449
898507 990416 507
299709 767058 509
380596 860000 525
112298 501963 449
475777 687484 509
68978 80155 351
191310 742588 509
139933 723383 509
544267 895022 525
313564 508861 449
903683 909212 445
277686 669087 509
564286 590931 434
735991 794584 468
197315 651477 509
95821 754117 509
37526 641893 509
395529 538840 470
897491 897526 326
101361 651137 509
247644 889619 525
80929 170338 383
506583 826622 509
804311 917956 525
370889 634226 509
274571 426816 449
220854 543438 470
107723 460009 449
712351 811784 468
9098 418658 449
363828 689127 509
522072 621270 452
533150 726652 509
60911 140529 354
228399 430640 449
241889 836611 509
928578 992394 507
433891 498977 444
754553 755200 318
126088 416932 449
360100 388778 423
400658 448567 449
377018 580953 470
72642 392736 443
89369 491299 449
453196 918185 525
55806 696777 509
423429 975267 525
552529 588955 434
19594 80309 351
297279 322198 384
289673 372556 441
250775 806446 509
305001 522326 470
238284 560998 470
466128 648413 509
565422 598383 434
179335 914694 525
942440 987335 458
88422 548160 470
522958 994986 525
1355 691762 509
492973 578763 470
167717 631542 509
561853 711851 509
375483 703663 509
76218 550400 470
665155 801174 504
399016 486507 449
476365 839852 525
488264 724791 509
323173 942492 525
373538 570038 470
18860 28829 308
107281 360872 443
355857 576988 470
146591 578342 470
563971 725353 509
195512 587666 470
149518 893070 525
113084 907362 525
41352 974113 525
189301 706507 509
104668 291639 443
131490 709365 509
434155 581033 470
39876 136105 354
273680 706142 509
292539 413413 449
290637 734970 509
311957 916171 525
62761 162845 383
406650 726815 509
304466 994315 525
713887 922327 525
346040 660184 509
701536 826970 504
320153 532622 470
611791 924394 525
150110 637290 509
259632 734674 509
395736 584265 470
374296 774549 509
101878 704314 509
353199 666834 509
99356 994950 525
157794 665156 509
588157 678469 509
400961 982934 525
98824 323287 443
213172 275359 443
40141 185678 383
22182 493246 449
572762 933991 525
150324 210051 383
84101 409955 443
461076 668365 509
235625 322043 407
42660 423920 449
225845 456290 449
293470 451239 449
474977 841552 525
125384 520020 470
63134 526344 470
19305 161957 383
232476 365982 441
68012 953667 525
446913 788968 509
90193 361730 443
380903 756869 509
88132 465003 449
549208 683175 509
5217 649719 509
301184 692378 509
757473 945488 525
238958 434574 449
276126 725063 509
366798 713934 509
293419 312497 384
848154 893142 445
775475 971727 525
596981 925394 525
385949 843486 525
372306 450031 449
264030 269560 345
206899 352161 443
406425 734563 509
384281 417720 449
411642 718903 509
593011 873481 525
27584 992727 525
234141 628790 509
303709 342724 384
132558 600939 470
10432 152494 375
124221 980711 525
577691 785906 509
49614 629392 509
938271 963639 507
79422 227668 386
207830 802672 509
96181 458744 449
209096 513900 470
137089 843025 525
749155 952387 525
10570 258233 443
155711 979970 525
492374 800031 509
498434 609664 470
167280 932588 525
429650 620095 470
291500 922352 525
7340 857465 525
487331 551743 470
147516 312087 443
231350 519916 470
843882 950187 507
495012 675635 509
854388 874134 432
623288 812723 509
339644 806774 509
786743 881520 525
495355 890245 525
103125 510140 449
16260 552064 470
636354 677419 442
485270 981713 525
505405 558706 470
342734 626800 509
654820 992735 525
740436 774316 468
240854 691088 509
100670 702451 509
916488 974803 507
245563 556838 470
363611 598090 470
585206 995961 525
596912 666705 509
402558 769830 509
418817 623404 470
300822 321893 384
303606 571523 470
302444 646580 509
161529 325362 443
273379 834448 509
332701 564046 470
23788 574883 470
675552 804900 504
242590 721387 509
650354 799427 504
764795 966949 525
68507 163037 383
277108 346093 441
665418 679665 398
115922 288821 443
98481 954167 525
105995 186355 383
408438 774124 509
99485 832934 509
86318 106313 354
419018 933932 525
25166 186710 383
959157 991609 458
201746 217070 386
712996 867423 525
1172 196296 383
148570 680560 509
264802 425677 449
26653 446572 449
105341 658926 509
251744 720173 509
613092 874090 525
903567 906528 445
255813 798879 509
3051 885197 525
362125 453334 449
65187 304214 443
263371 478500 449
56795 695569 509
286142 465116 449
79343 982640 525
482438 744264 509
263591 663199 509
169940 206203 365
226514 791632 509
478258 865129 525
511805 994572 525
352347 934684 525
151226 898139 525
190496 417541 449
36422 68973 340
340635 387227 441
134159 865726 525
120357 190953 383
77646 585473 470
673340 993447 525
475884 568112 470
417604 747662 509
255826 587543 470
470217 482340 413
335345 379175 441
407331 960597 525
829295 846268 525
260758 342014 407
48861 980520 525
194651 533293 470
117833 581877 470
251991 390280 441
510636 963954 525
41599 959296 525
96108 952742 525
180571 714938 509
132541 944977 525
200802 444585 449
720084 914801 525
199493 615610 470
676441 766497 504
22940 612764 470
505736 881305 525
2607 389874 443
584524 930165 525
52252 564350 470
442531 682752 509
646705 816340 504
291987 953166 525
565626 688303 509
761080 919592 525
222408 262548 443
568485 707132 509
804920 939562 525
139054 621932 470
388428 420529 449
815495 959820 525
517544 837582 509
423769 841124 525
287640 840188 525
524644 892439 525
207395 851989 525
184681 851321 525
804487 854099 525
58753 993019 525
754099 886464 525
149011 494696 449
63180 976506 525
856143 916067 476
868099 994426 507
571473 804979 509
382854 386967 348
416749 764798 509
122273 224548 386
581087 840517 525
365160 409913 436
261901 989878 525
572554 841198 525
943004 962933 414
162036 955952 525
48499 518108 470
529155 710050 509
202907 713862 509
570004 592335 434
635326 976785 525
206798 564429 470
463634 781764 509
110116 546561 470
851015 880382 432
185186 720898 509
432101 595098 470
602409 938330 525
373350 691314 509
295880 852635 525
457915 634317 509
668776 808586 504
22766 34987 311
197931 736627 509
237893 306617 407
306630 389570 441
387410 799753 509
581516 596367 434
222834 367396 443
247777 644429 509
73848 829614 509
22301 485027 449
603787 941063 525
830764 960630 525
256509 295101 407
683398 929417 525
230776 491983 449
114545 253541 443
43321 828827 509
506519 797566 509
329500 651795 509
187135 451547 449
299854 716909 509
33063 84304 351
193843 522687 470
596535 848433 525
539808 849811 525
480870 618835 470
95816 453597 449
748697 827985 468
352325 511383 449
99452 194466 383
519717 825362 509
563038 869344 525
375862 654188 509
305982 360603 441
64089 705361 509
273880 938621 525
363942 823294 509
22925 886629 525
17136 387709 443
483163 556943 470
101997 753871 509
207467 554164 470
197812 898501 525
66488 472516 449
183333 926235 525
445951 682291 509
8694 551634 470
525340 662881 509
402294 927495 525
485214 632855 509
275445 466383 449
571476 830324 509
98739 110752 354
115874 716952 509
14812 716466 509
189169 768682 509
259684 334814 407
48978 492500 449
674536 965015 525
115465 600770 470
148347 314108 443
563073 673392 509
88412 865741 525
309588 852624 525
7058 337837 443
458794 473440 444
546621 613282 452
228372 820115 509
53419 657372 509
188535 860597 525
49765 769884 509
104698 473568 449
825801 966068 525
153675 500336 449
447434 785491 509
112133 617458 470
180530 615950 470
481691 785524 509
638148 785293 504
307630 792350 509
492336 766423 509
621969 782141 509
313044 602256 470
486767 850340 525
172026 710937 509
191654 458261 449
277053 665221 509
562958 619205 447
232984 631288 509
78722 119541 354
534827 736998 509
667128 707206 504
433879 492729 444
219171 665170 509
647228 972799 525
11521 139564 354
739222 793661 468
277884 568617 470
128224 912268 525
55383 84293 351
247036 355512 441
542554 632564 509
428609 621863 470
59896 251769 443
371199 887661 525
422377 654969 509
141010 362174 443
89504 574888 470
371255 754674 509
18482 794058 509
243824 321930 407
674397 983045 525
631943 952281 525
68013 544210 470
596856 639748 509
144855 952367 525
203760 403135 443
101282 831743 509
341974 869402 525
713172 891639 525
62959 273414 443
414423 651900 509
257756 941485 525
505662 829091 509
528781 816072 509
363924 772604 509
38321 138001 354
272001 769943 509
340013 506953 449
103808 830505 509
975359 979760 383
382895 572526 470
179118 190159 365
214637 521091 470
59561 622627 470
332974 750615 509
201938 918866 525
143422 263749 443
176621 769410 509
488864 705401 509
101833 852787 525
239834 478005 449
266357 407459 441
526128 914411 525
356632 606369 470
534570 586129 452
623447 848342 525
27459 485375 449
700011 813606 504
64902 873166 525
331868 838990 525
40927 722491 509
250733 986239 525
700700 943706 525
189563 272001 443
165458 373833 443
42349 643462 509
130018 449808 449
172498 426170 449
32539 880570 525
415140 529129 470
135019 377471 443
38586 620393 470
368543 921281 525
502534 836755 509
241708 675744 509
480551 834401 509
233022 601486 470
466789 933721 525
255141 545191 470
639635 710648 504
145326 681984 509
791695 870462 525
296631 648143 509
45064 964192 525
493321 845521 525
976555 980539 383
387143 531493 470
308423 600931 470
437686 900035 525
327309 658095 509
161709 629781 509
138645 862803 525
121785 279546 443
341088 796523 509
376926 436158 449
38603 51736 314
438549 634493 509
798987 830297 450
251531 310841 407
97052 844050 525
320513 336957 384
77590 707655 509
194873 868449 525
532429 768483 509
376089 632558 509
262338 426577 449
537798 565221 452
125140 333695 443
438015 687006 509
580283 674783 509
242870 390524 441
25016 135237 354
481885 681418 509
340354 449300 449
700755 792725 504
113237 546351 470
37711 140293 354
337243 906159 525
335165 386024 441
674642 967722 525
617570 762112 509
746411 816261 468
182791 387903 443
149956 386148 443
341090 825917 509
216440 482782 449
583959 618018 447
265376 757807 509
99902 614512 470
408979 714675 509
315266 777378 509
38567 352977 443
892162 917670 476
252834 259135 363

