6092 40487 324
89861 21880 351
62842 72591 330
53823 76858 335
43694 14547 324
77853 53766 351
13129 47850 324
12174 54290 340
78070 15912 351
96951 21546 351
88783 35301 351
81792 17613 351
39382 76390 340
8766 78192 351
95990 14402 351
34664 79420 351
26755 51976 324
28520 28538 197
7275 92562 351
43732 94904 351
27406 330 308
30673 30729 254
30999 16717 308
25279 91976 351
78800 16384 351
21891 59007 340
36578 76018 340
14456 73848 340
55461 98315 351
69248 56352 335
29556 80413 351
74370 35099 340
87096 41167 351
96545 30477 351
95685 24872 351
64117 57242 335
39662 80377 351
86646 71712 351
58142 74033 335
16139 74803 340
16021 32479 308
52709 96289 351
17025 27029 308
98307 27927 351
57817 5243 340
66220 43525 340
65277 47257 340
61119 42535 340
55222 74525 335
54705 80449 351
170 66873 340
95402 4035 351
96198 50086 351
7013 92363 351
74490 750 340
50909 15619 324
11893 77641 351
49073 62861 340
56571 29693 340
91195 57138 351
99843 49423 351
78002 71832 351
93309 37657 351
85181 85598 289
31588 20504 308
67455 64944 268
95301 12744 351
60776 43274 340
76368 53152 335
82120 73140 351
88258 46738 351
70954 64460 312
97532 36492 351
64238 85652 351
99814 92950 328
47689 96879 351
3290 53723 340
80036 5055 351
75886 67135 325
44121 78758 351
58465 94177 351
38977 37874 244
45724 1246 324
90352 37594 351
88874 32458 351
23703 99257 351
79789 84793 320
13262 1618 276
34984 21963 311
93571 35234 351
9596 53569 340
95738 39976 351
36487 75007 340
49672 91076 351
3670 10513 262
75702 72645 325
54417 26864 340
74213 79271 351
18754 88474 351
10329 16092 276
62479 5946 340
82172 25626 351
70401 89642 351
55851 55707 260
64199 57422 335
48098 97020 351
92105 61408 351
38331 61003 340
17565 92515 351
95954 39321 351
77101 93419 338
15800 84622 351
73772 60764 335
64902 78975 351
21976 45610 324
57152 11144 340
61737 67498 330
88900 66794 351
16237 41943 324
88182 46728 351
75000 83804 351
53027 67450 335
46971 89663 351
80156 65591 351
42680 21241 324
14403 23196 279
12737 8795 268
81310 54348 351
91094 68580 351
610 45325 324
65839 81679 351
16669 20220 279
27712 12816 308
23504 11889 279
27113 57292 340
6566 54139 340
4060 91738 351
71294 75186 325
42363 70126 340
79263 64752 351
39235 50315 314
66803 7534 340
74609 58391 335
78063 24343 351
10656 98151 351
4772 38854 324
51258 91302 351
88296 92699 333
43702 90299 351
6130 64561 340
10361 40224 324
34576 9918 311
56871 78680 351
52091 27303 324
15090 53437 340
23722 74189 340
44103 6377 324
85987 1036 351
30568 19279 308
33728 45560 324
913 42078 324
95723 30975 351
82208 27450 351
74171 41690 340
25962 76926 340
14745 7919 276
39684 63221 340
68456 16629 340
54719 31035 340
4403 80477 351
95693 94335 328
33284 38619 324
6851 41959 324
5621 33707 308
33627 35351 311
55728 7945 340
53975 32356 340
72733 87677 351
3322 99198 351
93322 80844 333
39424 79128 351
27411 94476 351
48997 70712 340
47536 90492 351
6657 31293 308
95546 37183 351
58547 61920 335
86040 81081 320
17960 48865 324
14990 59305 340
28315 33826 285
14147 96005 351
70080 60001 335
27044 78216 351
62492 94478 351
20820 86172 351
38424 58674 340
89581 61093 351
51278 8080 324
49632 29447 324
6474 90153 351
74697 66878 325
96959 74896 351
70082 77262 351
62048 96548 351
38784 82775 351
82022 66749 351
49643 69380 340
67064 19678 340
77905 8802 351
98461 27836 351
51944 82861 351
32421 83544 351
6377 68914 340
82414 75662 351
11468 6221 268
54672 3655 340
21433 52201 324
23261 61836 340
60164 54805 322
96096 95487 284
41879 12696 324
41345 77503 351
6353 68400 340
14836 79333 351
33606 81297 351
53428 13182 340
91336 57093 351
76720 3814 340
59878 68311 335
70050 7759 340
74078 86393 351
5437 35307 311
19267 60157 340
93913 46426 351
19360 17632 279
52667 85569 351
59128 38721 340
13439 92305 351
89810 44660 351
94851 74819 351
77512 76900 351
10638 61544 340
67169 92857 351
88198 52529 351
51405 88827 351
27439 76633 340
53218 71463 335
38610 23214 324
54178 38314 340
59599 57727 273
25728 95255 351
68130 49470 340
50141 34017 324
72362 36715 340
49849 16581 324
84581 29526 351
79103 64844 351
56985 3825 340
70299 33768 340
86022 71585 351
68807 54113 335
72282 21515 340
34778 66915 340
56662 12209 340
38151 35990 306
40321 65423 340
23965 17095 282
35881 51027 314
79075 82706 320
90425 77137 338
88516 49978 351
66990 99011 351
30003 36082 324
70608 38557 340
18430 69883 340
57375 62607 335
78742 21875 351
70584 2610 340
95191 75287 351
6667 10980 268
57712 50450 340
25502 40078 324
2071 11801 268
84571 98623 333
19415 32309 308
94538 87324 333
92983 63629 351
65003 40624 340
5021 61984 340
33488 4651 308
45272 49518 314
48178 62831 340
43968 48809 314
5498 80095 351
46842 14235 324
27272 74197 340
47458 98089 351
99082 38391 351
93008 31561 351
81321 33563 351
83760 71185 351
47557 39882 314
93454 59835 351
983 8140 262
48181 78023 351
69045 79152 351
14704 16065 271
78811 45976 351
65623 80547 351
71170 18132 340
8482 59602 340
20671 9647 279
88600 10632 351
89613 13445 351
1358 1421 172
59951 43453 340
78611 30976 351
54634 22775 340
46074 79994 351
81199 71387 351
83760 92472 333
4739 99999 351
59930 69804 335
84838 48131 351
50516 66598 340
91595 13861 351
632 13481 276
49579 10355 324
32492 56322 340
45360 49966 314
54989 93602 351
74199 581 340
84152 14042 351
94563 80827 333
40845 85162 351
5304 60873 340
52324 20089 324
59665 13768 340
47642 54726 340
82727 18626 351
3405 288 217
64453 51415 340
65998 97281 351
59202 11720 340
49167 86107 351
34397 24574 311
81709 26817 351
75945 25294 340
59040 45909 340
76127 82226 351
34532 61622 340
802 37418 324
71759 40815 340
57151 48435 340
67180 70343 312
60577 95919 351
44287 83701 351
29966 80916 351
14881 69800 340
24212 73640 340
876 4840 238
69705 91040 351
10928 90584 351
18436 74377 340
70183 52707 335
19448 10030 279
8572 51448 324
82524 86780 320
23312 83460 351
62354 11127 340
44691 8510 324
93834 8469 351
50683 17623 324
64743 22481 340
95585 70284 351
20720 87642 351
40619 67464 340
59269 90533 351
320 94548 351
84501 54433 351
47534 63610 340
62332 78667 351
51988 8075 324
37103 39287 306
62621 34398 340
44863 10876 324
82290 15238 351
86021 615 351
24921 16480 282
627 95227 351
89827 86495 333
23244 9009 279
35682 206 324
81179 86884 320
87482 42790 351
39784 60260 340
63870 38284 340
91620 75443 351
69295 76864 325
32440 14462 308
55752 71256 335
66290 6369 340
22221 77512 351
34455 83460 351
86423 48283 351
68540 71276 312
33150 47783 324
26688 13914 308
16171 46766 324
83720 26831 351
66593 33150 340
10958 38232 324
39577 19319 324
99531 27046 351
13415 664 276
52182 90655 351
40237 21607 324
92873 78711 338
36014 35104 324
20973 10744 279
88989 99565 333
67338 54754 335
60330 43143 340
93312 81541 333
48549 39512 314
10480 25279 282
90076 81541 333
88953 74676 351
72441 9677 340
65015 91044 351
43582 50386 314
55193 99673 351
11104 46661 324
33070 29168 285
38649 17395 324
27652 79727 351
63082 65328 330
57649 85801 351
75789 64290 325
24701 1223 282
34170 95669 351
50440 75548 340
95257 71264 351
57176 9254 340
92425 75134 351
60096 72397 335
8257 80565 351
60027 46403 340
31916 49955 324
158 1931 182
27713 5188 308
77536 57065 351
83115 63978 351
80731 69571 351
49002 73720 340
58745 4564 340
32814 38511 324
13071 84633 351
56026 27327 340
44735 73338 340
41460 71715 340
81222 64955 351
53034 9925 340
54400 53448 322
70803 11049 340
99832 31862 351
47564 17524 324
353 29691 308
59733 77273 351
2310 30236 308
34910 97779 351
91605 22570 351
11222 43552 324
28440 33454 285
59495 15760 340
4660 53390 340
78231 98143 338
5612 17963 279
53551 26951 340
29662 30750 272
61502 44210 340
42801 17252 324
78485 23499 351
23240 80693 351
57104 15260 340
81435 89992 333
19328 44729 324
24690 67779 340
16633 9739 276
72299 62113 330
7662 67929 340
17129 79344 351
7955 73275 340
72606 27569 340
73405 20447 340
40273 70225 340
89387 82109 333
82386 17574 351
50851 79083 351
86470 90194 333
35195 6217 311
64322 73061 325
89358 47813 351
36627 41388 306
75316 55641 335
16186 80142 351
44068 29859 324
17686 37981 324
37174 38545 306
90008 53321 351
47054 35113 324
88272 65385 351
2507 84512 351
77117 76237 351
84285 88931 333
84166 61229 351
17067 11595 276
3201 34697 311
28796 33323 285
80234 65384 351
16108 40641 324
2523 1766 209
5457 36544 324
50467 11309 324
53536 85408 351
65437 59678 335
87734 52101 351
32751 55973 340
47620 71970 340
78332 68341 351
51819 93205 351
30032 70624 340
81152 65960 351
166 15187 276
38543 13667 324
4497 39672 324
18949 11130 279
44714 6146 324
98440 11265 351
46422 39945 314
30582 7775 308
62674 82508 351
20365 94587 351
24327 97588 351
31230 84509 351
42774 73429 340
69055 79386 351
48069 44878 314
78543 41933 351
76023 18857 340
82017 5433 351
1533 24204 282
88413 71695 351
52241 22644 324
1150 89908 351
26538 11487 282
57527 79463 351
83010 20595 351
39465 58340 340
64616 56315 335
5618 65325 340
70189 73239 325
8323 19095 279
88305 61038 351
75280 40133 340
64135 18076 340
55561 72456 335
78574 46105 351
52250 81312 351
80763 41069 351
89905 70281 351
30059 73901 340
94054 56629 351
71592 52143 340
92054 67280 351
90706 28355 351
79884 69472 351
65923 74465 325
37845 29904 324
67508 72580 325
19628 4119 279
29271 82259 351
83854 93887 333
54932 31807 340
84916 74536 351
7211 46933 324
90868 86428 333
67712 73894 325
50088 5216 324
48774 76279 340
85573 54052 351
84628 84654 227
55975 97556 351
28521 56503 340
85890 62157 351
34919 60288 340
34373 60326 340
11454 31869 308
40322 57256 340
83974 64177 351
56109 7697 340
29892 81708 351
56707 7944 340
99929 20295 351
90590 53390 351
66460 79557 351
20784 65590 340
7827 40527 324
89724 54426 351
62321 44211 340
29940 10783 308
62967 8132 340
34096 83014 351
94808 17427 351
92545 76541 351
95 64640 340
4305 30085 308
93580 28073 351
68256 64297 312
40069 72436 340
65339 68989 312
89456 27461 351
49690 93681 351
60640 50295 340
76885 32863 340
15057 5658 276
10846 52116 324
62993 4147 340
67468 84205 351
1406 23510 279
72672 35233 340
90689 316 351
35295 80146 351
39615 20177 324
61173 94140 351
82638 53525 351
63714 61954 330
1814 80913 351
58437 30537 340
66764 26909 340
64167 22273 340
40454 74881 340
71987 5706 340
25978 66313 340
84527 28624 351
10119 97756 351
72826 54402 335
93125 16144 351
45716 6670 324
81004 78885 320
77601 19629 351
56518 89032 351
94486 11780 351
38184 37770 244
75230 49353 340
82731 86577 320
85270 42381 351
85823 99639 333
23435 21144 269
88259 93432 333
28970 73642 340
460 4870 238
65521 85764 351
16716 92011 351
71588 14987 340
2515 72036 340
42829 45737 314
3184 70064 340
90597 19951 351
40156 99334 351
3240 9884 262
32379 18399 308
21920 1917 279
4664 14165 276
31113 89868 351
22255 41010 324
55431 34220 340
21435 5627 279
49062 29750 324
89694 24884 351
61852 38152 340
85778 99697 333
66952 84575 351
79928 41743 351
38948 87385 351
37615 61855 340
78514 89001 338
66327 78989 351
89904 82313 333
94259 36921 351
30953 81987 351
52187 22132 324
71774 72843 263
85392 60874 351
17966 78567 351
31181 35936 324
76900 33145 340
59379 4413 340
71532 4705 340
88085 16587 351
35184 16874 311
55080 33029 340
52887 36264 340
46445 12112 324
50104 46390 314
58274 93351 351
68059 8095 340
94807 33343 351
6372 14468 276
86861 60537 351
58364 84268 351
48164 2676 324
12115 2052 268
73960 6467 340
41254 5456 324
26250 12889 282
63479 40526 340
43058 73511 340
1892 54488 340
55327 93304 351
44536 72051 340
94352 63639 351
60865 6088 340
25112 5529 282
395 86464 351
46412 77624 351
68418 51820 340
57465 16076 340
46402 38266 314
2315 64128 340
592 16243 276
68504 18095 340
1320 72204 340
34391 63413 340
57667 5305 340
30767 99506 351
57379 10974 340
6714 55455 340
90297 52978 351
67073 79791 351
25094 83552 351
79496 47226 351
3723 57165 340
32715 62705 340
15726 97673 351
64492 58910 335
15464 20882 279
67639 77183 351
49294 84971 351
25600 93808 351
66872 39736 340
25228 3695 282
1018 72301 340
43756 1717 324
13933 1712 276
9355 8328 260
24089 57746 340
90291 70526 351
47724 90291 351
76328 31853 340
11646 94843 351
77884 5822 351
19896 6905 279
83375 6042 351
85872 13530 351
83237 83238 152
73590 53753 335
90316 94506 333
27071 31330 272
60644 83339 351
5162 42989 324
46041 80313 351
80648 33296 351
90559 43798 351
7125 23298 279
16469 47659 324
4851 24226 282
32331 88623 351
67681 39880 340
35587 29850 311
47194 81665 351
75230 19211 340
27244 68849 340
86250 20867 351
62430 63209 317
6916 76990 340
17344 92073 351
42354 72775 340
9979 46631 324
43482 12414 324
32296 3461 308
29033 26246 308
93694 6339 351
90217 20077 351
9037 62722 340
82525 46456 351
31856 54681 340
27231 24712 308
15506 37600 324
16342 61627 340
70293 1622 340
39077 27843 324
72971 612 340
25377 26477 277
76512 11296 340
32518 49847 324
62686 71302 330
84612 57845 351
77728 58958 351
11568 27207 308
92270 20017 351
24040 14755 282
30692 16850 308
3965 49705 324
22205 74236 340
86460 20180 351
36202 22486 324
58198 47332 340
77829 93455 338
99782 46791 351
36183 7896 324
55246 61674 335
97232 3649 351
20473 13925 279
56241 93313 351
4148 61546 340
90433 7330 351
29802 68068 340
81563 73846 351
15575 87632 351
10238 10205 180
89510 44103 351
79075 52639 351
72512 35905 340
60152 30466 340
88546 29584 351
3721 99037 351
42212 14582 324
89769 81711 333
37525 79322 351
51790 35273 324
98559 34395 351
52987 45528 340
92528 52525 351
49138 80193 351
48974 16924 324
29481 74740 340
14900 69773 340
87242 3533 351
85011 30778 351
34792 93342 351
98678 12089 351
44934 69269 340
779 90370 351
69442 84137 351
22296 9367 279
58738 71544 335
48335 77074 351
82459 80093 320
6199 90436 351
29682 91700 351
24188 67500 340
49699 424 324
83019 92009 333
79482 29924 351
6048 78688 351
92368 97429 328
11940 48791 324
93990 90025 333
83974 64955 351
86114 5087 351
93903 12018 351
16789 20857 279
55044 26177 340
36104 5439 324
69287 68678 250
80841 42909 351
75705 12273 340
18457 53759 340
4706 58689 340
91058 13565 351
90931 33650 351
13435 28539 308
569 12302 268
95707 9562 351
84336 12371 351
80776 97295 333
76027 54986 335
9521 30159 308
18384 33825 308
52564 14230 340
12976 52068 324
76425 49531 340
58826 83654 351
44026 90731 351
65727 90388 351
84749 71896 351
2519 79707 351
7640 4764 262
68001 19241 340
72836 67905 325
52762 33780 340
80960 40140 351
93883 97864 328
87925 95807 333
11278 2922 268
3532 71692 340
54386 21745 340
86197 35890 351
81007 15055 351
3298 37375 324
36242 25001 324
86888 91736 333
98827 78685 338
77882 63298 351
14594 81110 351
18347 36788 324
42356 11471 324
21146 32707 308
96197 49258 351
18935 9755 279
79976 47407 351
70405 14936 340
74792 38549 340
80653 87363 333
58212 7391 340
74694 95345 351
5281 87374 351
48396 87976 351
45613 42949 314
9474 72247 340
28349 80181 351
12711 84594 351
77277 87865 338
88173 11857 351
2172 48912 324
58967 30751 340
69150 77508 351
45951 77270 351
22851 31397 308
60813 27824 340
96257 20591 351
96076 72476 351
40216 83936 351
30818 87267 351
53987 33154 340
84302 67447 351
633 70363 340
66189 66296 193
46586 69519 340
91650 95293 328
73465 74842 325
52455 80524 351
71993 9996 340
60965 37514 340
42822 10665 324
13002 22081 279
97160 90093 333
47653 38353 314
71234 22320 340
17358 36714 324
42999 81001 351
19987 14284 279
66903 3092 340
86116 38399 351
23093 56131 340
59367 49626 340
11163 75461 340
55381 64978 335
5314 3442 238
35930 94321 351
27791 6566 308
88634 3324 351
90486 68353 351
59895 4879 340
810 56001 340
48914 37566 314
27243 36992 324
34040 94507 351
72427 78204 351
69187 98885 351
7207 94542 351
57702 83439 351
77746 26710 351
83816 20381 351
9639 18463 279
57679 65491 335
97889 32528 351
9003 25558 282
89697 91349 315
46442 31838 324
38177 53918 340
85111 3910 351
29451 43178 324
33029 18044 308
63009 19814 340
18738 52147 324
95781 57740 351
37033 65359 340
44070 14185 324
87451 84558 333
74307 2987 340
81054 12288 351
3521 73576 340
95064 41052 351
73500 70082 325
62014 57463 335
58804 95108 351
90341 46359 351
18094 30921 308
26734 59823 340
709 77198 351
87036 98937 333
75960 48868 340
2150 67117 340
61332 40269 340
48136 93084 351
87569 2496 351
55564 88752 351
53583 99704 351
22216 2776 279
92192 7084 351
85322 54002 351
88862 88329 271
44794 80744 351
69975 43642 340
67311 21582 340
4565 50668 324
42564 51304 314
44031 30221 324
7662 31620 308
58047 56257 304
3410 472 217
11682 95288 351
77049 16026 351
68689 4263 340
94 91845 351
99010 37918 351
26975 8285 308
14701 16697 271
80495 61807 351
57832 84577 351
13448 18690 279
16321 42455 324
62301 72539 330
49268 77256 351
78409 66013 351
62020 19487 340
95040 26365 351
83012 52727 351
64337 81659 351
59390 67333 335
77346 69957 351
6477 97683 351
62397 27291 340
17324 7307 276
42336 41894 288
62932 89530 351
19528 91961 351
91143 32584 351
49013 42109 314
62781 57591 335
54870 59749 322
47316 75471 340
42558 26731 324
37127 24496 324
60906 63933 335
29401 44104 324
71425 56838 335
67752 12520 340
89727 68712 351
31853 25865 308
74118 54641 335
12669 24630 282
49789 44472 314
13346 79755 351
73535 45608 340
71364 35015 340
63577 27651 340
6236 65018 340
41788 90050 351
58897 48856 340
61545 81176 351
3817 78257 351
23372 32682 308
82976 16114 351
12740 96520 351
32010 96319 351
29579 23669 308
43163 9080 324
17484 3379 276
37117 47223 314
42059 89690 351
96341 98484 297
12522 77984 351
46288 56371 340
88392 58508 351
57592 87894 351
64010 66075 299
