671457 883357 525
396876 354860 436
928246 857434 476
662835 628129 429
437608 579373 470
149894 361646 443
924048 722338 525
472960 983733 525
41734 888274 525
640966 96482 470
776152 74797 470
517496 222774 470
650397 833725 468
394401 747061 470
24735 27267 308
183373 336362 443
366109 226110 443
730008 910760 525
683420 672599 385
905564 929815 476
241338 442040 449
630292 381320 470
47608 156357 383
509849 99890 449
26004 32628 308
602654 398881 470
66968 268865 443
139475 659416 470
468870 435245 444
118588 778819 470
373892 113847 443
333925 649079 470
454607 42305 449
220952 748941 470
100355 189062 383
646166 336642 470
704795 739833 424
373942 163480 443
662503 376628 470
214177 590145 470
860040 687519 525
670227 894129 525
383196 783701 470
625309 527525 452
23574 703416 470
222010 258990 443
905477 654213 525
187092 524528 470
734488 437509 470
662144 520943 452
317452 536441 470
952897 326897 525
358037 338251 441
11876 172453 383
6394 113607 354
715062 295937 470
20913 180873 383
577753 360752 470
559218 651525 447
19911 999114 525
879436 236086 525
200254 604634 470
240971 84736 443
746601 877908 525
462084 744946 470
670574 244605 470
561853 813245 468
255554 871314 525
861275 222440 525
991888 51947 525
219168 31474 386
526682 426661 470
371364 300017 441
245325 950667 525
277178 334925 398
379172 978752 525
81258 448416 449
471857 689772 470
208987 400255 443
365370 412707 449
237447 271982 416
928417 432628 525
943928 50925 525
250477 401952 441
901233 316705 525
430949 341062 449
838775 697788 525
863660 851846 428
721728 703715 420
686311 89684 470
588960 378849 470
8537 729897 470
374845 975409 525
803155 624705 468
354805 741958 470
118748 822121 470
201696 397692 443
203788 934533 525
26474 949334 525
459835 857740 525
869158 648475 525
276744 796698 470
251530 200161 443
685834 183924 470
744344 811528 468
241847 367246 441
915042 140538 525
392404 462041 449
619574 547848 447
176093 544171 470
257022 988997 525
521962 437493 470
972104 568695 525
735613 98190 470
515757 394397 470
357882 812457 470
823868 141631 470
681379 721939 442
935369 46662 525
225332 747171 470
807150 811649 415
872125 511628 525
456424 799821 470
323492 667229 470
340009 882929 525
69676 432687 449
598533 524167 452
725620 387576 470
84200 925271 525
397939 765545 470
575308 947534 525
701140 709665 411
510876 870727 525
14526 598717 470
58533 201925 383
143812 2963 375
332892 820342 470
875611 667343 525
672007 545354 452
944843 756846 525
285146 496818 449
65992 154875 375
316058 754318 470
560282 291564 470
388679 14076 443
755055 498404 470
519497 334657 470
905194 44197 525
832802 921867 525
113823 810679 470
426115 767375 470
671906 736148 442
144530 818532 470
226913 939333 525
594995 705809 447
419630 983607 525
574085 613430 434
588209 497841 470
142669 975443 525
502250 649627 470
219395 298073 443
706814 103239 470
845506 330747 525
791391 613376 468
945069 176833 525
956315 208867 525
969986 515197 525
748403 283196 470
376721 507749 449
536098 427170 470
472671 353997 449
336346 216492 443
637275 240480 470
622347 742869 442
699912 991485 525
744286 601192 447
335415 898163 525
964906 167452 525
100988 507148 449
231714 989240 525
426208 771117 470
657791 490168 470
60298 42099 340
522044 580986 452
146262 130891 375
640416 723502 442
258246 939395 525
360142 359022 348
555492 202267 470
875161 17622 525
256121 28838 443
37372 543503 470
839526 954411 476
847407 921084 476
141607 274387 443
75126 425560 449
12821 479332 449
599930 759057 447
319356 7936 443
585301 357252 470
509684 545094 470
263452 622206 470
620316 199108 470
616568 367465 470
42169 291626 443
634649 810872 468
181760 595058 470
617649 126105 470
142808 188502 383
563671 422186 470
525357 323791 470
62338 792859 470
567424 796229 468
570162 485707 470
715718 760437 424
155869 999034 525
918433 279473 525
650593 195014 470
316789 271137 398
154306 442796 449
111923 880533 525
747676 596334 447
436756 784261 470
741816 305015 470
21978 307325 443
968864 265242 525
205168 79818 383
738563 183378 470
99319 199631 383
374035 730502 470
248708 190695 443
579253 436892 470
749447 882514 525
588368 295329 470
449019 758148 470
443125 444026 338
75580 993179 525
734897 446221 470
177007 562800 470
450385 744337 470
270234 695925 470
517617 237443 470
876831 144936 525
364156 388585 423
664752 580790 447
318755 434178 449
333145 155253 443
594116 791520 468
225445 936124 525
774348 655038 468
450265 267086 449
666846 771712 468
754318 36229 470
40569 865590 525
232974 211361 443
914745 19482 525
446923 374890 449
61565 598392 470
222364 413028 449
603920 165066 470
959567 549496 525
994824 788526 525
309009 515834 470
895065 194315 525
790949 272522 470
893372 210957 525
148754 764274 470
427272 522707 470
501324 688249 470
300220 163421 443
376581 359764 419
649111 614107 447
773048 462405 470
841322 382133 525
801587 816915 415
74000 176147 383
719754 492459 470
794327 463400 470
205312 809570 470
72572 393087 443
942941 675955 525
512699 567502 452
157065 384794 443
501849 225789 449
186147 695957 470
590200 485533 470
943190 203860 525
121486 231558 443
639725 312709 470
520344 315052 470
790080 255533 470
375860 214611 443
908047 855301 432
554122 630479 447
966408 688554 525
579919 539763 452
13579 319071 443
484951 167778 449
852732 143965 525
391635 313391 441
277950 75984 443
826308 599951 468
840759 701701 525
426686 214565 449
443774 900642 525
532138 46316 470
638514 209024 470
514313 48456 470
705742 807499 468
92342 375791 443
963696 249131 525
586629 676017 447
874584 972078 476
175051 341834 443
655622 777863 468
901109 159529 525
951945 962881 423
781000 590885 468
181519 528850 470
267547 803881 470
40722 991829 525
278031 681930 470
761877 919916 525
896433 430118 525
854488 846413 428
524709 243956 470
682478 513269 452
286570 347785 441
799824 838715 525
635485 582787 447
75032 338672 443
318610 47689 443
505717 102771 449
719705 900169 525
291601 478195 449
545047 264896 470
650160 844807 525
645763 872933 525
31769 122373 354
422876 826640 470
754653 383966 470
548303 335241 470
859464 8674 525
169235 55040 383
30650 132322 354
703974 882531 525
894977 3940 525
647007 520648 452
551208 113335 470
790635 121480 470
26877 819950 470
656907 221970 470
151391 282840 443
770652 939783 525
830799 427772 470
333414 211274 443
570469 31822 470
639990 947501 525
814937 380514 470
722715 687064 442
729411 369289 470
523915 988540 525
950137 839918 476
262651 17278 443
120208 280950 443
572685 938800 525
13525 772084 470
525999 271409 470
876588 132081 525
543100 931011 525
721865 758653 424
199073 911064 525
509217 249235 449
277207 326004 398
272348 707127 470
29292 583759 470
555350 467553 470
805086 83083 470
660898 988793 525
52052 816854 470
181336 211498 373
96342 720517 470
132118 553549 470
375329 516279 470
473441 244674 449
426437 777359 470
681433 742742 442
230786 425253 449
993211 355956 525
858888 450357 525
631698 522024 452
790065 743697 468
823556 96050 470
646736 595358 447
161253 527908 470
103755 886967 525
236654 56014 443
349632 38095 443
48408 576035 470
639490 877053 525
870023 325617 525
350305 771023 470
707840 274352 470
868684 179253 525
690413 557778 447
685252 806972 468
493251 313169 449
599394 468085 470
958768 347487 525
371061 988295 525
215193 853461 525
937997 21872 525
480458 249390 449
668640 256968 470
222521 852160 525
987430 198306 525
352425 464649 449
145115 125727 375
213424 764541 470
629320 81974 470
143665 204360 383
348795 1109 443
439305 963963 525
607767 182129 470
40639 533715 470
396878 868193 525
628779 600960 447
348922 735887 470
881757 175304 525
44132 191980 383
704581 858080 525
218068 961580 525
570988 94736 470
769797 362606 470
643383 562338 447
455444 577668 470
144019 375748 443
536772 781609 468
563737 47669 470
284353 648608 470
254879 819153 470
213239 233616 443
309876 859890 525
348103 615441 470
145889 811754 470
926224 409785 525
123943 66654 354
959343 945301 414
837319 230416 470
34439 911536 525
367320 772629 470
718435 616715 442
915599 934272 476
366073 785785 470
788835 27857 470
574614 787567 468
445177 665436 470
849146 897840 432
552854 788562 468
383965 581031 470
386682 16643 443
220661 143405 386
370349 324299 441
61674 987792 525
586102 16630 470
37761 261741 443
46151 80827 351
187682 534008 470
30133 110994 354
676671 36839 470
392728 65782 443
445779 608361 470
241003 473997 449
679886 314504 470
375431 724249 470
968325 200712 525
765125 83217 470
484983 729416 470
195971 768151 470
911761 883362 476
330754 731267 470
745942 350184 470
68813 841581 525
562139 760962 447
302636 403589 441
789625 870902 525
293744 402037 441
257 739463 470
68275 751475 470
264693 815293 470
337829 349227 441
272305 603557 470
465297 150645 449
581196 500828 470
180087 191207 365
123861 822864 470
698016 265298 470
323539 74878 443
800705 812776 415
253607 461993 449
250694 315898 416
478918 935094 525
96970 518923 470
137305 373185 443
533903 205553 470
297815 849035 525
493537 419540 444
669323 3785 470
37714 332006 443
762660 462475 470
629024 907387 525
543508 300813 470
564373 231940 470
358282 830763 470
128911 902120 525
393569 760733 470
17414 129903 354
35730 149447 375
993711 741231 525
867714 172806 525
134062 329329 443
327750 486540 449
143655 645642 470
201602 999248 525
373468 617586 470
534152 752307 452
512717 40289 470
406117 475610 449
306787 170752 443
573120 110311 470
132113 570649 470
164645 577375 470
957583 577717 525
197132 961821 525
198141 170819 365
556400 511554 470
952741 922009 476
784177 120097 470
328962 377475 441
278549 441249 449
879364 375184 525
194887 534980 470
876499 498283 525
212316 875503 525
608769 847322 525
301687 146421 443
174993 879140 525
417628 45158 449
297391 563109 470
75169 532513 470
816257 23027 470
328522 664558 470
911359 665664 525
247274 43390 443
630397 1313 470
572914 160364 470
746798 381862 470
433918 214354 449
38848 448370 449
486495 347852 449
478889 876874 525
310009 407095 441
337619 818801 470
215516 848777 525
904438 982833 476
299865 471572 449
834134 521960 468
318223 676403 470
213004 26707 383
848881 726022 525
177932 361472 443
464030 355444 449
138418 145903 375
30559 796941 470
734254 584263 447
936785 469258 525
24032 191591 383
747402 725260 424
288943 133042 443
960967 639214 525
541491 573372 452
531454 849465 525
815364 185755 470
724363 323855 470
682012 244738 470
112457 75708 354
550252 421055 470
853534 876992 432
100448 737164 470
648790 523584 452
576840 912755 525
336341 219345 443
414691 911660 525
513792 165196 470
554751 127449 470
590382 544277 452
280999 160299 443
356546 872269 525
522099 858990 525
717090 752729 424
789812 745847 468
83760 807351 470
824785 402767 470
891739 347102 525
122215 709274 470
832619 836943 388
562702 60305 470
49947 580714 470
718732 133556 470
220835 689435 470
14480 101378 351
156986 787843 470
869178 839957 428
843453 129096 525
921198 317776 525
106713 565348 470
582657 579243 328
1843 888778 525
178554 974408 525
704189 769511 468
5344 794789 470
385942 15648 443
941994 289621 525
106669 108803 323
711009 690994 442
569724 330751 470
146851 560700 470
431303 719380 470
847551 743448 525
670053 3993 470
240680 572132 470
874924 697223 525
896011 196564 525
348758 695564 470
880346 196629 525
711151 559925 447
65583 948561 525
837416 589711 468
962143 862251 476
745276 681532 442
493587 109243 449
970814 360082 525
353320 501882 449
938172 208925 525
53848 252587 443
955417 300736 525
491272 502264 426
658443 765340 442
558573 302967 470
476096 383529 449
994322 385646 525
492028 137147 449
779074 107901 470
947562 153725 525
643683 550828 447
16324 980450 525
976997 460090 525
286854 860573 525
199643 526712 470
874033 412646 525
762327 921065 525
873287 17076 525
511343 791318 470
283250 433842 449
69925 459776 449
584578 225118 470
512888 719814 452
910164 686394 525
405178 780749 470
120541 132583 344
442741 804723 470
597642 907297 525
122953 606586 470
830175 437139 470
112475 561331 470
80127 20150 351
441165 58867 449
32012 985661 525
372381 277162 441
904495 378862 525
880548 953014 476
832059 69191 470
297026 637173 470
333820 637093 470
848885 831081 525
364730 344137 441
229873 465260 449
7215 520156 470
169388 748823 470
766490 18896 470
905715 359713 525
290079 600285 470
777759 180657 470
880655 633719 525
504048 741641 470
288572 404810 441
663534 650030 429
89599 141552 354
118644 8379 354
261697 951607 525
661625 425418 470
539213 516066 439
422828 276164 449
33319 889284 525
989315 212608 525
370247 342428 441
33780 902923 525
98932 675159 470
768603 975966 525
384515 8527 443
742324 442116 470
806111 979971 525
34745 802339 470
812041 79363 470
634659 499592 470
908676 817741 525
588320 243203 470
661890 462922 470
265947 685019 470
924371 187749 525
857238 548405 525
468592 89001 449
105634 806635 470
202037 57552 383
385504 658863 470
335055 335687 291
428630 73662 449
983932 904048 476
921201 797570 525
178496 634069 470
943027 480443 525
334689 896923 525
141853 351968 443
266451 955691 525
190343 508323 449
328510 161498 443
174980 94679 383
855396 951605 476
715917 190314 470
734480 215970 470
145673 648879 470
225002 168963 386
611106 867460 525
501332 494055 395
81350 881954 525
99733 753676 470
85434 128092 354
517982 866483 525
744584 601813 447
64191 603430 470
342574 537436 470
76808 809458 470
46382 717502 470
238411 633370 470
618093 833266 468
82785 945275 525
27203 189272 383
908615 29683 525
697440 258508 470
853192 296009 525
302719 769517 470
345359 845085 525
675325 483786 470
631364 163363 470
194497 470492 449
620798 579840 447
866967 268837 525
570765 791251 468
457674 744999 470
594910 993071 525
388682 492561 449
4883 718274 470
924807 174631 525
814102 282036 470
107444 260720 443
893209 481321 525
237159 462774 449
965482 206276 525
285190 972790 525
877795 487239 525
719398 287923 470
452761 940669 525
574525 450039 470
12456 64158 340
547272 444715 470
507217 809184 470
469118 209409 449
313182 474185 449
455725 676898 470
946066 537530 525
442940 694583 470
718666 186770 470
683023 473388 470
59299 241123 443
903230 791785 525
830540 142930 470
166483 165087 352
666056 28064 470
118775 300114 443
731480 808915 468
408824 691211 470
830080 214028 470
339960 254175 416
558155 102003 470
900370 797403 525
307724 418368 449
904263 917677 476
873708 281337 525
257854 272199 416
522075 712077 452
736693 884406 525
172799 960029 525
631428 547713 447
279903 164175 443
674392 924268 525
195100 197496 360
612287 902714 525
368581 546696 470
451078 473395 444
587039 335909 470
639351 942425 525
973320 930743 458
695245 178960 470
756487 509090 470
107957 866113 525
363235 782557 470
762232 625616 442
251889 198062 443
651941 91542 470
735157 766255 424
33522 220477 386
724121 377119 470
733177 843751 525
828727 253412 470
655386 878600 525
176404 74470 383
315527 620285 470
960097 973869 458
452067 401313 449
223672 275552 443
121436 990306 525
952262 904680 476
388434 710903 470
862965 969905 476
333578 327018 353
463423 251174 449
747203 661766 442
933853 765224 525
374152 316360 441
964524 707769 525
606993 608217 412
387339 957402 525
805066 918222 525
492935 80496 449
565603 968140 525
141611 536573 470
440075 321285 449
579843 448440 470
313891 805992 470
224705 591166 470
85076 772735 470
695489 333584 470
709601 771528 468
852639 943518 476
62865 577110 470
200209 264082 443
923290 886997 476
611529 147430 470
939942 75862 525
160946 977759 525
606897 92088 470
273303 356055 441
439757 669556 470
993622 936889 458
832865 68489 470
653041 586936 447
646903 600867 447
381830 681889 470
165783 714185 470
363692 862892 525
614370 638608 447
381033 593786 470
898190 844721 432
130048 598244 470
735399 245309 470
736199 831602 468
185311 291106 443
308728 841195 525
37023 379256 443
209428 103390 383
337608 243870 416
490451 881133 525
974816 179816 525
730291 449025 470
270885 116799 443
733284 365992 470
547636 265570 470
920762 137324 525
497809 165250 449
331598 946526 525
451285 299937 449
648805 671186 429
150484 229619 386
341559 115778 443
953835 45976 525
982016 797324 525
126043 601769 470
962569 643025 525
251313 847800 525
656270 305425 470
629869 809928 468
464070 100118 449
566716 16574 470
504413 260605 449
2996 344240 443
364040 891670 525
977854 516443 525
692513 207822 470
267499 661751 470
417462 280316 449
781620 904369 525
509483 280295 449
935443 463275 525
117440 671374 470
916501 659061 525
719772 319119 470
97115 977512 525
481136 363524 449
799708 798092 375
20760 209856 383
656699 659400 429
445359 308600 449
59982 283300 443
181300 647246 470
666967 568643 447
702511 88572 470
637637 165334 470
801354 570394 468
380453 358422 423
737491 953679 525
96722 226374 386
817732 781087 468
900561 327357 525
792718 732660 468
383587 853066 525
758204 260692 470
179159 724789 470
133703 837618 470
108123 589656 470
327945 990401 525
432172 907802 525
751078 49276 470
541603 897982 525
805949 438181 470
628747 55331 470
400457 814404 470
784845 505547 470
386222 368360 423
123107 685579 470
929614 625330 525
2291 603223 470
495756 788469 470
378975 934761 525
114698 535791 470
718343 469368 470
353832 376418 419
35136 428008 449
240234 205836 443
290890 222090 443
154838 595417 470
612539 52337 470
65328 171526 383
84361 312172 443
771837 484268 470
319252 563153 470
631754 826863 468
106995 309274 443
966573 489464 525
134844 93804 354
300285 558188 470
439849 295619 449
534594 706872 452
840961 539906 525
570347 678696 447
917582 959449 476
725490 289580 470
388011 335066 441
311388 81155 443
125588 716511 470
724692 411723 470
295377 591840 470
576127 840117 525
88474 351510 443
263526 722363 470
78853 861664 525
699395 588553 447
798202 26607 470
72741 455106 449
818057 2943 470
88928 808138 470
