133 1415 182
12 210 125
915 412 179
275 259 123
717 1193 182
451 161 144
595 1090 179
577 1097 179
846 1749 182
831 772 153
552 88 144
317 1353 182
486 683 145
980 1968 182
20 172 125
968 481 179
563 841 171
513 746 171
281 1920 182
606 1279 182
773 1058 179
335 1276 182
333 1126 179
997 1158 169
6 1225 182
128 1360 182
703 1715 182
524 1418 182
955 966 130
9 499 144
433 976 179
46 1439 182
393 319 144
666 1891 182
973 724 179
214 1485 182
490 960 179
698 1393 182
170 315 131
355 958 179
960 1683 182
877 992 174
495 481 142
643 238 144
414 456 134
824 1891 182
588 1895 182
977 1898 182
324 14 131
681 1810 182
285 157 128
128 273 128
817 887 179
329 277 144
224 405 144
183 614 144
552 1895 182
859 1975 182
675 742 171
940 267 179
973 1493 182
900 1476 182
489 1702 182
3 1926 182
527 73 144
451 906 179
412 1326 182
871 431 179
286 12 128
832 203 171
345 1146 179
589 1040 179
515 746 171
254 73 128
873 694 179
565 115 144
532 290 144
58 1225 182
628 1025 179
194 1607 182
959 52 179
67 480 144
709 381 171
758 219 171
579 1154 179
330 696 145
723 60 171
577 529 137
324 1423 182
769 1995 182
507 820 171
713 1516 182
942 946 130
53 886 179
232 332 144
449 1217 182
447 739 171
414 1927 182
302 428 144
148 313 131
510 861 171
356 687 145
168 1392 182
63 1869 182
616 682 145
753 225 171
79 1205 182
996 280 179
431 346 134
971 1904 182
411 122 144
340 1928 182
603 1963 182
488 180 144
625 1344 182
458 1773 182
635 113 144
81 373 144
749 1466 182
132 664 145
762 1951 182
113 1358 182
727 1181 182
810 157 171
44 1292 182
181 1851 182
480 193 144
583 1905 182
808 1151 179
28 1579 182
747 589 171
557 875 179
445 1699 182
102 366 144
982 382 179
987 438 179
302 803 171
407 727 171
928 1360 182
848 1741 182
864 1006 179
682 218 145
258 403 144
342 686 145
609 708 171
47 1519 182
792 39 171
514 632 137
792 1862 182
31 541 144
439 1887 182
368 1756 182
241 1561 182
564 1583 182
998 2 179
537 1342 182
624 899 179
940 258 179
663 53 145
278 1924 182
306 1068 179
501 1812 182
492 753 171
59 1622 182
833 1566 182
511 1014 179
380 1011 179
327 12 144
550 1221 182
663 1275 182
141 598 144
400 1251 182
967 432 179
712 70 171
81 1690 182
609 152 144
600 1757 182
673 1951 182
83 1889 182
126 938 179
667 1200 182
596 926 179
265 444 144
396 891 179
538 380 142
682 1870 182
769 257 171
403 448 134
985 951 143
833 75 171
765 1416 182
389 1084 179
719 362 171
648 788 171
441 1897 182
982 792 179
387 671 145
287 761 171
953 1519 182
59 1902 182
776 1009 179
490 941 179
382 599 142
213 1528 182
171 1838 182
220 1748 182
471 449 129
677 1141 179
609 1032 179
382 1526 182
746 1741 182
847 1588 182
876 111 179
279 250 123
770 639 171
505 279 144
837 1832 182
578 923 179
999 860 179
154 529 144
640 889 179
141 1798 182
523 1770 182
981 1432 182
317 538 144
438 1017 179
497 1827 182
573 659 145
962 1972 182
502 1093 179
550 1714 182
793 1804 182
884 1605 182
319 1101 179
98 1395 182
79 1934 182
901 746 179
512 68 144
69 263 128
658 1079 179
716 692 171
101 482 144
412 1645 182
525 1223 182
378 915 179
577 1039 179
627 1690 182
951 447 179
185 1165 182
973 870 179
985 2689 209
6462 915 262
5229 3351 238
7296 5475 262
297 8171 262
9462 8424 260
7140 4794 262
1151 8773 262
9909 6304 260
7393 6789 257
6479 4847 262
1371 7836 262
1371 3980 238
4135 5638 236
6481 6803 244
3624 6811 262
3794 6634 262
3941 4644 215
2308 7379 262
1393 1319 159
4715 3932 215
1415 2621 209
8305 3488 262
4943 9765 262
4834 960 238
3567 3650 194
6198 9516 260
2273 8655 262
9083 5691 262
6717 9539 260
2863 8523 262
4163 6560 262
855 5554 238
9719 485 262
2943 3683 199
7929 2275 262
4687 8796 262
3631 300 217
6533 3483 262
8578 5703 262
3525 7777 262
4562 9056 262
4330 3087 238
3943 925 238
5751 2269 238
789 4764 238
3103 1626 217
6091 263 238
749 7629 262
8840 9962 260
737 2329 183
5210 4171 215
3160 8240 262
1540 839 182
231 1438 182
667 5502 238
3363 2902 217
6174 5957 262
1295 8027 262
9760 985 262
1843 1716 180
4836 5635 236
3718 1762 238
6771 7063 257
3976 2046 238
316 2790 209
6975 3867 262
425 9444 262
3228 7163 262
3641 6132 238
296 8478 262
4416 1119 238
8016 2213 262
1399 2131 180
2826 9332 262
1937 3560 217
563 1285 182
4748 1998 238
663 841 171
672 7394 262
2060 7738 262
2599 1967 209
4748 8189 262
3321 8914 262
6173 5171 262
6243 3782 262
9902 1998 262
5427 4637 210
6864 3888 262
3314 3168 199
2350 7950 262
5918 1293 238
4859 4452 197
1971 8224 262
5063 6531 262
8486 2797 262
8221 4437 262
1966 2105 157
5116 7153 262
495 9000 262
8240 6106 262
276 80 128
8045 2914 262
1992 8141 262
1367 1771 180
7313 3374 262
9024 9006 154
1962 6861 262
6639 357 262
6268 9004 257
5385 2018 238
4232 8347 262
7535 4483 262
5891 3654 238
8756 4685 262
6959 9722 260
5241 149 238
257 4072 238
7623 558 262
6292 5234 262
73 1900 182
5482 531 238
6627 6519 244
202 3387 217
4866 3883 215
3563 3752 238
2482 1372 209
8523 9792 260
6902 5191 262
9340 8363 260
1271 8052 262
2908 9213 262
3996 5576 236
5327 5857 236
9187 6790 257
779 5345 238
1513 4405 238
7616 6690 257
5404 7517 262
5586 140 238
5050 3739 215
7588 487 262
1893 4213 238
8179 7777 252
9910 9271 242
7804 3452 262
1418 2843 209
4939 3477 238
9853 2134 262
1617 4350 238
2850 4799 238
6289 8046 257
3981 5068 215
2615 6590 262
7469 4405 262
8053 8292 190
1001 4697 238
8236 220 262
902 4223 238
7411 6642 257
4210 8501 262
7031 2557 262
9344 5604 262
9887 8069 260
1040 7733 262
5755 4565 236
3050 76 217
3705 7196 262
4007 6706 262
6531 1053 262
6109 6722 262
6376 2086 262
4597 7017 262
6677 1645 262
5562 5088 205
9824 1382 262
272 7221 262
8433 9730 260
5854 4645 236
9342 4210 262
857 1335 182
3217 7993 262
4303 8658 262
1688 8879 262
9021 1038 262
856 5410 238
4989 344 238
6159 6294 262
1328 8143 262
2469 5501 238
7876 6747 257
1166 2 182
4274 1917 238
1311 7631 262
3575 5793 238
8666 7631 252
5884 1873 238
5239 8990 262
6148 4835 236
1729 1868 180
7889 5091 262
8539 5488 262
4916 5947 236
7037 2857 262
2911 6174 262
7423 8304 252
5784 6244 262
1952 4969 238
749 5071 238
7923 7017 239
4559 909 238
6695 1041 262
7437 5126 262
6930 2376 262
1805 2613 209
9273 3639 262
4568 3492 238
4703 2413 238
6851 5856 262
1335 2739 209
8518 5611 262
6183 3866 262
6827 7952 257
7195 3712 262
181 9713 262
4563 4754 184
6139 3932 236
9003 2027 262
7151 5804 262
4757 5147 210
1423 1916 180
5684 1747 238
3415 6950 262
7799 3068 262
4240 2986 238
3681 7095 262
1177 3930 238
4257 1599 238
6497 9458 260
6947 3627 262
5406 4581 210
8178 7855 252
8750 9938 260
2776 4450 238
9591 6645 260
5235 9531 262
1869 5018 238
6406 628 262
5712 5101 236
1001 8433 262
2670 4397 238
318 954 179
5500 5023 192
2882 6131 238
7565 6702 257
2059 3420 217
2156 2687 209
8868 4149 262
124 6067 238
7970 7290 252
3450 1782 217
6770 1916 262
5579 3141 238
5378 7535 262
1512 9884 262
2136 416 182
5874 4237 236
195 1487 182
9763 1581 262
2284 58 183
1267 4776 238
3592 3562 194
3811 4149 189
8189 3558 262
7802 9108 252
7374 5093 262
5178 3475 238
3509 9474 262
2302 3264 217
7404 7416 164
7282 9641 260
7513 76 262
2031 5071 238
6819 3514 262
7426 3529 262
709 2600 209
5943 2565 238
5550 7527 262
9351 9705 198
7665 4135 262
6251 1432 262
5648 2106 238
7692 6880 257
9521 9009 260
25 4287 238
5962 1522 238
3332 9270 262
5230 3531 238
2634 3878 238
6228 1361 262
3004 7159 262
6560 5985 262
1998 6696 262
320 3095 217
3756 5808 236
3109 3293 199
7716 8051 252
924 955 174
2324 768 183
7944 1741 262
4081 5991 236
8958 9554 260
7985 9352 260
1437 4656 238
8006 7382 252
439 645 142
7383 5723 262
7121 3145 262
8908 8389 216
3923 2687 238
7957 2974 262
7516 1082 262
4968 9321 262
5381 7596 262
4086 8984 262
2096 5722 238
5561 4635 210
3453 8107 262
2476 259 209
6072 5471 236
1863 8532 262
5139 3725 215
5717 4505 236
6748 3956 262
8548 8673 172
7482 3619 262
296 5015 238
4105 2196 238
7788 3823 262
4736 7170 262
1942 9868 262
9787 4188 262
2374 2431 165
1162 4674 238
1659 7114 262
6149 3324 238
9698 4883 262
1898 5066 238
6540 868 262
7173 2918 262
2330 2031 183
6747 230 262
8471 7758 252
7122 8381 252
7699 8776 252
1296 9889 262
3336 5344 238
6895 2487 262
1499 3528 217
1978 8762 262
8128 5283 262
2983 3995 238
3498 4615 238
3809 275 238
2510 7841 262
9040 9027 185
194 7475 262
7831 3228 262
9352 4056 262
3722 5803 236
5489 8745 262
6746 3116 262
8320 3384 262
2255 6351 262
236 4680 238
161 6680 262
1345 6576 262
5202 8768 262
291 6213 262
2827 4106 238
6144 4692 236
8258 4256 262
7873 7105 239
7365 7131 195
9277 7593 260
8086 6465 257
6171 8228 262
386 6312 262
5105 2151 238
9231 6041 262
8526 4454 262
1122 6272 262
48 5174 238
6651 8368 257
2562 8479 262
9710 4019 262
6118 1729 238
4526 2463 238
8843 7630 252
7911 5044 262
5867 9077 262
2152 1874 175
5780 3615 238
1692 3112 217
7105 6450 257
244 5479 238
3220 7923 262
66 8021 262
1554 9672 262
3588 3693 163
2363 7051 262
123 4483 238
8676 7627 252
9272 3269 262
5363 6541 262
6978 3309 262
2086 2304 183
6694 9012 257
81 2413 183
8203 8849 234
7746 445 262
9856 7262 260
5058 5316 192
4053 8811 262
8939 8492 216
3267 3292 137
4592 173 238
1593 461 182
9486 6519 260
2932 3655 199
557 6786 262
5770 8074 262
8290 5309 262
9010 3002 262
3349 2915 217
5972 9926 262
4073 6331 262
2713 5363 238
5837 2638 238
9310 8407 260
9567 1412 262
7211 4929 262
3160 8391 262
6618 2598 262
7079 7481 239
9878 3575 262
2414 5154 238
5170 7134 262
3699 3153 207
146 8439 262
4596 3843 215
4522 4860 197
6235 1986 262
1794 6408 262
9225 8805 247
7634 6829 257
4210 4469 215
3984 8480 262
1716 8927 262
2035 6994 262
4037 8373 262
930 7546 262
9641 6448 260
8766 62 262
5853 4976 236
9545 9313 198
3747 9843 262
594 6 144
346 2804 209
575 1490 182
8936 8539 216
5205 6208 262
4935 979 238
7734 1982 262
5386 5720 236
8199 6676 257
7739 7615 177
9741 4709 262
386 7728 262
5812 5486 236
9619 4446 262
9228 283 262
8901 5191 262
6400 8713 257
2779 630 209
100 70 119
7985 8134 190
8730 4484 262
2516 9569 262
3393 2653 217
6254 9687 260
2651 4961 238
876 9242 262
9594 8506 260
3758 102 238
5814 8416 262
4875 6238 262
7293 6553 257
7327 1457 262
5031 1512 238
8514 524 262
7253 8054 252
8805 2249 262
9414 5342 262
843 1045 179
9414 3778 262
1602 6415 262
5363 2396 238
590 3323 217
4076 1327 238
432 7063 262
1177 4731 238
3992 6037 236
6354 3214 262
6468 8935 257
4717 5272 210
7523 4617 262
9702 8104 260
1754 9240 262
1549 6466 262
2754 5905 238
6343 8450 257
6861 8660 257
8466 4521 262
8179 4118 262
6282 7686 257
8077 4838 262
9712 2993 262
9629 8327 260
7645 3312 262
5976 3772 236
4819 3260 238
7793 2995 262
8396 6686 257
6372 3880 262
8930 4851 262
5435 1642 238
7530 6335 257
8592 8042 234
4861 5102 210
3920 7247 262
4709 5205 210
6680 6583 244
4256 7078 262
9631 5816 262
68 6194 262
3536 5221 238
7168 3353 262
3682 7884 262
6858 1598 262
885 6588 262
1306 5846 238
7371 7859 239
4594 2846 238
5713 9781 262
8600 300 262
9625 2842 262
3922 4126 189
9510 4942 262
2157 2495 209
5058 4076 215
6794 1880 262
6991 484 262
2646 4451 238
1032 9465 262
612 9882 262
7316 4776 262
5129 6670 262
2167 7650 262
2451 1332 183
884 2986 217
4967 7258 262
8194 1226 262
5685 5447 236
7754 1152 262
2811 5264 238
1547 6742 262
4915 5718 236
9450 8735 260
5817 9149 262
73 6877 262
7998 5272 262
1170 7056 262
562 4480 238
9185 3145 262
7217 1187 262
6475 2092 262
5165 3609 238
911 7412 262
9315 3122 262
9848 5344 262
8717 6380 257
4876 2411 238
1715 2704 209
692 4490 238
2239 7323 262
3575 8958 262
3004 7915 262
7557 2265 262
5626 7967 262
2142 845 182
2721 4657 238
589 1280 182
3406 7888 262
3492 7180 262
5215 5829 236
8133 6915 257
1751 6135 238
1498 1151 182
6815 5738 262
3313 5687 238
26 2450 183
776 2878 209
3010 8086 262
6609 9462 260
2004 2688 209
3570 4898 238
21 1185 182
8715 5320 262
9424 5328 262
1765 1029 182
5053 3619 238
68 3387 217
4847 8486 262
7048 8118 252
3642 4360 238
4358 7484 262
7758 2358 262
1150 4402 238
7733 6783 257
4248 4635 215
693 4390 238
2640 8267 262
8115 5046 262
7211 5290 262
805 5504 238
1509 1605 167
2161 7775 262
7849 286 262
8071 9869 260
5228 9619 262
2999 4846 238
5206 2508 238
5825 1898 238
2190 8750 262
9432 5705 262
3217 269 217
7553 7014 239
7102 5502 262
4126 2422 238
529 7194 262
7921 8066 252
8874 5342 262
4239 1103 238
5289 6799 262
5395 4415 210
3721 6156 236
5276 5249 192
3430 8716 262
1269 4515 238
6908 2133 262
6078 6951 262
1325 3246 217
5052 5988 236
9391 3389 262
5498 9859 262
8496 3434 262
8682 6666 257
6710 4757 262
9804 6822 260
264 6915 262
1401 7265 262
9666 7091 260
7324 3555 262
4665 62 238
7966 9380 260
9116 8493 247
3085 5631 238
5378 6693 262
2025 1603 180
7926 5917 262
7211 9475 260
5596 6384 262
4114 989 238
3375 7790 262
7882 6008 262
9960 7293 260
6907 630 262
2989 5948 238
1628 6329 262
8211 1944 262
3010 3906 238
3842 9608 262
7177 3124 262
8676 9203 247
6109 8631 262
1513 2658 209
53 8249 262
7466 5743 262
125 9791 262
9207 8732 247
5103 6473 262
8047 5201 262
8061 1603 262
220 3565 217
8382 1415 262
6425 5117 262
3827 7104 262
9985 4059 262
1396 7850 262
6886 2478 262
7707 2373 262
7162 4975 262
2973 5000 238
7629 3404 262
4560 7331 262
3715 2437 238
494 2892 209
8289 1299 262
7189 9067 252
2532 7528 262
6216 4641 262
8655 5074 262
7989 7507 252
943 2266 183
499 4805 238
1276 2825 209
8520 3649 262
8318 8489 234
5669 8758 262
4153 3049 238
3263 941 217
9495 6587 260
6043 3783 236
6433 727 262
8853 2355 262
6154 4755 236
4876 2476 238
5319 6378 262
3629 2878 217
174 376 144
6667 8137 257
1003 1880 182
1608 1166 177
153 4180 238
8787 5622 262
195 5372 238
6846 4690 262
2263 3603 217
5658 7021 262