800220 344960 470
507720 185609 449
813319 691740 468
497702 258833 449
806487 181903 470
21136 366025 443
697447 250779 470
431451 577272 470
973849 131574 476
233400 460434 449
407612 9835 443
251247 475251 449
108716 227219 386
894047 329259 470
486442 585755 470
365813 382771 423
282788 179301 443
461591 996380 476
345346 559826 470
965427 57821 476
396251 954931 476
615518 644292 416
632870 428468 470
974282 148561 476
355268 340175 441
518799 909293 468
340310 952284 476
699746 929965 476
133413 402459 443
754841 631709 442
878481 789311 468
977467 709465 476
901343 978950 476
904338 77829 470
21214 793008 470
914590 507710 476
227067 118751 386
314381 489046 449
931582 597117 476
913050 464243 476
724001 996703 476
327507 685080 470
224251 478877 449
358880 500485 449
247595 817563 470
169685 41243 383
506179 286755 449
615621 811081 468
64256 232496 443
771022 479674 470
322332 720759 470
116284 875371 470
113346 910339 476
331796 919206 476
40836 268634 443
122233 704681 470
981392 525760 476
709071 441096 470
29444 221392 386
94980 656810 470
15369 992116 476
624422 546475 452
465043 94743 449
5234 453491 449
305058 572363 470
598759 198615 470
277150 879153 470
578183 404152 470
181203 666387 470
84588 205604 383
836915 350810 470
560685 494519 470
668487 487226 470
502620 917427 476
545838 250036 470
130355 992731 476
934485 806020 476
641445 763675 442
469579 391884 449
129107 36690 354
456703 830866 470
488686 732315 470
683476 299424 470
911086 75873 476
143465 678718 470
192644 423964 449
63720 986746 476
457068 959002 476
388061 209551 443
19879 792996 470
490010 161345 449
494744 425166 444
774975 896588 468
367159 462279 449
669776 571478 447
710107 833809 468
304867 299640 371
603154 796903 468
293650 684672 470
190274 835170 470
669364 905305 468
472943 351377 449
985628 438504 476
791469 417480 470
856823 518157 468
496621 620789 470
442490 335884 449
656774 791801 468
219401 279356 443
47279 228184 386
939385 537384 476
899339 814051 450
700011 955018 476
205985 878635 470
88822 498505 449
440729 912030 476
361508 223172 443
282369 119440 443
603671 708330 447
311021 843506 470
69757 938801 476
119606 192598 383
675188 574686 447
477701 722256 470
737132 516721 452
684503 441664 470
434091 858865 470
485394 594476 470
576216 185047 470
905582 725410 468
831432 566445 468
930308 587448 476
769099 412345 470
21059 446934 449
481317 460181 444
71422 473135 449
194461 372172 443
947645 132032 476
703952 3679 470
390067 883847 470
835420 733130 468
643389 600605 447
129392 682991 470
242980 627150 470
933160 559303 476
165385 757593 470
500790 421190 444
288674 446576 449
428615 456651 400
168121 593436 470
258065 494344 449
51673 619275 470
747173 94480 470
437043 449988 400
155670 732212 470
214695 160756 373
906078 983444 476
944343 547036 476
384261 727437 470
148578 658681 470
997349 743432 476
232069 797419 470
877597 472942 470
132530 107805 349
123323 106457 349
323695 796067 470
376005 739949 470
787416 219461 470
717365 626939 442
41196 690165 470
975934 428925 476
218676 62740 386
411965 113644 449
140946 916805 476
41649 807716 470
438048 770088 470
24320 458233 449
935596 13118 476
845457 214117 470
134739 727377 470
340427 546080 470
947304 563281 476
569657 139533 470
519838 214046 470
649205 79916 470
11464 661853 470
89072 839262 470
402871 524141 470
992205 800824 476
564028 944102 476
638235 847488 468
948852 950631 352
197537 476693 449
431771 207895 449
444663 801859 470
933130 197703 476
96162 18908 351
694030 851505 468
934169 430313 476
89966 595022 470
733446 97698 470
212627 832843 470
723300 116185 470
846264 359993 470
330648 317829 384
609542 752214 447
591076 973074 476
471473 314438 449
29738 511597 449
552488 731009 447
66340 13900 340
955744 649642 476
318947 545374 470
329821 817268 470
597234 229014 470
958323 8472 476
415998 475064 444
111118 554075 470
613463 848835 468
260209 17459 443
846608 33526 470
752877 70199 470
609562 648926 447
129513 835963 470
803932 731264 468
636365 237926 470
647740 668116 429
817778 729264 468
129983 691068 470
326900 972057 476
459176 355834 449
959178 339402 476
807636 379297 470
616585 702206 442
1877 270533 443
818244 457957 470
930042 86925 476
262811 720409 470
246688 316698 407
672935 915199 476
988366 351776 476
174775 554471 470
404072 15140 443
939711 47201 476
583337 563385 421
790169 456197 470
470217 483056 382
719562 547998 447
869773 587763 468
323687 337441 384
478407 579105 470
952943 968243 414
446031 738956 470
612140 349116 470
649308 483850 470
201015 450676 449
518783 347347 470
462386 280062 449
118213 191138 383
588439 593050 403
111271 750833 470
129197 806562 470
841899 509162 470
296827 965372 476
275195 698770 470
426221 236107 449
668979 218988 470
143312 244607 443
633182 743915 442
941611 447261 476
537045 971359 476
759156 80499 470
914272 701924 476
37778 515285 470
264399 188902 443
463267 741034 470
714630 584636 447
440610 357889 449
419231 985760 476
453509 257366 449
185798 830451 470
408309 209655 443
467759 766144 470
76 16192 276
962885 248076 476
116583 504220 449
29400 954885 476
91174 363664 443
725636 696269 411
873696 458096 470
511054 107527 449
271205 468223 449
410238 100245 449
936538 467180 476
266132 712656 470
566397 897731 468
434424 232515 449
353292 648785 470
470812 711422 470
183699 838008 470
538450 948253 476
947614 539154 476
622725 94270 470
996867 381870 476
373364 672342 470
548373 294235 470
115327 789746 470
506254 959094 476
52696 547581 470
452713 141610 449
262497 865353 470
369249 41607 443
726082 137193 470
928153 862242 476
18359 823988 470
508522 281712 449
998300 888822 476
52466 778225 470
820941 726463 468
599093 277844 470
347238 138154 443
197779 540116 470
891041 93064 470
480067 6425 449
683812 154 470
312693 708786 470
942137 940865 339
673904 21307 470
503605 935717 476
280872 778171 470
803467 620456 468
743880 504900 470
704497 593574 447
413380 25195 449
608743 566507 434
832699 954549 476
435859 821340 470
643268 385790 470
765320 953694 476
837529 951918 476
743176 577455 447
663981 389170 470
291996 245161 407
47676 938695 476
566693 224397 470
134996 523559 470
5648 714822 470
211617 493425 449
652246 319462 470
815912 778407 468
68000 731467 470
603712 3494 470
129574 223690 386
625220 967801 476
836698 722190 468
882925 396538 470
848143 369925 470
451210 804922 470
136385 400129 443
755920 471310 470
480256 885276 470
489941 364120 449
188548 144935 383
643781 2726 470
441265 294651 449
264256 357525 441
134697 817971 470
815263 731996 468
614520 686531 447
118928 560624 470
623333 736066 442
70638 744137 470
66197 43168 340
565126 715364 447
226474 197680 386
836430 358362 470
839203 215231 470
802749 975291 476
117181 772557 470
925859 857147 476
865438 721481 468
546212 564740 452
98498 391314 443
759030 845677 468
647852 124207 470
731694 884294 468
554074 677973 447
930830 125263 476
895825 816182 450
820861 693834 468
325210 301738 384
60424 953895 476
181322 640913 470
791974 616987 468
402981 384369 436
636553 369374 470
839206 589961 468
335152 892470 470
113261 831341 470
729573 955 470
386270 45838 443
282441 436936 449
676010 725281 442
319714 119992 443
635394 283724 470
988677 244184 476
130997 245830 443
33554 693219 470
398134 418979 449
803780 74223 470
640150 911659 476
937308 514706 476
675180 173216 470
442762 803537 470
944926 294041 476
249296 612462 470
229681 800931 470
667696 364795 470
786593 446386 470
291001 501253 449
898435 78168 470
193354 889933 470
287005 109162 443
829438 957221 476
502194 78389 449
451500 522614 470
380937 439225 449
116245 525119 470
828635 80839 470
642574 666759 429
986454 60132 476
592708 801867 468
365046 538509 470
439804 795753 470
885959 660079 468
273822 445570 449
197685 739909 470
592451 495878 470
475621 346 449
346887 457376 449
723154 543230 452
70477 850341 470
390420 16200 443
349084 516891 470
367236 433030 449
350978 683322 470
241707 350941 441
269770 642446 470
269207 684993 470
989172 745683 476
389140 437778 449
319289 485775 449
11177 497263 449
254768 547911 470
940342 800741 476
718712 580344 447
619105 785184 468
132636 585716 470
540333 142963 470
532021 997337 476
80249 51742 351
509119 498644 426
316470 935233 476
280610 70332 443
384988 514906 470
843553 363918 470
635595 742159 442
194869 350602 443
496654 256811 449
871325 35959 470
88569 707420 470
696799 367551 470
956923 313042 476
443684 708770 470
456863 241602 449
85351 712163 470
138963 372867 443
784056 993080 476
413770 136326 449
320675 579383 470
405681 562052 470
871406 611039 468
735155 301574 470
347365 996912 476
856991 280644 470
312329 881733 470
510240 716722 470
343670 15377 443
911939 394456 476
957780 608116 476
783371 685325 468
232676 664514 470
975553 746485 476
656608 462837 470
317449 291117 384
887146 246148 470
305264 79754 443
703004 92770 470
692438 655188 442
163106 216638 386
839430 903942 432
484580 336419 449
97630 33222 351
820575 442684 470
793232 680846 468
936820 435123 476
114030 617063 470
194357 420051 449
461193 611727 470
148690 826213 470
268268 852974 470
159684 242943 443
438406 484621 444
966785 55415 476
200362 499676 449
264715 148533 443
202780 417015 449
481616 163105 449
955877 698683 476
659546 645450 429
379677 264999 441
75129 278126 443
918772 9181 476
204777 924973 476
729421 559591 447
252397 573549 470
457843 887038 470
250894 67661 443
825430 493450 470
11186 30512 308
488777 317148 449
345438 773181 470
737563 361068 470
876743 969985 476
71118 266096 443
120102 197566 383
851217 466734 470
102031 471545 449
26635 930698 476
71861 747409 470
848463 733694 468
993996 688221 476
308194 954246 476
316536 857014 470
692157 931790 476
69485 542780 470
325011 779557 470
273921 283683 389
31308 873907 470
812251 214019 470
780919 605119 468
842245 660759 468
609967 62813 470
78961 641034 470
908996 124102 470
151123 911628 476
401596 183437 443
265327 236174 407
554545 225573 470
390036 295299 441
272027 82851 443
865716 918077 476
303415 618890 470
978192 887227 476
314427 172897 443
252979 440546 449
647580 709053 442
16875 340683 443
517288 14978 470
745861 672368 442
713768 817032 468
535297 393437 470
973594 639101 476
143406 426123 449
373908 785476 470
533455 813007 468
880873 470981 470
333970 104792 443
476526 77742 449
175790 750918 470
233347 106223 443
501753 156426 449
263315 326262 389
415348 827879 470
132290 448396 449
346001 711935 470
456913 819218 470
469100 303588 449
313308 879110 470
350153 467444 449
904481 685159 468
698625 783493 468
216447 150042 386
207675 759497 470
745359 855021 468
567731 593954 434
872688 434280 470
465690 240167 449
519898 276673 470
661370 749226 442
697102 153718 470
339626 583142 470
145803 402401 443
981162 943703 458
750789 145244 470
913801 328417 476
363353 109287 443
645277 675167 429
282743 993953 476
315391 560916 470
13812 86451 351
196361 510694 449
637039 360362 470
985375 202831 476
479599 954684 476
158120 770180 470
918497 699158 476
733291 849836 468
132836 713 354
392596 26192 443
748999 771069 468
383234 942338 476
292013 472698 449
954335 377714 476
561030 604344 434
856636 24164 470
943851 816410 476
953553 71898 476
555834 787728 468
274498 5698 443
346460 937 443
518765 477010 470
372589 733704 470
519591 718275 452
827428 607406 468
879248 815562 450
517579 787454 468
118828 302678 443
903162 970675 476
725505 604703 447
554393 382077 470
919987 612733 476
902619 701614 468
110468 583400 470
802185 447766 470
625200 55090 470
266027 519300 470
528700 381304 470
958656 558790 476
894773 475577 470
530836 46215 470
659193 988105 476
484853 822504 470
760836 456894 470
646619 849487 468
369641 47717 443
952513 356374 476
245291 317974 407
337462 913219 476
811579 598522 468
277039 428027 449
822561 10629 470
469426 890704 470
928387 73996 476
352456 536602 470
355883 378937 423
217572 951480 476
793859 919726 476
43155 600910 470
839382 829855 419
896361 745810 468
611820 796371 468
211629 886559 470
833288 353407 470
999596 449403 476
615934 625077 385
767331 468297 470
910953 849935 476
374918 696337 470
349305 175319 443
642539 120114 470
81227 854012 470
261496 755568 470
644456 587966 447
233172 240535 381
823195 37396 470
163784 511226 449
827875 618612 468
73522 920964 476
164615 537720 470
991751 673082 476
436706 959698 476
927696 267035 476
828030 99465 470
948174 254136 476
41907 225938 386
565698 519901 452
860468 103212 470
480273 775290 470
660967 697834 442
27375 8210 308
666862 14101 470
102139 361181 443
822634 110406 470
242775 351719 441
526 902391 470
743941 675376 442
848955 717676 468
864590 523570 468
456167 452949 369
215850 291873 443
599570 977224 476
920710 466270 476
410770 505248 444
643611 851337 468
69348 511347 449
674404 187663 470
40869 567227 470
210888 910709 476
341132 721160 470
907450 256000 470
653834 340541 470
610318 777901 468
280494 30784 443
402405 290376 441
343438 292571 384
546784 392462 470
409152 207323 443
637038 556052 447
199917 658760 470
409033 429188 449
332528 121174 443
862352 660352 468
600153 7062 470
35773 202507 383
698750 516346 452
17272 4914 276
35136 400960 443
406712 491447 449
638105 718306 442
541917 476714 470
239125 631297 470
416263 187755 449
943173 815999 476
581598 678680 447
719071 73222 470
50984 894087 470
971076 292367 476
720748 106182 470
248948 303389 407
785501 258038 470
927148 845997 476
404425 569849 470
632794 575344 447
611889 619590 447
404204 94903 443
255691 252125 363
278631 823144 470
783253 42914 470
385342 923047 476
180841 734373 470
705120 657383 442
270435 648562 470
5688 596588 470
888041 465004 470
491973 225253 449
550383 774816 468
804710 12639 470
325812 271975 389
943941 18556 476
322058 511968 470
262751 932197 476
787264 35193 470
103706 706716 470
33958 178144 383
46522 282123 443
104960 202712 383
558334 655668 447
115567 417844 449
65353 92291 351
875526 164912 470
370441 712900 470
158819 20284 383
120760 233288 443
528173 563519 452
808279 866712 450
445869 178135 449
484738 754258 470
830343 702455 468
731892 913623 476
827569 972868 476
465926 494211 426
672310 151406 470
673190 884608 468
300880 73728 443
661883 444432 470
693244 327849 470
334585 890550 470
46711 814176 470
728683 433336 470
663722 611093 447
243819 858828 470
746097 87621 470
411764 408502 449
250017 644059 470
37054 677058 470
778522 694259 468
817005 122153 470
584098 308109 470
968140 938918 414
766118 449580 470
595312 53507 470
86646 141617 354
708114 237753 470
176725 292695 443
566112 197945 470
696614 581965 447
138826 565796 470
434143 697142 470
340466 108607 443
282880 609064 470
939319 590257 476
168075 92005 383
605296 26221 470
552000 592764 434
568372 304710 470
695779 310733 470
804761 846072 450
391109 878386 470
516827 689634 452
698469 401226 470
243486 456306 449
336733 689508 470
494276 934808 476
325442 756748 470
755159 992936 476
731369 992068 476
434896 790948 470
611639 307554 470
925669 120695 476
284467 216973 443
308455 267610 389
118893 513210 470
374496 209087 443
408229 240425 441
435065 485155 444
318433 993651 476
311462 694252 470
124403 482464 449
362056 641075 470
25105 513136 470
712543 708660 380
134765 927984 476
654025 506403 470
749071 744395 362
110827 201363 383
565931 514213 452
540141 452656 470
414864 655930 470
32214 627748 470
423919 202143 449
415165 657682 470
453313 674989 470
207811 612435 470
794054 222680 470
718615 267720 470
872709 213404 470
623677 529858 452
705497 363289 470
829185 766936 468
7238 207565 383
503055 586978 470
124496 883971 470
594504 316681 470
745966 574859 447
354197 988319 476
978390 769974 476
528792 406788 470
805405 675954 468
692871 364511 470
752910 287853 470
867888 377017 470
403612 583128 470
573982 277394 470
283202 86204 443
646231 802445 468
310731 358166 441
990015 844285 476
596865 588463 403
760880 870711 468
215017 24488 383
889807 652077 468
781360 780902 331
235953 398467 441
276669 783437 470
504379 421919 444
731401 977283 476
844263 899552 432
442519 627865 470
833639 580801 468
15499 913442 476
54593 109799 354
41413 8869 324
919791 795678 476
707327 859570 468
468693 531103 470
414540 991550 476
646343 135969 470
85934 574863 470
924987 470649 476
516065 832134 468
405443 948403 476
189354 508318 449
974725 620699 476
857181 702333 468
905446 424648 470
369202 247859 441
393699 364038 436
496557 389435 449
637825 894640 468
234708 162767 443
377931 131018 443
114157 285655 443
222621 14777 386
447729 268101 449
228788 577542 470
590636 557266 434
954757 194405 476
220802 809222 470
197601 639959 470
736632 853227 468
510111 849190 470
574703 511021 470
940613 473265 476
981423 280903 476
625059 775104 468
321958 696282 470
705629 230347 470
902635 823957 432
210894 782817 470
450874 351023 449
157544 557491 470
215884 806625 470
508000 16870 449
984361 514579 476
6819 378965 443
611665 495659 470
221866 698298 470
195258 794664 470
665062 640234 429
921530 462727 476
668009 620239 429
381142 650636 470
778344 445589 470
129740 556693 470
903308 167963 470
97079 465290 449
83289 129269 354
440256 761164 470
171456 941332 476
962615 619517 476
749113 151507 470
525816 42131 470
371836 246794 441
724972 489058 470
941249 654721 476
494612 330321 449
763353 750140 424
409619 745765 470
981564 861195 476
590482 118798 470
268786 17835 443
309442 658177 470
124579 861389 470
78298 923931 476
893266 174088 470
424407 17888 449
838217 209481 470
886247 774550 468
909362 646819 468
611668 473555 470
630062 863865 468
630310 605812 447
564787 521004 452
657712 13759 470
241002 945902 476
149706 447408 449
417004 483940 444
261190 953328 476
869872 424401 470
511288 740723 470
701066 436196 470
803965 540636 468
398191 667155 470
290957 206975 443
820423 150624 470
716946 330998 470
497433 772082 470
277258 162158 443
944181 157866 476
