1 1 1
2 1 2
99999 1 351
1 999999 525
661316 882294 525
331402 361673 441
266944 574133 470
618354 397819 470
355215 439913 449
725652 358456 470
530128 59478 470
14354 784751 470
667265 19571 470
294596 704373 470
276490 629042 470
982822 437898 525
885323 305237 525
423823 371709 449
740466 881547 525
631912 228959 470
242471 183766 443
833413 401650 470
70344 202487 383
651808 414805 470
108032 318144 443
528091 145001 470
263157 403046 441
601290 126690 470
894489 686121 525
453320 349553 449
886888 461114 525
332588 446334 449
495575 739390 470
204842 660127 470
917229 284459 525
898162 650102 525
9265 167994 383
44407 248510 443
700420 52083 470
344371 637445 470
975984 647023 525
314518 322103 371
525723 809318 468
392774 491678 449
455570 94807 449
120099 897753 525
424857 63006 449
68130 32847 340
190227 118776 383
773272 108494 470
839962 497138 525
828859 265007 470
795206 577066 468
212883 692216 470
190315 419584 449
711189 335827 470
904619 534392 525
654746 340052 470
631789 334625 470
407768 128631 443
45821 492393 449
455655 202618 449
199760 169576 365
330698 596159 470
201107 351893 443
311111 130461 443
353130 976605 525
91741 806748 470
2083 548860 470
211646 788058 470
872961 987595 476
776513 721497 468
479722 489198 422
550711 750507 447
881804 601378 525
740055 534972 452
206867 953366 525
136786 97544 354
564568 336969 470
858124 101166 525
628816 148350 470
922478 908958 476
236919 937273 525
403010 145126 443
815567 463057 470
635843 123130 470
726682 382450 470
992043 115226 525
351018 129505 443
580560 656472 447
88142 181028 383
383541 31991 443
623961 490296 470
428553 175346 449
372232 477716 449
553730 447197 470
94406 141962 354
441999 174809 449
186247 925326 525
965774 438255 525
462650 66842 449
435009 334779 449
130272 392681 443
891959 429916 525
559696 633117 447
709159 155759 470
954079 82071 525
166024 654539 470
648567 597919 447
918781 624201 525
203504 349599 443
765192 754426 380
50611 312989 443
634607 350998 470
979106 865871 476
655600 868457 525
817308 907187 525
723867 719029 420
658345 433686 470
156256 223948 386
721489 899613 525
52141 975373 525
758380 229087 470
996401 185435 525
696703 503481 470
417122 716916 470
246238 504994 449
313742 23067 443
315533 122704 443
693135 103360 470
700605 86212 470
410607 686963 470
386234 845730 525
808208 427949 470
982532 714921 525
46566 691810 470
677462 317004 470
335564 61052 443
710171 349685 470
608841 392260 470
141200 622835 470
708395 510070 470
277249 919180 525
883285 784557 525
569336 659100 447
53258 272725 443
907401 18715 525
105080 224459 386
112385 478448 449
329697 269681 416
352650 895540 525
613941 411067 470
22955 717169 470
728145 245763 470
540899 377501 470
876944 592416 525
641099 538448 452
813659 716743 468
827008 253611 470
547961 384992 470
289828 750844 470
837086 870447 525
847904 867158 428
574406 973624 525
741887 408814 470
819886 975894 525
959444 612522 525
739918 847208 525
485034 84274 449
880664 273961 525
754439 236016 470
165926 463961 449
320476 346556 441
214193 123969 383
940793 942164 339
105999 73514 351
233729 163834 443
931137 726582 525
298179 649506 470
139810 578122 470
286585 269212 416
177218 192432 365
171224 940844 525
632597 128834 470
552268 678438 447
942929 953270 414
355651 592287 470
622716 458983 470
403294 921002 525
266357 531700 470
242369 899366 525
399687 65547 443
502957 753401 470
788519 383031 470
977905 620267 525
765466 616947 442
348308 410996 449
397017 323154 441
196856 362569 443
402035 829582 470
337608 78002 443
812406 216808 470
217377 485251 449
174630 833080 470
964116 904808 476
3147 299364 443
194846 916817 525
798271 637998 468
151556 735111 470
362063 261651 441
141145 45207 354
411783 880189 525
620461 663643 429
69885 735503 470
34879 970563 525
288362 600608 470
915588 823351 525
109439 667538 470
992704 243131 525
893129 749034 525
393974 409727 414
753074 873432 525
907664 253462 525
304379 613741 470
999328 830448 525
5749 788333 470
103243 128537 354
272374 151370 443
651932 168539 470
498355 804612 470
379670 676761 470
169111 420178 449
858323 941488 476
462236 373482 449
490216 445718 444
810392 884467 525
996911 294175 525
123738 518467 470
159178 131858 383
279842 120652 443
606862 53511 470
386493 304668 441
670957 131056 470
426084 246599 449
886193 328994 525
330935 924824 525
711892 973027 525
191187 23441 383
303796 373645 441
785932 444021 470
8382 387861 443
85717 347530 443
603363 956634 525
907089 789269 525
22529 655695 470
437594 583279 470
571557 736329 447
856962 294858 525
100102 200736 383
911261 997336 476
383561 548081 470
595702 445932 470
209673 719625 470
184047 946034 525
977561 585045 525
319180 727104 470
896246 368017 525
302799 602402 470
505780 162864 449
842328 941048 476
403333 912493 525
681707 244141 470
171818 866643 525
905283 293957 525
630899 217702 470
122959 71762 354
176627 14992 383
345661 967927 525
837517 197541 470
361721 118648 443
676394 670965 385
803608 28726 470
988986 426104 525
175155 655057 470
51781 641210 470
182439 478528 449
629124 733532 442
98599 857860 525
541360 160732 470
174166 845652 525
495096 191448 449
679644 935345 525
162358 406786 443
727402 501795 470
825197 294285 470
471535 840784 525
248507 718632 470
527448 848920 525
841962 27478 525
783182 91353 470
668753 572061 447
282811 273981 389
303893 242749 416
379662 409783 436
728205 843951 525
821933 77338 470
236838 918676 525
612448 40672 470
679818 878977 525
750745 825357 468
174958 819444 470
329126 509326 449
597079 805816 468
582797 649828 447
376951 994315 525
72538 656550 470
868366 92558 525
183819 314745 443
588976 188257 470
554656 60143 470
343497 149074 443
561740 779975 468
534835 869538 525
432089 796767 470
598756 836279 468
746388 312953 470
455083 728202 470
202527 214041 373
835034 314316 470
61660 829748 470
487200 190187 449
952847 200863 525
512500 599706 452
761140 876567 525
499471 755906 470
445965 669488 470
745971 509007 470
111969 291401 443
153693 396806 443
530459 844274 525
630377 134538 470
974947 619831 525
712495 47430 470
58128 735647 470
177742 925837 525
538237 729703 452
865476 550362 525
176499 361233 443
946463 940856 383
970226 308947 525
275396 292549 398
816070 372499 470
613189 37762 470
939037 118324 525
345418 394674 441
574877 740347 447
340585 60142 443
678397 620747 429
274195 661601 470
456107 865484 525
376576 704983 470
166568 960349 525
54836 252080 443
654387 407714 470
911884 159820 525
840309 778682 525
613074 968195 525
219945 14131 386
879567 906082 401
33316 47105 324
193262 801017 470
702848 721184 420
233621 531340 470
22014 99489 351
463581 181028 449
814862 636500 468
618213 966101 525
399708 615789 470
852550 993568 476
183478 852360 525
217219 692325 470
387566 320327 441
95194 215827 383
164673 288166 443
441986 625864 470
770623 895835 525
864564 129009 525
524078 308004 470
921719 38322 525
300668 848456 525
954593 313517 525
389621 47783 443
831661 407482 470
408676 416342 449
211927 302020 443
385475 998794 525
579418 871952 525
983404 65132 525
863245 113520 525
421176 321596 449
733341 176178 470
865898 530588 525
143869 843518 525
567620 474532 470
156490 825587 470
454480 940343 525
830960 619794 468
721333 208951 470
953390 90942 525
543992 393956 470
748653 791522 468
510538 127070 449
127571 119482 336
550185 310849 470
357490 824264 470
662820 281887 470
859835 680174 525
347545 125510 443
249390 564311 470
760399 293702 470
225108 214212 386
2750 118434 354
450986 211843 449
114265 384524 443
247930 747546 470
645327 944716 525
81518 993798 525
56009 114247 354
516247 600253 452
167154 948791 525
452313 820498 470
234142 225240 443
684318 972991 525
105063 164542 383
190211 390058 443
942031 717088 525
423441 847213 525
471247 132491 449
205522 450903 449
223213 202945 386
261473 106773 443
474571 378337 449
321759 119145 443
7426 419446 449
892332 897104 370
71124 506385 449
823182 13649 470
315414 122999 443
398090 723442 470
81419 467062 449
501483 751613 470
516940 555017 452
668304 956260 525
679754 518715 452
81988 543422 470
367528 557229 470
979766 596586 525
367576 518708 470
768030 63025 470
337547 476275 449
348130 124901 443
527638 118851 470
584949 390910 470
924456 256390 525
490736 11085 449
929010 45834 525
341932 113159 443
455355 590083 470
976983 92233 525
395606 38160 443
599183 736751 447
465048 521098 470
593354 216057 470
322599 599337 470
225458 750263 470
11379 376363 443
203395 795966 470
872059 426088 525
167648 868024 525
356681 236006 441
75453 933764 525
65011 554843 470
75811 604908 470
225540 644950 470
468877 334181 449
459243 726505 470
755581 970937 525
502823 726319 470
963634 666103 525
683904 25584 470
381430 410957 449
334175 281186 398
372747 102464 443
286538 506311 449
383986 938091 525
313536 596241 470
821428 644145 468
459633 516777 470
492904 477678 426
538450 148310 470
48859 644198 470
669344 421325 470
235603 899377 525
697752 688185 442
70122 207668 383
883417 162441 525
127426 463337 449
981542 725375 525
919371 825732 525
517390 140973 470
56298 865667 525
458350 527641 470
829850 613443 468
17482 62240 340
111439 223361 386
304952 661145 470
99345 545810 470
916620 187089 525
821425 47573 470
383246 852781 525
703668 264289 470
956617 727979 525
210841 36342 383
386201 739143 470
850245 143494 525
663003 634325 429
967695 237388 525
498997 67064 449
408328 726289 470
112820 388868 443
789589 243770 470
89216 335884 443
478274 709590 470
815701 342236 470
588034 648292 447
267807 387430 441
91978 927192 525
417086 255634 449
575203 283506 470
987567 952725 458
309636 496783 449
520819 813809 468
648827 244708 470
816547 24696 470
956129 537087 525
692285 375575 470
464452 472731 413
254979 333120 416
135736 161399 383
501608 470230 426
357555 212735 443
137944 777390 470
144275 653484 470
449555 765597 470
666715 734603 442
583046 21684 470
969023 20527 525
380363 375672 423
706248 475340 470
169947 779095 470
695162 104063 470
978734 457366 525
478975 172688 449
222488 927143 525
370379 709997 470
969074 822019 525
333699 300915 384
517028 545429 439
338384 257184 416
493174 568369 470
92185 867357 525
315446 748857 470
970512 25506 525
436196 678758 470
496771 762796 470
482135 556913 470
796012 182390 470
838372 855635 428
537462 921377 525
451987 280083 449
777768 634627 468
84798 910657 525
630696 201290 470
339993 670971 470
659052 630103 429
760955 549845 447
490789 398629 449
937118 47263 525
265036 787899 470
347799 562238 470
240071 982296 525
863544 953061 476
434751 658465 470
256679 385027 441
152099 669855 470
987155 695014 525
546132 347644 470
787619 467868 470
922711 274008 525
941825 911996 476
24908 380957 443
898019 485363 525
802748 707652 468
858503 814295 525
738106 891461 525
424909 481089 444
694262 840824 525
712489 476395 470
783640 692042 468
402473 494620 449
179564 630260 470
207303 507814 449
802461 798399 406
570414 994474 525
314062 529100 470
771748 65303 470
162117 407246 443
491161 930029 525
47928 71057 340
59031 774923 470
667148 454022 470
650732 627147 425
340914 554220 470
529037 256443 470
643611 625296 425
738779 295706 470
979894 129831 525
476690 417028 444
333505 523523 470
695457 184991 470
312133 412939 449
359351 448842 449
732265 77193 470
9152 52829 340
781960 980739 525
793152 413960 470
138595 684046 470
974624 691443 525
208935 962885 525
748880 361394 470
287243 344530 398
632808 118441 470
639878 546856 447
449911 764285 470
503826 638574 470
696935 724652 420
396771 772577 470
820704 410134 470
839675 343973 525
720609 84193 470
213230 103128 383
933203 899656 476
735865 383465 470
125615 756450 470
892926 380959 525
38903 959664 525
637693 561047 447
72559 341363 443
196680 397308 443
410813 437095 418
404033 311764 441
315266 642575 470
77981 656473 470
169794 918101 525
305782 279179 398
403786 269272 441
476832 195207 449
243797 671229 470
415190 660086 470
917801 614394 525
261000 277661 416
11417 908224 525
22180 398693 443
140927 851757 525
576957 884359 525
376610 64042 443
224523 257358 443
11384 579018 470
889552 881799 401
251726 642607 470
231331 531319 470
168660 800249 470
247831 261541 363
390675 793739 470
669436 338059 470
902271 5546 525
23124 89234 351
558296 656215 447
549532 705012 447
463814 6505 449
540543 900842 525
135299 130449 344
784998 966873 525
341250 730100 470
210255 645390 470
773780 792650 437
995328 876419 476
581346 544993 452
581231 285858 470
336815 971506 525
498143 535081 470
258802 184971 443
633495 29948 470
489154 535558 470
456906 896256 525
76961 634348 470
421884 228539 449
473120 288202 449
14784 390157 443
173105 864597 525
844979 987235 476
540624 633328 452
376245 115480 443
956474 337202 525
402736 865483 525
171219 159105 370
168347 621217 470
412143 726317 470
558908 402440 470
733393 602069 447
406682 465618 449
704133 482672 470
211952 895412 525
151001 692225 470
4531 203188 383
806608 71471 470
903183 162027 525
330717 490507 449
985529 18877 525
445293 649150 470
26782 255656 443
676116 287325 470
855678 790971 525
582460 928872 525
468386 479067 382
605288 375940 470
186856 450410 449
22382 838523 525
859170 59533 525
203723 857856 525
591126 360572 470
384214 727814 470
780879 61971 470
163541 498927 449
484819 359509 449
839236 811591 525
662296 410243 470
551877 155001 470
177655 513960 470
402933 538156 470
854331 398149 525
97741 992696 525
855026 186094 525
120081 940393 525
138691 121734 344
810863 141151 470
5996 454030 449
115139 584111 470
996239 776155 525
310480 697219 470
122811 878665 525
335548 164967 443
806166 635569 468
191899 148874 383
265397 142348 443
218803 831384 470
569603 953839 525
833236 489807 470
170788 523569 470
963967 364537 525
573553 934983 525
532883 119479 470
15334 426400 449
492339 486283 391
663218 712240 442
921290 520650 525
198926 992785 525
239561 955204 525
7500 376599 443
339131 457185 449
935302 35408 525
577653 204271 470
403696 648586 470
168904 957865 525
169706 376723 443
900467 577941 525
685782 696889 442
736505 400098 470
665827 858662 525
532676 425600 470
163870 734536 470
62719 409203 443
136570 524328 470
421524 884560 525
583494 574255 399
130336 415828 449
324476 226101 443
911182 673811 525
998952 918981 476
613353 15199 470
97308 698255 470
450494 12946 449
827255 375287 470
479810 855088 525
961842 169394 525
392022 735853 470
691842 22634 470
998954 518991 525
173205 119202 383
927580 322619 525
68072 436968 449
79341 896754 525
762451 702503 424
810387 224461 470
66616 61812 330
974107 539231 525
902021 957821 476
9631 314466 443
558691 907046 525
870435 356572 525
654809 95121 470
949547 902719 476
446694 665690 470
822678 534192 468
162480 256276 443
234361 643771 470
373850 543860 470
418102 758838 470
776953 163682 470
533784 265518 470
881188 350040 525
894262 137642 525
221498 109683 386
895251 579448 525
638618 168436 470
869188 620898 525
807836 752668 468
225107 163416 386
385068 188908 443
886729 578150 525
340235 918789 525
824766 181686 470
687522 74881 470
532263 615094 452
628192 120767 470
195579 478644 449
608507 397528 470
829059 377321 470
55325 239766 443
667585 361920 470
436691 443275 400
249804 685461 470
961697 380533 525
775416 55231 470
817069 735461 468
356377 497782 449
80704 320896 443
112110 583024 470
672478 656588 429
211200 530729 470
18875 717853 470
67396 389292 443
154864 346651 443
982228 14029 525
82186 444144 449
382488 531374 470
413072 890251 525
74227 833614 470
203683 292800 443
385984 367211 423
107295 520007 470
683614 731757 442
151568 586826 470
881324 80372 525
394483 612978 470
343597 963866 525
761118 555116 447
913993 192801 525
397554 708719 470
368004 465743 449
812414 242679 470
263812 708054 470
727048 957691 525
882448 179019 525
712584 851020 525
981523 340841 525
903415 619956 525
118763 615818 470
529990 82272 470
327767 307398 384
983890 615355 525
394479 253221 441
213292 702593 470
998604 682354 525
281136 86972 443
793540 312074 470
173196 785808 470
794642 445921 470
27579 273002 443
601476 694000 447
997440 568168 525
310280 908015 525
658444 562476 447
67266 353474 443
741308 547485 447
300227 250586 416
251592 863489 525
657985 454450 470
545745 260804 470
582633 39600 470
27021 994482 525
454768 719954 470
707823 924896 525
975652 634467 525
448771 31656 449
695217 973311 525
722932 107969 470
139786 232462 443
922039 262260 525
103742 728082 470
88004 797594 470
409716 686343 470
901037 591146 525
295104 820473 470
685176 388240 470
628220 914937 525
25185 41898 324
507406 785374 470
735076 844494 525
252399 770633 470
575192 3445 470
768923 622076 468
824828 267399 470
230033 897668 525
286589 269784 416
558378 686754 447
705258 66050 470
869347 331664 525
653477 169104 470
119230 268649 443
445042 786521 470
174768 363970 443
966759 721049 525
581193 844545 525
416774 122572 449
347799 929963 525
635725 458740 470
219380 618200 470
17659 519287 470
468289 725080 470
944051 735696 525
85213 102396 341
970254 376375 525
318706 190432 443
141266 655812 470
727489 992642 525
704919 257241 470
840664 956422 476
205387 840495 525
322446 316807 371
533263 957650 525
200699 877580 525
534755 13080 470
813393 706105 468
273296 150048 443
650548 130604 470
134758 413917 449
881348 408774 525
126390 557549 470
771069 511499 470
585685 85805 470
319790 681745 470
704663 867671 525
918260 163000 525
381548 214186 443
315005 203485 443
652479 406918 470
773125 493842 470
95593 597397 470
370362 798863 470
934327 226160 525
358236 602970 470
389063 846398 525
355016 849297 525
454951 118363 449
233589 129860 443
1751 970251 525
760309 276517 470
326808 65726 443
140170 405741 443
931180 940024 445
838022 318039 525
987844 112167 525
388982 270496 441
103390 937094 525
357464 721 443
682696 605640 447
447267 736766 470
431296 13914 449
673925 836582 468
962884 827929 525
921355 468369 525
335651 619786 470
592681 827240 468
