1 1 1
1 10000 262
1 2 2
10000 1 262
2 1 2
70631 89140 351
63592 78062 351
50263 1995 324
73090 18849 340
90027 98935 333
52110 8774 324
51501 85793 351
4054 44328 324
63511 76588 325
88236 62297 351
62436 76172 330
9736 43887 324
73911 50423 340
19509 5411 279
17482 24018 282
13158 92783 351
87196 4464 351
22811 93101 351
11949 53811 340
52745 12252 340
21025 18327 274
20471 21206 256
65533 72525 325
65464 24524 340
3173 45396 324
21567 53699 340
97585 65608 351
32383 47654 324
53065 87848 351
11865 68243 340
61025 70546 330
91362 41374 351
34474 64573 340
18383 14172 279
26423 62774 340
97452 87479 333
25037 63799 340
36323 17922 324
58798 6921 340
52316 18138 324
88189 61970 351
43929 90235 351
37888 2125 324
89972 76311 351
44554 90952 351
77850 1837 351
59562 21930 340
2854 69211 340
83382 10388 351
89513 37588 351
25067 26156 264
89954 86965 333
4886 50103 324
57023 42628 340
77117 63683 351
25652 25691 163
15925 65305 340
67430 85933 351
62243 53812 335
44764 57401 340
75589 23148 340
61430 22613 340
91823 35151 351
61890 64283 330
1871 91556 351
34063 51402 324
54718 43289 340
9743 24016 282
82995 59604 351
39638 66765 340
8807 60111 340
25416 81642 351
67574 24731 340
78543 9197 351
66597 46168 340
69316 23306 340
45918 42186 314
93688 30745 351
11379 54092 340
45647 71929 340
23330 29601 308
72889 96061 351
20076 78048 351
54003 82631 351
65748 19422 340
95884 93640 328
91633 74554 351
99285 37651 351
46847 59206 340
5374 77827 351
17484 13444 271
71981 91041 351
38137 63401 340
33844 65668 340
37596 49515 314
79116 95842 333
91902 77277 338
71676 52004 340
50987 28329 324
47750 42030 314
52022 33086 324
7639 59985 340
97636 43654 351
2860 23275 279
1101 44482 324
57925 24585 340
15625 18584 279
98336 29905 351
11924 70113 340
19627 48531 324
44372 65871 340
59500 15094 340
83450 36273 351
80953 47527 351
89557 34436 351
67521 28702 340
5039 41578 324
85231 91511 333
14786 2674 276
47155 4442 324
45378 32238 324
50822 21432 324
67688 77354 351
47466 65509 340
14040 79612 351
61834 67093 330
98538 74763 351
27388 37685 324
85212 81987 320
16422 8340 276
53394 74768 335
16345 294 276
91805 58432 351
61105 17927 340
22369 6590 279
38827 8259 324
46042 67746 340
61452 6000 340
87861 13730 351
9693 8917 260
92361 18252 351
93014 71526 351
9211 90899 351
72885 36753 340
45093 10774 324
85541 5659 351
5952 98486 351
56917 18237 340
36163 14108 324
37049 18021 324
42631 74883 340
58981 92228 351
14579 88673 351
2402 20432 279
29348 2439 308
37042 28446 324
99971 38061 351
28959 46408 324
83160 25533 351
52658 18195 340
40205 28252 324
26737 38198 324
56434 46157 340
76616 5 340
18025 8949 279
83831 13665 351
5892 77008 340
82032 42811 351
63242 36822 340
55613 785 340
29230 8942 308
47002 92654 351
55413 45552 340
87437 92312 333
26858 38573 324
83176 40094 351
78292 67063 351
29571 26265 308
26269 51077 324
60025 6186 340
36202 60646 340
37653 43856 306
3018 58445 340
95267 19684 351
20468 66260 340
91553 50879 351
43532 49697 314
11600 38554 324
47217 15297 324
53869 99036 351
39130 74074 340
41136 53396 340
79660 17421 351
84849 70706 351
93244 5929 351
66574 44874 340
5081 29445 308
87890 20578 351
40261 8098 324
90709 99508 333
50386 77080 351
43128 82261 351
37166 10269 324
25565 54727 340
53763 84382 351
74808 95785 351
49181 92892 351
26664 32295 285
19353 28840 308
51120 11512 324
72737 12596 340
58392 17693 340
54622 94169 351
2267 62633 340
62140 94882 351
88313 92975 333
91588 28877 351
39146 31440 324
2519 28753 308
29487 81062 351
76847 56281 335
65524 4294 340
52940 26027 340
71218 8539 340
36402 72292 340
1239 22338 279
56382 25491 340
19659 59631 340
22263 11004 279
22237 21925 269
31252 755 308
29631 10550 308
58341 22839 340
67943 85128 351
66190 60859 335
17139 97429 351
18074 43036 324
85414 99014 333
23904 71014 340
59657 56631 304
95320 60306 351
85796 60896 351
36878 68054 340
95409 21806 351
60083 75492 335
76246 17645 340
44546 91334 351
30524 5877 308
91004 2887 351
63745 98466 351
12247 73545 340
16580 97236 351
12601 46672 324
34037 18345 308
91328 36505 351
96810 93694 328
70941 86647 351
71052 98957 351
37114 7818 324
83309 66460 351
84105 97196 333
88529 75907 351
98135 28650 351
47888 35404 324
33870 5490 308
79035 11633 351
8868 62468 340
9139 95614 351
13959 21468 279
74324 43176 340
53221 5286 340
8284 87485 351
86441 24161 351
48330 95688 351
62147 23555 340
20750 31638 308
23896 62603 340
7605 25631 282
61034 22030 340
27520 55492 340
67124 11255 340
90074 6554 351
18519 92343 351
30163 99213 351
58740 48829 340
70466 4486 340
91971 28312 351
52472 78750 351
74437 94763 351
34669 17153 311
48790 52935 340
15538 71771 340
97401 72686 351
94715 23142 351
78633 74786 351
2393 38586 324
45139 62109 340
54451 92466 351
8030 63658 340
12486 84613 351
5451 83121 351
11432 82952 351
78053 97421 338
92183 80255 333
97407 68841 351
38127 26852 324
98622 62549 351
35234 53664 340
93157 12374 351
87159 46300 351
84886 71790 351
50250 89551 351
98369 46376 351
26385 4700 282
5665 6398 262
89519 55223 351
54526 27467 340
24887 950 282
97557 32578 351
17770 33421 308
60272 94963 351
57511 55896 322
25912 75245 340
87618 9096 351
71748 19068 340
7209 91129 351
97031 72985 351
19360 57458 340
78510 95399 338
18149 45745 324
967 84174 351
27992 7667 308
24968 55492 340
4421 52878 340
86298 22524 351
33839 38542 324
10789 62922 340
54518 91349 351
445 36700 324
55768 58488 322
49616 72192 340
45176 62976 340
20434 62998 340
74749 80887 351
42983 98943 351
99468 92897 328
16915 43949 324
15792 27459 308
96688 41882 351
80758 36564 351
75105 99337 351
62258 14596 340
22296 85894 351
38945 33128 324
91615 39092 351
11283 94712 351
74040 57582 335
36931 72810 340
53697 10825 340
9767 11679 268
4575 96679 351
56980 25586 340
69396 21489 340
79723 89123 333
25687 82435 351
81771 76832 351
7779 17143 276
19388 60381 340
9860 30074 308
69166 58333 335
69396 1474 340
75407 96800 351
85962 43435 351
54259 12337 340
24016 56010 340
52688 80377 351
22314 44942 324
82783 26019 351
31494 8061 308
90495 62505 351
55688 57180 322
90674 88618 315
48998 79818 351
26243 10062 282
68394 75209 325
76682 11760 340
8560 54141 340
97576 52088 351
64424 10873 340
66882 51834 340
48563 4791 324
49733 35921 314
61940 70876 330
78937 32515 351
11371 93433 351
66964 85783 351
74400 83410 351
63227 57637 335
84050 39749 351
14957 89469 351
1229 68795 340
22936 91638 351
60077 26140 340
37012 20511 324
88696 40853 351
45643 3893 324
39813 53610 340
24486 11727 282
44241 18104 324
27888 19774 308
5556 71963 340
55372 11203 340
85192 79956 320
36056 18598 324
24419 69241 340
54388 51013 340
59002 25647 340
51786 77323 351
14185 35431 311
76283 5149 340
9041 19232 279
72842 38277 340
50004 65205 340
99661 13679 351
33452 10596 308
98911 43900 351
55103 39007 340
35314 70634 340
5584 40294 324
25886 87722 351
38734 30002 324
72000 80273 351
73947 14087 340
49517 23785 324
45285 88131 351
7363 42151 324
96780 54325 351
35881 96556 351
10234 63135 340
90082 35541 351
95793 43685 351
99043 88992 333
59626 50895 340
7540 50709 324
38430 65209 340
11562 49777 324
30050 77163 351
7601 83561 351
23697 3996 282
8479 73470 340
15620 68981 340
39657 32193 324
28748 12399 308
75533 75537 126
27430 38981 324
99017 81967 333
70958 23222 340
90468 98059 333
48767 30583 324
12143 14359 276
64135 3548 340
97062 23704 351
7264 94184 351
14532 4663 276
78132 30960 351
16292 39362 324
71554 10103 340
22502 55948 340
47837 301 324
55633 14386 340
96352 91618 328
31191 54649 340
52707 83662 351
30596 21658 308
36016 17826 324
37725 42739 306
82794 16502 351
27038 34787 311
39449 6410 324
53721 41569 340
97282 33932 351
44034 70013 340
42312 68835 340
69135 82887 351
13625 90148 351
81765 41119 351
95767 26328 351
9989 12955 268
50964 64825 340
99002 40585 351
99675 3331 351
19833 36727 324
71513 98820 351
5229 46870 324
4790 27313 308
77596 58950 351
45314 2071 324
70905 37981 340
20868 87625 351
77773 56391 351
97509 50844 351
77171 75889 351
88844 9627 351
74451 87160 351
44096 56159 340
59490 89805 351
26531 60122 340
58941 79322 351
26191 14395 282
58059 64170 335
39471 30980 324
49402 35654 324
73634 1136 340
88760 36658 351
93048 10853 351
61696 82884 351
58773 6908 340
16534 38867 324
42378 63968 340
20126 7336 279
97140 86473 333
46594 79615 351
75288 40022 340
54416 21886 340
2407 17830 279
65161 12474 340
64479 41877 340
59364 14562 340
51219 38113 314
48965 48124 296
31007 60618 340
67525 10661 340
65879 6131 340
86450 410 351
24098 8256 282
94728 22928 351
18894 37589 324
77611 57673 351
79558 94182 333
12011 32026 308
60852 81965 351
40193 77172 351
91733 25330 351
79794 99557 333
64032 59304 335
19921 45111 324
72123 11390 340
33873 3798 308
4207 38001 324
62608 20322 340
43249 44656 270
82245 73687 351
31359 62143 340
72676 59855 335
8232 27268 308
25584 84686 351
78209 85435 338
27117 82129 351
98037 86294 333
45597 6910 324
68372 62068 330
89809 81869 333
85666 56846 351
94846 23681 351
44003 6225 324
50880 57453 340
47491 3603 324
65745 33124 340
9330 78849 351
22469 54772 340
39458 33914 324
19348 64404 340
46532 34018 324
20311 62816 340
86078 60920 351
22987 82259 351
64128 54449 335
11295 12796 263
52828 49793 340
56017 22492 340
96297 96830 297
16785 23249 279
72724 43787 340
38988 98881 351
53653 82054 351
32319 61456 340
25859 93110 351
43479 68018 340
30834 88743 351
49662 63790 340
46048 16911 324
87711 89001 333
18148 10175 279
76320 99005 351
37849 70975 340
84157 48688 351
71936 34145 340
77931 941 351
99821 44660 351
43065 33270 324
11077 53473 340
62934 91735 351
59752 36936 340
42030 6413 324
86554 90585 333
23847 8043 282
97043 48953 351
75480 11558 340
26914 31542 285
2517 51799 324
486 64762 340
98906 3025 351
3965 88774 351
33433 93189 351
26458 20137 282
89962 92849 333
84583 37535 351
90822 52895 351
75659 60686 335
51271 49203 296
57245 78564 351
27517 75117 340
3026 70640 340
2181 2996 217
71146 29940 340
94701 21049 351
24073 87983 351
76756 9959 340
3147 44389 324
64526 26540 340
35740 45956 314
99842 54487 351
23733 36674 324
97360 7015 351
56217 99392 351
94307 48630 351
40098 29814 324
453 21823 279
41170 43124 288
89415 18985 351
40034 28667 324
16650 84115 351
94073 80458 333
24847 9757 282
52649 13571 340
59527 89372 351
60210 88388 351
25062 59368 340
66383 83942 351
99685 22421 351
87402 38951 351
68764 93992 351
32166 43851 324
3326 85568 351
20905 89688 351
34706 92740 351
76855 77290 351
57747 51355 340
77464 87279 338
850 82593 351
88316 30112 351
34851 60376 340
36095 48525 314
48819 76264 340
98684 18829 351
74132 48503 340
58846 2437 340
46288 42895 314
44815 91012 351
97051 49613 351
58705 65719 335
43008 31756 324
99463 35559 351
39189 17106 324
16051 93278 351
39741 40038 306
16765 20718 279
69243 74591 325
50855 69212 340
88040 34413 351
82915 65890 351
84679 62171 351
21418 41761 324
49124 47318 314
96930 82584 333
64654 46174 340
94281 71986 351
23896 24013 220
41118 93743 351
3372 63085 340
3122 57168 340
77886 43112 351
17703 36239 324
5450 63480 340
97892 84909 333
67150 93489 351
72012 97158 351
55270 51828 340
99145 9781 351
92364 4393 351
66918 12427 340
764 73369 340
97381 77551 338
87645 24660 351
87744 38498 351
12018 91017 351
34128 90865 351
43455 6255 324
86086 68182 351
53090 48904 340
58745 329 340
97486 36592 351
4771 47108 324
56888 52756 322
73500 20268 340
49046 65603 340
38971 40418 306
17968 49809 324
74468 36351 340
91200 5612 351
96628 62211 351
69428 19569 340
25823 47108 324
15289 12882 276
61786 11908 340
12236 84731 351
21322 20530 256
67637 26074 340
78829 26092 351
46359 40876 314
22830 52328 324
9097 95404 351
45213 61800 340
14502 27064 308
49028 36032 314
98243 22053 351
41622 62007 340
9114 67670 340
96903 67444 351
95704 24403 351
9133 75040 340
95569 24291 351
50364 46806 314
72897 79557 351
36784 45544 314
14224 35608 311
47363 59613 340
37764 23320 324
66736 8927 340
44959 52265 314
74318 32115 340
94121 43201 351
27222 32291 285
99734 19587 351
43989 40476 288
15516 11789 276
36080 69473 340
16278 27436 308
6993 2795 262
48339 5526 324
57485 43776 340
19741 78914 351
2233 4848 238
30126 57504 340
9769 85320 351
17434 75084 340
34636 438 311
32728 11555 308
31141 78209 351
18685 48813 324
60602 91481 351
77305 50552 351
77987 13033 351
32179 9934 308
31811 84979 351
45107 96869 351
75782 89296 351
10495 81199 351
38702 78015 351
79686 40620 351
32056 64822 340
81611 97120 333
8674 66691 340
61252 30690 340
79503 56166 351
63998 79936 351
30487 56456 340
85840 57654 351
67587 24825 340
9804 18018 279
14887 99397 351
5044 71262 340
52460 7020 324
1386 31890 308
72510 7513 340
72335 81072 351
78191 4565 351
87607 53945 351
84635 3216 351
59381 48858 340
45145 80489 351
53296 39730 340
97383 91983 328
16808 39135 324
57152 81321 351
80717 42963 351
30576 88390 351
95410 2113 351
34002 99387 351
6899 96795 351
77866 22863 351
43779 95585 351
65882 72408 325
75623 31386 340
96595 66868 351
63708 51355 340
91084 58092 351
50074 17003 324
56137 88466 351
69786 83233 351
42547 29640 324
18030 66855 340
85319 73122 351
88860 29791 351
42937 19320 324
42183 12111 324
7695 20803 279
93210 85961 333
33698 89928 351
73147 85185 351
36539 30293 324
88384 36854 351
53856 27623 340
32440 54809 340
54394 26344 340
55984 18578 340
1784 96940 351
86414 90365 333
36507 87102 351
6421 75273 340
87383 79443 333
16597 64955 340
50916 11430 324
17709 26159 282
11343 84613 351
31257 90856 351
44061 47881 314
91855 35992 351
7153 14269 276
56964 24295 340
59224 61546 335
74837 29299 340
19663 61007 340
48108 61250 340
52875 72521 335
51964 70880 340
35835 56609 340
68038 68560 312
11070 3102 268
4066 2099 238
9306 22412 279
70293 51675 340
87666 53366 351
83986 62147 351
2793 11170 268
89067 40950 351
70248 62016 330
39374 63904 340
41505 89911 351
78783 87481 338
74713 94379 351
50988 30746 324
15658 26899 308
30000 35377 311
53827 26727 340
49139 34065 324
2091 63132 340
32850 35783 324
14281 89757 351
17278 16835 235
57784 33426 340
11793 6345 268
86600 28032 351
34294 51167 324
54999 28104 340
38835 13076 324
43822 29711 324
56609 6174 340
57902 75831 335
2557 2960 217
53377 11729 340
91212 68047 351
20181 55467 340
61575 24061 340
40896 50814 314
84239 78853 320
85197 98679 333
43062 96031 351
63549 71796 325
16251 77355 351
90431 18548 351
64610 55085 335
61258 50604 340
42786 21219 324
24178 35512 311
47240 61694 340
46093 77554 351
49373 38451 314
62512 66273 330
33438 10947 308
89799 19759 351
34789 17676 311
30059 91347 351
79494 77851 338
71557 93607 351
28506 95745 351
67181 61987 330
28942 93116 351
14334 44791 324
80302 88079 333
49773 54863 340
48769 43893 314
82343 95865 333
78489 98141 338
25439 61206 340
97316 11927 351
45954 15238 324
22936 32105 308
9955 76012 340
85971 2430 351
14526 81511 351
59850 14476 340
7591 81706 351
42848 5143 324
93222 38276 351
9491 23149 279
67041 59346 335
55210 74611 335
72751 65736 325
26941 50050 324
61976 14541 340
46130 24257 324
72713 7930 340
293 69066 340
87847 99019 333
80529 86263 320
17091 2372 276
429 56730 340
78225 41033 351
95661 43277 351
82777 71446 351
47143 5151 324
79761 49818 351
31905 18704 308
68753 68863 206
83403 75197 351
15805 47081 324
55010 29533 340
14950 88517 351
87535 71654 351
57917 2796 340
21519 84416 351
41145 91359 351
32391 21947 308
81575 19369 351
7166 28051 308
49553 64352 340
30521 70660 340
89363 45665 351
14527 62425 340
37621 58116 340
5196 14282 276
60166 53426 322
58294 76557 335
48210 91467 351
94262 45829 351
30244 22478 308
13836 32132 308
70430 87740 351
23461 62579 340
6981 52005 324
32708 46978 324
17638 56534 340
18550 79580 351
58356 7000 340
81467 49429 351
63710 95976 351
65753 86662 351
63218 40227 340
31693 24047 308
86227 27780 351
50257 42306 314
74437 32822 340
36913 80445 351
59375 44866 340
13222 60373 340
23703 66355 340
39240 45929 314
41860 57692 340
64691 57790 335
