384 887 179
778 1916 182
794 836 135
387 493 142
650 1422 182
363 28 144
691 60 145
764 1427 182
541 927 179
173 737 171
212 369 144
568 1430 182
783 1531 182
863 124 171
68 636 144
930 2303 183
23 559 144
70 668 145
394 957 179
12 543 144
230 2374 183
422 2420 183
785 1038 179
199 1825 182
316 1871 182
414 1027 179
92 1481 182
957 1874 182
863 1671 182
997 2282 183
306 926 179
85 1328 182
337 1506 182
847 1730 182
314 858 171
125 1396 182
583 546 137
815 868 148
435 365 134
44 1251 182
88 1809 182
277 2179 182
789 1085 179
404 152 144
755 2400 183
933 61 179
677 869 171
740 13 171
227 1087 179
95 40 116
796 571 171
435 379 134
468 1602 182
98 403 144
318 493 144
653 757 171
302 281 118
287 1942 182
866 2190 182
445 1620 182
441 2230 183
32 618 144
98 772 171
482 676 145
710 1428 182
568 357 142
498 2354 183
587 1966 182
307 2184 182
220 1125 179
529 372 142
733 1330 182
504 20 144
271 869 171
709 1716 182
341 650 145
797 724 153
619 2246 183
847 952 179
922 1056 174
380 2489 209
765 729 153
842 2351 183
194 1501 182
35 265 128
125 2415 183
988 857 179
744 1492 182
228 866 171
860 1937 182
433 52 144
438 1729 182
276 408 144
475 1122 179
859 1896 182
30 1238 182
236 1294 182
819 1929 182
144 1012 179
929 2030 182
777 2405 183
444 764 171
614 2039 182
607 1841 182
905 2319 183
129 689 145
370 418 134
918 1997 182
325 244 131
471 2184 182
491 500 142
773 1726 182
645 591 132
506 640 137
955 2287 183
670 583 145
543 965 179
198 2008 182
356 1305 182
349 1112 179
623 329 142
300 2344 183
747 569 171
341 423 134
312 1311 182
606 1802 182
662 1231 182
879 1306 182
321 1237 182
445 1127 179
523 966 179
709 917 179
283 759 171
925 138 179
63 625 144
601 2037 182
453 1900 182
380 551 142
469 72 144
974 2132 182
882 2431 183
934 895 130
661 164 145
200 482 144
900 497 179
960 1274 182
814 2169 182
191 1096 179
927 1467 182
85 1341 182
91 185 125
377 543 142
937 1608 182
446 2257 183
180 919 179
888 1913 182
349 2173 182
660 2010 182
337 211 144
343 88 144
207 1802 182
714 2373 183
322 1256 182
820 2100 182
722 2405 183
940 2312 183
941 668 179
706 1229 182
128 1651 182
985 1659 182
921 1725 182
423 2270 183
397 1582 182
631 85 144
293 1973 182
673 1351 182
626 386 142
223 1800 182
641 1043 179
899 714 179
299 1191 182
525 91 144
210 1082 179
820 1837 182
733 1156 179
995 505 179
380 2270 183
274 1777 182
851 2256 183
861 643 171
580 885 179
994 706 179
622 2068 182
505 614 137
962 255 179
327 1760 182
945 703 179
203 1007 179
785 2022 182
843 869 148
529 190 144
873 2409 183
959 499 179
37 1309 182
754 1249 182
304 834 171
134 1649 182
891 2255 183
568 1747 182
369 2030 182
501 547 137
789 2298 183
250 1991 182
304 534 144
364 2498 209
254 2393 183
687 1626 182
153 1497 182
976 1689 182
158 1230 182
437 2461 183
415 1422 182
461 1305 182
29 528 144
51 1749 182
557 1403 182
795 198 171
700 1044 179
40 2003 182
429 1404 182
501 682 145
648 1039 179
160 152 86
536 2135 182
340 1693 182
216 1128 179
505 630 137
50 965 179
286 1430 182
344 1336 182
178 401 144
239 472 144
950 290 179
368 489 142
293 796 171
744 645 171
830 891 179
683 341 145
542 570 137
827 1733 182
262 1043 179
361 1618 182
24 1762 182
82 1310 182
191 426 144
997 1368 182
678 1735 182
691 1627 182
525 1058 179
615 669 145
206 359 144
313 2387 183
101 1847 182
727 2495 209
917 1553 182
579 1030 179
947 2291 183
648 1971 182
52 1581 182
632 1094 179
858 1128 179
313 1887 182
215 856 171
513 91 144
413 1980 182
611 1470 182
190 2275 183
356 142 144
621 434 142
988 389 179
339 2067 182
771 2285 183
857 418 171
607 2261 183
850 238 171
206 560 144
218 1019 179
946 784 179
874 959 174
874 138 179
290 484 144
608 479 142
758 1815 182
472 730 171
101 960 179
619 1939 182
26 1389 182
75 1234 182
158 1182 182
494 359 142
271 700 145
418 1840 182
570 864 171
623 1295 182
174 2348 183
432 2463 209
683 1891 182
293 792 171
58 116 119
522 1158 179
575 1492 182
948 452 179
232 22 128
538 1241 182
55 1531 182
99 326 131
82 17 116
517 503 124
232 1140 179
797 405 171
339 2081 182
219 1522 182
971 2363 183
813 380 171
978 186 179
537 2405 183
177 984 179
208 2260 183
858 2245 183
500 2412 183
128 1451 182
237 61 128
819 106 171
564 50 144
245 1212 182
806 2435 183
292 2376 183
956 1115 169
590 1269 182
994 2419 183
806 1883 182
823 1983 182
718 1531 182
94 1575 182
127 1594 182
487 254 144
544 575 137
815 2214 182
180 878 179
763 776 153
89 420 144
711 1733 182
295 1018 179
347 236 144
138 692 145
154 1444 182
574 1329 182
926 1792 182
711 1519 182
218 1837 182
964 56 179
91 1359 182
131 2405 183
572 162 144
634 2186 182
790 574 171
605 1852 182
806 1751 182
869 1504 182
486 1507 182
196 2140 182
950 1121 169
968 227 179
764 178 171
597 1482 182
866 61 171
37 456 144
771 1019 179
212 1343 182
533 197 144
380 2322 183
271 2485 209
173 1928 182
235 2041 182
284 73 128
399 831 171
64 348 144
951 2031 182
574 1215 182
60 23 113
48 1925 182
83 1936 182
233 1705 182
955 444 179
899 487 179
641 1779 182
160 263 128
263 2184 182
42 2349 183
724 825 153
273 1623 182
155 2336 183
822 2458 183
366 248 144
172 1777 182
270 219 128
702 1704 182
654 2434 183
908 1460 182
729 307 171
798 1221 182
85 1309 182
335 199 144
992 1377 182
899 216 179
53 172 125
190 1560 182
507 1511 182
17 725 171
110 1540 182
1 879 179
110 54 119
82 1615 182
339 990 179
427 568 142
148 224 125
788 2232 183
533 2123 182
282 1376 182
851 180 171
591 2255 183
351 1132 179
814 358 171
495 1682 182
82 2104 182
721 2434 183
983 182 179
488 1916 182
297 1326 182
405 1223 182
893 552 179
298 33 128
135 682 145
507 416 142
58 2209 182
596 2500 209
963 2298 183
484 777 171
155 1478 182
310 88 128
933 883 148
22 1767 182
564 1361 182
683 1712 182
686 1587 182
286 931 179
991 2084 182
315 1477 182
117 821 171
893 26 179
529 1340 182
526 2491 209
137 1361 182
619 144 144
338 929 179
583 1622 182
311 456 144
889 1726 182
816 2071 182
438 854 171
9 223 125
784 2351 183
658 1598 182
828 1627 182
270 2072 182
652 650 101
911 529 179
640 899 179
889 1611 182
394 1078 179
891 1477 182
200 2053 182
932 1088 174
778 100 171
658 1067 179
953 2018 182
642 236 144
369 1299 182
185 696 145
777 806 122
267 929 179
955 29 179
309 2094 182
279 2198 182
556 2173 182
775 1446 182
1 2326 183
998 784 179
413 1128 179
383 422 134
694 1835 182
440 2335 183
422 660 145
986 458 179
355 1762 182
763 473 171
542 217 144
853 1851 182
663 483 145
400 1218 182
155 1174 182
16 1507 182
852 1365 182
791 764 153
492 673 145
38 1038 179
860 1329 182
872 2281 183
988 857 179
591 842 171
971 353 179
666 512 145
70 2018 182
362 584 142
352 1613 182
301 1507 182
639 2168 182
365 1490 182
33 1655 182
105 2376 183
680 1142 179
413 39 144
970 637 179
171 1957 182
845 261 171
650 1815 182
466 1815 182
327 1387 182
184 1040 179
970 1536 182
153 122 122
394 1791 182
290 110 128
632 2174 182
265 736 171
549 1796 182
878 1814 182
834 699 171
950 1856 182
156 294 128
469 657 145
961 434 179
824 787 135
172 359 144
678 141 145
246 2182 182
762 1491 182
324 51 131
101 2455 183
76 865 171
43 625 144
660 1420 182
290 845 171
470 1239 182
552 2477 209
384 20 144
134 1344 182
305 1957 182
982 2476 209
667 512 145
968 1913 182
193 1730 182
903 1869 182
132 3 122
175 1708 182
719 217 171
184 2378 183
488 2473 209
574 1458 182
63 1126 179
934 1798 182
497 919 179
142 654 145
727 475 171
981 394 179
486 949 179
306 31 128
30 2060 182
899 2161 182
563 1425 182
720 1781 182
642 1403 182
11 981 179
727 84 171
790 1641 182
709 224 171
939 58 179
494 432 142
711 1721 182
906 191 179
614 1892 182
639 771 171
422 168 144
830 172 171
181 1244 182
96 1400 182
25 2089 182
155 2387 183
570 733 171
970 711 179
374 31 144
434 2164 182
588 2280 183
95 2150 182
500 2352 183
340 2465 209
743 2331 183
87 16 116
350 2416 183
187 1382 182
12 635 144
134 1888 182
723 788 153
774 2144 182
520 1743 182
355 245 144
125 140 122
260 2064 182
419 1354 182
713 270 171
706 405 171
734 1800 182
735 2320 183
316 436 144
88 854 171
670 2451 183
488 2303 183
838 563 171
90 1111 179
206 961 179
705 1912 182
558 2330 183
404 1317 182
893 822 179
523 1106 179
444 1580 182
362 1529 182
379 1948 182
701 1546 182
883 1288 182
900 552 179
590 1387 182
354 1927 182
949 2295 183
37 1007 179
108 1093 179
418 2165 182
922 1321 182
481 1667 182
995 1355 182
124 938 179
934 1985 182
318 1313 182
932 1518 182
710 166 171
157 1609 182
70 1746 182
996 2423 183
172 1296 182
570 560 106
802 677 171
653 1572 182
341 1426 182
744 173 171
92 1590 182
528 1067 179
879 813 179
51 197 125
125 834 171
214 187 120
500 871 179
795 569 171
116 1142 179
343 140 144
438 1764 182
199 1091 179
940 1203 182
514 1632 182
129 758 171
805 2072 182
347 2184 182
139 1226 182
496 41 144
422 1473 182
227 635 144
159 726 171
357 953 179
646 473 142
447 840 171
112 884 179
604 162 144
826 43 171
217 2340 183
175 345 144
597 2331 183
268 1795 182
14 758 171
520 1361 182
651 793 171
833 1877 182
280 1991 182
954 636 179
296 1599 182
108 242 128
938 571 179
977 41 179
585 802 171
84 2301 183
493 610 137
497 1441 182
940 264 179
736 1305 182
874 107 179
165 2024 182
252 1850 182
752 31 171
340 1705 182
166 1987 182
303 626 144
80 2092 182
548 2408 183
485 2132 182
562 2420 183
932 1554 182
529 928 179
495 2320 183
544 82 144
124 1269 182
188 140 125
644 2439 183
989 2395 183
321 2181 182
99 1987 182
19 1253 182
464 1599 182
696 1511 182
506 680 145
143 1067 179
99 1926 182
473 2479 209
854 1967 182
798 1749 182
548 2273 183
517 1087 179
913 160 179
878 1901 182
554 1198 182
933 504 179
36 952 179
108 999 179
50 1655 182
862 407 171
335 4 144
326 1785 182
429 1798 182
764 1134 179
116 1561 182
382 1015 179
186 898 179
101 98 26
409 830 171
350 1314 182
880 135 179
317 415 144
586 1276 182
766 2487 209
931 1627 182
893 1617 182
630 2070 182
753 2410 183
367 1516 182
396 334 126
429 277 144
848 2114 182
27 2301 183
63 1287 182
630 764 171
101 1509 182
398 1917 182
776 1983 182
545 1041 179
321 1327 182
519 66 144
795 2000 182
135 1547 182
909 2354 183
63 1804 182
687 1343 182
433 1535 182
808 2311 183
835 870 148
597 816 171
985 1197 182
325 1383 182
466 1952 182
717 362 171
344 538 142
188 862 171
603 982 179
361 1589 182
880 1121 174
942 794 179
925 1629 182
136 209 125
163 1943 182
871 1997 182
164 2467 209
812 1001 179
516 1488 182
235 833 171
291 951 179
694 1634 182
340 381 126
495 2294 183
214 355 144
383 445 134
476 324 144
739 752 140
952 874 174
812 1466 182
169 1182 182
814 2184 182
500 1478 182
536 15 144
465 770 171
347 1608 182
73 892 179
741 912 179
624 2088 182
58 337 144
794 940 179
282 1621 182
115 872 179
372 919 179
597 1035 179
884 2265 183
568 2198 182
801 1068 179
675 336 145
434 491 142
458 2133 182
950 530 179
524 1691 182
293 648 144
630 2350 183
336 1423 182
141 1969 182
44 2256 183
340 1767 182
26 937 179
654 761 171
53 221 125
958 1705 182
288 484 144
541 1222 182
827 1998 182
206 2128 182
879 229 179
170 1671 182
228 299 128
521 2064 182
222 1161 182
884 1117 174
268 724 171
383 1793 182
512 2036 182
554 64 144
609 1863 182
769 2396 183
199 161 125
969 2377 183
10 2174 182
504 2388 183
255 2174 182
58 982 179
824 1930 182
397 545 142
943 2281 183
13 1710 182
856 2248 183
855 2367 183
135 1260 182
282 1743 182
974 1902 182
639 672 145
414 459 134
900 1923 182
485 256 144
662 1591 182
781 1072 179
924 104 179
1 821 171
1 2443 183
953 13 179
505 1308 182
760 359 171
526 395 142
118 159 122
637 1091 179
561 127 144
615 474 142
938 1366 182
749 922 179
621 1910 182
864 401 171
833 287 171
5 2334 183
459 1357 182
128 1911 182
369 1632 182
570 1129 179
342 947 179
375 2459 183
606 11 144
902 666 179
990 1868 182
491 927 179
733 1239 182
700 1206 182
1 2063 182
458 1333 182
349 962 179
18 2308 183
170 2498 209
570 39 144
129 140 122
19 2471 209
586 393 142
281 1043 179
755 34 171
708 744 140
401 551 142
22 1486 182
789 1221 182
191 141 125
635 648 132
326 1984 182
462 1695 182
143 1631 182
192 64 125
521 821 171
555 539 137
143 1493 182
931 923 130
35 186 125
309 595 144
781 1709 182
645 303 144
546 1785 182
523 1088 179
926 1158 174
736 1103 179
493 1049 179
297 1487 182
531 841 171
50 2052 182
513 1957 182
590 155 144
449 2373 183
429 983 179
558 1089 179
577 2338 183
798 221 171
140 1195 182
6 515 144
783 283 171
524 370 142
237 16 128
418 1885 182
354 1800 182
725 755 140
351 737 171
711 293 171
243 1159 179
165 1024 179
642 222 144
112 70 119
411 1261 182
791 403 171
956 1148 169
917 1090 174
782 1440 182
959 518 179
807 376 171
902 2012 182
675 1479 182
266 2378 183
567 477 142
670 2162 182
135 334 144
537 128 144
907 500 179
698 817 171
261 1840 182
571 568 106
987 987 37
9 768 171
278 1967 182
137 436 144
694 38 145
