85 97 119
72 96 116
29 91 116
5 6 9
45 76 116
49 94 116
65 77 116
73 84 116
1 6 9
49 56 113
22 58 113
5 66 113
56 61 33
22 39 112
73 93 116
96 99 119
100 100 26
94 99 119
17 73 116
33 51 110
61 91 116
88 96 106
10 51 112
40 91 116
43 49 105
68 82 116
3 95 116
60 97 119
16 19 21
39 63 113
26 46 112
79 89 111
1 26 24
59 100 119
6 54 113
37 67 113
99 100 26
99 100 26
62 80 116
76 98 119
94 99 119
25 51 112
61 67 108
90 97 119
20 44 112
39 40 35
22 95 116
61 61 20
64 74 116
68 75 116
3 33 112
54 81 116
92 96 106
53 68 113
78 87 111
88 90 31
84 86 31
12 13 10
16 27 112
67 88 116
50 54 113
9 36 112
4 69 113
13 18 21
15 86 116
41 57 113
35 46 110
35 40 35
68 95 116
57 95 116
5 49 112
36 81 116
47 83 116
93 94 106
3 4 8
54 94 116
55 73 116
72 94 116
82 85 111
57 71 108
3 17 20
50 82 116
22 27 112
26 84 116
63 66 108
96 99 119
36 44 110
27 62 113
52 75 116
16 87 116
93 96 106
92 95 106
78 95 111
48 73 116
39 51 110
78 81 36
23 84 116
97 99 119
69 83 116
70 70 15
573 299 144
413 55 144
284 33 128
678 302 145
556 502 137
298 35 128
539 286 144
809 120 171
133 90 122
811 604 171
790 541 171
558 36 144
947 833 179
462 380 134
310 89 128
381 371 108
750 44 171
790 423 171
301 47 128
619 556 132
43 28 110
312 68 128
796 673 171
141 114 122
80 7 116
463 197 144
701 105 145
348 133 144
191 111 125
875 153 179
368 166 144
319 288 131
585 318 144
949 701 179
353 192 144
194 35 125
879 311 179
862 168 171
659 185 145
991 9 179
156 6 122
334 58 144
855 287 171
744 157 171
556 376 142
638 280 144
155 66 122
827 665 171
182 9 125
284 124 128
900 111 179
967 669 179
369 134 144
304 293 118
852 98 171
379 5 144
640 553 137
133 19 122
500 172 144
947 856 179
423 185 144
254 23 128
924 559 179
955 926 174
436 142 144
495 264 144
783 277 171
459 93 144
768 141 171
727 189 171
931 108 179
185 86 125
230 21 125
627 469 142
676 26 145
734 537 171
953 218 179
585 464 142
400 149 144
791 402 171
742 488 171
133 108 122
224 25 125
345 47 144
209 95 125
93 66 116
684 331 145
802 20 171
891 59 179
262 83 128
372 36 144
116 21 119
226 166 125
669 513 145
756 704 140
409 390 121
193 137 125
713 319 171
876 372 179
812 666 171
4089 9253 262
1886 6418 262
6555 6713 244
7455 7722 208
3626 3974 238
4150 7385 262
3304 4317 238
8235 8685 234
8018 8024 190
2415 9817 262
5561 7315 262
6715 7210 257
9255 9388 260
2735 5844 238
2828 4357 238
7544 9149 252
5980 9754 262
2027 9863 262
1641 7671 262
4199 8439 262
5179 8664 262
8017 9641 260
46 4805 238
3728 6078 236
6054 8705 262
1824 8341 262
3314 7006 262
2464 8203 262
8215 9401 260
7814 9660 260
8155 8348 203
6382 6538 200
4473 5154 210
428 1212 182
8378 9229 247
1513 4789 238
6451 7451 257
629 5026 238
1155 7777 262
1022 3363 217
4907 8229 262
4027 6771 262
3710 8097 262
4026 6489 262
1489 2980 217
9703 9920 242
7454 7904 221
4430 4821 197
665 2175 182
9684 9719 180
4639 7629 262
7717 9457 260
2074 2746 209
6582 8408 257
5999 9539 262
8363 8843 216
9247 9848 260
775 8712 262
848 1640 182
8918 9790 260
500 6640 262
8440 8759 216
4672 7530 262
4559 7540 262
42 7916 262
525 2593 209
4349 4674 215
3958 4489 215
1956 5734 238
1367 7776 262
5616 8008 262
6751 8972 257
8577 9431 260
7045 8091 252
3202 6490 262
5435 8323 262
3353 6562 262
7991 9006 247
568 1080 179
8793 8818 141
9467 9643 198
5193 8114 262
3992 5211 215
2820 4985 238
1409 7167 262
9479 9740 198
841 1250 182
9608 9767 185
202 9025 262
3725 4050 189
5090 7687 262
4593 8943 262
7725 8983 252
5941 9246 262
4569 8614 262
8791 9749 260
8059 8690 234
7472 9854 260
3180 6362 262
1009 5748 238
3186 4528 238
3981 9437 262
735 9295 262
388 7584 262
4579 8602 262
6073 8111 262
8763 9067 247
5209 9648 262
922 8092 262
3736 9895 262
5336 7250 262
1557 2641 209
2096 8241 262
4756 9696 262
3144 3414 199
5482 7767 262
2162 6354 262
6194 7960 257
956 8980 262
5053 7433 262
9672 9750 180
342 8567 262
4452 9503 262
4054 6109 236
1769 4366 238
6980 9968 260
7106 9916 260
7737 9301 260
1405 5414 238
3877 8654 262
6086 8484 262
454 2649 209
1536 4394 238
455 3959 238
2393 9241 262
8587 8681 172
1270 8209 262
6402 9179 257
7307 7960 239
4427 7566 262
6839 7410 257
9848 9917 242
5388 7979 262
34 8313 262
2255 3579 217
3314 9923 262
2543 3875 238
851 3606 217
815 5652 238
8775 9356 260
3263 8002 262
6429 8783 257
7085 8273 252
9593 9998 242
5627 7075 262
623 8547 262
8598 9928 260
5466 6756 262
4981 7082 262
6164 9674 262
5208 6624 262
8704 8769 216
264 9371 262
3746 9044 262
5455 5672 236
8818 8978 247
7024 7225 195
9054 9388 260
8697 9318 260
4872 8326 262
5986 9638 262
223 4990 238
7997 9751 260
5185 6432 262
919 6364 262
7336 9001 252
8850 9909 260
8013 9538 260
7470 7504 177
5390 6261 262
2921 9727 262
2397 3295 217
6878 9203 257
900 6502 262
3779 5766 236
1082 7302 262
6850 7915 257
2596 4565 238
8311 9814 260
1948 5314 238
7414 9619 260
472 4520 238
7315 7793 239
1891 6348 262
5211 6365 262
3709 7025 262
1158 5440 238
7553 9839 260
5791 7372 262
1147 7115 262
6245 7285 257
9085 9974 260
6061 6169 187
8175 8749 234
8611 9581 260
8369 8555 203
9184 9731 260
6918 9813 260
7302 8268 252
8263 9336 260
5885 9460 262
130 9024 262
9836 9854 211
6450 7316 257
8894 9295 260
6475 6741 244
9951 9977 167
2080 3200 217
7935 9568 260
9818 9919 242
5408 6512 262
1030 2700 209
2801 3754 238
7399 7541 239
3268 9996 262
3505 4296 238
2289 4481 238
3894 6267 262
6069 6298 262
6390 8846 257
6457 9606 260
2269 8467 262
1966 6711 262
2126 7010 262
1499 7414 262
6217 8911 257
7374 8403 252
1488 5956 238
5150 8083 262
7607 9777 260
7482 8904 252
3574 5981 238
7778 8391 252
1162 5496 238
2659 3159 217
8723 9583 260
7885 8391 252
4971 6363 262
4065 9832 262
7673 9437 260
9120 9465 260
9873 9921 242
685 7100 262
7244 9494 260
689 6447 262
1842 6420 262
1152 9930 262
3783 8289 262
4224 9690 262
5494 6899 262
5487 6338 262
9398 9516 198
6806 9747 260
5189 6675 262
4156 5874 236
1210 2760 209
2992 3498 199
7925 8651 252
6325 7809 257
8849 8965 247
3188 9159 262
5954 6457 262
2500 4614 238
8538 9541 260
5664 8657 262
9398 9479 198
7595 9177 252
5183 7514 262
1521 7618 262
9669 9764 180
9305 9894 242
583 4031 238
8963 9874 260
2644 3937 238
4495 7580 262
8154 8270 190
1586 6251 262
8332 9355 260
9762 9896 242
7964 7990 146
4912 7972 262
1454 4662 238
6315 7011 257
198 7328 262
2582 7457 262
976 9959 262
7886 8698 252
8158 9950 260
4920 9139 262
8928 9663 260
301324 715268 470
706521 935801 476
120504 884959 470
806146 926695 476
969188 993003 458
358457 423770 449
700123 941649 476
520880 598353 452
800916 841370 450
67666 606742 470
555681 826243 468
709311 891305 468
824750 921822 476
113719 315411 443
694463 774691 468
105222 788327 470
418112 503602 444
724517 846791 468
690255 792590 468
663286 860136 468
769769 826855 468
220888 382527 443
699949 736466 424
36722 271083 443
451050 752371 470
367888 375910 392
746072 749629 393
460911 681436 470
959993 995932 458
919420 943861 445
216975 677392 470
256441 793004 470
890932 967688 476
226889 719652 470
700824 833629 468
769526 905546 468
449686 807703 470
662268 916255 476
838005 920491 476
697873 939909 476
116596 254294 443
738187 951058 476
381008 872662 470
623740 762498 442
236824 939119 476
779394 937633 476
197706 341486 443
267674 342232 389
371111 773328 470
12807 389695 443
525458 891908 468
970507 998533 458
522928 704418 452
711511 752050 424
201497 556670 470
426620 516645 470
958716 971359 458
61320 646687 470
848535 861711 388
801270 955681 476
216666 282618 443
983415 994792 427
163649 494892 449
362602 479998 449
42990 154748 375
784064 996520 476
861559 870612 388
764168 982144 476
596403 624701 447
352157 364835 379
585067 847263 468
995789 997851 365
644185 691735 429
248225 865841 470
257492 712066 470
348050 423154 449
793776 925574 476
502268 961567 476
977745 985667 427
471823 490203 382
766067 978690 476
742545 831670 468
942334 968311 414
349959 448931 449
538440 661303 452
139688 688354 470
675731 970501 476
368565 520333 470
279991 471523 449
473444 512802 470
248864 741743 470
82028 296817 443
34127 866881 470
293376 729592 470
567909 893181 468
683406 705097 442
338955 618239 470
705510 854957 468
685333 784184 468
176603 950667 476
4810 137160 354
667588 764886 442
146252 638548 470
993677 994700 365
627605 872005 468
831421 924391 476
297832 948841 476
460137 989823 476
999391 999452 277
311074 825634 470
453547 939656 476
590335 805295 468
26928 202765 383
301096 819908 470
610378 814852 468
471542 780565 470
19635 503537 449
233764 551134 470
201700 294187 443
331302 955080 476
732631 779400 468
510395 625954 470
825653 968426 476
800886 808343 406
885637 972591 476
391376 886804 470
1351 782954 470
49820 406543 443
499559 599729 470
881840 955636 476
484194 847934 470
536804 600849 452
9508 222245 386
637716 757606 442
273430 365418 441
349146 984495 476
436167 768841 470
316992 845699 470
727335 912812 476
931073 938689 445
280870 397032 441
528976 943074 476
985505 996788 396
746374 821824 468
353763 581120 470
880615 952940 476
525662 647066 452
783686 899683 468
278371 857912 470
907809 965935 476
719304 997889 476
361144 425743 449
795733 866754 468
854142 952765 476
418284 993368 476
543434 583480 452
389987 681140 470
614029 628980 447
92231 889819 470
895177 974284 476
351284 717986 470
632659 989680 476
75877 338697 443
951344 970225 414
787389 925456 476
706353 874762 468
21523 757405 470
592259 946899 476
586982 873020 468
340443 912880 476
9956 430293 449
247866 257913 363
294288 525387 470
752538 886179 468
858986 944511 476
966518 977830 458
436006 855975 470
825915 924866 476
900853 917471 476
377082 920987 476
385375 700751 470
482074 876212 470
440629 884774 470
289141 585052 470
322228 461430 449
326680 517027 470
470786 622621 470
396434 542379 470
810765 860211 450
735795 739645 424
217637 854015 470
740396 844797 468
729286 748241 424
249157 653758 470
602431 904177 468
995390 996512 365
401838 674689 470
375596 379410 423
455794 726715 470
474068 516493 470
224685 901630 470
582150 911075 476
998261 998478 277
931735 954267 445
64136 69749 312
710325 916129 476
327460 442678 449
537344 809148 468
546769 715596 447
724346 840341 468
134808 773652 470
925332 950787 445
494504 701622 470
879205 910751 476
791363 884952 468
575078 811419 468
510466 601858 470
429167 917800 476
563118 816855 468
737066 855890 468
493542 905368 470
743343 811078 468
186197 639725 470
912343 914707 401
394349 548605 470
385434 980938 476
27273 981010 476
763946 893369 468
218131 853195 470
752147 870381 468
364700 769150 470
811721 956744 476
454335 889996 470
277471 423817 449
682391 712850 442
535311 592981 452
483545 629645 470
471090 928858 476
324412 761260 470
963287 971486 458
649469 821408 468
10447 945434 476
648446 693066 442
918073 919431 339
671772 877249 468
890229 898145 370
250721 825924 470
186507 813330 470
353135 508407 449
125905 647965 470
384452 710040 470
234620 671402 470
882276 971778 476
414280 960246 476
356739 654907 470
804222 968449 476
141229 463341 449
783054 921973 476
954942 956260 352
259401 522880 470
558731 753376 447
594821 716892 447
466100 475595 413
474186 590014 470
983564 984408 383
972896 983445 427
553834 739435 447
23644 598250 470
457384 518954 470
228985 327688 443
806008 849266 450
124191 678285 470
740359 880741 468
187376 258945 443
75229 838136 470
126852 683067 470
642387 818027 468
520707 622053 452
621327 795650 468
494748 591832 470
886091 899025 401
517865 991701 476
538611 769320 468
817746 920967 476
187403 449042 449
666194 909345 468
774960 850864 468
318862 666736 470
460020 852773 470
217329 975492 476
969556 987062 458
638678 818198 468
689389 835291 468
775348 994231 476
53215 770490 470
717899 985886 476
824020 978918 476
865128 906327 432
500293 601882 470
581119 984113 476
644828 682523 429
781961 991948 476
173476 499102 449
452562 660041 470
707297 781691 468
458186 523231 470
640582 701185 442
529871 757981 452
452267 821496 470
124514 581681 470
401610 684256 470
827186 933000 476
365279 833679 470
624752 741162 442
930704 948266 445
655921 844256 468
725375 881673 468
993144 995383 365
718872 752147 424
912356 945855 445
627606 702110 442
530929 655819 452
707252 845410 468
859170 891043 432
281455 386218 441
487229 854167 470
945033 976986 458
904581 961215 476
754585 904587 468
875564 975292 476
479012 767317 470
260462 333299 407
132288 547182 470
644000 757987 442
746637 787015 468
116149 246950 443
792475 823368 468
982786 989817 427
541251 810462 468
738680 944467 476
358329 694570 470
641223 830316 468
383786 783181 470
637950 914419 476
578446 831164 468
486338 782030 470
415520 915438 476
500723 604299 470
217890 909544 470
264429 501695 449
287064 757056 470
814966 844303 450
514334 700825 452
353082 744827 470
673160 879412 468
767457 872130 468
966763 979582 458
333015 603175 470
361657 655355 470
789415 811167 468
292409 668109 470
290540 939517 476
414045 926102 476
278483 856570 470
168531 295343 443
649113 946340 476
857510 877434 432
179936 435451 449
895517 999352 476
403009 851643 470
958359 990734 458
922915 977057 458
544798 805207 468
653361 742260 442
800742 978000 476
835665 871873 419
708123 821526 468
456449 835594 470
816021 816883 344
850415 895136 432
197349 570166 470
873321 961463 476
706438 990491 476
875382 882952 432
711424 981898 476
869197 937773 476
205665 242444 443
402376 866432 470
845061 963741 476
570859 608680 434
204892 639827 470
596806 654682 447
873749 874137 326
161003 343498 443
866025 881403 432
399240 724669 470
518564 787627 468
785115 837897 468
310201 896726 470
902331 914876 476
709106 852596 468
540785 771457 468
268332 956873 476
143783 934617 476
622755 757563 442
420715 983143 476
590800 630666 447
954281 958153 383
425037 855987 470
598451 892334 468
126314 819980 470
447116 800658 470
624949 885485 468
944354 988755 458
719504 889567 468
252608 491884 449
503074 836855 470
486978 644444 470
819742 873808 450
586655 624421 447
501071 943663 476
721305 866015 468
252940 476567 449
749353 943239 476
850745 879046 432
870442 900528 432
701194 762442 424
397824 624730 470
909297 929744 476
392480 889838 470
827363 840576 419
642240 665623 429
583319 707028 447
102399 721118 470
945401 967243 414
435567 491033 444
871092 975130 476
335620 729746 470
497170 752196 470
595618 795560 468
778658 891723 468
257025 838378 470
170591 779658 470
383135 851711 470
555917 940788 476
933979 993063 458
770863 901563 468
417520 458461 418
695043 830923 468
803924 965924 476
463581 773656 470
156747 159499 352
176224 753873 470
650365 935571 476
560112 981501 476
795435 809794 468
746454 953617 476
372144 659805 470
719372 856439 468
479706 714978 470
760772 983166 476
582496 979779 476
366764 792863 470
686040 724380 442
228114 374069 443
316777 577445 470
670821 994060 476
947934 958581 414
395998 567632 470
145017 602394 470
873848 943272 476
297772 508742 449
228482 669379 470
443083 741417 470
732433 857337 468
163294 651555 470
956775 983207 458
465924 702930 470
808184 905531 450
505253 622995 470
121917 464417 449
608808 999753 476
445453 493655 444
834386 844049 388
305957 426110 449
975263 990205 427
290195 594351 470
871499 959324 476
551887 614318 434
535180 912621 476
564626 906261 468
182524 734887 470
229580 369479 443
254835 362890 441
358770 605295 470
217836 729778 470
877206 881023 401
415984 795337 470
180531 267633 443
325980 796835 470
