91891 69102 351
67804 73095 325
66821 9613 340
15920 75197 340
73528 41018 340
61116 84991 351
71264 84842 351
95598 38146 351
24156 36671 324
15955 85832 351
40367 57241 340
9954 75605 340
81402 56649 351
14631 51633 324
95247 45571 351
9551 71775 340
44870 87139 351
91628 77354 338
47429 6568 324
42463 2426 324
87416 20957 351
677 3579 217
36601 53557 340
85105 96274 333
76983 60756 335
12874 1060 268
76664 12228 340
63753 22828 340
74460 52943 335
98514 78384 338
45036 64585 340
51724 8065 324
80295 84782 320
91349 38229 351
35531 27724 311
43558 28689 324
27144 22948 308
71381 44234 340
35385 63744 340
19378 56486 340
52423 12369 324
19473 32251 308
55078 23964 340
76907 83225 351
56486 24416 340
83877 70298 351
73239 1522 340
86303 35601 351
68706 48411 340
76135 72530 325
96095 4238 351
22062 14570 279
58803 23240 340
81860 88319 333
39683 94187 351
1433 1238 177
28366 92105 351
16069 20905 279
99007 78320 338
97612 87852 333
58150 50370 340
51892 81489 351
11967 26266 282
74677 33072 340
479 80673 351
79787 45689 351
60258 96574 351
19814 96725 351
79921 19061 351
8125 1674 262
97788 19604 351
6586 9558 260
25339 26154 246
4474 17532 276
5384 19223 279
69593 96963 351
78452 58411 351
79553 16362 351
44310 90419 351
65969 54230 335
99918 44789 351
36240 45756 314
37358 55053 340
74113 56053 335
52603 17279 340
31760 77115 351
81549 45268 351
71421 38345 340
55876 1765 340
20988 70772 340
67735 56137 335
9425 85457 351
1819 41064 324
31483 88977 351
43208 41005 288
85793 97451 333
38084 38003 244
93056 22033 351
72962 70318 325
87597 62046 351
39161 20443 324
65710 19357 340
52578 20710 340
17352 32009 308
97657 3332 351
59468 38339 340
23796 60269 340
1333 68892 340
57869 20491 340
61495 32816 340
25144 95953 351
33957 42166 324
59075 58105 273
28423 21890 308
83935 32038 351
47357 16020 324
30253 17974 308
33560 13067 308
39952 77708 351
81039 50911 351
84126 32486 351
92754 35384 351
4276 7922 262
23289 88964 351
16657 57021 340
47852 84784 351
26950 41800 324
99904 76685 351
98574 86024 333
12939 23205 279
34101 77386 351
95359 60295 351
68239 64354 312
36939 23797 324
74707 3068 340
35554 17978 311
53361 58834 322
61632 23185 340
12149 52513 324
4411 79798 351
64582 28805 340
65482 52262 340
28947 86408 351
67309 60263 335
83467 22398 351
99784 75125 351
30297 17569 308
76799 90020 351
13817 93412 351
96480 13738 351
26592 83401 351
37112 32034 324
55218 74829 335
27342 93620 351
73418 62244 330
91048 31752 351
78891 32877 351
14162 56530 340
11671 2715 268
25113 81471 351
51473 95137 351
7583 24897 282
9794 81769 351
75182 84381 351
92995 23611 351
1889 66539 340
98572 19587 351
94415 33877 351
27497 48667 324
10911 16634 276
43263 95792 351
28669 1960 308
53366 22154 340
24868 42831 324
19179 65036 340
55051 44857 340
69753 70651 312
47297 62633 340
41892 79547 351
98034 17356 351
83894 34887 351
49351 94799 351
23553 82466 351
26011 38643 324
50154 51049 278
41718 36921 306
33757 93416 351
10447 70387 340
8095 82000 351
41913 30191 324
75048 27273 340
92800 96963 328
54474 39678 340
14102 40097 324
57453 96365 351
31252 7013 308
96688 36224 351
18691 75479 340
14123 20241 279
66167 39578 340
71375 64276 325
52569 7885 340
73148 5133 340
82009 63015 351
88082 81242 333
3392 23922 282
15763 63130 340
97685 91068 333
26043 70236 340
66601 11787 340
13677 78372 351
14596 92729 351
68209 10365 340
30606 28163 272
67740 77208 351
36361 96772 351
99533 39116 351
39125 83806 351
46821 72682 340
48801 21134 324
39932 29780 324
87787 52193 351
38138 55694 340
20807 85472 351
92135 64180 351
42552 82284 351
75014 5812 340
16177 57148 340
85310 38100 351
10185 41659 324
33308 53051 340
87043 41422 351
25228 32841 308
5523 26168 282
47301 66925 340
96704 49201 351
96270 82109 333
32681 84491 351
69963 34408 340
98588 53487 351
30649 62099 340
62787 36017 340
93164 5663 351
38639 78963 351
15499 73352 340
26403 43700 324
85121 48806 351
81647 13446 351
34490 10349 311
77273 82046 338
31247 81790 351
58776 73977 335
53346 22394 340
56802 91456 351
39821 23309 324
80284 50267 351
86283 70469 351
71008 43072 340
16912 74325 340
47677 9647 324
53346 32411 340
81216 68956 351
77278 33344 351
43692 57740 340
34664 11768 311
88434 15842 351
84695 65910 351
83181 47210 351
38667 38041 244
56227 39983 340
90249 73364 351
43833 36511 306
74459 71409 294
45734 14841 324
19364 91371 351
18659 93410 351
57243 67586 335
930 94751 351
52492 34521 324
46288 39498 314
55339 87155 351
47942 29599 324
76809 40034 340
72952 31123 340
65982 10353 340
83716 29179 351
60566 51108 340
22518 22426 207
37266 35026 324
21274 63128 340
56539 51506 340
19092 34809 311
29560 13782 308
43180 20021 324
59518 76928 335
58960 89467 351
19067 9734 279
44644 1780 324
27779 90752 351
1105 17596 276
41651 93761 351
39746 79697 351
2123 2218 170
32120 62263 340
25392 34265 311
85770 48270 351
83078 76807 351
85465 4862 351
19759 7515 279
84443 28645 351
12990 74153 340
83886 38280 351
40059 26933 324
17685 23407 274
35880 62715 340
56476 13666 340
88239 72407 351
69501 96221 351
53362 85238 351
19503 1621 279
44767 73630 340
45314 150 324
99887 27845 351
35360 30779 311
54301 19646 340
88675 14680 351
52959 67290 335
89099 67438 351
90844 87895 333
50610 1661 324
10203 21601 279
94008 1963 351
93060 98441 328
78556 63509 351
60007 46422 340
14929 92935 351
93084 4774 351
27496 60242 340
91021 87848 333
2371 57732 340
72411 45322 340
7489 91045 351
58483 20247 340
8142 91464 351
88001 44204 351
65805 53628 335
55590 98203 351
91521 59813 351
18199 48651 324
89949 70077 351
57889 78205 351
77856 4879 351
65120 45850 340
33698 5352 308
63083 51018 340
91216 36068 351
27113 30371 272
45494 93581 351
85045 85595 289
29799 53636 340
2141 73046 340
66126 90480 351
45170 52608 340
1259 57647 340
22601 63369 340
36451 86084 351
90962 80489 333
26339 9184 282
14535 50960 324
1978 60036 340
90980 72494 351
97741 93194 328
81652 18093 351
98564 43236 351
91748 66698 351
34621 23241 311
13721 93888 351
46496 748 324
53271 58891 322
17137 42631 324
23593 75872 340
56361 53587 322
62771 14555 340
60391 77577 351
32490 72182 340
39554 57246 340
50440 23471 324
41563 32172 324
75407 32092 340
93666 35005 351
58245 67155 335
55921 23165 340
23912 66842 340
25733 97293 351
34802 77182 351
47931 37746 314
91333 58394 351
67825 99169 351
76746 48981 340
16040 28217 308
85462 9236 351
32706 50470 324
82642 30779 351
57747 69146 335
4151 58049 340
20082 46291 324
69455 57272 335
24114 70879 340
68172 88243 351
60302 44724 340
82469 2974 351
61367 8234 340
7403 68679 340
12537 29193 308
52286 79025 351
88260 28577 351
73923 37748 340
63403 15844 340
84989 56565 351
9492 21150 279
67440 84016 351
36165 29573 324
452 31772 308
20015 60278 340
5002 63500 340
66474 80317 351
83427 87471 333
51027 22718 324
51910 85706 351
64731 63564 299
92140 4196 351
36820 47868 314
63711 66063 299
17506 223 276
16250 43577 324
27593 26997 259
51446 83689 351
10339 63757 340
18913 46774 324
10274 30353 308
5547 18791 279
1139 71624 340
94342 83850 333
69556 52166 340
15730 46252 324
45325 29164 324
77032 2747 351
63686 82144 351
77244 40743 351
84320 81191 320
3065 93493 351
72059 6790 340
65424 54510 335
96160 82397 333
7628 84336 351
3127 6435 262
78058 8051 351
91901 99142 328
51308 72400 340
13530 56334 340
85498 67037 351
69783 58854 335
35875 62530 340
98149 28346 351
9538 13119 268
6612 77346 351
84136 7479 351
56866 78671 351
61068 44437 340
23650 53026 340
54337 68695 335
71623 21653 340
20795 32396 308
99672 63524 351
14735 72102 340
34016 8079 308
66932 95109 351
52516 98675 351
27022 2808 308
10803 50666 324
28012 31436 285
38914 17415 324
96085 7025 351
51461 95779 351
43683 52030 314
15603 69987 340
91640 98019 328
25292 87225 351
45626 12435 324
79414 24965 351
33043 55237 340
50347 13430 324
12106 94852 351
92536 2863 351
53528 39127 340
70562 3339 340
15630 76417 340
78318 4353 351
95009 6592 351
58622 29780 340
99766 38692 351
36711 69101 340
51203 86283 351
93595 56880 351
76721 96828 351
46942 73009 340
86438 9764 351
99492 97288 328
95028 93420 315
32547 86905 351
85121 43433 351
19850 97985 351
2339 751 183
7343 98168 351
22825 97347 351
36039 60841 340
24819 17468 282
3752 67626 340
24506 76021 340
67726 92223 351
65232 1227 340
5868 14668 276
6834 46547 324
39968 237 324
87142 1862 351
45294 72514 340
65377 72263 325
67890 60021 335
53066 67715 335
59939 70109 335
30950 75890 340
88234 90854 315
53357 50645 340
26666 86862 351
79085 72740 351
73966 89268 351
3937 44317 324
85741 74710 351
69824 5647 340
7508 25709 282
93099 51843 351
24106 47678 324
2576 58476 340
26191 86872 351
56982 55641 322
26408 81006 351
71860 82808 351
33454 9520 308
96381 25218 351
97957 54996 351
44265 70344 340
14661 66800 340
36388 43078 306
48724 95278 351
20987 6212 279
52931 51108 340
98785 14087 351
72562 77036 351
58785 96238 351
51879 93630 351
74636 15767 340
98575 73164 351
82683 41374 351
61468 26906 340
81901 73941 351
44285 54302 340
15979 26166 282
69243 53823 335
49101 52366 309
53454 17967 340
69074 70088 299
84174 6385 351
78297 62737 351
53852 51613 340
40120 37083 306
47726 608 324
73771 14757 340
51007 46301 314
68083 51331 340
25273 12475 282
61653 49985 340
76150 69557 325
23380 77631 351
24875 40271 324
58237 67358 335
37446 78328 351
79590 22189 351
79802 16497 351
68109 52764 335
84723 28531 351
29138 8230 308
17863 32450 308
73627 2910 340
49117 63746 340
71097 41711 340
91695 74389 351
38824 32750 324
5258 62722 340
2993 57080 340
24438 30132 308
3338 56107 340
73172 56760 335
73256 77804 351
30568 47851 324
76381 36243 340
39349 15292 324
42618 5519 324
3305 52088 324
15834 16245 253
57955 52422 340
21688 81807 351
9434 44527 324
2127 60511 340
12469 14691 276
44823 5119 324
56102 36906 340
88543 43037 351
20841 29274 308
77124 61799 351
92918 51408 351
61576 53505 335
53901 27144 340
79231 4194 351
15316 57205 340
4504 89941 351
71748 68147 325
12675 26192 282
81579 81181 258
90749 14801 351
14796 88924 351
20708 35572 311
78608 70898 351
172 9251 262
65926 94325 351
40610 72173 340
20555 58845 340
85988 2187 351
1257 74455 340
26538 60097 340
44915 16572 324
84719 31041 351
52109 16664 324
92721 92270 302
1948 28566 308
17490 83470 351
13919 16743 271
82517 38197 351
47447 87403 351
81728 82689 320
49739 13374 324
67095 17216 340
19402 70293 340
39626 53083 340
8057 15535 276
26984 66163 340
92080 52972 351
64512 6580 340
93726 44190 351
67632 52110 340
30458 95673 351
7293 85121 351
23319 44376 324
26657 89810 351
67376 65642 268
79015 3262 351
20477 17115 279
82284 40987 351
88947 34755 351
45167 21910 324
82949 97003 333
49975 72150 340
73606 75030 325
14097 9364 276
61474 67332 330
57882 76605 335
61726 91931 351
31184 65174 340
54984 79921 351
45564 52717 340
55979 22360 340
34351 19456 311
55320 71332 335
965 16636 276
33422 44267 324
41270 46131 314
13158 16372 276
86278 86122 302
90362 86763 333
54095 95251 351
71856 51836 340
38644 6854 324
72027 28459 340
8381 64705 340
17422 27012 308
44248 48821 314
63153 68277 330
34487 73476 340
90111 18473 351
57616 35451 340
81581 18410 351
34781 98886 351
79885 89615 333
76378 15936 340
6064 70247 340
16961 25350 282
32203 72796 340
1256 55604 340
15186 4230 276
26118 4513 282
48210 27485 324
95761 65243 351
38719 6240 324
24713 25125 264
60575 23707 340
42116 82328 351
76091 37033 340
26648 71774 340
87709 50853 351
21101 97902 351
23252 88650 351
61446 32938 340
83418 50331 351
49438 62701 340
62090 98604 351
26089 70432 340
35675 10300 324
16540 16727 235
41852 69270 340
92976 36129 351
13334 2427 276
34337 29970 311
1744 84302 351
35155 60984 340
58887 84329 351
72979 51132 340
84069 77015 351
22224 34426 311
92003 67488 351
60969 71661 335
42093 54094 340
64393 87057 351
98660 72645 351
36792 75809 340
11938 40512 324
37816 24646 324
54615 20149 340
4451 72152 340
28013 51235 324
35564 39605 324
90737 81776 333
53669 3421 340
37846 69683 340
37171 75892 340
42430 24726 324
78819 98139 333
80073 79399 307
46921 38090 314
8776 78734 351
14123 83713 351
8359 20714 279
35739 46815 314
13844 57850 340
9085 40189 324
74670 41857 340
18510 39525 324
42945 60284 340
29968 67055 340
37824 75667 340
394 62015 340
60155 80253 351
59653 74089 335
12179 35105 311
8716 6574 257
85163 15832 351
31422 22839 308
69653 93521 351
46248 67160 340
7349 78374 351
20231 55332 340
94857 76895 351
37180 33617 324
673 32679 308
8347 67147 340
29162 33373 285
13627 3617 276
77705 84193 338
14176 68156 340
74729 84761 351
593 22891 279
40606 54770 340
48291 32014 324
99173 5137 351
83510 94539 333
44748 1399 324
78293 98617 338
32234 34482 311
67161 10350 340
77496 27783 351
61156 70384 330
74000 1536 340
80605 69659 351
37815 51705 314
31343 94780 351
17672 7421 279
62190 31935 340
58825 53154 322
58290 5359 340
94774 57998 351
54273 41800 340
35294 39522 324
68881 27444 340
37793 62405 340
85064 36042 351
1303 15290 276
11702 41097 324
10756 75302 340
21884 92306 351
87087 43447 351
50868 53227 340
80038 99635 333
52789 13058 340
13293 38864 324
91738 5957 351
42633 8067 324
42466 46012 314
73455 77927 351
35209 11347 311
42265 11248 324
21414 20273 256
61370 43567 340
18869 33115 308
25422 72125 340
15573 40752 324
88855 7386 351
7021 61317 340
74374 68894 325
7758 54686 340
55519 82544 351
90610 99495 333
40384 98152 351
70956 33076 340
44422 13839 324
19964 6165 279
26437 86686 351
30253 41377 324
74492 82683 351
54809 43998 340
79627 94790 333
2176 65258 340
26575 68482 340
32253 9196 308
58758 95825 351
78369 40010 351
34383 9155 311
7307 63857 340
96932 69643 351
78359 73139 351
74180 36232 340
17795 98322 351
39699 95493 351
78177 42925 351
86922 9068 351
3858 27863 308
93120 66549 351
29909 6033 308
10105 14572 276
5274 62161 340
97048 68863 351
78017 83643 338
47500 31431 324
95950 80200 333
48216 39309 314
75540 74309 325
72631 17273 340
12766 93335 351
36260 12331 324
16275 85819 351
13682 18059 279
84608 20133 351
26165 1679 282
11127 14517 276
71554 36270 340
10 16401 276
94920 68602 351
33 72903 340
47980 37297 314
76605 90860 351
65169 91072 351
8345 47023 324
40358 37801 306
45008 21110 324
1807 71494 340
89552 61282 351
76291 15488 340
12044 69037 340
78430 2457 351
33603 23170 308
34447 49985 324
18587 28489 308
96268 29367 351
66663 13497 340
4357 44248 324
30197 38146 324
85168 69525 351
2203 38541 324
54527 25526 340
91896 42087 351
3370 56333 340
66698 81448 351
50486 74537 340
76993 78741 351
96787 28916 351
73777 5473 340
28838 31235 272
55478 92364 351
5861 25106 282
64230 17019 340
55164 10217 340
74618 94426 351
32967 40332 324
65857 76821 325
13785 82371 351
38704 57753 340
34078 12031 308
86568 279 351
73896 79440 351
3234 58438 340
63911 70684 312
96795 77010 351
69374 92748 351
12732 47150 324
64168 70111 312
80327 76961 351
71388 19332 340
59663 49823 340
21521 99231 351
81602 20397 351
73026 35305 340
47336 15184 324
15462 7105 276
81421 33904 351
92341 89358 333
54919 84654 351
61665 51129 340
43878 51714 314
98863 25916 351
96027 56609 351
28447 57909 340
77240 71231 351
21054 99834 351
99066 36904 351
57300 37451 340
72756 80668 351
95851 25204 351
32308 20092 308
48872 6191 324
95548 13729 351
93260 41213 351
92342 50467 351
97057 49802 351
75717 31097 340
82582 90797 333
48706 71744 340
37853 11029 324
5741 25947 282
57727 53783 322
91234 4807 351
80351 9904 351
35107 63990 340
78958 71080 351
72147 62291 330
70897 27830 340
63919 67695 312
13039 64157 340
13959 56261 340
82234 10096 351
893 89675 351
56297 64816 335
70722 44476 340
65299 89026 351
42809 76462 340
76145 23026 340
27806 28920 259
92909 51373 351
17330 62913 340
20081 66744 340
94573 89476 333
57171 90977 351
55134 58493 322
9631 70209 340
75181 63969 325
53645 86742 351
46435 70951 340
15427 4819 276
93844 17157 351
88495 80725 333
98627 31530 351
60450 64640 335
10891 26433 282
84222 48236 351
14981 28220 308
17697 99180 351
90157 4431 351
57800 69744 335
34831 40169 324
4138 62308 340
49050 10012 324
75839 52659 335
57477 95484 351
7519 91265 351
66867 46198 340
72605 96013 351
55531 60371 322
81681 27932 351
76167 66421 325
89517 65903 351
59960 86024 351
90455 7214 351
71835 50118 340
90286 43132 351
5440 6666 262
11554 94423 351
41960 49366 314
44851 87393 351
73535 94313 351
35389 52369 324
48382 40403 314
774 7994 262
35925 98789 351
65210 82454 351
43235 6969 324
92993 54728 351
56818 98071 351
48189 78325 351
21457 28653 308
30195 33352 285
22653 21774 269
71139 36626 340
24019 64612 340
58925 15990 340
63235 97553 351
32833 94313 351
97183 6495 351
5284 28484 308
5815 27985 308
34954 65371 340
20099 43926 324
41998 27947 324
1149 71793 340
95323 90186 333
23539 22605 282
44378 25518 324
62143 46191 340
5680 15518 276
26384 81038 351
73469 64604 325
53795 89619 351
96113 6302 351
34785 50978 324
73840 1397 340
66767 35477 340
79402 8794 351
31617 81742 351
53536 21400 340
6464 32765 308
50246 48859 296
69253 30002 340
71069 89501 351
5019 26274 282
2189 71625 340
36229 31402 324
15898 75657 340
76836 84900 351
30756 12011 308
8285 11621 268
41974 4596 324
13389 69928 340
51671 21377 324
37653 39882 275
67523 84 340
43819 44116 270
68994 17769 340
7270 13072 268
34222 34940 311
6565 7165 257
33444 36411 324
12068 37671 324
22571 49341 324
56229 88903 351
95401 53326 351
52798 64513 335
34441 37375 324
53628 61063 335
945 80988 351
81071 91281 333
35397 68467 340
81113 24890 351
32839 4392 308
34208 83259 351
85301 67060 351
98347 40773 351
78443 18745 351
62962 10416 340
94195 95890 328
49217 14068 324
78580 84473 338
16726 2015 276
63078 7899 340
88886 70353 351
56511 58899 304
22244 64835 340
89724 86785 333
86053 98233 333
81492 22563 351
84500 20261 351
61033 66793 330
80414 82847 320
88139 34353 351
30244 38254 324
52321 77212 351
61685 74337 330
76351 25779 340
33677 73287 340
43641 34306 324
88082 17440 351
82274 95028 333
81813 10326 351
8559 66876 340
89438 67866 351
83004 84927 320
46598 68815 340
46540 44037 314
78390 21889 351
60142 34679 340
11891 3511 268
77847 7341 351
33119 68453 340
41740 49075 314
78258 66795 351
79111 80257 320
75286 66340 325
71542 61386 330
28262 51976 324
14720 80100 351
59904 12577 340
76269 97723 351
41760 6502 324
23268 22809 238
52364 15027 324
13414 83409 351
85626 59132 351
27585 91260 351
40336 18745 324
80416 64201 351
39336 13471 324
79810 59528 351
15791 9499 276
61474 51352 340
26329 38929 324
46382 71070 340
68793 86232 351
87611 22651 351
45459 5431 324
15334 10879 276
89164 92700 333
51832 28748 324
20008 74791 340
88412 74293 351
33371 55220 340
68690 68829 237
28357 72706 340
82204 43377 351
94728 39024 351
77952 38556 351
9626 21057 279
2167 24334 282
46985 78419 351
83849 84654 320
90409 87320 333
80020 94059 333
22807 79573 351
49241 26729 324
95898 37692 351
87788 37654 351
6483 29270 308
1976 56479 340
94732 29716 351
68739 79057 351
17613 89461 351
5395 46691 324
65901 27238 340
534 2438 183
87091 12886 351
95083 79259 333
73319 77500 351
51951 69980 340
96709 96125 297
33817 96068 351
28599 92607 351
