874978 978888 476
70823 594612 470
693538 947271 525
41020 909747 525
558310 468848 470
340804 359306 441
300784 334404 384
548156 633840 447
520580 515031 439
509130 319454 449
697320 764107 424
352620 795286 470
745532 723828 424
106757 762527 470
994039 114374 525
445304 548106 470
483263 652559 470
582476 786968 468
18321 257967 443
278044 886886 525
528986 905831 525
396541 866492 525
776933 515555 468
206403 931183 525
626134 354268 470
954583 815481 525
68174 960865 525
950672 710615 525
838182 375082 525
713413 713625 380
92055 92165 284
998754 998856 259
476137 476144 232
461736 461833 307
553438 553734 346
433375 433652 343
691061 691165 199
597904 598109 266
900885 901109 277
384630 384782 330
146577 146579 202
146977 147086 189
482574 482770 276
924480 924642 308
144641 144874 264
35763 35930 249
674344 674524 248
916869 917026 264
843135 843271 269
522453 522675 333
49288 49450 265
885270 885457 370
197693 197717 148
120335 120449 318
637119 637276 310
980422 980433 184
178730 178834 241
883557 883831 295
187151 187247 223
389870 389967 361
519025 519222 258
518901 519101 439
249159 249443 257
80656 80888 276
735049 735314 256
947053 947064 215
499974 500171 320
608572 608796 266
659334 659628 217
987181 987247 290
577850 578127 235
379312 379350 242
350481 350567 242
426307 426427 281
23854 24026 251
774754 774866 207
619545 619773 204
54541 54665 247
483722 483815 227
423257 423389 250
418921 418994 237
258380 258544 301
60111 60335 317
249580 249750 332
391402 391424 299
67214 67338 237
195056 195722 360
382339 382365 149
384329 384824 330
372441 372662 224
182285 183225 334
222514 223122 324
239494 239710 306
358823 359270 242
233378 233473 275
141556 142138 326
213893 214404 324
367026 367098 242
45377 45709 239
342726 342726 53
337731 337949 247
61953 62021 317
285313 286027 296
308101 308220 353
482899 483228 258
423607 423624 219
252003 252163 257
278573 278717 283
417130 417242 299
324224 324340 322
27698 27738 153
155190 155271 202
321630 321640 123
477472 477944 307
209489 209986 280
456531 456573 232
274581 275041 314
422178 422259 250
188985 189211 254
356433 357085 317
53121 53669 322
433411 433593 232
81704 81872 258
287570 288301 327
132849 133127 331
298401 298568 234
418206 418423 281
26156 26651 308
189034 189659 316
51883 52173 278
52105 52207 203
490474 490535 276
365341 365463 317
119022 119089 181
485161 485181 214
294278 295177 358
300185 300399 234
164577 164588 290
66038 66335 268
253769 254379 301
53736 53838 247
83510 83764 289
463686 463862 276
440552 440740 294
321984 322035 247
158374 158585 321
184787 185451 329
148227 148789 326
328983 329137 335
154367 154463 277
188706 188711 161
423396 423468 250
329441 329475 185
495605 495742 320
244198 244624 257
425273 425377 325
479678 480221 351
338923 339081 291
310412 310603 278
449399 449492 369
349779 349972 366
362532 362607 211
353784 354070 273
197076 197882 267
110979 111186 261
76530 76575 201
15349 15597 240
459081 459110 214
32158 32255 192
420162 420536 343
292979 293011 159
248458 249247 350
232703 233165 306
426314 426861 356
395473 395569 268
82826 83049 289
220219 220219 200
254201 254440 288
99299 99329 160
484502 484504 170
339004 339301 260
330081 330413 291
316629 316629 128
358165 358261 304
165238 165502 321
112427 112580 305
477173 477192 258
149027 149063 158
428473 428590 281
469248 469253 157
84440 84456 227
152944 153545 308
382572 382587 237
350423 350452 167
132699 133330 331
439488 439781 312
5122 5149 148
63688 63726 255
101810 101955 235
82024 82052 183
195597 195697 223
270901 271180 283
427079 427106 219
315627 315662 247
254841 254913 363
346648 347095 304
217313 217944 249
186424 187079 347
167772 167807 215
476916 477149 307
292876 292898 203
101098 101148 235
189521 189678 254
358051 358252 379
271295 272136 270
288962 289046 234
292363 292393 177
291394 291824 296
383137 383280 299
418411 418880 343
341997 342437 335
70205 70308 250
485005 485083 276
380435 381006 299
30336 30350 210
257954 257958 195
215710 215761 187
209130 209541 311
156486 156957 308
321390 322071 278
204108 204467 311
297986 298172 265
164947 165299 290
239894 239980 275
150109 150599 339
458282 458359 232
319875 319981 278
278011 278048 164
254016 254384 288
411919 412565 312
292462 292748 340
428053 428099 281
476282 476349 245
402841 403352 255
92096 92337 284
141923 141964 251
49452 50163 296
494759 495393 351
339277 339385 260
434196 434601 338
74 3659 217
3931 1273 238
2545 879 209
2924 2710 217
4441 3166 238
4493 3043 238
2988 2504 217
2328 1730 183
3841 2613 238
4304 3170 238
2710 2158 209
4561 934 238
3100 279 217
1817 336 182
4098 2827 238
3513 4268 238
3811 2634 238
980 4150 238
1580 3822 238
1968 673 182
1394 4337 238
486 1746 182
229 4092 238
195 1358 182
2 1154 179
1709 2945 217
669 1491 182
3125 2197 217
4531 904 238
2723 4667 238
3550 3025 199
2802 1854 209
978 2409 183
3229 4934 238
299 3982 238
3636 3014 199
3866 4815 215
4064 4537 215
4426 1670 238
4116 95 238
630 1502 182
1518 4196 238
106 405 144
4452 4299 215
2189 1124 182
4506 1883 238
1753 1567 180
1717 338 182
4439 3145 238
1502 4898 238
3872 829 238
1138 4359 238
3178 2398 217
2295 2905 209
1610 1232 177
4746 4176 215
3636 1299 217
3143 400 217
2969 413 217
261 3558 217
1595 3009 217
1396 969 182
4114 4531 215
1007 963 143
2943 366 217
2083 4853 238
768 3822 238
696 4713 238
3672 4902 238
3591 4832 238
4739 3058 238
1617 4791 238
641 680 145
2336 2007 183
2973 1099 217
4096 320 238
3455 224 217
2290 1761 183
3906 1127 238
1124 4507 238
814 1771 182
239 4095 238
1221 2845 209
2367 535 183
227 395 144
1364 3739 238
2845 4591 238
1551 160 182
3624 4948 238
2386 2218 183
273 540 144
4248 2386 238
3497 4886 238
624 2421 183
3145 1969 217
736 4916 238
1626 3535 217
1043 1012 156
4680 4153 215
245 2296 183
3819 397 238
2693 1816 209
2992 34 217
2670 4398 238
4554 548 238
826 1211 182
4663 212 238
3809 3378 238
2762 626 209
2336 1869 183
2996 2777 217
2768 2440 209
4875 4332 215
557 1302 182
3873 561 238
95 3985 238
3756 4790 215
1408 3016 217
194 2770 209
681 3456 217
1856 2507 209
964 3503 217
1677 3109 217
3250 2332 217
2845 2639 173
809 4998 238
3652 4850 238
204 732 171
1532 3015 217
420 1776 182
2010 181 182
2930 224 217
4055 3261 238
1738 1546 180
2318 2526 209
4201 4257 202
1565 598 182
1649 2705 209
551 151 144
1977 1413 180
3555 2798 217
2505 3382 217
4749 2066 238
4379 2700 238
3210 130 217
3554 484 217
448 4608 238
774 323 171
4306 177 238
54 2225 183
4631 367 238
401 445 134
371 286 144
3017 3899 238
3156 1134 217
558 1577 182
3179 3267 168
2358 1712 183
2879 615 209
4820 738 238
3134 592 217
3721 3763 176
1634 1198 177
1032 3589 217
590 4874 238
3878 2305 238
4359 1201 238
2255 3961 238
4916 3948 215
481 2731 209
4956 4547 210
2108 1239 180
1 4927 238
36 4858 238
1114 115 179
4594 1361 238
3355 3419 181
358 2586 209
3730 1016 238
1564 1103 182
918 1644 182
4420 2968 238
2748 270 209
396 3304 217
4474 4104 215
1749 4386 238
659 3460 217
407 3931 238
4825 133 238
974 4604 238
1898 2921 217
3951 232 238
3481 204 217
3901 4521 215
2534 1259 209
2004 3677 217
951 3935 238
3781 4880 215
1833 2575 209
3550 4543 238
1250 2772 209
1311 880 182
984 4971 238
2041 2724 209
3651 2972 199
3230 319 217
2747 300 209
2231 622 183
777 125 171
3245 1959 217
2697 1772 209
4065 1561 238
1599 3752 238
4941 4504 210
4552 2802 238
2206 81 182
419 4275 238
4650 414 238
3321 4026 238
2013 1784 175
4789 4118 215
4009 1551 238
325 4196 238
1258 4512 238
691 3667 217
2411 594 183
554 4566 238
961 3743 238
1404 4353 238
2308 1142 183
4911 3201 238
2800 3128 217
172 2788 209
4415 1626 238
1642 4518 238
349 1843 182
4316 975 238
1446 1374 172
2221 4912 238
4240 55 238
798465 666409 468
567543 803711 468
776504 270405 470
761868 242623 470
807000 999213 525
907979 497417 525
702817 423010 470
479022 338155 449
660909 127665 470
751652 623362 442
662414 927291 525
617266 353980 470
820522 102547 470
900813 234916 525
516045 991950 525
345418 314511 384
172565 427165 449
118222 949068 525
697569 394294 470
705895 504570 470
393507 613874 470
1987 96325 351
551088 995212 525
948683 211997 525
637082 700336 442
349564 299496 441
141832 481034 449
653475 962354 525
97785 68494 351
711474 613830 447
574648 571096 372
928340 261417 525
998261 560766 525
724689 210035 470
955060 430584 525
228809 348567 443
558662 745000 447
959095 109751 525
740212 907779 525
835951 891498 525
122320 699719 470
705199 778355 468
180753 872878 525
254914 278538 416
455576 966387 525
406572 30225 443
51689 334912 443
805845 49950 470
409882 530535 470
259984 364942 441
961118 488793 525
227714 519781 470
747997 701013 424
143736 2414 375
122997 493891 449
893912 245316 525
193611 599111 470
537876 888567 525
471989 792789 470
167105 441770 449
759177 87881 470
471994 325070 449
936996 277839 525
375019 346879 419
322578 149207 443
711820 283697 470
152204 453738 449
317682 900200 525
154752 975621 525
902614 277748 525
469512 796526 470
37269 663122 470
909841 575144 525
65895 896034 525
367933 232999 441
337804 641314 470
320880 324002 353
966383 257876 525
116046 855606 525
118959 438623 449
4814 344984 443
236524 671221 470
798721 68410 470
571422 467677 470
44031 988240 525
259630 513543 470
298971 296898 371
690869 208812 470
386246 756763 470
619050 268383 470
503967 471059 426
909697 339051 525
309265 390285 441
111131 939514 525
760096 230090 470
378138 279114 441
575073 128866 470
950334 887998 476
197276 35961 383
355676 755510 470
24201 615305 470
269053 323171 416
426407 474127 444
46187 812652 470
230890 179442 443
81035 249061 443
650500 504936 470
588111 473969 470
409426 213447 443
413484 169522 449
443536 305826 449
962839 532813 525
434691 913173 525
420811 146171 449
949134 290691 525
901681 487539 525
905995 684938 525
810710 846606 525
159065 371101 443
659258 389955 470
550542 254498 470
153220 715246 470
273638 741331 470
189216 683063 470
954777 116904 525
366789 912517 525
422729 329628 449
445330 857419 525
757006 380345 470
517795 220345 470
671036 419476 470
707883 91236 470
104414 32798 351
452047 263479 449
403899 625509 470
167638 468645 449
880006 320857 525
698096 667849 442
576392 401516 470
865116 45374 525
518419 231906 470
957890 941147 414
75738 917424 525
312771 346948 441
811974 830565 450
567292 997214 525
764245 789380 468
602654 868659 525
822177 54701 470
646342 740280 442
680210 813979 468
208926 74421 383
649040 907021 525
742269 739637 393
308537 607386 470
785010 341160 470
353496 257106 441
282307 943437 525
688734 109282 470
290386 500708 449
939847 371882 525
497922 218297 449
161262 614781 470
86956 983439 525
669481 247502 470
723719 349691 470
575685 446849 470
424112 224726 449
868074 680585 525
964362 690815 525
802175 263577 470
31975 155671 375
520682 828485 468
613313 723621 447
937767 903698 476
224329 391819 443
789784 236456 470
610115 951046 525
851236 211276 525
448690 520717 470
458777 686613 470
384613 34463 443
133463 322929 443
773392 1537 470
517718 251959 470
692352 319894 470
515535 238531 470
475564 550422 470
67017 88877 351
274043 4784 443
506779 12576 449
910806 296564 525
249031 520921 470
761814 614471 447
246401 210504 443
649393 705178 442
897116 34006 525
253845 544783 470
871138 27237 525
60525 388856 443
279195 267081 416
708749 308934 470
505611 698518 470
859355 572627 525
301599 133398 443
91615 808378 470
145974 2421 375
619146 909208 525
37547 895164 525
523680 283947 470
105668 173073 383
503329 516988 470
721282 757173 424
61772 592420 470
298614 636500 470
495480 577808 470
903580 204230 525
886742 409191 525
416952 260302 449
496023 718550 470
393700 587637 470
41133 53878 340
104263 660278 470
963085 656013 525
555442 970 470
454164 175314 449
174042 957493 525
692302 409528 470
228871 268278 443
1948 527485 470
904777 497428 525
619497 808357 468
215862 506239 449
731752 632813 442
766541 227775 470
351363 674445 470
329617 392496 441
728322 948083 525
566978 205612 470
604096 636625 447
206582 58260 383
326143 894827 525
529957 532649 346
304356 758828 470
800926 820507 450
800517 219908 470
832139 420014 470
542469 562205 452
440458 788426 470
195018 721203 470
16201 60586 340
909852 860021 432
967285 152379 525
808104 48468 470
357990 926404 525
199297 78776 383
498869 525440 470
487808 28826 449
58089 792163 470
301858 373220 441
126875 102375 354
107332 473219 449
36594 649801 470
35424 991255 525
438227 230442 449
712458 968631 525
805231 622310 468
828653 772516 468
774688 150962 470
335188 646882 470
591571 534485 452
725658 90440 470
59925 213466 383
633469 632217 354
519833 935327 525
5437 160912 383
551906 112769 470
16598 42842 324
64374 27744 340
17029 66874 340
4212 72981 340
91798 49249 351
34181 25291 308
79648 1760 351
44876 73799 340
12316 30011 308
13608 58760 340
71114 83262 351
47735 84688 351
57271 25338 340
58010 44519 340
87789 41119 351
69136 21277 340
77235 17562 351
20273 81282 351
10594 63014 340
16511 34247 311
62085 97030 351
85063 11412 351
41908 24083 324
78252 56080 351
92857 43331 351
58436 59640 273
55383 87258 351
33191 23896 308
82893 5385 351
37676 75425 340
45055 2187 324
16716 22982 279
14943 48543 324
14458 41358 324
61414 40420 340
59133 14336 340
9180 46292 324
64385 33490 340
33983 5589 308
34478 74333 340
1887 90899 351
25715 56713 340
49918 40774 314
11349 95166 351
37078 68635 340
98245 61657 351
62237 50618 340
10759 64472 340
59738 45189 340
63882 18144 340
63562 59945 335
41760 42708 288
80610 97815 333
393 40699 324
95699 48571 351
60884 63882 335
52288 16904 324
32690 20108 308
48052 41767 314
8107 28253 308
77778 67997 351
73170 93156 351
33855 74810 340
1759 16563 276
86585 18702 351
8158 48693 324
62216 53729 335
30843 96119 351
7398 94428 351
46007 51284 314
38433 41824 306
86723 62530 351
18691 47835 324
43974 76023 340
14078 76724 340
56513 99422 351
77179 50723 351
10774 50520 324
1574 35321 311
32727 59940 340
41108 48128 314
53642 11871 340
94940 89046 333
24900 37740 324
64331 59093 335
4701 66427 340
68893 85518 351
54218 20332 340
28534 82188 351
46727 42101 314
36691 69512 340
58046 1726 340
22475 25062 282
17822 63733 340
12290 16244 276
31064 52133 324
33203 43829 324
69028 98864 351
25001 26829 308
60690 83063 351
99175 55121 351
66106 54248 335
33205 38406 324
92949 60278 351
7051 42452 324
20163 71966 340
94895 13012 351
8907 43955 324
29062 34881 311
93179 91338 333
15459 94516 351
96014 82637 333
15375 33607 308
339 54243 340
71563 35315 340
23839 13971 282
56184 9744 340
58517 84001 351
67462 57969 335
77939 76877 351
8814 17893 279
6319 39100 324
349 28411 308
88181 60166 351
10367 88125 351
66125 35054 340
8407 27706 308
7675 64771 340
54756 72619 335
5293 46628 324
96585 20030 351
99904 4018 351
63547 79324 351
77321 88173 338
62093 16929 340
48488 833 324
85268 97322 333
53302 76891 335
46664 69213 340
23102 95226 351
13222 59593 340
8470 92859 351
74925 5638 340
60626 55553 322
47303 87418 351
47825 93198 351
83029 9684 351
79845 2835 351
62379 91679 351
68268 24717 340
43713 25177 324
9944 12038 268
74753 83990 351
48354 74423 340
79672 18627 351
66784 1516 340
4923 16424 276
10304 9338 242
75412 54461 335
67418 39773 340
57684 9798 340
94912 8279 351
13325 84247 351
28770 79782 351
11071 61168 340
40173 78441 351
67568 46872 340
82231 83039 320
4692 15913 276
76808 10931 340
61440 16921 340
72433 21342 340
21268 12256 279
69084 97205 351
1078 85599 351
17289 80842 351
38796 83672 351
84621 11284 351
81807 78859 320
32870 90119 351
20689 31408 308
75251 26260 340
43813 69909 340
47771 98931 351
80790 86856 320
74275 27204 340
3151 71867 340
366 94430 351
98163 16090 351
22055 42212 324
95325 58565 351
65471 56271 335
23016 55481 340
58046 32489 340
68804 25419 340
52700 4101 340
29451 30038 272
36283 40754 306
53916 83163 351
93352 72686 351
43390 24086 324
73213 39030 340
10964 82245 351
35193 37905 324
84203 80859 320
16567 23749 282
49738 69383 340
81349 14374 351
55107 52424 340
63312 97379 351
64599 8494 340
25198 46819 324
9707 82672 351
585 44930 324
7646 83743 351
87148 84276 333
31249 55515 340
37220 82338 351
4254 80636 351
35444 82339 351
64177 68710 312
91040 63568 351
40958 92317 351
55858 58246 322
54351 78479 351
78761 66666 351
43134 33216 324
2992 4817 238
1 999999 525
999999 1 525
999999 999999 259
999999 999999 259
1 1 1
